2024-06-23 12:15:42,333 - no_poweroff_100_general_2_results - INFO - *******************STATIC_TRACE*******************
2024-06-23 12:15:42,333 - no_poweroff_100_general_2_results - INFO - Find_averageSyn: 13224.78
2024-06-23 12:15:42,333 - no_poweroff_100_general_2_results - INFO - Find_averageDis: 0.0
2024-06-23 12:15:42,333 - no_poweroff_100_general_2_results - INFO - Find_averageCollisionNum: 0.0
2024-06-23 12:15:42,334 - no_poweroff_100_general_2_results - INFO - Find_sumCollisionNum: 0
2024-06-23 12:15:42,334 - no_poweroff_100_general_2_results - INFO - FlyncFind_averageSyn: 4084.6
2024-06-23 12:15:42,334 - no_poweroff_100_general_2_results - INFO - FlyncFind_averageDis: 0.0
2024-06-23 12:15:42,334 - no_poweroff_100_general_2_results - INFO - FlyncFind_averageCollisionNum: 0.0
2024-06-23 12:15:42,334 - no_poweroff_100_general_2_results - INFO - FlyncFind_sumCollisionNum: 0
2024-06-23 12:15:42,334 - no_poweroff_100_general_2_results - INFO - Pulsar_averageSyn: 40075.82
2024-06-23 12:15:42,334 - no_poweroff_100_general_2_results - INFO - Pulsar_averageDis: 444.0
2024-06-23 12:15:42,334 - no_poweroff_100_general_2_results - INFO - Pulsar_averageCollisionNum: 0.0
2024-06-23 12:15:42,334 - no_poweroff_100_general_2_results - INFO - Pulsar_sumCollisionNum: 0
2024-06-23 12:15:42,335 - no_poweroff_100_general_2_results - INFO - Free_beacon_averageSyn: 3391.8
2024-06-23 12:15:42,335 - no_poweroff_100_general_2_results - INFO - Free_beacon_averageDis: 1112.5
2024-06-23 12:15:42,335 - no_poweroff_100_general_2_results - INFO - Free_beacon_averageCollisionNum: 0.0
2024-06-23 12:15:42,335 - no_poweroff_100_general_2_results - INFO - Free_beacon_sumCollisionNum: 0
2024-06-23 12:15:42,335 - no_poweroff_100_general_2_results - INFO - Find_averageEnhancedSyn: 3.8990447549973464
2024-06-23 12:15:42,335 - no_poweroff_100_general_2_results - INFO - Find_averageEnhancedDis: 0.0
2024-06-23 12:15:42,335 - no_poweroff_100_general_2_results - INFO - Find_averageEnhancedCollisionNum: 0.0
2024-06-23 12:15:42,335 - no_poweroff_100_general_2_results - INFO - FlyncFind_averageEnhancedSyn: 1.2042573264933072
2024-06-23 12:15:42,335 - no_poweroff_100_general_2_results - INFO - FlyncFind_averageEnhancedDis: 0.0
2024-06-23 12:15:42,336 - no_poweroff_100_general_2_results - INFO - FlyncFind_averageEnhancedCollisionNum: 0.0
2024-06-23 12:15:42,336 - no_poweroff_100_general_2_results - INFO - Pulsar_averageEnhancedSyn: 11.8155020932838
2024-06-23 12:15:42,336 - no_poweroff_100_general_2_results - INFO - Pulsar_averageEnhancedDis: 0.3991011235955056
2024-06-23 12:15:42,336 - no_poweroff_100_general_2_results - INFO - Pulsar_averageEnhancedCollisionNum: 0.0
2024-06-23 12:15:51,792 - no_poweroff_100_general_2_results - INFO - *******************COMPLEX_TRACE*******************
2024-06-23 12:15:51,792 - no_poweroff_100_general_2_results - INFO - Find_averageSyn: 112231.42
2024-06-23 12:15:51,792 - no_poweroff_100_general_2_results - INFO - Find_averageDis: 0.0
2024-06-23 12:15:51,792 - no_poweroff_100_general_2_results - INFO - Find_averageCollisionNum: 0.0
2024-06-23 12:15:51,792 - no_poweroff_100_general_2_results - INFO - Find_sumCollisionNum: 0
2024-06-23 12:15:51,793 - no_poweroff_100_general_2_results - INFO - FlyncFind_averageSyn: 8490.2
2024-06-23 12:15:51,793 - no_poweroff_100_general_2_results - INFO - FlyncFind_averageDis: 0.0
2024-06-23 12:15:51,793 - no_poweroff_100_general_2_results - INFO - FlyncFind_averageCollisionNum: 0.0
2024-06-23 12:15:51,793 - no_poweroff_100_general_2_results - INFO - FlyncFind_sumCollisionNum: 0
2024-06-23 12:15:51,793 - no_poweroff_100_general_2_results - INFO - Pulsar_averageSyn: 37022.5
2024-06-23 12:15:51,793 - no_poweroff_100_general_2_results - INFO - Pulsar_averageDis: 2401.5
2024-06-23 12:15:51,793 - no_poweroff_100_general_2_results - INFO - Pulsar_averageCollisionNum: 0.0
2024-06-23 12:15:51,793 - no_poweroff_100_general_2_results - INFO - Pulsar_sumCollisionNum: 0
2024-06-23 12:15:51,793 - no_poweroff_100_general_2_results - INFO - Free_beacon_averageSyn: 4098.2
2024-06-23 12:15:51,793 - no_poweroff_100_general_2_results - INFO - Free_beacon_averageDis: 2836.0
2024-06-23 12:15:51,793 - no_poweroff_100_general_2_results - INFO - Free_beacon_averageCollisionNum: 0.0
2024-06-23 12:15:51,794 - no_poweroff_100_general_2_results - INFO - Free_beacon_sumCollisionNum: 0
2024-06-23 12:15:51,794 - no_poweroff_100_general_2_results - INFO - Find_averageEnhancedSyn: 27.385539993167733
2024-06-23 12:15:51,794 - no_poweroff_100_general_2_results - INFO - Find_averageEnhancedDis: 0.0
2024-06-23 12:15:51,794 - no_poweroff_100_general_2_results - INFO - Find_averageEnhancedCollisionNum: 0.0
2024-06-23 12:15:51,794 - no_poweroff_100_general_2_results - INFO - FlyncFind_averageEnhancedSyn: 2.071690010248402
2024-06-23 12:15:51,794 - no_poweroff_100_general_2_results - INFO - FlyncFind_averageEnhancedDis: 0.0
2024-06-23 12:15:51,794 - no_poweroff_100_general_2_results - INFO - FlyncFind_averageEnhancedCollisionNum: 0.0
2024-06-23 12:15:51,795 - no_poweroff_100_general_2_results - INFO - Pulsar_averageEnhancedSyn: 9.033844126689766
2024-06-23 12:15:51,795 - no_poweroff_100_general_2_results - INFO - Pulsar_averageEnhancedDis: 0.8467912552891397
2024-06-23 12:15:51,795 - no_poweroff_100_general_2_results - INFO - Pulsar_averageEnhancedCollisionNum: 0.0
2024-06-23 12:15:54,172 - no_poweroff_100_general_2_results - INFO - *******************STAIRS_TRACE*******************
2024-06-23 12:15:54,172 - no_poweroff_100_general_2_results - INFO - Find_averageSyn: 4242.78
2024-06-23 12:15:54,172 - no_poweroff_100_general_2_results - INFO - Find_averageDis: 0.0
2024-06-23 12:15:54,173 - no_poweroff_100_general_2_results - INFO - Find_averageCollisionNum: 0.0
2024-06-23 12:15:54,173 - no_poweroff_100_general_2_results - INFO - Find_sumCollisionNum: 0
2024-06-23 12:15:54,173 - no_poweroff_100_general_2_results - INFO - FlyncFind_averageSyn: 1321.18
2024-06-23 12:15:54,173 - no_poweroff_100_general_2_results - INFO - FlyncFind_averageDis: 0.0
2024-06-23 12:15:54,173 - no_poweroff_100_general_2_results - INFO - FlyncFind_averageCollisionNum: 0.0
2024-06-23 12:15:54,173 - no_poweroff_100_general_2_results - INFO - FlyncFind_sumCollisionNum: 0
2024-06-23 12:15:54,173 - no_poweroff_100_general_2_results - INFO - Pulsar_averageSyn: 3850.7
2024-06-23 12:15:54,173 - no_poweroff_100_general_2_results - INFO - Pulsar_averageDis: 268.5
2024-06-23 12:15:54,173 - no_poweroff_100_general_2_results - INFO - Pulsar_averageCollisionNum: 0.0
2024-06-23 12:15:54,173 - no_poweroff_100_general_2_results - INFO - Pulsar_sumCollisionNum: 0
2024-06-23 12:15:54,173 - no_poweroff_100_general_2_results - INFO - Free_beacon_averageSyn: 906.4
2024-06-23 12:15:54,173 - no_poweroff_100_general_2_results - INFO - Free_beacon_averageDis: 435.5
2024-06-23 12:15:54,174 - no_poweroff_100_general_2_results - INFO - Free_beacon_averageCollisionNum: 0.0
2024-06-23 12:15:54,174 - no_poweroff_100_general_2_results - INFO - Free_beacon_sumCollisionNum: 0
2024-06-23 12:15:54,174 - no_poweroff_100_general_2_results - INFO - Find_averageEnhancedSyn: 4.680913503971756
2024-06-23 12:15:54,174 - no_poweroff_100_general_2_results - INFO - Find_averageEnhancedDis: 0.0
2024-06-23 12:15:54,174 - no_poweroff_100_general_2_results - INFO - Find_averageEnhancedCollisionNum: 0.0
2024-06-23 12:15:54,174 - no_poweroff_100_general_2_results - INFO - FlyncFind_averageEnhancedSyn: 1.4576125330979701
2024-06-23 12:15:54,174 - no_poweroff_100_general_2_results - INFO - FlyncFind_averageEnhancedDis: 0.0
2024-06-23 12:15:54,174 - no_poweroff_100_general_2_results - INFO - FlyncFind_averageEnhancedCollisionNum: 0.0
2024-06-23 12:15:54,175 - no_poweroff_100_general_2_results - INFO - Pulsar_averageEnhancedSyn: 4.248345101500441
2024-06-23 12:15:54,175 - no_poweroff_100_general_2_results - INFO - Pulsar_averageEnhancedDis: 0.616532721010333
2024-06-23 12:15:54,175 - no_poweroff_100_general_2_results - INFO - Pulsar_averageEnhancedCollisionNum: 0.0
2024-06-23 12:17:01,278 - no_poweroff_100_general_2_results - INFO - *******************CARS_TRACE*******************
2024-06-23 12:17:01,278 - no_poweroff_100_general_2_results - INFO - Find_averageSyn: 17861714.82
2024-06-23 12:17:01,279 - no_poweroff_100_general_2_results - INFO - Find_averageDis: 0.0
2024-06-23 12:17:01,279 - no_poweroff_100_general_2_results - INFO - Find_averageCollisionNum: 0.0
2024-06-23 12:17:01,279 - no_poweroff_100_general_2_results - INFO - Find_sumCollisionNum: 0
2024-06-23 12:17:01,279 - no_poweroff_100_general_2_results - INFO - FlyncFind_averageSyn: 1423098.4
2024-06-23 12:17:01,279 - no_poweroff_100_general_2_results - INFO - FlyncFind_averageDis: 0.0
2024-06-23 12:17:01,279 - no_poweroff_100_general_2_results - INFO - FlyncFind_averageCollisionNum: 0.0
2024-06-23 12:17:01,279 - no_poweroff_100_general_2_results - INFO - FlyncFind_sumCollisionNum: 0
2024-06-23 12:17:01,279 - no_poweroff_100_general_2_results - INFO - Pulsar_averageSyn: 2637328.43
2024-06-23 12:17:01,279 - no_poweroff_100_general_2_results - INFO - Pulsar_averageDis: 20194.0
2024-06-23 12:17:01,279 - no_poweroff_100_general_2_results - INFO - Pulsar_averageCollisionNum: 0.0
2024-06-23 12:17:01,279 - no_poweroff_100_general_2_results - INFO - Pulsar_sumCollisionNum: 0
2024-06-23 12:17:01,280 - no_poweroff_100_general_2_results - INFO - Free_beacon_averageSyn: 594139.0
2024-06-23 12:17:01,280 - no_poweroff_100_general_2_results - INFO - Free_beacon_averageDis: 129945.5
2024-06-23 12:17:01,280 - no_poweroff_100_general_2_results - INFO - Free_beacon_averageCollisionNum: 0.0
2024-06-23 12:17:01,280 - no_poweroff_100_general_2_results - INFO - Free_beacon_sumCollisionNum: 0
2024-06-23 12:17:01,280 - no_poweroff_100_general_2_results - INFO - Find_averageEnhancedSyn: 30.063191980327836
2024-06-23 12:17:01,280 - no_poweroff_100_general_2_results - INFO - Find_averageEnhancedDis: 0.0
2024-06-23 12:17:01,280 - no_poweroff_100_general_2_results - INFO - Find_averageEnhancedCollisionNum: 0.0
2024-06-23 12:17:01,280 - no_poweroff_100_general_2_results - INFO - FlyncFind_averageEnhancedSyn: 2.3952280526947396
2024-06-23 12:17:01,280 - no_poweroff_100_general_2_results - INFO - FlyncFind_averageEnhancedDis: 0.0
2024-06-23 12:17:01,281 - no_poweroff_100_general_2_results - INFO - FlyncFind_averageEnhancedCollisionNum: 0.0
2024-06-23 12:17:01,281 - no_poweroff_100_general_2_results - INFO - Pulsar_averageEnhancedSyn: 4.438908117460729
2024-06-23 12:17:01,281 - no_poweroff_100_general_2_results - INFO - Pulsar_averageEnhancedDis: 0.15540361151405782
2024-06-23 12:17:01,281 - no_poweroff_100_general_2_results - INFO - Pulsar_averageEnhancedCollisionNum: 0.0
2024-06-23 12:17:12,934 - no_poweroff_100_general_2_results - INFO - *******************JOGGING_TRACE*******************
2024-06-23 12:17:12,934 - no_poweroff_100_general_2_results - INFO - Find_averageSyn: 223911.4
2024-06-23 12:17:12,934 - no_poweroff_100_general_2_results - INFO - Find_averageDis: 0.0
2024-06-23 12:17:12,935 - no_poweroff_100_general_2_results - INFO - Find_averageCollisionNum: 0.0
2024-06-23 12:17:12,935 - no_poweroff_100_general_2_results - INFO - Find_sumCollisionNum: 0
2024-06-23 12:17:12,935 - no_poweroff_100_general_2_results - INFO - FlyncFind_averageSyn: 22164.0
2024-06-23 12:17:12,935 - no_poweroff_100_general_2_results - INFO - FlyncFind_averageDis: 0.0
2024-06-23 12:17:12,935 - no_poweroff_100_general_2_results - INFO - FlyncFind_averageCollisionNum: 0.0
2024-06-23 12:17:12,935 - no_poweroff_100_general_2_results - INFO - FlyncFind_sumCollisionNum: 0
2024-06-23 12:17:12,935 - no_poweroff_100_general_2_results - INFO - Pulsar_averageSyn: 82873.04
2024-06-23 12:17:12,935 - no_poweroff_100_general_2_results - INFO - Pulsar_averageDis: 3089.0
2024-06-23 12:17:12,935 - no_poweroff_100_general_2_results - INFO - Pulsar_averageCollisionNum: 0.0
2024-06-23 12:17:12,935 - no_poweroff_100_general_2_results - INFO - Pulsar_sumCollisionNum: 0
2024-06-23 12:17:12,935 - no_poweroff_100_general_2_results - INFO - Free_beacon_averageSyn: 6583.6
2024-06-23 12:17:12,936 - no_poweroff_100_general_2_results - INFO - Free_beacon_averageDis: 3315.5
2024-06-23 12:17:12,936 - no_poweroff_100_general_2_results - INFO - Free_beacon_averageCollisionNum: 0.0
2024-06-23 12:17:12,936 - no_poweroff_100_general_2_results - INFO - Free_beacon_sumCollisionNum: 0
2024-06-23 12:17:12,936 - no_poweroff_100_general_2_results - INFO - Find_averageEnhancedSyn: 34.010480588128075
2024-06-23 12:17:12,936 - no_poweroff_100_general_2_results - INFO - Find_averageEnhancedDis: 0.0
2024-06-23 12:17:12,936 - no_poweroff_100_general_2_results - INFO - Find_averageEnhancedCollisionNum: 0.0
2024-06-23 12:17:12,936 - no_poweroff_100_general_2_results - INFO - FlyncFind_averageEnhancedSyn: 3.3665471778358342
2024-06-23 12:17:12,936 - no_poweroff_100_general_2_results - INFO - FlyncFind_averageEnhancedDis: 0.0
2024-06-23 12:17:12,936 - no_poweroff_100_general_2_results - INFO - FlyncFind_averageEnhancedCollisionNum: 0.0
2024-06-23 12:17:12,937 - no_poweroff_100_general_2_results - INFO - Pulsar_averageEnhancedSyn: 12.587799987848593
2024-06-23 12:17:12,937 - no_poweroff_100_general_2_results - INFO - Pulsar_averageEnhancedDis: 0.9316845121399487
2024-06-23 12:17:12,937 - no_poweroff_100_general_2_results - INFO - Pulsar_averageEnhancedCollisionNum: 0.0
2024-06-23 12:17:18,199 - no_poweroff_100_general_2_results - INFO - *******************OFFICE_TRACE*******************
2024-06-23 12:17:18,199 - no_poweroff_100_general_2_results - INFO - Find_averageSyn: 31462.74
2024-06-23 12:17:18,200 - no_poweroff_100_general_2_results - INFO - Find_averageDis: 0.0
2024-06-23 12:17:18,200 - no_poweroff_100_general_2_results - INFO - Find_averageCollisionNum: 0.0
2024-06-23 12:17:18,200 - no_poweroff_100_general_2_results - INFO - Find_sumCollisionNum: 0
2024-06-23 12:17:18,200 - no_poweroff_100_general_2_results - INFO - FlyncFind_averageSyn: 4366.8
2024-06-23 12:17:18,200 - no_poweroff_100_general_2_results - INFO - FlyncFind_averageDis: 0.0
2024-06-23 12:17:18,200 - no_poweroff_100_general_2_results - INFO - FlyncFind_averageCollisionNum: 0.0
2024-06-23 12:17:18,200 - no_poweroff_100_general_2_results - INFO - FlyncFind_sumCollisionNum: 0
2024-06-23 12:17:18,200 - no_poweroff_100_general_2_results - INFO - Pulsar_averageSyn: 12613.88
2024-06-23 12:17:18,200 - no_poweroff_100_general_2_results - INFO - Pulsar_averageDis: 649.5
2024-06-23 12:17:18,200 - no_poweroff_100_general_2_results - INFO - Pulsar_averageCollisionNum: 0.0
2024-06-23 12:17:18,200 - no_poweroff_100_general_2_results - INFO - Pulsar_sumCollisionNum: 0
2024-06-23 12:17:18,201 - no_poweroff_100_general_2_results - INFO - Free_beacon_averageSyn: 1799.8
2024-06-23 12:17:18,201 - no_poweroff_100_general_2_results - INFO - Free_beacon_averageDis: 1560.5
2024-06-23 12:17:18,201 - no_poweroff_100_general_2_results - INFO - Free_beacon_averageCollisionNum: 0.0
2024-06-23 12:17:18,201 - no_poweroff_100_general_2_results - INFO - Free_beacon_sumCollisionNum: 0
2024-06-23 12:17:18,201 - no_poweroff_100_general_2_results - INFO - Find_averageEnhancedSyn: 17.481242360262254
2024-06-23 12:17:18,201 - no_poweroff_100_general_2_results - INFO - Find_averageEnhancedDis: 0.0
2024-06-23 12:17:18,201 - no_poweroff_100_general_2_results - INFO - Find_averageEnhancedCollisionNum: 0.0
2024-06-23 12:17:18,201 - no_poweroff_100_general_2_results - INFO - FlyncFind_averageEnhancedSyn: 2.4262695855095013
2024-06-23 12:17:18,201 - no_poweroff_100_general_2_results - INFO - FlyncFind_averageEnhancedDis: 0.0
2024-06-23 12:17:18,202 - no_poweroff_100_general_2_results - INFO - FlyncFind_averageEnhancedCollisionNum: 0.0
2024-06-23 12:17:18,202 - no_poweroff_100_general_2_results - INFO - Pulsar_averageEnhancedSyn: 7.008489832203578
2024-06-23 12:17:18,202 - no_poweroff_100_general_2_results - INFO - Pulsar_averageEnhancedDis: 0.4162127523229734
2024-06-23 12:17:18,202 - no_poweroff_100_general_2_results - INFO - Pulsar_averageEnhancedCollisionNum: 0.0
2024-06-23 12:17:41,694 - no_poweroff_100_general_2_results - INFO - *******************WASHER_TRACE*******************
2024-06-23 12:17:41,694 - no_poweroff_100_general_2_results - INFO - Find_averageSyn: 2634861.54
2024-06-23 12:17:41,694 - no_poweroff_100_general_2_results - INFO - Find_averageDis: 0.0
2024-06-23 12:17:41,695 - no_poweroff_100_general_2_results - INFO - Find_averageCollisionNum: 0.0
2024-06-23 12:17:41,695 - no_poweroff_100_general_2_results - INFO - Find_sumCollisionNum: 0
2024-06-23 12:17:41,695 - no_poweroff_100_general_2_results - INFO - FlyncFind_averageSyn: 466004.8
2024-06-23 12:17:41,695 - no_poweroff_100_general_2_results - INFO - FlyncFind_averageDis: 0.0
2024-06-23 12:17:41,695 - no_poweroff_100_general_2_results - INFO - FlyncFind_averageCollisionNum: 0.0
2024-06-23 12:17:41,695 - no_poweroff_100_general_2_results - INFO - FlyncFind_sumCollisionNum: 0
2024-06-23 12:17:41,695 - no_poweroff_100_general_2_results - INFO - Pulsar_averageSyn: 1511675.78
2024-06-23 12:17:41,695 - no_poweroff_100_general_2_results - INFO - Pulsar_averageDis: 27300.5
2024-06-23 12:17:41,695 - no_poweroff_100_general_2_results - INFO - Pulsar_averageCollisionNum: 0.0
2024-06-23 12:17:41,695 - no_poweroff_100_general_2_results - INFO - Pulsar_sumCollisionNum: 0
2024-06-23 12:17:41,695 - no_poweroff_100_general_2_results - INFO - Free_beacon_averageSyn: 151863.4
2024-06-23 12:17:41,696 - no_poweroff_100_general_2_results - INFO - Free_beacon_averageDis: 46335.5
2024-06-23 12:17:41,696 - no_poweroff_100_general_2_results - INFO - Free_beacon_averageCollisionNum: 0.0
2024-06-23 12:17:41,696 - no_poweroff_100_general_2_results - INFO - Free_beacon_sumCollisionNum: 0
2024-06-23 12:17:41,696 - no_poweroff_100_general_2_results - INFO - Find_averageEnhancedSyn: 17.35020775249336
2024-06-23 12:17:41,696 - no_poweroff_100_general_2_results - INFO - Find_averageEnhancedDis: 0.0
2024-06-23 12:17:41,696 - no_poweroff_100_general_2_results - INFO - Find_averageEnhancedCollisionNum: 0.0
2024-06-23 12:17:41,696 - no_poweroff_100_general_2_results - INFO - FlyncFind_averageEnhancedSyn: 3.0685787358902803
2024-06-23 12:17:41,696 - no_poweroff_100_general_2_results - INFO - FlyncFind_averageEnhancedDis: 0.0
2024-06-23 12:17:41,696 - no_poweroff_100_general_2_results - INFO - FlyncFind_averageEnhancedCollisionNum: 0.0
2024-06-23 12:17:41,697 - no_poweroff_100_general_2_results - INFO - Pulsar_averageEnhancedSyn: 9.954181060084261
2024-06-23 12:17:41,697 - no_poweroff_100_general_2_results - INFO - Pulsar_averageEnhancedDis: 0.5891918723225172
2024-06-23 12:17:41,697 - no_poweroff_100_general_2_results - INFO - Pulsar_averageEnhancedCollisionNum: 0.0
