2024-06-23 12:20:15,629 - no_poweroff_100_general_12_results - INFO - *******************STATIC_TRACE*******************
2024-06-23 12:20:15,629 - no_poweroff_100_general_12_results - INFO - Find_averageSyn: 52515.02
2024-06-23 12:20:15,629 - no_poweroff_100_general_12_results - INFO - Find_averageDis: 0.0
2024-06-23 12:20:15,629 - no_poweroff_100_general_12_results - INFO - Find_averageCollisionNum: 4.166666666666667
2024-06-23 12:20:15,629 - no_poweroff_100_general_12_results - INFO - Find_sumCollisionNum: 50
2024-06-23 12:20:15,629 - no_poweroff_100_general_12_results - INFO - FlyncFind_averageSyn: 25337.933333333334
2024-06-23 12:20:15,630 - no_poweroff_100_general_12_results - INFO - FlyncFind_averageDis: 0.0
2024-06-23 12:20:15,630 - no_poweroff_100_general_12_results - INFO - FlyncFind_averageCollisionNum: 116.16666666666667
2024-06-23 12:20:15,630 - no_poweroff_100_general_12_results - INFO - FlyncFind_sumCollisionNum: 1394
2024-06-23 12:20:15,630 - no_poweroff_100_general_12_results - INFO - Pulsar_averageSyn: 3060.5633333333335
2024-06-23 12:20:15,630 - no_poweroff_100_general_12_results - INFO - Pulsar_averageDis: 11111.583333333334
2024-06-23 12:20:15,630 - no_poweroff_100_general_12_results - INFO - Pulsar_averageCollisionNum: 0.0
2024-06-23 12:20:15,630 - no_poweroff_100_general_12_results - INFO - Pulsar_sumCollisionNum: 0
2024-06-23 12:20:15,630 - no_poweroff_100_general_12_results - INFO - Free_beacon_averageSyn: 3573.3
2024-06-23 12:20:15,630 - no_poweroff_100_general_12_results - INFO - Free_beacon_averageDis: 7220.5
2024-06-23 12:20:15,630 - no_poweroff_100_general_12_results - INFO - Free_beacon_averageCollisionNum: 0.5
2024-06-23 12:20:15,630 - no_poweroff_100_general_12_results - INFO - Free_beacon_sumCollisionNum: 6
2024-06-23 12:20:15,631 - no_poweroff_100_general_12_results - INFO - Find_averageEnhancedSyn: 14.696504631573054
2024-06-23 12:20:15,631 - no_poweroff_100_general_12_results - INFO - Find_averageEnhancedDis: 0.0
2024-06-23 12:20:15,631 - no_poweroff_100_general_12_results - INFO - Find_averageEnhancedCollisionNum: 1.0
2024-06-23 12:20:15,631 - no_poweroff_100_general_12_results - INFO - FlyncFind_averageEnhancedSyn: 7.09090569874719
2024-06-23 12:20:15,631 - no_poweroff_100_general_12_results - INFO - FlyncFind_averageEnhancedDis: 0.0
2024-06-23 12:20:15,632 - no_poweroff_100_general_12_results - INFO - FlyncFind_averageEnhancedCollisionNum: 1.0
2024-06-23 12:20:15,632 - no_poweroff_100_general_12_results - INFO - Pulsar_averageEnhancedSyn: 0.8565089226578606
2024-06-23 12:20:15,632 - no_poweroff_100_general_12_results - INFO - Pulsar_averageEnhancedDis: 1.538893890081481
2024-06-23 12:20:15,632 - no_poweroff_100_general_12_results - INFO - Pulsar_averageEnhancedCollisionNum: 0.0
2024-06-23 12:25:13,528 - no_poweroff_100_general_12_results - INFO - *******************COMPLEX_TRACE*******************
2024-06-23 12:25:13,528 - no_poweroff_100_general_12_results - INFO - Find_averageSyn: 351004.0733333333
2024-06-23 12:25:13,529 - no_poweroff_100_general_12_results - INFO - Find_averageDis: 0.0
2024-06-23 12:25:13,529 - no_poweroff_100_general_12_results - INFO - Find_averageCollisionNum: 1.1666666666666667
2024-06-23 12:25:13,529 - no_poweroff_100_general_12_results - INFO - Find_sumCollisionNum: 14
2024-06-23 12:25:13,529 - no_poweroff_100_general_12_results - INFO - FlyncFind_averageSyn: 47632.8
2024-06-23 12:25:13,529 - no_poweroff_100_general_12_results - INFO - FlyncFind_averageDis: 0.0
2024-06-23 12:25:13,529 - no_poweroff_100_general_12_results - INFO - FlyncFind_averageCollisionNum: 16.5
2024-06-23 12:25:13,529 - no_poweroff_100_general_12_results - INFO - FlyncFind_sumCollisionNum: 198
2024-06-23 12:25:13,529 - no_poweroff_100_general_12_results - INFO - Pulsar_averageSyn: 9476.496666666666
2024-06-23 12:25:13,529 - no_poweroff_100_general_12_results - INFO - Pulsar_averageDis: 26050.5
2024-06-23 12:25:13,529 - no_poweroff_100_general_12_results - INFO - Pulsar_averageCollisionNum: 0.0
2024-06-23 12:25:13,530 - no_poweroff_100_general_12_results - INFO - Pulsar_sumCollisionNum: 0
2024-06-23 12:25:13,530 - no_poweroff_100_general_12_results - INFO - Free_beacon_averageSyn: 4018.7
2024-06-23 12:25:13,530 - no_poweroff_100_general_12_results - INFO - Free_beacon_averageDis: 42113.0
2024-06-23 12:25:13,530 - no_poweroff_100_general_12_results - INFO - Free_beacon_averageCollisionNum: 0.0
2024-06-23 12:25:13,530 - no_poweroff_100_general_12_results - INFO - Free_beacon_sumCollisionNum: 0
2024-06-23 12:25:13,530 - no_poweroff_100_general_12_results - INFO - Find_averageEnhancedSyn: 87.34269125173148
2024-06-23 12:25:13,530 - no_poweroff_100_general_12_results - INFO - Find_averageEnhancedDis: 0.0
2024-06-23 12:25:13,531 - no_poweroff_100_general_12_results - INFO - Find_averageEnhancedCollisionNum: 0.9999999999999999
2024-06-23 12:25:13,531 - no_poweroff_100_general_12_results - INFO - FlyncFind_averageEnhancedSyn: 11.852788215094435
2024-06-23 12:25:13,531 - no_poweroff_100_general_12_results - INFO - FlyncFind_averageEnhancedDis: 0.0
2024-06-23 12:25:13,531 - no_poweroff_100_general_12_results - INFO - FlyncFind_averageEnhancedCollisionNum: 1.0
2024-06-23 12:25:13,531 - no_poweroff_100_general_12_results - INFO - Pulsar_averageEnhancedSyn: 2.358100048937882
2024-06-23 12:25:13,531 - no_poweroff_100_general_12_results - INFO - Pulsar_averageEnhancedDis: 0.6185857098758103
2024-06-23 12:25:13,532 - no_poweroff_100_general_12_results - INFO - Pulsar_averageEnhancedCollisionNum: 0.0
2024-06-23 12:27:41,720 - no_poweroff_100_general_12_results - INFO - *******************STAIRS_TRACE*******************
2024-06-23 12:27:41,721 - no_poweroff_100_general_12_results - INFO - Find_averageSyn: 17170.77
2024-06-23 12:27:41,721 - no_poweroff_100_general_12_results - INFO - Find_averageDis: 0.0
2024-06-23 12:27:41,721 - no_poweroff_100_general_12_results - INFO - Find_averageCollisionNum: 10.166666666666666
2024-06-23 12:27:41,721 - no_poweroff_100_general_12_results - INFO - Find_sumCollisionNum: 122
2024-06-23 12:27:41,721 - no_poweroff_100_general_12_results - INFO - FlyncFind_averageSyn: 19694.1
2024-06-23 12:27:41,721 - no_poweroff_100_general_12_results - INFO - FlyncFind_averageDis: 0.0
2024-06-23 12:27:41,721 - no_poweroff_100_general_12_results - INFO - FlyncFind_averageCollisionNum: 566.8333333333334
2024-06-23 12:27:41,722 - no_poweroff_100_general_12_results - INFO - FlyncFind_sumCollisionNum: 6802
2024-06-23 12:27:41,722 - no_poweroff_100_general_12_results - INFO - Pulsar_averageSyn: 498.86
2024-06-23 12:27:41,722 - no_poweroff_100_general_12_results - INFO - Pulsar_averageDis: 10680.833333333334
2024-06-23 12:27:41,722 - no_poweroff_100_general_12_results - INFO - Pulsar_averageCollisionNum: 1.5833333333333333
2024-06-23 12:27:41,722 - no_poweroff_100_general_12_results - INFO - Pulsar_sumCollisionNum: 19
2024-06-23 12:27:41,722 - no_poweroff_100_general_12_results - INFO - Free_beacon_averageSyn: 1100.4
2024-06-23 12:27:41,722 - no_poweroff_100_general_12_results - INFO - Free_beacon_averageDis: 6578.833333333333
2024-06-23 12:27:41,722 - no_poweroff_100_general_12_results - INFO - Free_beacon_averageCollisionNum: 1.0833333333333333
2024-06-23 12:27:41,722 - no_poweroff_100_general_12_results - INFO - Free_beacon_sumCollisionNum: 13
2024-06-23 12:27:41,723 - no_poweroff_100_general_12_results - INFO - Find_averageEnhancedSyn: 15.604116684841875
2024-06-23 12:27:41,723 - no_poweroff_100_general_12_results - INFO - Find_averageEnhancedDis: 0.0
2024-06-23 12:27:41,723 - no_poweroff_100_general_12_results - INFO - Find_averageEnhancedCollisionNum: 1.0000000000000002
2024-06-23 12:27:41,723 - no_poweroff_100_general_12_results - INFO - FlyncFind_averageEnhancedSyn: 17.897219193020717
2024-06-23 12:27:41,723 - no_poweroff_100_general_12_results - INFO - FlyncFind_averageEnhancedDis: 0.0
2024-06-23 12:27:41,723 - no_poweroff_100_general_12_results - INFO - FlyncFind_averageEnhancedCollisionNum: 1.0
2024-06-23 12:27:41,724 - no_poweroff_100_general_12_results - INFO - Pulsar_averageEnhancedSyn: 0.4533442384587423
2024-06-23 12:27:41,724 - no_poweroff_100_general_12_results - INFO - Pulsar_averageEnhancedDis: 1.6235148075899983
2024-06-23 12:27:41,724 - no_poweroff_100_general_12_results - INFO - Pulsar_averageEnhancedCollisionNum: 1.0000000000000002
2024-06-23 13:08:00,956 - no_poweroff_100_general_12_results - INFO - *******************CARS_TRACE*******************
2024-06-23 13:08:00,956 - no_poweroff_100_general_12_results - INFO - Find_averageSyn: 65548377.38333333
2024-06-23 13:08:00,956 - no_poweroff_100_general_12_results - INFO - Find_averageDis: 0.0
2024-06-23 13:08:00,956 - no_poweroff_100_general_12_results - INFO - Find_averageCollisionNum: 0.3333333333333333
2024-06-23 13:08:00,957 - no_poweroff_100_general_12_results - INFO - Find_sumCollisionNum: 4
2024-06-23 13:08:00,957 - no_poweroff_100_general_12_results - INFO - FlyncFind_averageSyn: 5919267.566666666
2024-06-23 13:08:00,957 - no_poweroff_100_general_12_results - INFO - FlyncFind_averageDis: 0.0
2024-06-23 13:08:00,957 - no_poweroff_100_general_12_results - INFO - FlyncFind_averageCollisionNum: 2.0
2024-06-23 13:08:00,957 - no_poweroff_100_general_12_results - INFO - FlyncFind_sumCollisionNum: 24
2024-06-23 13:08:00,957 - no_poweroff_100_general_12_results - INFO - Pulsar_averageSyn: 1160328.6116666666
2024-06-23 13:08:00,957 - no_poweroff_100_general_12_results - INFO - Pulsar_averageDis: 495762.6666666667
2024-06-23 13:08:00,957 - no_poweroff_100_general_12_results - INFO - Pulsar_averageCollisionNum: 0.0
2024-06-23 13:08:00,957 - no_poweroff_100_general_12_results - INFO - Pulsar_sumCollisionNum: 0
2024-06-23 13:08:00,958 - no_poweroff_100_general_12_results - INFO - Free_beacon_averageSyn: 651613.55
2024-06-23 13:08:00,958 - no_poweroff_100_general_12_results - INFO - Free_beacon_averageDis: 502288.0
2024-06-23 13:08:00,958 - no_poweroff_100_general_12_results - INFO - Free_beacon_averageCollisionNum: 0.0
2024-06-23 13:08:00,958 - no_poweroff_100_general_12_results - INFO - Free_beacon_sumCollisionNum: 0
2024-06-23 13:08:00,958 - no_poweroff_100_general_12_results - INFO - Find_averageEnhancedSyn: 100.593944652215
2024-06-23 13:08:00,958 - no_poweroff_100_general_12_results - INFO - Find_averageEnhancedDis: 0.0
2024-06-23 13:08:00,958 - no_poweroff_100_general_12_results - INFO - Find_averageEnhancedCollisionNum: 1.0
2024-06-23 13:08:00,959 - no_poweroff_100_general_12_results - INFO - FlyncFind_averageEnhancedSyn: 9.084015466938443
2024-06-23 13:08:00,959 - no_poweroff_100_general_12_results - INFO - FlyncFind_averageEnhancedDis: 0.0
2024-06-23 13:08:00,959 - no_poweroff_100_general_12_results - INFO - FlyncFind_averageEnhancedCollisionNum: 1.0
2024-06-23 13:08:00,959 - no_poweroff_100_general_12_results - INFO - Pulsar_averageEnhancedSyn: 1.78070055735745
2024-06-23 13:08:00,959 - no_poweroff_100_general_12_results - INFO - Pulsar_averageEnhancedDis: 0.9870087811507874
2024-06-23 13:08:00,959 - no_poweroff_100_general_12_results - INFO - Pulsar_averageEnhancedCollisionNum: 0.0
2024-06-23 13:14:17,274 - no_poweroff_100_general_12_results - INFO - *******************JOGGING_TRACE*******************
2024-06-23 13:14:17,274 - no_poweroff_100_general_12_results - INFO - Find_averageSyn: 720910.2666666667
2024-06-23 13:14:17,275 - no_poweroff_100_general_12_results - INFO - Find_averageDis: 0.0
2024-06-23 13:14:17,275 - no_poweroff_100_general_12_results - INFO - Find_averageCollisionNum: 0.5
2024-06-23 13:14:17,275 - no_poweroff_100_general_12_results - INFO - Find_sumCollisionNum: 6
2024-06-23 13:14:17,275 - no_poweroff_100_general_12_results - INFO - FlyncFind_averageSyn: 87759.83333333333
2024-06-23 13:14:17,275 - no_poweroff_100_general_12_results - INFO - FlyncFind_averageDis: 0.0
2024-06-23 13:14:17,275 - no_poweroff_100_general_12_results - INFO - FlyncFind_averageCollisionNum: 11.5
2024-06-23 13:14:17,275 - no_poweroff_100_general_12_results - INFO - FlyncFind_sumCollisionNum: 138
2024-06-23 13:14:17,275 - no_poweroff_100_general_12_results - INFO - Pulsar_averageSyn: 17561.256666666668
2024-06-23 13:14:17,275 - no_poweroff_100_general_12_results - INFO - Pulsar_averageDis: 49441.416666666664
2024-06-23 13:14:17,275 - no_poweroff_100_general_12_results - INFO - Pulsar_averageCollisionNum: 0.16666666666666666
2024-06-23 13:14:17,276 - no_poweroff_100_general_12_results - INFO - Pulsar_sumCollisionNum: 2
2024-06-23 13:14:17,276 - no_poweroff_100_general_12_results - INFO - Free_beacon_averageSyn: 8490.7
2024-06-23 13:14:17,276 - no_poweroff_100_general_12_results - INFO - Free_beacon_averageDis: 38443.0
2024-06-23 13:14:17,276 - no_poweroff_100_general_12_results - INFO - Free_beacon_averageCollisionNum: 0.0
2024-06-23 13:14:17,276 - no_poweroff_100_general_12_results - INFO - Free_beacon_sumCollisionNum: 0
2024-06-23 13:14:17,276 - no_poweroff_100_general_12_results - INFO - Find_averageEnhancedSyn: 84.90586955924324
2024-06-23 13:14:17,276 - no_poweroff_100_general_12_results - INFO - Find_averageEnhancedDis: 0.0
2024-06-23 13:14:17,276 - no_poweroff_100_general_12_results - INFO - Find_averageEnhancedCollisionNum: 1.0
2024-06-23 13:14:17,277 - no_poweroff_100_general_12_results - INFO - FlyncFind_averageEnhancedSyn: 10.335995069114833
2024-06-23 13:14:17,277 - no_poweroff_100_general_12_results - INFO - FlyncFind_averageEnhancedDis: 0.0
2024-06-23 13:14:17,277 - no_poweroff_100_general_12_results - INFO - FlyncFind_averageEnhancedCollisionNum: 1.0
2024-06-23 13:14:17,277 - no_poweroff_100_general_12_results - INFO - Pulsar_averageEnhancedSyn: 2.068293152115452
2024-06-23 13:14:17,277 - no_poweroff_100_general_12_results - INFO - Pulsar_averageEnhancedDis: 1.2860967319581371
2024-06-23 13:14:17,278 - no_poweroff_100_general_12_results - INFO - Pulsar_averageEnhancedCollisionNum: 1.0
2024-06-23 13:17:18,737 - no_poweroff_100_general_12_results - INFO - *******************OFFICE_TRACE*******************
2024-06-23 13:17:18,737 - no_poweroff_100_general_12_results - INFO - Find_averageSyn: 118350.16666666667
2024-06-23 13:17:18,737 - no_poweroff_100_general_12_results - INFO - Find_averageDis: 0.0
2024-06-23 13:17:18,737 - no_poweroff_100_general_12_results - INFO - Find_averageCollisionNum: 3.1666666666666665
2024-06-23 13:17:18,737 - no_poweroff_100_general_12_results - INFO - Find_sumCollisionNum: 38
2024-06-23 13:17:18,737 - no_poweroff_100_general_12_results - INFO - FlyncFind_averageSyn: 20928.373333333333
2024-06-23 13:17:18,738 - no_poweroff_100_general_12_results - INFO - FlyncFind_averageDis: 0.0
2024-06-23 13:17:18,738 - no_poweroff_100_general_12_results - INFO - FlyncFind_averageCollisionNum: 44.666666666666664
2024-06-23 13:17:18,738 - no_poweroff_100_general_12_results - INFO - FlyncFind_sumCollisionNum: 536
2024-06-23 13:17:18,738 - no_poweroff_100_general_12_results - INFO - Pulsar_averageSyn: 3781.68
2024-06-23 13:17:18,738 - no_poweroff_100_general_12_results - INFO - Pulsar_averageDis: 17143.416666666668
2024-06-23 13:17:18,738 - no_poweroff_100_general_12_results - INFO - Pulsar_averageCollisionNum: 1.0
2024-06-23 13:17:18,738 - no_poweroff_100_general_12_results - INFO - Pulsar_sumCollisionNum: 12
2024-06-23 13:17:18,738 - no_poweroff_100_general_12_results - INFO - Free_beacon_averageSyn: 2202.1
2024-06-23 13:17:18,738 - no_poweroff_100_general_12_results - INFO - Free_beacon_averageDis: 13075.5
2024-06-23 13:17:18,738 - no_poweroff_100_general_12_results - INFO - Free_beacon_averageCollisionNum: 0.0
2024-06-23 13:17:18,739 - no_poweroff_100_general_12_results - INFO - Free_beacon_sumCollisionNum: 0
2024-06-23 13:17:18,739 - no_poweroff_100_general_12_results - INFO - Find_averageEnhancedSyn: 53.744228993536474
2024-06-23 13:17:18,739 - no_poweroff_100_general_12_results - INFO - Find_averageEnhancedDis: 0.0
2024-06-23 13:17:18,739 - no_poweroff_100_general_12_results - INFO - Find_averageEnhancedCollisionNum: 1.0
2024-06-23 13:17:18,739 - no_poweroff_100_general_12_results - INFO - FlyncFind_averageEnhancedSyn: 9.503825136612022
2024-06-23 13:17:18,739 - no_poweroff_100_general_12_results - INFO - FlyncFind_averageEnhancedDis: 0.0
2024-06-23 13:17:18,740 - no_poweroff_100_general_12_results - INFO - FlyncFind_averageEnhancedCollisionNum: 1.0
2024-06-23 13:17:18,740 - no_poweroff_100_general_12_results - INFO - Pulsar_averageEnhancedSyn: 1.7173062077108214
2024-06-23 13:17:18,740 - no_poweroff_100_general_12_results - INFO - Pulsar_averageEnhancedDis: 1.3111098364625955
2024-06-23 13:17:18,740 - no_poweroff_100_general_12_results - INFO - Pulsar_averageEnhancedCollisionNum: 1.0
2024-06-23 13:28:55,454 - no_poweroff_100_general_12_results - INFO - *******************WASHER_TRACE*******************
2024-06-23 13:28:55,454 - no_poweroff_100_general_12_results - INFO - Find_averageSyn: 5272564.373333333
2024-06-23 13:28:55,454 - no_poweroff_100_general_12_results - INFO - Find_averageDis: 0.0
2024-06-23 13:28:55,454 - no_poweroff_100_general_12_results - INFO - Find_averageCollisionNum: 1.1666666666666667
2024-06-23 13:28:55,454 - no_poweroff_100_general_12_results - INFO - Find_sumCollisionNum: 14
2024-06-23 13:28:55,454 - no_poweroff_100_general_12_results - INFO - FlyncFind_averageSyn: 2941570.4366666665
2024-06-23 13:28:55,455 - no_poweroff_100_general_12_results - INFO - FlyncFind_averageDis: 0.0
2024-06-23 13:28:55,455 - no_poweroff_100_general_12_results - INFO - FlyncFind_averageCollisionNum: 6.833333333333333
2024-06-23 13:28:55,455 - no_poweroff_100_general_12_results - INFO - FlyncFind_sumCollisionNum: 82
2024-06-23 13:28:55,455 - no_poweroff_100_general_12_results - INFO - Pulsar_averageSyn: 538973.6466666666
2024-06-23 13:28:55,455 - no_poweroff_100_general_12_results - INFO - Pulsar_averageDis: 243334.5
2024-06-23 13:28:55,455 - no_poweroff_100_general_12_results - INFO - Pulsar_averageCollisionNum: 0.25
2024-06-23 13:28:55,455 - no_poweroff_100_general_12_results - INFO - Pulsar_sumCollisionNum: 3
2024-06-23 13:28:55,455 - no_poweroff_100_general_12_results - INFO - Free_beacon_averageSyn: 235994.8
2024-06-23 13:28:55,455 - no_poweroff_100_general_12_results - INFO - Free_beacon_averageDis: 220745.33333333334
2024-06-23 13:28:55,455 - no_poweroff_100_general_12_results - INFO - Free_beacon_averageCollisionNum: 0.0
2024-06-23 13:28:55,456 - no_poweroff_100_general_12_results - INFO - Free_beacon_sumCollisionNum: 0
2024-06-23 13:28:55,456 - no_poweroff_100_general_12_results - INFO - Find_averageEnhancedSyn: 22.341866741696567
2024-06-23 13:28:55,456 - no_poweroff_100_general_12_results - INFO - Find_averageEnhancedDis: 0.0
2024-06-23 13:28:55,456 - no_poweroff_100_general_12_results - INFO - Find_averageEnhancedCollisionNum: 1.0
2024-06-23 13:28:55,456 - no_poweroff_100_general_12_results - INFO - FlyncFind_averageEnhancedSyn: 12.464556154062151
2024-06-23 13:28:55,457 - no_poweroff_100_general_12_results - INFO - FlyncFind_averageEnhancedDis: 0.0
2024-06-23 13:28:55,457 - no_poweroff_100_general_12_results - INFO - FlyncFind_averageEnhancedCollisionNum: 1.0
2024-06-23 13:28:55,457 - no_poweroff_100_general_12_results - INFO - Pulsar_averageEnhancedSyn: 2.2838369602494066
2024-06-23 13:28:55,457 - no_poweroff_100_general_12_results - INFO - Pulsar_averageEnhancedDis: 1.1023313441129747
2024-06-23 13:28:55,457 - no_poweroff_100_general_12_results - INFO - Pulsar_averageEnhancedCollisionNum: 1.0
