2024-07-21 05:50:14,290 - scalability_51_24_results_500_ - INFO - *******************STATIC_TRACE*******************
2024-07-21 05:50:14,291 - scalability_51_24_results_500_ - INFO - Find_averageSyn: 1943019.525
2024-07-21 05:50:14,291 - scalability_51_24_results_500_ - INFO - Find_averageDis: 0.0
2024-07-21 05:50:14,291 - scalability_51_24_results_500_ - INFO - Find_averageCollisionNum: 2.5
2024-07-21 05:50:14,291 - scalability_51_24_results_500_ - INFO - Find_sumCollisionNum: 60
2024-07-21 05:50:14,291 - scalability_51_24_results_500_ - INFO - FlyncFind_averageSyn: 472021.36666666664
2024-07-21 05:50:14,291 - scalability_51_24_results_500_ - INFO - FlyncFind_averageDis: 0.0
2024-07-21 05:50:14,291 - scalability_51_24_results_500_ - INFO - FlyncFind_averageCollisionNum: 29.25
2024-07-21 05:50:14,291 - scalability_51_24_results_500_ - INFO - FlyncFind_sumCollisionNum: 702
2024-07-21 05:50:14,292 - scalability_51_24_results_500_ - INFO - Pulsar_averageSyn: 97334.125
2024-07-21 05:50:14,292 - scalability_51_24_results_500_ - INFO - Pulsar_averageDis: 228048.04166666666
2024-07-21 05:50:14,292 - scalability_51_24_results_500_ - INFO - Pulsar_averageCollisionNum: 0.7083333333333334
2024-07-21 05:50:14,292 - scalability_51_24_results_500_ - INFO - Pulsar_sumCollisionNum: 17
2024-07-21 05:50:14,292 - scalability_51_24_results_500_ - INFO - Free_beacon_averageSyn: 48593.665
2024-07-21 05:50:14,292 - scalability_51_24_results_500_ - INFO - Free_beacon_averageDis: 47664.625
2024-07-21 05:50:14,292 - scalability_51_24_results_500_ - INFO - Free_beacon_averageCollisionNum: 0.0
2024-07-21 05:50:14,292 - scalability_51_24_results_500_ - INFO - Free_beacon_sumCollisionNum: 0
2024-07-21 05:50:14,293 - scalability_51_24_results_500_ - INFO - Find_averageEnhancedSyn: 39.985037658715385
2024-07-21 05:50:14,293 - scalability_51_24_results_500_ - INFO - Find_averageEnhancedDis: 0.0
2024-07-21 05:50:14,293 - scalability_51_24_results_500_ - INFO - Find_averageEnhancedCollisionNum: 1.0
2024-07-21 05:50:14,294 - scalability_51_24_results_500_ - INFO - FlyncFind_averageEnhancedSyn: 9.71363997069714
2024-07-21 05:50:14,294 - scalability_51_24_results_500_ - INFO - FlyncFind_averageEnhancedDis: 0.0
2024-07-21 05:50:14,294 - scalability_51_24_results_500_ - INFO - FlyncFind_averageEnhancedCollisionNum: 1.0
2024-07-21 05:50:14,294 - scalability_51_24_results_500_ - INFO - Pulsar_averageEnhancedSyn: 2.0030208670204233
2024-07-21 05:50:14,294 - scalability_51_24_results_500_ - INFO - Pulsar_averageEnhancedDis: 4.784429577840309
2024-07-21 05:50:14,295 - scalability_51_24_results_500_ - INFO - Pulsar_averageEnhancedCollisionNum: 1.0
