2024-07-20 03:06:39,920 - scalability_51_30_results_100_ - INFO - *******************STATIC_TRACE*******************
2024-07-20 03:06:39,921 - scalability_51_30_results_100_ - INFO - Find_averageSyn: 136029.47333333333
2024-07-20 03:06:39,921 - scalability_51_30_results_100_ - INFO - Find_averageDis: 0.0
2024-07-20 03:06:39,921 - scalability_51_30_results_100_ - INFO - Find_averageCollisionNum: 16.733333333333334
2024-07-20 03:06:39,921 - scalability_51_30_results_100_ - INFO - Find_sumCollisionNum: 502
2024-07-20 03:06:39,921 - scalability_51_30_results_100_ - INFO - FlyncFind_averageSyn: 199828.25333333333
2024-07-20 03:06:39,921 - scalability_51_30_results_100_ - INFO - FlyncFind_averageDis: 0.0
2024-07-20 03:06:39,921 - scalability_51_30_results_100_ - INFO - FlyncFind_averageCollisionNum: 824.7333333333333
2024-07-20 03:06:39,921 - scalability_51_30_results_100_ - INFO - FlyncFind_sumCollisionNum: 24742
2024-07-20 03:06:39,922 - scalability_51_30_results_100_ - INFO - Pulsar_averageSyn: 1497.06
2024-07-20 03:06:39,922 - scalability_51_30_results_100_ - INFO - Pulsar_averageDis: 98410.33333333333
2024-07-20 03:06:39,922 - scalability_51_30_results_100_ - INFO - Pulsar_averageCollisionNum: 2.466666666666667
2024-07-20 03:06:39,922 - scalability_51_30_results_100_ - INFO - Pulsar_sumCollisionNum: 74
2024-07-20 03:06:39,922 - scalability_51_30_results_100_ - INFO - Free_beacon_averageSyn: 3039.3306666666667
2024-07-20 03:06:39,922 - scalability_51_30_results_100_ - INFO - Free_beacon_averageDis: 18070.166666666668
2024-07-20 03:06:39,922 - scalability_51_30_results_100_ - INFO - Free_beacon_averageCollisionNum: 1.5
2024-07-20 03:06:39,922 - scalability_51_30_results_100_ - INFO - Free_beacon_sumCollisionNum: 45
2024-07-20 03:06:39,923 - scalability_51_30_results_100_ - INFO - Find_averageEnhancedSyn: 44.75639153883881
2024-07-20 03:06:39,923 - scalability_51_30_results_100_ - INFO - Find_averageEnhancedDis: 0.0
2024-07-20 03:06:39,923 - scalability_51_30_results_100_ - INFO - Find_averageEnhancedCollisionNum: 0.9999999999999998
2024-07-20 03:06:39,924 - scalability_51_30_results_100_ - INFO - FlyncFind_averageEnhancedSyn: 65.74745404470633
2024-07-20 03:06:39,924 - scalability_51_30_results_100_ - INFO - FlyncFind_averageEnhancedDis: 0.0
2024-07-20 03:06:39,924 - scalability_51_30_results_100_ - INFO - FlyncFind_averageEnhancedCollisionNum: 0.9999999999999999
2024-07-20 03:06:39,924 - scalability_51_30_results_100_ - INFO - Pulsar_averageEnhancedSyn: 0.492562397510329
2024-07-20 03:06:39,925 - scalability_51_30_results_100_ - INFO - Pulsar_averageEnhancedDis: 5.446011381558923
2024-07-20 03:06:39,925 - scalability_51_30_results_100_ - INFO - Pulsar_averageEnhancedCollisionNum: 1.0000000000000002
