2024-07-19 16:14:43,808 - scalability_51_48_results_50_ - INFO - *******************STATIC_TRACE*******************
2024-07-19 16:14:43,808 - scalability_51_48_results_50_ - INFO - Find_averageSyn: 100231.68833333334
2024-07-19 16:14:43,809 - scalability_51_48_results_50_ - INFO - Find_averageDis: 0.0
2024-07-19 16:14:43,809 - scalability_51_48_results_50_ - INFO - Find_averageCollisionNum: 67.91666666666667
2024-07-19 16:14:43,809 - scalability_51_48_results_50_ - INFO - Find_sumCollisionNum: 3260
2024-07-19 16:14:43,809 - scalability_51_48_results_50_ - INFO - FlyncFind_averageSyn: 3410390.5
2024-07-19 16:14:43,809 - scalability_51_48_results_50_ - INFO - FlyncFind_averageDis: 0.0
2024-07-19 16:14:43,809 - scalability_51_48_results_50_ - INFO - FlyncFind_averageCollisionNum: 19961.916666666668
2024-07-19 16:14:43,809 - scalability_51_48_results_50_ - INFO - FlyncFind_sumCollisionNum: 958172
2024-07-19 16:14:43,810 - scalability_51_48_results_50_ - INFO - Pulsar_averageSyn: 397.705
2024-07-19 16:14:43,810 - scalability_51_48_results_50_ - INFO - Pulsar_averageDis: 401712.375
2024-07-19 16:14:43,810 - scalability_51_48_results_50_ - INFO - Pulsar_averageCollisionNum: 4.0625
2024-07-19 16:14:43,810 - scalability_51_48_results_50_ - INFO - Pulsar_sumCollisionNum: 195
2024-07-19 16:14:43,810 - scalability_51_48_results_50_ - INFO - Free_beacon_averageSyn: 186.82
2024-07-19 16:14:43,810 - scalability_51_48_results_50_ - INFO - Free_beacon_averageDis: 51406.833333333336
2024-07-19 16:14:43,810 - scalability_51_48_results_50_ - INFO - Free_beacon_averageCollisionNum: 13.916666666666666
2024-07-19 16:14:43,810 - scalability_51_48_results_50_ - INFO - Free_beacon_sumCollisionNum: 668
2024-07-19 16:14:43,811 - scalability_51_48_results_50_ - INFO - Find_averageEnhancedSyn: 536.5147646576028
2024-07-19 16:14:43,811 - scalability_51_48_results_50_ - INFO - Find_averageEnhancedDis: 0.0
2024-07-19 16:14:43,811 - scalability_51_48_results_50_ - INFO - Find_averageEnhancedCollisionNum: 0.9999999999999999
2024-07-19 16:14:43,812 - scalability_51_48_results_50_ - INFO - FlyncFind_averageEnhancedSyn: 18254.953966384757
2024-07-19 16:14:43,812 - scalability_51_48_results_50_ - INFO - FlyncFind_averageEnhancedDis: 0.0
2024-07-19 16:14:43,812 - scalability_51_48_results_50_ - INFO - FlyncFind_averageEnhancedCollisionNum: 1.0
2024-07-19 16:14:43,813 - scalability_51_48_results_50_ - INFO - Pulsar_averageEnhancedSyn: 2.1288138314955574
2024-07-19 16:14:43,813 - scalability_51_48_results_50_ - INFO - Pulsar_averageEnhancedDis: 7.81437697971411
2024-07-19 16:14:43,813 - scalability_51_48_results_50_ - INFO - Pulsar_averageEnhancedCollisionNum: 1.0
