2024-07-20 18:46:55,001 - scalability_51_48_results_200_ - INFO - *******************STATIC_TRACE*******************
2024-07-20 18:46:55,002 - scalability_51_48_results_200_ - INFO - Find_averageSyn: 780922.6041666666
2024-07-20 18:46:55,002 - scalability_51_48_results_200_ - INFO - Find_averageDis: 0.0
2024-07-20 18:46:55,002 - scalability_51_48_results_200_ - INFO - Find_averageCollisionNum: 12.0
2024-07-20 18:46:55,002 - scalability_51_48_results_200_ - INFO - Find_sumCollisionNum: 576
2024-07-20 18:46:55,002 - scalability_51_48_results_200_ - INFO - FlyncFind_averageSyn: 646220.8916666667
2024-07-20 18:46:55,002 - scalability_51_48_results_200_ - INFO - FlyncFind_averageDis: 0.0
2024-07-20 18:46:55,002 - scalability_51_48_results_200_ - INFO - FlyncFind_averageCollisionNum: 428.0416666666667
2024-07-20 18:46:55,003 - scalability_51_48_results_200_ - INFO - FlyncFind_sumCollisionNum: 20546
2024-07-20 18:46:55,003 - scalability_51_48_results_200_ - INFO - Pulsar_averageSyn: 3961.1716666666666
2024-07-20 18:46:55,003 - scalability_51_48_results_200_ - INFO - Pulsar_averageDis: 445390.5833333333
2024-07-20 18:46:55,003 - scalability_51_48_results_200_ - INFO - Pulsar_averageCollisionNum: 0.6875
2024-07-20 18:46:55,003 - scalability_51_48_results_200_ - INFO - Pulsar_sumCollisionNum: 33
2024-07-20 18:46:55,003 - scalability_51_48_results_200_ - INFO - Free_beacon_averageSyn: 10312.428333333333
2024-07-20 18:46:55,003 - scalability_51_48_results_200_ - INFO - Free_beacon_averageDis: 44643.833333333336
2024-07-20 18:46:55,004 - scalability_51_48_results_200_ - INFO - Free_beacon_averageCollisionNum: 1.2916666666666667
2024-07-20 18:46:55,004 - scalability_51_48_results_200_ - INFO - Free_beacon_sumCollisionNum: 62
2024-07-20 18:46:55,004 - scalability_51_48_results_200_ - INFO - Find_averageEnhancedSyn: 75.72635454274672
2024-07-20 18:46:55,005 - scalability_51_48_results_200_ - INFO - Find_averageEnhancedDis: 0.0
2024-07-20 18:46:55,005 - scalability_51_48_results_200_ - INFO - Find_averageEnhancedCollisionNum: 1.0
2024-07-20 18:46:55,005 - scalability_51_48_results_200_ - INFO - FlyncFind_averageEnhancedSyn: 62.664279525498124
2024-07-20 18:46:55,006 - scalability_51_48_results_200_ - INFO - FlyncFind_averageEnhancedDis: 0.0
2024-07-20 18:46:55,006 - scalability_51_48_results_200_ - INFO - FlyncFind_averageEnhancedCollisionNum: 1.0
2024-07-20 18:46:55,006 - scalability_51_48_results_200_ - INFO - Pulsar_averageEnhancedSyn: 0.3841162855758028
2024-07-20 18:46:55,007 - scalability_51_48_results_200_ - INFO - Pulsar_averageEnhancedDis: 9.976530913190697
2024-07-20 18:46:55,007 - scalability_51_48_results_200_ - INFO - Pulsar_averageEnhancedCollisionNum: 1.0
