2024-07-21 04:31:51,120 - scalability_51_50_results_300_ - INFO - *******************STATIC_TRACE*******************
2024-07-21 04:31:51,120 - scalability_51_50_results_300_ - INFO - Find_averageSyn: 1608324.7048
2024-07-21 04:31:51,120 - scalability_51_50_results_300_ - INFO - Find_averageDis: 0.0
2024-07-21 04:31:51,121 - scalability_51_50_results_300_ - INFO - Find_averageCollisionNum: 7.16
2024-07-21 04:31:51,121 - scalability_51_50_results_300_ - INFO - Find_sumCollisionNum: 358
2024-07-21 04:31:51,121 - scalability_51_50_results_300_ - INFO - FlyncFind_averageSyn: 872132.144
2024-07-21 04:31:51,121 - scalability_51_50_results_300_ - INFO - FlyncFind_averageDis: 0.0
2024-07-21 04:31:51,121 - scalability_51_50_results_300_ - INFO - FlyncFind_averageCollisionNum: 212.04
2024-07-21 04:31:51,121 - scalability_51_50_results_300_ - INFO - FlyncFind_sumCollisionNum: 10602
2024-07-21 04:31:51,122 - scalability_51_50_results_300_ - INFO - Pulsar_averageSyn: 6066.5584
2024-07-21 04:31:51,122 - scalability_51_50_results_300_ - INFO - Pulsar_averageDis: 619894.44
2024-07-21 04:31:51,122 - scalability_51_50_results_300_ - INFO - Pulsar_averageCollisionNum: 0.62
2024-07-21 04:31:51,122 - scalability_51_50_results_300_ - INFO - Pulsar_sumCollisionNum: 31
2024-07-21 04:31:51,122 - scalability_51_50_results_300_ - INFO - Free_beacon_averageSyn: 18869.4976
2024-07-21 04:31:51,122 - scalability_51_50_results_300_ - INFO - Free_beacon_averageDis: 56225.6
2024-07-21 04:31:51,122 - scalability_51_50_results_300_ - INFO - Free_beacon_averageCollisionNum: 2.38
2024-07-21 04:31:51,122 - scalability_51_50_results_300_ - INFO - Free_beacon_sumCollisionNum: 119
2024-07-21 04:31:51,123 - scalability_51_50_results_300_ - INFO - Find_averageEnhancedSyn: 85.23410314856501
2024-07-21 04:31:51,123 - scalability_51_50_results_300_ - INFO - Find_averageEnhancedDis: 0.0
2024-07-21 04:31:51,123 - scalability_51_50_results_300_ - INFO - Find_averageEnhancedCollisionNum: 1.0
2024-07-21 04:31:51,124 - scalability_51_50_results_300_ - INFO - FlyncFind_averageEnhancedSyn: 46.219150212033206
2024-07-21 04:31:51,124 - scalability_51_50_results_300_ - INFO - FlyncFind_averageEnhancedDis: 0.0
2024-07-21 04:31:51,124 - scalability_51_50_results_300_ - INFO - FlyncFind_averageEnhancedCollisionNum: 1.0
2024-07-21 04:31:51,125 - scalability_51_50_results_300_ - INFO - Pulsar_averageEnhancedSyn: 0.32150079077887056
2024-07-21 04:31:51,125 - scalability_51_50_results_300_ - INFO - Pulsar_averageEnhancedDis: 11.02512805554765
2024-07-21 04:31:51,125 - scalability_51_50_results_300_ - INFO - Pulsar_averageEnhancedCollisionNum: 1.0
