2024-07-21 12:02:38,683 - scalability_51_48_results_500_ - INFO - *******************STATIC_TRACE*******************
2024-07-21 12:02:38,683 - scalability_51_48_results_500_ - INFO - Find_averageSyn: 3855822.8041666667
2024-07-21 12:02:38,683 - scalability_51_48_results_500_ - INFO - Find_averageDis: 0.0
2024-07-21 12:02:38,683 - scalability_51_48_results_500_ - INFO - Find_averageCollisionNum: 3.6666666666666665
2024-07-21 12:02:38,683 - scalability_51_48_results_500_ - INFO - Find_sumCollisionNum: 176
2024-07-21 12:02:38,684 - scalability_51_48_results_500_ - INFO - FlyncFind_averageSyn: 1140487.2416666667
2024-07-21 12:02:38,684 - scalability_51_48_results_500_ - INFO - FlyncFind_averageDis: 0.0
2024-07-21 12:02:38,684 - scalability_51_48_results_500_ - INFO - FlyncFind_averageCollisionNum: 72.0
2024-07-21 12:02:38,684 - scalability_51_48_results_500_ - INFO - FlyncFind_sumCollisionNum: 3456
2024-07-21 12:02:38,684 - scalability_51_48_results_500_ - INFO - Pulsar_averageSyn: 35597.27333333333
2024-07-21 12:02:38,684 - scalability_51_48_results_500_ - INFO - Pulsar_averageDis: 649951.5625
2024-07-21 12:02:38,684 - scalability_51_48_results_500_ - INFO - Pulsar_averageCollisionNum: 0.10416666666666667
2024-07-21 12:02:38,685 - scalability_51_48_results_500_ - INFO - Pulsar_sumCollisionNum: 5
2024-07-21 12:02:38,685 - scalability_51_48_results_500_ - INFO - Free_beacon_averageSyn: 50212.083333333336
2024-07-21 12:02:38,685 - scalability_51_48_results_500_ - INFO - Free_beacon_averageDis: 93751.70833333333
2024-07-21 12:02:38,685 - scalability_51_48_results_500_ - INFO - Free_beacon_averageCollisionNum: 0.7291666666666666
2024-07-21 12:02:38,685 - scalability_51_48_results_500_ - INFO - Free_beacon_sumCollisionNum: 35
2024-07-21 12:02:38,686 - scalability_51_48_results_500_ - INFO - Find_averageEnhancedSyn: 76.79073538075994
2024-07-21 12:02:38,686 - scalability_51_48_results_500_ - INFO - Find_averageEnhancedDis: 0.0
2024-07-21 12:02:38,686 - scalability_51_48_results_500_ - INFO - Find_averageEnhancedCollisionNum: 1.0000000000000002
2024-07-21 12:02:38,687 - scalability_51_48_results_500_ - INFO - FlyncFind_averageEnhancedSyn: 22.713402152536325
2024-07-21 12:02:38,687 - scalability_51_48_results_500_ - INFO - FlyncFind_averageEnhancedDis: 0.0
2024-07-21 12:02:38,687 - scalability_51_48_results_500_ - INFO - FlyncFind_averageEnhancedCollisionNum: 1.0
2024-07-21 12:02:38,688 - scalability_51_48_results_500_ - INFO - Pulsar_averageEnhancedSyn: 0.7089383863445883
2024-07-21 12:02:38,688 - scalability_51_48_results_500_ - INFO - Pulsar_averageEnhancedDis: 6.932690337642737
2024-07-21 12:02:38,688 - scalability_51_48_results_500_ - INFO - Pulsar_averageEnhancedCollisionNum: 1.0
