2024-07-15 18:51:38,697 - scalability_51_10_results_10_ - INFO - *******************STATIC_TRACE*******************
2024-07-15 18:51:38,697 - scalability_51_10_results_10_ - INFO - Find_averageSyn: 1092.332
2024-07-15 18:51:38,697 - scalability_51_10_results_10_ - INFO - Find_averageDis: 0.0
2024-07-15 18:51:38,697 - scalability_51_10_results_10_ - INFO - Find_averageCollisionNum: 46.6
2024-07-15 18:51:38,698 - scalability_51_10_results_10_ - INFO - Find_sumCollisionNum: 466
2024-07-15 18:51:38,698 - scalability_51_10_results_10_ - INFO - FlyncFind_averageSyn: 2162897.472
2024-07-15 18:51:38,698 - scalability_51_10_results_10_ - INFO - FlyncFind_averageDis: 0.0
2024-07-15 18:51:38,698 - scalability_51_10_results_10_ - INFO - FlyncFind_averageCollisionNum: 813140.6
2024-07-15 18:51:38,698 - scalability_51_10_results_10_ - INFO - FlyncFind_sumCollisionNum: 8131406
2024-07-15 18:51:38,698 - scalability_51_10_results_10_ - INFO - Pulsar_averageSyn: 36.36
2024-07-15 18:51:38,698 - scalability_51_10_results_10_ - INFO - Pulsar_averageDis: 1855.7
2024-07-15 18:51:38,699 - scalability_51_10_results_10_ - INFO - Pulsar_averageCollisionNum: 5.7
2024-07-15 18:51:38,699 - scalability_51_10_results_10_ - INFO - Pulsar_sumCollisionNum: 57
2024-07-15 18:51:38,699 - scalability_51_10_results_10_ - INFO - Free_beacon_averageSyn: 65.796
2024-07-15 18:51:38,699 - scalability_51_10_results_10_ - INFO - Free_beacon_averageDis: 4818.7
2024-07-15 18:51:38,699 - scalability_51_10_results_10_ - INFO - Free_beacon_averageCollisionNum: 6.3
2024-07-15 18:51:38,699 - scalability_51_10_results_10_ - INFO - Free_beacon_sumCollisionNum: 63
2024-07-15 18:51:38,699 - scalability_51_10_results_10_ - INFO - Find_averageEnhancedSyn: 16.601799501489452
2024-07-15 18:51:38,699 - scalability_51_10_results_10_ - INFO - Find_averageEnhancedDis: 0.0
2024-07-15 18:51:38,700 - scalability_51_10_results_10_ - INFO - Find_averageEnhancedCollisionNum: 1.0
2024-07-15 18:51:38,700 - scalability_51_10_results_10_ - INFO - FlyncFind_averageEnhancedSyn: 32872.78059456502
2024-07-15 18:51:38,700 - scalability_51_10_results_10_ - INFO - FlyncFind_averageEnhancedDis: 0.0
2024-07-15 18:51:38,700 - scalability_51_10_results_10_ - INFO - FlyncFind_averageEnhancedCollisionNum: 1.0
2024-07-15 18:51:38,700 - scalability_51_10_results_10_ - INFO - Pulsar_averageEnhancedSyn: 0.5526171803757066
2024-07-15 18:51:38,700 - scalability_51_10_results_10_ - INFO - Pulsar_averageEnhancedDis: 0.38510386618797604
2024-07-15 18:51:38,701 - scalability_51_10_results_10_ - INFO - Pulsar_averageEnhancedCollisionNum: 0.9999999999999998
