2024-07-20 09:18:15,177 - scalability_51_48_results_100_ - INFO - *******************STATIC_TRACE*******************
2024-07-20 09:18:15,178 - scalability_51_48_results_100_ - INFO - Find_averageSyn: 235967.235
2024-07-20 09:18:15,178 - scalability_51_48_results_100_ - INFO - Find_averageDis: 0.0
2024-07-20 09:18:15,178 - scalability_51_48_results_100_ - INFO - Find_averageCollisionNum: 25.25
2024-07-20 09:18:15,178 - scalability_51_48_results_100_ - INFO - Find_sumCollisionNum: 1212
2024-07-20 09:18:15,178 - scalability_51_48_results_100_ - INFO - FlyncFind_averageSyn: 1380629.6916666667
2024-07-20 09:18:15,178 - scalability_51_48_results_100_ - INFO - FlyncFind_averageDis: 0.0
2024-07-20 09:18:15,179 - scalability_51_48_results_100_ - INFO - FlyncFind_averageCollisionNum: 3932.0
2024-07-20 09:18:15,179 - scalability_51_48_results_100_ - INFO - FlyncFind_sumCollisionNum: 188736
2024-07-20 09:18:15,179 - scalability_51_48_results_100_ - INFO - Pulsar_averageSyn: 964.8858333333334
2024-07-20 09:18:15,179 - scalability_51_48_results_100_ - INFO - Pulsar_averageDis: 350687.1666666667
2024-07-20 09:18:15,179 - scalability_51_48_results_100_ - INFO - Pulsar_averageCollisionNum: 2.3958333333333335
2024-07-20 09:18:15,179 - scalability_51_48_results_100_ - INFO - Pulsar_sumCollisionNum: 115
2024-07-20 09:18:15,179 - scalability_51_48_results_100_ - INFO - Free_beacon_averageSyn: 3146.5416666666665
2024-07-20 09:18:15,180 - scalability_51_48_results_100_ - INFO - Free_beacon_averageDis: 31158.854166666668
2024-07-20 09:18:15,180 - scalability_51_48_results_100_ - INFO - Free_beacon_averageCollisionNum: 2.3958333333333335
2024-07-20 09:18:15,180 - scalability_51_48_results_100_ - INFO - Free_beacon_sumCollisionNum: 115
2024-07-20 09:18:15,180 - scalability_51_48_results_100_ - INFO - Find_averageEnhancedSyn: 74.99256644199319
2024-07-20 09:18:15,181 - scalability_51_48_results_100_ - INFO - Find_averageEnhancedDis: 0.0
2024-07-20 09:18:15,181 - scalability_51_48_results_100_ - INFO - Find_averageEnhancedCollisionNum: 1.0
2024-07-20 09:18:15,181 - scalability_51_48_results_100_ - INFO - FlyncFind_averageEnhancedSyn: 438.77686613610183
2024-07-20 09:18:15,182 - scalability_51_48_results_100_ - INFO - FlyncFind_averageEnhancedDis: 0.0
2024-07-20 09:18:15,182 - scalability_51_48_results_100_ - INFO - FlyncFind_averageEnhancedCollisionNum: 1.0
2024-07-20 09:18:15,182 - scalability_51_48_results_100_ - INFO - Pulsar_averageEnhancedSyn: 0.30664962856045663
2024-07-20 09:18:15,182 - scalability_51_48_results_100_ - INFO - Pulsar_averageEnhancedDis: 11.254815879648977
2024-07-20 09:18:15,183 - scalability_51_48_results_100_ - INFO - Pulsar_averageEnhancedCollisionNum: 1.0
