2024-07-21 04:52:45,547 - scalability_51_16_results_500_ - INFO - *******************STATIC_TRACE*******************
2024-07-21 04:52:45,547 - scalability_51_16_results_500_ - INFO - Find_averageSyn: 1429699.33
2024-07-21 04:52:45,547 - scalability_51_16_results_500_ - INFO - Find_averageDis: 0.0
2024-07-21 04:52:45,547 - scalability_51_16_results_500_ - INFO - Find_averageCollisionNum: 1.25
2024-07-21 04:52:45,547 - scalability_51_16_results_500_ - INFO - Find_sumCollisionNum: 20
2024-07-21 04:52:45,547 - scalability_51_16_results_500_ - INFO - FlyncFind_averageSyn: 277794.805
2024-07-21 04:52:45,548 - scalability_51_16_results_500_ - INFO - FlyncFind_averageDis: 0.0
2024-07-21 04:52:45,548 - scalability_51_16_results_500_ - INFO - FlyncFind_averageCollisionNum: 17.375
2024-07-21 04:52:45,548 - scalability_51_16_results_500_ - INFO - FlyncFind_sumCollisionNum: 278
2024-07-21 04:52:45,548 - scalability_51_16_results_500_ - INFO - Pulsar_averageSyn: 199199.8325
2024-07-21 04:52:45,548 - scalability_51_16_results_500_ - INFO - Pulsar_averageDis: 96439.1875
2024-07-21 04:52:45,548 - scalability_51_16_results_500_ - INFO - Pulsar_averageCollisionNum: 0.125
2024-07-21 04:52:45,548 - scalability_51_16_results_500_ - INFO - Pulsar_sumCollisionNum: 2
2024-07-21 04:52:45,548 - scalability_51_16_results_500_ - INFO - Free_beacon_averageSyn: 43532.675
2024-07-21 04:52:45,548 - scalability_51_16_results_500_ - INFO - Free_beacon_averageDis: 39889.5
2024-07-21 04:52:45,548 - scalability_51_16_results_500_ - INFO - Free_beacon_averageCollisionNum: 0.0
2024-07-21 04:52:45,549 - scalability_51_16_results_500_ - INFO - Free_beacon_sumCollisionNum: 0
2024-07-21 04:52:45,549 - scalability_51_16_results_500_ - INFO - Find_averageEnhancedSyn: 32.841982028441855
2024-07-21 04:52:45,549 - scalability_51_16_results_500_ - INFO - Find_averageEnhancedDis: 0.0
2024-07-21 04:52:45,549 - scalability_51_16_results_500_ - INFO - Find_averageEnhancedCollisionNum: 0.9999999999999999
2024-07-21 04:52:45,549 - scalability_51_16_results_500_ - INFO - FlyncFind_averageEnhancedSyn: 6.3812941658191225
2024-07-21 04:52:45,550 - scalability_51_16_results_500_ - INFO - FlyncFind_averageEnhancedDis: 0.0
2024-07-21 04:52:45,550 - scalability_51_16_results_500_ - INFO - FlyncFind_averageEnhancedCollisionNum: 0.9999999999999999
2024-07-21 04:52:45,550 - scalability_51_16_results_500_ - INFO - Pulsar_averageEnhancedSyn: 4.575869332633475
2024-07-21 04:52:45,550 - scalability_51_16_results_500_ - INFO - Pulsar_averageEnhancedDis: 2.4176584690206697
2024-07-21 04:52:45,550 - scalability_51_16_results_500_ - INFO - Pulsar_averageEnhancedCollisionNum: 1.0
