2024-07-21 14:40:41,219 - scalability_51_50_results_500_ - INFO - *******************STATIC_TRACE*******************
2024-07-21 14:40:41,219 - scalability_51_50_results_500_ - INFO - Find_averageSyn: 3989554.068
2024-07-21 14:40:41,219 - scalability_51_50_results_500_ - INFO - Find_averageDis: 0.0
2024-07-21 14:40:41,219 - scalability_51_50_results_500_ - INFO - Find_averageCollisionNum: 4.48
2024-07-21 14:40:41,219 - scalability_51_50_results_500_ - INFO - Find_sumCollisionNum: 224
2024-07-21 14:40:41,220 - scalability_51_50_results_500_ - INFO - FlyncFind_averageSyn: 1274460.72
2024-07-21 14:40:41,220 - scalability_51_50_results_500_ - INFO - FlyncFind_averageDis: 0.0
2024-07-21 14:40:41,220 - scalability_51_50_results_500_ - INFO - FlyncFind_averageCollisionNum: 74.6
2024-07-21 14:40:41,220 - scalability_51_50_results_500_ - INFO - FlyncFind_sumCollisionNum: 3730
2024-07-21 14:40:41,220 - scalability_51_50_results_500_ - INFO - Pulsar_averageSyn: 28743.092
2024-07-21 14:40:41,220 - scalability_51_50_results_500_ - INFO - Pulsar_averageDis: 890831.8
2024-07-21 14:40:41,221 - scalability_51_50_results_500_ - INFO - Pulsar_averageCollisionNum: 0.44
2024-07-21 14:40:41,221 - scalability_51_50_results_500_ - INFO - Pulsar_sumCollisionNum: 22
2024-07-21 14:40:41,221 - scalability_51_50_results_500_ - INFO - Free_beacon_averageSyn: 51263.664
2024-07-21 14:40:41,221 - scalability_51_50_results_500_ - INFO - Free_beacon_averageDis: 94881.16
2024-07-21 14:40:41,221 - scalability_51_50_results_500_ - INFO - Free_beacon_averageCollisionNum: 1.04
2024-07-21 14:40:41,221 - scalability_51_50_results_500_ - INFO - Free_beacon_sumCollisionNum: 52
2024-07-21 14:40:41,222 - scalability_51_50_results_500_ - INFO - Find_averageEnhancedSyn: 77.82420835155287
2024-07-21 14:40:41,222 - scalability_51_50_results_500_ - INFO - Find_averageEnhancedDis: 0.0
2024-07-21 14:40:41,222 - scalability_51_50_results_500_ - INFO - Find_averageEnhancedCollisionNum: 1.0
2024-07-21 14:40:41,223 - scalability_51_50_results_500_ - INFO - FlyncFind_averageEnhancedSyn: 24.860897964687034
2024-07-21 14:40:41,223 - scalability_51_50_results_500_ - INFO - FlyncFind_averageEnhancedDis: 0.0
2024-07-21 14:40:41,223 - scalability_51_50_results_500_ - INFO - FlyncFind_averageEnhancedCollisionNum: 1.0000000000000002
2024-07-21 14:40:41,224 - scalability_51_50_results_500_ - INFO - Pulsar_averageEnhancedSyn: 0.5606913309981121
2024-07-21 14:40:41,224 - scalability_51_50_results_500_ - INFO - Pulsar_averageEnhancedDis: 9.388921889234913
2024-07-21 14:40:41,224 - scalability_51_50_results_500_ - INFO - Pulsar_averageEnhancedCollisionNum: 1.0
