2024-07-18 12:47:30,051 - scalability_51_10_results_50_ - INFO - *******************STATIC_TRACE*******************
2024-07-18 12:47:30,051 - scalability_51_10_results_50_ - INFO - Find_averageSyn: 13574.68
2024-07-18 12:47:30,051 - scalability_51_10_results_50_ - INFO - Find_averageDis: 0.0
2024-07-18 12:47:30,051 - scalability_51_10_results_50_ - INFO - Find_averageCollisionNum: 9.6
2024-07-18 12:47:30,052 - scalability_51_10_results_50_ - INFO - Find_sumCollisionNum: 96
2024-07-18 12:47:30,052 - scalability_51_10_results_50_ - INFO - FlyncFind_averageSyn: 11914.96
2024-07-18 12:47:30,052 - scalability_51_10_results_50_ - INFO - FlyncFind_averageDis: 0.0
2024-07-18 12:47:30,052 - scalability_51_10_results_50_ - INFO - FlyncFind_averageCollisionNum: 363.6
2024-07-18 12:47:30,052 - scalability_51_10_results_50_ - INFO - FlyncFind_sumCollisionNum: 3636
2024-07-18 12:47:30,052 - scalability_51_10_results_50_ - INFO - Pulsar_averageSyn: 684.444
2024-07-18 12:47:30,052 - scalability_51_10_results_50_ - INFO - Pulsar_averageDis: 4180.5
2024-07-18 12:47:30,052 - scalability_51_10_results_50_ - INFO - Pulsar_averageCollisionNum: 0.3
2024-07-18 12:47:30,053 - scalability_51_10_results_50_ - INFO - Pulsar_sumCollisionNum: 3
2024-07-18 12:47:30,053 - scalability_51_10_results_50_ - INFO - Free_beacon_averageSyn: 115.592
2024-07-18 12:47:30,053 - scalability_51_10_results_50_ - INFO - Free_beacon_averageDis: 10422.6
2024-07-18 12:47:30,053 - scalability_51_10_results_50_ - INFO - Free_beacon_averageCollisionNum: 12.4
2024-07-18 12:47:30,053 - scalability_51_10_results_50_ - INFO - Free_beacon_sumCollisionNum: 124
2024-07-18 12:47:30,053 - scalability_51_10_results_50_ - INFO - Find_averageEnhancedSyn: 117.43615475119385
2024-07-18 12:47:30,053 - scalability_51_10_results_50_ - INFO - Find_averageEnhancedDis: 0.0
2024-07-18 12:47:30,053 - scalability_51_10_results_50_ - INFO - Find_averageEnhancedCollisionNum: 1.0
2024-07-18 12:47:30,054 - scalability_51_10_results_50_ - INFO - FlyncFind_averageEnhancedSyn: 103.07772164163609
2024-07-18 12:47:30,054 - scalability_51_10_results_50_ - INFO - FlyncFind_averageEnhancedDis: 0.0
2024-07-18 12:47:30,054 - scalability_51_10_results_50_ - INFO - FlyncFind_averageEnhancedCollisionNum: 1.0
2024-07-18 12:47:30,054 - scalability_51_10_results_50_ - INFO - Pulsar_averageEnhancedSyn: 5.921205619766074
2024-07-18 12:47:30,054 - scalability_51_10_results_50_ - INFO - Pulsar_averageEnhancedDis: 0.40109953370560125
2024-07-18 12:47:30,055 - scalability_51_10_results_50_ - INFO - Pulsar_averageEnhancedCollisionNum: 1.0
