2024-07-21 04:37:41,351 - scalability_51_10_results_500_ - INFO - *******************STATIC_TRACE*******************
2024-07-21 04:37:41,351 - scalability_51_10_results_500_ - INFO - Find_averageSyn: 874835.424
2024-07-21 04:37:41,351 - scalability_51_10_results_500_ - INFO - Find_averageDis: 0.0
2024-07-21 04:37:41,352 - scalability_51_10_results_500_ - INFO - Find_averageCollisionNum: 0.2
2024-07-21 04:37:41,352 - scalability_51_10_results_500_ - INFO - Find_sumCollisionNum: 2
2024-07-21 04:37:41,352 - scalability_51_10_results_500_ - INFO - FlyncFind_averageSyn: 173153.76
2024-07-21 04:37:41,352 - scalability_51_10_results_500_ - INFO - FlyncFind_averageDis: 0.0
2024-07-21 04:37:41,352 - scalability_51_10_results_500_ - INFO - FlyncFind_averageCollisionNum: 10.4
2024-07-21 04:37:41,352 - scalability_51_10_results_500_ - INFO - FlyncFind_sumCollisionNum: 104
2024-07-21 04:37:41,352 - scalability_51_10_results_500_ - INFO - Pulsar_averageSyn: 405473.776
2024-07-21 04:37:41,352 - scalability_51_10_results_500_ - INFO - Pulsar_averageDis: 28303.8
2024-07-21 04:37:41,352 - scalability_51_10_results_500_ - INFO - Pulsar_averageCollisionNum: 0.0
2024-07-21 04:37:41,352 - scalability_51_10_results_500_ - INFO - Pulsar_sumCollisionNum: 0
2024-07-21 04:37:41,353 - scalability_51_10_results_500_ - INFO - Free_beacon_averageSyn: 44620.82
2024-07-21 04:37:41,353 - scalability_51_10_results_500_ - INFO - Free_beacon_averageDis: 33735.9
2024-07-21 04:37:41,353 - scalability_51_10_results_500_ - INFO - Free_beacon_averageCollisionNum: 0.0
2024-07-21 04:37:41,353 - scalability_51_10_results_500_ - INFO - Free_beacon_sumCollisionNum: 0
2024-07-21 04:37:41,353 - scalability_51_10_results_500_ - INFO - Find_averageEnhancedSyn: 19.605991642466453
2024-07-21 04:37:41,353 - scalability_51_10_results_500_ - INFO - Find_averageEnhancedDis: 0.0
2024-07-21 04:37:41,353 - scalability_51_10_results_500_ - INFO - Find_averageEnhancedCollisionNum: 1.0
2024-07-21 04:37:41,354 - scalability_51_10_results_500_ - INFO - FlyncFind_averageEnhancedSyn: 3.8805597924914874
2024-07-21 04:37:41,354 - scalability_51_10_results_500_ - INFO - FlyncFind_averageEnhancedDis: 0.0
2024-07-21 04:37:41,354 - scalability_51_10_results_500_ - INFO - FlyncFind_averageEnhancedCollisionNum: 1.0
2024-07-21 04:37:41,354 - scalability_51_10_results_500_ - INFO - Pulsar_averageEnhancedSyn: 9.087098264890695
2024-07-21 04:37:41,354 - scalability_51_10_results_500_ - INFO - Pulsar_averageEnhancedDis: 0.838981618987488
2024-07-21 04:37:41,354 - scalability_51_10_results_500_ - INFO - Pulsar_averageEnhancedCollisionNum: 0.0
