2024-07-18 22:52:02,203 - scalability_51_36_results_50_ - INFO - *******************STATIC_TRACE*******************
2024-07-18 22:52:02,203 - scalability_51_36_results_50_ - INFO - Find_averageSyn: 61896.82444444444
2024-07-18 22:52:02,203 - scalability_51_36_results_50_ - INFO - Find_averageDis: 0.0
2024-07-18 22:52:02,204 - scalability_51_36_results_50_ - INFO - Find_averageCollisionNum: 41.94444444444444
2024-07-18 22:52:02,204 - scalability_51_36_results_50_ - INFO - Find_sumCollisionNum: 1510
2024-07-18 22:52:02,204 - scalability_51_36_results_50_ - INFO - FlyncFind_averageSyn: 2009823.8555555556
2024-07-18 22:52:02,204 - scalability_51_36_results_50_ - INFO - FlyncFind_averageDis: 0.0
2024-07-18 22:52:02,204 - scalability_51_36_results_50_ - INFO - FlyncFind_averageCollisionNum: 25441.277777777777
2024-07-18 22:52:02,204 - scalability_51_36_results_50_ - INFO - FlyncFind_sumCollisionNum: 915886
2024-07-18 22:52:02,204 - scalability_51_36_results_50_ - INFO - Pulsar_averageSyn: 351.70444444444445
2024-07-18 22:52:02,205 - scalability_51_36_results_50_ - INFO - Pulsar_averageDis: 106680.33333333333
2024-07-18 22:52:02,205 - scalability_51_36_results_50_ - INFO - Pulsar_averageCollisionNum: 1.6944444444444444
2024-07-18 22:52:02,205 - scalability_51_36_results_50_ - INFO - Pulsar_sumCollisionNum: 61
2024-07-18 22:52:02,205 - scalability_51_36_results_50_ - INFO - Free_beacon_averageSyn: 129.77666666666667
2024-07-18 22:52:02,205 - scalability_51_36_results_50_ - INFO - Free_beacon_averageDis: 20489.555555555555
2024-07-18 22:52:02,205 - scalability_51_36_results_50_ - INFO - Free_beacon_averageCollisionNum: 5.805555555555555
2024-07-18 22:52:02,205 - scalability_51_36_results_50_ - INFO - Free_beacon_sumCollisionNum: 209
2024-07-18 22:52:02,206 - scalability_51_36_results_50_ - INFO - Find_averageEnhancedSyn: 476.9487923697977
2024-07-18 22:52:02,206 - scalability_51_36_results_50_ - INFO - Find_averageEnhancedDis: 0.0
2024-07-18 22:52:02,206 - scalability_51_36_results_50_ - INFO - Find_averageEnhancedCollisionNum: 1.0000000000000002
2024-07-18 22:52:02,207 - scalability_51_36_results_50_ - INFO - FlyncFind_averageEnhancedSyn: 15486.789013604568
2024-07-18 22:52:02,207 - scalability_51_36_results_50_ - INFO - FlyncFind_averageEnhancedDis: 0.0
2024-07-18 22:52:02,207 - scalability_51_36_results_50_ - INFO - FlyncFind_averageEnhancedCollisionNum: 1.0
2024-07-18 22:52:02,207 - scalability_51_36_results_50_ - INFO - Pulsar_averageEnhancedSyn: 2.710074572556272
2024-07-18 22:52:02,208 - scalability_51_36_results_50_ - INFO - Pulsar_averageEnhancedDis: 5.206571369695129
2024-07-18 22:52:02,208 - scalability_51_36_results_50_ - INFO - Pulsar_averageEnhancedCollisionNum: 0.9999999999999998
