2024-07-21 06:45:11,018 - scalability_51_30_results_500_ - INFO - *******************STATIC_TRACE*******************
2024-07-21 06:45:11,018 - scalability_51_30_results_500_ - INFO - Find_averageSyn: 2485563.5906666666
2024-07-21 06:45:11,019 - scalability_51_30_results_500_ - INFO - Find_averageDis: 0.0
2024-07-21 06:45:11,019 - scalability_51_30_results_500_ - INFO - Find_averageCollisionNum: 2.533333333333333
2024-07-21 06:45:11,019 - scalability_51_30_results_500_ - INFO - Find_sumCollisionNum: 76
2024-07-21 06:45:11,019 - scalability_51_30_results_500_ - INFO - FlyncFind_averageSyn: 657436.8666666667
2024-07-21 06:45:11,019 - scalability_51_30_results_500_ - INFO - FlyncFind_averageDis: 0.0
2024-07-21 06:45:11,019 - scalability_51_30_results_500_ - INFO - FlyncFind_averageCollisionNum: 39.733333333333334
2024-07-21 06:45:11,019 - scalability_51_30_results_500_ - INFO - FlyncFind_sumCollisionNum: 1192
2024-07-21 06:45:11,019 - scalability_51_30_results_500_ - INFO - Pulsar_averageSyn: 65772.364
2024-07-21 06:45:11,020 - scalability_51_30_results_500_ - INFO - Pulsar_averageDis: 300823.26666666666
2024-07-21 06:45:11,020 - scalability_51_30_results_500_ - INFO - Pulsar_averageCollisionNum: 0.5333333333333333
2024-07-21 06:45:11,020 - scalability_51_30_results_500_ - INFO - Pulsar_sumCollisionNum: 16
2024-07-21 06:45:11,020 - scalability_51_30_results_500_ - INFO - Free_beacon_averageSyn: 48889.83866666667
2024-07-21 06:45:11,020 - scalability_51_30_results_500_ - INFO - Free_beacon_averageDis: 56331.63333333333
2024-07-21 06:45:11,020 - scalability_51_30_results_500_ - INFO - Free_beacon_averageCollisionNum: 0.0
2024-07-21 06:45:11,020 - scalability_51_30_results_500_ - INFO - Free_beacon_sumCollisionNum: 0
2024-07-21 06:45:11,021 - scalability_51_30_results_500_ - INFO - Find_averageEnhancedSyn: 50.84008576124298
2024-07-21 06:45:11,021 - scalability_51_30_results_500_ - INFO - Find_averageEnhancedDis: 0.0
2024-07-21 06:45:11,021 - scalability_51_30_results_500_ - INFO - Find_averageEnhancedCollisionNum: 1.0000000000000002
2024-07-21 06:45:11,021 - scalability_51_30_results_500_ - INFO - FlyncFind_averageEnhancedSyn: 13.44731102814848
2024-07-21 06:45:11,022 - scalability_51_30_results_500_ - INFO - FlyncFind_averageEnhancedDis: 0.0
2024-07-21 06:45:11,022 - scalability_51_30_results_500_ - INFO - FlyncFind_averageEnhancedCollisionNum: 0.9999999999999999
2024-07-21 06:45:11,022 - scalability_51_30_results_500_ - INFO - Pulsar_averageEnhancedSyn: 1.3453176732375662
2024-07-21 06:45:11,022 - scalability_51_30_results_500_ - INFO - Pulsar_averageEnhancedDis: 5.340219142707857
2024-07-21 06:45:11,022 - scalability_51_30_results_500_ - INFO - Pulsar_averageEnhancedCollisionNum: 1.0
