2024-07-21 02:26:13,637 - scalability_51_48_results_300_ - INFO - *******************STATIC_TRACE*******************
2024-07-21 02:26:13,638 - scalability_51_48_results_300_ - INFO - Find_averageSyn: 1688145.3641666668
2024-07-21 02:26:13,638 - scalability_51_48_results_300_ - INFO - Find_averageDis: 0.0
2024-07-21 02:26:13,638 - scalability_51_48_results_300_ - INFO - Find_averageCollisionNum: 7.916666666666667
2024-07-21 02:26:13,638 - scalability_51_48_results_300_ - INFO - Find_sumCollisionNum: 380
2024-07-21 02:26:13,638 - scalability_51_48_results_300_ - INFO - FlyncFind_averageSyn: 733056.9416666667
2024-07-21 02:26:13,638 - scalability_51_48_results_300_ - INFO - FlyncFind_averageDis: 0.0
2024-07-21 02:26:13,639 - scalability_51_48_results_300_ - INFO - FlyncFind_averageCollisionNum: 185.66666666666666
2024-07-21 02:26:13,639 - scalability_51_48_results_300_ - INFO - FlyncFind_sumCollisionNum: 8912
2024-07-21 02:26:13,639 - scalability_51_48_results_300_ - INFO - Pulsar_averageSyn: 8522.430833333334
2024-07-21 02:26:13,639 - scalability_51_48_results_300_ - INFO - Pulsar_averageDis: 539970.0416666666
2024-07-21 02:26:13,639 - scalability_51_48_results_300_ - INFO - Pulsar_averageCollisionNum: 0.4583333333333333
2024-07-21 02:26:13,639 - scalability_51_48_results_300_ - INFO - Pulsar_sumCollisionNum: 22
2024-07-21 02:26:13,639 - scalability_51_48_results_300_ - INFO - Free_beacon_averageSyn: 19213.285
2024-07-21 02:26:13,640 - scalability_51_48_results_300_ - INFO - Free_beacon_averageDis: 54343.583333333336
2024-07-21 02:26:13,640 - scalability_51_48_results_300_ - INFO - Free_beacon_averageCollisionNum: 0.2708333333333333
2024-07-21 02:26:13,640 - scalability_51_48_results_300_ - INFO - Free_beacon_sumCollisionNum: 13
2024-07-21 02:26:13,640 - scalability_51_48_results_300_ - INFO - Find_averageEnhancedSyn: 87.86344262142923
2024-07-21 02:26:13,641 - scalability_51_48_results_300_ - INFO - Find_averageEnhancedDis: 0.0
2024-07-21 02:26:13,641 - scalability_51_48_results_300_ - INFO - Find_averageEnhancedCollisionNum: 1.0
2024-07-21 02:26:13,641 - scalability_51_48_results_300_ - INFO - FlyncFind_averageEnhancedSyn: 38.15364950172064
2024-07-21 02:26:13,642 - scalability_51_48_results_300_ - INFO - FlyncFind_averageEnhancedDis: 0.0
2024-07-21 02:26:13,642 - scalability_51_48_results_300_ - INFO - FlyncFind_averageEnhancedCollisionNum: 1.0
2024-07-21 02:26:13,642 - scalability_51_48_results_300_ - INFO - Pulsar_averageEnhancedSyn: 0.44356968802228947
2024-07-21 02:26:13,643 - scalability_51_48_results_300_ - INFO - Pulsar_averageEnhancedDis: 9.936224454589087
2024-07-21 02:26:13,643 - scalability_51_48_results_300_ - INFO - Pulsar_averageEnhancedCollisionNum: 1.0000000000000002
