2024-07-20 14:16:01,365 - scalability_51_20_results_200_ - INFO - *******************STATIC_TRACE*******************
2024-07-20 14:16:01,365 - scalability_51_20_results_200_ - INFO - Find_averageSyn: 301292.45
2024-07-20 14:16:01,366 - scalability_51_20_results_200_ - INFO - Find_averageDis: 0.0
2024-07-20 14:16:01,366 - scalability_51_20_results_200_ - INFO - Find_averageCollisionNum: 4.9
2024-07-20 14:16:01,366 - scalability_51_20_results_200_ - INFO - Find_sumCollisionNum: 98
2024-07-20 14:16:01,366 - scalability_51_20_results_200_ - INFO - FlyncFind_averageSyn: 97578.84
2024-07-20 14:16:01,366 - scalability_51_20_results_200_ - INFO - FlyncFind_averageDis: 0.0
2024-07-20 14:16:01,366 - scalability_51_20_results_200_ - INFO - FlyncFind_averageCollisionNum: 79.2
2024-07-20 14:16:01,366 - scalability_51_20_results_200_ - INFO - FlyncFind_sumCollisionNum: 1584
2024-07-20 14:16:01,366 - scalability_51_20_results_200_ - INFO - Pulsar_averageSyn: 10534.07
2024-07-20 14:16:01,366 - scalability_51_20_results_200_ - INFO - Pulsar_averageDis: 55468.35
2024-07-20 14:16:01,367 - scalability_51_20_results_200_ - INFO - Pulsar_averageCollisionNum: 0.45
2024-07-20 14:16:01,367 - scalability_51_20_results_200_ - INFO - Pulsar_sumCollisionNum: 9
2024-07-20 14:16:01,367 - scalability_51_20_results_200_ - INFO - Free_beacon_averageSyn: 9357.382
2024-07-20 14:16:01,367 - scalability_51_20_results_200_ - INFO - Free_beacon_averageDis: 18321.05
2024-07-20 14:16:01,367 - scalability_51_20_results_200_ - INFO - Free_beacon_averageCollisionNum: 0.0
2024-07-20 14:16:01,367 - scalability_51_20_results_200_ - INFO - Free_beacon_sumCollisionNum: 0
2024-07-20 14:16:01,367 - scalability_51_20_results_200_ - INFO - Find_averageEnhancedSyn: 32.198370227912044
2024-07-20 14:16:01,368 - scalability_51_20_results_200_ - INFO - Find_averageEnhancedDis: 0.0
2024-07-20 14:16:01,368 - scalability_51_20_results_200_ - INFO - Find_averageEnhancedCollisionNum: 0.9999999999999997
2024-07-20 14:16:01,368 - scalability_51_20_results_200_ - INFO - FlyncFind_averageEnhancedSyn: 10.428006465911086
2024-07-20 14:16:01,368 - scalability_51_20_results_200_ - INFO - FlyncFind_averageEnhancedDis: 0.0
2024-07-20 14:16:01,368 - scalability_51_20_results_200_ - INFO - FlyncFind_averageEnhancedCollisionNum: 1.0000000000000002
2024-07-20 14:16:01,369 - scalability_51_20_results_200_ - INFO - Pulsar_averageEnhancedSyn: 1.1257497022137175
2024-07-20 14:16:01,369 - scalability_51_20_results_200_ - INFO - Pulsar_averageEnhancedDis: 3.027574838778345
2024-07-20 14:16:01,369 - scalability_51_20_results_200_ - INFO - Pulsar_averageEnhancedCollisionNum: 1.0
