2024-07-20 20:51:09,479 - scalability_51_10_results_300_ - INFO - *******************STATIC_TRACE*******************
2024-07-20 20:51:09,479 - scalability_51_10_results_300_ - INFO - Find_averageSyn: 323208.58
2024-07-20 20:51:09,479 - scalability_51_10_results_300_ - INFO - Find_averageDis: 0.0
2024-07-20 20:51:09,479 - scalability_51_10_results_300_ - INFO - Find_averageCollisionNum: 1.8
2024-07-20 20:51:09,479 - scalability_51_10_results_300_ - INFO - Find_sumCollisionNum: 18
2024-07-20 20:51:09,480 - scalability_51_10_results_300_ - INFO - FlyncFind_averageSyn: 75351.68
2024-07-20 20:51:09,480 - scalability_51_10_results_300_ - INFO - FlyncFind_averageDis: 0.0
2024-07-20 20:51:09,480 - scalability_51_10_results_300_ - INFO - FlyncFind_averageCollisionNum: 16.0
2024-07-20 20:51:09,480 - scalability_51_10_results_300_ - INFO - FlyncFind_sumCollisionNum: 160
2024-07-20 20:51:09,480 - scalability_51_10_results_300_ - INFO - Pulsar_averageSyn: 109913.916
2024-07-20 20:51:09,480 - scalability_51_10_results_300_ - INFO - Pulsar_averageDis: 15044.7
2024-07-20 20:51:09,480 - scalability_51_10_results_300_ - INFO - Pulsar_averageCollisionNum: 0.0
2024-07-20 20:51:09,480 - scalability_51_10_results_300_ - INFO - Pulsar_sumCollisionNum: 0
2024-07-20 20:51:09,480 - scalability_51_10_results_300_ - INFO - Free_beacon_averageSyn: 18702.824
2024-07-20 20:51:09,480 - scalability_51_10_results_300_ - INFO - Free_beacon_averageDis: 20746.2
2024-07-20 20:51:09,480 - scalability_51_10_results_300_ - INFO - Free_beacon_averageCollisionNum: 0.0
2024-07-20 20:51:09,481 - scalability_51_10_results_300_ - INFO - Free_beacon_sumCollisionNum: 0
2024-07-20 20:51:09,481 - scalability_51_10_results_300_ - INFO - Find_averageEnhancedSyn: 17.281271534181148
2024-07-20 20:51:09,481 - scalability_51_10_results_300_ - INFO - Find_averageEnhancedDis: 0.0
2024-07-20 20:51:09,481 - scalability_51_10_results_300_ - INFO - Find_averageEnhancedCollisionNum: 1.0
2024-07-20 20:51:09,481 - scalability_51_10_results_300_ - INFO - FlyncFind_averageEnhancedSyn: 4.028893176773732
2024-07-20 20:51:09,481 - scalability_51_10_results_300_ - INFO - FlyncFind_averageEnhancedDis: 0.0
2024-07-20 20:51:09,482 - scalability_51_10_results_300_ - INFO - FlyncFind_averageEnhancedCollisionNum: 1.0
2024-07-20 20:51:09,482 - scalability_51_10_results_300_ - INFO - Pulsar_averageEnhancedSyn: 5.87686201827061
2024-07-20 20:51:09,482 - scalability_51_10_results_300_ - INFO - Pulsar_averageEnhancedDis: 0.7251785869219424
2024-07-20 20:51:09,482 - scalability_51_10_results_300_ - INFO - Pulsar_averageEnhancedCollisionNum: 0.0
