2024-07-20 21:41:14,955 - scalability_51_24_results_300_ - INFO - *******************STATIC_TRACE*******************
2024-07-20 21:41:14,955 - scalability_51_24_results_300_ - INFO - Find_averageSyn: 723424.61
2024-07-20 21:41:14,955 - scalability_51_24_results_300_ - INFO - Find_averageDis: 0.0
2024-07-20 21:41:14,955 - scalability_51_24_results_300_ - INFO - Find_averageCollisionNum: 3.75
2024-07-20 21:41:14,956 - scalability_51_24_results_300_ - INFO - Find_sumCollisionNum: 90
2024-07-20 21:41:14,956 - scalability_51_24_results_300_ - INFO - FlyncFind_averageSyn: 215940.48333333334
2024-07-20 21:41:14,956 - scalability_51_24_results_300_ - INFO - FlyncFind_averageDis: 0.0
2024-07-20 21:41:14,956 - scalability_51_24_results_300_ - INFO - FlyncFind_averageCollisionNum: 56.75
2024-07-20 21:41:14,956 - scalability_51_24_results_300_ - INFO - FlyncFind_sumCollisionNum: 1362
2024-07-20 21:41:14,956 - scalability_51_24_results_300_ - INFO - Pulsar_averageSyn: 25231.75
2024-07-20 21:41:14,956 - scalability_51_24_results_300_ - INFO - Pulsar_averageDis: 117855.58333333333
2024-07-20 21:41:14,956 - scalability_51_24_results_300_ - INFO - Pulsar_averageCollisionNum: 0.20833333333333334
2024-07-20 21:41:14,956 - scalability_51_24_results_300_ - INFO - Pulsar_sumCollisionNum: 5
2024-07-20 21:41:14,957 - scalability_51_24_results_300_ - INFO - Free_beacon_averageSyn: 18951.34833333333
2024-07-20 21:41:14,957 - scalability_51_24_results_300_ - INFO - Free_beacon_averageDis: 33045.166666666664
2024-07-20 21:41:14,957 - scalability_51_24_results_300_ - INFO - Free_beacon_averageCollisionNum: 0.20833333333333334
2024-07-20 21:41:14,957 - scalability_51_24_results_300_ - INFO - Free_beacon_sumCollisionNum: 5
2024-07-20 21:41:14,957 - scalability_51_24_results_300_ - INFO - Find_averageEnhancedSyn: 38.17272508930544
2024-07-20 21:41:14,957 - scalability_51_24_results_300_ - INFO - Find_averageEnhancedDis: 0.0
2024-07-20 21:41:14,958 - scalability_51_24_results_300_ - INFO - Find_averageEnhancedCollisionNum: 1.0
2024-07-20 21:41:14,958 - scalability_51_24_results_300_ - INFO - FlyncFind_averageEnhancedSyn: 11.39446542457973
2024-07-20 21:41:14,958 - scalability_51_24_results_300_ - INFO - FlyncFind_averageEnhancedDis: 0.0
2024-07-20 21:41:14,958 - scalability_51_24_results_300_ - INFO - FlyncFind_averageEnhancedCollisionNum: 1.0
2024-07-20 21:41:14,959 - scalability_51_24_results_300_ - INFO - Pulsar_averageEnhancedSyn: 1.3313960334748391
2024-07-20 21:41:14,959 - scalability_51_24_results_300_ - INFO - Pulsar_averageEnhancedDis: 3.5664998915625583
2024-07-20 21:41:14,959 - scalability_51_24_results_300_ - INFO - Pulsar_averageEnhancedCollisionNum: 1.0
