2024-07-18 13:46:59,967 - scalability_51_24_results_50_ - INFO - *******************STATIC_TRACE*******************
2024-07-18 13:46:59,968 - scalability_51_24_results_50_ - INFO - Find_averageSyn: 36503.72666666667
2024-07-18 13:46:59,968 - scalability_51_24_results_50_ - INFO - Find_averageDis: 0.0
2024-07-18 13:46:59,968 - scalability_51_24_results_50_ - INFO - Find_averageCollisionNum: 25.833333333333332
2024-07-18 13:46:59,968 - scalability_51_24_results_50_ - INFO - Find_sumCollisionNum: 620
2024-07-18 13:46:59,968 - scalability_51_24_results_50_ - INFO - FlyncFind_averageSyn: 242393.92333333334
2024-07-18 13:46:59,968 - scalability_51_24_results_50_ - INFO - FlyncFind_averageDis: 0.0
2024-07-18 13:46:59,968 - scalability_51_24_results_50_ - INFO - FlyncFind_averageCollisionNum: 4630.916666666667
2024-07-18 13:46:59,969 - scalability_51_24_results_50_ - INFO - FlyncFind_sumCollisionNum: 111142
2024-07-18 13:46:59,969 - scalability_51_24_results_50_ - INFO - Pulsar_averageSyn: 420.4166666666667
2024-07-18 13:46:59,969 - scalability_51_24_results_50_ - INFO - Pulsar_averageDis: 50013.083333333336
2024-07-18 13:46:59,969 - scalability_51_24_results_50_ - INFO - Pulsar_averageCollisionNum: 1.9583333333333333
2024-07-18 13:46:59,969 - scalability_51_24_results_50_ - INFO - Pulsar_sumCollisionNum: 47
2024-07-18 13:46:59,969 - scalability_51_24_results_50_ - INFO - Free_beacon_averageSyn: 134.41666666666666
2024-07-18 13:46:59,969 - scalability_51_24_results_50_ - INFO - Free_beacon_averageDis: 13464.0
2024-07-18 13:46:59,969 - scalability_51_24_results_50_ - INFO - Free_beacon_averageCollisionNum: 5.25
2024-07-18 13:46:59,969 - scalability_51_24_results_50_ - INFO - Free_beacon_sumCollisionNum: 126
2024-07-18 13:46:59,970 - scalability_51_24_results_50_ - INFO - Find_averageEnhancedSyn: 271.5714321140732
2024-07-18 13:46:59,970 - scalability_51_24_results_50_ - INFO - Find_averageEnhancedDis: 0.0
2024-07-18 13:46:59,970 - scalability_51_24_results_50_ - INFO - Find_averageEnhancedCollisionNum: 1.0
2024-07-18 13:46:59,971 - scalability_51_24_results_50_ - INFO - FlyncFind_averageEnhancedSyn: 1803.3025914445136
2024-07-18 13:46:59,971 - scalability_51_24_results_50_ - INFO - FlyncFind_averageEnhancedDis: 0.0
2024-07-18 13:46:59,971 - scalability_51_24_results_50_ - INFO - FlyncFind_averageEnhancedCollisionNum: 0.9999999999999999
2024-07-18 13:46:59,971 - scalability_51_24_results_50_ - INFO - Pulsar_averageEnhancedSyn: 3.127712337259765
2024-07-18 13:46:59,971 - scalability_51_24_results_50_ - INFO - Pulsar_averageEnhancedDis: 3.7145783818577938
2024-07-18 13:46:59,972 - scalability_51_24_results_50_ - INFO - Pulsar_averageEnhancedCollisionNum: 1.0
