2024-07-20 04:06:16,773 - scalability_51_36_results_100_ - INFO - *******************STATIC_TRACE*******************
2024-07-20 04:06:16,773 - scalability_51_36_results_100_ - INFO - Find_averageSyn: 188710.19777777776
2024-07-20 04:06:16,773 - scalability_51_36_results_100_ - INFO - Find_averageDis: 0.0
2024-07-20 04:06:16,773 - scalability_51_36_results_100_ - INFO - Find_averageCollisionNum: 20.166666666666668
2024-07-20 04:06:16,774 - scalability_51_36_results_100_ - INFO - Find_sumCollisionNum: 726
2024-07-20 04:06:16,774 - scalability_51_36_results_100_ - INFO - FlyncFind_averageSyn: 360866.47777777776
2024-07-20 04:06:16,774 - scalability_51_36_results_100_ - INFO - FlyncFind_averageDis: 0.0
2024-07-20 04:06:16,774 - scalability_51_36_results_100_ - INFO - FlyncFind_averageCollisionNum: 1362.8333333333333
2024-07-20 04:06:16,774 - scalability_51_36_results_100_ - INFO - FlyncFind_sumCollisionNum: 49062
2024-07-20 04:06:16,774 - scalability_51_36_results_100_ - INFO - Pulsar_averageSyn: 903.3644444444444
2024-07-20 04:06:16,774 - scalability_51_36_results_100_ - INFO - Pulsar_averageDis: 140084.52777777778
2024-07-20 04:06:16,774 - scalability_51_36_results_100_ - INFO - Pulsar_averageCollisionNum: 2.8055555555555554
2024-07-20 04:06:16,775 - scalability_51_36_results_100_ - INFO - Pulsar_sumCollisionNum: 101
2024-07-20 04:06:16,775 - scalability_51_36_results_100_ - INFO - Free_beacon_averageSyn: 3187.17
2024-07-20 04:06:16,775 - scalability_51_36_results_100_ - INFO - Free_beacon_averageDis: 26735.722222222223
2024-07-20 04:06:16,775 - scalability_51_36_results_100_ - INFO - Free_beacon_averageCollisionNum: 3.0277777777777777
2024-07-20 04:06:16,775 - scalability_51_36_results_100_ - INFO - Free_beacon_sumCollisionNum: 109
2024-07-20 04:06:16,776 - scalability_51_36_results_100_ - INFO - Find_averageEnhancedSyn: 59.20932920985632
2024-07-20 04:06:16,776 - scalability_51_36_results_100_ - INFO - Find_averageEnhancedDis: 0.0
2024-07-20 04:06:16,776 - scalability_51_36_results_100_ - INFO - Find_averageEnhancedCollisionNum: 0.9999999999999998
2024-07-20 04:06:16,776 - scalability_51_36_results_100_ - INFO - FlyncFind_averageEnhancedSyn: 113.224734726349
2024-07-20 04:06:16,777 - scalability_51_36_results_100_ - INFO - FlyncFind_averageEnhancedDis: 0.0
2024-07-20 04:06:16,777 - scalability_51_36_results_100_ - INFO - FlyncFind_averageEnhancedCollisionNum: 1.0
2024-07-20 04:06:16,777 - scalability_51_36_results_100_ - INFO - Pulsar_averageEnhancedSyn: 0.2834377973074685
2024-07-20 04:06:16,777 - scalability_51_36_results_100_ - INFO - Pulsar_averageEnhancedDis: 5.2396014071893
2024-07-20 04:06:16,778 - scalability_51_36_results_100_ - INFO - Pulsar_averageEnhancedCollisionNum: 1.0
