2024-07-21 00:27:47,765 - scalability_51_40_results_300_ - INFO - *******************STATIC_TRACE*******************
2024-07-21 00:27:47,765 - scalability_51_40_results_300_ - INFO - Find_averageSyn: 1252714.396
2024-07-21 00:27:47,766 - scalability_51_40_results_300_ - INFO - Find_averageDis: 0.0
2024-07-21 00:27:47,766 - scalability_51_40_results_300_ - INFO - Find_averageCollisionNum: 6.0
2024-07-21 00:27:47,766 - scalability_51_40_results_300_ - INFO - Find_sumCollisionNum: 240
2024-07-21 00:27:47,766 - scalability_51_40_results_300_ - INFO - FlyncFind_averageSyn: 491497.44
2024-07-21 00:27:47,766 - scalability_51_40_results_300_ - INFO - FlyncFind_averageDis: 0.0
2024-07-21 00:27:47,766 - scalability_51_40_results_300_ - INFO - FlyncFind_averageCollisionNum: 129.4
2024-07-21 00:27:47,766 - scalability_51_40_results_300_ - INFO - FlyncFind_sumCollisionNum: 5176
2024-07-21 00:27:47,767 - scalability_51_40_results_300_ - INFO - Pulsar_averageSyn: 9756.341
2024-07-21 00:27:47,767 - scalability_51_40_results_300_ - INFO - Pulsar_averageDis: 376420.725
2024-07-21 00:27:47,767 - scalability_51_40_results_300_ - INFO - Pulsar_averageCollisionNum: 0.5
2024-07-21 00:27:47,767 - scalability_51_40_results_300_ - INFO - Pulsar_sumCollisionNum: 20
2024-07-21 00:27:47,767 - scalability_51_40_results_300_ - INFO - Free_beacon_averageSyn: 19644.062
2024-07-21 00:27:47,767 - scalability_51_40_results_300_ - INFO - Free_beacon_averageDis: 47221.175
2024-07-21 00:27:47,767 - scalability_51_40_results_300_ - INFO - Free_beacon_averageCollisionNum: 0.65
2024-07-21 00:27:47,767 - scalability_51_40_results_300_ - INFO - Free_beacon_sumCollisionNum: 26
2024-07-21 00:27:47,768 - scalability_51_40_results_300_ - INFO - Find_averageEnhancedSyn: 63.77063949401096
2024-07-21 00:27:47,768 - scalability_51_40_results_300_ - INFO - Find_averageEnhancedDis: 0.0
2024-07-21 00:27:47,768 - scalability_51_40_results_300_ - INFO - Find_averageEnhancedCollisionNum: 1.0
2024-07-21 00:27:47,769 - scalability_51_40_results_300_ - INFO - FlyncFind_averageEnhancedSyn: 25.02015316384157
2024-07-21 00:27:47,769 - scalability_51_40_results_300_ - INFO - FlyncFind_averageEnhancedDis: 0.0
2024-07-21 00:27:47,769 - scalability_51_40_results_300_ - INFO - FlyncFind_averageEnhancedCollisionNum: 1.0
2024-07-21 00:27:47,770 - scalability_51_40_results_300_ - INFO - Pulsar_averageEnhancedSyn: 0.49665598693386326
2024-07-21 00:27:47,770 - scalability_51_40_results_300_ - INFO - Pulsar_averageEnhancedDis: 7.971439190151451
2024-07-21 00:27:47,770 - scalability_51_40_results_300_ - INFO - Pulsar_averageEnhancedCollisionNum: 1.0
