2024-07-20 23:16:35,633 - scalability_51_36_results_300_ - INFO - *******************STATIC_TRACE*******************
2024-07-20 23:16:35,633 - scalability_51_36_results_300_ - INFO - Find_averageSyn: 1232754.7277777777
2024-07-20 23:16:35,634 - scalability_51_36_results_300_ - INFO - Find_averageDis: 0.0
2024-07-20 23:16:35,634 - scalability_51_36_results_300_ - INFO - Find_averageCollisionNum: 5.833333333333333
2024-07-20 23:16:35,634 - scalability_51_36_results_300_ - INFO - Find_sumCollisionNum: 210
2024-07-20 23:16:35,634 - scalability_51_36_results_300_ - INFO - FlyncFind_averageSyn: 374777.9888888889
2024-07-20 23:16:35,634 - scalability_51_36_results_300_ - INFO - FlyncFind_averageDis: 0.0
2024-07-20 23:16:35,634 - scalability_51_36_results_300_ - INFO - FlyncFind_averageCollisionNum: 103.11111111111111
2024-07-20 23:16:35,634 - scalability_51_36_results_300_ - INFO - FlyncFind_sumCollisionNum: 3712
2024-07-20 23:16:35,634 - scalability_51_36_results_300_ - INFO - Pulsar_averageSyn: 13579.79
2024-07-20 23:16:35,635 - scalability_51_36_results_300_ - INFO - Pulsar_averageDis: 301462.8333333333
2024-07-20 23:16:35,635 - scalability_51_36_results_300_ - INFO - Pulsar_averageCollisionNum: 0.3888888888888889
2024-07-20 23:16:35,635 - scalability_51_36_results_300_ - INFO - Pulsar_sumCollisionNum: 14
2024-07-20 23:16:35,635 - scalability_51_36_results_300_ - INFO - Free_beacon_averageSyn: 19563.346666666668
2024-07-20 23:16:35,635 - scalability_51_36_results_300_ - INFO - Free_beacon_averageDis: 42291.166666666664
2024-07-20 23:16:35,635 - scalability_51_36_results_300_ - INFO - Free_beacon_averageCollisionNum: 0.25
2024-07-20 23:16:35,635 - scalability_51_36_results_300_ - INFO - Free_beacon_sumCollisionNum: 9
2024-07-20 23:16:35,636 - scalability_51_36_results_300_ - INFO - Find_averageEnhancedSyn: 63.013488887268316
2024-07-20 23:16:35,636 - scalability_51_36_results_300_ - INFO - Find_averageEnhancedDis: 0.0
2024-07-20 23:16:35,636 - scalability_51_36_results_300_ - INFO - Find_averageEnhancedCollisionNum: 0.9999999999999996
2024-07-20 23:16:35,637 - scalability_51_36_results_300_ - INFO - FlyncFind_averageEnhancedSyn: 19.157151139557353
2024-07-20 23:16:35,637 - scalability_51_36_results_300_ - INFO - FlyncFind_averageEnhancedDis: 0.0
2024-07-20 23:16:35,637 - scalability_51_36_results_300_ - INFO - FlyncFind_averageEnhancedCollisionNum: 1.0000000000000002
2024-07-20 23:16:35,638 - scalability_51_36_results_300_ - INFO - Pulsar_averageEnhancedSyn: 0.6941445260558691
2024-07-20 23:16:35,638 - scalability_51_36_results_300_ - INFO - Pulsar_averageEnhancedDis: 7.128269496782228
2024-07-20 23:16:35,638 - scalability_51_36_results_300_ - INFO - Pulsar_averageEnhancedCollisionNum: 1.0
