2024-07-16 15:26:08,019 - scalability_51_20_results_10_ - INFO - *******************STATIC_TRACE*******************
2024-07-16 15:26:08,019 - scalability_51_20_results_10_ - INFO - Find_averageSyn: 4704.168
2024-07-16 15:26:08,019 - scalability_51_20_results_10_ - INFO - Find_averageDis: 0.0
2024-07-16 15:26:08,019 - scalability_51_20_results_10_ - INFO - Find_averageCollisionNum: 185.5
2024-07-16 15:26:08,019 - scalability_51_20_results_10_ - INFO - Find_sumCollisionNum: 3710
2024-07-16 15:26:08,020 - scalability_51_20_results_10_ - INFO - FlyncFind_averageSyn: 3219886.362
2024-07-16 15:26:08,020 - scalability_51_20_results_10_ - INFO - FlyncFind_averageDis: 0.0
2024-07-16 15:26:08,020 - scalability_51_20_results_10_ - INFO - FlyncFind_averageCollisionNum: 494135.4
2024-07-16 15:26:08,020 - scalability_51_20_results_10_ - INFO - FlyncFind_sumCollisionNum: 9882708
2024-07-16 15:26:08,020 - scalability_51_20_results_10_ - INFO - Pulsar_averageSyn: 178.72
2024-07-16 15:26:08,020 - scalability_51_20_results_10_ - INFO - Pulsar_averageDis: 24844.3
2024-07-16 15:26:08,020 - scalability_51_20_results_10_ - INFO - Pulsar_averageCollisionNum: 51.4
2024-07-16 15:26:08,020 - scalability_51_20_results_10_ - INFO - Pulsar_sumCollisionNum: 1028
2024-07-16 15:26:08,020 - scalability_51_20_results_10_ - INFO - Free_beacon_averageSyn: 68.13
2024-07-16 15:26:08,021 - scalability_51_20_results_10_ - INFO - Free_beacon_averageDis: 28388.55
2024-07-16 15:26:08,021 - scalability_51_20_results_10_ - INFO - Free_beacon_averageCollisionNum: 21.05
2024-07-16 15:26:08,021 - scalability_51_20_results_10_ - INFO - Free_beacon_sumCollisionNum: 421
2024-07-16 15:26:08,021 - scalability_51_20_results_10_ - INFO - Find_averageEnhancedSyn: 69.04693967415236
2024-07-16 15:26:08,021 - scalability_51_20_results_10_ - INFO - Find_averageEnhancedDis: 0.0
2024-07-16 15:26:08,021 - scalability_51_20_results_10_ - INFO - Find_averageEnhancedCollisionNum: 0.9999999999999998
2024-07-16 15:26:08,022 - scalability_51_20_results_10_ - INFO - FlyncFind_averageEnhancedSyn: 47260.918273888165
2024-07-16 15:26:08,022 - scalability_51_20_results_10_ - INFO - FlyncFind_averageEnhancedDis: 0.0
2024-07-16 15:26:08,022 - scalability_51_20_results_10_ - INFO - FlyncFind_averageEnhancedCollisionNum: 0.9999999999999998
2024-07-16 15:26:08,022 - scalability_51_20_results_10_ - INFO - Pulsar_averageEnhancedSyn: 2.623220314105387
2024-07-16 15:26:08,022 - scalability_51_20_results_10_ - INFO - Pulsar_averageEnhancedDis: 0.8751521299960724
2024-07-16 15:26:08,023 - scalability_51_20_results_10_ - INFO - Pulsar_averageEnhancedCollisionNum: 1.0
