2024-07-20 16:58:33,843 - scalability_51_40_results_200_ - INFO - *******************STATIC_TRACE*******************
2024-07-20 16:58:33,843 - scalability_51_40_results_200_ - INFO - Find_averageSyn: 623567.582
2024-07-20 16:58:33,844 - scalability_51_40_results_200_ - INFO - Find_averageDis: 0.0
2024-07-20 16:58:33,844 - scalability_51_40_results_200_ - INFO - Find_averageCollisionNum: 9.25
2024-07-20 16:58:33,844 - scalability_51_40_results_200_ - INFO - Find_sumCollisionNum: 370
2024-07-20 16:58:33,844 - scalability_51_40_results_200_ - INFO - FlyncFind_averageSyn: 406291.12
2024-07-20 16:58:33,844 - scalability_51_40_results_200_ - INFO - FlyncFind_averageDis: 0.0
2024-07-20 16:58:33,844 - scalability_51_40_results_200_ - INFO - FlyncFind_averageCollisionNum: 286.9
2024-07-20 16:58:33,844 - scalability_51_40_results_200_ - INFO - FlyncFind_sumCollisionNum: 11476
2024-07-20 16:58:33,845 - scalability_51_40_results_200_ - INFO - Pulsar_averageSyn: 3335.603
2024-07-20 16:58:33,845 - scalability_51_40_results_200_ - INFO - Pulsar_averageDis: 350416.225
2024-07-20 16:58:33,845 - scalability_51_40_results_200_ - INFO - Pulsar_averageCollisionNum: 1.7
2024-07-20 16:58:33,845 - scalability_51_40_results_200_ - INFO - Pulsar_sumCollisionNum: 68
2024-07-20 16:58:33,845 - scalability_51_40_results_200_ - INFO - Free_beacon_averageSyn: 9982.726
2024-07-20 16:58:33,845 - scalability_51_40_results_200_ - INFO - Free_beacon_averageDis: 38904.2
2024-07-20 16:58:33,845 - scalability_51_40_results_200_ - INFO - Free_beacon_averageCollisionNum: 0.625
2024-07-20 16:58:33,845 - scalability_51_40_results_200_ - INFO - Free_beacon_sumCollisionNum: 25
2024-07-20 16:58:33,846 - scalability_51_40_results_200_ - INFO - Find_averageEnhancedSyn: 62.46465965308474
2024-07-20 16:58:33,846 - scalability_51_40_results_200_ - INFO - Find_averageEnhancedDis: 0.0
2024-07-20 16:58:33,846 - scalability_51_40_results_200_ - INFO - Find_averageEnhancedCollisionNum: 1.0000000000000002
2024-07-20 16:58:33,847 - scalability_51_40_results_200_ - INFO - FlyncFind_averageEnhancedSyn: 40.69941617149464
2024-07-20 16:58:33,847 - scalability_51_40_results_200_ - INFO - FlyncFind_averageEnhancedDis: 0.0
2024-07-20 16:58:33,847 - scalability_51_40_results_200_ - INFO - FlyncFind_averageEnhancedCollisionNum: 1.0
2024-07-20 16:58:33,848 - scalability_51_40_results_200_ - INFO - Pulsar_averageEnhancedSyn: 0.334137489098669
2024-07-20 16:58:33,848 - scalability_51_40_results_200_ - INFO - Pulsar_averageEnhancedDis: 9.007156682311935
2024-07-20 16:58:33,848 - scalability_51_40_results_200_ - INFO - Pulsar_averageEnhancedCollisionNum: 1.0
