2024-07-18 21:13:12,041 - scalability_51_36_results_10_ - INFO - *******************STATIC_TRACE*******************
2024-07-18 21:13:12,041 - scalability_51_36_results_10_ - INFO - Find_averageSyn: 26576.144444444446
2024-07-18 21:13:12,041 - scalability_51_36_results_10_ - INFO - Find_averageDis: 0.0
2024-07-18 21:13:12,041 - scalability_51_36_results_10_ - INFO - Find_averageCollisionNum: 781.1111111111111
2024-07-18 21:13:12,042 - scalability_51_36_results_10_ - INFO - Find_sumCollisionNum: 28120
2024-07-18 21:13:12,042 - scalability_51_36_results_10_ - INFO - FlyncFind_averageSyn: 3390142.722222222
2024-07-18 21:13:12,042 - scalability_51_36_results_10_ - INFO - FlyncFind_averageDis: 0.0
2024-07-18 21:13:12,042 - scalability_51_36_results_10_ - INFO - FlyncFind_averageCollisionNum: 521404.77777777775
2024-07-18 21:13:12,042 - scalability_51_36_results_10_ - INFO - FlyncFind_sumCollisionNum: 18770572
2024-07-18 21:13:12,042 - scalability_51_36_results_10_ - INFO - Pulsar_averageSyn: 388.47222222222223
2024-07-18 21:13:12,042 - scalability_51_36_results_10_ - INFO - Pulsar_averageDis: 84690.16666666667
2024-07-18 21:13:12,042 - scalability_51_36_results_10_ - INFO - Pulsar_averageCollisionNum: 17.0
2024-07-18 21:13:12,043 - scalability_51_36_results_10_ - INFO - Pulsar_sumCollisionNum: 612
2024-07-18 21:13:12,043 - scalability_51_36_results_10_ - INFO - Free_beacon_averageSyn: 120.9011111111111
2024-07-18 21:13:12,043 - scalability_51_36_results_10_ - INFO - Free_beacon_averageDis: 282123.3888888889
2024-07-18 21:13:12,043 - scalability_51_36_results_10_ - INFO - Free_beacon_averageCollisionNum: 280.6666666666667
2024-07-18 21:13:12,043 - scalability_51_36_results_10_ - INFO - Free_beacon_sumCollisionNum: 10104
2024-07-18 21:13:12,044 - scalability_51_36_results_10_ - INFO - Find_averageEnhancedSyn: 219.81720598101296
2024-07-18 21:13:12,044 - scalability_51_36_results_10_ - INFO - Find_averageEnhancedDis: 0.0
2024-07-18 21:13:12,044 - scalability_51_36_results_10_ - INFO - Find_averageEnhancedCollisionNum: 1.0
2024-07-18 21:13:12,044 - scalability_51_36_results_10_ - INFO - FlyncFind_averageEnhancedSyn: 28040.62502871952
2024-07-18 21:13:12,045 - scalability_51_36_results_10_ - INFO - FlyncFind_averageEnhancedDis: 0.0
2024-07-18 21:13:12,045 - scalability_51_36_results_10_ - INFO - FlyncFind_averageEnhancedCollisionNum: 1.0
2024-07-18 21:13:12,045 - scalability_51_36_results_10_ - INFO - Pulsar_averageEnhancedSyn: 3.213140215603202
2024-07-18 21:13:12,045 - scalability_51_36_results_10_ - INFO - Pulsar_averageEnhancedDis: 0.3001883927461999
2024-07-18 21:13:12,046 - scalability_51_36_results_10_ - INFO - Pulsar_averageEnhancedCollisionNum: 0.9999999999999998
