2024-07-20 02:07:12,873 - scalability_51_50_results_50_ - INFO - *******************STATIC_TRACE*******************
2024-07-20 02:07:12,874 - scalability_51_50_results_50_ - INFO - Find_averageSyn: 108476.4232
2024-07-20 02:07:12,874 - scalability_51_50_results_50_ - INFO - Find_averageDis: 0.0
2024-07-20 02:07:12,874 - scalability_51_50_results_50_ - INFO - Find_averageCollisionNum: 73.72
2024-07-20 02:07:12,874 - scalability_51_50_results_50_ - INFO - Find_sumCollisionNum: 3686
2024-07-20 02:07:12,875 - scalability_51_50_results_50_ - INFO - FlyncFind_averageSyn: 3470055.9464
2024-07-20 02:07:12,875 - scalability_51_50_results_50_ - INFO - FlyncFind_averageDis: 0.0
2024-07-20 02:07:12,875 - scalability_51_50_results_50_ - INFO - FlyncFind_averageCollisionNum: 19221.72
2024-07-20 02:07:12,875 - scalability_51_50_results_50_ - INFO - FlyncFind_sumCollisionNum: 961086
2024-07-20 02:07:12,875 - scalability_51_50_results_50_ - INFO - Pulsar_averageSyn: 1354.44
2024-07-20 02:07:12,875 - scalability_51_50_results_50_ - INFO - Pulsar_averageDis: 269429.62
2024-07-20 02:07:12,875 - scalability_51_50_results_50_ - INFO - Pulsar_averageCollisionNum: 48.4
2024-07-20 02:07:12,875 - scalability_51_50_results_50_ - INFO - Pulsar_sumCollisionNum: 2420
2024-07-20 02:07:12,876 - scalability_51_50_results_50_ - INFO - Free_beacon_averageSyn: 197.5192
2024-07-20 02:07:12,876 - scalability_51_50_results_50_ - INFO - Free_beacon_averageDis: 39523.08
2024-07-20 02:07:12,876 - scalability_51_50_results_50_ - INFO - Free_beacon_averageCollisionNum: 8.88
2024-07-20 02:07:12,876 - scalability_51_50_results_50_ - INFO - Free_beacon_sumCollisionNum: 444
2024-07-20 02:07:12,877 - scalability_51_50_results_50_ - INFO - Find_averageEnhancedSyn: 549.1943223747362
2024-07-20 02:07:12,877 - scalability_51_50_results_50_ - INFO - Find_averageEnhancedDis: 0.0
2024-07-20 02:07:12,877 - scalability_51_50_results_50_ - INFO - Find_averageEnhancedCollisionNum: 1.0
2024-07-20 02:07:12,878 - scalability_51_50_results_50_ - INFO - FlyncFind_averageEnhancedSyn: 17568.195630601986
2024-07-20 02:07:12,878 - scalability_51_50_results_50_ - INFO - FlyncFind_averageEnhancedDis: 0.0
2024-07-20 02:07:12,878 - scalability_51_50_results_50_ - INFO - FlyncFind_averageEnhancedCollisionNum: 1.0
2024-07-20 02:07:12,879 - scalability_51_50_results_50_ - INFO - Pulsar_averageEnhancedSyn: 6.857257421050713
2024-07-20 02:07:12,879 - scalability_51_50_results_50_ - INFO - Pulsar_averageEnhancedDis: 6.817019827402115
2024-07-20 02:07:12,879 - scalability_51_50_results_50_ - INFO - Pulsar_averageEnhancedCollisionNum: 1.0000000000000002
