2024-07-06 11:02:48,083 - poweroff_2_30_results - INFO - *******************STATIC_TRACE*******************
2024-07-06 11:02:48,083 - poweroff_2_30_results - INFO - Find_averageSyn: 145460.616
2024-07-06 11:02:48,084 - poweroff_2_30_results - INFO - Find_averageDis: 0.0
2024-07-06 11:02:48,084 - poweroff_2_30_results - INFO - Find_averageCollisionNum: 11.6
2024-07-06 11:02:48,084 - poweroff_2_30_results - INFO - Find_sumCollisionNum: 348
2024-07-06 11:02:48,084 - poweroff_2_30_results - INFO - FlyncFind_averageSyn: 147351.37333333332
2024-07-06 11:02:48,084 - poweroff_2_30_results - INFO - FlyncFind_averageDis: 0.0
2024-07-06 11:02:48,084 - poweroff_2_30_results - INFO - FlyncFind_averageCollisionNum: 477.8666666666667
2024-07-06 11:02:48,084 - poweroff_2_30_results - INFO - FlyncFind_sumCollisionNum: 14336
2024-07-06 11:02:48,085 - poweroff_2_30_results - INFO - Pulsar_averageSyn: 24628.768
2024-07-06 11:02:48,085 - poweroff_2_30_results - INFO - Pulsar_averageDis: 105067.43333333333
2024-07-06 11:02:48,085 - poweroff_2_30_results - INFO - Pulsar_averageCollisionNum: 0.8333333333333334
2024-07-06 11:02:48,085 - poweroff_2_30_results - INFO - Pulsar_sumCollisionNum: 25
2024-07-06 11:02:48,085 - poweroff_2_30_results - INFO - Free_beacon_averageSyn: 1024.5226666666667
2024-07-06 11:02:48,085 - poweroff_2_30_results - INFO - Free_beacon_averageDis: 27253.6
2024-07-06 11:02:48,085 - poweroff_2_30_results - INFO - Free_beacon_averageCollisionNum: 3.8666666666666667
2024-07-06 11:02:48,085 - poweroff_2_30_results - INFO - Free_beacon_sumCollisionNum: 116
2024-07-06 11:02:48,086 - poweroff_2_30_results - INFO - Find_averageEnhancedSyn: 141.97891440827078
2024-07-06 11:02:48,086 - poweroff_2_30_results - INFO - Find_averageEnhancedDis: 0.0
2024-07-06 11:02:48,086 - poweroff_2_30_results - INFO - Find_averageEnhancedCollisionNum: 1.0000000000000002
2024-07-06 11:02:48,087 - poweroff_2_30_results - INFO - FlyncFind_averageEnhancedSyn: 143.8244151422711
2024-07-06 11:02:48,087 - poweroff_2_30_results - INFO - FlyncFind_averageEnhancedDis: 0.0
2024-07-06 11:02:48,087 - poweroff_2_30_results - INFO - FlyncFind_averageEnhancedCollisionNum: 1.0
2024-07-06 11:02:48,088 - poweroff_2_30_results - INFO - Pulsar_averageEnhancedSyn: 24.039261210423845
2024-07-06 11:02:48,088 - poweroff_2_30_results - INFO - Pulsar_averageEnhancedDis: 3.855176319214098
2024-07-06 11:02:48,088 - poweroff_2_30_results - INFO - Pulsar_averageEnhancedCollisionNum: 1.0
2024-07-06 11:43:23,512 - poweroff_2_30_results - INFO - *******************COMPLEX_TRACE*******************
2024-07-06 11:43:23,513 - poweroff_2_30_results - INFO - Find_averageSyn: 1168432.6493333334
2024-07-06 11:43:23,513 - poweroff_2_30_results - INFO - Find_averageDis: 0.0
2024-07-06 11:43:23,513 - poweroff_2_30_results - INFO - Find_averageCollisionNum: 3.066666666666667
2024-07-06 11:43:23,513 - poweroff_2_30_results - INFO - Find_sumCollisionNum: 92
2024-07-06 11:43:23,513 - poweroff_2_30_results - INFO - FlyncFind_averageSyn: 223594.388
2024-07-06 11:43:23,513 - poweroff_2_30_results - INFO - FlyncFind_averageDis: 0.0
2024-07-06 11:43:23,513 - poweroff_2_30_results - INFO - FlyncFind_averageCollisionNum: 52.733333333333334
2024-07-06 11:43:23,513 - poweroff_2_30_results - INFO - FlyncFind_sumCollisionNum: 1582
2024-07-06 11:43:23,514 - poweroff_2_30_results - INFO - Pulsar_averageSyn: 136941.08
2024-07-06 11:43:23,514 - poweroff_2_30_results - INFO - Pulsar_averageDis: 171568.7
2024-07-06 11:43:23,514 - poweroff_2_30_results - INFO - Pulsar_averageCollisionNum: 0.3333333333333333
2024-07-06 11:43:23,514 - poweroff_2_30_results - INFO - Pulsar_sumCollisionNum: 10
2024-07-06 11:43:23,514 - poweroff_2_30_results - INFO - Free_beacon_averageSyn: 5225.04
2024-07-06 11:43:23,514 - poweroff_2_30_results - INFO - Free_beacon_averageDis: 31192.633333333335
2024-07-06 11:43:23,514 - poweroff_2_30_results - INFO - Free_beacon_averageCollisionNum: 0.4
2024-07-06 11:43:23,514 - poweroff_2_30_results - INFO - Free_beacon_sumCollisionNum: 12
2024-07-06 11:43:23,515 - poweroff_2_30_results - INFO - Find_averageEnhancedSyn: 223.62176161968776
2024-07-06 11:43:23,515 - poweroff_2_30_results - INFO - Find_averageEnhancedDis: 0.0
2024-07-06 11:43:23,515 - poweroff_2_30_results - INFO - Find_averageEnhancedCollisionNum: 0.9999999999999999
2024-07-06 11:43:23,516 - poweroff_2_30_results - INFO - FlyncFind_averageEnhancedSyn: 42.79285670540322
2024-07-06 11:43:23,516 - poweroff_2_30_results - INFO - FlyncFind_averageEnhancedDis: 0.0
2024-07-06 11:43:23,516 - poweroff_2_30_results - INFO - FlyncFind_averageEnhancedCollisionNum: 1.0
2024-07-06 11:43:23,517 - poweroff_2_30_results - INFO - Pulsar_averageEnhancedSyn: 26.208618498614364
2024-07-06 11:43:23,517 - poweroff_2_30_results - INFO - Pulsar_averageEnhancedDis: 5.500295475748013
2024-07-06 11:43:23,517 - poweroff_2_30_results - INFO - Pulsar_averageEnhancedCollisionNum: 1.0
2024-07-06 12:40:41,741 - poweroff_2_30_results - INFO - *******************STAIRS_TRACE*******************
2024-07-06 12:40:41,741 - poweroff_2_30_results - INFO - Find_averageSyn: 49885.82266666667
2024-07-06 12:40:41,741 - poweroff_2_30_results - INFO - Find_averageDis: 0.0
2024-07-06 12:40:41,741 - poweroff_2_30_results - INFO - Find_averageCollisionNum: 26.4
2024-07-06 12:40:41,742 - poweroff_2_30_results - INFO - Find_sumCollisionNum: 792
2024-07-06 12:40:41,742 - poweroff_2_30_results - INFO - FlyncFind_averageSyn: 303673.4533333333
2024-07-06 12:40:41,742 - poweroff_2_30_results - INFO - FlyncFind_averageDis: 0.0
2024-07-06 12:40:41,742 - poweroff_2_30_results - INFO - FlyncFind_averageCollisionNum: 3617.6666666666665
2024-07-06 12:40:41,742 - poweroff_2_30_results - INFO - FlyncFind_sumCollisionNum: 108530
2024-07-06 12:40:41,742 - poweroff_2_30_results - INFO - Pulsar_averageSyn: 5926.768
2024-07-06 12:40:41,742 - poweroff_2_30_results - INFO - Pulsar_averageDis: 52636.53333333333
2024-07-06 12:40:41,743 - poweroff_2_30_results - INFO - Pulsar_averageCollisionNum: 1.0
2024-07-06 12:40:41,743 - poweroff_2_30_results - INFO - Pulsar_sumCollisionNum: 30
2024-07-06 12:40:41,743 - poweroff_2_30_results - INFO - Free_beacon_averageSyn: 193.10266666666666
2024-07-06 12:40:41,743 - poweroff_2_30_results - INFO - Free_beacon_averageDis: 18091.666666666668
2024-07-06 12:40:41,743 - poweroff_2_30_results - INFO - Free_beacon_averageCollisionNum: 5.733333333333333
2024-07-06 12:40:41,743 - poweroff_2_30_results - INFO - Free_beacon_sumCollisionNum: 172
2024-07-06 12:40:41,744 - poweroff_2_30_results - INFO - Find_averageEnhancedSyn: 258.33834160757317
2024-07-06 12:40:41,744 - poweroff_2_30_results - INFO - Find_averageEnhancedDis: 0.0
2024-07-06 12:40:41,744 - poweroff_2_30_results - INFO - Find_averageEnhancedCollisionNum: 1.0
2024-07-06 12:40:41,745 - poweroff_2_30_results - INFO - FlyncFind_averageEnhancedSyn: 1572.6010343375199
2024-07-06 12:40:41,745 - poweroff_2_30_results - INFO - FlyncFind_averageEnhancedDis: 0.0
2024-07-06 12:40:41,745 - poweroff_2_30_results - INFO - FlyncFind_averageEnhancedCollisionNum: 1.0
2024-07-06 12:40:41,745 - poweroff_2_30_results - INFO - Pulsar_averageEnhancedSyn: 30.69231565937291
2024-07-06 12:40:41,745 - poweroff_2_30_results - INFO - Pulsar_averageEnhancedDis: 2.909435283279594
2024-07-06 12:40:41,746 - poweroff_2_30_results - INFO - Pulsar_averageEnhancedCollisionNum: 1.0
2024-07-06 17:55:46,572 - poweroff_2_30_results - INFO - *******************CARS_TRACE*******************
2024-07-06 17:55:46,572 - poweroff_2_30_results - INFO - Find_averageSyn: 191333059.604
2024-07-06 17:55:46,572 - poweroff_2_30_results - INFO - Find_averageDis: 0.0
2024-07-06 17:55:46,572 - poweroff_2_30_results - INFO - Find_averageCollisionNum: 0.3333333333333333
2024-07-06 17:55:46,572 - poweroff_2_30_results - INFO - Find_sumCollisionNum: 10
2024-07-06 17:55:46,573 - poweroff_2_30_results - INFO - FlyncFind_averageSyn: 18630222.053333335
2024-07-06 17:55:46,573 - poweroff_2_30_results - INFO - FlyncFind_averageDis: 0.0
2024-07-06 17:55:46,573 - poweroff_2_30_results - INFO - FlyncFind_averageCollisionNum: 3.0
2024-07-06 17:55:46,573 - poweroff_2_30_results - INFO - FlyncFind_sumCollisionNum: 90
2024-07-06 17:55:46,573 - poweroff_2_30_results - INFO - Pulsar_averageSyn: 3102591.0846666666
2024-07-06 17:55:46,573 - poweroff_2_30_results - INFO - Pulsar_averageDis: 2002744.8666666667
2024-07-06 17:55:46,573 - poweroff_2_30_results - INFO - Pulsar_averageCollisionNum: 0.0
2024-07-06 17:55:46,573 - poweroff_2_30_results - INFO - Pulsar_sumCollisionNum: 0
2024-07-06 17:55:46,574 - poweroff_2_30_results - INFO - Free_beacon_averageSyn: 612367.964
2024-07-06 17:55:46,574 - poweroff_2_30_results - INFO - Free_beacon_averageDis: 551784.0
2024-07-06 17:55:46,574 - poweroff_2_30_results - INFO - Free_beacon_averageCollisionNum: 0.0
2024-07-06 17:55:46,574 - poweroff_2_30_results - INFO - Free_beacon_sumCollisionNum: 0
2024-07-06 17:55:46,574 - poweroff_2_30_results - INFO - Find_averageEnhancedSyn: 312.44785954217554
2024-07-06 17:55:46,575 - poweroff_2_30_results - INFO - Find_averageEnhancedDis: 0.0
2024-07-06 17:55:46,575 - poweroff_2_30_results - INFO - Find_averageEnhancedCollisionNum: 1.0
2024-07-06 17:55:46,575 - poweroff_2_30_results - INFO - FlyncFind_averageEnhancedSyn: 30.42324737505918
2024-07-06 17:55:46,575 - poweroff_2_30_results - INFO - FlyncFind_averageEnhancedDis: 0.0
2024-07-06 17:55:46,576 - poweroff_2_30_results - INFO - FlyncFind_averageEnhancedCollisionNum: 0.9999999999999999
2024-07-06 17:55:46,576 - poweroff_2_30_results - INFO - Pulsar_averageEnhancedSyn: 5.066547022480533
2024-07-06 17:55:46,576 - poweroff_2_30_results - INFO - Pulsar_averageEnhancedDis: 3.629581261266486
2024-07-06 17:55:46,576 - poweroff_2_30_results - INFO - Pulsar_averageEnhancedCollisionNum: 0.0
2024-07-06 18:43:12,455 - poweroff_2_30_results - INFO - *******************JOGGING_TRACE*******************
2024-07-06 18:43:12,455 - poweroff_2_30_results - INFO - Find_averageSyn: 1884661.776
2024-07-06 18:43:12,455 - poweroff_2_30_results - INFO - Find_averageDis: 0.0
2024-07-06 18:43:12,455 - poweroff_2_30_results - INFO - Find_averageCollisionNum: 3.6
2024-07-06 18:43:12,456 - poweroff_2_30_results - INFO - Find_sumCollisionNum: 108
2024-07-06 18:43:12,456 - poweroff_2_30_results - INFO - FlyncFind_averageSyn: 394370.94666666666
2024-07-06 18:43:12,456 - poweroff_2_30_results - INFO - FlyncFind_averageDis: 0.0
2024-07-06 18:43:12,456 - poweroff_2_30_results - INFO - FlyncFind_averageCollisionNum: 41.53333333333333
2024-07-06 18:43:12,456 - poweroff_2_30_results - INFO - FlyncFind_sumCollisionNum: 1246
2024-07-06 18:43:12,456 - poweroff_2_30_results - INFO - Pulsar_averageSyn: 239271.82
2024-07-06 18:43:12,456 - poweroff_2_30_results - INFO - Pulsar_averageDis: 229495.06666666668
2024-07-06 18:43:12,457 - poweroff_2_30_results - INFO - Pulsar_averageCollisionNum: 0.26666666666666666
2024-07-06 18:43:12,457 - poweroff_2_30_results - INFO - Pulsar_sumCollisionNum: 8
2024-07-06 18:43:12,457 - poweroff_2_30_results - INFO - Free_beacon_averageSyn: 8080.112
2024-07-06 18:43:12,457 - poweroff_2_30_results - INFO - Free_beacon_averageDis: 59844.0
2024-07-06 18:43:12,457 - poweroff_2_30_results - INFO - Free_beacon_averageCollisionNum: 0.3333333333333333
2024-07-06 18:43:12,457 - poweroff_2_30_results - INFO - Free_beacon_sumCollisionNum: 10
2024-07-06 18:43:12,458 - poweroff_2_30_results - INFO - Find_averageEnhancedSyn: 233.24698667543223
2024-07-06 18:43:12,458 - poweroff_2_30_results - INFO - Find_averageEnhancedDis: 0.0
2024-07-06 18:43:12,458 - poweroff_2_30_results - INFO - Find_averageEnhancedCollisionNum: 1.0
2024-07-06 18:43:12,459 - poweroff_2_30_results - INFO - FlyncFind_averageEnhancedSyn: 48.80760893743387
2024-07-06 18:43:12,459 - poweroff_2_30_results - INFO - FlyncFind_averageEnhancedDis: 0.0
2024-07-06 18:43:12,459 - poweroff_2_30_results - INFO - FlyncFind_averageEnhancedCollisionNum: 0.9999999999999998
2024-07-06 18:43:12,459 - poweroff_2_30_results - INFO - Pulsar_averageEnhancedSyn: 29.612438540455877
2024-07-06 18:43:12,460 - poweroff_2_30_results - INFO - Pulsar_averageEnhancedDis: 3.834888487846178
2024-07-06 18:43:12,460 - poweroff_2_30_results - INFO - Pulsar_averageEnhancedCollisionNum: 1.0
2024-07-06 19:08:48,924 - poweroff_2_30_results - INFO - *******************OFFICE_TRACE*******************
2024-07-06 19:08:48,924 - poweroff_2_30_results - INFO - Find_averageSyn: 327874.296
2024-07-06 19:08:48,924 - poweroff_2_30_results - INFO - Find_averageDis: 0.0
2024-07-06 19:08:48,925 - poweroff_2_30_results - INFO - Find_averageCollisionNum: 8.133333333333333
2024-07-06 19:08:48,925 - poweroff_2_30_results - INFO - Find_sumCollisionNum: 244
2024-07-06 19:08:48,925 - poweroff_2_30_results - INFO - FlyncFind_averageSyn: 132764.04533333334
2024-07-06 19:08:48,925 - poweroff_2_30_results - INFO - FlyncFind_averageDis: 0.0
2024-07-06 19:08:48,925 - poweroff_2_30_results - INFO - FlyncFind_averageCollisionNum: 170.33333333333334
2024-07-06 19:08:48,925 - poweroff_2_30_results - INFO - FlyncFind_sumCollisionNum: 5110
2024-07-06 19:08:48,925 - poweroff_2_30_results - INFO - Pulsar_averageSyn: 41166.02133333333
2024-07-06 19:08:48,925 - poweroff_2_30_results - INFO - Pulsar_averageDis: 110404.3
2024-07-06 19:08:48,926 - poweroff_2_30_results - INFO - Pulsar_averageCollisionNum: 0.26666666666666666
2024-07-06 19:08:48,926 - poweroff_2_30_results - INFO - Pulsar_sumCollisionNum: 8
2024-07-06 19:08:48,926 - poweroff_2_30_results - INFO - Free_beacon_averageSyn: 1940.3493333333333
2024-07-06 19:08:48,926 - poweroff_2_30_results - INFO - Free_beacon_averageDis: 15408.133333333333
2024-07-06 19:08:48,926 - poweroff_2_30_results - INFO - Free_beacon_averageCollisionNum: 0.4666666666666667
2024-07-06 19:08:48,926 - poweroff_2_30_results - INFO - Free_beacon_sumCollisionNum: 14
2024-07-06 19:08:48,927 - poweroff_2_30_results - INFO - Find_averageEnhancedSyn: 168.97694160913977
2024-07-06 19:08:48,927 - poweroff_2_30_results - INFO - Find_averageEnhancedDis: 0.0
2024-07-06 19:08:48,927 - poweroff_2_30_results - INFO - Find_averageEnhancedCollisionNum: 0.9999999999999999
2024-07-06 19:08:48,928 - poweroff_2_30_results - INFO - FlyncFind_averageEnhancedSyn: 68.42275411575373
2024-07-06 19:08:48,928 - poweroff_2_30_results - INFO - FlyncFind_averageEnhancedDis: 0.0
2024-07-06 19:08:48,928 - poweroff_2_30_results - INFO - FlyncFind_averageEnhancedCollisionNum: 0.9999999999999998
2024-07-06 19:08:48,928 - poweroff_2_30_results - INFO - Pulsar_averageEnhancedSyn: 21.215778327201562
2024-07-06 19:08:48,929 - poweroff_2_30_results - INFO - Pulsar_averageEnhancedDis: 7.165326104827754
2024-07-06 19:08:48,929 - poweroff_2_30_results - INFO - Pulsar_averageEnhancedCollisionNum: 1.0
2024-07-06 20:08:37,786 - poweroff_2_30_results - INFO - *******************WASHER_TRACE*******************
2024-07-06 20:08:37,786 - poweroff_2_30_results - INFO - Find_averageSyn: 7274896.166666667
2024-07-06 20:08:37,786 - poweroff_2_30_results - INFO - Find_averageDis: 0.0
2024-07-06 20:08:37,786 - poweroff_2_30_results - INFO - Find_averageCollisionNum: 4.266666666666667
2024-07-06 20:08:37,786 - poweroff_2_30_results - INFO - Find_sumCollisionNum: 128
2024-07-06 20:08:37,786 - poweroff_2_30_results - INFO - FlyncFind_averageSyn: 4229355.946666666
2024-07-06 20:08:37,786 - poweroff_2_30_results - INFO - FlyncFind_averageDis: 0.0
2024-07-06 20:08:37,786 - poweroff_2_30_results - INFO - FlyncFind_averageCollisionNum: 13.8
2024-07-06 20:08:37,787 - poweroff_2_30_results - INFO - FlyncFind_sumCollisionNum: 414
2024-07-06 20:08:37,787 - poweroff_2_30_results - INFO - Pulsar_averageSyn: 2401610.2666666666
2024-07-06 20:08:37,787 - poweroff_2_30_results - INFO - Pulsar_averageDis: 2436796.7333333334
2024-07-06 20:08:37,787 - poweroff_2_30_results - INFO - Pulsar_averageCollisionNum: 0.3
2024-07-06 20:08:37,787 - poweroff_2_30_results - INFO - Pulsar_sumCollisionNum: 9
2024-07-06 20:08:37,787 - poweroff_2_30_results - INFO - Free_beacon_averageSyn: 257926.12533333333
2024-07-06 20:08:37,787 - poweroff_2_30_results - INFO - Free_beacon_averageDis: 236309.56666666668
2024-07-06 20:08:37,787 - poweroff_2_30_results - INFO - Free_beacon_averageCollisionNum: 0.0
2024-07-06 20:08:37,787 - poweroff_2_30_results - INFO - Free_beacon_sumCollisionNum: 0
2024-07-06 20:08:37,788 - poweroff_2_30_results - INFO - Find_averageEnhancedSyn: 28.205348168065118
2024-07-06 20:08:37,788 - poweroff_2_30_results - INFO - Find_averageEnhancedDis: 0.0
2024-07-06 20:08:37,788 - poweroff_2_30_results - INFO - Find_averageEnhancedCollisionNum: 1.0
2024-07-06 20:08:37,788 - poweroff_2_30_results - INFO - FlyncFind_averageEnhancedSyn: 16.39754771332612
2024-07-06 20:08:37,788 - poweroff_2_30_results - INFO - FlyncFind_averageEnhancedDis: 0.0
2024-07-06 20:08:37,788 - poweroff_2_30_results - INFO - FlyncFind_averageEnhancedCollisionNum: 1.0000000000000002
2024-07-06 20:08:37,789 - poweroff_2_30_results - INFO - Pulsar_averageEnhancedSyn: 9.311233065525728
2024-07-06 20:08:37,789 - poweroff_2_30_results - INFO - Pulsar_averageEnhancedDis: 10.311883550489632
2024-07-06 20:08:37,789 - poweroff_2_30_results - INFO - Pulsar_averageEnhancedCollisionNum: 1.0
