2024-07-05 08:01:30,460 - poweroff_2_5_results - INFO - *******************STATIC_TRACE*******************
2024-07-05 08:01:30,461 - poweroff_2_5_results - INFO - Find_averageSyn: 144368.41466666668
2024-07-05 08:01:30,461 - poweroff_2_5_results - INFO - Find_averageDis: 0.0
2024-07-05 08:01:30,461 - poweroff_2_5_results - INFO - Find_averageCollisionNum: 14.4
2024-07-05 08:01:30,461 - poweroff_2_5_results - INFO - Find_sumCollisionNum: 432
2024-07-05 08:01:30,461 - poweroff_2_5_results - INFO - FlyncFind_averageSyn: 186954.29333333333
2024-07-05 08:01:30,461 - poweroff_2_5_results - INFO - FlyncFind_averageDis: 0.0
2024-07-05 08:01:30,462 - poweroff_2_5_results - INFO - FlyncFind_averageCollisionNum: 736.4666666666667
2024-07-05 08:01:30,462 - poweroff_2_5_results - INFO - FlyncFind_sumCollisionNum: 22094
2024-07-05 08:01:30,462 - poweroff_2_5_results - INFO - Pulsar_averageSyn: 38485.94266666667
2024-07-05 08:01:30,462 - poweroff_2_5_results - INFO - Pulsar_averageDis: 96652.33333333333
2024-07-05 08:01:30,462 - poweroff_2_5_results - INFO - Pulsar_averageCollisionNum: 1.6
2024-07-05 08:01:30,462 - poweroff_2_5_results - INFO - Pulsar_sumCollisionNum: 48
2024-07-05 08:01:30,462 - poweroff_2_5_results - INFO - Free_beacon_averageSyn: 1860.584
2024-07-05 08:01:30,463 - poweroff_2_5_results - INFO - Free_beacon_averageDis: 22458.1
2024-07-05 08:01:30,463 - poweroff_2_5_results - INFO - Free_beacon_averageCollisionNum: 3.7
2024-07-05 08:01:30,463 - poweroff_2_5_results - INFO - Free_beacon_sumCollisionNum: 111
2024-07-05 08:01:30,463 - poweroff_2_5_results - INFO - Find_averageEnhancedSyn: 77.59306468649987
2024-07-05 08:01:30,463 - poweroff_2_5_results - INFO - Find_averageEnhancedDis: 0.0
2024-07-05 08:01:30,464 - poweroff_2_5_results - INFO - Find_averageEnhancedCollisionNum: 1.0
2024-07-05 08:01:30,464 - poweroff_2_5_results - INFO - FlyncFind_averageEnhancedSyn: 100.48151189805638
2024-07-05 08:01:30,464 - poweroff_2_5_results - INFO - FlyncFind_averageEnhancedDis: 0.0
2024-07-05 08:01:30,464 - poweroff_2_5_results - INFO - FlyncFind_averageEnhancedCollisionNum: 1.0
2024-07-05 08:01:30,465 - poweroff_2_5_results - INFO - Pulsar_averageEnhancedSyn: 20.684872419985698
2024-07-05 08:01:30,465 - poweroff_2_5_results - INFO - Pulsar_averageEnhancedDis: 4.303673655978615
2024-07-05 08:01:30,465 - poweroff_2_5_results - INFO - Pulsar_averageEnhancedCollisionNum: 1.0
2024-07-05 08:38:43,945 - poweroff_2_5_results - INFO - *******************COMPLEX_TRACE*******************
2024-07-05 08:38:43,945 - poweroff_2_5_results - INFO - Find_averageSyn: 930568.264
2024-07-05 08:38:43,945 - poweroff_2_5_results - INFO - Find_averageDis: 0.0
2024-07-05 08:38:43,945 - poweroff_2_5_results - INFO - Find_averageCollisionNum: 5.333333333333333
2024-07-05 08:38:43,946 - poweroff_2_5_results - INFO - Find_sumCollisionNum: 160
2024-07-05 08:38:43,946 - poweroff_2_5_results - INFO - FlyncFind_averageSyn: 194435.73333333334
2024-07-05 08:38:43,946 - poweroff_2_5_results - INFO - FlyncFind_averageDis: 0.0
2024-07-05 08:38:43,946 - poweroff_2_5_results - INFO - FlyncFind_averageCollisionNum: 64.46666666666667
2024-07-05 08:38:43,946 - poweroff_2_5_results - INFO - FlyncFind_sumCollisionNum: 1934
2024-07-05 08:38:43,946 - poweroff_2_5_results - INFO - Pulsar_averageSyn: 130988.61866666666
2024-07-05 08:38:43,946 - poweroff_2_5_results - INFO - Pulsar_averageDis: 196163.5
2024-07-05 08:38:43,947 - poweroff_2_5_results - INFO - Pulsar_averageCollisionNum: 0.3
2024-07-05 08:38:43,947 - poweroff_2_5_results - INFO - Pulsar_sumCollisionNum: 9
2024-07-05 08:38:43,947 - poweroff_2_5_results - INFO - Free_beacon_averageSyn: 3058.868
2024-07-05 08:38:43,947 - poweroff_2_5_results - INFO - Free_beacon_averageDis: 32427.466666666667
2024-07-05 08:38:43,947 - poweroff_2_5_results - INFO - Free_beacon_averageCollisionNum: 0.36666666666666664
2024-07-05 08:38:43,947 - poweroff_2_5_results - INFO - Free_beacon_sumCollisionNum: 11
2024-07-05 08:38:43,948 - poweroff_2_5_results - INFO - Find_averageEnhancedSyn: 304.2198172657336
2024-07-05 08:38:43,948 - poweroff_2_5_results - INFO - Find_averageEnhancedDis: 0.0
2024-07-05 08:38:43,948 - poweroff_2_5_results - INFO - Find_averageEnhancedCollisionNum: 1.0
2024-07-05 08:38:43,949 - poweroff_2_5_results - INFO - FlyncFind_averageEnhancedSyn: 63.564604073576675
2024-07-05 08:38:43,949 - poweroff_2_5_results - INFO - FlyncFind_averageEnhancedDis: 0.0
2024-07-05 08:38:43,949 - poweroff_2_5_results - INFO - FlyncFind_averageEnhancedCollisionNum: 1.0000000000000002
2024-07-05 08:38:43,949 - poweroff_2_5_results - INFO - Pulsar_averageEnhancedSyn: 42.822579681982575
2024-07-05 08:38:43,950 - poweroff_2_5_results - INFO - Pulsar_averageEnhancedDis: 6.049300798500037
2024-07-05 08:38:43,950 - poweroff_2_5_results - INFO - Pulsar_averageEnhancedCollisionNum: 1.0
2024-07-05 09:58:10,022 - poweroff_2_5_results - INFO - *******************STAIRS_TRACE*******************
2024-07-05 09:58:10,023 - poweroff_2_5_results - INFO - Find_averageSyn: 45689.825333333334
2024-07-05 09:58:10,023 - poweroff_2_5_results - INFO - Find_averageDis: 0.0
2024-07-05 09:58:10,023 - poweroff_2_5_results - INFO - Find_averageCollisionNum: 31.933333333333334
2024-07-05 09:58:10,023 - poweroff_2_5_results - INFO - Find_sumCollisionNum: 958
2024-07-05 09:58:10,023 - poweroff_2_5_results - INFO - FlyncFind_averageSyn: 425249.2
2024-07-05 09:58:10,023 - poweroff_2_5_results - INFO - FlyncFind_averageDis: 0.0
2024-07-05 09:58:10,023 - poweroff_2_5_results - INFO - FlyncFind_averageCollisionNum: 5752.133333333333
2024-07-05 09:58:10,023 - poweroff_2_5_results - INFO - FlyncFind_sumCollisionNum: 172564
2024-07-05 09:58:10,024 - poweroff_2_5_results - INFO - Pulsar_averageSyn: 9812.037333333334
2024-07-05 09:58:10,024 - poweroff_2_5_results - INFO - Pulsar_averageDis: 72962.3
2024-07-05 09:58:10,024 - poweroff_2_5_results - INFO - Pulsar_averageCollisionNum: 2.2666666666666666
2024-07-05 09:58:10,024 - poweroff_2_5_results - INFO - Pulsar_sumCollisionNum: 68
2024-07-05 09:58:10,024 - poweroff_2_5_results - INFO - Free_beacon_averageSyn: 140.352
2024-07-05 09:58:10,024 - poweroff_2_5_results - INFO - Free_beacon_averageDis: 20321.233333333334
2024-07-05 09:58:10,024 - poweroff_2_5_results - INFO - Free_beacon_averageCollisionNum: 6.1
2024-07-05 09:58:10,024 - poweroff_2_5_results - INFO - Free_beacon_sumCollisionNum: 183
2024-07-05 09:58:10,024 - poweroff_2_5_results - INFO - Find_averageEnhancedSyn: 325.5374012007904
2024-07-05 09:58:10,025 - poweroff_2_5_results - INFO - Find_averageEnhancedDis: 0.0
2024-07-05 09:58:10,025 - poweroff_2_5_results - INFO - Find_averageEnhancedCollisionNum: 1.0
2024-07-05 09:58:10,025 - poweroff_2_5_results - INFO - FlyncFind_averageEnhancedSyn: 3029.876310989512
2024-07-05 09:58:10,025 - poweroff_2_5_results - INFO - FlyncFind_averageEnhancedDis: 0.0
2024-07-05 09:58:10,025 - poweroff_2_5_results - INFO - FlyncFind_averageEnhancedCollisionNum: 1.0
2024-07-05 09:58:10,026 - poweroff_2_5_results - INFO - Pulsar_averageEnhancedSyn: 69.91020671834626
2024-07-05 09:58:10,026 - poweroff_2_5_results - INFO - Pulsar_averageEnhancedDis: 3.5904464459998326
2024-07-05 09:58:10,026 - poweroff_2_5_results - INFO - Pulsar_averageEnhancedCollisionNum: 1.0000000000000002
2024-07-05 14:23:04,887 - poweroff_2_5_results - INFO - *******************CARS_TRACE*******************
2024-07-05 14:23:04,888 - poweroff_2_5_results - INFO - Find_averageSyn: 152086679.476
2024-07-05 14:23:04,888 - poweroff_2_5_results - INFO - Find_averageDis: 0.0
2024-07-05 14:23:04,888 - poweroff_2_5_results - INFO - Find_averageCollisionNum: 0.7333333333333333
2024-07-05 14:23:04,888 - poweroff_2_5_results - INFO - Find_sumCollisionNum: 22
2024-07-05 14:23:04,888 - poweroff_2_5_results - INFO - FlyncFind_averageSyn: 14262384.649333334
2024-07-05 14:23:04,888 - poweroff_2_5_results - INFO - FlyncFind_averageDis: 0.0
2024-07-05 14:23:04,888 - poweroff_2_5_results - INFO - FlyncFind_averageCollisionNum: 3.933333333333333
2024-07-05 14:23:04,888 - poweroff_2_5_results - INFO - FlyncFind_sumCollisionNum: 118
2024-07-05 14:23:04,888 - poweroff_2_5_results - INFO - Pulsar_averageSyn: 3041750.9493333334
2024-07-05 14:23:04,888 - poweroff_2_5_results - INFO - Pulsar_averageDis: 1740231.0333333334
2024-07-05 14:23:04,888 - poweroff_2_5_results - INFO - Pulsar_averageCollisionNum: 0.0
2024-07-05 14:23:04,888 - poweroff_2_5_results - INFO - Pulsar_sumCollisionNum: 0
2024-07-05 14:23:04,889 - poweroff_2_5_results - INFO - Free_beacon_averageSyn: 490127.00066666666
2024-07-05 14:23:04,889 - poweroff_2_5_results - INFO - Free_beacon_averageDis: 489534.8333333333
2024-07-05 14:23:04,889 - poweroff_2_5_results - INFO - Free_beacon_averageCollisionNum: 0.0
2024-07-05 14:23:04,889 - poweroff_2_5_results - INFO - Free_beacon_sumCollisionNum: 0
2024-07-05 14:23:04,889 - poweroff_2_5_results - INFO - Find_averageEnhancedSyn: 310.3005532629971
2024-07-05 14:23:04,889 - poweroff_2_5_results - INFO - Find_averageEnhancedDis: 0.0
2024-07-05 14:23:04,889 - poweroff_2_5_results - INFO - Find_averageEnhancedCollisionNum: 1.0
2024-07-05 14:23:04,890 - poweroff_2_5_results - INFO - FlyncFind_averageEnhancedSyn: 29.099365327626835
2024-07-05 14:23:04,890 - poweroff_2_5_results - INFO - FlyncFind_averageEnhancedDis: 0.0
2024-07-05 14:23:04,890 - poweroff_2_5_results - INFO - FlyncFind_averageEnhancedCollisionNum: 1.0
2024-07-05 14:23:04,890 - poweroff_2_5_results - INFO - Pulsar_averageEnhancedSyn: 6.20604648427034
2024-07-05 14:23:04,890 - poweroff_2_5_results - INFO - Pulsar_averageEnhancedDis: 3.5548666097645762
2024-07-05 14:23:04,891 - poweroff_2_5_results - INFO - Pulsar_averageEnhancedCollisionNum: 0.0
2024-07-05 15:04:55,642 - poweroff_2_5_results - INFO - *******************JOGGING_TRACE*******************
2024-07-05 15:04:55,642 - poweroff_2_5_results - INFO - Find_averageSyn: 1545354.1493333334
2024-07-05 15:04:55,642 - poweroff_2_5_results - INFO - Find_averageDis: 0.0
2024-07-05 15:04:55,642 - poweroff_2_5_results - INFO - Find_averageCollisionNum: 3.4
2024-07-05 15:04:55,642 - poweroff_2_5_results - INFO - Find_sumCollisionNum: 102
2024-07-05 15:04:55,642 - poweroff_2_5_results - INFO - FlyncFind_averageSyn: 353213.50666666665
2024-07-05 15:04:55,642 - poweroff_2_5_results - INFO - FlyncFind_averageDis: 0.0
2024-07-05 15:04:55,643 - poweroff_2_5_results - INFO - FlyncFind_averageCollisionNum: 46.2
2024-07-05 15:04:55,643 - poweroff_2_5_results - INFO - FlyncFind_sumCollisionNum: 1386
2024-07-05 15:04:55,643 - poweroff_2_5_results - INFO - Pulsar_averageSyn: 299256.50666666665
2024-07-05 15:04:55,643 - poweroff_2_5_results - INFO - Pulsar_averageDis: 232859.3
2024-07-05 15:04:55,643 - poweroff_2_5_results - INFO - Pulsar_averageCollisionNum: 0.3333333333333333
2024-07-05 15:04:55,643 - poweroff_2_5_results - INFO - Pulsar_sumCollisionNum: 10
2024-07-05 15:04:55,643 - poweroff_2_5_results - INFO - Free_beacon_averageSyn: 6358.416
2024-07-05 15:04:55,643 - poweroff_2_5_results - INFO - Free_beacon_averageDis: 39736.53333333333
2024-07-05 15:04:55,643 - poweroff_2_5_results - INFO - Free_beacon_averageCollisionNum: 0.2
2024-07-05 15:04:55,643 - poweroff_2_5_results - INFO - Free_beacon_sumCollisionNum: 6
2024-07-05 15:04:55,644 - poweroff_2_5_results - INFO - Find_averageEnhancedSyn: 243.04074306137463
2024-07-05 15:04:55,644 - poweroff_2_5_results - INFO - Find_averageEnhancedDis: 0.0
2024-07-05 15:04:55,644 - poweroff_2_5_results - INFO - Find_averageEnhancedCollisionNum: 1.0000000000000002
2024-07-05 15:04:55,644 - poweroff_2_5_results - INFO - FlyncFind_averageEnhancedSyn: 55.55055011604567
2024-07-05 15:04:55,644 - poweroff_2_5_results - INFO - FlyncFind_averageEnhancedDis: 0.0
2024-07-05 15:04:55,645 - poweroff_2_5_results - INFO - FlyncFind_averageEnhancedCollisionNum: 1.0000000000000002
2024-07-05 15:04:55,645 - poweroff_2_5_results - INFO - Pulsar_averageEnhancedSyn: 47.064631610556255
2024-07-05 15:04:55,645 - poweroff_2_5_results - INFO - Pulsar_averageEnhancedDis: 5.8600808995248705
2024-07-05 15:04:55,645 - poweroff_2_5_results - INFO - Pulsar_averageEnhancedCollisionNum: 1.0
2024-07-05 15:30:07,599 - poweroff_2_5_results - INFO - *******************OFFICE_TRACE*******************
2024-07-05 15:30:07,600 - poweroff_2_5_results - INFO - Find_averageSyn: 274879.09466666664
2024-07-05 15:30:07,600 - poweroff_2_5_results - INFO - Find_averageDis: 0.0
2024-07-05 15:30:07,600 - poweroff_2_5_results - INFO - Find_averageCollisionNum: 9.266666666666667
2024-07-05 15:30:07,600 - poweroff_2_5_results - INFO - Find_sumCollisionNum: 278
2024-07-05 15:30:07,600 - poweroff_2_5_results - INFO - FlyncFind_averageSyn: 136896.50666666665
2024-07-05 15:30:07,600 - poweroff_2_5_results - INFO - FlyncFind_averageDis: 0.0
2024-07-05 15:30:07,600 - poweroff_2_5_results - INFO - FlyncFind_averageCollisionNum: 231.26666666666668
2024-07-05 15:30:07,600 - poweroff_2_5_results - INFO - FlyncFind_sumCollisionNum: 6938
2024-07-05 15:30:07,600 - poweroff_2_5_results - INFO - Pulsar_averageSyn: 77771.11333333333
2024-07-05 15:30:07,601 - poweroff_2_5_results - INFO - Pulsar_averageDis: 103338.96666666666
2024-07-05 15:30:07,601 - poweroff_2_5_results - INFO - Pulsar_averageCollisionNum: 0.26666666666666666
2024-07-05 15:30:07,601 - poweroff_2_5_results - INFO - Pulsar_sumCollisionNum: 8
2024-07-05 15:30:07,601 - poweroff_2_5_results - INFO - Free_beacon_averageSyn: 1508.7253333333333
2024-07-05 15:30:07,601 - poweroff_2_5_results - INFO - Free_beacon_averageDis: 20514.633333333335
2024-07-05 15:30:07,601 - poweroff_2_5_results - INFO - Free_beacon_averageCollisionNum: 1.2666666666666666
2024-07-05 15:30:07,601 - poweroff_2_5_results - INFO - Free_beacon_sumCollisionNum: 38
2024-07-05 15:30:07,601 - poweroff_2_5_results - INFO - Find_averageEnhancedSyn: 182.1929337259532
2024-07-05 15:30:07,602 - poweroff_2_5_results - INFO - Find_averageEnhancedDis: 0.0
2024-07-05 15:30:07,602 - poweroff_2_5_results - INFO - Find_averageEnhancedCollisionNum: 1.0
2024-07-05 15:30:07,602 - poweroff_2_5_results - INFO - FlyncFind_averageEnhancedSyn: 90.73653344456777
2024-07-05 15:30:07,602 - poweroff_2_5_results - INFO - FlyncFind_averageEnhancedDis: 0.0
2024-07-05 15:30:07,602 - poweroff_2_5_results - INFO - FlyncFind_averageEnhancedCollisionNum: 1.0000000000000002
2024-07-05 15:30:07,603 - poweroff_2_5_results - INFO - Pulsar_averageEnhancedSyn: 51.54756244564948
2024-07-05 15:30:07,603 - poweroff_2_5_results - INFO - Pulsar_averageEnhancedDis: 5.037329451009766
2024-07-05 15:30:07,603 - poweroff_2_5_results - INFO - Pulsar_averageEnhancedCollisionNum: 1.0
2024-07-05 16:24:24,520 - poweroff_2_5_results - INFO - *******************WASHER_TRACE*******************
2024-07-05 16:24:24,520 - poweroff_2_5_results - INFO - Find_averageSyn: 7253953.692
2024-07-05 16:24:24,520 - poweroff_2_5_results - INFO - Find_averageDis: 0.0
2024-07-05 16:24:24,520 - poweroff_2_5_results - INFO - Find_averageCollisionNum: 3.8666666666666667
2024-07-05 16:24:24,520 - poweroff_2_5_results - INFO - Find_sumCollisionNum: 116
2024-07-05 16:24:24,520 - poweroff_2_5_results - INFO - FlyncFind_averageSyn: 3962080.7733333334
2024-07-05 16:24:24,520 - poweroff_2_5_results - INFO - FlyncFind_averageDis: 0.0
2024-07-05 16:24:24,521 - poweroff_2_5_results - INFO - FlyncFind_averageCollisionNum: 18.666666666666668
2024-07-05 16:24:24,521 - poweroff_2_5_results - INFO - FlyncFind_sumCollisionNum: 560
2024-07-05 16:24:24,521 - poweroff_2_5_results - INFO - Pulsar_averageSyn: 2397779.3766666665
2024-07-05 16:24:24,521 - poweroff_2_5_results - INFO - Pulsar_averageDis: 3264491.2333333334
2024-07-05 16:24:24,521 - poweroff_2_5_results - INFO - Pulsar_averageCollisionNum: 0.06666666666666667
2024-07-05 16:24:24,521 - poweroff_2_5_results - INFO - Pulsar_sumCollisionNum: 2
2024-07-05 16:24:24,521 - poweroff_2_5_results - INFO - Free_beacon_averageSyn: 202628.40266666666
2024-07-05 16:24:24,521 - poweroff_2_5_results - INFO - Free_beacon_averageDis: 186254.6
2024-07-05 16:24:24,521 - poweroff_2_5_results - INFO - Free_beacon_averageCollisionNum: 0.1
2024-07-05 16:24:24,521 - poweroff_2_5_results - INFO - Free_beacon_sumCollisionNum: 3
2024-07-05 16:24:24,522 - poweroff_2_5_results - INFO - Find_averageEnhancedSyn: 35.79929366532637
2024-07-05 16:24:24,522 - poweroff_2_5_results - INFO - Find_averageEnhancedDis: 0.0
2024-07-05 16:24:24,522 - poweroff_2_5_results - INFO - Find_averageEnhancedCollisionNum: 1.0
2024-07-05 16:24:24,522 - poweroff_2_5_results - INFO - FlyncFind_averageEnhancedSyn: 19.553432397387766
2024-07-05 16:24:24,522 - poweroff_2_5_results - INFO - FlyncFind_averageEnhancedDis: 0.0
2024-07-05 16:24:24,522 - poweroff_2_5_results - INFO - FlyncFind_averageEnhancedCollisionNum: 1.0
2024-07-05 16:24:24,523 - poweroff_2_5_results - INFO - Pulsar_averageEnhancedSyn: 11.833382413871798
2024-07-05 16:24:24,523 - poweroff_2_5_results - INFO - Pulsar_averageEnhancedDis: 17.527036826651976
2024-07-05 16:24:24,523 - poweroff_2_5_results - INFO - Pulsar_averageEnhancedCollisionNum: 1.0
