2024-07-04 23:26:52,714 - poweroff_2_1_results - INFO - *******************STATIC_TRACE*******************
2024-07-04 23:26:52,714 - poweroff_2_1_results - INFO - Find_averageSyn: 147103.26
2024-07-04 23:26:52,715 - poweroff_2_1_results - INFO - Find_averageDis: 0.0
2024-07-04 23:26:52,715 - poweroff_2_1_results - INFO - Find_averageCollisionNum: 15.4
2024-07-04 23:26:52,715 - poweroff_2_1_results - INFO - Find_sumCollisionNum: 462
2024-07-04 23:26:52,715 - poweroff_2_1_results - INFO - FlyncFind_averageSyn: 191672.42666666667
2024-07-04 23:26:52,715 - poweroff_2_1_results - INFO - FlyncFind_averageDis: 0.0
2024-07-04 23:26:52,715 - poweroff_2_1_results - INFO - FlyncFind_averageCollisionNum: 780.9333333333333
2024-07-04 23:26:52,716 - poweroff_2_1_results - INFO - FlyncFind_sumCollisionNum: 23428
2024-07-04 23:26:52,716 - poweroff_2_1_results - INFO - Pulsar_averageSyn: 74876.46933333333
2024-07-04 23:26:52,716 - poweroff_2_1_results - INFO - Pulsar_averageDis: 105035.1
2024-07-04 23:26:52,716 - poweroff_2_1_results - INFO - Pulsar_averageCollisionNum: 1.3
2024-07-04 23:26:52,716 - poweroff_2_1_results - INFO - Pulsar_sumCollisionNum: 39
2024-07-04 23:26:52,716 - poweroff_2_1_results - INFO - Free_beacon_averageSyn: 2678.552
2024-07-04 23:26:52,716 - poweroff_2_1_results - INFO - Free_beacon_averageDis: 23308.3
2024-07-04 23:26:52,717 - poweroff_2_1_results - INFO - Free_beacon_averageCollisionNum: 2.966666666666667
2024-07-04 23:26:52,717 - poweroff_2_1_results - INFO - Free_beacon_sumCollisionNum: 89
2024-07-04 23:26:52,717 - poweroff_2_1_results - INFO - Find_averageEnhancedSyn: 54.91894874544157
2024-07-04 23:26:52,717 - poweroff_2_1_results - INFO - Find_averageEnhancedDis: 0.0
2024-07-04 23:26:52,717 - poweroff_2_1_results - INFO - Find_averageEnhancedCollisionNum: 1.0000000000000002
2024-07-04 23:26:52,718 - poweroff_2_1_results - INFO - FlyncFind_averageEnhancedSyn: 71.55822499121416
2024-07-04 23:26:52,718 - poweroff_2_1_results - INFO - FlyncFind_averageEnhancedDis: 0.0
2024-07-04 23:26:52,718 - poweroff_2_1_results - INFO - FlyncFind_averageEnhancedCollisionNum: 1.0
2024-07-04 23:26:52,719 - poweroff_2_1_results - INFO - Pulsar_averageEnhancedSyn: 27.954084644738398
2024-07-04 23:26:52,719 - poweroff_2_1_results - INFO - Pulsar_averageEnhancedDis: 4.506338943638103
2024-07-04 23:26:52,719 - poweroff_2_1_results - INFO - Pulsar_averageEnhancedCollisionNum: 0.9999999999999999
2024-07-05 00:03:11,436 - poweroff_2_1_results - INFO - *******************COMPLEX_TRACE*******************
2024-07-05 00:03:11,436 - poweroff_2_1_results - INFO - Find_averageSyn: 885107.5373333333
2024-07-05 00:03:11,436 - poweroff_2_1_results - INFO - Find_averageDis: 0.0
2024-07-05 00:03:11,437 - poweroff_2_1_results - INFO - Find_averageCollisionNum: 4.666666666666667
2024-07-05 00:03:11,437 - poweroff_2_1_results - INFO - Find_sumCollisionNum: 140
2024-07-05 00:03:11,437 - poweroff_2_1_results - INFO - FlyncFind_averageSyn: 216202.64
2024-07-05 00:03:11,437 - poweroff_2_1_results - INFO - FlyncFind_averageDis: 0.0
2024-07-05 00:03:11,437 - poweroff_2_1_results - INFO - FlyncFind_averageCollisionNum: 74.33333333333333
2024-07-05 00:03:11,437 - poweroff_2_1_results - INFO - FlyncFind_sumCollisionNum: 2230
2024-07-05 00:03:11,437 - poweroff_2_1_results - INFO - Pulsar_averageSyn: 176093.35666666666
2024-07-05 00:03:11,437 - poweroff_2_1_results - INFO - Pulsar_averageDis: 180111.46666666667
2024-07-05 00:03:11,437 - poweroff_2_1_results - INFO - Pulsar_averageCollisionNum: 0.0
2024-07-05 00:03:11,437 - poweroff_2_1_results - INFO - Pulsar_sumCollisionNum: 0
2024-07-05 00:03:11,438 - poweroff_2_1_results - INFO - Free_beacon_averageSyn: 2875.054666666667
2024-07-05 00:03:11,438 - poweroff_2_1_results - INFO - Free_beacon_averageDis: 26362.3
2024-07-05 00:03:11,438 - poweroff_2_1_results - INFO - Free_beacon_averageCollisionNum: 0.2
2024-07-05 00:03:11,438 - poweroff_2_1_results - INFO - Free_beacon_sumCollisionNum: 6
2024-07-05 00:03:11,438 - poweroff_2_1_results - INFO - Find_averageEnhancedSyn: 307.8576374895596
2024-07-05 00:03:11,438 - poweroff_2_1_results - INFO - Find_averageEnhancedDis: 0.0
2024-07-05 00:03:11,438 - poweroff_2_1_results - INFO - Find_averageEnhancedCollisionNum: 0.9999999999999999
2024-07-05 00:03:11,439 - poweroff_2_1_results - INFO - FlyncFind_averageEnhancedSyn: 75.19948838074268
2024-07-05 00:03:11,439 - poweroff_2_1_results - INFO - FlyncFind_averageEnhancedDis: 0.0
2024-07-05 00:03:11,439 - poweroff_2_1_results - INFO - FlyncFind_averageEnhancedCollisionNum: 1.0000000000000002
2024-07-05 00:03:11,439 - poweroff_2_1_results - INFO - Pulsar_averageEnhancedSyn: 61.248698575470556
2024-07-05 00:03:11,439 - poweroff_2_1_results - INFO - Pulsar_averageEnhancedDis: 6.832160572737078
2024-07-05 00:03:11,439 - poweroff_2_1_results - INFO - Pulsar_averageEnhancedCollisionNum: 0.0
2024-07-05 01:24:40,505 - poweroff_2_1_results - INFO - *******************STAIRS_TRACE*******************
2024-07-05 01:24:40,506 - poweroff_2_1_results - INFO - Find_averageSyn: 47751.95733333333
2024-07-05 01:24:40,506 - poweroff_2_1_results - INFO - Find_averageDis: 0.0
2024-07-05 01:24:40,506 - poweroff_2_1_results - INFO - Find_averageCollisionNum: 32.333333333333336
2024-07-05 01:24:40,506 - poweroff_2_1_results - INFO - Find_sumCollisionNum: 970
2024-07-05 01:24:40,507 - poweroff_2_1_results - INFO - FlyncFind_averageSyn: 422773.08
2024-07-05 01:24:40,507 - poweroff_2_1_results - INFO - FlyncFind_averageDis: 0.0
2024-07-05 01:24:40,507 - poweroff_2_1_results - INFO - FlyncFind_averageCollisionNum: 6024.2
2024-07-05 01:24:40,507 - poweroff_2_1_results - INFO - FlyncFind_sumCollisionNum: 180726
2024-07-05 01:24:40,507 - poweroff_2_1_results - INFO - Pulsar_averageSyn: 14329.297333333334
2024-07-05 01:24:40,507 - poweroff_2_1_results - INFO - Pulsar_averageDis: 80262.76666666666
2024-07-05 01:24:40,507 - poweroff_2_1_results - INFO - Pulsar_averageCollisionNum: 2.433333333333333
2024-07-05 01:24:40,507 - poweroff_2_1_results - INFO - Pulsar_sumCollisionNum: 73
2024-07-05 01:24:40,508 - poweroff_2_1_results - INFO - Free_beacon_averageSyn: 143.864
2024-07-05 01:24:40,508 - poweroff_2_1_results - INFO - Free_beacon_averageDis: 15246.3
2024-07-05 01:24:40,508 - poweroff_2_1_results - INFO - Free_beacon_averageCollisionNum: 3.566666666666667
2024-07-05 01:24:40,508 - poweroff_2_1_results - INFO - Free_beacon_sumCollisionNum: 107
2024-07-05 01:24:40,509 - poweroff_2_1_results - INFO - Find_averageEnhancedSyn: 331.92429887486327
2024-07-05 01:24:40,509 - poweroff_2_1_results - INFO - Find_averageEnhancedDis: 0.0
2024-07-05 01:24:40,509 - poweroff_2_1_results - INFO - Find_averageEnhancedCollisionNum: 1.0
2024-07-05 01:24:40,509 - poweroff_2_1_results - INFO - FlyncFind_averageEnhancedSyn: 2938.6996051826727
2024-07-05 01:24:40,510 - poweroff_2_1_results - INFO - FlyncFind_averageEnhancedDis: 0.0
2024-07-05 01:24:40,510 - poweroff_2_1_results - INFO - FlyncFind_averageEnhancedCollisionNum: 1.0
2024-07-05 01:24:40,510 - poweroff_2_1_results - INFO - Pulsar_averageEnhancedSyn: 99.60307883371333
2024-07-05 01:24:40,510 - poweroff_2_1_results - INFO - Pulsar_averageEnhancedDis: 5.2644095070060715
2024-07-05 01:24:40,511 - poweroff_2_1_results - INFO - Pulsar_averageEnhancedCollisionNum: 0.9999999999999999
2024-07-05 05:34:53,557 - poweroff_2_1_results - INFO - *******************CARS_TRACE*******************
2024-07-05 05:34:53,558 - poweroff_2_1_results - INFO - Find_averageSyn: 143468413.40666667
2024-07-05 05:34:53,558 - poweroff_2_1_results - INFO - Find_averageDis: 0.0
2024-07-05 05:34:53,558 - poweroff_2_1_results - INFO - Find_averageCollisionNum: 0.2
2024-07-05 05:34:53,558 - poweroff_2_1_results - INFO - Find_sumCollisionNum: 6
2024-07-05 05:34:53,558 - poweroff_2_1_results - INFO - FlyncFind_averageSyn: 13245410.56
2024-07-05 05:34:53,558 - poweroff_2_1_results - INFO - FlyncFind_averageDis: 0.0
2024-07-05 05:34:53,558 - poweroff_2_1_results - INFO - FlyncFind_averageCollisionNum: 4.2
2024-07-05 05:34:53,559 - poweroff_2_1_results - INFO - FlyncFind_sumCollisionNum: 126
2024-07-05 05:34:53,559 - poweroff_2_1_results - INFO - Pulsar_averageSyn: 2555322.6473333333
2024-07-05 05:34:53,559 - poweroff_2_1_results - INFO - Pulsar_averageDis: 1592892.8
2024-07-05 05:34:53,559 - poweroff_2_1_results - INFO - Pulsar_averageCollisionNum: 0.06666666666666667
2024-07-05 05:34:53,559 - poweroff_2_1_results - INFO - Pulsar_sumCollisionNum: 2
2024-07-05 05:34:53,559 - poweroff_2_1_results - INFO - Free_beacon_averageSyn: 475296.71
2024-07-05 05:34:53,559 - poweroff_2_1_results - INFO - Free_beacon_averageDis: 604709.8
2024-07-05 05:34:53,560 - poweroff_2_1_results - INFO - Free_beacon_averageCollisionNum: 0.0
2024-07-05 05:34:53,560 - poweroff_2_1_results - INFO - Free_beacon_sumCollisionNum: 0
2024-07-05 05:34:53,560 - poweroff_2_1_results - INFO - Find_averageEnhancedSyn: 301.85021353643845
2024-07-05 05:34:53,560 - poweroff_2_1_results - INFO - Find_averageEnhancedDis: 0.0
2024-07-05 05:34:53,560 - poweroff_2_1_results - INFO - Find_averageEnhancedCollisionNum: 1.0
2024-07-05 05:34:53,561 - poweroff_2_1_results - INFO - FlyncFind_averageEnhancedSyn: 27.867667251473296
2024-07-05 05:34:53,561 - poweroff_2_1_results - INFO - FlyncFind_averageEnhancedDis: 0.0
2024-07-05 05:34:53,561 - poweroff_2_1_results - INFO - FlyncFind_averageEnhancedCollisionNum: 0.9999999999999998
2024-07-05 05:34:53,562 - poweroff_2_1_results - INFO - Pulsar_averageEnhancedSyn: 5.376268325807122
2024-07-05 05:34:53,562 - poweroff_2_1_results - INFO - Pulsar_averageEnhancedDis: 2.634144179571755
2024-07-05 05:34:53,562 - poweroff_2_1_results - INFO - Pulsar_averageEnhancedCollisionNum: 1.0
2024-07-05 06:16:53,851 - poweroff_2_1_results - INFO - *******************JOGGING_TRACE*******************
2024-07-05 06:16:53,852 - poweroff_2_1_results - INFO - Find_averageSyn: 1509436.8293333333
2024-07-05 06:16:53,852 - poweroff_2_1_results - INFO - Find_averageDis: 0.0
2024-07-05 06:16:53,852 - poweroff_2_1_results - INFO - Find_averageCollisionNum: 3.933333333333333
2024-07-05 06:16:53,852 - poweroff_2_1_results - INFO - Find_sumCollisionNum: 118
2024-07-05 06:16:53,852 - poweroff_2_1_results - INFO - FlyncFind_averageSyn: 346970.94266666664
2024-07-05 06:16:53,852 - poweroff_2_1_results - INFO - FlyncFind_averageDis: 0.0
2024-07-05 06:16:53,852 - poweroff_2_1_results - INFO - FlyncFind_averageCollisionNum: 47.266666666666666
2024-07-05 06:16:53,852 - poweroff_2_1_results - INFO - FlyncFind_sumCollisionNum: 1418
2024-07-05 06:16:53,853 - poweroff_2_1_results - INFO - Pulsar_averageSyn: 268578.0293333333
2024-07-05 06:16:53,853 - poweroff_2_1_results - INFO - Pulsar_averageDis: 234607.8
2024-07-05 06:16:53,853 - poweroff_2_1_results - INFO - Pulsar_averageCollisionNum: 0.13333333333333333
2024-07-05 06:16:53,853 - poweroff_2_1_results - INFO - Pulsar_sumCollisionNum: 4
2024-07-05 06:16:53,853 - poweroff_2_1_results - INFO - Free_beacon_averageSyn: 6102.844
2024-07-05 06:16:53,853 - poweroff_2_1_results - INFO - Free_beacon_averageDis: 44532.0
2024-07-05 06:16:53,853 - poweroff_2_1_results - INFO - Free_beacon_averageCollisionNum: 0.26666666666666666
2024-07-05 06:16:53,853 - poweroff_2_1_results - INFO - Free_beacon_sumCollisionNum: 8
2024-07-05 06:16:53,854 - poweroff_2_1_results - INFO - Find_averageEnhancedSyn: 247.33334644197578
2024-07-05 06:16:53,854 - poweroff_2_1_results - INFO - Find_averageEnhancedDis: 0.0
2024-07-05 06:16:53,854 - poweroff_2_1_results - INFO - Find_averageEnhancedCollisionNum: 1.0
2024-07-05 06:16:53,855 - poweroff_2_1_results - INFO - FlyncFind_averageEnhancedSyn: 56.85397540338023
2024-07-05 06:16:53,855 - poweroff_2_1_results - INFO - FlyncFind_averageEnhancedDis: 0.0
2024-07-05 06:16:53,855 - poweroff_2_1_results - INFO - FlyncFind_averageEnhancedCollisionNum: 1.0
2024-07-05 06:16:53,856 - poweroff_2_1_results - INFO - Pulsar_averageEnhancedSyn: 44.00866699744141
2024-07-05 06:16:53,856 - poweroff_2_1_results - INFO - Pulsar_averageEnhancedDis: 5.268296954998652
2024-07-05 06:16:53,856 - poweroff_2_1_results - INFO - Pulsar_averageEnhancedCollisionNum: 1.0
2024-07-05 06:41:28,518 - poweroff_2_1_results - INFO - *******************OFFICE_TRACE*******************
2024-07-05 06:41:28,519 - poweroff_2_1_results - INFO - Find_averageSyn: 266161.976
2024-07-05 06:41:28,519 - poweroff_2_1_results - INFO - Find_averageDis: 0.0
2024-07-05 06:41:28,519 - poweroff_2_1_results - INFO - Find_averageCollisionNum: 9.2
2024-07-05 06:41:28,519 - poweroff_2_1_results - INFO - Find_sumCollisionNum: 276
2024-07-05 06:41:28,519 - poweroff_2_1_results - INFO - FlyncFind_averageSyn: 127501.56
2024-07-05 06:41:28,519 - poweroff_2_1_results - INFO - FlyncFind_averageDis: 0.0
2024-07-05 06:41:28,519 - poweroff_2_1_results - INFO - FlyncFind_averageCollisionNum: 216.8
2024-07-05 06:41:28,519 - poweroff_2_1_results - INFO - FlyncFind_sumCollisionNum: 6504
2024-07-05 06:41:28,520 - poweroff_2_1_results - INFO - Pulsar_averageSyn: 95638.02533333334
2024-07-05 06:41:28,520 - poweroff_2_1_results - INFO - Pulsar_averageDis: 124866.3
2024-07-05 06:41:28,520 - poweroff_2_1_results - INFO - Pulsar_averageCollisionNum: 0.7666666666666667
2024-07-05 06:41:28,520 - poweroff_2_1_results - INFO - Pulsar_sumCollisionNum: 23
2024-07-05 06:41:28,520 - poweroff_2_1_results - INFO - Free_beacon_averageSyn: 1600.964
2024-07-05 06:41:28,520 - poweroff_2_1_results - INFO - Free_beacon_averageDis: 15185.3
2024-07-05 06:41:28,520 - poweroff_2_1_results - INFO - Free_beacon_averageCollisionNum: 0.9666666666666667
2024-07-05 06:41:28,520 - poweroff_2_1_results - INFO - Free_beacon_sumCollisionNum: 29
2024-07-05 06:41:28,521 - poweroff_2_1_results - INFO - Find_averageEnhancedSyn: 166.25106873108953
2024-07-05 06:41:28,521 - poweroff_2_1_results - INFO - Find_averageEnhancedDis: 0.0
2024-07-05 06:41:28,521 - poweroff_2_1_results - INFO - Find_averageEnhancedCollisionNum: 1.0
2024-07-05 06:41:28,522 - poweroff_2_1_results - INFO - FlyncFind_averageEnhancedSyn: 79.64049160380871
2024-07-05 06:41:28,522 - poweroff_2_1_results - INFO - FlyncFind_averageEnhancedDis: 0.0
2024-07-05 06:41:28,522 - poweroff_2_1_results - INFO - FlyncFind_averageEnhancedCollisionNum: 1.0
2024-07-05 06:41:28,523 - poweroff_2_1_results - INFO - Pulsar_averageEnhancedSyn: 59.73777382460401
2024-07-05 06:41:28,523 - poweroff_2_1_results - INFO - Pulsar_averageEnhancedDis: 8.22284051023029
2024-07-05 06:41:28,523 - poweroff_2_1_results - INFO - Pulsar_averageEnhancedCollisionNum: 1.0000000000000002
2024-07-05 07:32:37,322 - poweroff_2_1_results - INFO - *******************WASHER_TRACE*******************
2024-07-05 07:32:37,323 - poweroff_2_1_results - INFO - Find_averageSyn: 6836797.825333334
2024-07-05 07:32:37,323 - poweroff_2_1_results - INFO - Find_averageDis: 0.0
2024-07-05 07:32:37,323 - poweroff_2_1_results - INFO - Find_averageCollisionNum: 3.466666666666667
2024-07-05 07:32:37,323 - poweroff_2_1_results - INFO - Find_sumCollisionNum: 104
2024-07-05 07:32:37,323 - poweroff_2_1_results - INFO - FlyncFind_averageSyn: 3969641.7866666666
2024-07-05 07:32:37,323 - poweroff_2_1_results - INFO - FlyncFind_averageDis: 0.0
2024-07-05 07:32:37,323 - poweroff_2_1_results - INFO - FlyncFind_averageCollisionNum: 20.2
2024-07-05 07:32:37,323 - poweroff_2_1_results - INFO - FlyncFind_sumCollisionNum: 606
2024-07-05 07:32:37,324 - poweroff_2_1_results - INFO - Pulsar_averageSyn: 1936589.9053333334
2024-07-05 07:32:37,324 - poweroff_2_1_results - INFO - Pulsar_averageDis: 3026617.8666666667
2024-07-05 07:32:37,324 - poweroff_2_1_results - INFO - Pulsar_averageCollisionNum: 0.23333333333333334
2024-07-05 07:32:37,324 - poweroff_2_1_results - INFO - Pulsar_sumCollisionNum: 7
2024-07-05 07:32:37,324 - poweroff_2_1_results - INFO - Free_beacon_averageSyn: 210867.18866666665
2024-07-05 07:32:37,324 - poweroff_2_1_results - INFO - Free_beacon_averageDis: 202323.06666666668
2024-07-05 07:32:37,324 - poweroff_2_1_results - INFO - Free_beacon_averageCollisionNum: 0.0
2024-07-05 07:32:37,324 - poweroff_2_1_results - INFO - Free_beacon_sumCollisionNum: 0
2024-07-05 07:32:37,325 - poweroff_2_1_results - INFO - Find_averageEnhancedSyn: 32.42229323852164
2024-07-05 07:32:37,325 - poweroff_2_1_results - INFO - Find_averageEnhancedDis: 0.0
2024-07-05 07:32:37,325 - poweroff_2_1_results - INFO - Find_averageEnhancedCollisionNum: 1.0
2024-07-05 07:32:37,326 - poweroff_2_1_results - INFO - FlyncFind_averageEnhancedSyn: 18.8253175459259
2024-07-05 07:32:37,326 - poweroff_2_1_results - INFO - FlyncFind_averageEnhancedDis: 0.0
2024-07-05 07:32:37,326 - poweroff_2_1_results - INFO - FlyncFind_averageEnhancedCollisionNum: 1.0000000000000002
2024-07-05 07:32:37,327 - poweroff_2_1_results - INFO - Pulsar_averageEnhancedSyn: 9.18393192216663
2024-07-05 07:32:37,327 - poweroff_2_1_results - INFO - Pulsar_averageEnhancedDis: 14.959331709088367
2024-07-05 07:32:37,327 - poweroff_2_1_results - INFO - Pulsar_averageEnhancedCollisionNum: 1.0
