2024-07-06 01:52:02,725 - poweroff_2_20_results - INFO - *******************STATIC_TRACE*******************
2024-07-06 01:52:02,726 - poweroff_2_20_results - INFO - Find_averageSyn: 148717.044
2024-07-06 01:52:02,726 - poweroff_2_20_results - INFO - Find_averageDis: 0.0
2024-07-06 01:52:02,726 - poweroff_2_20_results - INFO - Find_averageCollisionNum: 12.533333333333333
2024-07-06 01:52:02,726 - poweroff_2_20_results - INFO - Find_sumCollisionNum: 376
2024-07-06 01:52:02,726 - poweroff_2_20_results - INFO - FlyncFind_averageSyn: 160969.45333333334
2024-07-06 01:52:02,726 - poweroff_2_20_results - INFO - FlyncFind_averageDis: 0.0
2024-07-06 01:52:02,726 - poweroff_2_20_results - INFO - FlyncFind_averageCollisionNum: 570.7333333333333
2024-07-06 01:52:02,727 - poweroff_2_20_results - INFO - FlyncFind_sumCollisionNum: 17122
2024-07-06 01:52:02,727 - poweroff_2_20_results - INFO - Pulsar_averageSyn: 29452.52
2024-07-06 01:52:02,727 - poweroff_2_20_results - INFO - Pulsar_averageDis: 101892.83333333333
2024-07-06 01:52:02,727 - poweroff_2_20_results - INFO - Pulsar_averageCollisionNum: 0.8
2024-07-06 01:52:02,727 - poweroff_2_20_results - INFO - Pulsar_sumCollisionNum: 24
2024-07-06 01:52:02,727 - poweroff_2_20_results - INFO - Free_beacon_averageSyn: 1143.312
2024-07-06 01:52:02,727 - poweroff_2_20_results - INFO - Free_beacon_averageDis: 22279.933333333334
2024-07-06 01:52:02,728 - poweroff_2_20_results - INFO - Free_beacon_averageCollisionNum: 2.3
2024-07-06 01:52:02,728 - poweroff_2_20_results - INFO - Free_beacon_sumCollisionNum: 69
2024-07-06 01:52:02,728 - poweroff_2_20_results - INFO - Find_averageEnhancedSyn: 130.07564339392923
2024-07-06 01:52:02,728 - poweroff_2_20_results - INFO - Find_averageEnhancedDis: 0.0
2024-07-06 01:52:02,728 - poweroff_2_20_results - INFO - Find_averageEnhancedCollisionNum: 1.0
2024-07-06 01:52:02,729 - poweroff_2_20_results - INFO - FlyncFind_averageEnhancedSyn: 140.79223635659676
2024-07-06 01:52:02,729 - poweroff_2_20_results - INFO - FlyncFind_averageEnhancedDis: 0.0
2024-07-06 01:52:02,729 - poweroff_2_20_results - INFO - FlyncFind_averageEnhancedCollisionNum: 0.9999999999999999
2024-07-06 01:52:02,730 - poweroff_2_20_results - INFO - Pulsar_averageEnhancedSyn: 25.76070224050828
2024-07-06 01:52:02,730 - poweroff_2_20_results - INFO - Pulsar_averageEnhancedDis: 4.5733006382424835
2024-07-06 01:52:02,730 - poweroff_2_20_results - INFO - Pulsar_averageEnhancedCollisionNum: 1.0
2024-07-06 02:31:53,866 - poweroff_2_20_results - INFO - *******************COMPLEX_TRACE*******************
2024-07-06 02:31:53,866 - poweroff_2_20_results - INFO - Find_averageSyn: 1060711.5933333333
2024-07-06 02:31:53,866 - poweroff_2_20_results - INFO - Find_averageDis: 0.0
2024-07-06 02:31:53,866 - poweroff_2_20_results - INFO - Find_averageCollisionNum: 4.933333333333334
2024-07-06 02:31:53,866 - poweroff_2_20_results - INFO - Find_sumCollisionNum: 148
2024-07-06 02:31:53,866 - poweroff_2_20_results - INFO - FlyncFind_averageSyn: 215049.8
2024-07-06 02:31:53,867 - poweroff_2_20_results - INFO - FlyncFind_averageDis: 0.0
2024-07-06 02:31:53,867 - poweroff_2_20_results - INFO - FlyncFind_averageCollisionNum: 59.266666666666666
2024-07-06 02:31:53,867 - poweroff_2_20_results - INFO - FlyncFind_sumCollisionNum: 1778
2024-07-06 02:31:53,867 - poweroff_2_20_results - INFO - Pulsar_averageSyn: 128836.416
2024-07-06 02:31:53,867 - poweroff_2_20_results - INFO - Pulsar_averageDis: 256356.1
2024-07-06 02:31:53,867 - poweroff_2_20_results - INFO - Pulsar_averageCollisionNum: 0.7
2024-07-06 02:31:53,867 - poweroff_2_20_results - INFO - Pulsar_sumCollisionNum: 21
2024-07-06 02:31:53,867 - poweroff_2_20_results - INFO - Free_beacon_averageSyn: 4181.764
2024-07-06 02:31:53,867 - poweroff_2_20_results - INFO - Free_beacon_averageDis: 30056.066666666666
2024-07-06 02:31:53,867 - poweroff_2_20_results - INFO - Free_beacon_averageCollisionNum: 0.16666666666666666
2024-07-06 02:31:53,867 - poweroff_2_20_results - INFO - Free_beacon_sumCollisionNum: 5
2024-07-06 02:31:53,868 - poweroff_2_20_results - INFO - Find_averageEnhancedSyn: 253.65171093666052
2024-07-06 02:31:53,868 - poweroff_2_20_results - INFO - Find_averageEnhancedDis: 0.0
2024-07-06 02:31:53,868 - poweroff_2_20_results - INFO - Find_averageEnhancedCollisionNum: 0.9999999999999998
2024-07-06 02:31:53,868 - poweroff_2_20_results - INFO - FlyncFind_averageEnhancedSyn: 51.42561847105671
2024-07-06 02:31:53,868 - poweroff_2_20_results - INFO - FlyncFind_averageEnhancedDis: 0.0
2024-07-06 02:31:53,869 - poweroff_2_20_results - INFO - FlyncFind_averageEnhancedCollisionNum: 1.0
2024-07-06 02:31:53,869 - poweroff_2_20_results - INFO - Pulsar_averageEnhancedSyn: 30.80910735278222
2024-07-06 02:31:53,869 - poweroff_2_20_results - INFO - Pulsar_averageEnhancedDis: 8.529263088317167
2024-07-06 02:31:53,869 - poweroff_2_20_results - INFO - Pulsar_averageEnhancedCollisionNum: 1.0
2024-07-06 03:39:24,113 - poweroff_2_20_results - INFO - *******************STAIRS_TRACE*******************
2024-07-06 03:39:24,114 - poweroff_2_20_results - INFO - Find_averageSyn: 47570.916
2024-07-06 03:39:24,114 - poweroff_2_20_results - INFO - Find_averageDis: 0.0
2024-07-06 03:39:24,114 - poweroff_2_20_results - INFO - Find_averageCollisionNum: 29.266666666666666
2024-07-06 03:39:24,114 - poweroff_2_20_results - INFO - Find_sumCollisionNum: 878
2024-07-06 03:39:24,114 - poweroff_2_20_results - INFO - FlyncFind_averageSyn: 364489.90533333336
2024-07-06 03:39:24,114 - poweroff_2_20_results - INFO - FlyncFind_averageDis: 0.0
2024-07-06 03:39:24,114 - poweroff_2_20_results - INFO - FlyncFind_averageCollisionNum: 4515.8
2024-07-06 03:39:24,114 - poweroff_2_20_results - INFO - FlyncFind_sumCollisionNum: 135474
2024-07-06 03:39:24,115 - poweroff_2_20_results - INFO - Pulsar_averageSyn: 6434.706666666667
2024-07-06 03:39:24,115 - poweroff_2_20_results - INFO - Pulsar_averageDis: 87245.43333333333
2024-07-06 03:39:24,115 - poweroff_2_20_results - INFO - Pulsar_averageCollisionNum: 2.066666666666667
2024-07-06 03:39:24,115 - poweroff_2_20_results - INFO - Pulsar_sumCollisionNum: 62
2024-07-06 03:39:24,115 - poweroff_2_20_results - INFO - Free_beacon_averageSyn: 184.364
2024-07-06 03:39:24,115 - poweroff_2_20_results - INFO - Free_beacon_averageDis: 11465.2
2024-07-06 03:39:24,115 - poweroff_2_20_results - INFO - Free_beacon_averageCollisionNum: 1.4666666666666666
2024-07-06 03:39:24,115 - poweroff_2_20_results - INFO - Free_beacon_sumCollisionNum: 44
2024-07-06 03:39:24,116 - poweroff_2_20_results - INFO - Find_averageEnhancedSyn: 258.02714195829986
2024-07-06 03:39:24,116 - poweroff_2_20_results - INFO - Find_averageEnhancedDis: 0.0
2024-07-06 03:39:24,116 - poweroff_2_20_results - INFO - Find_averageEnhancedCollisionNum: 1.0000000000000002
2024-07-06 03:39:24,117 - poweroff_2_20_results - INFO - FlyncFind_averageEnhancedSyn: 1977.0123523753734
2024-07-06 03:39:24,117 - poweroff_2_20_results - INFO - FlyncFind_averageEnhancedDis: 0.0
2024-07-06 03:39:24,117 - poweroff_2_20_results - INFO - FlyncFind_averageEnhancedCollisionNum: 1.0000000000000002
2024-07-06 03:39:24,118 - poweroff_2_20_results - INFO - Pulsar_averageEnhancedSyn: 34.902186254727965
2024-07-06 03:39:24,118 - poweroff_2_20_results - INFO - Pulsar_averageEnhancedDis: 7.609586691320983
2024-07-06 03:39:24,118 - poweroff_2_20_results - INFO - Pulsar_averageEnhancedCollisionNum: 1.0
2024-07-06 08:30:00,077 - poweroff_2_20_results - INFO - *******************CARS_TRACE*******************
2024-07-06 08:30:00,078 - poweroff_2_20_results - INFO - Find_averageSyn: 175649552.66133332
2024-07-06 08:30:00,078 - poweroff_2_20_results - INFO - Find_averageDis: 0.0
2024-07-06 08:30:00,078 - poweroff_2_20_results - INFO - Find_averageCollisionNum: 0.3333333333333333
2024-07-06 08:30:00,078 - poweroff_2_20_results - INFO - Find_sumCollisionNum: 10
2024-07-06 08:30:00,078 - poweroff_2_20_results - INFO - FlyncFind_averageSyn: 17244552.68
2024-07-06 08:30:00,078 - poweroff_2_20_results - INFO - FlyncFind_averageDis: 0.0
2024-07-06 08:30:00,078 - poweroff_2_20_results - INFO - FlyncFind_averageCollisionNum: 3.8
2024-07-06 08:30:00,078 - poweroff_2_20_results - INFO - FlyncFind_sumCollisionNum: 114
2024-07-06 08:30:00,079 - poweroff_2_20_results - INFO - Pulsar_averageSyn: 3105467.5486666667
2024-07-06 08:30:00,079 - poweroff_2_20_results - INFO - Pulsar_averageDis: 2087767.2333333334
2024-07-06 08:30:00,079 - poweroff_2_20_results - INFO - Pulsar_averageCollisionNum: 0.1
2024-07-06 08:30:00,079 - poweroff_2_20_results - INFO - Pulsar_sumCollisionNum: 3
2024-07-06 08:30:00,079 - poweroff_2_20_results - INFO - Free_beacon_averageSyn: 575439.3406666666
2024-07-06 08:30:00,079 - poweroff_2_20_results - INFO - Free_beacon_averageDis: 465630.9
2024-07-06 08:30:00,079 - poweroff_2_20_results - INFO - Free_beacon_averageCollisionNum: 0.0
2024-07-06 08:30:00,079 - poweroff_2_20_results - INFO - Free_beacon_sumCollisionNum: 0
2024-07-06 08:30:00,080 - poweroff_2_20_results - INFO - Find_averageEnhancedSyn: 305.24425469040256
2024-07-06 08:30:00,080 - poweroff_2_20_results - INFO - Find_averageEnhancedDis: 0.0
2024-07-06 08:30:00,080 - poweroff_2_20_results - INFO - Find_averageEnhancedCollisionNum: 1.0
2024-07-06 08:30:00,080 - poweroff_2_20_results - INFO - FlyncFind_averageEnhancedSyn: 29.967629011985142
2024-07-06 08:30:00,080 - poweroff_2_20_results - INFO - FlyncFind_averageEnhancedDis: 0.0
2024-07-06 08:30:00,080 - poweroff_2_20_results - INFO - FlyncFind_averageEnhancedCollisionNum: 1.0000000000000002
2024-07-06 08:30:00,081 - poweroff_2_20_results - INFO - Pulsar_averageEnhancedSyn: 5.39668967552492
2024-07-06 08:30:00,081 - poweroff_2_20_results - INFO - Pulsar_averageEnhancedDis: 4.483738586363863
2024-07-06 08:30:00,081 - poweroff_2_20_results - INFO - Pulsar_averageEnhancedCollisionNum: 1.0
2024-07-06 09:16:14,826 - poweroff_2_20_results - INFO - *******************JOGGING_TRACE*******************
2024-07-06 09:16:14,827 - poweroff_2_20_results - INFO - Find_averageSyn: 1797390.008
2024-07-06 09:16:14,827 - poweroff_2_20_results - INFO - Find_averageDis: 0.0
2024-07-06 09:16:14,827 - poweroff_2_20_results - INFO - Find_averageCollisionNum: 3.466666666666667
2024-07-06 09:16:14,827 - poweroff_2_20_results - INFO - Find_sumCollisionNum: 104
2024-07-06 09:16:14,827 - poweroff_2_20_results - INFO - FlyncFind_averageSyn: 370801.62666666665
2024-07-06 09:16:14,827 - poweroff_2_20_results - INFO - FlyncFind_averageDis: 0.0
2024-07-06 09:16:14,827 - poweroff_2_20_results - INFO - FlyncFind_averageCollisionNum: 44.46666666666667
2024-07-06 09:16:14,827 - poweroff_2_20_results - INFO - FlyncFind_sumCollisionNum: 1334
2024-07-06 09:16:14,828 - poweroff_2_20_results - INFO - Pulsar_averageSyn: 252756.59066666666
2024-07-06 09:16:14,828 - poweroff_2_20_results - INFO - Pulsar_averageDis: 373237.26666666666
2024-07-06 09:16:14,828 - poweroff_2_20_results - INFO - Pulsar_averageCollisionNum: 0.36666666666666664
2024-07-06 09:16:14,828 - poweroff_2_20_results - INFO - Pulsar_sumCollisionNum: 11
2024-07-06 09:16:14,828 - poweroff_2_20_results - INFO - Free_beacon_averageSyn: 7865.777333333333
2024-07-06 09:16:14,828 - poweroff_2_20_results - INFO - Free_beacon_averageDis: 36950.4
2024-07-06 09:16:14,828 - poweroff_2_20_results - INFO - Free_beacon_averageCollisionNum: 0.1
2024-07-06 09:16:14,828 - poweroff_2_20_results - INFO - Free_beacon_sumCollisionNum: 3
2024-07-06 09:16:14,829 - poweroff_2_20_results - INFO - Find_averageEnhancedSyn: 228.50761365734056
2024-07-06 09:16:14,829 - poweroff_2_20_results - INFO - Find_averageEnhancedDis: 0.0
2024-07-06 09:16:14,829 - poweroff_2_20_results - INFO - Find_averageEnhancedCollisionNum: 0.9999999999999999
2024-07-06 09:16:14,829 - poweroff_2_20_results - INFO - FlyncFind_averageEnhancedSyn: 47.14112934462251
2024-07-06 09:16:14,829 - poweroff_2_20_results - INFO - FlyncFind_averageEnhancedDis: 0.0
2024-07-06 09:16:14,829 - poweroff_2_20_results - INFO - FlyncFind_averageEnhancedCollisionNum: 1.0
2024-07-06 09:16:14,830 - poweroff_2_20_results - INFO - Pulsar_averageEnhancedSyn: 32.13370782764763
2024-07-06 09:16:14,830 - poweroff_2_20_results - INFO - Pulsar_averageEnhancedDis: 10.101034539995958
2024-07-06 09:16:14,830 - poweroff_2_20_results - INFO - Pulsar_averageEnhancedCollisionNum: 1.0000000000000002
2024-07-06 09:41:47,667 - poweroff_2_20_results - INFO - *******************OFFICE_TRACE*******************
2024-07-06 09:41:47,667 - poweroff_2_20_results - INFO - Find_averageSyn: 331295.5293333333
2024-07-06 09:41:47,667 - poweroff_2_20_results - INFO - Find_averageDis: 0.0
2024-07-06 09:41:47,667 - poweroff_2_20_results - INFO - Find_averageCollisionNum: 10.0
2024-07-06 09:41:47,668 - poweroff_2_20_results - INFO - Find_sumCollisionNum: 300
2024-07-06 09:41:47,668 - poweroff_2_20_results - INFO - FlyncFind_averageSyn: 125667.8
2024-07-06 09:41:47,668 - poweroff_2_20_results - INFO - FlyncFind_averageDis: 0.0
2024-07-06 09:41:47,668 - poweroff_2_20_results - INFO - FlyncFind_averageCollisionNum: 177.0
2024-07-06 09:41:47,668 - poweroff_2_20_results - INFO - FlyncFind_sumCollisionNum: 5310
2024-07-06 09:41:47,668 - poweroff_2_20_results - INFO - Pulsar_averageSyn: 47849.865333333335
2024-07-06 09:41:47,668 - poweroff_2_20_results - INFO - Pulsar_averageDis: 104150.13333333333
2024-07-06 09:41:47,668 - poweroff_2_20_results - INFO - Pulsar_averageCollisionNum: 0.9
2024-07-06 09:41:47,669 - poweroff_2_20_results - INFO - Pulsar_sumCollisionNum: 27
2024-07-06 09:41:47,669 - poweroff_2_20_results - INFO - Free_beacon_averageSyn: 1781.824
2024-07-06 09:41:47,669 - poweroff_2_20_results - INFO - Free_beacon_averageDis: 17726.066666666666
2024-07-06 09:41:47,669 - poweroff_2_20_results - INFO - Free_beacon_averageCollisionNum: 1.2
2024-07-06 09:41:47,669 - poweroff_2_20_results - INFO - Free_beacon_sumCollisionNum: 36
2024-07-06 09:41:47,670 - poweroff_2_20_results - INFO - Find_averageEnhancedSyn: 185.9305573015816
2024-07-06 09:41:47,670 - poweroff_2_20_results - INFO - Find_averageEnhancedDis: 0.0
2024-07-06 09:41:47,670 - poweroff_2_20_results - INFO - Find_averageEnhancedCollisionNum: 0.9999999999999999
2024-07-06 09:41:47,671 - poweroff_2_20_results - INFO - FlyncFind_averageEnhancedSyn: 70.52761664451708
2024-07-06 09:41:47,671 - poweroff_2_20_results - INFO - FlyncFind_averageEnhancedDis: 0.0
2024-07-06 09:41:47,671 - poweroff_2_20_results - INFO - FlyncFind_averageEnhancedCollisionNum: 1.0000000000000002
2024-07-06 09:41:47,671 - poweroff_2_20_results - INFO - Pulsar_averageEnhancedSyn: 26.854428570573376
2024-07-06 09:41:47,672 - poweroff_2_20_results - INFO - Pulsar_averageEnhancedDis: 5.875535463780271
2024-07-06 09:41:47,672 - poweroff_2_20_results - INFO - Pulsar_averageEnhancedCollisionNum: 1.0
2024-07-06 10:39:37,224 - poweroff_2_20_results - INFO - *******************WASHER_TRACE*******************
2024-07-06 10:39:37,225 - poweroff_2_20_results - INFO - Find_averageSyn: 7407043.138666667
2024-07-06 10:39:37,225 - poweroff_2_20_results - INFO - Find_averageDis: 0.0
2024-07-06 10:39:37,225 - poweroff_2_20_results - INFO - Find_averageCollisionNum: 4.133333333333334
2024-07-06 10:39:37,225 - poweroff_2_20_results - INFO - Find_sumCollisionNum: 124
2024-07-06 10:39:37,225 - poweroff_2_20_results - INFO - FlyncFind_averageSyn: 4104264.3466666667
2024-07-06 10:39:37,225 - poweroff_2_20_results - INFO - FlyncFind_averageDis: 0.0
2024-07-06 10:39:37,225 - poweroff_2_20_results - INFO - FlyncFind_averageCollisionNum: 17.0
2024-07-06 10:39:37,225 - poweroff_2_20_results - INFO - FlyncFind_sumCollisionNum: 510
2024-07-06 10:39:37,226 - poweroff_2_20_results - INFO - Pulsar_averageSyn: 2393637.4633333334
2024-07-06 10:39:37,226 - poweroff_2_20_results - INFO - Pulsar_averageDis: 2517219.3333333335
2024-07-06 10:39:37,226 - poweroff_2_20_results - INFO - Pulsar_averageCollisionNum: 0.0
2024-07-06 10:39:37,226 - poweroff_2_20_results - INFO - Pulsar_sumCollisionNum: 0
2024-07-06 10:39:37,226 - poweroff_2_20_results - INFO - Free_beacon_averageSyn: 231903.562
2024-07-06 10:39:37,226 - poweroff_2_20_results - INFO - Free_beacon_averageDis: 236156.56666666668
2024-07-06 10:39:37,226 - poweroff_2_20_results - INFO - Free_beacon_averageCollisionNum: 0.16666666666666666
2024-07-06 10:39:37,226 - poweroff_2_20_results - INFO - Free_beacon_sumCollisionNum: 5
2024-07-06 10:39:37,227 - poweroff_2_20_results - INFO - Find_averageEnhancedSyn: 31.940187010437842
2024-07-06 10:39:37,227 - poweroff_2_20_results - INFO - Find_averageEnhancedDis: 0.0
2024-07-06 10:39:37,227 - poweroff_2_20_results - INFO - Find_averageEnhancedCollisionNum: 1.0
2024-07-06 10:39:37,227 - poweroff_2_20_results - INFO - FlyncFind_averageEnhancedSyn: 17.698151383576707
2024-07-06 10:39:37,227 - poweroff_2_20_results - INFO - FlyncFind_averageEnhancedDis: 0.0
2024-07-06 10:39:37,227 - poweroff_2_20_results - INFO - FlyncFind_averageEnhancedCollisionNum: 1.0
2024-07-06 10:39:37,228 - poweroff_2_20_results - INFO - Pulsar_averageEnhancedSyn: 10.321693391381945
2024-07-06 10:39:37,228 - poweroff_2_20_results - INFO - Pulsar_averageEnhancedDis: 10.65911216809978
2024-07-06 10:39:37,228 - poweroff_2_20_results - INFO - Pulsar_averageEnhancedCollisionNum: 0.0
