2024-07-05 16:50:40,596 - poweroff_2_10_results - INFO - *******************STATIC_TRACE*******************
2024-07-05 16:50:40,596 - poweroff_2_10_results - INFO - Find_averageSyn: 131025.16266666667
2024-07-05 16:50:40,596 - poweroff_2_10_results - INFO - Find_averageDis: 0.0
2024-07-05 16:50:40,596 - poweroff_2_10_results - INFO - Find_averageCollisionNum: 12.466666666666667
2024-07-05 16:50:40,596 - poweroff_2_10_results - INFO - Find_sumCollisionNum: 374
2024-07-05 16:50:40,596 - poweroff_2_10_results - INFO - FlyncFind_averageSyn: 171972.91733333335
2024-07-05 16:50:40,596 - poweroff_2_10_results - INFO - FlyncFind_averageDis: 0.0
2024-07-05 16:50:40,596 - poweroff_2_10_results - INFO - FlyncFind_averageCollisionNum: 688.7333333333333
2024-07-05 16:50:40,597 - poweroff_2_10_results - INFO - FlyncFind_sumCollisionNum: 20662
2024-07-05 16:50:40,597 - poweroff_2_10_results - INFO - Pulsar_averageSyn: 30413.293333333335
2024-07-05 16:50:40,597 - poweroff_2_10_results - INFO - Pulsar_averageDis: 100605.1
2024-07-05 16:50:40,597 - poweroff_2_10_results - INFO - Pulsar_averageCollisionNum: 1.0333333333333334
2024-07-05 16:50:40,597 - poweroff_2_10_results - INFO - Pulsar_sumCollisionNum: 31
2024-07-05 16:50:40,597 - poweroff_2_10_results - INFO - Free_beacon_averageSyn: 1465.624
2024-07-05 16:50:40,597 - poweroff_2_10_results - INFO - Free_beacon_averageDis: 25978.233333333334
2024-07-05 16:50:40,597 - poweroff_2_10_results - INFO - Free_beacon_averageCollisionNum: 4.9
2024-07-05 16:50:40,597 - poweroff_2_10_results - INFO - Free_beacon_sumCollisionNum: 147
2024-07-05 16:50:40,598 - poweroff_2_10_results - INFO - Find_averageEnhancedSyn: 89.39889266733259
2024-07-05 16:50:40,598 - poweroff_2_10_results - INFO - Find_averageEnhancedDis: 0.0
2024-07-05 16:50:40,598 - poweroff_2_10_results - INFO - Find_averageEnhancedCollisionNum: 0.9999999999999998
2024-07-05 16:50:40,598 - poweroff_2_10_results - INFO - FlyncFind_averageEnhancedSyn: 117.33767824034905
2024-07-05 16:50:40,598 - poweroff_2_10_results - INFO - FlyncFind_averageEnhancedDis: 0.0
2024-07-05 16:50:40,598 - poweroff_2_10_results - INFO - FlyncFind_averageEnhancedCollisionNum: 0.9999999999999999
2024-07-05 16:50:40,599 - poweroff_2_10_results - INFO - Pulsar_averageEnhancedSyn: 20.751088501098053
2024-07-05 16:50:40,599 - poweroff_2_10_results - INFO - Pulsar_averageEnhancedDis: 3.8726690421596546
2024-07-05 16:50:40,599 - poweroff_2_10_results - INFO - Pulsar_averageEnhancedCollisionNum: 1.0
2024-07-05 17:26:40,743 - poweroff_2_10_results - INFO - *******************COMPLEX_TRACE*******************
2024-07-05 17:26:40,743 - poweroff_2_10_results - INFO - Find_averageSyn: 922659.044
2024-07-05 17:26:40,743 - poweroff_2_10_results - INFO - Find_averageDis: 0.0
2024-07-05 17:26:40,743 - poweroff_2_10_results - INFO - Find_averageCollisionNum: 4.066666666666666
2024-07-05 17:26:40,743 - poweroff_2_10_results - INFO - Find_sumCollisionNum: 122
2024-07-05 17:26:40,744 - poweroff_2_10_results - INFO - FlyncFind_averageSyn: 213360.73333333334
2024-07-05 17:26:40,744 - poweroff_2_10_results - INFO - FlyncFind_averageDis: 0.0
2024-07-05 17:26:40,744 - poweroff_2_10_results - INFO - FlyncFind_averageCollisionNum: 67.0
2024-07-05 17:26:40,744 - poweroff_2_10_results - INFO - FlyncFind_sumCollisionNum: 2010
2024-07-05 17:26:40,744 - poweroff_2_10_results - INFO - Pulsar_averageSyn: 125631.05466666666
2024-07-05 17:26:40,744 - poweroff_2_10_results - INFO - Pulsar_averageDis: 157180.16666666666
2024-07-05 17:26:40,744 - poweroff_2_10_results - INFO - Pulsar_averageCollisionNum: 0.06666666666666667
2024-07-05 17:26:40,744 - poweroff_2_10_results - INFO - Pulsar_sumCollisionNum: 2
2024-07-05 17:26:40,745 - poweroff_2_10_results - INFO - Free_beacon_averageSyn: 3257.0653333333335
2024-07-05 17:26:40,745 - poweroff_2_10_results - INFO - Free_beacon_averageDis: 28074.8
2024-07-05 17:26:40,745 - poweroff_2_10_results - INFO - Free_beacon_averageCollisionNum: 0.3333333333333333
2024-07-05 17:26:40,745 - poweroff_2_10_results - INFO - Free_beacon_sumCollisionNum: 10
2024-07-05 17:26:40,745 - poweroff_2_10_results - INFO - Find_averageEnhancedSyn: 283.27925588638277
2024-07-05 17:26:40,746 - poweroff_2_10_results - INFO - Find_averageEnhancedDis: 0.0
2024-07-05 17:26:40,746 - poweroff_2_10_results - INFO - Find_averageEnhancedCollisionNum: 1.0
2024-07-05 17:26:40,746 - poweroff_2_10_results - INFO - FlyncFind_averageEnhancedSyn: 65.50704744843927
2024-07-05 17:26:40,746 - poweroff_2_10_results - INFO - FlyncFind_averageEnhancedDis: 0.0
2024-07-05 17:26:40,747 - poweroff_2_10_results - INFO - FlyncFind_averageEnhancedCollisionNum: 1.0000000000000002
2024-07-05 17:26:40,747 - poweroff_2_10_results - INFO - Pulsar_averageEnhancedSyn: 38.57185589154081
2024-07-05 17:26:40,747 - poweroff_2_10_results - INFO - Pulsar_averageEnhancedDis: 5.598621064679594
2024-07-05 17:26:40,747 - poweroff_2_10_results - INFO - Pulsar_averageEnhancedCollisionNum: 1.0
2024-07-05 18:36:43,845 - poweroff_2_10_results - INFO - *******************STAIRS_TRACE*******************
2024-07-05 18:36:43,845 - poweroff_2_10_results - INFO - Find_averageSyn: 43298.468
2024-07-05 18:36:43,846 - poweroff_2_10_results - INFO - Find_averageDis: 0.0
2024-07-05 18:36:43,846 - poweroff_2_10_results - INFO - Find_averageCollisionNum: 30.333333333333332
2024-07-05 18:36:43,846 - poweroff_2_10_results - INFO - Find_sumCollisionNum: 910
2024-07-05 18:36:43,846 - poweroff_2_10_results - INFO - FlyncFind_averageSyn: 372267.668
2024-07-05 18:36:43,846 - poweroff_2_10_results - INFO - FlyncFind_averageDis: 0.0
2024-07-05 18:36:43,846 - poweroff_2_10_results - INFO - FlyncFind_averageCollisionNum: 5033.8
2024-07-05 18:36:43,846 - poweroff_2_10_results - INFO - FlyncFind_sumCollisionNum: 151014
2024-07-05 18:36:43,847 - poweroff_2_10_results - INFO - Pulsar_averageSyn: 7364.421333333334
2024-07-05 18:36:43,847 - poweroff_2_10_results - INFO - Pulsar_averageDis: 84328.73333333334
2024-07-05 18:36:43,847 - poweroff_2_10_results - INFO - Pulsar_averageCollisionNum: 2.6333333333333333
2024-07-05 18:36:43,847 - poweroff_2_10_results - INFO - Pulsar_sumCollisionNum: 79
2024-07-05 18:36:43,847 - poweroff_2_10_results - INFO - Free_beacon_averageSyn: 162.18933333333334
2024-07-05 18:36:43,847 - poweroff_2_10_results - INFO - Free_beacon_averageDis: 32115.433333333334
2024-07-05 18:36:43,847 - poweroff_2_10_results - INFO - Free_beacon_averageCollisionNum: 14.8
2024-07-05 18:36:43,847 - poweroff_2_10_results - INFO - Free_beacon_sumCollisionNum: 444
2024-07-05 18:36:43,848 - poweroff_2_10_results - INFO - Find_averageEnhancedSyn: 266.9624882852962
2024-07-05 18:36:43,848 - poweroff_2_10_results - INFO - Find_averageEnhancedDis: 0.0
2024-07-05 18:36:43,848 - poweroff_2_10_results - INFO - Find_averageEnhancedCollisionNum: 1.0000000000000002
2024-07-05 18:36:43,849 - poweroff_2_10_results - INFO - FlyncFind_averageEnhancedSyn: 2295.2660347577316
2024-07-05 18:36:43,849 - poweroff_2_10_results - INFO - FlyncFind_averageEnhancedDis: 0.0
2024-07-05 18:36:43,849 - poweroff_2_10_results - INFO - FlyncFind_averageEnhancedCollisionNum: 0.9999999999999999
2024-07-05 18:36:43,850 - poweroff_2_10_results - INFO - Pulsar_averageEnhancedSyn: 45.40632347380017
2024-07-05 18:36:43,850 - poweroff_2_10_results - INFO - Pulsar_averageEnhancedDis: 2.6258008870086345
2024-07-05 18:36:43,850 - poweroff_2_10_results - INFO - Pulsar_averageEnhancedCollisionNum: 1.0
2024-07-05 23:17:16,627 - poweroff_2_10_results - INFO - *******************CARS_TRACE*******************
2024-07-05 23:17:16,628 - poweroff_2_10_results - INFO - Find_averageSyn: 157956395.296
2024-07-05 23:17:16,628 - poweroff_2_10_results - INFO - Find_averageDis: 0.0
2024-07-05 23:17:16,628 - poweroff_2_10_results - INFO - Find_averageCollisionNum: 0.3333333333333333
2024-07-05 23:17:16,628 - poweroff_2_10_results - INFO - Find_sumCollisionNum: 10
2024-07-05 23:17:16,628 - poweroff_2_10_results - INFO - FlyncFind_averageSyn: 14221557.093333334
2024-07-05 23:17:16,629 - poweroff_2_10_results - INFO - FlyncFind_averageDis: 0.0
2024-07-05 23:17:16,629 - poweroff_2_10_results - INFO - FlyncFind_averageCollisionNum: 3.8666666666666667
2024-07-05 23:17:16,629 - poweroff_2_10_results - INFO - FlyncFind_sumCollisionNum: 116
2024-07-05 23:17:16,629 - poweroff_2_10_results - INFO - Pulsar_averageSyn: 3046652.4626666666
2024-07-05 23:17:16,629 - poweroff_2_10_results - INFO - Pulsar_averageDis: 2284386.466666667
2024-07-05 23:17:16,629 - poweroff_2_10_results - INFO - Pulsar_averageCollisionNum: 0.06666666666666667
2024-07-05 23:17:16,629 - poweroff_2_10_results - INFO - Pulsar_sumCollisionNum: 2
2024-07-05 23:17:16,629 - poweroff_2_10_results - INFO - Free_beacon_averageSyn: 521448.556
2024-07-05 23:17:16,630 - poweroff_2_10_results - INFO - Free_beacon_averageDis: 518355.3333333333
2024-07-05 23:17:16,630 - poweroff_2_10_results - INFO - Free_beacon_averageCollisionNum: 0.0
2024-07-05 23:17:16,630 - poweroff_2_10_results - INFO - Free_beacon_sumCollisionNum: 0
2024-07-05 23:17:16,630 - poweroff_2_10_results - INFO - Find_averageEnhancedSyn: 302.91846334310304
2024-07-05 23:17:16,630 - poweroff_2_10_results - INFO - Find_averageEnhancedDis: 0.0
2024-07-05 23:17:16,631 - poweroff_2_10_results - INFO - Find_averageEnhancedCollisionNum: 1.0
2024-07-05 23:17:16,631 - poweroff_2_10_results - INFO - FlyncFind_averageEnhancedSyn: 27.273173795754712
2024-07-05 23:17:16,631 - poweroff_2_10_results - INFO - FlyncFind_averageEnhancedDis: 0.0
2024-07-05 23:17:16,631 - poweroff_2_10_results - INFO - FlyncFind_averageEnhancedCollisionNum: 1.0
2024-07-05 23:17:16,632 - poweroff_2_10_results - INFO - Pulsar_averageEnhancedSyn: 5.842671204303166
2024-07-05 23:17:16,632 - poweroff_2_10_results - INFO - Pulsar_averageEnhancedDis: 4.406989413954135
2024-07-05 23:17:16,632 - poweroff_2_10_results - INFO - Pulsar_averageEnhancedCollisionNum: 1.0
2024-07-06 00:02:01,963 - poweroff_2_10_results - INFO - *******************JOGGING_TRACE*******************
2024-07-06 00:02:01,963 - poweroff_2_10_results - INFO - Find_averageSyn: 1578062.5453333333
2024-07-06 00:02:01,964 - poweroff_2_10_results - INFO - Find_averageDis: 0.0
2024-07-06 00:02:01,964 - poweroff_2_10_results - INFO - Find_averageCollisionNum: 4.266666666666667
2024-07-06 00:02:01,964 - poweroff_2_10_results - INFO - Find_sumCollisionNum: 128
2024-07-06 00:02:01,964 - poweroff_2_10_results - INFO - FlyncFind_averageSyn: 341591.8
2024-07-06 00:02:01,964 - poweroff_2_10_results - INFO - FlyncFind_averageDis: 0.0
2024-07-06 00:02:01,964 - poweroff_2_10_results - INFO - FlyncFind_averageCollisionNum: 45.333333333333336
2024-07-06 00:02:01,964 - poweroff_2_10_results - INFO - FlyncFind_sumCollisionNum: 1360
2024-07-06 00:02:01,965 - poweroff_2_10_results - INFO - Pulsar_averageSyn: 278925.4266666667
2024-07-06 00:02:01,965 - poweroff_2_10_results - INFO - Pulsar_averageDis: 276977.26666666666
2024-07-06 00:02:01,965 - poweroff_2_10_results - INFO - Pulsar_averageCollisionNum: 0.16666666666666666
2024-07-06 00:02:01,965 - poweroff_2_10_results - INFO - Pulsar_sumCollisionNum: 5
2024-07-06 00:02:01,965 - poweroff_2_10_results - INFO - Free_beacon_averageSyn: 6316.376
2024-07-06 00:02:01,965 - poweroff_2_10_results - INFO - Free_beacon_averageDis: 37510.36666666667
2024-07-06 00:02:01,965 - poweroff_2_10_results - INFO - Free_beacon_averageCollisionNum: 0.26666666666666666
2024-07-06 00:02:01,965 - poweroff_2_10_results - INFO - Free_beacon_sumCollisionNum: 8
2024-07-06 00:02:01,966 - poweroff_2_10_results - INFO - Find_averageEnhancedSyn: 249.83670150943092
2024-07-06 00:02:01,966 - poweroff_2_10_results - INFO - Find_averageEnhancedDis: 0.0
2024-07-06 00:02:01,966 - poweroff_2_10_results - INFO - Find_averageEnhancedCollisionNum: 1.0
2024-07-06 00:02:01,967 - poweroff_2_10_results - INFO - FlyncFind_averageEnhancedSyn: 54.080346071861456
2024-07-06 00:02:01,967 - poweroff_2_10_results - INFO - FlyncFind_averageEnhancedDis: 0.0
2024-07-06 00:02:01,967 - poweroff_2_10_results - INFO - FlyncFind_averageEnhancedCollisionNum: 1.0
2024-07-06 00:02:01,968 - poweroff_2_10_results - INFO - Pulsar_averageEnhancedSyn: 44.15909164791119
2024-07-06 00:02:01,968 - poweroff_2_10_results - INFO - Pulsar_averageEnhancedDis: 7.384019173366296
2024-07-06 00:02:01,968 - poweroff_2_10_results - INFO - Pulsar_averageEnhancedCollisionNum: 1.0
2024-07-06 00:27:46,032 - poweroff_2_10_results - INFO - *******************OFFICE_TRACE*******************
2024-07-06 00:27:46,033 - poweroff_2_10_results - INFO - Find_averageSyn: 295054.02133333334
2024-07-06 00:27:46,033 - poweroff_2_10_results - INFO - Find_averageDis: 0.0
2024-07-06 00:27:46,033 - poweroff_2_10_results - INFO - Find_averageCollisionNum: 9.4
2024-07-06 00:27:46,033 - poweroff_2_10_results - INFO - Find_sumCollisionNum: 282
2024-07-06 00:27:46,033 - poweroff_2_10_results - INFO - FlyncFind_averageSyn: 130135.26666666666
2024-07-06 00:27:46,033 - poweroff_2_10_results - INFO - FlyncFind_averageDis: 0.0
2024-07-06 00:27:46,033 - poweroff_2_10_results - INFO - FlyncFind_averageCollisionNum: 210.53333333333333
2024-07-06 00:27:46,033 - poweroff_2_10_results - INFO - FlyncFind_sumCollisionNum: 6316
2024-07-06 00:27:46,033 - poweroff_2_10_results - INFO - Pulsar_averageSyn: 55290.93066666667
2024-07-06 00:27:46,033 - poweroff_2_10_results - INFO - Pulsar_averageDis: 116837.13333333333
2024-07-06 00:27:46,034 - poweroff_2_10_results - INFO - Pulsar_averageCollisionNum: 0.8
2024-07-06 00:27:46,034 - poweroff_2_10_results - INFO - Pulsar_sumCollisionNum: 24
2024-07-06 00:27:46,034 - poweroff_2_10_results - INFO - Free_beacon_averageSyn: 1665.292
2024-07-06 00:27:46,034 - poweroff_2_10_results - INFO - Free_beacon_averageDis: 13866.1
2024-07-06 00:27:46,034 - poweroff_2_10_results - INFO - Free_beacon_averageCollisionNum: 0.5333333333333333
2024-07-06 00:27:46,034 - poweroff_2_10_results - INFO - Free_beacon_sumCollisionNum: 16
2024-07-06 00:27:46,034 - poweroff_2_10_results - INFO - Find_averageEnhancedSyn: 177.178549667766
2024-07-06 00:27:46,034 - poweroff_2_10_results - INFO - Find_averageEnhancedDis: 0.0
2024-07-06 00:27:46,035 - poweroff_2_10_results - INFO - Find_averageEnhancedCollisionNum: 1.0000000000000002
2024-07-06 00:27:46,035 - poweroff_2_10_results - INFO - FlyncFind_averageEnhancedSyn: 78.14561450284195
2024-07-06 00:27:46,035 - poweroff_2_10_results - INFO - FlyncFind_averageEnhancedDis: 0.0
2024-07-06 00:27:46,035 - poweroff_2_10_results - INFO - FlyncFind_averageEnhancedCollisionNum: 1.0
2024-07-06 00:27:46,036 - poweroff_2_10_results - INFO - Pulsar_averageEnhancedSyn: 33.20194336288571
2024-07-06 00:27:46,036 - poweroff_2_10_results - INFO - Pulsar_averageEnhancedDis: 8.426099143474612
2024-07-06 00:27:46,036 - poweroff_2_10_results - INFO - Pulsar_averageEnhancedCollisionNum: 1.0
2024-07-06 01:26:30,219 - poweroff_2_10_results - INFO - *******************WASHER_TRACE*******************
2024-07-06 01:26:30,219 - poweroff_2_10_results - INFO - Find_averageSyn: 7506604.546666667
2024-07-06 01:26:30,219 - poweroff_2_10_results - INFO - Find_averageDis: 0.0
2024-07-06 01:26:30,219 - poweroff_2_10_results - INFO - Find_averageCollisionNum: 3.8
2024-07-06 01:26:30,219 - poweroff_2_10_results - INFO - Find_sumCollisionNum: 114
2024-07-06 01:26:30,220 - poweroff_2_10_results - INFO - FlyncFind_averageSyn: 4009997.36
2024-07-06 01:26:30,220 - poweroff_2_10_results - INFO - FlyncFind_averageDis: 0.0
2024-07-06 01:26:30,220 - poweroff_2_10_results - INFO - FlyncFind_averageCollisionNum: 18.8
2024-07-06 01:26:30,220 - poweroff_2_10_results - INFO - FlyncFind_sumCollisionNum: 564
2024-07-06 01:26:30,220 - poweroff_2_10_results - INFO - Pulsar_averageSyn: 2452239.3626666665
2024-07-06 01:26:30,220 - poweroff_2_10_results - INFO - Pulsar_averageDis: 2948990.8
2024-07-06 01:26:30,220 - poweroff_2_10_results - INFO - Pulsar_averageCollisionNum: 0.0
2024-07-06 01:26:30,220 - poweroff_2_10_results - INFO - Pulsar_sumCollisionNum: 0
2024-07-06 01:26:30,221 - poweroff_2_10_results - INFO - Free_beacon_averageSyn: 206134.56133333335
2024-07-06 01:26:30,221 - poweroff_2_10_results - INFO - Free_beacon_averageDis: 241905.9
2024-07-06 01:26:30,221 - poweroff_2_10_results - INFO - Free_beacon_averageCollisionNum: 0.1
2024-07-06 01:26:30,221 - poweroff_2_10_results - INFO - Free_beacon_sumCollisionNum: 3
2024-07-06 01:26:30,221 - poweroff_2_10_results - INFO - Find_averageEnhancedSyn: 36.41604056162123
2024-07-06 01:26:30,221 - poweroff_2_10_results - INFO - Find_averageEnhancedDis: 0.0
2024-07-06 01:26:30,222 - poweroff_2_10_results - INFO - Find_averageEnhancedCollisionNum: 1.0000000000000002
2024-07-06 01:26:30,222 - poweroff_2_10_results - INFO - FlyncFind_averageEnhancedSyn: 19.4532995052468
2024-07-06 01:26:30,222 - poweroff_2_10_results - INFO - FlyncFind_averageEnhancedDis: 0.0
2024-07-06 01:26:30,222 - poweroff_2_10_results - INFO - FlyncFind_averageEnhancedCollisionNum: 1.0
2024-07-06 01:26:30,223 - poweroff_2_10_results - INFO - Pulsar_averageEnhancedSyn: 11.896303787219999
2024-07-06 01:26:30,223 - poweroff_2_10_results - INFO - Pulsar_averageEnhancedDis: 12.190652646338927
2024-07-06 01:26:30,223 - poweroff_2_10_results - INFO - Pulsar_averageEnhancedCollisionNum: 0.0
