2024-07-07 05:42:09,465 - poweroff_10_5_results - INFO - *******************STATIC_TRACE*******************
2024-07-07 05:42:09,466 - poweroff_10_5_results - INFO - Find_averageSyn: 142199.672
2024-07-07 05:42:09,466 - poweroff_10_5_results - INFO - Find_averageDis: 0.0
2024-07-07 05:42:09,466 - poweroff_10_5_results - INFO - Find_averageCollisionNum: 15.333333333333334
2024-07-07 05:42:09,466 - poweroff_10_5_results - INFO - Find_sumCollisionNum: 460
2024-07-07 05:42:09,466 - poweroff_10_5_results - INFO - FlyncFind_averageSyn: 169122.24
2024-07-07 05:42:09,466 - poweroff_10_5_results - INFO - FlyncFind_averageDis: 0.0
2024-07-07 05:42:09,466 - poweroff_10_5_results - INFO - FlyncFind_averageCollisionNum: 688.0
2024-07-07 05:42:09,467 - poweroff_10_5_results - INFO - FlyncFind_sumCollisionNum: 20640
2024-07-07 05:42:09,467 - poweroff_10_5_results - INFO - Pulsar_averageSyn: 41074.06533333333
2024-07-07 05:42:09,467 - poweroff_10_5_results - INFO - Pulsar_averageDis: 99925.73333333334
2024-07-07 05:42:09,467 - poweroff_10_5_results - INFO - Pulsar_averageCollisionNum: 1.8333333333333333
2024-07-07 05:42:09,467 - poweroff_10_5_results - INFO - Pulsar_sumCollisionNum: 55
2024-07-07 05:42:09,467 - poweroff_10_5_results - INFO - Free_beacon_averageSyn: 1881.868
2024-07-07 05:42:09,467 - poweroff_10_5_results - INFO - Free_beacon_averageDis: 30829.266666666666
2024-07-07 05:42:09,467 - poweroff_10_5_results - INFO - Free_beacon_averageCollisionNum: 3.7666666666666666
2024-07-07 05:42:09,468 - poweroff_10_5_results - INFO - Free_beacon_sumCollisionNum: 113
2024-07-07 05:42:09,468 - poweroff_10_5_results - INFO - Find_averageEnhancedSyn: 75.56304267887015
2024-07-07 05:42:09,468 - poweroff_10_5_results - INFO - Find_averageEnhancedDis: 0.0
2024-07-07 05:42:09,468 - poweroff_10_5_results - INFO - Find_averageEnhancedCollisionNum: 0.9999999999999998
2024-07-07 05:42:09,469 - poweroff_10_5_results - INFO - FlyncFind_averageEnhancedSyn: 89.86934258938459
2024-07-07 05:42:09,469 - poweroff_10_5_results - INFO - FlyncFind_averageEnhancedDis: 0.0
2024-07-07 05:42:09,469 - poweroff_10_5_results - INFO - FlyncFind_averageEnhancedCollisionNum: 1.0000000000000002
2024-07-07 05:42:09,470 - poweroff_10_5_results - INFO - Pulsar_averageEnhancedSyn: 21.826220188309346
2024-07-07 05:42:09,470 - poweroff_10_5_results - INFO - Pulsar_averageEnhancedDis: 3.2412620907838656
2024-07-07 05:42:09,470 - poweroff_10_5_results - INFO - Pulsar_averageEnhancedCollisionNum: 1.0000000000000002
2024-07-07 06:18:54,780 - poweroff_10_5_results - INFO - *******************COMPLEX_TRACE*******************
2024-07-07 06:18:54,780 - poweroff_10_5_results - INFO - Find_averageSyn: 916532.552
2024-07-07 06:18:54,780 - poweroff_10_5_results - INFO - Find_averageDis: 0.0
2024-07-07 06:18:54,780 - poweroff_10_5_results - INFO - Find_averageCollisionNum: 4.533333333333333
2024-07-07 06:18:54,780 - poweroff_10_5_results - INFO - Find_sumCollisionNum: 136
2024-07-07 06:18:54,780 - poweroff_10_5_results - INFO - FlyncFind_averageSyn: 222014.62666666668
2024-07-07 06:18:54,780 - poweroff_10_5_results - INFO - FlyncFind_averageDis: 0.0
2024-07-07 06:18:54,780 - poweroff_10_5_results - INFO - FlyncFind_averageCollisionNum: 74.66666666666667
2024-07-07 06:18:54,780 - poweroff_10_5_results - INFO - FlyncFind_sumCollisionNum: 2240
2024-07-07 06:18:54,781 - poweroff_10_5_results - INFO - Pulsar_averageSyn: 152608.916
2024-07-07 06:18:54,781 - poweroff_10_5_results - INFO - Pulsar_averageDis: 191474.66666666666
2024-07-07 06:18:54,781 - poweroff_10_5_results - INFO - Pulsar_averageCollisionNum: 0.16666666666666666
2024-07-07 06:18:54,781 - poweroff_10_5_results - INFO - Pulsar_sumCollisionNum: 5
2024-07-07 06:18:54,781 - poweroff_10_5_results - INFO - Free_beacon_averageSyn: 2935.213333333333
2024-07-07 06:18:54,781 - poweroff_10_5_results - INFO - Free_beacon_averageDis: 28722.966666666667
2024-07-07 06:18:54,781 - poweroff_10_5_results - INFO - Free_beacon_averageCollisionNum: 0.3333333333333333
2024-07-07 06:18:54,781 - poweroff_10_5_results - INFO - Free_beacon_sumCollisionNum: 10
2024-07-07 06:18:54,781 - poweroff_10_5_results - INFO - Find_averageEnhancedSyn: 312.2541525658556
2024-07-07 06:18:54,782 - poweroff_10_5_results - INFO - Find_averageEnhancedDis: 0.0
2024-07-07 06:18:54,782 - poweroff_10_5_results - INFO - Find_averageEnhancedCollisionNum: 0.9999999999999998
2024-07-07 06:18:54,782 - poweroff_10_5_results - INFO - FlyncFind_averageEnhancedSyn: 75.63832725389638
2024-07-07 06:18:54,782 - poweroff_10_5_results - INFO - FlyncFind_averageEnhancedDis: 0.0
2024-07-07 06:18:54,782 - poweroff_10_5_results - INFO - FlyncFind_averageEnhancedCollisionNum: 1.0000000000000002
2024-07-07 06:18:54,783 - poweroff_10_5_results - INFO - Pulsar_averageEnhancedSyn: 51.99244438791502
2024-07-07 06:18:54,783 - poweroff_10_5_results - INFO - Pulsar_averageEnhancedDis: 6.666256619267508
2024-07-07 06:18:54,783 - poweroff_10_5_results - INFO - Pulsar_averageEnhancedCollisionNum: 1.0
2024-07-07 07:39:13,022 - poweroff_10_5_results - INFO - *******************STAIRS_TRACE*******************
2024-07-07 07:39:13,023 - poweroff_10_5_results - INFO - Find_averageSyn: 48835.65466666667
2024-07-07 07:39:13,023 - poweroff_10_5_results - INFO - Find_averageDis: 0.0
2024-07-07 07:39:13,023 - poweroff_10_5_results - INFO - Find_averageCollisionNum: 33.666666666666664
2024-07-07 07:39:13,023 - poweroff_10_5_results - INFO - Find_sumCollisionNum: 1010
2024-07-07 07:39:13,023 - poweroff_10_5_results - INFO - FlyncFind_averageSyn: 413655.35866666667
2024-07-07 07:39:13,023 - poweroff_10_5_results - INFO - FlyncFind_averageDis: 0.0
2024-07-07 07:39:13,023 - poweroff_10_5_results - INFO - FlyncFind_averageCollisionNum: 5828.0
2024-07-07 07:39:13,023 - poweroff_10_5_results - INFO - FlyncFind_sumCollisionNum: 174840
2024-07-07 07:39:13,024 - poweroff_10_5_results - INFO - Pulsar_averageSyn: 9130.373333333333
2024-07-07 07:39:13,024 - poweroff_10_5_results - INFO - Pulsar_averageDis: 72152.43333333333
2024-07-07 07:39:13,024 - poweroff_10_5_results - INFO - Pulsar_averageCollisionNum: 2.3666666666666667
2024-07-07 07:39:13,024 - poweroff_10_5_results - INFO - Pulsar_sumCollisionNum: 71
2024-07-07 07:39:13,024 - poweroff_10_5_results - INFO - Free_beacon_averageSyn: 140.29866666666666
2024-07-07 07:39:13,024 - poweroff_10_5_results - INFO - Free_beacon_averageDis: 12876.233333333334
2024-07-07 07:39:13,024 - poweroff_10_5_results - INFO - Free_beacon_averageCollisionNum: 2.7333333333333334
2024-07-07 07:39:13,024 - poweroff_10_5_results - INFO - Free_beacon_sumCollisionNum: 82
2024-07-07 07:39:13,025 - poweroff_10_5_results - INFO - Find_averageEnhancedSyn: 348.08352657188476
2024-07-07 07:39:13,025 - poweroff_10_5_results - INFO - Find_averageEnhancedDis: 0.0
2024-07-07 07:39:13,025 - poweroff_10_5_results - INFO - Find_averageEnhancedCollisionNum: 1.0000000000000002
2024-07-07 07:39:13,026 - poweroff_10_5_results - INFO - FlyncFind_averageEnhancedSyn: 2948.3912320383183
2024-07-07 07:39:13,026 - poweroff_10_5_results - INFO - FlyncFind_averageEnhancedDis: 0.0
2024-07-07 07:39:13,026 - poweroff_10_5_results - INFO - FlyncFind_averageEnhancedCollisionNum: 0.9999999999999998
2024-07-07 07:39:13,027 - poweroff_10_5_results - INFO - Pulsar_averageEnhancedSyn: 65.07811906029043
2024-07-07 07:39:13,027 - poweroff_10_5_results - INFO - Pulsar_averageEnhancedDis: 5.6035357130837955
2024-07-07 07:39:13,027 - poweroff_10_5_results - INFO - Pulsar_averageEnhancedCollisionNum: 0.9999999999999999
2024-07-07 12:12:24,603 - poweroff_10_5_results - INFO - *******************CARS_TRACE*******************
2024-07-07 12:12:24,604 - poweroff_10_5_results - INFO - Find_averageSyn: 156461933.24
2024-07-07 12:12:24,604 - poweroff_10_5_results - INFO - Find_averageDis: 0.0
2024-07-07 12:12:24,604 - poweroff_10_5_results - INFO - Find_averageCollisionNum: 0.13333333333333333
2024-07-07 12:12:24,604 - poweroff_10_5_results - INFO - Find_sumCollisionNum: 4
2024-07-07 12:12:24,604 - poweroff_10_5_results - INFO - FlyncFind_averageSyn: 14743370.213333333
2024-07-07 12:12:24,604 - poweroff_10_5_results - INFO - FlyncFind_averageDis: 0.0
2024-07-07 12:12:24,605 - poweroff_10_5_results - INFO - FlyncFind_averageCollisionNum: 4.2
2024-07-07 12:12:24,605 - poweroff_10_5_results - INFO - FlyncFind_sumCollisionNum: 126
2024-07-07 12:12:24,605 - poweroff_10_5_results - INFO - Pulsar_averageSyn: 2994696.4173333333
2024-07-07 12:12:24,605 - poweroff_10_5_results - INFO - Pulsar_averageDis: 1774278.9333333333
2024-07-07 12:12:24,605 - poweroff_10_5_results - INFO - Pulsar_averageCollisionNum: 0.06666666666666667
2024-07-07 12:12:24,605 - poweroff_10_5_results - INFO - Pulsar_sumCollisionNum: 2
2024-07-07 12:12:24,605 - poweroff_10_5_results - INFO - Free_beacon_averageSyn: 520880.22133333335
2024-07-07 12:12:24,606 - poweroff_10_5_results - INFO - Free_beacon_averageDis: 715595.7
2024-07-07 12:12:24,606 - poweroff_10_5_results - INFO - Free_beacon_averageCollisionNum: 0.0
2024-07-07 12:12:24,606 - poweroff_10_5_results - INFO - Free_beacon_sumCollisionNum: 0
2024-07-07 12:12:24,606 - poweroff_10_5_results - INFO - Find_averageEnhancedSyn: 300.3798701350063
2024-07-07 12:12:24,606 - poweroff_10_5_results - INFO - Find_averageEnhancedDis: 0.0
2024-07-07 12:12:24,607 - poweroff_10_5_results - INFO - Find_averageEnhancedCollisionNum: 1.0
2024-07-07 12:12:24,607 - poweroff_10_5_results - INFO - FlyncFind_averageEnhancedSyn: 28.304722678073094
2024-07-07 12:12:24,607 - poweroff_10_5_results - INFO - FlyncFind_averageEnhancedDis: 0.0
2024-07-07 12:12:24,607 - poweroff_10_5_results - INFO - FlyncFind_averageEnhancedCollisionNum: 0.9999999999999998
2024-07-07 12:12:24,608 - poweroff_10_5_results - INFO - Pulsar_averageEnhancedSyn: 5.74929954081881
2024-07-07 12:12:24,608 - poweroff_10_5_results - INFO - Pulsar_averageEnhancedDis: 2.4794432573216043
2024-07-07 12:12:24,608 - poweroff_10_5_results - INFO - Pulsar_averageEnhancedCollisionNum: 1.0
2024-07-07 12:57:28,026 - poweroff_10_5_results - INFO - *******************JOGGING_TRACE*******************
2024-07-07 12:57:28,026 - poweroff_10_5_results - INFO - Find_averageSyn: 1639637.4626666666
2024-07-07 12:57:28,026 - poweroff_10_5_results - INFO - Find_averageDis: 0.0
2024-07-07 12:57:28,026 - poweroff_10_5_results - INFO - Find_averageCollisionNum: 3.2666666666666666
2024-07-07 12:57:28,027 - poweroff_10_5_results - INFO - Find_sumCollisionNum: 98
2024-07-07 12:57:28,027 - poweroff_10_5_results - INFO - FlyncFind_averageSyn: 363569.58666666667
2024-07-07 12:57:28,027 - poweroff_10_5_results - INFO - FlyncFind_averageDis: 0.0
2024-07-07 12:57:28,027 - poweroff_10_5_results - INFO - FlyncFind_averageCollisionNum: 47.06666666666667
2024-07-07 12:57:28,027 - poweroff_10_5_results - INFO - FlyncFind_sumCollisionNum: 1412
2024-07-07 12:57:28,027 - poweroff_10_5_results - INFO - Pulsar_averageSyn: 257555.46666666667
2024-07-07 12:57:28,027 - poweroff_10_5_results - INFO - Pulsar_averageDis: 260532.03333333333
2024-07-07 12:57:28,027 - poweroff_10_5_results - INFO - Pulsar_averageCollisionNum: 0.2
2024-07-07 12:57:28,028 - poweroff_10_5_results - INFO - Pulsar_sumCollisionNum: 6
2024-07-07 12:57:28,028 - poweroff_10_5_results - INFO - Free_beacon_averageSyn: 6218.436
2024-07-07 12:57:28,028 - poweroff_10_5_results - INFO - Free_beacon_averageDis: 35823.3
2024-07-07 12:57:28,028 - poweroff_10_5_results - INFO - Free_beacon_averageCollisionNum: 0.4
2024-07-07 12:57:28,028 - poweroff_10_5_results - INFO - Free_beacon_sumCollisionNum: 12
2024-07-07 12:57:28,029 - poweroff_10_5_results - INFO - Find_averageEnhancedSyn: 263.6736090339543
2024-07-07 12:57:28,029 - poweroff_10_5_results - INFO - Find_averageEnhancedDis: 0.0
2024-07-07 12:57:28,029 - poweroff_10_5_results - INFO - Find_averageEnhancedCollisionNum: 1.0
2024-07-07 12:57:28,029 - poweroff_10_5_results - INFO - FlyncFind_averageEnhancedSyn: 58.46640323493989
2024-07-07 12:57:28,030 - poweroff_10_5_results - INFO - FlyncFind_averageEnhancedDis: 0.0
2024-07-07 12:57:28,030 - poweroff_10_5_results - INFO - FlyncFind_averageEnhancedCollisionNum: 0.9999999999999999
2024-07-07 12:57:28,030 - poweroff_10_5_results - INFO - Pulsar_averageEnhancedSyn: 41.41804573797442
2024-07-07 12:57:28,030 - poweroff_10_5_results - INFO - Pulsar_averageEnhancedDis: 7.272697750719038
2024-07-07 12:57:28,031 - poweroff_10_5_results - INFO - Pulsar_averageEnhancedCollisionNum: 1.0
2024-07-07 13:22:42,157 - poweroff_10_5_results - INFO - *******************OFFICE_TRACE*******************
2024-07-07 13:22:42,158 - poweroff_10_5_results - INFO - Find_averageSyn: 282530.6786666667
2024-07-07 13:22:42,158 - poweroff_10_5_results - INFO - Find_averageDis: 0.0
2024-07-07 13:22:42,158 - poweroff_10_5_results - INFO - Find_averageCollisionNum: 8.733333333333333
2024-07-07 13:22:42,158 - poweroff_10_5_results - INFO - Find_sumCollisionNum: 262
2024-07-07 13:22:42,158 - poweroff_10_5_results - INFO - FlyncFind_averageSyn: 124364.46666666666
2024-07-07 13:22:42,158 - poweroff_10_5_results - INFO - FlyncFind_averageDis: 0.0
2024-07-07 13:22:42,158 - poweroff_10_5_results - INFO - FlyncFind_averageCollisionNum: 207.6
2024-07-07 13:22:42,158 - poweroff_10_5_results - INFO - FlyncFind_sumCollisionNum: 6228
2024-07-07 13:22:42,159 - poweroff_10_5_results - INFO - Pulsar_averageSyn: 66315.428
2024-07-07 13:22:42,159 - poweroff_10_5_results - INFO - Pulsar_averageDis: 118532.26666666666
2024-07-07 13:22:42,159 - poweroff_10_5_results - INFO - Pulsar_averageCollisionNum: 1.1333333333333333
2024-07-07 13:22:42,159 - poweroff_10_5_results - INFO - Pulsar_sumCollisionNum: 34
2024-07-07 13:22:42,159 - poweroff_10_5_results - INFO - Free_beacon_averageSyn: 1454.084
2024-07-07 13:22:42,159 - poweroff_10_5_results - INFO - Free_beacon_averageDis: 14252.0
2024-07-07 13:22:42,159 - poweroff_10_5_results - INFO - Free_beacon_averageCollisionNum: 0.1
2024-07-07 13:22:42,160 - poweroff_10_5_results - INFO - Free_beacon_sumCollisionNum: 3
2024-07-07 13:22:42,160 - poweroff_10_5_results - INFO - Find_averageEnhancedSyn: 194.30148372904637
2024-07-07 13:22:42,160 - poweroff_10_5_results - INFO - Find_averageEnhancedDis: 0.0
2024-07-07 13:22:42,160 - poweroff_10_5_results - INFO - Find_averageEnhancedCollisionNum: 1.0
2024-07-07 13:22:42,161 - poweroff_10_5_results - INFO - FlyncFind_averageEnhancedSyn: 85.52770449758519
2024-07-07 13:22:42,161 - poweroff_10_5_results - INFO - FlyncFind_averageEnhancedDis: 0.0
2024-07-07 13:22:42,161 - poweroff_10_5_results - INFO - FlyncFind_averageEnhancedCollisionNum: 1.0000000000000002
2024-07-07 13:22:42,162 - poweroff_10_5_results - INFO - Pulsar_averageEnhancedSyn: 45.60632535671942
2024-07-07 13:22:42,162 - poweroff_10_5_results - INFO - Pulsar_averageEnhancedDis: 8.316886518851154
2024-07-07 13:22:42,162 - poweroff_10_5_results - INFO - Pulsar_averageEnhancedCollisionNum: 1.0000000000000002
2024-07-07 14:16:23,071 - poweroff_10_5_results - INFO - *******************WASHER_TRACE*******************
2024-07-07 14:16:23,072 - poweroff_10_5_results - INFO - Find_averageSyn: 7258652.565333334
2024-07-07 14:16:23,072 - poweroff_10_5_results - INFO - Find_averageDis: 0.0
2024-07-07 14:16:23,072 - poweroff_10_5_results - INFO - Find_averageCollisionNum: 4.666666666666667
2024-07-07 14:16:23,072 - poweroff_10_5_results - INFO - Find_sumCollisionNum: 140
2024-07-07 14:16:23,072 - poweroff_10_5_results - INFO - FlyncFind_averageSyn: 4005572.533333333
2024-07-07 14:16:23,072 - poweroff_10_5_results - INFO - FlyncFind_averageDis: 0.0
2024-07-07 14:16:23,073 - poweroff_10_5_results - INFO - FlyncFind_averageCollisionNum: 19.2
2024-07-07 14:16:23,073 - poweroff_10_5_results - INFO - FlyncFind_sumCollisionNum: 576
2024-07-07 14:16:23,073 - poweroff_10_5_results - INFO - Pulsar_averageSyn: 2395106.4313333333
2024-07-07 14:16:23,073 - poweroff_10_5_results - INFO - Pulsar_averageDis: 2789883.7
2024-07-07 14:16:23,073 - poweroff_10_5_results - INFO - Pulsar_averageCollisionNum: 0.0
2024-07-07 14:16:23,073 - poweroff_10_5_results - INFO - Pulsar_sumCollisionNum: 0
2024-07-07 14:16:23,073 - poweroff_10_5_results - INFO - Free_beacon_averageSyn: 190840.52133333334
2024-07-07 14:16:23,073 - poweroff_10_5_results - INFO - Free_beacon_averageDis: 217256.7
2024-07-07 14:16:23,074 - poweroff_10_5_results - INFO - Free_beacon_averageCollisionNum: 0.0
2024-07-07 14:16:23,074 - poweroff_10_5_results - INFO - Free_beacon_sumCollisionNum: 0
2024-07-07 14:16:23,074 - poweroff_10_5_results - INFO - Find_averageEnhancedSyn: 38.03517468208412
2024-07-07 14:16:23,074 - poweroff_10_5_results - INFO - Find_averageEnhancedDis: 0.0
2024-07-07 14:16:23,074 - poweroff_10_5_results - INFO - Find_averageEnhancedCollisionNum: 1.0
2024-07-07 14:16:23,075 - poweroff_10_5_results - INFO - FlyncFind_averageEnhancedSyn: 20.989109154323486
2024-07-07 14:16:23,075 - poweroff_10_5_results - INFO - FlyncFind_averageEnhancedDis: 0.0
2024-07-07 14:16:23,075 - poweroff_10_5_results - INFO - FlyncFind_averageEnhancedCollisionNum: 1.0
2024-07-07 14:16:23,076 - poweroff_10_5_results - INFO - Pulsar_averageEnhancedSyn: 12.550303334950017
2024-07-07 14:16:23,076 - poweroff_10_5_results - INFO - Pulsar_averageEnhancedDis: 12.841416168062942
2024-07-07 14:16:23,076 - poweroff_10_5_results - INFO - Pulsar_averageEnhancedCollisionNum: 0.0
