2024-07-06 20:37:43,523 - poweroff_10_1_results - INFO - *******************STATIC_TRACE*******************
2024-07-06 20:37:43,523 - poweroff_10_1_results - INFO - Find_averageSyn: 132256.14266666668
2024-07-06 20:37:43,523 - poweroff_10_1_results - INFO - Find_averageDis: 0.0
2024-07-06 20:37:43,523 - poweroff_10_1_results - INFO - Find_averageCollisionNum: 14.466666666666667
2024-07-06 20:37:43,523 - poweroff_10_1_results - INFO - Find_sumCollisionNum: 434
2024-07-06 20:37:43,524 - poweroff_10_1_results - INFO - FlyncFind_averageSyn: 185212.11066666667
2024-07-06 20:37:43,524 - poweroff_10_1_results - INFO - FlyncFind_averageDis: 0.0
2024-07-06 20:37:43,524 - poweroff_10_1_results - INFO - FlyncFind_averageCollisionNum: 775.6
2024-07-06 20:37:43,524 - poweroff_10_1_results - INFO - FlyncFind_sumCollisionNum: 23268
2024-07-06 20:37:43,524 - poweroff_10_1_results - INFO - Pulsar_averageSyn: 60731.113333333335
2024-07-06 20:37:43,524 - poweroff_10_1_results - INFO - Pulsar_averageDis: 110364.63333333333
2024-07-06 20:37:43,524 - poweroff_10_1_results - INFO - Pulsar_averageCollisionNum: 0.9666666666666667
2024-07-06 20:37:43,524 - poweroff_10_1_results - INFO - Pulsar_sumCollisionNum: 29
2024-07-06 20:37:43,525 - poweroff_10_1_results - INFO - Free_beacon_averageSyn: 2617.1946666666668
2024-07-06 20:37:43,525 - poweroff_10_1_results - INFO - Free_beacon_averageDis: 20864.766666666666
2024-07-06 20:37:43,525 - poweroff_10_1_results - INFO - Free_beacon_averageCollisionNum: 2.0
2024-07-06 20:37:43,525 - poweroff_10_1_results - INFO - Free_beacon_sumCollisionNum: 60
2024-07-06 20:37:43,525 - poweroff_10_1_results - INFO - Find_averageEnhancedSyn: 50.53355195588559
2024-07-06 20:37:43,526 - poweroff_10_1_results - INFO - Find_averageEnhancedDis: 0.0
2024-07-06 20:37:43,526 - poweroff_10_1_results - INFO - Find_averageEnhancedCollisionNum: 1.0
2024-07-06 20:37:43,526 - poweroff_10_1_results - INFO - FlyncFind_averageEnhancedSyn: 70.76741865080983
2024-07-06 20:37:43,526 - poweroff_10_1_results - INFO - FlyncFind_averageEnhancedDis: 0.0
2024-07-06 20:37:43,527 - poweroff_10_1_results - INFO - FlyncFind_averageEnhancedCollisionNum: 1.0
2024-07-06 20:37:43,527 - poweroff_10_1_results - INFO - Pulsar_averageEnhancedSyn: 23.204660358979794
2024-07-06 20:37:43,527 - poweroff_10_1_results - INFO - Pulsar_averageEnhancedDis: 5.289521569855403
2024-07-06 20:37:43,527 - poweroff_10_1_results - INFO - Pulsar_averageEnhancedCollisionNum: 1.0000000000000002
2024-07-06 21:14:38,092 - poweroff_10_1_results - INFO - *******************COMPLEX_TRACE*******************
2024-07-06 21:14:38,093 - poweroff_10_1_results - INFO - Find_averageSyn: 909536.4213333334
2024-07-06 21:14:38,093 - poweroff_10_1_results - INFO - Find_averageDis: 0.0
2024-07-06 21:14:38,093 - poweroff_10_1_results - INFO - Find_averageCollisionNum: 5.333333333333333
2024-07-06 21:14:38,093 - poweroff_10_1_results - INFO - Find_sumCollisionNum: 160
2024-07-06 21:14:38,093 - poweroff_10_1_results - INFO - FlyncFind_averageSyn: 205163.8
2024-07-06 21:14:38,093 - poweroff_10_1_results - INFO - FlyncFind_averageDis: 0.0
2024-07-06 21:14:38,093 - poweroff_10_1_results - INFO - FlyncFind_averageCollisionNum: 68.2
2024-07-06 21:14:38,093 - poweroff_10_1_results - INFO - FlyncFind_sumCollisionNum: 2046
2024-07-06 21:14:38,094 - poweroff_10_1_results - INFO - Pulsar_averageSyn: 173035.114
2024-07-06 21:14:38,094 - poweroff_10_1_results - INFO - Pulsar_averageDis: 158877.5
2024-07-06 21:14:38,094 - poweroff_10_1_results - INFO - Pulsar_averageCollisionNum: 0.3333333333333333
2024-07-06 21:14:38,094 - poweroff_10_1_results - INFO - Pulsar_sumCollisionNum: 10
2024-07-06 21:14:38,094 - poweroff_10_1_results - INFO - Free_beacon_averageSyn: 3166.8573333333334
2024-07-06 21:14:38,094 - poweroff_10_1_results - INFO - Free_beacon_averageDis: 33312.86666666667
2024-07-06 21:14:38,094 - poweroff_10_1_results - INFO - Free_beacon_averageCollisionNum: 0.4
2024-07-06 21:14:38,094 - poweroff_10_1_results - INFO - Free_beacon_sumCollisionNum: 12
2024-07-06 21:14:38,095 - poweroff_10_1_results - INFO - Find_averageEnhancedSyn: 287.20473504121645
2024-07-06 21:14:38,095 - poweroff_10_1_results - INFO - Find_averageEnhancedDis: 0.0
2024-07-06 21:14:38,095 - poweroff_10_1_results - INFO - Find_averageEnhancedCollisionNum: 1.0
2024-07-06 21:14:38,096 - poweroff_10_1_results - INFO - FlyncFind_averageEnhancedSyn: 64.78466770211308
2024-07-06 21:14:38,096 - poweroff_10_1_results - INFO - FlyncFind_averageEnhancedDis: 0.0
2024-07-06 21:14:38,096 - poweroff_10_1_results - INFO - FlyncFind_averageEnhancedCollisionNum: 1.0
2024-07-06 21:14:38,097 - poweroff_10_1_results - INFO - Pulsar_averageEnhancedSyn: 54.63937771325769
2024-07-06 21:14:38,097 - poweroff_10_1_results - INFO - Pulsar_averageEnhancedDis: 4.769253321539425
2024-07-06 21:14:38,097 - poweroff_10_1_results - INFO - Pulsar_averageEnhancedCollisionNum: 1.0
2024-07-06 22:49:44,034 - poweroff_10_1_results - INFO - *******************STAIRS_TRACE*******************
2024-07-06 22:49:44,034 - poweroff_10_1_results - INFO - Find_averageSyn: 42875.31333333333
2024-07-06 22:49:44,034 - poweroff_10_1_results - INFO - Find_averageDis: 0.0
2024-07-06 22:49:44,035 - poweroff_10_1_results - INFO - Find_averageCollisionNum: 31.0
2024-07-06 22:49:44,035 - poweroff_10_1_results - INFO - Find_sumCollisionNum: 930
2024-07-06 22:49:44,035 - poweroff_10_1_results - INFO - FlyncFind_averageSyn: 436801.8
2024-07-06 22:49:44,035 - poweroff_10_1_results - INFO - FlyncFind_averageDis: 0.0
2024-07-06 22:49:44,035 - poweroff_10_1_results - INFO - FlyncFind_averageCollisionNum: 6385.933333333333
2024-07-06 22:49:44,035 - poweroff_10_1_results - INFO - FlyncFind_sumCollisionNum: 191578
2024-07-06 22:49:44,035 - poweroff_10_1_results - INFO - Pulsar_averageSyn: 29749.784
2024-07-06 22:49:44,035 - poweroff_10_1_results - INFO - Pulsar_averageDis: 72244.6
2024-07-06 22:49:44,036 - poweroff_10_1_results - INFO - Pulsar_averageCollisionNum: 3.2
2024-07-06 22:49:44,036 - poweroff_10_1_results - INFO - Pulsar_sumCollisionNum: 96
2024-07-06 22:49:44,036 - poweroff_10_1_results - INFO - Free_beacon_averageSyn: 143.89466666666667
2024-07-06 22:49:44,036 - poweroff_10_1_results - INFO - Free_beacon_averageDis: 13174.066666666668
2024-07-06 22:49:44,036 - poweroff_10_1_results - INFO - Free_beacon_averageCollisionNum: 1.5333333333333334
2024-07-06 22:49:44,036 - poweroff_10_1_results - INFO - Free_beacon_sumCollisionNum: 46
2024-07-06 22:49:44,037 - poweroff_10_1_results - INFO - Find_averageEnhancedSyn: 297.9631860342287
2024-07-06 22:49:44,037 - poweroff_10_1_results - INFO - Find_averageEnhancedDis: 0.0
2024-07-06 22:49:44,037 - poweroff_10_1_results - INFO - Find_averageEnhancedCollisionNum: 1.0
2024-07-06 22:49:44,037 - poweroff_10_1_results - INFO - FlyncFind_averageEnhancedSyn: 3035.5662938631035
2024-07-06 22:49:44,037 - poweroff_10_1_results - INFO - FlyncFind_averageEnhancedDis: 0.0
2024-07-06 22:49:44,038 - poweroff_10_1_results - INFO - FlyncFind_averageEnhancedCollisionNum: 1.0
2024-07-06 22:49:44,038 - poweroff_10_1_results - INFO - Pulsar_averageEnhancedSyn: 206.7469537902725
2024-07-06 22:49:44,038 - poweroff_10_1_results - INFO - Pulsar_averageEnhancedDis: 5.483849583272186
2024-07-06 22:49:44,038 - poweroff_10_1_results - INFO - Pulsar_averageEnhancedCollisionNum: 1.0
2024-07-07 03:13:41,303 - poweroff_10_1_results - INFO - *******************CARS_TRACE*******************
2024-07-07 03:13:41,304 - poweroff_10_1_results - INFO - Find_averageSyn: 147848484.21066666
2024-07-07 03:13:41,304 - poweroff_10_1_results - INFO - Find_averageDis: 0.0
2024-07-07 03:13:41,304 - poweroff_10_1_results - INFO - Find_averageCollisionNum: 0.26666666666666666
2024-07-07 03:13:41,304 - poweroff_10_1_results - INFO - Find_sumCollisionNum: 8
2024-07-07 03:13:41,304 - poweroff_10_1_results - INFO - FlyncFind_averageSyn: 14532101.826666666
2024-07-07 03:13:41,304 - poweroff_10_1_results - INFO - FlyncFind_averageDis: 0.0
2024-07-07 03:13:41,304 - poweroff_10_1_results - INFO - FlyncFind_averageCollisionNum: 3.1333333333333333
2024-07-07 03:13:41,304 - poweroff_10_1_results - INFO - FlyncFind_sumCollisionNum: 94
2024-07-07 03:13:41,304 - poweroff_10_1_results - INFO - Pulsar_averageSyn: 2596669.458666667
2024-07-07 03:13:41,305 - poweroff_10_1_results - INFO - Pulsar_averageDis: 1541691.9
2024-07-07 03:13:41,305 - poweroff_10_1_results - INFO - Pulsar_averageCollisionNum: 0.0
2024-07-07 03:13:41,305 - poweroff_10_1_results - INFO - Pulsar_sumCollisionNum: 0
2024-07-07 03:13:41,305 - poweroff_10_1_results - INFO - Free_beacon_averageSyn: 481942.03866666666
2024-07-07 03:13:41,305 - poweroff_10_1_results - INFO - Free_beacon_averageDis: 625956.7
2024-07-07 03:13:41,305 - poweroff_10_1_results - INFO - Free_beacon_averageCollisionNum: 0.0
2024-07-07 03:13:41,305 - poweroff_10_1_results - INFO - Free_beacon_sumCollisionNum: 0
2024-07-07 03:13:41,305 - poweroff_10_1_results - INFO - Find_averageEnhancedSyn: 306.77648420067686
2024-07-07 03:13:41,305 - poweroff_10_1_results - INFO - Find_averageEnhancedDis: 0.0
2024-07-07 03:13:41,306 - poweroff_10_1_results - INFO - Find_averageEnhancedCollisionNum: 1.0
2024-07-07 03:13:41,306 - poweroff_10_1_results - INFO - FlyncFind_averageEnhancedSyn: 30.15321482822074
2024-07-07 03:13:41,306 - poweroff_10_1_results - INFO - FlyncFind_averageEnhancedDis: 0.0
2024-07-07 03:13:41,306 - poweroff_10_1_results - INFO - FlyncFind_averageEnhancedCollisionNum: 1.0000000000000002
2024-07-07 03:13:41,307 - poweroff_10_1_results - INFO - Pulsar_averageEnhancedSyn: 5.387928942348695
2024-07-07 03:13:41,307 - poweroff_10_1_results - INFO - Pulsar_averageEnhancedDis: 2.462936973116511
2024-07-07 03:13:41,307 - poweroff_10_1_results - INFO - Pulsar_averageEnhancedCollisionNum: 0.0
2024-07-07 03:57:06,798 - poweroff_10_1_results - INFO - *******************JOGGING_TRACE*******************
2024-07-07 03:57:06,799 - poweroff_10_1_results - INFO - Find_averageSyn: 1550929.16
2024-07-07 03:57:06,799 - poweroff_10_1_results - INFO - Find_averageDis: 0.0
2024-07-07 03:57:06,799 - poweroff_10_1_results - INFO - Find_averageCollisionNum: 4.333333333333333
2024-07-07 03:57:06,799 - poweroff_10_1_results - INFO - Find_sumCollisionNum: 130
2024-07-07 03:57:06,799 - poweroff_10_1_results - INFO - FlyncFind_averageSyn: 320603.38666666666
2024-07-07 03:57:06,799 - poweroff_10_1_results - INFO - FlyncFind_averageDis: 0.0
2024-07-07 03:57:06,799 - poweroff_10_1_results - INFO - FlyncFind_averageCollisionNum: 45.46666666666667
2024-07-07 03:57:06,799 - poweroff_10_1_results - INFO - FlyncFind_sumCollisionNum: 1364
2024-07-07 03:57:06,800 - poweroff_10_1_results - INFO - Pulsar_averageSyn: 242581.736
2024-07-07 03:57:06,800 - poweroff_10_1_results - INFO - Pulsar_averageDis: 284814.2
2024-07-07 03:57:06,800 - poweroff_10_1_results - INFO - Pulsar_averageCollisionNum: 0.23333333333333334
2024-07-07 03:57:06,800 - poweroff_10_1_results - INFO - Pulsar_sumCollisionNum: 7
2024-07-07 03:57:06,800 - poweroff_10_1_results - INFO - Free_beacon_averageSyn: 6146.130666666667
2024-07-07 03:57:06,800 - poweroff_10_1_results - INFO - Free_beacon_averageDis: 38316.566666666666
2024-07-07 03:57:06,800 - poweroff_10_1_results - INFO - Free_beacon_averageCollisionNum: 0.3
2024-07-07 03:57:06,801 - poweroff_10_1_results - INFO - Free_beacon_sumCollisionNum: 9
2024-07-07 03:57:06,801 - poweroff_10_1_results - INFO - Find_averageEnhancedSyn: 252.34236694826748
2024-07-07 03:57:06,801 - poweroff_10_1_results - INFO - Find_averageEnhancedDis: 0.0
2024-07-07 03:57:06,801 - poweroff_10_1_results - INFO - Find_averageEnhancedCollisionNum: 0.9999999999999999
2024-07-07 03:57:06,802 - poweroff_10_1_results - INFO - FlyncFind_averageEnhancedSyn: 52.16345112957789
2024-07-07 03:57:06,802 - poweroff_10_1_results - INFO - FlyncFind_averageEnhancedDis: 0.0
2024-07-07 03:57:06,802 - poweroff_10_1_results - INFO - FlyncFind_averageEnhancedCollisionNum: 1.0000000000000002
2024-07-07 03:57:06,803 - poweroff_10_1_results - INFO - Pulsar_averageEnhancedSyn: 39.46901703792825
2024-07-07 03:57:06,803 - poweroff_10_1_results - INFO - Pulsar_averageEnhancedDis: 7.4331868634715885
2024-07-07 03:57:06,803 - poweroff_10_1_results - INFO - Pulsar_averageEnhancedCollisionNum: 1.0
2024-07-07 04:22:25,461 - poweroff_10_1_results - INFO - *******************OFFICE_TRACE*******************
2024-07-07 04:22:25,462 - poweroff_10_1_results - INFO - Find_averageSyn: 262014.41866666666
2024-07-07 04:22:25,462 - poweroff_10_1_results - INFO - Find_averageDis: 0.0
2024-07-07 04:22:25,462 - poweroff_10_1_results - INFO - Find_averageCollisionNum: 8.0
2024-07-07 04:22:25,462 - poweroff_10_1_results - INFO - Find_sumCollisionNum: 240
2024-07-07 04:22:25,462 - poweroff_10_1_results - INFO - FlyncFind_averageSyn: 137613.484
2024-07-07 04:22:25,463 - poweroff_10_1_results - INFO - FlyncFind_averageDis: 0.0
2024-07-07 04:22:25,463 - poweroff_10_1_results - INFO - FlyncFind_averageCollisionNum: 233.8
2024-07-07 04:22:25,463 - poweroff_10_1_results - INFO - FlyncFind_sumCollisionNum: 7014
2024-07-07 04:22:25,463 - poweroff_10_1_results - INFO - Pulsar_averageSyn: 78274.646
2024-07-07 04:22:25,463 - poweroff_10_1_results - INFO - Pulsar_averageDis: 133132.93333333332
2024-07-07 04:22:25,463 - poweroff_10_1_results - INFO - Pulsar_averageCollisionNum: 0.8666666666666667
2024-07-07 04:22:25,463 - poweroff_10_1_results - INFO - Pulsar_sumCollisionNum: 26
2024-07-07 04:22:25,463 - poweroff_10_1_results - INFO - Free_beacon_averageSyn: 1582.5306666666668
2024-07-07 04:22:25,464 - poweroff_10_1_results - INFO - Free_beacon_averageDis: 13657.266666666666
2024-07-07 04:22:25,464 - poweroff_10_1_results - INFO - Free_beacon_averageCollisionNum: 0.36666666666666664
2024-07-07 04:22:25,464 - poweroff_10_1_results - INFO - Free_beacon_sumCollisionNum: 11
2024-07-07 04:22:25,464 - poweroff_10_1_results - INFO - Find_averageEnhancedSyn: 165.56672435205047
2024-07-07 04:22:25,464 - poweroff_10_1_results - INFO - Find_averageEnhancedDis: 0.0
2024-07-07 04:22:25,465 - poweroff_10_1_results - INFO - Find_averageEnhancedCollisionNum: 1.0
2024-07-07 04:22:25,465 - poweroff_10_1_results - INFO - FlyncFind_averageEnhancedSyn: 86.95786242794242
2024-07-07 04:22:25,465 - poweroff_10_1_results - INFO - FlyncFind_averageEnhancedDis: 0.0
2024-07-07 04:22:25,465 - poweroff_10_1_results - INFO - FlyncFind_averageEnhancedCollisionNum: 0.9999999999999999
2024-07-07 04:22:25,466 - poweroff_10_1_results - INFO - Pulsar_averageEnhancedSyn: 49.4616930014205
2024-07-07 04:22:25,466 - poweroff_10_1_results - INFO - Pulsar_averageEnhancedDis: 9.748138963872712
2024-07-07 04:22:25,466 - poweroff_10_1_results - INFO - Pulsar_averageEnhancedCollisionNum: 0.9999999999999998
2024-07-07 05:14:55,462 - poweroff_10_1_results - INFO - *******************WASHER_TRACE*******************
2024-07-07 05:14:55,463 - poweroff_10_1_results - INFO - Find_averageSyn: 7069405.094666666
2024-07-07 05:14:55,463 - poweroff_10_1_results - INFO - Find_averageDis: 0.0
2024-07-07 05:14:55,463 - poweroff_10_1_results - INFO - Find_averageCollisionNum: 4.066666666666666
2024-07-07 05:14:55,463 - poweroff_10_1_results - INFO - Find_sumCollisionNum: 122
2024-07-07 05:14:55,463 - poweroff_10_1_results - INFO - FlyncFind_averageSyn: 3955243.84
2024-07-07 05:14:55,463 - poweroff_10_1_results - INFO - FlyncFind_averageDis: 0.0
2024-07-07 05:14:55,463 - poweroff_10_1_results - INFO - FlyncFind_averageCollisionNum: 20.733333333333334
2024-07-07 05:14:55,463 - poweroff_10_1_results - INFO - FlyncFind_sumCollisionNum: 622
2024-07-07 05:14:55,464 - poweroff_10_1_results - INFO - Pulsar_averageSyn: 1939531.0553333333
2024-07-07 05:14:55,464 - poweroff_10_1_results - INFO - Pulsar_averageDis: 2321669.8333333335
2024-07-07 05:14:55,464 - poweroff_10_1_results - INFO - Pulsar_averageCollisionNum: 0.1
2024-07-07 05:14:55,464 - poweroff_10_1_results - INFO - Pulsar_sumCollisionNum: 3
2024-07-07 05:14:55,464 - poweroff_10_1_results - INFO - Free_beacon_averageSyn: 190874.166
2024-07-07 05:14:55,464 - poweroff_10_1_results - INFO - Free_beacon_averageDis: 219257.93333333332
2024-07-07 05:14:55,464 - poweroff_10_1_results - INFO - Free_beacon_averageCollisionNum: 0.2
2024-07-07 05:14:55,464 - poweroff_10_1_results - INFO - Free_beacon_sumCollisionNum: 6
2024-07-07 05:14:55,465 - poweroff_10_1_results - INFO - Find_averageEnhancedSyn: 37.036992709986045
2024-07-07 05:14:55,465 - poweroff_10_1_results - INFO - Find_averageEnhancedDis: 0.0
2024-07-07 05:14:55,465 - poweroff_10_1_results - INFO - Find_averageEnhancedCollisionNum: 1.0
2024-07-07 05:14:55,466 - poweroff_10_1_results - INFO - FlyncFind_averageEnhancedSyn: 20.721734757966146
2024-07-07 05:14:55,466 - poweroff_10_1_results - INFO - FlyncFind_averageEnhancedDis: 0.0
2024-07-07 05:14:55,466 - poweroff_10_1_results - INFO - FlyncFind_averageEnhancedCollisionNum: 0.9999999999999999
2024-07-07 05:14:55,467 - poweroff_10_1_results - INFO - Pulsar_averageEnhancedSyn: 10.161307294635845
2024-07-07 05:14:55,467 - poweroff_10_1_results - INFO - Pulsar_averageEnhancedDis: 10.588760908385224
2024-07-07 05:14:55,467 - poweroff_10_1_results - INFO - Pulsar_averageEnhancedCollisionNum: 1.0
