2024-07-07 23:44:44,378 - poweroff_10_20_results - INFO - *******************STATIC_TRACE*******************
2024-07-07 23:44:44,379 - poweroff_10_20_results - INFO - Find_averageSyn: 157703.288
2024-07-07 23:44:44,379 - poweroff_10_20_results - INFO - Find_averageDis: 0.0
2024-07-07 23:44:44,379 - poweroff_10_20_results - INFO - Find_averageCollisionNum: 14.066666666666666
2024-07-07 23:44:44,379 - poweroff_10_20_results - INFO - Find_sumCollisionNum: 422
2024-07-07 23:44:44,379 - poweroff_10_20_results - INFO - FlyncFind_averageSyn: 147172.86666666667
2024-07-07 23:44:44,380 - poweroff_10_20_results - INFO - FlyncFind_averageDis: 0.0
2024-07-07 23:44:44,380 - poweroff_10_20_results - INFO - FlyncFind_averageCollisionNum: 519.3333333333334
2024-07-07 23:44:44,380 - poweroff_10_20_results - INFO - FlyncFind_sumCollisionNum: 15580
2024-07-07 23:44:44,380 - poweroff_10_20_results - INFO - Pulsar_averageSyn: 35185.462666666666
2024-07-07 23:44:44,380 - poweroff_10_20_results - INFO - Pulsar_averageDis: 97141.03333333334
2024-07-07 23:44:44,380 - poweroff_10_20_results - INFO - Pulsar_averageCollisionNum: 0.9333333333333333
2024-07-07 23:44:44,380 - poweroff_10_20_results - INFO - Pulsar_sumCollisionNum: 28
2024-07-07 23:44:44,380 - poweroff_10_20_results - INFO - Free_beacon_averageSyn: 1140.972
2024-07-07 23:44:44,381 - poweroff_10_20_results - INFO - Free_beacon_averageDis: 22313.166666666668
2024-07-07 23:44:44,381 - poweroff_10_20_results - INFO - Free_beacon_averageCollisionNum: 2.933333333333333
2024-07-07 23:44:44,381 - poweroff_10_20_results - INFO - Free_beacon_sumCollisionNum: 88
2024-07-07 23:44:44,381 - poweroff_10_20_results - INFO - Find_averageEnhancedSyn: 138.21836819834317
2024-07-07 23:44:44,381 - poweroff_10_20_results - INFO - Find_averageEnhancedDis: 0.0
2024-07-07 23:44:44,382 - poweroff_10_20_results - INFO - Find_averageEnhancedCollisionNum: 1.0
2024-07-07 23:44:44,382 - poweroff_10_20_results - INFO - FlyncFind_averageEnhancedSyn: 128.98902573127708
2024-07-07 23:44:44,382 - poweroff_10_20_results - INFO - FlyncFind_averageEnhancedDis: 0.0
2024-07-07 23:44:44,382 - poweroff_10_20_results - INFO - FlyncFind_averageEnhancedCollisionNum: 0.9999999999999999
2024-07-07 23:44:44,383 - poweroff_10_20_results - INFO - Pulsar_averageEnhancedSyn: 30.838147357399365
2024-07-07 23:44:44,383 - poweroff_10_20_results - INFO - Pulsar_averageEnhancedDis: 4.353529679785478
2024-07-07 23:44:44,383 - poweroff_10_20_results - INFO - Pulsar_averageEnhancedCollisionNum: 0.9999999999999999
2024-07-08 00:25:49,832 - poweroff_10_20_results - INFO - *******************COMPLEX_TRACE*******************
2024-07-08 00:25:49,833 - poweroff_10_20_results - INFO - Find_averageSyn: 1102222.8586666666
2024-07-08 00:25:49,833 - poweroff_10_20_results - INFO - Find_averageDis: 0.0
2024-07-08 00:25:49,833 - poweroff_10_20_results - INFO - Find_averageCollisionNum: 4.066666666666666
2024-07-08 00:25:49,833 - poweroff_10_20_results - INFO - Find_sumCollisionNum: 122
2024-07-08 00:25:49,833 - poweroff_10_20_results - INFO - FlyncFind_averageSyn: 219460.316
2024-07-08 00:25:49,833 - poweroff_10_20_results - INFO - FlyncFind_averageDis: 0.0
2024-07-08 00:25:49,833 - poweroff_10_20_results - INFO - FlyncFind_averageCollisionNum: 57.6
2024-07-08 00:25:49,833 - poweroff_10_20_results - INFO - FlyncFind_sumCollisionNum: 1728
2024-07-08 00:25:49,834 - poweroff_10_20_results - INFO - Pulsar_averageSyn: 135630.21733333333
2024-07-08 00:25:49,834 - poweroff_10_20_results - INFO - Pulsar_averageDis: 218115.73333333334
2024-07-08 00:25:49,834 - poweroff_10_20_results - INFO - Pulsar_averageCollisionNum: 0.16666666666666666
2024-07-08 00:25:49,834 - poweroff_10_20_results - INFO - Pulsar_sumCollisionNum: 5
2024-07-08 00:25:49,834 - poweroff_10_20_results - INFO - Free_beacon_averageSyn: 3963.3413333333333
2024-07-08 00:25:49,834 - poweroff_10_20_results - INFO - Free_beacon_averageDis: 25980.766666666666
2024-07-08 00:25:49,834 - poweroff_10_20_results - INFO - Free_beacon_averageCollisionNum: 0.3
2024-07-08 00:25:49,834 - poweroff_10_20_results - INFO - Free_beacon_sumCollisionNum: 9
2024-07-08 00:25:49,835 - poweroff_10_20_results - INFO - Find_averageEnhancedSyn: 278.104449242491
2024-07-08 00:25:49,835 - poweroff_10_20_results - INFO - Find_averageEnhancedDis: 0.0
2024-07-08 00:25:49,835 - poweroff_10_20_results - INFO - Find_averageEnhancedCollisionNum: 1.0
2024-07-08 00:25:49,836 - poweroff_10_20_results - INFO - FlyncFind_averageEnhancedSyn: 55.37254996289326
2024-07-08 00:25:49,836 - poweroff_10_20_results - INFO - FlyncFind_averageEnhancedDis: 0.0
2024-07-08 00:25:49,836 - poweroff_10_20_results - INFO - FlyncFind_averageEnhancedCollisionNum: 1.0
2024-07-08 00:25:49,837 - poweroff_10_20_results - INFO - Pulsar_averageEnhancedSyn: 34.22118004135231
2024-07-08 00:25:49,837 - poweroff_10_20_results - INFO - Pulsar_averageEnhancedDis: 8.395277019025613
2024-07-08 00:25:49,837 - poweroff_10_20_results - INFO - Pulsar_averageEnhancedCollisionNum: 1.0
2024-07-08 01:33:18,497 - poweroff_10_20_results - INFO - *******************STAIRS_TRACE*******************
2024-07-08 01:33:18,498 - poweroff_10_20_results - INFO - Find_averageSyn: 48594.15066666667
2024-07-08 01:33:18,498 - poweroff_10_20_results - INFO - Find_averageDis: 0.0
2024-07-08 01:33:18,498 - poweroff_10_20_results - INFO - Find_averageCollisionNum: 30.8
2024-07-08 01:33:18,498 - poweroff_10_20_results - INFO - Find_sumCollisionNum: 924
2024-07-08 01:33:18,498 - poweroff_10_20_results - INFO - FlyncFind_averageSyn: 342139.0266666667
2024-07-08 01:33:18,499 - poweroff_10_20_results - INFO - FlyncFind_averageDis: 0.0
2024-07-08 01:33:18,499 - poweroff_10_20_results - INFO - FlyncFind_averageCollisionNum: 4226.6
2024-07-08 01:33:18,499 - poweroff_10_20_results - INFO - FlyncFind_sumCollisionNum: 126798
2024-07-08 01:33:18,499 - poweroff_10_20_results - INFO - Pulsar_averageSyn: 7609.093333333333
2024-07-08 01:33:18,499 - poweroff_10_20_results - INFO - Pulsar_averageDis: 57048.166666666664
2024-07-08 01:33:18,499 - poweroff_10_20_results - INFO - Pulsar_averageCollisionNum: 1.1333333333333333
2024-07-08 01:33:18,499 - poweroff_10_20_results - INFO - Pulsar_sumCollisionNum: 34
2024-07-08 01:33:18,500 - poweroff_10_20_results - INFO - Free_beacon_averageSyn: 161.46266666666668
2024-07-08 01:33:18,500 - poweroff_10_20_results - INFO - Free_beacon_averageDis: 15780.766666666666
2024-07-08 01:33:18,500 - poweroff_10_20_results - INFO - Free_beacon_averageCollisionNum: 3.6333333333333333
2024-07-08 01:33:18,500 - poweroff_10_20_results - INFO - Free_beacon_sumCollisionNum: 109
2024-07-08 01:33:18,500 - poweroff_10_20_results - INFO - Find_averageEnhancedSyn: 300.96214604820926
2024-07-08 01:33:18,500 - poweroff_10_20_results - INFO - Find_averageEnhancedDis: 0.0
2024-07-08 01:33:18,501 - poweroff_10_20_results - INFO - Find_averageEnhancedCollisionNum: 1.0
2024-07-08 01:33:18,501 - poweroff_10_20_results - INFO - FlyncFind_averageEnhancedSyn: 2118.997745608892
2024-07-08 01:33:18,501 - poweroff_10_20_results - INFO - FlyncFind_averageEnhancedDis: 0.0
2024-07-08 01:33:18,502 - poweroff_10_20_results - INFO - FlyncFind_averageEnhancedCollisionNum: 0.9999999999999999
2024-07-08 01:33:18,502 - poweroff_10_20_results - INFO - Pulsar_averageEnhancedSyn: 47.126022940287534
2024-07-08 01:33:18,502 - poweroff_10_20_results - INFO - Pulsar_averageEnhancedDis: 3.615044051514185
2024-07-08 01:33:18,502 - poweroff_10_20_results - INFO - Pulsar_averageEnhancedCollisionNum: 1.0000000000000002
2024-07-08 06:26:01,336 - poweroff_10_20_results - INFO - *******************CARS_TRACE*******************
2024-07-08 06:26:01,336 - poweroff_10_20_results - INFO - Find_averageSyn: 171223622.54133335
2024-07-08 06:26:01,336 - poweroff_10_20_results - INFO - Find_averageDis: 0.0
2024-07-08 06:26:01,336 - poweroff_10_20_results - INFO - Find_averageCollisionNum: 0.26666666666666666
2024-07-08 06:26:01,336 - poweroff_10_20_results - INFO - Find_sumCollisionNum: 8
2024-07-08 06:26:01,337 - poweroff_10_20_results - INFO - FlyncFind_averageSyn: 16383612.973333333
2024-07-08 06:26:01,337 - poweroff_10_20_results - INFO - FlyncFind_averageDis: 0.0
2024-07-08 06:26:01,337 - poweroff_10_20_results - INFO - FlyncFind_averageCollisionNum: 3.6666666666666665
2024-07-08 06:26:01,337 - poweroff_10_20_results - INFO - FlyncFind_sumCollisionNum: 110
2024-07-08 06:26:01,337 - poweroff_10_20_results - INFO - Pulsar_averageSyn: 3111748.764
2024-07-08 06:26:01,337 - poweroff_10_20_results - INFO - Pulsar_averageDis: 2605353.3666666667
2024-07-08 06:26:01,337 - poweroff_10_20_results - INFO - Pulsar_averageCollisionNum: 0.0
2024-07-08 06:26:01,337 - poweroff_10_20_results - INFO - Pulsar_sumCollisionNum: 0
2024-07-08 06:26:01,337 - poweroff_10_20_results - INFO - Free_beacon_averageSyn: 570752.1093333333
2024-07-08 06:26:01,337 - poweroff_10_20_results - INFO - Free_beacon_averageDis: 397435.4
2024-07-08 06:26:01,337 - poweroff_10_20_results - INFO - Free_beacon_averageCollisionNum: 0.0
2024-07-08 06:26:01,337 - poweroff_10_20_results - INFO - Free_beacon_sumCollisionNum: 0
2024-07-08 06:26:01,338 - poweroff_10_20_results - INFO - Find_averageEnhancedSyn: 299.9964778778146
2024-07-08 06:26:01,338 - poweroff_10_20_results - INFO - Find_averageEnhancedDis: 0.0
2024-07-08 06:26:01,338 - poweroff_10_20_results - INFO - Find_averageEnhancedCollisionNum: 1.0
2024-07-08 06:26:01,338 - poweroff_10_20_results - INFO - FlyncFind_averageEnhancedSyn: 28.705304291332716
2024-07-08 06:26:01,339 - poweroff_10_20_results - INFO - FlyncFind_averageEnhancedDis: 0.0
2024-07-08 06:26:01,339 - poweroff_10_20_results - INFO - FlyncFind_averageEnhancedCollisionNum: 1.0000000000000002
2024-07-08 06:26:01,339 - poweroff_10_20_results - INFO - Pulsar_averageEnhancedSyn: 5.452014478991022
2024-07-08 06:26:01,339 - poweroff_10_20_results - INFO - Pulsar_averageEnhancedDis: 6.55541345000135
2024-07-08 06:26:01,339 - poweroff_10_20_results - INFO - Pulsar_averageEnhancedCollisionNum: 0.0
2024-07-08 07:10:50,344 - poweroff_10_20_results - INFO - *******************JOGGING_TRACE*******************
2024-07-08 07:10:50,344 - poweroff_10_20_results - INFO - Find_averageSyn: 1633414.668
2024-07-08 07:10:50,344 - poweroff_10_20_results - INFO - Find_averageDis: 0.0
2024-07-08 07:10:50,344 - poweroff_10_20_results - INFO - Find_averageCollisionNum: 2.8666666666666667
2024-07-08 07:10:50,344 - poweroff_10_20_results - INFO - Find_sumCollisionNum: 86
2024-07-08 07:10:50,345 - poweroff_10_20_results - INFO - FlyncFind_averageSyn: 378356.30666666664
2024-07-08 07:10:50,345 - poweroff_10_20_results - INFO - FlyncFind_averageDis: 0.0
2024-07-08 07:10:50,345 - poweroff_10_20_results - INFO - FlyncFind_averageCollisionNum: 44.6
2024-07-08 07:10:50,345 - poweroff_10_20_results - INFO - FlyncFind_sumCollisionNum: 1338
2024-07-08 07:10:50,345 - poweroff_10_20_results - INFO - Pulsar_averageSyn: 259142.424
2024-07-08 07:10:50,345 - poweroff_10_20_results - INFO - Pulsar_averageDis: 242474.46666666667
2024-07-08 07:10:50,345 - poweroff_10_20_results - INFO - Pulsar_averageCollisionNum: 0.43333333333333335
2024-07-08 07:10:50,346 - poweroff_10_20_results - INFO - Pulsar_sumCollisionNum: 13
2024-07-08 07:10:50,346 - poweroff_10_20_results - INFO - Free_beacon_averageSyn: 7483.756
2024-07-08 07:10:50,346 - poweroff_10_20_results - INFO - Free_beacon_averageDis: 37363.0
2024-07-08 07:10:50,346 - poweroff_10_20_results - INFO - Free_beacon_averageCollisionNum: 0.2
2024-07-08 07:10:50,346 - poweroff_10_20_results - INFO - Free_beacon_sumCollisionNum: 6
2024-07-08 07:10:50,347 - poweroff_10_20_results - INFO - Find_averageEnhancedSyn: 218.2613473769054
2024-07-08 07:10:50,347 - poweroff_10_20_results - INFO - Find_averageEnhancedDis: 0.0
2024-07-08 07:10:50,347 - poweroff_10_20_results - INFO - Find_averageEnhancedCollisionNum: 1.0000000000000002
2024-07-08 07:10:50,347 - poweroff_10_20_results - INFO - FlyncFind_averageEnhancedSyn: 50.55700729241662
2024-07-08 07:10:50,348 - poweroff_10_20_results - INFO - FlyncFind_averageEnhancedDis: 0.0
2024-07-08 07:10:50,348 - poweroff_10_20_results - INFO - FlyncFind_averageEnhancedCollisionNum: 1.0
2024-07-08 07:10:50,348 - poweroff_10_20_results - INFO - Pulsar_averageEnhancedSyn: 34.627321361091944
2024-07-08 07:10:50,348 - poweroff_10_20_results - INFO - Pulsar_averageEnhancedDis: 6.489694796099529
2024-07-08 07:10:50,349 - poweroff_10_20_results - INFO - Pulsar_averageEnhancedCollisionNum: 0.9999999999999998
2024-07-08 07:37:18,218 - poweroff_10_20_results - INFO - *******************OFFICE_TRACE*******************
2024-07-08 07:37:18,218 - poweroff_10_20_results - INFO - Find_averageSyn: 318668.5293333333
2024-07-08 07:37:18,218 - poweroff_10_20_results - INFO - Find_averageDis: 0.0
2024-07-08 07:37:18,219 - poweroff_10_20_results - INFO - Find_averageCollisionNum: 10.0
2024-07-08 07:37:18,219 - poweroff_10_20_results - INFO - Find_sumCollisionNum: 300
2024-07-08 07:37:18,219 - poweroff_10_20_results - INFO - FlyncFind_averageSyn: 135577.81066666666
2024-07-08 07:37:18,219 - poweroff_10_20_results - INFO - FlyncFind_averageDis: 0.0
2024-07-08 07:37:18,219 - poweroff_10_20_results - INFO - FlyncFind_averageCollisionNum: 193.86666666666667
2024-07-08 07:37:18,219 - poweroff_10_20_results - INFO - FlyncFind_sumCollisionNum: 5816
2024-07-08 07:37:18,219 - poweroff_10_20_results - INFO - Pulsar_averageSyn: 45937.477333333336
2024-07-08 07:37:18,219 - poweroff_10_20_results - INFO - Pulsar_averageDis: 112369.03333333334
2024-07-08 07:37:18,220 - poweroff_10_20_results - INFO - Pulsar_averageCollisionNum: 0.9666666666666667
2024-07-08 07:37:18,220 - poweroff_10_20_results - INFO - Pulsar_sumCollisionNum: 29
2024-07-08 07:37:18,220 - poweroff_10_20_results - INFO - Free_beacon_averageSyn: 1509.0093333333334
2024-07-08 07:37:18,220 - poweroff_10_20_results - INFO - Free_beacon_averageDis: 14264.9
2024-07-08 07:37:18,220 - poweroff_10_20_results - INFO - Free_beacon_averageCollisionNum: 0.36666666666666664
2024-07-08 07:37:18,220 - poweroff_10_20_results - INFO - Free_beacon_sumCollisionNum: 11
2024-07-08 07:37:18,221 - poweroff_10_20_results - INFO - Find_averageEnhancedSyn: 211.17730837980235
2024-07-08 07:37:18,221 - poweroff_10_20_results - INFO - Find_averageEnhancedDis: 0.0
2024-07-08 07:37:18,221 - poweroff_10_20_results - INFO - Find_averageEnhancedCollisionNum: 1.0
2024-07-08 07:37:18,221 - poweroff_10_20_results - INFO - FlyncFind_averageEnhancedSyn: 89.8455746242347
2024-07-08 07:37:18,222 - poweroff_10_20_results - INFO - FlyncFind_averageEnhancedDis: 0.0
2024-07-08 07:37:18,222 - poweroff_10_20_results - INFO - FlyncFind_averageEnhancedCollisionNum: 1.0
2024-07-08 07:37:18,222 - poweroff_10_20_results - INFO - Pulsar_averageEnhancedSyn: 30.442142615420096
2024-07-08 07:37:18,222 - poweroff_10_20_results - INFO - Pulsar_averageEnhancedDis: 7.877309573381751
2024-07-08 07:37:18,223 - poweroff_10_20_results - INFO - Pulsar_averageEnhancedCollisionNum: 1.0000000000000002
2024-07-08 08:34:50,483 - poweroff_10_20_results - INFO - *******************WASHER_TRACE*******************
2024-07-08 08:34:50,484 - poweroff_10_20_results - INFO - Find_averageSyn: 7306754.766666667
2024-07-08 08:34:50,484 - poweroff_10_20_results - INFO - Find_averageDis: 0.0
2024-07-08 08:34:50,484 - poweroff_10_20_results - INFO - Find_averageCollisionNum: 4.2
2024-07-08 08:34:50,484 - poweroff_10_20_results - INFO - Find_sumCollisionNum: 126
2024-07-08 08:34:50,484 - poweroff_10_20_results - INFO - FlyncFind_averageSyn: 3860974.6933333334
2024-07-08 08:34:50,484 - poweroff_10_20_results - INFO - FlyncFind_averageDis: 0.0
2024-07-08 08:34:50,484 - poweroff_10_20_results - INFO - FlyncFind_averageCollisionNum: 16.0
2024-07-08 08:34:50,484 - poweroff_10_20_results - INFO - FlyncFind_sumCollisionNum: 480
2024-07-08 08:34:50,485 - poweroff_10_20_results - INFO - Pulsar_averageSyn: 2420609.41
2024-07-08 08:34:50,485 - poweroff_10_20_results - INFO - Pulsar_averageDis: 3024486.2333333334
2024-07-08 08:34:50,485 - poweroff_10_20_results - INFO - Pulsar_averageCollisionNum: 0.13333333333333333
2024-07-08 08:34:50,485 - poweroff_10_20_results - INFO - Pulsar_sumCollisionNum: 4
2024-07-08 08:34:50,485 - poweroff_10_20_results - INFO - Free_beacon_averageSyn: 225722.274
2024-07-08 08:34:50,485 - poweroff_10_20_results - INFO - Free_beacon_averageDis: 262535.8
2024-07-08 08:34:50,485 - poweroff_10_20_results - INFO - Free_beacon_averageCollisionNum: 0.0
2024-07-08 08:34:50,485 - poweroff_10_20_results - INFO - Free_beacon_sumCollisionNum: 0
2024-07-08 08:34:50,486 - poweroff_10_20_results - INFO - Find_averageEnhancedSyn: 32.37055270259534
2024-07-08 08:34:50,486 - poweroff_10_20_results - INFO - Find_averageEnhancedDis: 0.0
2024-07-08 08:34:50,486 - poweroff_10_20_results - INFO - Find_averageEnhancedCollisionNum: 1.0
2024-07-08 08:34:50,487 - poweroff_10_20_results - INFO - FlyncFind_averageEnhancedSyn: 17.10497871970461
2024-07-08 08:34:50,487 - poweroff_10_20_results - INFO - FlyncFind_averageEnhancedDis: 0.0
2024-07-08 08:34:50,487 - poweroff_10_20_results - INFO - FlyncFind_averageEnhancedCollisionNum: 1.0
2024-07-08 08:34:50,488 - poweroff_10_20_results - INFO - Pulsar_averageEnhancedSyn: 10.723839376170737
2024-07-08 08:34:50,488 - poweroff_10_20_results - INFO - Pulsar_averageEnhancedDis: 11.520281170542583
2024-07-08 08:34:50,488 - poweroff_10_20_results - INFO - Pulsar_averageEnhancedCollisionNum: 1.0
