2024-07-07 14:41:45,122 - poweroff_10_10_results - INFO - *******************STATIC_TRACE*******************
2024-07-07 14:41:45,123 - poweroff_10_10_results - INFO - Find_averageSyn: 148071.924
2024-07-07 14:41:45,123 - poweroff_10_10_results - INFO - Find_averageDis: 0.0
2024-07-07 14:41:45,123 - poweroff_10_10_results - INFO - Find_averageCollisionNum: 12.2
2024-07-07 14:41:45,123 - poweroff_10_10_results - INFO - Find_sumCollisionNum: 366
2024-07-07 14:41:45,123 - poweroff_10_10_results - INFO - FlyncFind_averageSyn: 151605.232
2024-07-07 14:41:45,123 - poweroff_10_10_results - INFO - FlyncFind_averageDis: 0.0
2024-07-07 14:41:45,123 - poweroff_10_10_results - INFO - FlyncFind_averageCollisionNum: 581.3333333333334
2024-07-07 14:41:45,124 - poweroff_10_10_results - INFO - FlyncFind_sumCollisionNum: 17440
2024-07-07 14:41:45,124 - poweroff_10_10_results - INFO - Pulsar_averageSyn: 31438.292
2024-07-07 14:41:45,124 - poweroff_10_10_results - INFO - Pulsar_averageDis: 122491.6
2024-07-07 14:41:45,124 - poweroff_10_10_results - INFO - Pulsar_averageCollisionNum: 1.2
2024-07-07 14:41:45,124 - poweroff_10_10_results - INFO - Pulsar_sumCollisionNum: 36
2024-07-07 14:41:45,124 - poweroff_10_10_results - INFO - Free_beacon_averageSyn: 1621.9306666666666
2024-07-07 14:41:45,124 - poweroff_10_10_results - INFO - Free_beacon_averageDis: 28390.0
2024-07-07 14:41:45,125 - poweroff_10_10_results - INFO - Free_beacon_averageCollisionNum: 4.533333333333333
2024-07-07 14:41:45,125 - poweroff_10_10_results - INFO - Free_beacon_sumCollisionNum: 136
2024-07-07 14:41:45,125 - poweroff_10_10_results - INFO - Find_averageEnhancedSyn: 91.29362126453412
2024-07-07 14:41:45,125 - poweroff_10_10_results - INFO - Find_averageEnhancedDis: 0.0
2024-07-07 14:41:45,125 - poweroff_10_10_results - INFO - Find_averageEnhancedCollisionNum: 1.0
2024-07-07 14:41:45,126 - poweroff_10_10_results - INFO - FlyncFind_averageEnhancedSyn: 93.47207936549691
2024-07-07 14:41:45,126 - poweroff_10_10_results - INFO - FlyncFind_averageEnhancedDis: 0.0
2024-07-07 14:41:45,126 - poweroff_10_10_results - INFO - FlyncFind_averageEnhancedCollisionNum: 1.0
2024-07-07 14:41:45,127 - poweroff_10_10_results - INFO - Pulsar_averageEnhancedSyn: 19.383252716104593
2024-07-07 14:41:45,127 - poweroff_10_10_results - INFO - Pulsar_averageEnhancedDis: 4.314603733709053
2024-07-07 14:41:45,127 - poweroff_10_10_results - INFO - Pulsar_averageEnhancedCollisionNum: 1.0000000000000002
2024-07-07 15:17:30,532 - poweroff_10_10_results - INFO - *******************COMPLEX_TRACE*******************
2024-07-07 15:17:30,533 - poweroff_10_10_results - INFO - Find_averageSyn: 913012.4533333334
2024-07-07 15:17:30,533 - poweroff_10_10_results - INFO - Find_averageDis: 0.0
2024-07-07 15:17:30,533 - poweroff_10_10_results - INFO - Find_averageCollisionNum: 4.333333333333333
2024-07-07 15:17:30,533 - poweroff_10_10_results - INFO - Find_sumCollisionNum: 130
2024-07-07 15:17:30,534 - poweroff_10_10_results - INFO - FlyncFind_averageSyn: 209960.836
2024-07-07 15:17:30,534 - poweroff_10_10_results - INFO - FlyncFind_averageDis: 0.0
2024-07-07 15:17:30,534 - poweroff_10_10_results - INFO - FlyncFind_averageCollisionNum: 71.0
2024-07-07 15:17:30,534 - poweroff_10_10_results - INFO - FlyncFind_sumCollisionNum: 2130
2024-07-07 15:17:30,534 - poweroff_10_10_results - INFO - Pulsar_averageSyn: 136549.072
2024-07-07 15:17:30,534 - poweroff_10_10_results - INFO - Pulsar_averageDis: 189933.86666666667
2024-07-07 15:17:30,534 - poweroff_10_10_results - INFO - Pulsar_averageCollisionNum: 0.4
2024-07-07 15:17:30,534 - poweroff_10_10_results - INFO - Pulsar_sumCollisionNum: 12
2024-07-07 15:17:30,535 - poweroff_10_10_results - INFO - Free_beacon_averageSyn: 3511.26
2024-07-07 15:17:30,535 - poweroff_10_10_results - INFO - Free_beacon_averageDis: 32981.8
2024-07-07 15:17:30,535 - poweroff_10_10_results - INFO - Free_beacon_averageCollisionNum: 0.5333333333333333
2024-07-07 15:17:30,535 - poweroff_10_10_results - INFO - Free_beacon_sumCollisionNum: 16
2024-07-07 15:17:30,535 - poweroff_10_10_results - INFO - Find_averageEnhancedSyn: 260.0241660638441
2024-07-07 15:17:30,536 - poweroff_10_10_results - INFO - Find_averageEnhancedDis: 0.0
2024-07-07 15:17:30,536 - poweroff_10_10_results - INFO - Find_averageEnhancedCollisionNum: 1.0000000000000002
2024-07-07 15:17:30,536 - poweroff_10_10_results - INFO - FlyncFind_averageEnhancedSyn: 59.79643660680212
2024-07-07 15:17:30,536 - poweroff_10_10_results - INFO - FlyncFind_averageEnhancedDis: 0.0
2024-07-07 15:17:30,537 - poweroff_10_10_results - INFO - FlyncFind_averageEnhancedCollisionNum: 0.9999999999999998
2024-07-07 15:17:30,537 - poweroff_10_10_results - INFO - Pulsar_averageEnhancedSyn: 38.88890939434846
2024-07-07 15:17:30,537 - poweroff_10_10_results - INFO - Pulsar_averageEnhancedDis: 5.758747753811698
2024-07-07 15:17:30,537 - poweroff_10_10_results - INFO - Pulsar_averageEnhancedCollisionNum: 1.0
2024-07-07 16:33:24,007 - poweroff_10_10_results - INFO - *******************STAIRS_TRACE*******************
2024-07-07 16:33:24,007 - poweroff_10_10_results - INFO - Find_averageSyn: 46230.45733333333
2024-07-07 16:33:24,007 - poweroff_10_10_results - INFO - Find_averageDis: 0.0
2024-07-07 16:33:24,007 - poweroff_10_10_results - INFO - Find_averageCollisionNum: 29.333333333333332
2024-07-07 16:33:24,007 - poweroff_10_10_results - INFO - Find_sumCollisionNum: 880
2024-07-07 16:33:24,008 - poweroff_10_10_results - INFO - FlyncFind_averageSyn: 404961.70666666667
2024-07-07 16:33:24,008 - poweroff_10_10_results - INFO - FlyncFind_averageDis: 0.0
2024-07-07 16:33:24,008 - poweroff_10_10_results - INFO - FlyncFind_averageCollisionNum: 5308.0
2024-07-07 16:33:24,008 - poweroff_10_10_results - INFO - FlyncFind_sumCollisionNum: 159240
2024-07-07 16:33:24,008 - poweroff_10_10_results - INFO - Pulsar_averageSyn: 9290.105333333333
2024-07-07 16:33:24,008 - poweroff_10_10_results - INFO - Pulsar_averageDis: 69789.36666666667
2024-07-07 16:33:24,008 - poweroff_10_10_results - INFO - Pulsar_averageCollisionNum: 2.6666666666666665
2024-07-07 16:33:24,008 - poweroff_10_10_results - INFO - Pulsar_sumCollisionNum: 80
2024-07-07 16:33:24,009 - poweroff_10_10_results - INFO - Free_beacon_averageSyn: 145.06
2024-07-07 16:33:24,009 - poweroff_10_10_results - INFO - Free_beacon_averageDis: 12119.666666666666
2024-07-07 16:33:24,009 - poweroff_10_10_results - INFO - Free_beacon_averageCollisionNum: 1.6666666666666667
2024-07-07 16:33:24,009 - poweroff_10_10_results - INFO - Free_beacon_sumCollisionNum: 50
2024-07-07 16:33:24,009 - poweroff_10_10_results - INFO - Find_averageEnhancedSyn: 318.69886483753845
2024-07-07 16:33:24,010 - poweroff_10_10_results - INFO - Find_averageEnhancedDis: 0.0
2024-07-07 16:33:24,010 - poweroff_10_10_results - INFO - Find_averageEnhancedCollisionNum: 0.9999999999999998
2024-07-07 16:33:24,010 - poweroff_10_10_results - INFO - FlyncFind_averageEnhancedSyn: 2791.6841766625303
2024-07-07 16:33:24,010 - poweroff_10_10_results - INFO - FlyncFind_averageEnhancedDis: 0.0
2024-07-07 16:33:24,011 - poweroff_10_10_results - INFO - FlyncFind_averageEnhancedCollisionNum: 0.9999999999999999
2024-07-07 16:33:24,011 - poweroff_10_10_results - INFO - Pulsar_averageEnhancedSyn: 64.04319132313066
2024-07-07 16:33:24,011 - poweroff_10_10_results - INFO - Pulsar_averageEnhancedDis: 5.758356940509915
2024-07-07 16:33:24,011 - poweroff_10_10_results - INFO - Pulsar_averageEnhancedCollisionNum: 1.0
2024-07-07 21:12:35,586 - poweroff_10_10_results - INFO - *******************CARS_TRACE*******************
2024-07-07 21:12:35,587 - poweroff_10_10_results - INFO - Find_averageSyn: 164729746.968
2024-07-07 21:12:35,587 - poweroff_10_10_results - INFO - Find_averageDis: 0.0
2024-07-07 21:12:35,587 - poweroff_10_10_results - INFO - Find_averageCollisionNum: 0.2
2024-07-07 21:12:35,587 - poweroff_10_10_results - INFO - Find_sumCollisionNum: 6
2024-07-07 21:12:35,587 - poweroff_10_10_results - INFO - FlyncFind_averageSyn: 15456255.693333333
2024-07-07 21:12:35,587 - poweroff_10_10_results - INFO - FlyncFind_averageDis: 0.0
2024-07-07 21:12:35,587 - poweroff_10_10_results - INFO - FlyncFind_averageCollisionNum: 4.133333333333334
2024-07-07 21:12:35,587 - poweroff_10_10_results - INFO - FlyncFind_sumCollisionNum: 124
2024-07-07 21:12:35,587 - poweroff_10_10_results - INFO - Pulsar_averageSyn: 3063910.520666667
2024-07-07 21:12:35,588 - poweroff_10_10_results - INFO - Pulsar_averageDis: 1798915.5
2024-07-07 21:12:35,588 - poweroff_10_10_results - INFO - Pulsar_averageCollisionNum: 0.0
2024-07-07 21:12:35,588 - poweroff_10_10_results - INFO - Pulsar_sumCollisionNum: 0
2024-07-07 21:12:35,588 - poweroff_10_10_results - INFO - Free_beacon_averageSyn: 514060.7326666667
2024-07-07 21:12:35,588 - poweroff_10_10_results - INFO - Free_beacon_averageDis: 674269.9333333333
2024-07-07 21:12:35,588 - poweroff_10_10_results - INFO - Free_beacon_averageCollisionNum: 0.0
2024-07-07 21:12:35,588 - poweroff_10_10_results - INFO - Free_beacon_sumCollisionNum: 0
2024-07-07 21:12:35,589 - poweroff_10_10_results - INFO - Find_averageEnhancedSyn: 320.4480258849415
2024-07-07 21:12:35,589 - poweroff_10_10_results - INFO - Find_averageEnhancedDis: 0.0
2024-07-07 21:12:35,589 - poweroff_10_10_results - INFO - Find_averageEnhancedCollisionNum: 1.0
2024-07-07 21:12:35,589 - poweroff_10_10_results - INFO - FlyncFind_averageEnhancedSyn: 30.066983745587237
2024-07-07 21:12:35,590 - poweroff_10_10_results - INFO - FlyncFind_averageEnhancedDis: 0.0
2024-07-07 21:12:35,590 - poweroff_10_10_results - INFO - FlyncFind_averageEnhancedCollisionNum: 1.0
2024-07-07 21:12:35,590 - poweroff_10_10_results - INFO - Pulsar_averageEnhancedSyn: 5.960211169549501
2024-07-07 21:12:35,590 - poweroff_10_10_results - INFO - Pulsar_averageEnhancedDis: 2.667945597257834
2024-07-07 21:12:35,590 - poweroff_10_10_results - INFO - Pulsar_averageEnhancedCollisionNum: 0.0
2024-07-07 21:58:00,040 - poweroff_10_10_results - INFO - *******************JOGGING_TRACE*******************
2024-07-07 21:58:00,041 - poweroff_10_10_results - INFO - Find_averageSyn: 1559563.2186666667
2024-07-07 21:58:00,041 - poweroff_10_10_results - INFO - Find_averageDis: 0.0
2024-07-07 21:58:00,041 - poweroff_10_10_results - INFO - Find_averageCollisionNum: 4.0
2024-07-07 21:58:00,041 - poweroff_10_10_results - INFO - Find_sumCollisionNum: 120
2024-07-07 21:58:00,041 - poweroff_10_10_results - INFO - FlyncFind_averageSyn: 353181.85333333333
2024-07-07 21:58:00,041 - poweroff_10_10_results - INFO - FlyncFind_averageDis: 0.0
2024-07-07 21:58:00,041 - poweroff_10_10_results - INFO - FlyncFind_averageCollisionNum: 48.0
2024-07-07 21:58:00,041 - poweroff_10_10_results - INFO - FlyncFind_sumCollisionNum: 1440
2024-07-07 21:58:00,042 - poweroff_10_10_results - INFO - Pulsar_averageSyn: 263426.0806666667
2024-07-07 21:58:00,042 - poweroff_10_10_results - INFO - Pulsar_averageDis: 256277.6
2024-07-07 21:58:00,042 - poweroff_10_10_results - INFO - Pulsar_averageCollisionNum: 0.1
2024-07-07 21:58:00,042 - poweroff_10_10_results - INFO - Pulsar_sumCollisionNum: 3
2024-07-07 21:58:00,042 - poweroff_10_10_results - INFO - Free_beacon_averageSyn: 6678.448
2024-07-07 21:58:00,042 - poweroff_10_10_results - INFO - Free_beacon_averageDis: 44252.3
2024-07-07 21:58:00,042 - poweroff_10_10_results - INFO - Free_beacon_averageCollisionNum: 0.7
2024-07-07 21:58:00,042 - poweroff_10_10_results - INFO - Free_beacon_sumCollisionNum: 21
2024-07-07 21:58:00,043 - poweroff_10_10_results - INFO - Find_averageEnhancedSyn: 233.52180306961537
2024-07-07 21:58:00,043 - poweroff_10_10_results - INFO - Find_averageEnhancedDis: 0.0
2024-07-07 21:58:00,043 - poweroff_10_10_results - INFO - Find_averageEnhancedCollisionNum: 1.0
2024-07-07 21:58:00,044 - poweroff_10_10_results - INFO - FlyncFind_averageEnhancedSyn: 52.8838217102736
2024-07-07 21:58:00,044 - poweroff_10_10_results - INFO - FlyncFind_averageEnhancedDis: 0.0
2024-07-07 21:58:00,044 - poweroff_10_10_results - INFO - FlyncFind_averageEnhancedCollisionNum: 1.0
2024-07-07 21:58:00,044 - poweroff_10_10_results - INFO - Pulsar_averageEnhancedSyn: 39.44420629862906
2024-07-07 21:58:00,044 - poweroff_10_10_results - INFO - Pulsar_averageEnhancedDis: 5.791283164942839
2024-07-07 21:58:00,045 - poweroff_10_10_results - INFO - Pulsar_averageEnhancedCollisionNum: 1.0
2024-07-07 22:23:23,994 - poweroff_10_10_results - INFO - *******************OFFICE_TRACE*******************
2024-07-07 22:23:23,994 - poweroff_10_10_results - INFO - Find_averageSyn: 280437.064
2024-07-07 22:23:23,994 - poweroff_10_10_results - INFO - Find_averageDis: 0.0
2024-07-07 22:23:23,994 - poweroff_10_10_results - INFO - Find_averageCollisionNum: 8.266666666666667
2024-07-07 22:23:23,994 - poweroff_10_10_results - INFO - Find_sumCollisionNum: 248
2024-07-07 22:23:23,994 - poweroff_10_10_results - INFO - FlyncFind_averageSyn: 130751.45333333334
2024-07-07 22:23:23,995 - poweroff_10_10_results - INFO - FlyncFind_averageDis: 0.0
2024-07-07 22:23:23,995 - poweroff_10_10_results - INFO - FlyncFind_averageCollisionNum: 208.2
2024-07-07 22:23:23,995 - poweroff_10_10_results - INFO - FlyncFind_sumCollisionNum: 6246
2024-07-07 22:23:23,995 - poweroff_10_10_results - INFO - Pulsar_averageSyn: 45128.69066666667
2024-07-07 22:23:23,995 - poweroff_10_10_results - INFO - Pulsar_averageDis: 119790.6
2024-07-07 22:23:23,995 - poweroff_10_10_results - INFO - Pulsar_averageCollisionNum: 0.8666666666666667
2024-07-07 22:23:23,995 - poweroff_10_10_results - INFO - Pulsar_sumCollisionNum: 26
2024-07-07 22:23:23,995 - poweroff_10_10_results - INFO - Free_beacon_averageSyn: 1576.96
2024-07-07 22:23:23,995 - poweroff_10_10_results - INFO - Free_beacon_averageDis: 16654.1
2024-07-07 22:23:23,995 - poweroff_10_10_results - INFO - Free_beacon_averageCollisionNum: 1.0666666666666667
2024-07-07 22:23:23,995 - poweroff_10_10_results - INFO - Free_beacon_sumCollisionNum: 32
2024-07-07 22:23:23,996 - poweroff_10_10_results - INFO - Find_averageEnhancedSyn: 177.8339742288961
2024-07-07 22:23:23,996 - poweroff_10_10_results - INFO - Find_averageEnhancedDis: 0.0
2024-07-07 22:23:23,996 - poweroff_10_10_results - INFO - Find_averageEnhancedCollisionNum: 1.0000000000000002
2024-07-07 22:23:23,996 - poweroff_10_10_results - INFO - FlyncFind_averageEnhancedSyn: 82.91361438041126
2024-07-07 22:23:23,997 - poweroff_10_10_results - INFO - FlyncFind_averageEnhancedDis: 0.0
2024-07-07 22:23:23,997 - poweroff_10_10_results - INFO - FlyncFind_averageEnhancedCollisionNum: 1.0000000000000002
2024-07-07 22:23:23,997 - poweroff_10_10_results - INFO - Pulsar_averageEnhancedSyn: 28.617524012445887
2024-07-07 22:23:23,997 - poweroff_10_10_results - INFO - Pulsar_averageEnhancedDis: 7.192859415999664
2024-07-07 22:23:23,997 - poweroff_10_10_results - INFO - Pulsar_averageEnhancedCollisionNum: 0.9999999999999998
2024-07-07 23:19:44,302 - poweroff_10_10_results - INFO - *******************WASHER_TRACE*******************
2024-07-07 23:19:44,303 - poweroff_10_10_results - INFO - Find_averageSyn: 7328473.949333333
2024-07-07 23:19:44,303 - poweroff_10_10_results - INFO - Find_averageDis: 0.0
2024-07-07 23:19:44,303 - poweroff_10_10_results - INFO - Find_averageCollisionNum: 4.133333333333334
2024-07-07 23:19:44,303 - poweroff_10_10_results - INFO - Find_sumCollisionNum: 124
2024-07-07 23:19:44,303 - poweroff_10_10_results - INFO - FlyncFind_averageSyn: 3971417.5866666664
2024-07-07 23:19:44,303 - poweroff_10_10_results - INFO - FlyncFind_averageDis: 0.0
2024-07-07 23:19:44,304 - poweroff_10_10_results - INFO - FlyncFind_averageCollisionNum: 17.933333333333334
2024-07-07 23:19:44,304 - poweroff_10_10_results - INFO - FlyncFind_sumCollisionNum: 538
2024-07-07 23:19:44,304 - poweroff_10_10_results - INFO - Pulsar_averageSyn: 2363305.3026666665
2024-07-07 23:19:44,304 - poweroff_10_10_results - INFO - Pulsar_averageDis: 2427315.0
2024-07-07 23:19:44,304 - poweroff_10_10_results - INFO - Pulsar_averageCollisionNum: 0.0
2024-07-07 23:19:44,304 - poweroff_10_10_results - INFO - Pulsar_sumCollisionNum: 0
2024-07-07 23:19:44,304 - poweroff_10_10_results - INFO - Free_beacon_averageSyn: 215635.968
2024-07-07 23:19:44,304 - poweroff_10_10_results - INFO - Free_beacon_averageDis: 193033.06666666668
2024-07-07 23:19:44,304 - poweroff_10_10_results - INFO - Free_beacon_averageCollisionNum: 0.1
2024-07-07 23:19:44,305 - poweroff_10_10_results - INFO - Free_beacon_sumCollisionNum: 3
2024-07-07 23:19:44,305 - poweroff_10_10_results - INFO - Find_averageEnhancedSyn: 33.985396857973775
2024-07-07 23:19:44,305 - poweroff_10_10_results - INFO - Find_averageEnhancedDis: 0.0
2024-07-07 23:19:44,305 - poweroff_10_10_results - INFO - Find_averageEnhancedCollisionNum: 1.0000000000000002
2024-07-07 23:19:44,306 - poweroff_10_10_results - INFO - FlyncFind_averageEnhancedSyn: 18.417231705364973
2024-07-07 23:19:44,306 - poweroff_10_10_results - INFO - FlyncFind_averageEnhancedDis: 0.0
2024-07-07 23:19:44,306 - poweroff_10_10_results - INFO - FlyncFind_averageEnhancedCollisionNum: 0.9999999999999998
2024-07-07 23:19:44,307 - poweroff_10_10_results - INFO - Pulsar_averageEnhancedSyn: 10.959698999132957
2024-07-07 23:19:44,307 - poweroff_10_10_results - INFO - Pulsar_averageEnhancedDis: 12.574607252090832
2024-07-07 23:19:44,307 - poweroff_10_10_results - INFO - Pulsar_averageEnhancedCollisionNum: 0.0
