2024-06-23 00:14:47,956 - no_poweroff_30_general_2_results - INFO - *******************STATIC_TRACE*******************
2024-06-23 00:14:47,957 - no_poweroff_30_general_2_results - INFO - Find_averageSyn: 12013.44
2024-06-23 00:14:47,957 - no_poweroff_30_general_2_results - INFO - Find_averageDis: 0.0
2024-06-23 00:14:47,957 - no_poweroff_30_general_2_results - INFO - Find_averageCollisionNum: 0.0
2024-06-23 00:14:47,957 - no_poweroff_30_general_2_results - INFO - Find_sumCollisionNum: 0
2024-06-23 00:14:47,957 - no_poweroff_30_general_2_results - INFO - FlyncFind_averageSyn: 2434.6
2024-06-23 00:14:47,957 - no_poweroff_30_general_2_results - INFO - FlyncFind_averageDis: 0.0
2024-06-23 00:14:47,957 - no_poweroff_30_general_2_results - INFO - FlyncFind_averageCollisionNum: 0.0
2024-06-23 00:14:47,958 - no_poweroff_30_general_2_results - INFO - FlyncFind_sumCollisionNum: 0
2024-06-23 00:14:47,958 - no_poweroff_30_general_2_results - INFO - Pulsar_averageSyn: 42716.3
2024-06-23 00:14:47,958 - no_poweroff_30_general_2_results - INFO - Pulsar_averageDis: 397.5
2024-06-23 00:14:47,958 - no_poweroff_30_general_2_results - INFO - Pulsar_averageCollisionNum: 0.0
2024-06-23 00:14:47,958 - no_poweroff_30_general_2_results - INFO - Pulsar_sumCollisionNum: 0
2024-06-23 00:14:47,958 - no_poweroff_30_general_2_results - INFO - Free_beacon_averageSyn: 3571.2
2024-06-23 00:14:47,958 - no_poweroff_30_general_2_results - INFO - Free_beacon_averageDis: 1607.5
2024-06-23 00:14:47,958 - no_poweroff_30_general_2_results - INFO - Free_beacon_averageCollisionNum: 0.0
2024-06-23 00:14:47,958 - no_poweroff_30_general_2_results - INFO - Free_beacon_sumCollisionNum: 0
2024-06-23 00:14:47,958 - no_poweroff_30_general_2_results - INFO - Find_averageEnhancedSyn: 3.363978494623656
2024-06-23 00:14:47,959 - no_poweroff_30_general_2_results - INFO - Find_averageEnhancedDis: 0.0
2024-06-23 00:14:47,959 - no_poweroff_30_general_2_results - INFO - Find_averageEnhancedCollisionNum: 0.0
2024-06-23 00:14:47,959 - no_poweroff_30_general_2_results - INFO - FlyncFind_averageEnhancedSyn: 0.6817316308243727
2024-06-23 00:14:47,959 - no_poweroff_30_general_2_results - INFO - FlyncFind_averageEnhancedDis: 0.0
2024-06-23 00:14:47,959 - no_poweroff_30_general_2_results - INFO - FlyncFind_averageEnhancedCollisionNum: 0.0
2024-06-23 00:14:47,959 - no_poweroff_30_general_2_results - INFO - Pulsar_averageEnhancedSyn: 11.961329525089607
2024-06-23 00:14:47,959 - no_poweroff_30_general_2_results - INFO - Pulsar_averageEnhancedDis: 0.24727838258164853
2024-06-23 00:14:47,960 - no_poweroff_30_general_2_results - INFO - Pulsar_averageEnhancedCollisionNum: 0.0
2024-06-23 00:14:56,772 - no_poweroff_30_general_2_results - INFO - *******************COMPLEX_TRACE*******************
2024-06-23 00:14:56,772 - no_poweroff_30_general_2_results - INFO - Find_averageSyn: 104300.44
2024-06-23 00:14:56,772 - no_poweroff_30_general_2_results - INFO - Find_averageDis: 0.0
2024-06-23 00:14:56,772 - no_poweroff_30_general_2_results - INFO - Find_averageCollisionNum: 0.0
2024-06-23 00:14:56,772 - no_poweroff_30_general_2_results - INFO - Find_sumCollisionNum: 0
2024-06-23 00:14:56,772 - no_poweroff_30_general_2_results - INFO - FlyncFind_averageSyn: 7119.2
2024-06-23 00:14:56,773 - no_poweroff_30_general_2_results - INFO - FlyncFind_averageDis: 0.0
2024-06-23 00:14:56,773 - no_poweroff_30_general_2_results - INFO - FlyncFind_averageCollisionNum: 0.0
2024-06-23 00:14:56,773 - no_poweroff_30_general_2_results - INFO - FlyncFind_sumCollisionNum: 0
2024-06-23 00:14:56,773 - no_poweroff_30_general_2_results - INFO - Pulsar_averageSyn: 28908.26
2024-06-23 00:14:56,773 - no_poweroff_30_general_2_results - INFO - Pulsar_averageDis: 1139.5
2024-06-23 00:14:56,773 - no_poweroff_30_general_2_results - INFO - Pulsar_averageCollisionNum: 0.0
2024-06-23 00:14:56,773 - no_poweroff_30_general_2_results - INFO - Pulsar_sumCollisionNum: 0
2024-06-23 00:14:56,773 - no_poweroff_30_general_2_results - INFO - Free_beacon_averageSyn: 2366.2
2024-06-23 00:14:56,773 - no_poweroff_30_general_2_results - INFO - Free_beacon_averageDis: 2085.5
2024-06-23 00:14:56,773 - no_poweroff_30_general_2_results - INFO - Free_beacon_averageCollisionNum: 0.0
2024-06-23 00:14:56,774 - no_poweroff_30_general_2_results - INFO - Free_beacon_sumCollisionNum: 0
2024-06-23 00:14:56,774 - no_poweroff_30_general_2_results - INFO - Find_averageEnhancedSyn: 44.07930014369031
2024-06-23 00:14:56,774 - no_poweroff_30_general_2_results - INFO - Find_averageEnhancedDis: 0.0
2024-06-23 00:14:56,774 - no_poweroff_30_general_2_results - INFO - Find_averageEnhancedCollisionNum: 0.0
2024-06-23 00:14:56,774 - no_poweroff_30_general_2_results - INFO - FlyncFind_averageEnhancedSyn: 3.0087059420167357
2024-06-23 00:14:56,774 - no_poweroff_30_general_2_results - INFO - FlyncFind_averageEnhancedDis: 0.0
2024-06-23 00:14:56,774 - no_poweroff_30_general_2_results - INFO - FlyncFind_averageEnhancedCollisionNum: 0.0
2024-06-23 00:14:56,775 - no_poweroff_30_general_2_results - INFO - Pulsar_averageEnhancedSyn: 12.21716676527766
2024-06-23 00:14:56,775 - no_poweroff_30_general_2_results - INFO - Pulsar_averageEnhancedDis: 0.5463917525773195
2024-06-23 00:14:56,775 - no_poweroff_30_general_2_results - INFO - Pulsar_averageEnhancedCollisionNum: 0.0
2024-06-23 00:14:59,224 - no_poweroff_30_general_2_results - INFO - *******************STAIRS_TRACE*******************
2024-06-23 00:14:59,224 - no_poweroff_30_general_2_results - INFO - Find_averageSyn: 3950.34
2024-06-23 00:14:59,224 - no_poweroff_30_general_2_results - INFO - Find_averageDis: 0.0
2024-06-23 00:14:59,224 - no_poweroff_30_general_2_results - INFO - Find_averageCollisionNum: 0.0
2024-06-23 00:14:59,225 - no_poweroff_30_general_2_results - INFO - Find_sumCollisionNum: 0
2024-06-23 00:14:59,225 - no_poweroff_30_general_2_results - INFO - FlyncFind_averageSyn: 1522.6
2024-06-23 00:14:59,225 - no_poweroff_30_general_2_results - INFO - FlyncFind_averageDis: 0.0
2024-06-23 00:14:59,225 - no_poweroff_30_general_2_results - INFO - FlyncFind_averageCollisionNum: 0.0
2024-06-23 00:14:59,225 - no_poweroff_30_general_2_results - INFO - FlyncFind_sumCollisionNum: 0
2024-06-23 00:14:59,225 - no_poweroff_30_general_2_results - INFO - Pulsar_averageSyn: 3785.96
2024-06-23 00:14:59,225 - no_poweroff_30_general_2_results - INFO - Pulsar_averageDis: 395.0
2024-06-23 00:14:59,225 - no_poweroff_30_general_2_results - INFO - Pulsar_averageCollisionNum: 0.0
2024-06-23 00:14:59,225 - no_poweroff_30_general_2_results - INFO - Pulsar_sumCollisionNum: 0
2024-06-23 00:14:59,225 - no_poweroff_30_general_2_results - INFO - Free_beacon_averageSyn: 1199.8
2024-06-23 00:14:59,225 - no_poweroff_30_general_2_results - INFO - Free_beacon_averageDis: 480.5
2024-06-23 00:14:59,226 - no_poweroff_30_general_2_results - INFO - Free_beacon_averageCollisionNum: 0.0
2024-06-23 00:14:59,226 - no_poweroff_30_general_2_results - INFO - Free_beacon_sumCollisionNum: 0
2024-06-23 00:14:59,226 - no_poweroff_30_general_2_results - INFO - Find_averageEnhancedSyn: 3.292498749791632
2024-06-23 00:14:59,226 - no_poweroff_30_general_2_results - INFO - Find_averageEnhancedDis: 0.0
2024-06-23 00:14:59,226 - no_poweroff_30_general_2_results - INFO - Find_averageEnhancedCollisionNum: 0.0
2024-06-23 00:14:59,226 - no_poweroff_30_general_2_results - INFO - FlyncFind_averageEnhancedSyn: 1.2690448408068011
2024-06-23 00:14:59,226 - no_poweroff_30_general_2_results - INFO - FlyncFind_averageEnhancedDis: 0.0
2024-06-23 00:14:59,227 - no_poweroff_30_general_2_results - INFO - FlyncFind_averageEnhancedCollisionNum: 0.0
2024-06-23 00:14:59,227 - no_poweroff_30_general_2_results - INFO - Pulsar_averageEnhancedSyn: 3.155492582097016
2024-06-23 00:14:59,227 - no_poweroff_30_general_2_results - INFO - Pulsar_averageEnhancedDis: 0.8220603537981269
2024-06-23 00:14:59,227 - no_poweroff_30_general_2_results - INFO - Pulsar_averageEnhancedCollisionNum: 0.0
2024-06-23 00:15:53,206 - no_poweroff_30_general_2_results - INFO - *******************CARS_TRACE*******************
2024-06-23 00:15:53,207 - no_poweroff_30_general_2_results - INFO - Find_averageSyn: 13817627.26
2024-06-23 00:15:53,207 - no_poweroff_30_general_2_results - INFO - Find_averageDis: 0.0
2024-06-23 00:15:53,207 - no_poweroff_30_general_2_results - INFO - Find_averageCollisionNum: 0.0
2024-06-23 00:15:53,207 - no_poweroff_30_general_2_results - INFO - Find_sumCollisionNum: 0
2024-06-23 00:15:53,207 - no_poweroff_30_general_2_results - INFO - FlyncFind_averageSyn: 1864729.6
2024-06-23 00:15:53,207 - no_poweroff_30_general_2_results - INFO - FlyncFind_averageDis: 0.0
2024-06-23 00:15:53,207 - no_poweroff_30_general_2_results - INFO - FlyncFind_averageCollisionNum: 0.0
2024-06-23 00:15:53,207 - no_poweroff_30_general_2_results - INFO - FlyncFind_sumCollisionNum: 0
2024-06-23 00:15:53,208 - no_poweroff_30_general_2_results - INFO - Pulsar_averageSyn: 2408694.38
2024-06-23 00:15:53,208 - no_poweroff_30_general_2_results - INFO - Pulsar_averageDis: 12611.0
2024-06-23 00:15:53,208 - no_poweroff_30_general_2_results - INFO - Pulsar_averageCollisionNum: 0.0
2024-06-23 00:15:53,208 - no_poweroff_30_general_2_results - INFO - Pulsar_sumCollisionNum: 0
2024-06-23 00:15:53,208 - no_poweroff_30_general_2_results - INFO - Free_beacon_averageSyn: 615116.8
2024-06-23 00:15:53,208 - no_poweroff_30_general_2_results - INFO - Free_beacon_averageDis: 65100.5
2024-06-23 00:15:53,208 - no_poweroff_30_general_2_results - INFO - Free_beacon_averageCollisionNum: 0.0
2024-06-23 00:15:53,208 - no_poweroff_30_general_2_results - INFO - Free_beacon_sumCollisionNum: 0
2024-06-23 00:15:53,208 - no_poweroff_30_general_2_results - INFO - Find_averageEnhancedSyn: 22.463420378048525
2024-06-23 00:15:53,209 - no_poweroff_30_general_2_results - INFO - Find_averageEnhancedDis: 0.0
2024-06-23 00:15:53,209 - no_poweroff_30_general_2_results - INFO - Find_averageEnhancedCollisionNum: 0.0
2024-06-23 00:15:53,209 - no_poweroff_30_general_2_results - INFO - FlyncFind_averageEnhancedSyn: 3.03150491093724
2024-06-23 00:15:53,209 - no_poweroff_30_general_2_results - INFO - FlyncFind_averageEnhancedDis: 0.0
2024-06-23 00:15:53,209 - no_poweroff_30_general_2_results - INFO - FlyncFind_averageEnhancedCollisionNum: 0.0
2024-06-23 00:15:53,209 - no_poweroff_30_general_2_results - INFO - Pulsar_averageEnhancedSyn: 3.915832537820459
2024-06-23 00:15:53,209 - no_poweroff_30_general_2_results - INFO - Pulsar_averageEnhancedDis: 0.19371587007780278
2024-06-23 00:15:53,210 - no_poweroff_30_general_2_results - INFO - Pulsar_averageEnhancedCollisionNum: 0.0
2024-06-23 00:16:03,345 - no_poweroff_30_general_2_results - INFO - *******************JOGGING_TRACE*******************
2024-06-23 00:16:03,345 - no_poweroff_30_general_2_results - INFO - Find_averageSyn: 196373.78
2024-06-23 00:16:03,346 - no_poweroff_30_general_2_results - INFO - Find_averageDis: 0.0
2024-06-23 00:16:03,346 - no_poweroff_30_general_2_results - INFO - Find_averageCollisionNum: 0.0
2024-06-23 00:16:03,346 - no_poweroff_30_general_2_results - INFO - Find_sumCollisionNum: 0
2024-06-23 00:16:03,346 - no_poweroff_30_general_2_results - INFO - FlyncFind_averageSyn: 27077.0
2024-06-23 00:16:03,346 - no_poweroff_30_general_2_results - INFO - FlyncFind_averageDis: 0.0
2024-06-23 00:16:03,346 - no_poweroff_30_general_2_results - INFO - FlyncFind_averageCollisionNum: 0.0
2024-06-23 00:16:03,346 - no_poweroff_30_general_2_results - INFO - FlyncFind_sumCollisionNum: 0
2024-06-23 00:16:03,346 - no_poweroff_30_general_2_results - INFO - Pulsar_averageSyn: 77474.66
2024-06-23 00:16:03,346 - no_poweroff_30_general_2_results - INFO - Pulsar_averageDis: 3056.5
2024-06-23 00:16:03,346 - no_poweroff_30_general_2_results - INFO - Pulsar_averageCollisionNum: 0.0
2024-06-23 00:16:03,347 - no_poweroff_30_general_2_results - INFO - Pulsar_sumCollisionNum: 0
2024-06-23 00:16:03,347 - no_poweroff_30_general_2_results - INFO - Free_beacon_averageSyn: 9084.4
2024-06-23 00:16:03,347 - no_poweroff_30_general_2_results - INFO - Free_beacon_averageDis: 16260.5
2024-06-23 00:16:03,347 - no_poweroff_30_general_2_results - INFO - Free_beacon_averageCollisionNum: 0.0
2024-06-23 00:16:03,347 - no_poweroff_30_general_2_results - INFO - Free_beacon_sumCollisionNum: 0
2024-06-23 00:16:03,347 - no_poweroff_30_general_2_results - INFO - Find_averageEnhancedSyn: 21.616593280789047
2024-06-23 00:16:03,347 - no_poweroff_30_general_2_results - INFO - Find_averageEnhancedDis: 0.0
2024-06-23 00:16:03,347 - no_poweroff_30_general_2_results - INFO - Find_averageEnhancedCollisionNum: 0.0
2024-06-23 00:16:03,348 - no_poweroff_30_general_2_results - INFO - FlyncFind_averageEnhancedSyn: 2.980604112544582
2024-06-23 00:16:03,348 - no_poweroff_30_general_2_results - INFO - FlyncFind_averageEnhancedDis: 0.0
2024-06-23 00:16:03,348 - no_poweroff_30_general_2_results - INFO - FlyncFind_averageEnhancedCollisionNum: 0.0
2024-06-23 00:16:03,348 - no_poweroff_30_general_2_results - INFO - Pulsar_averageEnhancedSyn: 8.528318876315442
2024-06-23 00:16:03,348 - no_poweroff_30_general_2_results - INFO - Pulsar_averageEnhancedDis: 0.1879708496048707
2024-06-23 00:16:03,348 - no_poweroff_30_general_2_results - INFO - Pulsar_averageEnhancedCollisionNum: 0.0
2024-06-23 00:16:08,467 - no_poweroff_30_general_2_results - INFO - *******************OFFICE_TRACE*******************
2024-06-23 00:16:08,467 - no_poweroff_30_general_2_results - INFO - Find_averageSyn: 31535.66
2024-06-23 00:16:08,467 - no_poweroff_30_general_2_results - INFO - Find_averageDis: 0.0
2024-06-23 00:16:08,467 - no_poweroff_30_general_2_results - INFO - Find_averageCollisionNum: 0.0
2024-06-23 00:16:08,467 - no_poweroff_30_general_2_results - INFO - Find_sumCollisionNum: 0
2024-06-23 00:16:08,467 - no_poweroff_30_general_2_results - INFO - FlyncFind_averageSyn: 4346.0
2024-06-23 00:16:08,467 - no_poweroff_30_general_2_results - INFO - FlyncFind_averageDis: 0.0
2024-06-23 00:16:08,467 - no_poweroff_30_general_2_results - INFO - FlyncFind_averageCollisionNum: 0.0
2024-06-23 00:16:08,468 - no_poweroff_30_general_2_results - INFO - FlyncFind_sumCollisionNum: 0
2024-06-23 00:16:08,468 - no_poweroff_30_general_2_results - INFO - Pulsar_averageSyn: 12486.02
2024-06-23 00:16:08,468 - no_poweroff_30_general_2_results - INFO - Pulsar_averageDis: 810.5
2024-06-23 00:16:08,468 - no_poweroff_30_general_2_results - INFO - Pulsar_averageCollisionNum: 0.0
2024-06-23 00:16:08,468 - no_poweroff_30_general_2_results - INFO - Pulsar_sumCollisionNum: 0
2024-06-23 00:16:08,468 - no_poweroff_30_general_2_results - INFO - Free_beacon_averageSyn: 1775.8
2024-06-23 00:16:08,468 - no_poweroff_30_general_2_results - INFO - Free_beacon_averageDis: 1215.5
2024-06-23 00:16:08,468 - no_poweroff_30_general_2_results - INFO - Free_beacon_averageCollisionNum: 0.0
2024-06-23 00:16:08,468 - no_poweroff_30_general_2_results - INFO - Free_beacon_sumCollisionNum: 0
2024-06-23 00:16:08,469 - no_poweroff_30_general_2_results - INFO - Find_averageEnhancedSyn: 17.758565153733528
2024-06-23 00:16:08,469 - no_poweroff_30_general_2_results - INFO - Find_averageEnhancedDis: 0.0
2024-06-23 00:16:08,469 - no_poweroff_30_general_2_results - INFO - Find_averageEnhancedCollisionNum: 0.0
2024-06-23 00:16:08,469 - no_poweroff_30_general_2_results - INFO - FlyncFind_averageEnhancedSyn: 2.447347674287645
2024-06-23 00:16:08,469 - no_poweroff_30_general_2_results - INFO - FlyncFind_averageEnhancedDis: 0.0
2024-06-23 00:16:08,469 - no_poweroff_30_general_2_results - INFO - FlyncFind_averageEnhancedCollisionNum: 0.0
2024-06-23 00:16:08,469 - no_poweroff_30_general_2_results - INFO - Pulsar_averageEnhancedSyn: 7.031208469422233
2024-06-23 00:16:08,470 - no_poweroff_30_general_2_results - INFO - Pulsar_averageEnhancedDis: 0.6668037844508433
2024-06-23 00:16:08,470 - no_poweroff_30_general_2_results - INFO - Pulsar_averageEnhancedCollisionNum: 0.0
2024-06-23 00:16:33,077 - no_poweroff_30_general_2_results - INFO - *******************WASHER_TRACE*******************
2024-06-23 00:16:33,077 - no_poweroff_30_general_2_results - INFO - Find_averageSyn: 2988432.62
2024-06-23 00:16:33,077 - no_poweroff_30_general_2_results - INFO - Find_averageDis: 0.0
2024-06-23 00:16:33,077 - no_poweroff_30_general_2_results - INFO - Find_averageCollisionNum: 0.0
2024-06-23 00:16:33,078 - no_poweroff_30_general_2_results - INFO - Find_sumCollisionNum: 0
2024-06-23 00:16:33,078 - no_poweroff_30_general_2_results - INFO - FlyncFind_averageSyn: 463168.6
2024-06-23 00:16:33,078 - no_poweroff_30_general_2_results - INFO - FlyncFind_averageDis: 0.0
2024-06-23 00:16:33,078 - no_poweroff_30_general_2_results - INFO - FlyncFind_averageCollisionNum: 0.0
2024-06-23 00:16:33,078 - no_poweroff_30_general_2_results - INFO - FlyncFind_sumCollisionNum: 0
2024-06-23 00:16:33,078 - no_poweroff_30_general_2_results - INFO - Pulsar_averageSyn: 2072448.02
2024-06-23 00:16:33,078 - no_poweroff_30_general_2_results - INFO - Pulsar_averageDis: 10776.5
2024-06-23 00:16:33,078 - no_poweroff_30_general_2_results - INFO - Pulsar_averageCollisionNum: 0.0
2024-06-23 00:16:33,078 - no_poweroff_30_general_2_results - INFO - Pulsar_sumCollisionNum: 0
2024-06-23 00:16:33,078 - no_poweroff_30_general_2_results - INFO - Free_beacon_averageSyn: 243114.4
2024-06-23 00:16:33,079 - no_poweroff_30_general_2_results - INFO - Free_beacon_averageDis: 94230.5
2024-06-23 00:16:33,079 - no_poweroff_30_general_2_results - INFO - Free_beacon_averageCollisionNum: 0.0
2024-06-23 00:16:33,079 - no_poweroff_30_general_2_results - INFO - Free_beacon_sumCollisionNum: 0
2024-06-23 00:16:33,079 - no_poweroff_30_general_2_results - INFO - Find_averageEnhancedSyn: 12.29228963812921
2024-06-23 00:16:33,079 - no_poweroff_30_general_2_results - INFO - Find_averageEnhancedDis: 0.0
2024-06-23 00:16:33,079 - no_poweroff_30_general_2_results - INFO - Find_averageEnhancedCollisionNum: 0.0
2024-06-23 00:16:33,079 - no_poweroff_30_general_2_results - INFO - FlyncFind_averageEnhancedSyn: 1.9051467128232633
2024-06-23 00:16:33,079 - no_poweroff_30_general_2_results - INFO - FlyncFind_averageEnhancedDis: 0.0
2024-06-23 00:16:33,080 - no_poweroff_30_general_2_results - INFO - FlyncFind_averageEnhancedCollisionNum: 0.0
2024-06-23 00:16:33,080 - no_poweroff_30_general_2_results - INFO - Pulsar_averageEnhancedSyn: 8.524579457243174
2024-06-23 00:16:33,080 - no_poweroff_30_general_2_results - INFO - Pulsar_averageEnhancedDis: 0.11436318389481112
2024-06-23 00:16:33,080 - no_poweroff_30_general_2_results - INFO - Pulsar_averageEnhancedCollisionNum: 0.0
