2024-06-23 19:38:39,330 - poweroff_10_results - INFO - *******************STATIC_TRACE*******************
2024-06-23 19:38:39,331 - poweroff_10_results - INFO - Find_averageSyn: 142191.32
2024-06-23 19:38:39,331 - poweroff_10_results - INFO - Find_averageDis: 0.0
2024-06-23 19:38:39,331 - poweroff_10_results - INFO - Find_averageCollisionNum: 14.2
2024-06-23 19:38:39,331 - poweroff_10_results - INFO - Find_sumCollisionNum: 426
2024-06-23 19:38:39,331 - poweroff_10_results - INFO - FlyncFind_averageSyn: 178851.70666666667
2024-06-23 19:38:39,331 - poweroff_10_results - INFO - FlyncFind_averageDis: 0.0
2024-06-23 19:38:39,332 - poweroff_10_results - INFO - FlyncFind_averageCollisionNum: 662.3333333333334
2024-06-23 19:38:39,332 - poweroff_10_results - INFO - FlyncFind_sumCollisionNum: 19870
2024-06-23 19:38:39,332 - poweroff_10_results - INFO - Pulsar_averageSyn: 35302.07066666667
2024-06-23 19:38:39,332 - poweroff_10_results - INFO - Pulsar_averageDis: 96604.16666666667
2024-06-23 19:38:39,332 - poweroff_10_results - INFO - Pulsar_averageCollisionNum: 1.1
2024-06-23 19:38:39,332 - poweroff_10_results - INFO - Pulsar_sumCollisionNum: 33
2024-06-23 19:38:39,332 - poweroff_10_results - INFO - Free_beacon_averageSyn: 1465.928
2024-06-23 19:38:39,332 - poweroff_10_results - INFO - Free_beacon_averageDis: 17690.633333333335
2024-06-23 19:38:39,333 - poweroff_10_results - INFO - Free_beacon_averageCollisionNum: 1.2666666666666666
2024-06-23 19:38:39,333 - poweroff_10_results - INFO - Free_beacon_sumCollisionNum: 38
2024-06-23 19:38:39,333 - poweroff_10_results - INFO - Find_averageEnhancedSyn: 96.99747873019685
2024-06-23 19:38:39,333 - poweroff_10_results - INFO - Find_averageEnhancedDis: 0.0
2024-06-23 19:38:39,333 - poweroff_10_results - INFO - Find_averageEnhancedCollisionNum: 1.0
2024-06-23 19:38:39,334 - poweroff_10_results - INFO - FlyncFind_averageEnhancedSyn: 122.00579200797492
2024-06-23 19:38:39,334 - poweroff_10_results - INFO - FlyncFind_averageEnhancedDis: 0.0
2024-06-23 19:38:39,334 - poweroff_10_results - INFO - FlyncFind_averageEnhancedCollisionNum: 0.9999999999999998
2024-06-23 19:38:39,335 - poweroff_10_results - INFO - Pulsar_averageEnhancedSyn: 24.081722067295708
2024-06-23 19:38:39,335 - poweroff_10_results - INFO - Pulsar_averageEnhancedDis: 5.4607523001814515
2024-06-23 19:38:39,335 - poweroff_10_results - INFO - Pulsar_averageEnhancedCollisionNum: 0.9999999999999999
2024-06-23 20:15:39,030 - poweroff_10_results - INFO - *******************COMPLEX_TRACE*******************
2024-06-23 20:15:39,031 - poweroff_10_results - INFO - Find_averageSyn: 891264.9786666667
2024-06-23 20:15:39,031 - poweroff_10_results - INFO - Find_averageDis: 0.0
2024-06-23 20:15:39,031 - poweroff_10_results - INFO - Find_averageCollisionNum: 4.333333333333333
2024-06-23 20:15:39,031 - poweroff_10_results - INFO - Find_sumCollisionNum: 130
2024-06-23 20:15:39,031 - poweroff_10_results - INFO - FlyncFind_averageSyn: 198364.53333333333
2024-06-23 20:15:39,031 - poweroff_10_results - INFO - FlyncFind_averageDis: 0.0
2024-06-23 20:15:39,032 - poweroff_10_results - INFO - FlyncFind_averageCollisionNum: 64.0
2024-06-23 20:15:39,032 - poweroff_10_results - INFO - FlyncFind_sumCollisionNum: 1920
2024-06-23 20:15:39,032 - poweroff_10_results - INFO - Pulsar_averageSyn: 147453.98133333333
2024-06-23 20:15:39,032 - poweroff_10_results - INFO - Pulsar_averageDis: 211347.9
2024-06-23 20:15:39,032 - poweroff_10_results - INFO - Pulsar_averageCollisionNum: 0.6666666666666666
2024-06-23 20:15:39,032 - poweroff_10_results - INFO - Pulsar_sumCollisionNum: 20
2024-06-23 20:15:39,032 - poweroff_10_results - INFO - Free_beacon_averageSyn: 3134.092
2024-06-23 20:15:39,032 - poweroff_10_results - INFO - Free_beacon_averageDis: 21490.6
2024-06-23 20:15:39,033 - poweroff_10_results - INFO - Free_beacon_averageCollisionNum: 0.2
2024-06-23 20:15:39,033 - poweroff_10_results - INFO - Free_beacon_sumCollisionNum: 6
2024-06-23 20:15:39,033 - poweroff_10_results - INFO - Find_averageEnhancedSyn: 284.3774141495102
2024-06-23 20:15:39,033 - poweroff_10_results - INFO - Find_averageEnhancedDis: 0.0
2024-06-23 20:15:39,033 - poweroff_10_results - INFO - Find_averageEnhancedCollisionNum: 0.9999999999999999
2024-06-23 20:15:39,034 - poweroff_10_results - INFO - FlyncFind_averageEnhancedSyn: 63.292504921148875
2024-06-23 20:15:39,034 - poweroff_10_results - INFO - FlyncFind_averageEnhancedDis: 0.0
2024-06-23 20:15:39,034 - poweroff_10_results - INFO - FlyncFind_averageEnhancedCollisionNum: 1.0
2024-06-23 20:15:39,035 - poweroff_10_results - INFO - Pulsar_averageEnhancedSyn: 47.0483895601448
2024-06-23 20:15:39,035 - poweroff_10_results - INFO - Pulsar_averageEnhancedDis: 9.834434590006794
2024-06-23 20:15:39,035 - poweroff_10_results - INFO - Pulsar_averageEnhancedCollisionNum: 1.0
2024-06-23 21:31:49,402 - poweroff_10_results - INFO - *******************STAIRS_TRACE*******************
2024-06-23 21:31:49,403 - poweroff_10_results - INFO - Find_averageSyn: 47049.268
2024-06-23 21:31:49,403 - poweroff_10_results - INFO - Find_averageDis: 0.0
2024-06-23 21:31:49,403 - poweroff_10_results - INFO - Find_averageCollisionNum: 31.933333333333334
2024-06-23 21:31:49,403 - poweroff_10_results - INFO - Find_sumCollisionNum: 958
2024-06-23 21:31:49,403 - poweroff_10_results - INFO - FlyncFind_averageSyn: 396834.92
2024-06-23 21:31:49,403 - poweroff_10_results - INFO - FlyncFind_averageDis: 0.0
2024-06-23 21:31:49,404 - poweroff_10_results - INFO - FlyncFind_averageCollisionNum: 5227.533333333334
2024-06-23 21:31:49,404 - poweroff_10_results - INFO - FlyncFind_sumCollisionNum: 156826
2024-06-23 21:31:49,404 - poweroff_10_results - INFO - Pulsar_averageSyn: 7812.008
2024-06-23 21:31:49,404 - poweroff_10_results - INFO - Pulsar_averageDis: 81414.86666666667
2024-06-23 21:31:49,404 - poweroff_10_results - INFO - Pulsar_averageCollisionNum: 2.6333333333333333
2024-06-23 21:31:49,404 - poweroff_10_results - INFO - Pulsar_sumCollisionNum: 79
2024-06-23 21:31:49,404 - poweroff_10_results - INFO - Free_beacon_averageSyn: 161.06266666666667
2024-06-23 21:31:49,404 - poweroff_10_results - INFO - Free_beacon_averageDis: 14966.066666666668
2024-06-23 21:31:49,405 - poweroff_10_results - INFO - Free_beacon_averageCollisionNum: 2.566666666666667
2024-06-23 21:31:49,405 - poweroff_10_results - INFO - Free_beacon_sumCollisionNum: 77
2024-06-23 21:31:49,405 - poweroff_10_results - INFO - Find_averageEnhancedSyn: 292.11777610371115
2024-06-23 21:31:49,405 - poweroff_10_results - INFO - Find_averageEnhancedDis: 0.0
2024-06-23 21:31:49,405 - poweroff_10_results - INFO - Find_averageEnhancedCollisionNum: 1.0
2024-06-23 21:31:49,406 - poweroff_10_results - INFO - FlyncFind_averageEnhancedSyn: 2463.854152007086
2024-06-23 21:31:49,406 - poweroff_10_results - INFO - FlyncFind_averageEnhancedDis: 0.0
2024-06-23 21:31:49,406 - poweroff_10_results - INFO - FlyncFind_averageEnhancedCollisionNum: 1.0
2024-06-23 21:31:49,407 - poweroff_10_results - INFO - Pulsar_averageEnhancedSyn: 48.50290984047617
2024-06-23 21:31:49,407 - poweroff_10_results - INFO - Pulsar_averageEnhancedDis: 5.43996418564664
2024-06-23 21:31:49,407 - poweroff_10_results - INFO - Pulsar_averageEnhancedCollisionNum: 1.0
2024-06-24 01:59:20,946 - poweroff_10_results - INFO - *******************CARS_TRACE*******************
2024-06-24 01:59:20,947 - poweroff_10_results - INFO - Find_averageSyn: 150896920.04133335
2024-06-24 01:59:20,947 - poweroff_10_results - INFO - Find_averageDis: 0.0
2024-06-24 01:59:20,947 - poweroff_10_results - INFO - Find_averageCollisionNum: 0.6
2024-06-24 01:59:20,947 - poweroff_10_results - INFO - Find_sumCollisionNum: 18
2024-06-24 01:59:20,947 - poweroff_10_results - INFO - FlyncFind_averageSyn: 15174513.386666667
2024-06-24 01:59:20,947 - poweroff_10_results - INFO - FlyncFind_averageDis: 0.0
2024-06-24 01:59:20,947 - poweroff_10_results - INFO - FlyncFind_averageCollisionNum: 3.1333333333333333
2024-06-24 01:59:20,947 - poweroff_10_results - INFO - FlyncFind_sumCollisionNum: 94
2024-06-24 01:59:20,948 - poweroff_10_results - INFO - Pulsar_averageSyn: 3059671.783333333
2024-06-24 01:59:20,948 - poweroff_10_results - INFO - Pulsar_averageDis: 1801680.4333333333
2024-06-24 01:59:20,948 - poweroff_10_results - INFO - Pulsar_averageCollisionNum: 0.0
2024-06-24 01:59:20,948 - poweroff_10_results - INFO - Pulsar_sumCollisionNum: 0
2024-06-24 01:59:20,948 - poweroff_10_results - INFO - Free_beacon_averageSyn: 528156.26
2024-06-24 01:59:20,948 - poweroff_10_results - INFO - Free_beacon_averageDis: 538459.6333333333
2024-06-24 01:59:20,948 - poweroff_10_results - INFO - Free_beacon_averageCollisionNum: 0.0
2024-06-24 01:59:20,948 - poweroff_10_results - INFO - Free_beacon_sumCollisionNum: 0
2024-06-24 01:59:20,949 - poweroff_10_results - INFO - Find_averageEnhancedSyn: 285.7050677413789
2024-06-24 01:59:20,949 - poweroff_10_results - INFO - Find_averageEnhancedDis: 0.0
2024-06-24 01:59:20,949 - poweroff_10_results - INFO - Find_averageEnhancedCollisionNum: 1.0000000000000002
2024-06-24 01:59:20,950 - poweroff_10_results - INFO - FlyncFind_averageEnhancedSyn: 28.731105803170195
2024-06-24 01:59:20,950 - poweroff_10_results - INFO - FlyncFind_averageEnhancedDis: 0.0
2024-06-24 01:59:20,950 - poweroff_10_results - INFO - FlyncFind_averageEnhancedCollisionNum: 1.0000000000000002
2024-06-24 01:59:20,950 - poweroff_10_results - INFO - Pulsar_averageEnhancedSyn: 5.793118467124357
2024-06-24 01:59:20,951 - poweroff_10_results - INFO - Pulsar_averageEnhancedDis: 3.3459897860495764
2024-06-24 01:59:20,951 - poweroff_10_results - INFO - Pulsar_averageEnhancedCollisionNum: 0.0
2024-06-24 02:47:36,459 - poweroff_10_results - INFO - *******************JOGGING_TRACE*******************
2024-06-24 02:47:36,459 - poweroff_10_results - INFO - Find_averageSyn: 1635518.8306666666
2024-06-24 02:47:36,460 - poweroff_10_results - INFO - Find_averageDis: 0.0
2024-06-24 02:47:36,460 - poweroff_10_results - INFO - Find_averageCollisionNum: 4.866666666666666
2024-06-24 02:47:36,460 - poweroff_10_results - INFO - Find_sumCollisionNum: 146
2024-06-24 02:47:36,460 - poweroff_10_results - INFO - FlyncFind_averageSyn: 347262.84533333336
2024-06-24 02:47:36,460 - poweroff_10_results - INFO - FlyncFind_averageDis: 0.0
2024-06-24 02:47:36,460 - poweroff_10_results - INFO - FlyncFind_averageCollisionNum: 43.13333333333333
2024-06-24 02:47:36,460 - poweroff_10_results - INFO - FlyncFind_sumCollisionNum: 1294
2024-06-24 02:47:36,460 - poweroff_10_results - INFO - Pulsar_averageSyn: 257275.30866666668
2024-06-24 02:47:36,461 - poweroff_10_results - INFO - Pulsar_averageDis: 277559.1666666667
2024-06-24 02:47:36,461 - poweroff_10_results - INFO - Pulsar_averageCollisionNum: 0.43333333333333335
2024-06-24 02:47:36,461 - poweroff_10_results - INFO - Pulsar_sumCollisionNum: 13
2024-06-24 02:47:36,461 - poweroff_10_results - INFO - Free_beacon_averageSyn: 6326.482666666667
2024-06-24 02:47:36,461 - poweroff_10_results - INFO - Free_beacon_averageDis: 41701.03333333333
2024-06-24 02:47:36,461 - poweroff_10_results - INFO - Free_beacon_averageCollisionNum: 0.5
2024-06-24 02:47:36,461 - poweroff_10_results - INFO - Free_beacon_sumCollisionNum: 15
2024-06-24 02:47:36,462 - poweroff_10_results - INFO - Find_averageEnhancedSyn: 258.5194517775227
2024-06-24 02:47:36,462 - poweroff_10_results - INFO - Find_averageEnhancedDis: 0.0
2024-06-24 02:47:36,462 - poweroff_10_results - INFO - Find_averageEnhancedCollisionNum: 1.0
2024-06-24 02:47:36,462 - poweroff_10_results - INFO - FlyncFind_averageEnhancedSyn: 54.890349603423665
2024-06-24 02:47:36,463 - poweroff_10_results - INFO - FlyncFind_averageEnhancedDis: 0.0
2024-06-24 02:47:36,463 - poweroff_10_results - INFO - FlyncFind_averageEnhancedCollisionNum: 1.0000000000000002
2024-06-24 02:47:36,463 - poweroff_10_results - INFO - Pulsar_averageEnhancedSyn: 40.66640536647852
2024-06-24 02:47:36,463 - poweroff_10_results - INFO - Pulsar_averageEnhancedDis: 6.655930188780294
2024-06-24 02:47:36,463 - poweroff_10_results - INFO - Pulsar_averageEnhancedCollisionNum: 0.9999999999999999
2024-06-24 03:14:14,944 - poweroff_10_results - INFO - *******************OFFICE_TRACE*******************
2024-06-24 03:14:14,945 - poweroff_10_results - INFO - Find_averageSyn: 283829.188
2024-06-24 03:14:14,945 - poweroff_10_results - INFO - Find_averageDis: 0.0
2024-06-24 03:14:14,945 - poweroff_10_results - INFO - Find_averageCollisionNum: 9.866666666666667
2024-06-24 03:14:14,945 - poweroff_10_results - INFO - Find_sumCollisionNum: 296
2024-06-24 03:14:14,945 - poweroff_10_results - INFO - FlyncFind_averageSyn: 129936.26666666666
2024-06-24 03:14:14,945 - poweroff_10_results - INFO - FlyncFind_averageDis: 0.0
2024-06-24 03:14:14,946 - poweroff_10_results - INFO - FlyncFind_averageCollisionNum: 211.46666666666667
2024-06-24 03:14:14,946 - poweroff_10_results - INFO - FlyncFind_sumCollisionNum: 6344
2024-06-24 03:14:14,946 - poweroff_10_results - INFO - Pulsar_averageSyn: 51076.524
2024-06-24 03:14:14,946 - poweroff_10_results - INFO - Pulsar_averageDis: 130821.33333333333
2024-06-24 03:14:14,946 - poweroff_10_results - INFO - Pulsar_averageCollisionNum: 1.1
2024-06-24 03:14:14,946 - poweroff_10_results - INFO - Pulsar_sumCollisionNum: 33
2024-06-24 03:14:14,946 - poweroff_10_results - INFO - Free_beacon_averageSyn: 1502.764
2024-06-24 03:14:14,946 - poweroff_10_results - INFO - Free_beacon_averageDis: 18267.766666666666
2024-06-24 03:14:14,946 - poweroff_10_results - INFO - Free_beacon_averageCollisionNum: 2.1333333333333333
2024-06-24 03:14:14,947 - poweroff_10_results - INFO - Free_beacon_sumCollisionNum: 64
2024-06-24 03:14:14,947 - poweroff_10_results - INFO - Find_averageEnhancedSyn: 188.87143157541706
2024-06-24 03:14:14,947 - poweroff_10_results - INFO - Find_averageEnhancedDis: 0.0
2024-06-24 03:14:14,947 - poweroff_10_results - INFO - Find_averageEnhancedCollisionNum: 1.0
2024-06-24 03:14:14,948 - poweroff_10_results - INFO - FlyncFind_averageEnhancedSyn: 86.46485187738506
2024-06-24 03:14:14,948 - poweroff_10_results - INFO - FlyncFind_averageEnhancedDis: 0.0
2024-06-24 03:14:14,948 - poweroff_10_results - INFO - FlyncFind_averageEnhancedCollisionNum: 0.9999999999999999
2024-06-24 03:14:14,949 - poweroff_10_results - INFO - Pulsar_averageEnhancedSyn: 33.988386732713856
2024-06-24 03:14:14,949 - poweroff_10_results - INFO - Pulsar_averageEnhancedDis: 7.161320577410485
2024-06-24 03:14:14,949 - poweroff_10_results - INFO - Pulsar_averageEnhancedCollisionNum: 0.9999999999999999
2024-06-24 04:15:17,933 - poweroff_10_results - INFO - *******************WASHER_TRACE*******************
2024-06-24 04:15:17,934 - poweroff_10_results - INFO - Find_averageSyn: 7326534.028
2024-06-24 04:15:17,934 - poweroff_10_results - INFO - Find_averageDis: 0.0
2024-06-24 04:15:17,934 - poweroff_10_results - INFO - Find_averageCollisionNum: 3.933333333333333
2024-06-24 04:15:17,934 - poweroff_10_results - INFO - Find_sumCollisionNum: 118
2024-06-24 04:15:17,934 - poweroff_10_results - INFO - FlyncFind_averageSyn: 3887209.96
2024-06-24 04:15:17,934 - poweroff_10_results - INFO - FlyncFind_averageDis: 0.0
2024-06-24 04:15:17,934 - poweroff_10_results - INFO - FlyncFind_averageCollisionNum: 18.066666666666666
2024-06-24 04:15:17,934 - poweroff_10_results - INFO - FlyncFind_sumCollisionNum: 542
2024-06-24 04:15:17,935 - poweroff_10_results - INFO - Pulsar_averageSyn: 2371789.674
2024-06-24 04:15:17,935 - poweroff_10_results - INFO - Pulsar_averageDis: 2625976.066666667
2024-06-24 04:15:17,935 - poweroff_10_results - INFO - Pulsar_averageCollisionNum: 0.16666666666666666
2024-06-24 04:15:17,935 - poweroff_10_results - INFO - Pulsar_sumCollisionNum: 5
2024-06-24 04:15:17,935 - poweroff_10_results - INFO - Free_beacon_averageSyn: 220933.62466666667
2024-06-24 04:15:17,935 - poweroff_10_results - INFO - Free_beacon_averageDis: 220280.76666666666
2024-06-24 04:15:17,935 - poweroff_10_results - INFO - Free_beacon_averageCollisionNum: 0.1
2024-06-24 04:15:17,935 - poweroff_10_results - INFO - Free_beacon_sumCollisionNum: 3
2024-06-24 04:15:17,936 - poweroff_10_results - INFO - Find_averageEnhancedSyn: 33.16169749649425
2024-06-24 04:15:17,936 - poweroff_10_results - INFO - Find_averageEnhancedDis: 0.0
2024-06-24 04:15:17,936 - poweroff_10_results - INFO - Find_averageEnhancedCollisionNum: 1.0000000000000002
2024-06-24 04:15:17,937 - poweroff_10_results - INFO - FlyncFind_averageEnhancedSyn: 17.594469677781383
2024-06-24 04:15:17,937 - poweroff_10_results - INFO - FlyncFind_averageEnhancedDis: 0.0
2024-06-24 04:15:17,937 - poweroff_10_results - INFO - FlyncFind_averageEnhancedCollisionNum: 1.0000000000000002
2024-06-24 04:15:17,937 - poweroff_10_results - INFO - Pulsar_averageEnhancedSyn: 10.735304223512536
2024-06-24 04:15:17,938 - poweroff_10_results - INFO - Pulsar_averageEnhancedDis: 11.921041071372096
2024-06-24 04:15:17,938 - poweroff_10_results - INFO - Pulsar_averageEnhancedCollisionNum: 1.0
2024-06-30 07:11:17,580 - poweroff_10_results - INFO - *******************STATIC_TRACE*******************
2024-06-30 07:11:17,580 - poweroff_10_results - INFO - Find_averageSyn: 136956.432
2024-06-30 07:11:17,580 - poweroff_10_results - INFO - Find_averageDis: 0.0
2024-06-30 07:11:17,580 - poweroff_10_results - INFO - Find_averageCollisionNum: 12.6
2024-06-30 07:11:17,580 - poweroff_10_results - INFO - Find_sumCollisionNum: 378
2024-06-30 07:11:17,581 - poweroff_10_results - INFO - FlyncFind_averageSyn: 175313.05333333334
2024-06-30 07:11:17,581 - poweroff_10_results - INFO - FlyncFind_averageDis: 0.0
2024-06-30 07:11:17,581 - poweroff_10_results - INFO - FlyncFind_averageCollisionNum: 660.1333333333333
2024-06-30 07:11:17,581 - poweroff_10_results - INFO - FlyncFind_sumCollisionNum: 19804
2024-06-30 07:11:17,581 - poweroff_10_results - INFO - Pulsar_averageSyn: 35904.789333333334
2024-06-30 07:11:17,581 - poweroff_10_results - INFO - Pulsar_averageDis: 90625.86666666667
2024-06-30 07:11:17,581 - poweroff_10_results - INFO - Pulsar_averageCollisionNum: 0.7666666666666667
2024-06-30 07:11:17,581 - poweroff_10_results - INFO - Pulsar_sumCollisionNum: 23
2024-06-30 07:11:17,581 - poweroff_10_results - INFO - Free_beacon_averageSyn: 1509.088
2024-06-30 07:11:17,582 - poweroff_10_results - INFO - Free_beacon_averageDis: 19472.0
2024-06-30 07:11:17,582 - poweroff_10_results - INFO - Free_beacon_averageCollisionNum: 1.7333333333333334
2024-06-30 07:11:17,582 - poweroff_10_results - INFO - Free_beacon_sumCollisionNum: 52
2024-06-30 07:11:17,582 - poweroff_10_results - INFO - Find_averageEnhancedSyn: 90.75443711698722
2024-06-30 07:11:17,582 - poweroff_10_results - INFO - Find_averageEnhancedDis: 0.0
2024-06-30 07:11:17,582 - poweroff_10_results - INFO - Find_averageEnhancedCollisionNum: 1.0
2024-06-30 07:11:17,583 - poweroff_10_results - INFO - FlyncFind_averageEnhancedSyn: 116.17152434671361
2024-06-30 07:11:17,583 - poweroff_10_results - INFO - FlyncFind_averageEnhancedDis: 0.0
2024-06-30 07:11:17,583 - poweroff_10_results - INFO - FlyncFind_averageEnhancedCollisionNum: 1.0000000000000002
2024-06-30 07:11:17,584 - poweroff_10_results - INFO - Pulsar_averageEnhancedSyn: 23.792376145945987
2024-06-30 07:11:17,584 - poweroff_10_results - INFO - Pulsar_averageEnhancedDis: 4.654163242947138
2024-06-30 07:11:17,584 - poweroff_10_results - INFO - Pulsar_averageEnhancedCollisionNum: 1.0
2024-06-30 07:49:44,211 - poweroff_10_results - INFO - *******************COMPLEX_TRACE*******************
2024-06-30 07:49:44,212 - poweroff_10_results - INFO - Find_averageSyn: 1008434.1346666666
2024-06-30 07:49:44,212 - poweroff_10_results - INFO - Find_averageDis: 0.0
2024-06-30 07:49:44,212 - poweroff_10_results - INFO - Find_averageCollisionNum: 4.6
2024-06-30 07:49:44,212 - poweroff_10_results - INFO - Find_sumCollisionNum: 138
2024-06-30 07:49:44,212 - poweroff_10_results - INFO - FlyncFind_averageSyn: 211019.89333333334
2024-06-30 07:49:44,212 - poweroff_10_results - INFO - FlyncFind_averageDis: 0.0
2024-06-30 07:49:44,212 - poweroff_10_results - INFO - FlyncFind_averageCollisionNum: 65.53333333333333
2024-06-30 07:49:44,213 - poweroff_10_results - INFO - FlyncFind_sumCollisionNum: 1966
2024-06-30 07:49:44,213 - poweroff_10_results - INFO - Pulsar_averageSyn: 141303.00666666665
2024-06-30 07:49:44,213 - poweroff_10_results - INFO - Pulsar_averageDis: 140372.36666666667
2024-06-30 07:49:44,213 - poweroff_10_results - INFO - Pulsar_averageCollisionNum: 0.26666666666666666
2024-06-30 07:49:44,213 - poweroff_10_results - INFO - Pulsar_sumCollisionNum: 8
2024-06-30 07:49:44,213 - poweroff_10_results - INFO - Free_beacon_averageSyn: 3481.6613333333335
2024-06-30 07:49:44,213 - poweroff_10_results - INFO - Free_beacon_averageDis: 25775.166666666668
2024-06-30 07:49:44,213 - poweroff_10_results - INFO - Free_beacon_averageCollisionNum: 0.1
2024-06-30 07:49:44,213 - poweroff_10_results - INFO - Free_beacon_sumCollisionNum: 3
2024-06-30 07:49:44,214 - poweroff_10_results - INFO - Find_averageEnhancedSyn: 289.64165038452904
2024-06-30 07:49:44,214 - poweroff_10_results - INFO - Find_averageEnhancedDis: 0.0
2024-06-30 07:49:44,214 - poweroff_10_results - INFO - Find_averageEnhancedCollisionNum: 1.0000000000000002
2024-06-30 07:49:44,215 - poweroff_10_results - INFO - FlyncFind_averageEnhancedSyn: 60.60896598788471
2024-06-30 07:49:44,215 - poweroff_10_results - INFO - FlyncFind_averageEnhancedDis: 0.0
2024-06-30 07:49:44,215 - poweroff_10_results - INFO - FlyncFind_averageEnhancedCollisionNum: 1.0
2024-06-30 07:49:44,216 - poweroff_10_results - INFO - Pulsar_averageEnhancedSyn: 40.58493722920016
2024-06-30 07:49:44,216 - poweroff_10_results - INFO - Pulsar_averageEnhancedDis: 5.446031386799956
2024-06-30 07:49:44,216 - poweroff_10_results - INFO - Pulsar_averageEnhancedCollisionNum: 1.0
2024-06-30 09:01:41,547 - poweroff_10_results - INFO - *******************STAIRS_TRACE*******************
2024-06-30 09:01:41,548 - poweroff_10_results - INFO - Find_averageSyn: 45853.68
2024-06-30 09:01:41,548 - poweroff_10_results - INFO - Find_averageDis: 0.0
2024-06-30 09:01:41,548 - poweroff_10_results - INFO - Find_averageCollisionNum: 33.4
2024-06-30 09:01:41,548 - poweroff_10_results - INFO - Find_sumCollisionNum: 1002
2024-06-30 09:01:41,549 - poweroff_10_results - INFO - FlyncFind_averageSyn: 370055.2
2024-06-30 09:01:41,549 - poweroff_10_results - INFO - FlyncFind_averageDis: 0.0
2024-06-30 09:01:41,549 - poweroff_10_results - INFO - FlyncFind_averageCollisionNum: 5088.733333333334
2024-06-30 09:01:41,549 - poweroff_10_results - INFO - FlyncFind_sumCollisionNum: 152662
2024-06-30 09:01:41,549 - poweroff_10_results - INFO - Pulsar_averageSyn: 6856.630666666667
2024-06-30 09:01:41,549 - poweroff_10_results - INFO - Pulsar_averageDis: 87835.13333333333
2024-06-30 09:01:41,549 - poweroff_10_results - INFO - Pulsar_averageCollisionNum: 2.5
2024-06-30 09:01:41,549 - poweroff_10_results - INFO - Pulsar_sumCollisionNum: 75
2024-06-30 09:01:41,549 - poweroff_10_results - INFO - Free_beacon_averageSyn: 151.536
2024-06-30 09:01:41,550 - poweroff_10_results - INFO - Free_beacon_averageDis: 24346.833333333332
2024-06-30 09:01:41,550 - poweroff_10_results - INFO - Free_beacon_averageCollisionNum: 8.3
2024-06-30 09:01:41,550 - poweroff_10_results - INFO - Free_beacon_sumCollisionNum: 249
2024-06-30 09:01:41,550 - poweroff_10_results - INFO - Find_averageEnhancedSyn: 302.5926512511878
2024-06-30 09:01:41,550 - poweroff_10_results - INFO - Find_averageEnhancedDis: 0.0
2024-06-30 09:01:41,550 - poweroff_10_results - INFO - Find_averageEnhancedCollisionNum: 0.9999999999999998
2024-06-30 09:01:41,551 - poweroff_10_results - INFO - FlyncFind_averageEnhancedSyn: 2442.0282969063455
2024-06-30 09:01:41,551 - poweroff_10_results - INFO - FlyncFind_averageEnhancedDis: 0.0
2024-06-30 09:01:41,551 - poweroff_10_results - INFO - FlyncFind_averageEnhancedCollisionNum: 1.0
2024-06-30 09:01:41,552 - poweroff_10_results - INFO - Pulsar_averageEnhancedSyn: 45.24753633899976
2024-06-30 09:01:41,552 - poweroff_10_results - INFO - Pulsar_averageEnhancedDis: 3.607661502864849
2024-06-30 09:01:41,552 - poweroff_10_results - INFO - Pulsar_averageEnhancedCollisionNum: 1.0
2024-06-30 13:41:30,904 - poweroff_10_results - INFO - *******************CARS_TRACE*******************
2024-06-30 13:41:30,905 - poweroff_10_results - INFO - Find_averageSyn: 162042471.24133334
2024-06-30 13:41:30,905 - poweroff_10_results - INFO - Find_averageDis: 0.0
2024-06-30 13:41:30,905 - poweroff_10_results - INFO - Find_averageCollisionNum: 0.26666666666666666
2024-06-30 13:41:30,905 - poweroff_10_results - INFO - Find_sumCollisionNum: 8
2024-06-30 13:41:30,905 - poweroff_10_results - INFO - FlyncFind_averageSyn: 16642803.226666667
2024-06-30 13:41:30,905 - poweroff_10_results - INFO - FlyncFind_averageDis: 0.0
2024-06-30 13:41:30,906 - poweroff_10_results - INFO - FlyncFind_averageCollisionNum: 3.2
2024-06-30 13:41:30,906 - poweroff_10_results - INFO - FlyncFind_sumCollisionNum: 96
2024-06-30 13:41:30,906 - poweroff_10_results - INFO - Pulsar_averageSyn: 3082960.604
2024-06-30 13:41:30,906 - poweroff_10_results - INFO - Pulsar_averageDis: 1854852.6
2024-06-30 13:41:30,906 - poweroff_10_results - INFO - Pulsar_averageCollisionNum: 0.2
2024-06-30 13:41:30,906 - poweroff_10_results - INFO - Pulsar_sumCollisionNum: 6
2024-06-30 13:41:30,906 - poweroff_10_results - INFO - Free_beacon_averageSyn: 519667.4093333333
2024-06-30 13:41:30,906 - poweroff_10_results - INFO - Free_beacon_averageDis: 528455.8
2024-06-30 13:41:30,906 - poweroff_10_results - INFO - Free_beacon_averageCollisionNum: 0.0
2024-06-30 13:41:30,907 - poweroff_10_results - INFO - Free_beacon_sumCollisionNum: 0
2024-06-30 13:41:30,907 - poweroff_10_results - INFO - Find_averageEnhancedSyn: 311.8195760038388
2024-06-30 13:41:30,907 - poweroff_10_results - INFO - Find_averageEnhancedDis: 0.0
2024-06-30 13:41:30,907 - poweroff_10_results - INFO - Find_averageEnhancedCollisionNum: 1.0
2024-06-30 13:41:30,908 - poweroff_10_results - INFO - FlyncFind_averageEnhancedSyn: 32.02587448771754
2024-06-30 13:41:30,908 - poweroff_10_results - INFO - FlyncFind_averageEnhancedDis: 0.0
2024-06-30 13:41:30,908 - poweroff_10_results - INFO - FlyncFind_averageEnhancedCollisionNum: 1.0
2024-06-30 13:41:30,908 - poweroff_10_results - INFO - Pulsar_averageEnhancedSyn: 5.932564845571215
2024-06-30 13:41:30,909 - poweroff_10_results - INFO - Pulsar_averageEnhancedDis: 3.509948419527234
2024-06-30 13:41:30,909 - poweroff_10_results - INFO - Pulsar_averageEnhancedCollisionNum: 1.0
2024-06-30 14:28:17,192 - poweroff_10_results - INFO - *******************JOGGING_TRACE*******************
2024-06-30 14:28:17,193 - poweroff_10_results - INFO - Find_averageSyn: 1744622.8506666666
2024-06-30 14:28:17,193 - poweroff_10_results - INFO - Find_averageDis: 0.0
2024-06-30 14:28:17,193 - poweroff_10_results - INFO - Find_averageCollisionNum: 4.0
2024-06-30 14:28:17,193 - poweroff_10_results - INFO - Find_sumCollisionNum: 120
2024-06-30 14:28:17,194 - poweroff_10_results - INFO - FlyncFind_averageSyn: 319705.26666666666
2024-06-30 14:28:17,194 - poweroff_10_results - INFO - FlyncFind_averageDis: 0.0
2024-06-30 14:28:17,194 - poweroff_10_results - INFO - FlyncFind_averageCollisionNum: 42.8
2024-06-30 14:28:17,194 - poweroff_10_results - INFO - FlyncFind_sumCollisionNum: 1284
2024-06-30 14:28:17,194 - poweroff_10_results - INFO - Pulsar_averageSyn: 241564.82
2024-06-30 14:28:17,194 - poweroff_10_results - INFO - Pulsar_averageDis: 263093.4
2024-06-30 14:28:17,194 - poweroff_10_results - INFO - Pulsar_averageCollisionNum: 0.23333333333333334
2024-06-30 14:28:17,194 - poweroff_10_results - INFO - Pulsar_sumCollisionNum: 7
2024-06-30 14:28:17,194 - poweroff_10_results - INFO - Free_beacon_averageSyn: 6613.924
2024-06-30 14:28:17,195 - poweroff_10_results - INFO - Free_beacon_averageDis: 36202.4
2024-06-30 14:28:17,195 - poweroff_10_results - INFO - Free_beacon_averageCollisionNum: 0.1
2024-06-30 14:28:17,195 - poweroff_10_results - INFO - Free_beacon_sumCollisionNum: 3
2024-06-30 14:28:17,195 - poweroff_10_results - INFO - Find_averageEnhancedSyn: 263.78029905796717
2024-06-30 14:28:17,195 - poweroff_10_results - INFO - Find_averageEnhancedDis: 0.0
2024-06-30 14:28:17,195 - poweroff_10_results - INFO - Find_averageEnhancedCollisionNum: 1.0
2024-06-30 14:28:17,196 - poweroff_10_results - INFO - FlyncFind_averageEnhancedSyn: 48.338212937836396
2024-06-30 14:28:17,196 - poweroff_10_results - INFO - FlyncFind_averageEnhancedDis: 0.0
2024-06-30 14:28:17,196 - poweroff_10_results - INFO - FlyncFind_averageEnhancedCollisionNum: 0.9999999999999999
2024-06-30 14:28:17,197 - poweroff_10_results - INFO - Pulsar_averageEnhancedSyn: 36.523676413578386
2024-06-30 14:28:17,197 - poweroff_10_results - INFO - Pulsar_averageEnhancedDis: 7.267291671270414
2024-06-30 14:28:17,197 - poweroff_10_results - INFO - Pulsar_averageEnhancedCollisionNum: 1.0
2024-06-30 14:54:46,093 - poweroff_10_results - INFO - *******************OFFICE_TRACE*******************
2024-06-30 14:54:46,093 - poweroff_10_results - INFO - Find_averageSyn: 284298.70133333333
2024-06-30 14:54:46,094 - poweroff_10_results - INFO - Find_averageDis: 0.0
2024-06-30 14:54:46,094 - poweroff_10_results - INFO - Find_averageCollisionNum: 10.666666666666666
2024-06-30 14:54:46,094 - poweroff_10_results - INFO - Find_sumCollisionNum: 320
2024-06-30 14:54:46,094 - poweroff_10_results - INFO - FlyncFind_averageSyn: 134020.74666666667
2024-06-30 14:54:46,094 - poweroff_10_results - INFO - FlyncFind_averageDis: 0.0
2024-06-30 14:54:46,094 - poweroff_10_results - INFO - FlyncFind_averageCollisionNum: 214.73333333333332
2024-06-30 14:54:46,094 - poweroff_10_results - INFO - FlyncFind_sumCollisionNum: 6442
2024-06-30 14:54:46,094 - poweroff_10_results - INFO - Pulsar_averageSyn: 50693.476
2024-06-30 14:54:46,095 - poweroff_10_results - INFO - Pulsar_averageDis: 123616.06666666667
2024-06-30 14:54:46,095 - poweroff_10_results - INFO - Pulsar_averageCollisionNum: 0.7
2024-06-30 14:54:46,095 - poweroff_10_results - INFO - Pulsar_sumCollisionNum: 21
2024-06-30 14:54:46,095 - poweroff_10_results - INFO - Free_beacon_averageSyn: 1635.304
2024-06-30 14:54:46,095 - poweroff_10_results - INFO - Free_beacon_averageDis: 15816.0
2024-06-30 14:54:46,095 - poweroff_10_results - INFO - Free_beacon_averageCollisionNum: 0.4
2024-06-30 14:54:46,095 - poweroff_10_results - INFO - Free_beacon_sumCollisionNum: 12
2024-06-30 14:54:46,096 - poweroff_10_results - INFO - Find_averageEnhancedSyn: 173.85067322854547
2024-06-30 14:54:46,096 - poweroff_10_results - INFO - Find_averageEnhancedDis: 0.0
2024-06-30 14:54:46,096 - poweroff_10_results - INFO - Find_averageEnhancedCollisionNum: 1.0
2024-06-30 14:54:46,096 - poweroff_10_results - INFO - FlyncFind_averageEnhancedSyn: 81.95463758828124
2024-06-30 14:54:46,097 - poweroff_10_results - INFO - FlyncFind_averageEnhancedDis: 0.0
2024-06-30 14:54:46,097 - poweroff_10_results - INFO - FlyncFind_averageEnhancedCollisionNum: 1.0000000000000002
2024-06-30 14:54:46,097 - poweroff_10_results - INFO - Pulsar_averageEnhancedSyn: 30.99942029127306
2024-06-30 14:54:46,097 - poweroff_10_results - INFO - Pulsar_averageEnhancedDis: 7.815886865621311
2024-06-30 14:54:46,097 - poweroff_10_results - INFO - Pulsar_averageEnhancedCollisionNum: 0.9999999999999999
2024-06-30 15:49:08,795 - poweroff_10_results - INFO - *******************WASHER_TRACE*******************
2024-06-30 15:49:08,796 - poweroff_10_results - INFO - Find_averageSyn: 7357678.324
2024-06-30 15:49:08,796 - poweroff_10_results - INFO - Find_averageDis: 0.0
2024-06-30 15:49:08,796 - poweroff_10_results - INFO - Find_averageCollisionNum: 4.266666666666667
2024-06-30 15:49:08,796 - poweroff_10_results - INFO - Find_sumCollisionNum: 128
2024-06-30 15:49:08,796 - poweroff_10_results - INFO - FlyncFind_averageSyn: 4023336.2933333335
2024-06-30 15:49:08,797 - poweroff_10_results - INFO - FlyncFind_averageDis: 0.0
2024-06-30 15:49:08,797 - poweroff_10_results - INFO - FlyncFind_averageCollisionNum: 19.666666666666668
2024-06-30 15:49:08,797 - poweroff_10_results - INFO - FlyncFind_sumCollisionNum: 590
2024-06-30 15:49:08,797 - poweroff_10_results - INFO - Pulsar_averageSyn: 2409424.1026666667
2024-06-30 15:49:08,797 - poweroff_10_results - INFO - Pulsar_averageDis: 3920440.2666666666
2024-06-30 15:49:08,797 - poweroff_10_results - INFO - Pulsar_averageCollisionNum: 0.36666666666666664
2024-06-30 15:49:08,797 - poweroff_10_results - INFO - Pulsar_sumCollisionNum: 11
2024-06-30 15:49:08,797 - poweroff_10_results - INFO - Free_beacon_averageSyn: 209176.23533333334
2024-06-30 15:49:08,797 - poweroff_10_results - INFO - Free_beacon_averageDis: 251245.3
2024-06-30 15:49:08,798 - poweroff_10_results - INFO - Free_beacon_averageCollisionNum: 0.0
2024-06-30 15:49:08,798 - poweroff_10_results - INFO - Free_beacon_sumCollisionNum: 0
2024-06-30 15:49:08,798 - poweroff_10_results - INFO - Find_averageEnhancedSyn: 35.17454223361058
2024-06-30 15:49:08,798 - poweroff_10_results - INFO - Find_averageEnhancedDis: 0.0
2024-06-30 15:49:08,798 - poweroff_10_results - INFO - Find_averageEnhancedCollisionNum: 1.0
2024-06-30 15:49:08,799 - poweroff_10_results - INFO - FlyncFind_averageEnhancedSyn: 19.234194013110216
2024-06-30 15:49:08,799 - poweroff_10_results - INFO - FlyncFind_averageEnhancedDis: 0.0
2024-06-30 15:49:08,799 - poweroff_10_results - INFO - FlyncFind_averageEnhancedCollisionNum: 1.0
2024-06-30 15:49:08,800 - poweroff_10_results - INFO - Pulsar_averageEnhancedSyn: 11.51863211816162
2024-06-30 15:49:08,800 - poweroff_10_results - INFO - Pulsar_averageEnhancedDis: 15.604034251254319
2024-06-30 15:49:08,800 - poweroff_10_results - INFO - Pulsar_averageEnhancedCollisionNum: 1.0000000000000002
