2024-06-23 10:37:31,804 - poweroff_5_results - INFO - *******************STATIC_TRACE*******************
2024-06-23 10:37:31,805 - poweroff_5_results - INFO - Find_averageSyn: 136848.90666666668
2024-06-23 10:37:31,805 - poweroff_5_results - INFO - Find_averageDis: 0.0
2024-06-23 10:37:31,805 - poweroff_5_results - INFO - Find_averageCollisionNum: 14.6
2024-06-23 10:37:31,805 - poweroff_5_results - INFO - Find_sumCollisionNum: 438
2024-06-23 10:37:31,805 - poweroff_5_results - INFO - FlyncFind_averageSyn: 179237.41066666666
2024-06-23 10:37:31,805 - poweroff_5_results - INFO - FlyncFind_averageDis: 0.0
2024-06-23 10:37:31,805 - poweroff_5_results - INFO - FlyncFind_averageCollisionNum: 709.2
2024-06-23 10:37:31,806 - poweroff_5_results - INFO - FlyncFind_sumCollisionNum: 21276
2024-06-23 10:37:31,806 - poweroff_5_results - INFO - Pulsar_averageSyn: 44248.196
2024-06-23 10:37:31,806 - poweroff_5_results - INFO - Pulsar_averageDis: 131500.36666666667
2024-06-23 10:37:31,806 - poweroff_5_results - INFO - Pulsar_averageCollisionNum: 1.9666666666666666
2024-06-23 10:37:31,806 - poweroff_5_results - INFO - Pulsar_sumCollisionNum: 59
2024-06-23 10:37:31,806 - poweroff_5_results - INFO - Free_beacon_averageSyn: 1864.6333333333334
2024-06-23 10:37:31,806 - poweroff_5_results - INFO - Free_beacon_averageDis: 30347.766666666666
2024-06-23 10:37:31,806 - poweroff_5_results - INFO - Free_beacon_averageCollisionNum: 4.6
2024-06-23 10:37:31,807 - poweroff_5_results - INFO - Free_beacon_sumCollisionNum: 138
2024-06-23 10:37:31,807 - poweroff_5_results - INFO - Find_averageEnhancedSyn: 73.39185898925615
2024-06-23 10:37:31,807 - poweroff_5_results - INFO - Find_averageEnhancedDis: 0.0
2024-06-23 10:37:31,807 - poweroff_5_results - INFO - Find_averageEnhancedCollisionNum: 1.0
2024-06-23 10:37:31,808 - poweroff_5_results - INFO - FlyncFind_averageEnhancedSyn: 96.12474874416775
2024-06-23 10:37:31,808 - poweroff_5_results - INFO - FlyncFind_averageEnhancedDis: 0.0
2024-06-23 10:37:31,808 - poweroff_5_results - INFO - FlyncFind_averageEnhancedCollisionNum: 0.9999999999999998
2024-06-23 10:37:31,809 - poweroff_5_results - INFO - Pulsar_averageEnhancedSyn: 23.730239725415185
2024-06-23 10:37:31,809 - poweroff_5_results - INFO - Pulsar_averageEnhancedDis: 4.333115122145177
2024-06-23 10:37:31,809 - poweroff_5_results - INFO - Pulsar_averageEnhancedCollisionNum: 1.0000000000000002
2024-06-23 11:16:10,012 - poweroff_5_results - INFO - *******************COMPLEX_TRACE*******************
2024-06-23 11:16:10,012 - poweroff_5_results - INFO - Find_averageSyn: 934355.3586666667
2024-06-23 11:16:10,013 - poweroff_5_results - INFO - Find_averageDis: 0.0
2024-06-23 11:16:10,013 - poweroff_5_results - INFO - Find_averageCollisionNum: 4.266666666666667
2024-06-23 11:16:10,013 - poweroff_5_results - INFO - Find_sumCollisionNum: 128
2024-06-23 11:16:10,013 - poweroff_5_results - INFO - FlyncFind_averageSyn: 193881.46666666667
2024-06-23 11:16:10,013 - poweroff_5_results - INFO - FlyncFind_averageDis: 0.0
2024-06-23 11:16:10,013 - poweroff_5_results - INFO - FlyncFind_averageCollisionNum: 66.46666666666667
2024-06-23 11:16:10,013 - poweroff_5_results - INFO - FlyncFind_sumCollisionNum: 1994
2024-06-23 11:16:10,013 - poweroff_5_results - INFO - Pulsar_averageSyn: 143239.59333333332
2024-06-23 11:16:10,014 - poweroff_5_results - INFO - Pulsar_averageDis: 188859.0
2024-06-23 11:16:10,014 - poweroff_5_results - INFO - Pulsar_averageCollisionNum: 0.3
2024-06-23 11:16:10,014 - poweroff_5_results - INFO - Pulsar_sumCollisionNum: 9
2024-06-23 11:16:10,014 - poweroff_5_results - INFO - Free_beacon_averageSyn: 2964.892
2024-06-23 11:16:10,014 - poweroff_5_results - INFO - Free_beacon_averageDis: 22749.366666666665
2024-06-23 11:16:10,014 - poweroff_5_results - INFO - Free_beacon_averageCollisionNum: 0.0
2024-06-23 11:16:10,014 - poweroff_5_results - INFO - Free_beacon_sumCollisionNum: 0
2024-06-23 11:16:10,015 - poweroff_5_results - INFO - Find_averageEnhancedSyn: 315.13976180807487
2024-06-23 11:16:10,015 - poweroff_5_results - INFO - Find_averageEnhancedDis: 0.0
2024-06-23 11:16:10,015 - poweroff_5_results - INFO - Find_averageEnhancedCollisionNum: 1.0
2024-06-23 11:16:10,016 - poweroff_5_results - INFO - FlyncFind_averageEnhancedSyn: 65.39242126413599
2024-06-23 11:16:10,016 - poweroff_5_results - INFO - FlyncFind_averageEnhancedDis: 0.0
2024-06-23 11:16:10,016 - poweroff_5_results - INFO - FlyncFind_averageEnhancedCollisionNum: 0.9999999999999998
2024-06-23 11:16:10,016 - poweroff_5_results - INFO - Pulsar_averageEnhancedSyn: 48.311909281462306
2024-06-23 11:16:10,016 - poweroff_5_results - INFO - Pulsar_averageEnhancedDis: 8.30172561580469
2024-06-23 11:16:10,017 - poweroff_5_results - INFO - Pulsar_averageEnhancedCollisionNum: 1.0000000000000002
2024-06-23 12:35:31,399 - poweroff_5_results - INFO - *******************STAIRS_TRACE*******************
2024-06-23 12:35:31,400 - poweroff_5_results - INFO - Find_averageSyn: 44704.62266666667
2024-06-23 12:35:31,400 - poweroff_5_results - INFO - Find_averageDis: 0.0
2024-06-23 12:35:31,400 - poweroff_5_results - INFO - Find_averageCollisionNum: 29.666666666666668
2024-06-23 12:35:31,400 - poweroff_5_results - INFO - Find_sumCollisionNum: 890
2024-06-23 12:35:31,400 - poweroff_5_results - INFO - FlyncFind_averageSyn: 424392.2
2024-06-23 12:35:31,400 - poweroff_5_results - INFO - FlyncFind_averageDis: 0.0
2024-06-23 12:35:31,400 - poweroff_5_results - INFO - FlyncFind_averageCollisionNum: 5737.866666666667
2024-06-23 12:35:31,400 - poweroff_5_results - INFO - FlyncFind_sumCollisionNum: 172136
2024-06-23 12:35:31,401 - poweroff_5_results - INFO - Pulsar_averageSyn: 15211.814666666667
2024-06-23 12:35:31,401 - poweroff_5_results - INFO - Pulsar_averageDis: 77410.46666666666
2024-06-23 12:35:31,401 - poweroff_5_results - INFO - Pulsar_averageCollisionNum: 3.6
2024-06-23 12:35:31,401 - poweroff_5_results - INFO - Pulsar_sumCollisionNum: 108
2024-06-23 12:35:31,401 - poweroff_5_results - INFO - Free_beacon_averageSyn: 162.06933333333333
2024-06-23 12:35:31,401 - poweroff_5_results - INFO - Free_beacon_averageDis: 13202.133333333333
2024-06-23 12:35:31,401 - poweroff_5_results - INFO - Free_beacon_averageCollisionNum: 2.6
2024-06-23 12:35:31,401 - poweroff_5_results - INFO - Free_beacon_sumCollisionNum: 78
2024-06-23 12:35:31,402 - poweroff_5_results - INFO - Find_averageEnhancedSyn: 275.8364074634724
2024-06-23 12:35:31,402 - poweroff_5_results - INFO - Find_averageEnhancedDis: 0.0
2024-06-23 12:35:31,402 - poweroff_5_results - INFO - Find_averageEnhancedCollisionNum: 0.9999999999999998
2024-06-23 12:35:31,403 - poweroff_5_results - INFO - FlyncFind_averageEnhancedSyn: 2618.584227326576
2024-06-23 12:35:31,403 - poweroff_5_results - INFO - FlyncFind_averageEnhancedDis: 0.0
2024-06-23 12:35:31,403 - poweroff_5_results - INFO - FlyncFind_averageEnhancedCollisionNum: 0.9999999999999998
2024-06-23 12:35:31,403 - poweroff_5_results - INFO - Pulsar_averageEnhancedSyn: 93.85992003422403
2024-06-23 12:35:31,403 - poweroff_5_results - INFO - Pulsar_averageEnhancedDis: 5.863481659529772
2024-06-23 12:35:31,404 - poweroff_5_results - INFO - Pulsar_averageEnhancedCollisionNum: 1.0000000000000002
2024-06-23 17:00:01,483 - poweroff_5_results - INFO - *******************CARS_TRACE*******************
2024-06-23 17:00:01,483 - poweroff_5_results - INFO - Find_averageSyn: 146166082.264
2024-06-23 17:00:01,483 - poweroff_5_results - INFO - Find_averageDis: 0.0
2024-06-23 17:00:01,483 - poweroff_5_results - INFO - Find_averageCollisionNum: 0.8
2024-06-23 17:00:01,484 - poweroff_5_results - INFO - Find_sumCollisionNum: 24
2024-06-23 17:00:01,484 - poweroff_5_results - INFO - FlyncFind_averageSyn: 14338866.72
2024-06-23 17:00:01,484 - poweroff_5_results - INFO - FlyncFind_averageDis: 0.0
2024-06-23 17:00:01,484 - poweroff_5_results - INFO - FlyncFind_averageCollisionNum: 4.0
2024-06-23 17:00:01,484 - poweroff_5_results - INFO - FlyncFind_sumCollisionNum: 120
2024-06-23 17:00:01,484 - poweroff_5_results - INFO - Pulsar_averageSyn: 3031293.22
2024-06-23 17:00:01,484 - poweroff_5_results - INFO - Pulsar_averageDis: 1862537.7
2024-06-23 17:00:01,485 - poweroff_5_results - INFO - Pulsar_averageCollisionNum: 0.06666666666666667
2024-06-23 17:00:01,485 - poweroff_5_results - INFO - Pulsar_sumCollisionNum: 2
2024-06-23 17:00:01,485 - poweroff_5_results - INFO - Free_beacon_averageSyn: 492182.578
2024-06-23 17:00:01,485 - poweroff_5_results - INFO - Free_beacon_averageDis: 507896.3
2024-06-23 17:00:01,485 - poweroff_5_results - INFO - Free_beacon_averageCollisionNum: 0.0
2024-06-23 17:00:01,485 - poweroff_5_results - INFO - Free_beacon_sumCollisionNum: 0
2024-06-23 17:00:01,486 - poweroff_5_results - INFO - Find_averageEnhancedSyn: 296.97532744444277
2024-06-23 17:00:01,486 - poweroff_5_results - INFO - Find_averageEnhancedDis: 0.0
2024-06-23 17:00:01,486 - poweroff_5_results - INFO - Find_averageEnhancedCollisionNum: 1.0
2024-06-23 17:00:01,487 - poweroff_5_results - INFO - FlyncFind_averageEnhancedSyn: 29.133226897763134
2024-06-23 17:00:01,487 - poweroff_5_results - INFO - FlyncFind_averageEnhancedDis: 0.0
2024-06-23 17:00:01,487 - poweroff_5_results - INFO - FlyncFind_averageEnhancedCollisionNum: 1.0
2024-06-23 17:00:01,487 - poweroff_5_results - INFO - Pulsar_averageEnhancedSyn: 6.158879561153423
2024-06-23 17:00:01,488 - poweroff_5_results - INFO - Pulsar_averageEnhancedDis: 3.6671613870784254
2024-06-23 17:00:01,488 - poweroff_5_results - INFO - Pulsar_averageEnhancedCollisionNum: 1.0
2024-06-23 17:45:04,227 - poweroff_5_results - INFO - *******************JOGGING_TRACE*******************
2024-06-23 17:45:04,228 - poweroff_5_results - INFO - Find_averageSyn: 1604235.8866666667
2024-06-23 17:45:04,228 - poweroff_5_results - INFO - Find_averageDis: 0.0
2024-06-23 17:45:04,228 - poweroff_5_results - INFO - Find_averageCollisionNum: 4.466666666666667
2024-06-23 17:45:04,228 - poweroff_5_results - INFO - Find_sumCollisionNum: 134
2024-06-23 17:45:04,228 - poweroff_5_results - INFO - FlyncFind_averageSyn: 337955.56
2024-06-23 17:45:04,228 - poweroff_5_results - INFO - FlyncFind_averageDis: 0.0
2024-06-23 17:45:04,229 - poweroff_5_results - INFO - FlyncFind_averageCollisionNum: 44.86666666666667
2024-06-23 17:45:04,229 - poweroff_5_results - INFO - FlyncFind_sumCollisionNum: 1346
2024-06-23 17:45:04,229 - poweroff_5_results - INFO - Pulsar_averageSyn: 267624.934
2024-06-23 17:45:04,229 - poweroff_5_results - INFO - Pulsar_averageDis: 272209.9666666667
2024-06-23 17:45:04,229 - poweroff_5_results - INFO - Pulsar_averageCollisionNum: 0.26666666666666666
2024-06-23 17:45:04,229 - poweroff_5_results - INFO - Pulsar_sumCollisionNum: 8
2024-06-23 17:45:04,229 - poweroff_5_results - INFO - Free_beacon_averageSyn: 6362.252
2024-06-23 17:45:04,229 - poweroff_5_results - INFO - Free_beacon_averageDis: 43448.0
2024-06-23 17:45:04,230 - poweroff_5_results - INFO - Free_beacon_averageCollisionNum: 0.4
2024-06-23 17:45:04,230 - poweroff_5_results - INFO - Free_beacon_sumCollisionNum: 12
2024-06-23 17:45:04,230 - poweroff_5_results - INFO - Find_averageEnhancedSyn: 252.14906398971098
2024-06-23 17:45:04,230 - poweroff_5_results - INFO - Find_averageEnhancedDis: 0.0
2024-06-23 17:45:04,230 - poweroff_5_results - INFO - Find_averageEnhancedCollisionNum: 1.0
2024-06-23 17:45:04,231 - poweroff_5_results - INFO - FlyncFind_averageEnhancedSyn: 53.118857913833025
2024-06-23 17:45:04,231 - poweroff_5_results - INFO - FlyncFind_averageEnhancedDis: 0.0
2024-06-23 17:45:04,231 - poweroff_5_results - INFO - FlyncFind_averageEnhancedCollisionNum: 0.9999999999999999
2024-06-23 17:45:04,232 - poweroff_5_results - INFO - Pulsar_averageEnhancedSyn: 42.06449760242128
2024-06-23 17:45:04,232 - poweroff_5_results - INFO - Pulsar_averageEnhancedDis: 6.2651898054379185
2024-06-23 17:45:04,232 - poweroff_5_results - INFO - Pulsar_averageEnhancedCollisionNum: 1.0
2024-06-23 18:11:20,106 - poweroff_5_results - INFO - *******************OFFICE_TRACE*******************
2024-06-23 18:11:20,106 - poweroff_5_results - INFO - Find_averageSyn: 279771.29066666664
2024-06-23 18:11:20,106 - poweroff_5_results - INFO - Find_averageDis: 0.0
2024-06-23 18:11:20,106 - poweroff_5_results - INFO - Find_averageCollisionNum: 9.8
2024-06-23 18:11:20,106 - poweroff_5_results - INFO - Find_sumCollisionNum: 294
2024-06-23 18:11:20,107 - poweroff_5_results - INFO - FlyncFind_averageSyn: 132686.96
2024-06-23 18:11:20,107 - poweroff_5_results - INFO - FlyncFind_averageDis: 0.0
2024-06-23 18:11:20,107 - poweroff_5_results - INFO - FlyncFind_averageCollisionNum: 223.73333333333332
2024-06-23 18:11:20,107 - poweroff_5_results - INFO - FlyncFind_sumCollisionNum: 6712
2024-06-23 18:11:20,107 - poweroff_5_results - INFO - Pulsar_averageSyn: 54154.26666666667
2024-06-23 18:11:20,107 - poweroff_5_results - INFO - Pulsar_averageDis: 103681.8
2024-06-23 18:11:20,107 - poweroff_5_results - INFO - Pulsar_averageCollisionNum: 0.6333333333333333
2024-06-23 18:11:20,107 - poweroff_5_results - INFO - Pulsar_sumCollisionNum: 19
2024-06-23 18:11:20,108 - poweroff_5_results - INFO - Free_beacon_averageSyn: 1525.8866666666668
2024-06-23 18:11:20,108 - poweroff_5_results - INFO - Free_beacon_averageDis: 16705.366666666665
2024-06-23 18:11:20,108 - poweroff_5_results - INFO - Free_beacon_averageCollisionNum: 0.6666666666666666
2024-06-23 18:11:20,108 - poweroff_5_results - INFO - Free_beacon_sumCollisionNum: 20
2024-06-23 18:11:20,108 - poweroff_5_results - INFO - Find_averageEnhancedSyn: 183.3499805577522
2024-06-23 18:11:20,109 - poweroff_5_results - INFO - Find_averageEnhancedDis: 0.0
2024-06-23 18:11:20,109 - poweroff_5_results - INFO - Find_averageEnhancedCollisionNum: 1.0
2024-06-23 18:11:20,109 - poweroff_5_results - INFO - FlyncFind_averageEnhancedSyn: 86.95728385244863
2024-06-23 18:11:20,109 - poweroff_5_results - INFO - FlyncFind_averageEnhancedDis: 0.0
2024-06-23 18:11:20,109 - poweroff_5_results - INFO - FlyncFind_averageEnhancedCollisionNum: 0.9999999999999999
2024-06-23 18:11:20,110 - poweroff_5_results - INFO - Pulsar_averageEnhancedSyn: 35.49035970342926
2024-06-23 18:11:20,110 - poweroff_5_results - INFO - Pulsar_averageEnhancedDis: 6.206496515091957
2024-06-23 18:11:20,110 - poweroff_5_results - INFO - Pulsar_averageEnhancedCollisionNum: 1.0000000000000002
2024-06-23 19:08:47,450 - poweroff_5_results - INFO - *******************WASHER_TRACE*******************
2024-06-23 19:08:47,451 - poweroff_5_results - INFO - Find_averageSyn: 7324839.492
2024-06-23 19:08:47,451 - poweroff_5_results - INFO - Find_averageDis: 0.0
2024-06-23 19:08:47,451 - poweroff_5_results - INFO - Find_averageCollisionNum: 3.8
2024-06-23 19:08:47,451 - poweroff_5_results - INFO - Find_sumCollisionNum: 114
2024-06-23 19:08:47,451 - poweroff_5_results - INFO - FlyncFind_averageSyn: 3939760.4266666668
2024-06-23 19:08:47,452 - poweroff_5_results - INFO - FlyncFind_averageDis: 0.0
2024-06-23 19:08:47,452 - poweroff_5_results - INFO - FlyncFind_averageCollisionNum: 19.866666666666667
2024-06-23 19:08:47,452 - poweroff_5_results - INFO - FlyncFind_sumCollisionNum: 596
2024-06-23 19:08:47,452 - poweroff_5_results - INFO - Pulsar_averageSyn: 2295997.8333333335
2024-06-23 19:08:47,452 - poweroff_5_results - INFO - Pulsar_averageDis: 3102167.933333333
2024-06-23 19:08:47,452 - poweroff_5_results - INFO - Pulsar_averageCollisionNum: 0.36666666666666664
2024-06-23 19:08:47,452 - poweroff_5_results - INFO - Pulsar_sumCollisionNum: 11
2024-06-23 19:08:47,452 - poweroff_5_results - INFO - Free_beacon_averageSyn: 210390.58933333334
2024-06-23 19:08:47,453 - poweroff_5_results - INFO - Free_beacon_averageDis: 252227.56666666668
2024-06-23 19:08:47,453 - poweroff_5_results - INFO - Free_beacon_averageCollisionNum: 0.2
2024-06-23 19:08:47,453 - poweroff_5_results - INFO - Free_beacon_sumCollisionNum: 6
2024-06-23 19:08:47,453 - poweroff_5_results - INFO - Find_averageEnhancedSyn: 34.81543311994271
2024-06-23 19:08:47,453 - poweroff_5_results - INFO - Find_averageEnhancedDis: 0.0
2024-06-23 19:08:47,454 - poweroff_5_results - INFO - Find_averageEnhancedCollisionNum: 1.0
2024-06-23 19:08:47,454 - poweroff_5_results - INFO - FlyncFind_averageEnhancedSyn: 18.725934649218974
2024-06-23 19:08:47,454 - poweroff_5_results - INFO - FlyncFind_averageEnhancedDis: 0.0
2024-06-23 19:08:47,454 - poweroff_5_results - INFO - FlyncFind_averageEnhancedCollisionNum: 1.0
2024-06-23 19:08:47,455 - poweroff_5_results - INFO - Pulsar_averageEnhancedSyn: 10.913025343047346
2024-06-23 19:08:47,455 - poweroff_5_results - INFO - Pulsar_averageEnhancedDis: 12.299083618536539
2024-06-23 19:08:47,455 - poweroff_5_results - INFO - Pulsar_averageEnhancedCollisionNum: 1.0
2024-06-29 22:11:52,432 - poweroff_5_results - INFO - *******************STATIC_TRACE*******************
2024-06-29 22:11:52,433 - poweroff_5_results - INFO - Find_averageSyn: 147594.18266666666
2024-06-29 22:11:52,433 - poweroff_5_results - INFO - Find_averageDis: 0.0
2024-06-29 22:11:52,433 - poweroff_5_results - INFO - Find_averageCollisionNum: 16.133333333333333
2024-06-29 22:11:52,433 - poweroff_5_results - INFO - Find_sumCollisionNum: 484
2024-06-29 22:11:52,433 - poweroff_5_results - INFO - FlyncFind_averageSyn: 175693.908
2024-06-29 22:11:52,434 - poweroff_5_results - INFO - FlyncFind_averageDis: 0.0
2024-06-29 22:11:52,434 - poweroff_5_results - INFO - FlyncFind_averageCollisionNum: 717.0
2024-06-29 22:11:52,434 - poweroff_5_results - INFO - FlyncFind_sumCollisionNum: 21510
2024-06-29 22:11:52,434 - poweroff_5_results - INFO - Pulsar_averageSyn: 34779.36266666667
2024-06-29 22:11:52,434 - poweroff_5_results - INFO - Pulsar_averageDis: 120570.5
2024-06-29 22:11:52,434 - poweroff_5_results - INFO - Pulsar_averageCollisionNum: 1.3666666666666667
2024-06-29 22:11:52,434 - poweroff_5_results - INFO - Pulsar_sumCollisionNum: 41
2024-06-29 22:11:52,434 - poweroff_5_results - INFO - Free_beacon_averageSyn: 1858.324
2024-06-29 22:11:52,434 - poweroff_5_results - INFO - Free_beacon_averageDis: 19866.333333333332
2024-06-29 22:11:52,435 - poweroff_5_results - INFO - Free_beacon_averageCollisionNum: 3.8
2024-06-29 22:11:52,435 - poweroff_5_results - INFO - Free_beacon_sumCollisionNum: 114
2024-06-29 22:11:52,435 - poweroff_5_results - INFO - Find_averageEnhancedSyn: 79.4232774622007
2024-06-29 22:11:52,435 - poweroff_5_results - INFO - Find_averageEnhancedDis: 0.0
2024-06-29 22:11:52,435 - poweroff_5_results - INFO - Find_averageEnhancedCollisionNum: 1.0
2024-06-29 22:11:52,436 - poweroff_5_results - INFO - FlyncFind_averageEnhancedSyn: 94.54428183675182
2024-06-29 22:11:52,436 - poweroff_5_results - INFO - FlyncFind_averageEnhancedDis: 0.0
2024-06-29 22:11:52,436 - poweroff_5_results - INFO - FlyncFind_averageEnhancedCollisionNum: 1.0000000000000002
2024-06-29 22:11:52,437 - poweroff_5_results - INFO - Pulsar_averageEnhancedSyn: 18.715446104482677
2024-06-29 22:11:52,437 - poweroff_5_results - INFO - Pulsar_averageEnhancedDis: 6.069086729643115
2024-06-29 22:11:52,437 - poweroff_5_results - INFO - Pulsar_averageEnhancedCollisionNum: 1.0
2024-06-29 22:48:12,833 - poweroff_5_results - INFO - *******************COMPLEX_TRACE*******************
2024-06-29 22:48:12,834 - poweroff_5_results - INFO - Find_averageSyn: 889898.9773333333
2024-06-29 22:48:12,834 - poweroff_5_results - INFO - Find_averageDis: 0.0
2024-06-29 22:48:12,834 - poweroff_5_results - INFO - Find_averageCollisionNum: 4.2
2024-06-29 22:48:12,834 - poweroff_5_results - INFO - Find_sumCollisionNum: 126
2024-06-29 22:48:12,834 - poweroff_5_results - INFO - FlyncFind_averageSyn: 210489.45866666667
2024-06-29 22:48:12,834 - poweroff_5_results - INFO - FlyncFind_averageDis: 0.0
2024-06-29 22:48:12,835 - poweroff_5_results - INFO - FlyncFind_averageCollisionNum: 75.0
2024-06-29 22:48:12,835 - poweroff_5_results - INFO - FlyncFind_sumCollisionNum: 2250
2024-06-29 22:48:12,835 - poweroff_5_results - INFO - Pulsar_averageSyn: 149041.79733333332
2024-06-29 22:48:12,835 - poweroff_5_results - INFO - Pulsar_averageDis: 194191.3
2024-06-29 22:48:12,835 - poweroff_5_results - INFO - Pulsar_averageCollisionNum: 0.2
2024-06-29 22:48:12,835 - poweroff_5_results - INFO - Pulsar_sumCollisionNum: 6
2024-06-29 22:48:12,835 - poweroff_5_results - INFO - Free_beacon_averageSyn: 3095.2586666666666
2024-06-29 22:48:12,835 - poweroff_5_results - INFO - Free_beacon_averageDis: 28278.966666666667
2024-06-29 22:48:12,835 - poweroff_5_results - INFO - Free_beacon_averageCollisionNum: 0.2
2024-06-29 22:48:12,836 - poweroff_5_results - INFO - Free_beacon_sumCollisionNum: 6
2024-06-29 22:48:12,836 - poweroff_5_results - INFO - Find_averageEnhancedSyn: 287.503912650919
2024-06-29 22:48:12,836 - poweroff_5_results - INFO - Find_averageEnhancedDis: 0.0
2024-06-29 22:48:12,836 - poweroff_5_results - INFO - Find_averageEnhancedCollisionNum: 1.0
2024-06-29 22:48:12,837 - poweroff_5_results - INFO - FlyncFind_averageEnhancedSyn: 68.00383468220642
2024-06-29 22:48:12,837 - poweroff_5_results - INFO - FlyncFind_averageEnhancedDis: 0.0
2024-06-29 22:48:12,837 - poweroff_5_results - INFO - FlyncFind_averageEnhancedCollisionNum: 1.0
2024-06-29 22:48:12,838 - poweroff_5_results - INFO - Pulsar_averageEnhancedSyn: 48.151645269065284
2024-06-29 22:48:12,838 - poweroff_5_results - INFO - Pulsar_averageEnhancedDis: 6.866987124706347
2024-06-29 22:48:12,838 - poweroff_5_results - INFO - Pulsar_averageEnhancedCollisionNum: 1.0
2024-06-30 00:02:40,024 - poweroff_5_results - INFO - *******************STAIRS_TRACE*******************
2024-06-30 00:02:40,024 - poweroff_5_results - INFO - Find_averageSyn: 43227.07866666667
2024-06-30 00:02:40,024 - poweroff_5_results - INFO - Find_averageDis: 0.0
2024-06-30 00:02:40,024 - poweroff_5_results - INFO - Find_averageCollisionNum: 31.333333333333332
2024-06-30 00:02:40,024 - poweroff_5_results - INFO - Find_sumCollisionNum: 940
2024-06-30 00:02:40,025 - poweroff_5_results - INFO - FlyncFind_averageSyn: 387381.2266666667
2024-06-30 00:02:40,025 - poweroff_5_results - INFO - FlyncFind_averageDis: 0.0
2024-06-30 00:02:40,025 - poweroff_5_results - INFO - FlyncFind_averageCollisionNum: 5425.533333333334
2024-06-30 00:02:40,025 - poweroff_5_results - INFO - FlyncFind_sumCollisionNum: 162766
2024-06-30 00:02:40,025 - poweroff_5_results - INFO - Pulsar_averageSyn: 7255.644
2024-06-30 00:02:40,025 - poweroff_5_results - INFO - Pulsar_averageDis: 48432.566666666666
2024-06-30 00:02:40,025 - poweroff_5_results - INFO - Pulsar_averageCollisionNum: 1.8666666666666667
2024-06-30 00:02:40,025 - poweroff_5_results - INFO - Pulsar_sumCollisionNum: 56
2024-06-30 00:02:40,025 - poweroff_5_results - INFO - Free_beacon_averageSyn: 150.55333333333334
2024-06-30 00:02:40,026 - poweroff_5_results - INFO - Free_beacon_averageDis: 18699.366666666665
2024-06-30 00:02:40,026 - poweroff_5_results - INFO - Free_beacon_averageCollisionNum: 3.566666666666667
2024-06-30 00:02:40,026 - poweroff_5_results - INFO - Free_beacon_sumCollisionNum: 107
2024-06-30 00:02:40,026 - poweroff_5_results - INFO - Find_averageEnhancedSyn: 287.121365629013
2024-06-30 00:02:40,026 - poweroff_5_results - INFO - Find_averageEnhancedDis: 0.0
2024-06-30 00:02:40,026 - poweroff_5_results - INFO - Find_averageEnhancedCollisionNum: 1.0
2024-06-30 00:02:40,027 - poweroff_5_results - INFO - FlyncFind_averageEnhancedSyn: 2573.0498162334497
2024-06-30 00:02:40,027 - poweroff_5_results - INFO - FlyncFind_averageEnhancedDis: 0.0
2024-06-30 00:02:40,027 - poweroff_5_results - INFO - FlyncFind_averageEnhancedCollisionNum: 1.0
2024-06-30 00:02:40,028 - poweroff_5_results - INFO - Pulsar_averageEnhancedSyn: 48.193180711154405
2024-06-30 00:02:40,028 - poweroff_5_results - INFO - Pulsar_averageEnhancedDis: 2.590064547640651
2024-06-30 00:02:40,028 - poweroff_5_results - INFO - Pulsar_averageEnhancedCollisionNum: 1.0000000000000002
2024-06-30 04:35:42,974 - poweroff_5_results - INFO - *******************CARS_TRACE*******************
2024-06-30 04:35:42,975 - poweroff_5_results - INFO - Find_averageSyn: 159571931.69066668
2024-06-30 04:35:42,975 - poweroff_5_results - INFO - Find_averageDis: 0.0
2024-06-30 04:35:42,975 - poweroff_5_results - INFO - Find_averageCollisionNum: 0.26666666666666666
2024-06-30 04:35:42,975 - poweroff_5_results - INFO - Find_sumCollisionNum: 8
2024-06-30 04:35:42,975 - poweroff_5_results - INFO - FlyncFind_averageSyn: 15453975.8
2024-06-30 04:35:42,976 - poweroff_5_results - INFO - FlyncFind_averageDis: 0.0
2024-06-30 04:35:42,976 - poweroff_5_results - INFO - FlyncFind_averageCollisionNum: 4.066666666666666
2024-06-30 04:35:42,976 - poweroff_5_results - INFO - FlyncFind_sumCollisionNum: 122
2024-06-30 04:35:42,976 - poweroff_5_results - INFO - Pulsar_averageSyn: 3021651.146
2024-06-30 04:35:42,976 - poweroff_5_results - INFO - Pulsar_averageDis: 2356169.3666666667
2024-06-30 04:35:42,976 - poweroff_5_results - INFO - Pulsar_averageCollisionNum: 0.06666666666666667
2024-06-30 04:35:42,976 - poweroff_5_results - INFO - Pulsar_sumCollisionNum: 2
2024-06-30 04:35:42,976 - poweroff_5_results - INFO - Free_beacon_averageSyn: 517923.928
2024-06-30 04:35:42,976 - poweroff_5_results - INFO - Free_beacon_averageDis: 554101.8333333334
2024-06-30 04:35:42,977 - poweroff_5_results - INFO - Free_beacon_averageCollisionNum: 0.0
2024-06-30 04:35:42,977 - poweroff_5_results - INFO - Free_beacon_sumCollisionNum: 0
2024-06-30 04:35:42,977 - poweroff_5_results - INFO - Find_averageEnhancedSyn: 308.09916874639293
2024-06-30 04:35:42,977 - poweroff_5_results - INFO - Find_averageEnhancedDis: 0.0
2024-06-30 04:35:42,977 - poweroff_5_results - INFO - Find_averageEnhancedCollisionNum: 1.0
2024-06-30 04:35:42,978 - poweroff_5_results - INFO - FlyncFind_averageEnhancedSyn: 29.838312085090614
2024-06-30 04:35:42,978 - poweroff_5_results - INFO - FlyncFind_averageEnhancedDis: 0.0
2024-06-30 04:35:42,978 - poweroff_5_results - INFO - FlyncFind_averageEnhancedCollisionNum: 0.9999999999999998
2024-06-30 04:35:42,979 - poweroff_5_results - INFO - Pulsar_averageEnhancedSyn: 5.834160158748255
2024-06-30 04:35:42,979 - poweroff_5_results - INFO - Pulsar_averageEnhancedDis: 4.252231674622986
2024-06-30 04:35:42,979 - poweroff_5_results - INFO - Pulsar_averageEnhancedCollisionNum: 1.0
2024-06-30 05:22:04,367 - poweroff_5_results - INFO - *******************JOGGING_TRACE*******************
2024-06-30 05:22:04,367 - poweroff_5_results - INFO - Find_averageSyn: 1649111.02
2024-06-30 05:22:04,367 - poweroff_5_results - INFO - Find_averageDis: 0.0
2024-06-30 05:22:04,368 - poweroff_5_results - INFO - Find_averageCollisionNum: 4.066666666666666
2024-06-30 05:22:04,368 - poweroff_5_results - INFO - Find_sumCollisionNum: 122
2024-06-30 05:22:04,368 - poweroff_5_results - INFO - FlyncFind_averageSyn: 349725.9733333333
2024-06-30 05:22:04,368 - poweroff_5_results - INFO - FlyncFind_averageDis: 0.0
2024-06-30 05:22:04,368 - poweroff_5_results - INFO - FlyncFind_averageCollisionNum: 46.13333333333333
2024-06-30 05:22:04,368 - poweroff_5_results - INFO - FlyncFind_sumCollisionNum: 1384
2024-06-30 05:22:04,368 - poweroff_5_results - INFO - Pulsar_averageSyn: 256190.71266666666
2024-06-30 05:22:04,368 - poweroff_5_results - INFO - Pulsar_averageDis: 258668.8
2024-06-30 05:22:04,369 - poweroff_5_results - INFO - Pulsar_averageCollisionNum: 0.1
2024-06-30 05:22:04,369 - poweroff_5_results - INFO - Pulsar_sumCollisionNum: 3
2024-06-30 05:22:04,369 - poweroff_5_results - INFO - Free_beacon_averageSyn: 6034.137333333333
2024-06-30 05:22:04,369 - poweroff_5_results - INFO - Free_beacon_averageDis: 35783.433333333334
2024-06-30 05:22:04,369 - poweroff_5_results - INFO - Free_beacon_averageCollisionNum: 0.2
2024-06-30 05:22:04,369 - poweroff_5_results - INFO - Free_beacon_sumCollisionNum: 6
2024-06-30 05:22:04,370 - poweroff_5_results - INFO - Find_averageEnhancedSyn: 273.2968987779087
2024-06-30 05:22:04,370 - poweroff_5_results - INFO - Find_averageEnhancedDis: 0.0
2024-06-30 05:22:04,370 - poweroff_5_results - INFO - Find_averageEnhancedCollisionNum: 1.0
2024-06-30 05:22:04,370 - poweroff_5_results - INFO - FlyncFind_averageEnhancedSyn: 57.95790748768728
2024-06-30 05:22:04,370 - poweroff_5_results - INFO - FlyncFind_averageEnhancedDis: 0.0
2024-06-30 05:22:04,371 - poweroff_5_results - INFO - FlyncFind_averageEnhancedCollisionNum: 1.0
2024-06-30 05:22:04,371 - poweroff_5_results - INFO - Pulsar_averageEnhancedSyn: 42.456891269517016
2024-06-30 05:22:04,371 - poweroff_5_results - INFO - Pulsar_averageEnhancedDis: 7.228730613701126
2024-06-30 05:22:04,371 - poweroff_5_results - INFO - Pulsar_averageEnhancedCollisionNum: 1.0
2024-06-30 05:47:59,867 - poweroff_5_results - INFO - *******************OFFICE_TRACE*******************
2024-06-30 05:47:59,867 - poweroff_5_results - INFO - Find_averageSyn: 264348.20933333336
2024-06-30 05:47:59,868 - poweroff_5_results - INFO - Find_averageDis: 0.0
2024-06-30 05:47:59,868 - poweroff_5_results - INFO - Find_averageCollisionNum: 8.333333333333334
2024-06-30 05:47:59,868 - poweroff_5_results - INFO - Find_sumCollisionNum: 250
2024-06-30 05:47:59,868 - poweroff_5_results - INFO - FlyncFind_averageSyn: 133352.58533333332
2024-06-30 05:47:59,868 - poweroff_5_results - INFO - FlyncFind_averageDis: 0.0
2024-06-30 05:47:59,868 - poweroff_5_results - INFO - FlyncFind_averageCollisionNum: 227.4
2024-06-30 05:47:59,868 - poweroff_5_results - INFO - FlyncFind_sumCollisionNum: 6822
2024-06-30 05:47:59,868 - poweroff_5_results - INFO - Pulsar_averageSyn: 60326.912
2024-06-30 05:47:59,869 - poweroff_5_results - INFO - Pulsar_averageDis: 137734.3
2024-06-30 05:47:59,869 - poweroff_5_results - INFO - Pulsar_averageCollisionNum: 1.1
2024-06-30 05:47:59,869 - poweroff_5_results - INFO - Pulsar_sumCollisionNum: 33
2024-06-30 05:47:59,869 - poweroff_5_results - INFO - Free_beacon_averageSyn: 1493.184
2024-06-30 05:47:59,869 - poweroff_5_results - INFO - Free_beacon_averageDis: 17624.8
2024-06-30 05:47:59,869 - poweroff_5_results - INFO - Free_beacon_averageCollisionNum: 1.1333333333333333
2024-06-30 05:47:59,869 - poweroff_5_results - INFO - Free_beacon_sumCollisionNum: 34
2024-06-30 05:47:59,870 - poweroff_5_results - INFO - Find_averageEnhancedSyn: 177.03659383795525
2024-06-30 05:47:59,870 - poweroff_5_results - INFO - Find_averageEnhancedDis: 0.0
2024-06-30 05:47:59,870 - poweroff_5_results - INFO - Find_averageEnhancedCollisionNum: 0.9999999999999998
2024-06-30 05:47:59,871 - poweroff_5_results - INFO - FlyncFind_averageEnhancedSyn: 89.30753700370036
2024-06-30 05:47:59,871 - poweroff_5_results - INFO - FlyncFind_averageEnhancedDis: 0.0
2024-06-30 05:47:59,871 - poweroff_5_results - INFO - FlyncFind_averageEnhancedCollisionNum: 0.9999999999999999
2024-06-30 05:47:59,871 - poweroff_5_results - INFO - Pulsar_averageEnhancedSyn: 40.4015258668724
2024-06-30 05:47:59,872 - poweroff_5_results - INFO - Pulsar_averageEnhancedDis: 7.814800735327493
2024-06-30 05:47:59,872 - poweroff_5_results - INFO - Pulsar_averageEnhancedCollisionNum: 1.0
2024-06-30 06:42:57,359 - poweroff_5_results - INFO - *******************WASHER_TRACE*******************
2024-06-30 06:42:57,360 - poweroff_5_results - INFO - Find_averageSyn: 7231401.113333333
2024-06-30 06:42:57,360 - poweroff_5_results - INFO - Find_averageDis: 0.0
2024-06-30 06:42:57,360 - poweroff_5_results - INFO - Find_averageCollisionNum: 4.0
2024-06-30 06:42:57,360 - poweroff_5_results - INFO - Find_sumCollisionNum: 120
2024-06-30 06:42:57,360 - poweroff_5_results - INFO - FlyncFind_averageSyn: 3937926.2266666666
2024-06-30 06:42:57,361 - poweroff_5_results - INFO - FlyncFind_averageDis: 0.0
2024-06-30 06:42:57,361 - poweroff_5_results - INFO - FlyncFind_averageCollisionNum: 19.933333333333334
2024-06-30 06:42:57,361 - poweroff_5_results - INFO - FlyncFind_sumCollisionNum: 598
2024-06-30 06:42:57,361 - poweroff_5_results - INFO - Pulsar_averageSyn: 2340103.4286666666
2024-06-30 06:42:57,361 - poweroff_5_results - INFO - Pulsar_averageDis: 2949473.2
2024-06-30 06:42:57,361 - poweroff_5_results - INFO - Pulsar_averageCollisionNum: 0.16666666666666666
2024-06-30 06:42:57,361 - poweroff_5_results - INFO - Pulsar_sumCollisionNum: 5
2024-06-30 06:42:57,361 - poweroff_5_results - INFO - Free_beacon_averageSyn: 209647.65533333333
2024-06-30 06:42:57,361 - poweroff_5_results - INFO - Free_beacon_averageDis: 247824.63333333333
2024-06-30 06:42:57,362 - poweroff_5_results - INFO - Free_beacon_averageCollisionNum: 0.2
2024-06-30 06:42:57,362 - poweroff_5_results - INFO - Free_beacon_sumCollisionNum: 6
2024-06-30 06:42:57,362 - poweroff_5_results - INFO - Find_averageEnhancedSyn: 34.49311704362077
2024-06-30 06:42:57,362 - poweroff_5_results - INFO - Find_averageEnhancedDis: 0.0
2024-06-30 06:42:57,362 - poweroff_5_results - INFO - Find_averageEnhancedCollisionNum: 1.0
2024-06-30 06:42:57,363 - poweroff_5_results - INFO - FlyncFind_averageEnhancedSyn: 18.783545279366397
2024-06-30 06:42:57,363 - poweroff_5_results - INFO - FlyncFind_averageEnhancedDis: 0.0
2024-06-30 06:42:57,363 - poweroff_5_results - INFO - FlyncFind_averageEnhancedCollisionNum: 0.9999999999999999
2024-06-30 06:42:57,364 - poweroff_5_results - INFO - Pulsar_averageEnhancedSyn: 11.16207774871593
2024-06-30 06:42:57,364 - poweroff_5_results - INFO - Pulsar_averageEnhancedDis: 11.901452895656458
2024-06-30 06:42:57,364 - poweroff_5_results - INFO - Pulsar_averageEnhancedCollisionNum: 1.0
