2024-06-23 04:12:47,022 - scalability_51_20_results - INFO - *******************STATIC_TRACE*******************
2024-06-23 04:12:47,023 - scalability_51_20_results - INFO - Find_averageSyn: 94166.3
2024-06-23 04:12:47,023 - scalability_51_20_results - INFO - Find_averageDis: 0.0
2024-06-23 04:12:47,023 - scalability_51_20_results - INFO - Find_averageCollisionNum: 10.1
2024-06-23 04:12:47,023 - scalability_51_20_results - INFO - Find_sumCollisionNum: 202
2024-06-23 04:12:47,023 - scalability_51_20_results - INFO - FlyncFind_averageSyn: 61102.84
2024-06-23 04:12:47,023 - scalability_51_20_results - INFO - FlyncFind_averageDis: 0.0
2024-06-23 04:12:47,023 - scalability_51_20_results - INFO - FlyncFind_averageCollisionNum: 290.6
2024-06-23 04:12:47,023 - scalability_51_20_results - INFO - FlyncFind_sumCollisionNum: 5812
2024-06-23 04:12:47,024 - scalability_51_20_results - INFO - Pulsar_averageSyn: 1540.308
2024-06-23 04:12:47,024 - scalability_51_20_results - INFO - Pulsar_averageDis: 36791.0
2024-06-23 04:12:47,024 - scalability_51_20_results - INFO - Pulsar_averageCollisionNum: 0.65
2024-06-23 04:12:47,024 - scalability_51_20_results - INFO - Pulsar_sumCollisionNum: 13
2024-06-23 04:12:47,024 - scalability_51_20_results - INFO - Free_beacon_averageSyn: 3004.474
2024-06-23 04:12:47,024 - scalability_51_20_results - INFO - Free_beacon_averageDis: 16874.55
2024-06-23 04:12:47,024 - scalability_51_20_results - INFO - Free_beacon_averageCollisionNum: 3.05
2024-06-23 04:12:47,024 - scalability_51_20_results - INFO - Free_beacon_sumCollisionNum: 61
2024-06-23 04:12:47,025 - scalability_51_20_results - INFO - Find_averageEnhancedSyn: 31.342025259662755
2024-06-23 04:12:47,025 - scalability_51_20_results - INFO - Find_averageEnhancedDis: 0.0
2024-06-23 04:12:47,025 - scalability_51_20_results - INFO - Find_averageEnhancedCollisionNum: 0.9999999999999997
2024-06-23 04:12:47,025 - scalability_51_20_results - INFO - FlyncFind_averageEnhancedSyn: 20.337283664295313
2024-06-23 04:12:47,025 - scalability_51_20_results - INFO - FlyncFind_averageEnhancedDis: 0.0
2024-06-23 04:12:47,026 - scalability_51_20_results - INFO - FlyncFind_averageEnhancedCollisionNum: 1.0
2024-06-23 04:12:47,026 - scalability_51_20_results - INFO - Pulsar_averageEnhancedSyn: 0.5126714359984477
2024-06-23 04:12:47,026 - scalability_51_20_results - INFO - Pulsar_averageEnhancedDis: 2.180265547822016
2024-06-23 04:12:47,026 - scalability_51_20_results - INFO - Pulsar_averageEnhancedCollisionNum: 0.9999999999999998
2024-06-23 04:27:57,279 - scalability_51_20_results - INFO - *******************COMPLEX_TRACE*******************
2024-06-23 04:27:57,279 - scalability_51_20_results - INFO - Find_averageSyn: 583379.916
2024-06-23 04:27:57,279 - scalability_51_20_results - INFO - Find_averageDis: 0.0
2024-06-23 04:27:57,279 - scalability_51_20_results - INFO - Find_averageCollisionNum: 3.6
2024-06-23 04:27:57,279 - scalability_51_20_results - INFO - Find_sumCollisionNum: 72
2024-06-23 04:27:57,279 - scalability_51_20_results - INFO - FlyncFind_averageSyn: 94745.72
2024-06-23 04:27:57,280 - scalability_51_20_results - INFO - FlyncFind_averageDis: 0.0
2024-06-23 04:27:57,280 - scalability_51_20_results - INFO - FlyncFind_averageCollisionNum: 38.3
2024-06-23 04:27:57,280 - scalability_51_20_results - INFO - FlyncFind_sumCollisionNum: 766
2024-06-23 04:27:57,280 - scalability_51_20_results - INFO - Pulsar_averageSyn: 6173.804
2024-06-23 04:27:57,280 - scalability_51_20_results - INFO - Pulsar_averageDis: 70374.55
2024-06-23 04:27:57,280 - scalability_51_20_results - INFO - Pulsar_averageCollisionNum: 0.45
2024-06-23 04:27:57,280 - scalability_51_20_results - INFO - Pulsar_sumCollisionNum: 9
2024-06-23 04:27:57,280 - scalability_51_20_results - INFO - Free_beacon_averageSyn: 2641.694
2024-06-23 04:27:57,280 - scalability_51_20_results - INFO - Free_beacon_averageDis: 25311.0
2024-06-23 04:27:57,281 - scalability_51_20_results - INFO - Free_beacon_averageCollisionNum: 0.5
2024-06-23 04:27:57,281 - scalability_51_20_results - INFO - Free_beacon_sumCollisionNum: 10
2024-06-23 04:27:57,281 - scalability_51_20_results - INFO - Find_averageEnhancedSyn: 220.83553810547323
2024-06-23 04:27:57,281 - scalability_51_20_results - INFO - Find_averageEnhancedDis: 0.0
2024-06-23 04:27:57,281 - scalability_51_20_results - INFO - Find_averageEnhancedCollisionNum: 1.0000000000000002
2024-06-23 04:27:57,282 - scalability_51_20_results - INFO - FlyncFind_averageEnhancedSyn: 35.86551659654752
2024-06-23 04:27:57,282 - scalability_51_20_results - INFO - FlyncFind_averageEnhancedDis: 0.0
2024-06-23 04:27:57,282 - scalability_51_20_results - INFO - FlyncFind_averageEnhancedCollisionNum: 1.0000000000000002
2024-06-23 04:27:57,282 - scalability_51_20_results - INFO - Pulsar_averageEnhancedSyn: 2.3370625061040378
2024-06-23 04:27:57,282 - scalability_51_20_results - INFO - Pulsar_averageEnhancedDis: 2.7803938998854254
2024-06-23 04:27:57,283 - scalability_51_20_results - INFO - Pulsar_averageEnhancedCollisionNum: 1.0
2024-06-23 04:40:36,733 - scalability_51_20_results - INFO - *******************STAIRS_TRACE*******************
2024-06-23 04:40:36,733 - scalability_51_20_results - INFO - Find_averageSyn: 29159.526
2024-06-23 04:40:36,733 - scalability_51_20_results - INFO - Find_averageDis: 0.0
2024-06-23 04:40:36,733 - scalability_51_20_results - INFO - Find_averageCollisionNum: 20.4
2024-06-23 04:40:36,733 - scalability_51_20_results - INFO - Find_sumCollisionNum: 408
2024-06-23 04:40:36,734 - scalability_51_20_results - INFO - FlyncFind_averageSyn: 79615.388
2024-06-23 04:40:36,734 - scalability_51_20_results - INFO - FlyncFind_averageDis: 0.0
2024-06-23 04:40:36,734 - scalability_51_20_results - INFO - FlyncFind_averageCollisionNum: 1806.3
2024-06-23 04:40:36,734 - scalability_51_20_results - INFO - FlyncFind_sumCollisionNum: 36126
2024-06-23 04:40:36,734 - scalability_51_20_results - INFO - Pulsar_averageSyn: 396.484
2024-06-23 04:40:36,734 - scalability_51_20_results - INFO - Pulsar_averageDis: 20025.15
2024-06-23 04:40:36,734 - scalability_51_20_results - INFO - Pulsar_averageCollisionNum: 0.5
2024-06-23 04:40:36,734 - scalability_51_20_results - INFO - Pulsar_sumCollisionNum: 10
2024-06-23 04:40:36,735 - scalability_51_20_results - INFO - Free_beacon_averageSyn: 133.412
2024-06-23 04:40:36,735 - scalability_51_20_results - INFO - Free_beacon_averageDis: 8014.3
2024-06-23 04:40:36,735 - scalability_51_20_results - INFO - Free_beacon_averageCollisionNum: 1.8
2024-06-23 04:40:36,735 - scalability_51_20_results - INFO - Free_beacon_sumCollisionNum: 36
2024-06-23 04:40:36,735 - scalability_51_20_results - INFO - Find_averageEnhancedSyn: 218.56749018079333
2024-06-23 04:40:36,735 - scalability_51_20_results - INFO - Find_averageEnhancedDis: 0.0
2024-06-23 04:40:36,735 - scalability_51_20_results - INFO - Find_averageEnhancedCollisionNum: 1.0
2024-06-23 04:40:36,736 - scalability_51_20_results - INFO - FlyncFind_averageEnhancedSyn: 596.7633196414116
2024-06-23 04:40:36,736 - scalability_51_20_results - INFO - FlyncFind_averageEnhancedDis: 0.0
2024-06-23 04:40:36,736 - scalability_51_20_results - INFO - FlyncFind_averageEnhancedCollisionNum: 0.9999999999999997
2024-06-23 04:40:36,736 - scalability_51_20_results - INFO - Pulsar_averageEnhancedSyn: 2.9718765928102417
2024-06-23 04:40:36,737 - scalability_51_20_results - INFO - Pulsar_averageEnhancedDis: 2.498677364211472
2024-06-23 04:40:36,737 - scalability_51_20_results - INFO - Pulsar_averageEnhancedCollisionNum: 1.0
2024-06-23 06:36:38,999 - scalability_51_20_results - INFO - *******************CARS_TRACE*******************
2024-06-23 06:36:38,999 - scalability_51_20_results - INFO - Find_averageSyn: 104501663.78
2024-06-23 06:36:38,999 - scalability_51_20_results - INFO - Find_averageDis: 0.0
2024-06-23 06:36:38,999 - scalability_51_20_results - INFO - Find_averageCollisionNum: 0.3
2024-06-23 06:36:38,999 - scalability_51_20_results - INFO - Find_sumCollisionNum: 6
2024-06-23 06:36:39,000 - scalability_51_20_results - INFO - FlyncFind_averageSyn: 9626079.5
2024-06-23 06:36:39,000 - scalability_51_20_results - INFO - FlyncFind_averageDis: 0.0
2024-06-23 06:36:39,000 - scalability_51_20_results - INFO - FlyncFind_averageCollisionNum: 2.8
2024-06-23 06:36:39,000 - scalability_51_20_results - INFO - FlyncFind_sumCollisionNum: 56
2024-06-23 06:36:39,000 - scalability_51_20_results - INFO - Pulsar_averageSyn: 844416.785
2024-06-23 06:36:39,000 - scalability_51_20_results - INFO - Pulsar_averageDis: 840125.3
2024-06-23 06:36:39,000 - scalability_51_20_results - INFO - Pulsar_averageCollisionNum: 0.1
2024-06-23 06:36:39,000 - scalability_51_20_results - INFO - Pulsar_sumCollisionNum: 2
2024-06-23 06:36:39,000 - scalability_51_20_results - INFO - Free_beacon_averageSyn: 489815.53
2024-06-23 06:36:39,000 - scalability_51_20_results - INFO - Free_beacon_averageDis: 207750.35
2024-06-23 06:36:39,001 - scalability_51_20_results - INFO - Free_beacon_averageCollisionNum: 0.0
2024-06-23 06:36:39,001 - scalability_51_20_results - INFO - Free_beacon_sumCollisionNum: 0
2024-06-23 06:36:39,001 - scalability_51_20_results - INFO - Find_averageEnhancedSyn: 213.3490209671384
2024-06-23 06:36:39,001 - scalability_51_20_results - INFO - Find_averageEnhancedDis: 0.0
2024-06-23 06:36:39,001 - scalability_51_20_results - INFO - Find_averageEnhancedCollisionNum: 1.0
2024-06-23 06:36:39,002 - scalability_51_20_results - INFO - FlyncFind_averageEnhancedSyn: 19.65245875319633
2024-06-23 06:36:39,002 - scalability_51_20_results - INFO - FlyncFind_averageEnhancedDis: 0.0
2024-06-23 06:36:39,002 - scalability_51_20_results - INFO - FlyncFind_averageEnhancedCollisionNum: 1.0
2024-06-23 06:36:39,002 - scalability_51_20_results - INFO - Pulsar_averageEnhancedSyn: 1.7239485750890748
2024-06-23 06:36:39,002 - scalability_51_20_results - INFO - Pulsar_averageEnhancedDis: 4.043917615541924
2024-06-23 06:36:39,003 - scalability_51_20_results - INFO - Pulsar_averageEnhancedCollisionNum: 1.0
2024-06-23 06:54:52,544 - scalability_51_20_results - INFO - *******************JOGGING_TRACE*******************
2024-06-23 06:54:52,544 - scalability_51_20_results - INFO - Find_averageSyn: 1042134.262
2024-06-23 06:54:52,544 - scalability_51_20_results - INFO - Find_averageDis: 0.0
2024-06-23 06:54:52,544 - scalability_51_20_results - INFO - Find_averageCollisionNum: 2.3
2024-06-23 06:54:52,544 - scalability_51_20_results - INFO - Find_sumCollisionNum: 46
2024-06-23 06:54:52,545 - scalability_51_20_results - INFO - FlyncFind_averageSyn: 186480.998
2024-06-23 06:54:52,545 - scalability_51_20_results - INFO - FlyncFind_averageDis: 0.0
2024-06-23 06:54:52,545 - scalability_51_20_results - INFO - FlyncFind_averageCollisionNum: 25.8
2024-06-23 06:54:52,545 - scalability_51_20_results - INFO - FlyncFind_sumCollisionNum: 516
2024-06-23 06:54:52,545 - scalability_51_20_results - INFO - Pulsar_averageSyn: 11551.166
2024-06-23 06:54:52,545 - scalability_51_20_results - INFO - Pulsar_averageDis: 116301.8
2024-06-23 06:54:52,545 - scalability_51_20_results - INFO - Pulsar_averageCollisionNum: 0.3
2024-06-23 06:54:52,545 - scalability_51_20_results - INFO - Pulsar_sumCollisionNum: 6
2024-06-23 06:54:52,545 - scalability_51_20_results - INFO - Free_beacon_averageSyn: 5716.186
2024-06-23 06:54:52,545 - scalability_51_20_results - INFO - Free_beacon_averageDis: 23319.05
2024-06-23 06:54:52,546 - scalability_51_20_results - INFO - Free_beacon_averageCollisionNum: 0.3
2024-06-23 06:54:52,546 - scalability_51_20_results - INFO - Free_beacon_sumCollisionNum: 6
2024-06-23 06:54:52,546 - scalability_51_20_results - INFO - Find_averageEnhancedSyn: 182.31286770584444
2024-06-23 06:54:52,546 - scalability_51_20_results - INFO - Find_averageEnhancedDis: 0.0
2024-06-23 06:54:52,546 - scalability_51_20_results - INFO - Find_averageEnhancedCollisionNum: 1.0
2024-06-23 06:54:52,547 - scalability_51_20_results - INFO - FlyncFind_averageEnhancedSyn: 32.62332576301751
2024-06-23 06:54:52,547 - scalability_51_20_results - INFO - FlyncFind_averageEnhancedDis: 0.0
2024-06-23 06:54:52,547 - scalability_51_20_results - INFO - FlyncFind_averageEnhancedCollisionNum: 1.0
2024-06-23 06:54:52,547 - scalability_51_20_results - INFO - Pulsar_averageEnhancedSyn: 2.020782038932953
2024-06-23 06:54:52,548 - scalability_51_20_results - INFO - Pulsar_averageEnhancedDis: 4.987415868142142
2024-06-23 06:54:52,548 - scalability_51_20_results - INFO - Pulsar_averageEnhancedCollisionNum: 1.0
2024-06-23 07:03:55,534 - scalability_51_20_results - INFO - *******************OFFICE_TRACE*******************
2024-06-23 07:03:55,535 - scalability_51_20_results - INFO - Find_averageSyn: 171604.906
2024-06-23 07:03:55,535 - scalability_51_20_results - INFO - Find_averageDis: 0.0
2024-06-23 07:03:55,535 - scalability_51_20_results - INFO - Find_averageCollisionNum: 6.6
2024-06-23 07:03:55,535 - scalability_51_20_results - INFO - Find_sumCollisionNum: 132
2024-06-23 07:03:55,535 - scalability_51_20_results - INFO - FlyncFind_averageSyn: 53117.08
2024-06-23 07:03:55,535 - scalability_51_20_results - INFO - FlyncFind_averageDis: 0.0
2024-06-23 07:03:55,535 - scalability_51_20_results - INFO - FlyncFind_averageCollisionNum: 108.3
2024-06-23 07:03:55,535 - scalability_51_20_results - INFO - FlyncFind_sumCollisionNum: 2166
2024-06-23 07:03:55,535 - scalability_51_20_results - INFO - Pulsar_averageSyn: 2791.2
2024-06-23 07:03:55,536 - scalability_51_20_results - INFO - Pulsar_averageDis: 52622.55
2024-06-23 07:03:55,536 - scalability_51_20_results - INFO - Pulsar_averageCollisionNum: 0.4
2024-06-23 07:03:55,536 - scalability_51_20_results - INFO - Pulsar_sumCollisionNum: 8
2024-06-23 07:03:55,536 - scalability_51_20_results - INFO - Free_beacon_averageSyn: 1625.17
2024-06-23 07:03:55,536 - scalability_51_20_results - INFO - Free_beacon_averageDis: 9110.45
2024-06-23 07:03:55,536 - scalability_51_20_results - INFO - Free_beacon_averageCollisionNum: 0.15
2024-06-23 07:03:55,536 - scalability_51_20_results - INFO - Free_beacon_sumCollisionNum: 3
2024-06-23 07:03:55,537 - scalability_51_20_results - INFO - Find_averageEnhancedSyn: 105.59197253210432
2024-06-23 07:03:55,537 - scalability_51_20_results - INFO - Find_averageEnhancedDis: 0.0
2024-06-23 07:03:55,537 - scalability_51_20_results - INFO - Find_averageEnhancedCollisionNum: 0.9999999999999998
2024-06-23 07:03:55,537 - scalability_51_20_results - INFO - FlyncFind_averageEnhancedSyn: 32.68401459539617
2024-06-23 07:03:55,537 - scalability_51_20_results - INFO - FlyncFind_averageEnhancedDis: 0.0
2024-06-23 07:03:55,537 - scalability_51_20_results - INFO - FlyncFind_averageEnhancedCollisionNum: 1.0
2024-06-23 07:03:55,538 - scalability_51_20_results - INFO - Pulsar_averageEnhancedSyn: 1.717481863435825
2024-06-23 07:03:55,538 - scalability_51_20_results - INFO - Pulsar_averageEnhancedDis: 5.776064848607917
2024-06-23 07:03:55,538 - scalability_51_20_results - INFO - Pulsar_averageEnhancedCollisionNum: 1.0
2024-06-23 07:30:52,897 - scalability_51_20_results - INFO - *******************WASHER_TRACE*******************
2024-06-23 07:30:52,898 - scalability_51_20_results - INFO - Find_averageSyn: 6131213.0
2024-06-23 07:30:52,898 - scalability_51_20_results - INFO - Find_averageDis: 0.0
2024-06-23 07:30:52,898 - scalability_51_20_results - INFO - Find_averageCollisionNum: 2.3
2024-06-23 07:30:52,898 - scalability_51_20_results - INFO - Find_sumCollisionNum: 46
2024-06-23 07:30:52,898 - scalability_51_20_results - INFO - FlyncFind_averageSyn: 3556956.364
2024-06-23 07:30:52,898 - scalability_51_20_results - INFO - FlyncFind_averageDis: 0.0
2024-06-23 07:30:52,898 - scalability_51_20_results - INFO - FlyncFind_averageCollisionNum: 12.8
2024-06-23 07:30:52,898 - scalability_51_20_results - INFO - FlyncFind_sumCollisionNum: 256
2024-06-23 07:30:52,898 - scalability_51_20_results - INFO - Pulsar_averageSyn: 330464.99
2024-06-23 07:30:52,899 - scalability_51_20_results - INFO - Pulsar_averageDis: 490231.6
2024-06-23 07:30:52,899 - scalability_51_20_results - INFO - Pulsar_averageCollisionNum: 0.1
2024-06-23 07:30:52,899 - scalability_51_20_results - INFO - Pulsar_sumCollisionNum: 2
2024-06-23 07:30:52,899 - scalability_51_20_results - INFO - Free_beacon_averageSyn: 199184.095
2024-06-23 07:30:52,899 - scalability_51_20_results - INFO - Free_beacon_averageDis: 196689.95
2024-06-23 07:30:52,899 - scalability_51_20_results - INFO - Free_beacon_averageCollisionNum: 0.0
2024-06-23 07:30:52,899 - scalability_51_20_results - INFO - Free_beacon_sumCollisionNum: 0
2024-06-23 07:30:52,900 - scalability_51_20_results - INFO - Find_averageEnhancedSyn: 30.78163946774967
2024-06-23 07:30:52,900 - scalability_51_20_results - INFO - Find_averageEnhancedDis: 0.0
2024-06-23 07:30:52,900 - scalability_51_20_results - INFO - Find_averageEnhancedCollisionNum: 1.0
2024-06-23 07:30:52,900 - scalability_51_20_results - INFO - FlyncFind_averageEnhancedSyn: 17.857632478135365
2024-06-23 07:30:52,900 - scalability_51_20_results - INFO - FlyncFind_averageEnhancedDis: 0.0
2024-06-23 07:30:52,900 - scalability_51_20_results - INFO - FlyncFind_averageEnhancedCollisionNum: 1.0
2024-06-23 07:30:52,901 - scalability_51_20_results - INFO - Pulsar_averageEnhancedSyn: 1.6590932624414614
2024-06-23 07:30:52,901 - scalability_51_20_results - INFO - Pulsar_averageEnhancedDis: 2.4924079750897286
2024-06-23 07:30:52,901 - scalability_51_20_results - INFO - Pulsar_averageEnhancedCollisionNum: 1.0
