2024-06-24 12:11:59,897 - scalability_51_40_results - INFO - *******************STATIC_TRACE*******************
2024-06-24 12:11:59,897 - scalability_51_40_results - INFO - Find_averageSyn: 211304.621
2024-06-24 12:11:59,897 - scalability_51_40_results - INFO - Find_averageDis: 0.0
2024-06-24 12:11:59,897 - scalability_51_40_results - INFO - Find_averageCollisionNum: 21.35
2024-06-24 12:11:59,897 - scalability_51_40_results - INFO - Find_sumCollisionNum: 854
2024-06-24 12:11:59,898 - scalability_51_40_results - INFO - FlyncFind_averageSyn: 598870.99
2024-06-24 12:11:59,898 - scalability_51_40_results - INFO - FlyncFind_averageDis: 0.0
2024-06-24 12:11:59,898 - scalability_51_40_results - INFO - FlyncFind_averageCollisionNum: 2026.35
2024-06-24 12:11:59,898 - scalability_51_40_results - INFO - FlyncFind_sumCollisionNum: 81054
2024-06-24 12:11:59,898 - scalability_51_40_results - INFO - Pulsar_averageSyn: 880.379
2024-06-24 12:11:59,898 - scalability_51_40_results - INFO - Pulsar_averageDis: 219628.2
2024-06-24 12:11:59,898 - scalability_51_40_results - INFO - Pulsar_averageCollisionNum: 1.675
2024-06-24 12:11:59,898 - scalability_51_40_results - INFO - Pulsar_sumCollisionNum: 67
2024-06-24 12:11:59,899 - scalability_51_40_results - INFO - Free_beacon_averageSyn: 3209.703
2024-06-24 12:11:59,899 - scalability_51_40_results - INFO - Free_beacon_averageDis: 31447.725
2024-06-24 12:11:59,899 - scalability_51_40_results - INFO - Free_beacon_averageCollisionNum: 3.125
2024-06-24 12:11:59,899 - scalability_51_40_results - INFO - Free_beacon_sumCollisionNum: 125
2024-06-24 12:11:59,900 - scalability_51_40_results - INFO - Find_averageEnhancedSyn: 65.83307583287302
2024-06-24 12:11:59,900 - scalability_51_40_results - INFO - Find_averageEnhancedDis: 0.0
2024-06-24 12:11:59,900 - scalability_51_40_results - INFO - Find_averageEnhancedCollisionNum: 1.0
2024-06-24 12:11:59,901 - scalability_51_40_results - INFO - FlyncFind_averageEnhancedSyn: 186.58143448163273
2024-06-24 12:11:59,901 - scalability_51_40_results - INFO - FlyncFind_averageEnhancedDis: 0.0
2024-06-24 12:11:59,901 - scalability_51_40_results - INFO - FlyncFind_averageEnhancedCollisionNum: 1.0000000000000002
2024-06-24 12:11:59,901 - scalability_51_40_results - INFO - Pulsar_averageEnhancedSyn: 0.2742867486493299
2024-06-24 12:11:59,902 - scalability_51_40_results - INFO - Pulsar_averageEnhancedDis: 6.983913780726588
2024-06-24 12:11:59,902 - scalability_51_40_results - INFO - Pulsar_averageEnhancedCollisionNum: 1.0
2024-06-24 13:19:43,052 - scalability_51_40_results - INFO - *******************COMPLEX_TRACE*******************
2024-06-24 13:19:43,053 - scalability_51_40_results - INFO - Find_averageSyn: 1100334.52
2024-06-24 13:19:43,053 - scalability_51_40_results - INFO - Find_averageDis: 0.0
2024-06-24 13:19:43,053 - scalability_51_40_results - INFO - Find_averageCollisionNum: 6.35
2024-06-24 13:19:43,053 - scalability_51_40_results - INFO - Find_sumCollisionNum: 254
2024-06-24 13:19:43,053 - scalability_51_40_results - INFO - FlyncFind_averageSyn: 345814.745
2024-06-24 13:19:43,053 - scalability_51_40_results - INFO - FlyncFind_averageDis: 0.0
2024-06-24 13:19:43,053 - scalability_51_40_results - INFO - FlyncFind_averageCollisionNum: 118.6
2024-06-24 13:19:43,054 - scalability_51_40_results - INFO - FlyncFind_sumCollisionNum: 4744
2024-06-24 13:19:43,054 - scalability_51_40_results - INFO - Pulsar_averageSyn: 4024.506
2024-06-24 13:19:43,054 - scalability_51_40_results - INFO - Pulsar_averageDis: 406718.45
2024-06-24 13:19:43,054 - scalability_51_40_results - INFO - Pulsar_averageCollisionNum: 0.75
2024-06-24 13:19:43,054 - scalability_51_40_results - INFO - Pulsar_sumCollisionNum: 30
2024-06-24 13:19:43,054 - scalability_51_40_results - INFO - Free_beacon_averageSyn: 2984.572
2024-06-24 13:19:43,054 - scalability_51_40_results - INFO - Free_beacon_averageDis: 30398.0
2024-06-24 13:19:43,054 - scalability_51_40_results - INFO - Free_beacon_averageCollisionNum: 0.225
2024-06-24 13:19:43,055 - scalability_51_40_results - INFO - Free_beacon_sumCollisionNum: 9
2024-06-24 13:19:43,055 - scalability_51_40_results - INFO - Find_averageEnhancedSyn: 368.6741415519545
2024-06-24 13:19:43,055 - scalability_51_40_results - INFO - Find_averageEnhancedDis: 0.0
2024-06-24 13:19:43,055 - scalability_51_40_results - INFO - Find_averageEnhancedCollisionNum: 1.0
2024-06-24 13:19:43,056 - scalability_51_40_results - INFO - FlyncFind_averageEnhancedSyn: 115.86744933611921
2024-06-24 13:19:43,056 - scalability_51_40_results - INFO - FlyncFind_averageEnhancedDis: 0.0
2024-06-24 13:19:43,056 - scalability_51_40_results - INFO - FlyncFind_averageEnhancedCollisionNum: 1.0
2024-06-24 13:19:43,057 - scalability_51_40_results - INFO - Pulsar_averageEnhancedSyn: 1.3484365597479302
2024-06-24 13:19:43,057 - scalability_51_40_results - INFO - Pulsar_averageEnhancedDis: 13.37977663004145
2024-06-24 13:19:43,057 - scalability_51_40_results - INFO - Pulsar_averageEnhancedCollisionNum: 1.0
2024-06-24 19:49:42,340 - scalability_51_40_results - INFO - *******************STAIRS_TRACE*******************
2024-06-24 19:49:42,340 - scalability_51_40_results - INFO - Find_averageSyn: 74223.656
2024-06-24 19:49:42,340 - scalability_51_40_results - INFO - Find_averageDis: 0.0
2024-06-24 19:49:42,340 - scalability_51_40_results - INFO - Find_averageCollisionNum: 53.2
2024-06-24 19:49:42,340 - scalability_51_40_results - INFO - Find_sumCollisionNum: 2128
2024-06-24 19:49:42,341 - scalability_51_40_results - INFO - FlyncFind_averageSyn: 1928574.23
2024-06-24 19:49:42,341 - scalability_51_40_results - INFO - FlyncFind_averageDis: 0.0
2024-06-24 19:49:42,341 - scalability_51_40_results - INFO - FlyncFind_averageCollisionNum: 17457.2
2024-06-24 19:49:42,341 - scalability_51_40_results - INFO - FlyncFind_sumCollisionNum: 698288
2024-06-24 19:49:42,341 - scalability_51_40_results - INFO - Pulsar_averageSyn: 356.251
2024-06-24 19:49:42,341 - scalability_51_40_results - INFO - Pulsar_averageDis: 170871.325
2024-06-24 19:49:42,341 - scalability_51_40_results - INFO - Pulsar_averageCollisionNum: 2.7
2024-06-24 19:49:42,341 - scalability_51_40_results - INFO - Pulsar_sumCollisionNum: 108
2024-06-24 19:49:42,342 - scalability_51_40_results - INFO - Free_beacon_averageSyn: 142.579
2024-06-24 19:49:42,342 - scalability_51_40_results - INFO - Free_beacon_averageDis: 16463.125
2024-06-24 19:49:42,342 - scalability_51_40_results - INFO - Free_beacon_averageCollisionNum: 1.675
2024-06-24 19:49:42,342 - scalability_51_40_results - INFO - Free_beacon_sumCollisionNum: 67
2024-06-24 19:49:42,343 - scalability_51_40_results - INFO - Find_averageEnhancedSyn: 520.5791596237875
2024-06-24 19:49:42,343 - scalability_51_40_results - INFO - Find_averageEnhancedDis: 0.0
2024-06-24 19:49:42,343 - scalability_51_40_results - INFO - Find_averageEnhancedCollisionNum: 1.0
2024-06-24 19:49:42,344 - scalability_51_40_results - INFO - FlyncFind_averageEnhancedSyn: 13526.355424010548
2024-06-24 19:49:42,344 - scalability_51_40_results - INFO - FlyncFind_averageEnhancedDis: 0.0
2024-06-24 19:49:42,344 - scalability_51_40_results - INFO - FlyncFind_averageEnhancedCollisionNum: 1.0
2024-06-24 19:49:42,345 - scalability_51_40_results - INFO - Pulsar_averageEnhancedSyn: 2.49862181667707
2024-06-24 19:49:42,345 - scalability_51_40_results - INFO - Pulsar_averageEnhancedDis: 10.379033445958772
2024-06-24 19:49:42,345 - scalability_51_40_results - INFO - Pulsar_averageEnhancedCollisionNum: 1.0
2024-06-25 02:27:10,387 - scalability_51_40_results - INFO - *******************CARS_TRACE*******************
2024-06-25 02:27:10,388 - scalability_51_40_results - INFO - Find_averageSyn: 169453301.219
2024-06-25 02:27:10,388 - scalability_51_40_results - INFO - Find_averageDis: 0.0
2024-06-25 02:27:10,388 - scalability_51_40_results - INFO - Find_averageCollisionNum: 0.6
2024-06-25 02:27:10,388 - scalability_51_40_results - INFO - Find_sumCollisionNum: 24
2024-06-25 02:27:10,389 - scalability_51_40_results - INFO - FlyncFind_averageSyn: 17053630.46
2024-06-25 02:27:10,389 - scalability_51_40_results - INFO - FlyncFind_averageDis: 0.0
2024-06-25 02:27:10,389 - scalability_51_40_results - INFO - FlyncFind_averageCollisionNum: 6.05
2024-06-25 02:27:10,389 - scalability_51_40_results - INFO - FlyncFind_sumCollisionNum: 242
2024-06-25 02:27:10,389 - scalability_51_40_results - INFO - Pulsar_averageSyn: 557436.7245
2024-06-25 02:27:10,389 - scalability_51_40_results - INFO - Pulsar_averageDis: 3157394.425
2024-06-25 02:27:10,389 - scalability_51_40_results - INFO - Pulsar_averageCollisionNum: 0.0
2024-06-25 02:27:10,389 - scalability_51_40_results - INFO - Pulsar_sumCollisionNum: 0
2024-06-25 02:27:10,390 - scalability_51_40_results - INFO - Free_beacon_averageSyn: 484357.8365
2024-06-25 02:27:10,390 - scalability_51_40_results - INFO - Free_beacon_averageDis: 580688.1
2024-06-25 02:27:10,390 - scalability_51_40_results - INFO - Free_beacon_averageCollisionNum: 0.0
2024-06-25 02:27:10,390 - scalability_51_40_results - INFO - Free_beacon_sumCollisionNum: 0
2024-06-25 02:27:10,390 - scalability_51_40_results - INFO - Find_averageEnhancedSyn: 349.8514702342387
2024-06-25 02:27:10,391 - scalability_51_40_results - INFO - Find_averageEnhancedDis: 0.0
2024-06-25 02:27:10,391 - scalability_51_40_results - INFO - Find_averageEnhancedCollisionNum: 1.0
2024-06-25 02:27:10,391 - scalability_51_40_results - INFO - FlyncFind_averageEnhancedSyn: 35.20874274117376
2024-06-25 02:27:10,392 - scalability_51_40_results - INFO - FlyncFind_averageEnhancedDis: 0.0
2024-06-25 02:27:10,392 - scalability_51_40_results - INFO - FlyncFind_averageEnhancedCollisionNum: 1.0
2024-06-25 02:27:10,392 - scalability_51_40_results - INFO - Pulsar_averageEnhancedSyn: 1.150877889223539
2024-06-25 02:27:10,393 - scalability_51_40_results - INFO - Pulsar_averageEnhancedDis: 5.437332752298523
2024-06-25 02:27:10,393 - scalability_51_40_results - INFO - Pulsar_averageEnhancedCollisionNum: 0.0
2024-06-25 03:42:15,274 - scalability_51_40_results - INFO - *******************JOGGING_TRACE*******************
2024-06-25 03:42:15,275 - scalability_51_40_results - INFO - Find_averageSyn: 1907566.66
2024-06-25 03:42:15,275 - scalability_51_40_results - INFO - Find_averageDis: 0.0
2024-06-25 03:42:15,275 - scalability_51_40_results - INFO - Find_averageCollisionNum: 6.15
2024-06-25 03:42:15,275 - scalability_51_40_results - INFO - Find_sumCollisionNum: 246
2024-06-25 03:42:15,275 - scalability_51_40_results - INFO - FlyncFind_averageSyn: 561766.18
2024-06-25 03:42:15,275 - scalability_51_40_results - INFO - FlyncFind_averageDis: 0.0
2024-06-25 03:42:15,276 - scalability_51_40_results - INFO - FlyncFind_averageCollisionNum: 86.2
2024-06-25 03:42:15,276 - scalability_51_40_results - INFO - FlyncFind_sumCollisionNum: 3448
2024-06-25 03:42:15,276 - scalability_51_40_results - INFO - Pulsar_averageSyn: 7771.488
2024-06-25 03:42:15,276 - scalability_51_40_results - INFO - Pulsar_averageDis: 463982.65
2024-06-25 03:42:15,276 - scalability_51_40_results - INFO - Pulsar_averageCollisionNum: 0.15
2024-06-25 03:42:15,276 - scalability_51_40_results - INFO - Pulsar_sumCollisionNum: 6
2024-06-25 03:42:15,276 - scalability_51_40_results - INFO - Free_beacon_averageSyn: 6249.793
2024-06-25 03:42:15,277 - scalability_51_40_results - INFO - Free_beacon_averageDis: 46001.6
2024-06-25 03:42:15,277 - scalability_51_40_results - INFO - Free_beacon_averageCollisionNum: 0.25
2024-06-25 03:42:15,277 - scalability_51_40_results - INFO - Free_beacon_sumCollisionNum: 10
2024-06-25 03:42:15,277 - scalability_51_40_results - INFO - Find_averageEnhancedSyn: 305.22077451205183
2024-06-25 03:42:15,277 - scalability_51_40_results - INFO - Find_averageEnhancedDis: 0.0
2024-06-25 03:42:15,278 - scalability_51_40_results - INFO - Find_averageEnhancedCollisionNum: 1.0
2024-06-25 03:42:15,278 - scalability_51_40_results - INFO - FlyncFind_averageEnhancedSyn: 89.88556580993964
2024-06-25 03:42:15,278 - scalability_51_40_results - INFO - FlyncFind_averageEnhancedDis: 0.0
2024-06-25 03:42:15,279 - scalability_51_40_results - INFO - FlyncFind_averageEnhancedCollisionNum: 1.0
2024-06-25 03:42:15,279 - scalability_51_40_results - INFO - Pulsar_averageEnhancedSyn: 1.2434792640332248
2024-06-25 03:42:15,279 - scalability_51_40_results - INFO - Pulsar_averageEnhancedDis: 10.086228522486175
2024-06-25 03:42:15,279 - scalability_51_40_results - INFO - Pulsar_averageEnhancedCollisionNum: 1.0
2024-06-25 04:36:24,882 - scalability_51_40_results - INFO - *******************OFFICE_TRACE*******************
2024-06-25 04:36:24,882 - scalability_51_40_results - INFO - Find_averageSyn: 348410.419
2024-06-25 04:36:24,882 - scalability_51_40_results - INFO - Find_averageDis: 0.0
2024-06-25 04:36:24,883 - scalability_51_40_results - INFO - Find_averageCollisionNum: 12.05
2024-06-25 04:36:24,883 - scalability_51_40_results - INFO - Find_sumCollisionNum: 482
2024-06-25 04:36:24,883 - scalability_51_40_results - INFO - FlyncFind_averageSyn: 310024.36
2024-06-25 04:36:24,883 - scalability_51_40_results - INFO - FlyncFind_averageDis: 0.0
2024-06-25 04:36:24,883 - scalability_51_40_results - INFO - FlyncFind_averageCollisionNum: 446.1
2024-06-25 04:36:24,883 - scalability_51_40_results - INFO - FlyncFind_sumCollisionNum: 17844
2024-06-25 04:36:24,883 - scalability_51_40_results - INFO - Pulsar_averageSyn: 1954.868
2024-06-25 04:36:24,883 - scalability_51_40_results - INFO - Pulsar_averageDis: 278054.05
2024-06-25 04:36:24,884 - scalability_51_40_results - INFO - Pulsar_averageCollisionNum: 1.375
2024-06-25 04:36:24,884 - scalability_51_40_results - INFO - Pulsar_sumCollisionNum: 55
2024-06-25 04:36:24,884 - scalability_51_40_results - INFO - Free_beacon_averageSyn: 1710.529
2024-06-25 04:36:24,884 - scalability_51_40_results - INFO - Free_beacon_averageDis: 26752.05
2024-06-25 04:36:24,884 - scalability_51_40_results - INFO - Free_beacon_averageCollisionNum: 1.875
2024-06-25 04:36:24,884 - scalability_51_40_results - INFO - Free_beacon_sumCollisionNum: 75
2024-06-25 04:36:24,885 - scalability_51_40_results - INFO - Find_averageEnhancedSyn: 203.68577147771245
2024-06-25 04:36:24,885 - scalability_51_40_results - INFO - Find_averageEnhancedDis: 0.0
2024-06-25 04:36:24,885 - scalability_51_40_results - INFO - Find_averageEnhancedCollisionNum: 1.0
2024-06-25 04:36:24,886 - scalability_51_40_results - INFO - FlyncFind_averageEnhancedSyn: 181.24472604673758
2024-06-25 04:36:24,886 - scalability_51_40_results - INFO - FlyncFind_averageEnhancedDis: 0.0
2024-06-25 04:36:24,886 - scalability_51_40_results - INFO - FlyncFind_averageEnhancedCollisionNum: 1.0
2024-06-25 04:36:24,887 - scalability_51_40_results - INFO - Pulsar_averageEnhancedSyn: 1.142844114306159
2024-06-25 04:36:24,887 - scalability_51_40_results - INFO - Pulsar_averageEnhancedDis: 10.393747395059444
2024-06-25 04:36:24,887 - scalability_51_40_results - INFO - Pulsar_averageEnhancedCollisionNum: 1.0
2024-06-25 05:51:46,019 - scalability_51_40_results - INFO - *******************WASHER_TRACE*******************
2024-06-25 05:51:46,019 - scalability_51_40_results - INFO - Find_averageSyn: 7563595.15
2024-06-25 05:51:46,019 - scalability_51_40_results - INFO - Find_averageDis: 0.0
2024-06-25 05:51:46,019 - scalability_51_40_results - INFO - Find_averageCollisionNum: 6.55
2024-06-25 05:51:46,019 - scalability_51_40_results - INFO - Find_sumCollisionNum: 262
2024-06-25 05:51:46,019 - scalability_51_40_results - INFO - FlyncFind_averageSyn: 4268479.4
2024-06-25 05:51:46,020 - scalability_51_40_results - INFO - FlyncFind_averageDis: 0.0
2024-06-25 05:51:46,020 - scalability_51_40_results - INFO - FlyncFind_averageCollisionNum: 28.1
2024-06-25 05:51:46,020 - scalability_51_40_results - INFO - FlyncFind_sumCollisionNum: 1124
2024-06-25 05:51:46,020 - scalability_51_40_results - INFO - Pulsar_averageSyn: 209953.099
2024-06-25 05:51:46,020 - scalability_51_40_results - INFO - Pulsar_averageDis: 4467219.8
2024-06-25 05:51:46,020 - scalability_51_40_results - INFO - Pulsar_averageCollisionNum: 0.25
2024-06-25 05:51:46,020 - scalability_51_40_results - INFO - Pulsar_sumCollisionNum: 10
2024-06-25 05:51:46,020 - scalability_51_40_results - INFO - Free_beacon_averageSyn: 190476.277
2024-06-25 05:51:46,020 - scalability_51_40_results - INFO - Free_beacon_averageDis: 1821416.075
2024-06-25 05:51:46,020 - scalability_51_40_results - INFO - Free_beacon_averageCollisionNum: 0.0
2024-06-25 05:51:46,020 - scalability_51_40_results - INFO - Free_beacon_sumCollisionNum: 0
2024-06-25 05:51:46,021 - scalability_51_40_results - INFO - Find_averageEnhancedSyn: 39.70885649975194
2024-06-25 05:51:46,021 - scalability_51_40_results - INFO - Find_averageEnhancedDis: 0.0
2024-06-25 05:51:46,021 - scalability_51_40_results - INFO - Find_averageEnhancedCollisionNum: 1.0
2024-06-25 05:51:46,022 - scalability_51_40_results - INFO - FlyncFind_averageEnhancedSyn: 22.409506670481598
2024-06-25 05:51:46,022 - scalability_51_40_results - INFO - FlyncFind_averageEnhancedDis: 0.0
2024-06-25 05:51:46,022 - scalability_51_40_results - INFO - FlyncFind_averageEnhancedCollisionNum: 1.0
2024-06-25 05:51:46,022 - scalability_51_40_results - INFO - Pulsar_averageEnhancedSyn: 1.1022532690514524
2024-06-25 05:51:46,022 - scalability_51_40_results - INFO - Pulsar_averageEnhancedDis: 2.4526080895602065
2024-06-25 05:51:46,023 - scalability_51_40_results - INFO - Pulsar_averageEnhancedCollisionNum: 1.0
