2024-06-23 12:53:13,798 - scalability_51_30_results - INFO - *******************STATIC_TRACE*******************
2024-06-23 12:53:13,798 - scalability_51_30_results - INFO - Find_averageSyn: 139488.892
2024-06-23 12:53:13,798 - scalability_51_30_results - INFO - Find_averageDis: 0.0
2024-06-23 12:53:13,798 - scalability_51_30_results - INFO - Find_averageCollisionNum: 14.333333333333334
2024-06-23 12:53:13,798 - scalability_51_30_results - INFO - Find_sumCollisionNum: 430
2024-06-23 12:53:13,799 - scalability_51_30_results - INFO - FlyncFind_averageSyn: 190616.54666666666
2024-06-23 12:53:13,799 - scalability_51_30_results - INFO - FlyncFind_averageDis: 0.0
2024-06-23 12:53:13,799 - scalability_51_30_results - INFO - FlyncFind_averageCollisionNum: 774.6
2024-06-23 12:53:13,799 - scalability_51_30_results - INFO - FlyncFind_sumCollisionNum: 23238
2024-06-23 12:53:13,799 - scalability_51_30_results - INFO - Pulsar_averageSyn: 1393.652
2024-06-23 12:53:13,799 - scalability_51_30_results - INFO - Pulsar_averageDis: 115403.06666666667
2024-06-23 12:53:13,799 - scalability_51_30_results - INFO - Pulsar_averageCollisionNum: 3.2666666666666666
2024-06-23 12:53:13,799 - scalability_51_30_results - INFO - Pulsar_sumCollisionNum: 98
2024-06-23 12:53:13,800 - scalability_51_30_results - INFO - Free_beacon_averageSyn: 3046.236
2024-06-23 12:53:13,800 - scalability_51_30_results - INFO - Free_beacon_averageDis: 22537.8
2024-06-23 12:53:13,800 - scalability_51_30_results - INFO - Free_beacon_averageCollisionNum: 3.466666666666667
2024-06-23 12:53:13,800 - scalability_51_30_results - INFO - Free_beacon_sumCollisionNum: 104
2024-06-23 12:53:13,800 - scalability_51_30_results - INFO - Find_averageEnhancedSyn: 45.790573021919506
2024-06-23 12:53:13,801 - scalability_51_30_results - INFO - Find_averageEnhancedDis: 0.0
2024-06-23 12:53:13,801 - scalability_51_30_results - INFO - Find_averageEnhancedCollisionNum: 0.9999999999999999
2024-06-23 12:53:13,801 - scalability_51_30_results - INFO - FlyncFind_averageEnhancedSyn: 62.574451443245586
2024-06-23 12:53:13,801 - scalability_51_30_results - INFO - FlyncFind_averageEnhancedDis: 0.0
2024-06-23 12:53:13,802 - scalability_51_30_results - INFO - FlyncFind_averageEnhancedCollisionNum: 1.0
2024-06-23 12:53:13,802 - scalability_51_30_results - INFO - Pulsar_averageEnhancedSyn: 0.4574996815742444
2024-06-23 12:53:13,802 - scalability_51_30_results - INFO - Pulsar_averageEnhancedDis: 5.1204228747555955
2024-06-23 12:53:13,802 - scalability_51_30_results - INFO - Pulsar_averageEnhancedCollisionNum: 0.9999999999999999
2024-06-23 13:29:07,976 - scalability_51_30_results - INFO - *******************COMPLEX_TRACE*******************
2024-06-23 13:29:07,976 - scalability_51_30_results - INFO - Find_averageSyn: 908973.18
2024-06-23 13:29:07,976 - scalability_51_30_results - INFO - Find_averageDis: 0.0
2024-06-23 13:29:07,977 - scalability_51_30_results - INFO - Find_averageCollisionNum: 3.933333333333333
2024-06-23 13:29:07,977 - scalability_51_30_results - INFO - Find_sumCollisionNum: 118
2024-06-23 13:29:07,977 - scalability_51_30_results - INFO - FlyncFind_averageSyn: 189285.90666666668
2024-06-23 13:29:07,977 - scalability_51_30_results - INFO - FlyncFind_averageDis: 0.0
2024-06-23 13:29:07,977 - scalability_51_30_results - INFO - FlyncFind_averageCollisionNum: 68.46666666666667
2024-06-23 13:29:07,977 - scalability_51_30_results - INFO - FlyncFind_sumCollisionNum: 2054
2024-06-23 13:29:07,977 - scalability_51_30_results - INFO - Pulsar_averageSyn: 4552.124
2024-06-23 13:29:07,977 - scalability_51_30_results - INFO - Pulsar_averageDis: 194050.96666666667
2024-06-23 13:29:07,977 - scalability_51_30_results - INFO - Pulsar_averageCollisionNum: 0.4
2024-06-23 13:29:07,978 - scalability_51_30_results - INFO - Pulsar_sumCollisionNum: 12
2024-06-23 13:29:07,978 - scalability_51_30_results - INFO - Free_beacon_averageSyn: 2608.7773333333334
2024-06-23 13:29:07,978 - scalability_51_30_results - INFO - Free_beacon_averageDis: 25488.033333333333
2024-06-23 13:29:07,978 - scalability_51_30_results - INFO - Free_beacon_averageCollisionNum: 0.2
2024-06-23 13:29:07,978 - scalability_51_30_results - INFO - Free_beacon_sumCollisionNum: 6
2024-06-23 13:29:07,979 - scalability_51_30_results - INFO - Find_averageEnhancedSyn: 348.4288093068375
2024-06-23 13:29:07,979 - scalability_51_30_results - INFO - Find_averageEnhancedDis: 0.0
2024-06-23 13:29:07,979 - scalability_51_30_results - INFO - Find_averageEnhancedCollisionNum: 1.0
2024-06-23 13:29:07,979 - scalability_51_30_results - INFO - FlyncFind_averageEnhancedSyn: 72.55732570506848
2024-06-23 13:29:07,979 - scalability_51_30_results - INFO - FlyncFind_averageEnhancedDis: 0.0
2024-06-23 13:29:07,980 - scalability_51_30_results - INFO - FlyncFind_averageEnhancedCollisionNum: 1.0
2024-06-23 13:29:07,980 - scalability_51_30_results - INFO - Pulsar_averageEnhancedSyn: 1.7449262310875642
2024-06-23 13:29:07,980 - scalability_51_30_results - INFO - Pulsar_averageEnhancedDis: 7.613414661259337
2024-06-23 13:29:07,980 - scalability_51_30_results - INFO - Pulsar_averageEnhancedCollisionNum: 1.0
2024-06-23 14:52:52,677 - scalability_51_30_results - INFO - *******************STAIRS_TRACE*******************
2024-06-23 14:52:52,677 - scalability_51_30_results - INFO - Find_averageSyn: 45668.386666666665
2024-06-23 14:52:52,677 - scalability_51_30_results - INFO - Find_averageDis: 0.0
2024-06-23 14:52:52,677 - scalability_51_30_results - INFO - Find_averageCollisionNum: 33.46666666666667
2024-06-23 14:52:52,677 - scalability_51_30_results - INFO - Find_sumCollisionNum: 1004
2024-06-23 14:52:52,678 - scalability_51_30_results - INFO - FlyncFind_averageSyn: 446547.86666666664
2024-06-23 14:52:52,678 - scalability_51_30_results - INFO - FlyncFind_averageDis: 0.0
2024-06-23 14:52:52,678 - scalability_51_30_results - INFO - FlyncFind_averageCollisionNum: 6403.4
2024-06-23 14:52:52,678 - scalability_51_30_results - INFO - FlyncFind_sumCollisionNum: 192102
2024-06-23 14:52:52,678 - scalability_51_30_results - INFO - Pulsar_averageSyn: 288.464
2024-06-23 14:52:52,678 - scalability_51_30_results - INFO - Pulsar_averageDis: 69016.63333333333
2024-06-23 14:52:52,678 - scalability_51_30_results - INFO - Pulsar_averageCollisionNum: 1.5333333333333334
2024-06-23 14:52:52,678 - scalability_51_30_results - INFO - Pulsar_sumCollisionNum: 46
2024-06-23 14:52:52,679 - scalability_51_30_results - INFO - Free_beacon_averageSyn: 142.296
2024-06-23 14:52:52,679 - scalability_51_30_results - INFO - Free_beacon_averageDis: 12842.7
2024-06-23 14:52:52,679 - scalability_51_30_results - INFO - Free_beacon_averageCollisionNum: 2.0
2024-06-23 14:52:52,679 - scalability_51_30_results - INFO - Free_beacon_sumCollisionNum: 60
2024-06-23 14:52:52,679 - scalability_51_30_results - INFO - Find_averageEnhancedSyn: 320.939356458837
2024-06-23 14:52:52,680 - scalability_51_30_results - INFO - Find_averageEnhancedDis: 0.0
2024-06-23 14:52:52,680 - scalability_51_30_results - INFO - Find_averageEnhancedCollisionNum: 1.0
2024-06-23 14:52:52,680 - scalability_51_30_results - INFO - FlyncFind_averageEnhancedSyn: 3138.1617660838438
2024-06-23 14:52:52,680 - scalability_51_30_results - INFO - FlyncFind_averageEnhancedDis: 0.0
2024-06-23 14:52:52,680 - scalability_51_30_results - INFO - FlyncFind_averageEnhancedCollisionNum: 1.0000000000000002
2024-06-23 14:52:52,681 - scalability_51_30_results - INFO - Pulsar_averageEnhancedSyn: 2.0272108843537415
2024-06-23 14:52:52,681 - scalability_51_30_results - INFO - Pulsar_averageEnhancedDis: 5.373997160514014
2024-06-23 14:52:52,681 - scalability_51_30_results - INFO - Pulsar_averageEnhancedCollisionNum: 1.0
2024-06-23 18:50:29,502 - scalability_51_30_results - INFO - *******************CARS_TRACE*******************
2024-06-23 18:50:29,503 - scalability_51_30_results - INFO - Find_averageSyn: 141957302.252
2024-06-23 18:50:29,503 - scalability_51_30_results - INFO - Find_averageDis: 0.0
2024-06-23 18:50:29,503 - scalability_51_30_results - INFO - Find_averageCollisionNum: 0.26666666666666666
2024-06-23 18:50:29,503 - scalability_51_30_results - INFO - Find_sumCollisionNum: 8
2024-06-23 18:50:29,503 - scalability_51_30_results - INFO - FlyncFind_averageSyn: 13635662.253333334
2024-06-23 18:50:29,504 - scalability_51_30_results - INFO - FlyncFind_averageDis: 0.0
2024-06-23 18:50:29,504 - scalability_51_30_results - INFO - FlyncFind_averageCollisionNum: 3.8
2024-06-23 18:50:29,504 - scalability_51_30_results - INFO - FlyncFind_sumCollisionNum: 114
2024-06-23 18:50:29,504 - scalability_51_30_results - INFO - Pulsar_averageSyn: 692535.124
2024-06-23 18:50:29,504 - scalability_51_30_results - INFO - Pulsar_averageDis: 1888938.0
2024-06-23 18:50:29,504 - scalability_51_30_results - INFO - Pulsar_averageCollisionNum: 0.1
2024-06-23 18:50:29,504 - scalability_51_30_results - INFO - Pulsar_sumCollisionNum: 3
2024-06-23 18:50:29,504 - scalability_51_30_results - INFO - Free_beacon_averageSyn: 477583.25
2024-06-23 18:50:29,504 - scalability_51_30_results - INFO - Free_beacon_averageDis: 466123.9
2024-06-23 18:50:29,505 - scalability_51_30_results - INFO - Free_beacon_averageCollisionNum: 0.0
2024-06-23 18:50:29,505 - scalability_51_30_results - INFO - Free_beacon_sumCollisionNum: 0
2024-06-23 18:50:29,505 - scalability_51_30_results - INFO - Find_averageEnhancedSyn: 297.24095694729664
2024-06-23 18:50:29,505 - scalability_51_30_results - INFO - Find_averageEnhancedDis: 0.0
2024-06-23 18:50:29,505 - scalability_51_30_results - INFO - Find_averageEnhancedCollisionNum: 1.0
2024-06-23 18:50:29,506 - scalability_51_30_results - INFO - FlyncFind_averageEnhancedSyn: 28.551382933411784
2024-06-23 18:50:29,506 - scalability_51_30_results - INFO - FlyncFind_averageEnhancedDis: 0.0
2024-06-23 18:50:29,506 - scalability_51_30_results - INFO - FlyncFind_averageEnhancedCollisionNum: 1.0
2024-06-23 18:50:29,507 - scalability_51_30_results - INFO - Pulsar_averageEnhancedSyn: 1.4500825227852945
2024-06-23 18:50:29,507 - scalability_51_30_results - INFO - Pulsar_averageEnhancedDis: 4.052437560056457
2024-06-23 18:50:29,507 - scalability_51_30_results - INFO - Pulsar_averageEnhancedCollisionNum: 1.0
2024-06-23 19:32:25,484 - scalability_51_30_results - INFO - *******************JOGGING_TRACE*******************
2024-06-23 19:32:25,485 - scalability_51_30_results - INFO - Find_averageSyn: 1473200.6
2024-06-23 19:32:25,485 - scalability_51_30_results - INFO - Find_averageDis: 0.0
2024-06-23 19:32:25,485 - scalability_51_30_results - INFO - Find_averageCollisionNum: 3.7333333333333334
2024-06-23 19:32:25,485 - scalability_51_30_results - INFO - Find_sumCollisionNum: 112
2024-06-23 19:32:25,485 - scalability_51_30_results - INFO - FlyncFind_averageSyn: 328631.08
2024-06-23 19:32:25,486 - scalability_51_30_results - INFO - FlyncFind_averageDis: 0.0
2024-06-23 19:32:25,486 - scalability_51_30_results - INFO - FlyncFind_averageCollisionNum: 45.53333333333333
2024-06-23 19:32:25,486 - scalability_51_30_results - INFO - FlyncFind_sumCollisionNum: 1366
2024-06-23 19:32:25,486 - scalability_51_30_results - INFO - Pulsar_averageSyn: 9250.766666666666
2024-06-23 19:32:25,486 - scalability_51_30_results - INFO - Pulsar_averageDis: 265375.6
2024-06-23 19:32:25,486 - scalability_51_30_results - INFO - Pulsar_averageCollisionNum: 0.16666666666666666
2024-06-23 19:32:25,486 - scalability_51_30_results - INFO - Pulsar_sumCollisionNum: 5
2024-06-23 19:32:25,486 - scalability_51_30_results - INFO - Free_beacon_averageSyn: 6042.306666666666
2024-06-23 19:32:25,486 - scalability_51_30_results - INFO - Free_beacon_averageDis: 32955.86666666667
2024-06-23 19:32:25,487 - scalability_51_30_results - INFO - Free_beacon_averageCollisionNum: 0.0
2024-06-23 19:32:25,487 - scalability_51_30_results - INFO - Free_beacon_sumCollisionNum: 0
2024-06-23 19:32:25,487 - scalability_51_30_results - INFO - Find_averageEnhancedSyn: 243.81427181231012
2024-06-23 19:32:25,487 - scalability_51_30_results - INFO - Find_averageEnhancedDis: 0.0
2024-06-23 19:32:25,487 - scalability_51_30_results - INFO - Find_averageEnhancedCollisionNum: 1.0
2024-06-23 19:32:25,488 - scalability_51_30_results - INFO - FlyncFind_averageEnhancedSyn: 54.388348379095845
2024-06-23 19:32:25,488 - scalability_51_30_results - INFO - FlyncFind_averageEnhancedDis: 0.0
2024-06-23 19:32:25,488 - scalability_51_30_results - INFO - FlyncFind_averageEnhancedCollisionNum: 1.0000000000000002
2024-06-23 19:32:25,489 - scalability_51_30_results - INFO - Pulsar_averageEnhancedSyn: 1.5309991989814045
2024-06-23 19:32:25,489 - scalability_51_30_results - INFO - Pulsar_averageEnhancedDis: 8.052453988971108
2024-06-23 19:32:25,489 - scalability_51_30_results - INFO - Pulsar_averageEnhancedCollisionNum: 1.0
2024-06-23 19:56:08,153 - scalability_51_30_results - INFO - *******************OFFICE_TRACE*******************
2024-06-23 19:56:08,153 - scalability_51_30_results - INFO - Find_averageSyn: 246766.04266666668
2024-06-23 19:56:08,154 - scalability_51_30_results - INFO - Find_averageDis: 0.0
2024-06-23 19:56:08,154 - scalability_51_30_results - INFO - Find_averageCollisionNum: 8.4
2024-06-23 19:56:08,154 - scalability_51_30_results - INFO - Find_sumCollisionNum: 252
2024-06-23 19:56:08,154 - scalability_51_30_results - INFO - FlyncFind_averageSyn: 138143.30666666667
2024-06-23 19:56:08,154 - scalability_51_30_results - INFO - FlyncFind_averageDis: 0.0
2024-06-23 19:56:08,154 - scalability_51_30_results - INFO - FlyncFind_averageCollisionNum: 240.66666666666666
2024-06-23 19:56:08,154 - scalability_51_30_results - INFO - FlyncFind_sumCollisionNum: 7220
2024-06-23 19:56:08,154 - scalability_51_30_results - INFO - Pulsar_averageSyn: 2043.872
2024-06-23 19:56:08,155 - scalability_51_30_results - INFO - Pulsar_averageDis: 105508.13333333333
2024-06-23 19:56:08,155 - scalability_51_30_results - INFO - Pulsar_averageCollisionNum: 0.2
2024-06-23 19:56:08,155 - scalability_51_30_results - INFO - Pulsar_sumCollisionNum: 6
2024-06-23 19:56:08,155 - scalability_51_30_results - INFO - Free_beacon_averageSyn: 1658.0026666666668
2024-06-23 19:56:08,155 - scalability_51_30_results - INFO - Free_beacon_averageDis: 18157.5
2024-06-23 19:56:08,155 - scalability_51_30_results - INFO - Free_beacon_averageCollisionNum: 0.9666666666666667
2024-06-23 19:56:08,155 - scalability_51_30_results - INFO - Free_beacon_sumCollisionNum: 29
2024-06-23 19:56:08,156 - scalability_51_30_results - INFO - Find_averageEnhancedSyn: 148.83332073450626
2024-06-23 19:56:08,156 - scalability_51_30_results - INFO - Find_averageEnhancedDis: 0.0
2024-06-23 19:56:08,156 - scalability_51_30_results - INFO - Find_averageEnhancedCollisionNum: 1.0
2024-06-23 19:56:08,156 - scalability_51_30_results - INFO - FlyncFind_averageEnhancedSyn: 83.31911006174498
2024-06-23 19:56:08,157 - scalability_51_30_results - INFO - FlyncFind_averageEnhancedDis: 0.0
2024-06-23 19:56:08,157 - scalability_51_30_results - INFO - FlyncFind_averageEnhancedCollisionNum: 1.0
2024-06-23 19:56:08,157 - scalability_51_30_results - INFO - Pulsar_averageEnhancedSyn: 1.232731431071281
2024-06-23 19:56:08,157 - scalability_51_30_results - INFO - Pulsar_averageEnhancedDis: 5.810719170223507
2024-06-23 19:56:08,158 - scalability_51_30_results - INFO - Pulsar_averageEnhancedCollisionNum: 1.0
2024-06-23 20:45:35,098 - scalability_51_30_results - INFO - *******************WASHER_TRACE*******************
2024-06-23 20:45:35,098 - scalability_51_30_results - INFO - Find_averageSyn: 7144736.158666667
2024-06-23 20:45:35,098 - scalability_51_30_results - INFO - Find_averageDis: 0.0
2024-06-23 20:45:35,098 - scalability_51_30_results - INFO - Find_averageCollisionNum: 3.0
2024-06-23 20:45:35,099 - scalability_51_30_results - INFO - Find_sumCollisionNum: 90
2024-06-23 20:45:35,099 - scalability_51_30_results - INFO - FlyncFind_averageSyn: 3856448.8773333333
2024-06-23 20:45:35,099 - scalability_51_30_results - INFO - FlyncFind_averageDis: 0.0
2024-06-23 20:45:35,099 - scalability_51_30_results - INFO - FlyncFind_averageCollisionNum: 20.333333333333332
2024-06-23 20:45:35,099 - scalability_51_30_results - INFO - FlyncFind_sumCollisionNum: 610
2024-06-23 20:45:35,099 - scalability_51_30_results - INFO - Pulsar_averageSyn: 278064.2073333333
2024-06-23 20:45:35,099 - scalability_51_30_results - INFO - Pulsar_averageDis: 2735224.0
2024-06-23 20:45:35,099 - scalability_51_30_results - INFO - Pulsar_averageCollisionNum: 0.1
2024-06-23 20:45:35,100 - scalability_51_30_results - INFO - Pulsar_sumCollisionNum: 3
2024-06-23 20:45:35,100 - scalability_51_30_results - INFO - Free_beacon_averageSyn: 193461.094
2024-06-23 20:45:35,100 - scalability_51_30_results - INFO - Free_beacon_averageDis: 213056.8
2024-06-23 20:45:35,100 - scalability_51_30_results - INFO - Free_beacon_averageCollisionNum: 0.1
2024-06-23 20:45:35,100 - scalability_51_30_results - INFO - Free_beacon_sumCollisionNum: 3
2024-06-23 20:45:35,101 - scalability_51_30_results - INFO - Find_averageEnhancedSyn: 36.931126620563134
2024-06-23 20:45:35,101 - scalability_51_30_results - INFO - Find_averageEnhancedDis: 0.0
2024-06-23 20:45:35,101 - scalability_51_30_results - INFO - Find_averageEnhancedCollisionNum: 1.0
2024-06-23 20:45:35,101 - scalability_51_30_results - INFO - FlyncFind_averageEnhancedSyn: 19.933976375287802
2024-06-23 20:45:35,101 - scalability_51_30_results - INFO - FlyncFind_averageEnhancedDis: 0.0
2024-06-23 20:45:35,102 - scalability_51_30_results - INFO - FlyncFind_averageEnhancedCollisionNum: 1.0
2024-06-23 20:45:35,102 - scalability_51_30_results - INFO - Pulsar_averageEnhancedSyn: 1.4373133201310921
2024-06-23 20:45:35,102 - scalability_51_30_results - INFO - Pulsar_averageEnhancedDis: 12.838003762376982
2024-06-23 20:45:35,102 - scalability_51_30_results - INFO - Pulsar_averageEnhancedCollisionNum: 1.0
