2024-06-23 01:15:26,051 - scalability_51_10_results - INFO - *******************STATIC_TRACE*******************
2024-06-23 01:15:26,052 - scalability_51_10_results - INFO - Find_averageSyn: 47656.808
2024-06-23 01:15:26,052 - scalability_51_10_results - INFO - Find_averageDis: 0.0
2024-06-23 01:15:26,052 - scalability_51_10_results - INFO - Find_averageCollisionNum: 4.4
2024-06-23 01:15:26,052 - scalability_51_10_results - INFO - Find_sumCollisionNum: 44
2024-06-23 01:15:26,052 - scalability_51_10_results - INFO - FlyncFind_averageSyn: 16052.64
2024-06-23 01:15:26,053 - scalability_51_10_results - INFO - FlyncFind_averageDis: 0.0
2024-06-23 01:15:26,053 - scalability_51_10_results - INFO - FlyncFind_averageCollisionNum: 75.2
2024-06-23 01:15:26,053 - scalability_51_10_results - INFO - FlyncFind_sumCollisionNum: 752
2024-06-23 01:15:26,053 - scalability_51_10_results - INFO - Pulsar_averageSyn: 5309.532
2024-06-23 01:15:26,053 - scalability_51_10_results - INFO - Pulsar_averageDis: 7437.0
2024-06-23 01:15:26,053 - scalability_51_10_results - INFO - Pulsar_averageCollisionNum: 1.1
2024-06-23 01:15:26,053 - scalability_51_10_results - INFO - Pulsar_sumCollisionNum: 11
2024-06-23 01:15:26,053 - scalability_51_10_results - INFO - Free_beacon_averageSyn: 3185.364
2024-06-23 01:15:26,053 - scalability_51_10_results - INFO - Free_beacon_averageDis: 6063.1
2024-06-23 01:15:26,053 - scalability_51_10_results - INFO - Free_beacon_averageCollisionNum: 0.0
2024-06-23 01:15:26,054 - scalability_51_10_results - INFO - Free_beacon_sumCollisionNum: 0
2024-06-23 01:15:26,054 - scalability_51_10_results - INFO - Find_averageEnhancedSyn: 14.961181202525047
2024-06-23 01:15:26,054 - scalability_51_10_results - INFO - Find_averageEnhancedDis: 0.0
2024-06-23 01:15:26,054 - scalability_51_10_results - INFO - Find_averageEnhancedCollisionNum: 1.0
2024-06-23 01:15:26,054 - scalability_51_10_results - INFO - FlyncFind_averageEnhancedSyn: 5.039499410428447
2024-06-23 01:15:26,054 - scalability_51_10_results - INFO - FlyncFind_averageEnhancedDis: 0.0
2024-06-23 01:15:26,055 - scalability_51_10_results - INFO - FlyncFind_averageEnhancedCollisionNum: 0.9999999999999998
2024-06-23 01:15:26,055 - scalability_51_10_results - INFO - Pulsar_averageEnhancedSyn: 1.6668525166982486
2024-06-23 01:15:26,055 - scalability_51_10_results - INFO - Pulsar_averageEnhancedDis: 1.2266002539954808
2024-06-23 01:15:26,055 - scalability_51_10_results - INFO - Pulsar_averageEnhancedCollisionNum: 1.0
2024-06-23 01:18:57,775 - scalability_51_10_results - INFO - *******************COMPLEX_TRACE*******************
2024-06-23 01:18:57,775 - scalability_51_10_results - INFO - Find_averageSyn: 310560.544
2024-06-23 01:18:57,775 - scalability_51_10_results - INFO - Find_averageDis: 0.0
2024-06-23 01:18:57,775 - scalability_51_10_results - INFO - Find_averageCollisionNum: 1.2
2024-06-23 01:18:57,776 - scalability_51_10_results - INFO - Find_sumCollisionNum: 12
2024-06-23 01:18:57,776 - scalability_51_10_results - INFO - FlyncFind_averageSyn: 38977.672
2024-06-23 01:18:57,776 - scalability_51_10_results - INFO - FlyncFind_averageDis: 0.0
2024-06-23 01:18:57,776 - scalability_51_10_results - INFO - FlyncFind_averageCollisionNum: 17.8
2024-06-23 01:18:57,776 - scalability_51_10_results - INFO - FlyncFind_sumCollisionNum: 178
2024-06-23 01:18:57,776 - scalability_51_10_results - INFO - Pulsar_averageSyn: 10193.128
2024-06-23 01:18:57,776 - scalability_51_10_results - INFO - Pulsar_averageDis: 21212.9
2024-06-23 01:18:57,776 - scalability_51_10_results - INFO - Pulsar_averageCollisionNum: 0.2
2024-06-23 01:18:57,776 - scalability_51_10_results - INFO - Pulsar_sumCollisionNum: 2
2024-06-23 01:18:57,776 - scalability_51_10_results - INFO - Free_beacon_averageSyn: 2576.624
2024-06-23 01:18:57,777 - scalability_51_10_results - INFO - Free_beacon_averageDis: 8195.1
2024-06-23 01:18:57,777 - scalability_51_10_results - INFO - Free_beacon_averageCollisionNum: 0.0
2024-06-23 01:18:57,777 - scalability_51_10_results - INFO - Free_beacon_sumCollisionNum: 0
2024-06-23 01:18:57,777 - scalability_51_10_results - INFO - Find_averageEnhancedSyn: 120.53002067822081
2024-06-23 01:18:57,777 - scalability_51_10_results - INFO - Find_averageEnhancedDis: 0.0
2024-06-23 01:18:57,777 - scalability_51_10_results - INFO - Find_averageEnhancedCollisionNum: 1.0
2024-06-23 01:18:57,778 - scalability_51_10_results - INFO - FlyncFind_averageEnhancedSyn: 15.127419444979168
2024-06-23 01:18:57,778 - scalability_51_10_results - INFO - FlyncFind_averageEnhancedDis: 0.0
2024-06-23 01:18:57,778 - scalability_51_10_results - INFO - FlyncFind_averageEnhancedCollisionNum: 0.9999999999999998
2024-06-23 01:18:57,778 - scalability_51_10_results - INFO - Pulsar_averageEnhancedSyn: 3.9560013412899986
2024-06-23 01:18:57,778 - scalability_51_10_results - INFO - Pulsar_averageEnhancedDis: 2.588485802491733
2024-06-23 01:18:57,778 - scalability_51_10_results - INFO - Pulsar_averageEnhancedCollisionNum: 1.0
2024-06-23 01:20:20,254 - scalability_51_10_results - INFO - *******************STAIRS_TRACE*******************
2024-06-23 01:20:20,254 - scalability_51_10_results - INFO - Find_averageSyn: 11339.328
2024-06-23 01:20:20,254 - scalability_51_10_results - INFO - Find_averageDis: 0.0
2024-06-23 01:20:20,254 - scalability_51_10_results - INFO - Find_averageCollisionNum: 6.2
2024-06-23 01:20:20,254 - scalability_51_10_results - INFO - Find_sumCollisionNum: 62
2024-06-23 01:20:20,254 - scalability_51_10_results - INFO - FlyncFind_averageSyn: 12257.48
2024-06-23 01:20:20,255 - scalability_51_10_results - INFO - FlyncFind_averageDis: 0.0
2024-06-23 01:20:20,255 - scalability_51_10_results - INFO - FlyncFind_averageCollisionNum: 352.2
2024-06-23 01:20:20,255 - scalability_51_10_results - INFO - FlyncFind_sumCollisionNum: 3522
2024-06-23 01:20:20,255 - scalability_51_10_results - INFO - Pulsar_averageSyn: 680.356
2024-06-23 01:20:20,255 - scalability_51_10_results - INFO - Pulsar_averageDis: 5187.6
2024-06-23 01:20:20,255 - scalability_51_10_results - INFO - Pulsar_averageCollisionNum: 0.9
2024-06-23 01:20:20,255 - scalability_51_10_results - INFO - Pulsar_sumCollisionNum: 9
2024-06-23 01:20:20,255 - scalability_51_10_results - INFO - Free_beacon_averageSyn: 117.2
2024-06-23 01:20:20,255 - scalability_51_10_results - INFO - Free_beacon_averageDis: 5670.6
2024-06-23 01:20:20,255 - scalability_51_10_results - INFO - Free_beacon_averageCollisionNum: 3.6
2024-06-23 01:20:20,255 - scalability_51_10_results - INFO - Free_beacon_sumCollisionNum: 36
2024-06-23 01:20:20,256 - scalability_51_10_results - INFO - Find_averageEnhancedSyn: 96.75194539249146
2024-06-23 01:20:20,256 - scalability_51_10_results - INFO - Find_averageEnhancedDis: 0.0
2024-06-23 01:20:20,256 - scalability_51_10_results - INFO - Find_averageEnhancedCollisionNum: 0.9999999999999998
2024-06-23 01:20:20,256 - scalability_51_10_results - INFO - FlyncFind_averageEnhancedSyn: 104.58600682593855
2024-06-23 01:20:20,256 - scalability_51_10_results - INFO - FlyncFind_averageEnhancedDis: 0.0
2024-06-23 01:20:20,257 - scalability_51_10_results - INFO - FlyncFind_averageEnhancedCollisionNum: 1.0
2024-06-23 01:20:20,257 - scalability_51_10_results - INFO - Pulsar_averageEnhancedSyn: 5.805085324232082
2024-06-23 01:20:20,257 - scalability_51_10_results - INFO - Pulsar_averageEnhancedDis: 0.9148238281663316
2024-06-23 01:20:20,257 - scalability_51_10_results - INFO - Pulsar_averageEnhancedCollisionNum: 1.0
2024-06-23 01:46:25,278 - scalability_51_10_results - INFO - *******************CARS_TRACE*******************
2024-06-23 01:46:25,278 - scalability_51_10_results - INFO - Find_averageSyn: 48374864.268
2024-06-23 01:46:25,278 - scalability_51_10_results - INFO - Find_averageDis: 0.0
2024-06-23 01:46:25,278 - scalability_51_10_results - INFO - Find_averageCollisionNum: 0.0
2024-06-23 01:46:25,278 - scalability_51_10_results - INFO - Find_sumCollisionNum: 0
2024-06-23 01:46:25,279 - scalability_51_10_results - INFO - FlyncFind_averageSyn: 4925779.8
2024-06-23 01:46:25,279 - scalability_51_10_results - INFO - FlyncFind_averageDis: 0.0
2024-06-23 01:46:25,279 - scalability_51_10_results - INFO - FlyncFind_averageCollisionNum: 1.6
2024-06-23 01:46:25,279 - scalability_51_10_results - INFO - FlyncFind_sumCollisionNum: 16
2024-06-23 01:46:25,279 - scalability_51_10_results - INFO - Pulsar_averageSyn: 1264321.924
2024-06-23 01:46:25,279 - scalability_51_10_results - INFO - Pulsar_averageDis: 445457.4
2024-06-23 01:46:25,279 - scalability_51_10_results - INFO - Pulsar_averageCollisionNum: 0.0
2024-06-23 01:46:25,279 - scalability_51_10_results - INFO - Pulsar_sumCollisionNum: 0
2024-06-23 01:46:25,279 - scalability_51_10_results - INFO - Free_beacon_averageSyn: 460747.364
2024-06-23 01:46:25,279 - scalability_51_10_results - INFO - Free_beacon_averageDis: 110827.5
2024-06-23 01:46:25,279 - scalability_51_10_results - INFO - Free_beacon_averageCollisionNum: 0.0
2024-06-23 01:46:25,280 - scalability_51_10_results - INFO - Free_beacon_sumCollisionNum: 0
2024-06-23 01:46:25,280 - scalability_51_10_results - INFO - Find_averageEnhancedSyn: 104.99216717819355
2024-06-23 01:46:25,280 - scalability_51_10_results - INFO - Find_averageEnhancedDis: 0.0
2024-06-23 01:46:25,280 - scalability_51_10_results - INFO - Find_averageEnhancedCollisionNum: 0.0
2024-06-23 01:46:25,280 - scalability_51_10_results - INFO - FlyncFind_averageEnhancedSyn: 10.690847490122591
2024-06-23 01:46:25,280 - scalability_51_10_results - INFO - FlyncFind_averageEnhancedDis: 0.0
2024-06-23 01:46:25,281 - scalability_51_10_results - INFO - FlyncFind_averageEnhancedCollisionNum: 1.0
2024-06-23 01:46:25,281 - scalability_51_10_results - INFO - Pulsar_averageEnhancedSyn: 2.7440676231410848
2024-06-23 01:46:25,281 - scalability_51_10_results - INFO - Pulsar_averageEnhancedDis: 4.019376057386479
2024-06-23 01:46:25,281 - scalability_51_10_results - INFO - Pulsar_averageEnhancedCollisionNum: 0.0
2024-06-23 01:50:50,610 - scalability_51_10_results - INFO - *******************JOGGING_TRACE*******************
2024-06-23 01:50:50,611 - scalability_51_10_results - INFO - Find_averageSyn: 609917.912
2024-06-23 01:50:50,611 - scalability_51_10_results - INFO - Find_averageDis: 0.0
2024-06-23 01:50:50,611 - scalability_51_10_results - INFO - Find_averageCollisionNum: 0.6
2024-06-23 01:50:50,611 - scalability_51_10_results - INFO - Find_sumCollisionNum: 6
2024-06-23 01:50:50,611 - scalability_51_10_results - INFO - FlyncFind_averageSyn: 88478.0
2024-06-23 01:50:50,611 - scalability_51_10_results - INFO - FlyncFind_averageDis: 0.0
2024-06-23 01:50:50,611 - scalability_51_10_results - INFO - FlyncFind_averageCollisionNum: 12.4
2024-06-23 01:50:50,612 - scalability_51_10_results - INFO - FlyncFind_sumCollisionNum: 124
2024-06-23 01:50:50,612 - scalability_51_10_results - INFO - Pulsar_averageSyn: 21171.592
2024-06-23 01:50:50,612 - scalability_51_10_results - INFO - Pulsar_averageDis: 33201.7
2024-06-23 01:50:50,612 - scalability_51_10_results - INFO - Pulsar_averageCollisionNum: 0.0
2024-06-23 01:50:50,612 - scalability_51_10_results - INFO - Pulsar_sumCollisionNum: 0
2024-06-23 01:50:50,612 - scalability_51_10_results - INFO - Free_beacon_averageSyn: 4977.5
2024-06-23 01:50:50,612 - scalability_51_10_results - INFO - Free_beacon_averageDis: 31287.9
2024-06-23 01:50:50,612 - scalability_51_10_results - INFO - Free_beacon_averageCollisionNum: 2.8
2024-06-23 01:50:50,612 - scalability_51_10_results - INFO - Free_beacon_sumCollisionNum: 28
2024-06-23 01:50:50,613 - scalability_51_10_results - INFO - Find_averageEnhancedSyn: 122.53498985434456
2024-06-23 01:50:50,613 - scalability_51_10_results - INFO - Find_averageEnhancedDis: 0.0
2024-06-23 01:50:50,613 - scalability_51_10_results - INFO - Find_averageEnhancedCollisionNum: 1.0
2024-06-23 01:50:50,613 - scalability_51_10_results - INFO - FlyncFind_averageEnhancedSyn: 17.77559015570065
2024-06-23 01:50:50,613 - scalability_51_10_results - INFO - FlyncFind_averageEnhancedDis: 0.0
2024-06-23 01:50:50,613 - scalability_51_10_results - INFO - FlyncFind_averageEnhancedCollisionNum: 0.9999999999999998
2024-06-23 01:50:50,614 - scalability_51_10_results - INFO - Pulsar_averageEnhancedSyn: 4.253458965344048
2024-06-23 01:50:50,614 - scalability_51_10_results - INFO - Pulsar_averageEnhancedDis: 1.0611674161576838
2024-06-23 01:50:50,614 - scalability_51_10_results - INFO - Pulsar_averageEnhancedCollisionNum: 0.0
2024-06-23 01:52:47,541 - scalability_51_10_results - INFO - *******************OFFICE_TRACE*******************
2024-06-23 01:52:47,541 - scalability_51_10_results - INFO - Find_averageSyn: 90823.728
2024-06-23 01:52:47,541 - scalability_51_10_results - INFO - Find_averageDis: 0.0
2024-06-23 01:52:47,541 - scalability_51_10_results - INFO - Find_averageCollisionNum: 2.0
2024-06-23 01:52:47,542 - scalability_51_10_results - INFO - Find_sumCollisionNum: 20
2024-06-23 01:52:47,542 - scalability_51_10_results - INFO - FlyncFind_averageSyn: 14820.2
2024-06-23 01:52:47,542 - scalability_51_10_results - INFO - FlyncFind_averageDis: 0.0
2024-06-23 01:52:47,542 - scalability_51_10_results - INFO - FlyncFind_averageCollisionNum: 36.8
2024-06-23 01:52:47,542 - scalability_51_10_results - INFO - FlyncFind_sumCollisionNum: 368
2024-06-23 01:52:47,542 - scalability_51_10_results - INFO - Pulsar_averageSyn: 4237.34
2024-06-23 01:52:47,542 - scalability_51_10_results - INFO - Pulsar_averageDis: 7470.3
2024-06-23 01:52:47,542 - scalability_51_10_results - INFO - Pulsar_averageCollisionNum: 0.0
2024-06-23 01:52:47,542 - scalability_51_10_results - INFO - Pulsar_sumCollisionNum: 0
2024-06-23 01:52:47,542 - scalability_51_10_results - INFO - Free_beacon_averageSyn: 1473.596
2024-06-23 01:52:47,543 - scalability_51_10_results - INFO - Free_beacon_averageDis: 5140.2
2024-06-23 01:52:47,543 - scalability_51_10_results - INFO - Free_beacon_averageCollisionNum: 0.3
2024-06-23 01:52:47,543 - scalability_51_10_results - INFO - Free_beacon_sumCollisionNum: 3
2024-06-23 01:52:47,543 - scalability_51_10_results - INFO - Find_averageEnhancedSyn: 61.63407609684066
2024-06-23 01:52:47,543 - scalability_51_10_results - INFO - Find_averageEnhancedDis: 0.0
2024-06-23 01:52:47,543 - scalability_51_10_results - INFO - Find_averageEnhancedCollisionNum: 1.0
2024-06-23 01:52:47,544 - scalability_51_10_results - INFO - FlyncFind_averageEnhancedSyn: 10.057166278952984
2024-06-23 01:52:47,544 - scalability_51_10_results - INFO - FlyncFind_averageEnhancedDis: 0.0
2024-06-23 01:52:47,544 - scalability_51_10_results - INFO - FlyncFind_averageEnhancedCollisionNum: 1.0000000000000002
2024-06-23 01:52:47,544 - scalability_51_10_results - INFO - Pulsar_averageEnhancedSyn: 2.875509976954335
2024-06-23 01:52:47,544 - scalability_51_10_results - INFO - Pulsar_averageEnhancedDis: 1.4533092097583753
2024-06-23 01:52:47,544 - scalability_51_10_results - INFO - Pulsar_averageEnhancedCollisionNum: 0.0
2024-06-23 02:01:20,034 - scalability_51_10_results - INFO - *******************WASHER_TRACE*******************
2024-06-23 02:01:20,035 - scalability_51_10_results - INFO - Find_averageSyn: 5197270.072
2024-06-23 02:01:20,035 - scalability_51_10_results - INFO - Find_averageDis: 0.0
2024-06-23 02:01:20,035 - scalability_51_10_results - INFO - Find_averageCollisionNum: 0.6
2024-06-23 02:01:20,035 - scalability_51_10_results - INFO - Find_sumCollisionNum: 6
2024-06-23 02:01:20,035 - scalability_51_10_results - INFO - FlyncFind_averageSyn: 2394882.36
2024-06-23 02:01:20,035 - scalability_51_10_results - INFO - FlyncFind_averageDis: 0.0
2024-06-23 02:01:20,036 - scalability_51_10_results - INFO - FlyncFind_averageCollisionNum: 4.4
2024-06-23 02:01:20,036 - scalability_51_10_results - INFO - FlyncFind_sumCollisionNum: 44
2024-06-23 02:01:20,036 - scalability_51_10_results - INFO - Pulsar_averageSyn: 640161.236
2024-06-23 02:01:20,036 - scalability_51_10_results - INFO - Pulsar_averageDis: 181458.4
2024-06-23 02:01:20,036 - scalability_51_10_results - INFO - Pulsar_averageCollisionNum: 0.0
2024-06-23 02:01:20,036 - scalability_51_10_results - INFO - Pulsar_sumCollisionNum: 0
2024-06-23 02:01:20,036 - scalability_51_10_results - INFO - Free_beacon_averageSyn: 196303.796
2024-06-23 02:01:20,036 - scalability_51_10_results - INFO - Free_beacon_averageDis: 133711.2
2024-06-23 02:01:20,036 - scalability_51_10_results - INFO - Free_beacon_averageCollisionNum: 0.0
2024-06-23 02:01:20,036 - scalability_51_10_results - INFO - Free_beacon_sumCollisionNum: 0
2024-06-23 02:01:20,037 - scalability_51_10_results - INFO - Find_averageEnhancedSyn: 26.4756473277776
2024-06-23 02:01:20,037 - scalability_51_10_results - INFO - Find_averageEnhancedDis: 0.0
2024-06-23 02:01:20,037 - scalability_51_10_results - INFO - Find_averageEnhancedCollisionNum: 1.0
2024-06-23 02:01:20,037 - scalability_51_10_results - INFO - FlyncFind_averageEnhancedSyn: 12.199877989114382
2024-06-23 02:01:20,037 - scalability_51_10_results - INFO - FlyncFind_averageEnhancedDis: 0.0
2024-06-23 02:01:20,037 - scalability_51_10_results - INFO - FlyncFind_averageEnhancedCollisionNum: 1.0
2024-06-23 02:01:20,038 - scalability_51_10_results - INFO - Pulsar_averageEnhancedSyn: 3.261074156711672
2024-06-23 02:01:20,038 - scalability_51_10_results - INFO - Pulsar_averageEnhancedDis: 1.3570920012684051
2024-06-23 02:01:20,038 - scalability_51_10_results - INFO - Pulsar_averageEnhancedCollisionNum: 0.0
