2024-06-23 21:42:02,424 - scalability_51_36_results - INFO - *******************STATIC_TRACE*******************
2024-06-23 21:42:02,425 - scalability_51_36_results - INFO - Find_averageSyn: 170634.38777777777
2024-06-23 21:42:02,425 - scalability_51_36_results - INFO - Find_averageDis: 0.0
2024-06-23 21:42:02,425 - scalability_51_36_results - INFO - Find_averageCollisionNum: 16.77777777777778
2024-06-23 21:42:02,425 - scalability_51_36_results - INFO - Find_sumCollisionNum: 604
2024-06-23 21:42:02,425 - scalability_51_36_results - INFO - FlyncFind_averageSyn: 354604.0988888889
2024-06-23 21:42:02,425 - scalability_51_36_results - INFO - FlyncFind_averageDis: 0.0
2024-06-23 21:42:02,426 - scalability_51_36_results - INFO - FlyncFind_averageCollisionNum: 1315.2777777777778
2024-06-23 21:42:02,426 - scalability_51_36_results - INFO - FlyncFind_sumCollisionNum: 47350
2024-06-23 21:42:02,426 - scalability_51_36_results - INFO - Pulsar_averageSyn: 799.7366666666667
2024-06-23 21:42:02,426 - scalability_51_36_results - INFO - Pulsar_averageDis: 141032.58333333334
2024-06-23 21:42:02,426 - scalability_51_36_results - INFO - Pulsar_averageCollisionNum: 1.1388888888888888
2024-06-23 21:42:02,426 - scalability_51_36_results - INFO - Pulsar_sumCollisionNum: 41
2024-06-23 21:42:02,426 - scalability_51_36_results - INFO - Free_beacon_averageSyn: 3100.9211111111113
2024-06-23 21:42:02,426 - scalability_51_36_results - INFO - Free_beacon_averageDis: 21761.916666666668
2024-06-23 21:42:02,427 - scalability_51_36_results - INFO - Free_beacon_averageCollisionNum: 3.5
2024-06-23 21:42:02,427 - scalability_51_36_results - INFO - Free_beacon_sumCollisionNum: 126
2024-06-23 21:42:02,427 - scalability_51_36_results - INFO - Find_averageEnhancedSyn: 55.02700057939773
2024-06-23 21:42:02,427 - scalability_51_36_results - INFO - Find_averageEnhancedDis: 0.0
2024-06-23 21:42:02,427 - scalability_51_36_results - INFO - Find_averageEnhancedCollisionNum: 1.0
2024-06-23 21:42:02,428 - scalability_51_36_results - INFO - FlyncFind_averageEnhancedSyn: 114.35444056228454
2024-06-23 21:42:02,428 - scalability_51_36_results - INFO - FlyncFind_averageEnhancedDis: 0.0
2024-06-23 21:42:02,428 - scalability_51_36_results - INFO - FlyncFind_averageEnhancedCollisionNum: 1.0
2024-06-23 21:42:02,429 - scalability_51_36_results - INFO - Pulsar_averageEnhancedSyn: 0.2579029385175516
2024-06-23 21:42:02,429 - scalability_51_36_results - INFO - Pulsar_averageEnhancedDis: 6.480705973355595
2024-06-23 21:42:02,429 - scalability_51_36_results - INFO - Pulsar_averageEnhancedCollisionNum: 1.0
2024-06-23 22:37:00,403 - scalability_51_36_results - INFO - *******************COMPLEX_TRACE*******************
2024-06-23 22:37:00,404 - scalability_51_36_results - INFO - Find_averageSyn: 1044895.2977777778
2024-06-23 22:37:00,404 - scalability_51_36_results - INFO - Find_averageDis: 0.0
2024-06-23 22:37:00,404 - scalability_51_36_results - INFO - Find_averageCollisionNum: 5.555555555555555
2024-06-23 22:37:00,404 - scalability_51_36_results - INFO - Find_sumCollisionNum: 200
2024-06-23 22:37:00,404 - scalability_51_36_results - INFO - FlyncFind_averageSyn: 279882.4
2024-06-23 22:37:00,404 - scalability_51_36_results - INFO - FlyncFind_averageDis: 0.0
2024-06-23 22:37:00,405 - scalability_51_36_results - INFO - FlyncFind_averageCollisionNum: 91.5
2024-06-23 22:37:00,405 - scalability_51_36_results - INFO - FlyncFind_sumCollisionNum: 3294
2024-06-23 22:37:00,405 - scalability_51_36_results - INFO - Pulsar_averageSyn: 4039.4577777777777
2024-06-23 22:37:00,405 - scalability_51_36_results - INFO - Pulsar_averageDis: 276976.6388888889
2024-06-23 22:37:00,405 - scalability_51_36_results - INFO - Pulsar_averageCollisionNum: 0.5555555555555556
2024-06-23 22:37:00,405 - scalability_51_36_results - INFO - Pulsar_sumCollisionNum: 20
2024-06-23 22:37:00,405 - scalability_51_36_results - INFO - Free_beacon_averageSyn: 2797.5177777777776
2024-06-23 22:37:00,405 - scalability_51_36_results - INFO - Free_beacon_averageDis: 28899.527777777777
2024-06-23 22:37:00,406 - scalability_51_36_results - INFO - Free_beacon_averageCollisionNum: 0.3888888888888889
2024-06-23 22:37:00,406 - scalability_51_36_results - INFO - Free_beacon_sumCollisionNum: 14
2024-06-23 22:37:00,406 - scalability_51_36_results - INFO - Find_averageEnhancedSyn: 373.5080098785987
2024-06-23 22:37:00,406 - scalability_51_36_results - INFO - Find_averageEnhancedDis: 0.0
2024-06-23 22:37:00,407 - scalability_51_36_results - INFO - Find_averageEnhancedCollisionNum: 0.9999999999999998
2024-06-23 22:37:00,407 - scalability_51_36_results - INFO - FlyncFind_averageEnhancedSyn: 100.04669218664485
2024-06-23 22:37:00,407 - scalability_51_36_results - INFO - FlyncFind_averageEnhancedDis: 0.0
2024-06-23 22:37:00,407 - scalability_51_36_results - INFO - FlyncFind_averageEnhancedCollisionNum: 0.9999999999999998
2024-06-23 22:37:00,408 - scalability_51_36_results - INFO - Pulsar_averageEnhancedSyn: 1.4439435594888486
2024-06-23 22:37:00,408 - scalability_51_36_results - INFO - Pulsar_averageEnhancedDis: 9.58412334688283
2024-06-23 22:37:00,408 - scalability_51_36_results - INFO - Pulsar_averageEnhancedCollisionNum: 1.0
2024-06-24 02:08:52,794 - scalability_51_36_results - INFO - *******************STAIRS_TRACE*******************
2024-06-24 02:08:52,794 - scalability_51_36_results - INFO - Find_averageSyn: 59719.996666666666
2024-06-24 02:08:52,794 - scalability_51_36_results - INFO - Find_averageDis: 0.0
2024-06-24 02:08:52,795 - scalability_51_36_results - INFO - Find_averageCollisionNum: 45.666666666666664
2024-06-24 02:08:52,795 - scalability_51_36_results - INFO - Find_sumCollisionNum: 1644
2024-06-24 02:08:52,795 - scalability_51_36_results - INFO - FlyncFind_averageSyn: 1106273.8666666667
2024-06-24 02:08:52,795 - scalability_51_36_results - INFO - FlyncFind_averageDis: 0.0
2024-06-24 02:08:52,795 - scalability_51_36_results - INFO - FlyncFind_averageCollisionNum: 11054.111111111111
2024-06-24 02:08:52,795 - scalability_51_36_results - INFO - FlyncFind_sumCollisionNum: 397948
2024-06-24 02:08:52,795 - scalability_51_36_results - INFO - Pulsar_averageSyn: 383.27777777777777
2024-06-24 02:08:52,796 - scalability_51_36_results - INFO - Pulsar_averageDis: 137987.11111111112
2024-06-24 02:08:52,796 - scalability_51_36_results - INFO - Pulsar_averageCollisionNum: 4.611111111111111
2024-06-24 02:08:52,796 - scalability_51_36_results - INFO - Pulsar_sumCollisionNum: 166
2024-06-24 02:08:52,796 - scalability_51_36_results - INFO - Free_beacon_averageSyn: 145.17333333333335
2024-06-24 02:08:52,796 - scalability_51_36_results - INFO - Free_beacon_averageDis: 17988.583333333332
2024-06-24 02:08:52,796 - scalability_51_36_results - INFO - Free_beacon_averageCollisionNum: 2.5833333333333335
2024-06-24 02:08:52,796 - scalability_51_36_results - INFO - Free_beacon_sumCollisionNum: 93
2024-06-24 02:08:52,797 - scalability_51_36_results - INFO - Find_averageEnhancedSyn: 411.3702929831006
2024-06-24 02:08:52,797 - scalability_51_36_results - INFO - Find_averageEnhancedDis: 0.0
2024-06-24 02:08:52,797 - scalability_51_36_results - INFO - Find_averageEnhancedCollisionNum: 0.9999999999999998
2024-06-24 02:08:52,798 - scalability_51_36_results - INFO - FlyncFind_averageEnhancedSyn: 7620.365540044085
2024-06-24 02:08:52,798 - scalability_51_36_results - INFO - FlyncFind_averageEnhancedDis: 0.0
2024-06-24 02:08:52,798 - scalability_51_36_results - INFO - FlyncFind_averageEnhancedCollisionNum: 1.0000000000000004
2024-06-24 02:08:52,798 - scalability_51_36_results - INFO - Pulsar_averageEnhancedSyn: 2.6401389909380355
2024-06-24 02:08:52,799 - scalability_51_36_results - INFO - Pulsar_averageEnhancedDis: 7.670815903296691
2024-06-24 02:08:52,799 - scalability_51_36_results - INFO - Pulsar_averageEnhancedCollisionNum: 1.0
2024-06-24 07:51:28,746 - scalability_51_36_results - INFO - *******************CARS_TRACE*******************
2024-06-24 07:51:28,747 - scalability_51_36_results - INFO - Find_averageSyn: 165979578.40666667
2024-06-24 07:51:28,747 - scalability_51_36_results - INFO - Find_averageDis: 0.0
2024-06-24 07:51:28,747 - scalability_51_36_results - INFO - Find_averageCollisionNum: 0.6111111111111112
2024-06-24 07:51:28,747 - scalability_51_36_results - INFO - Find_sumCollisionNum: 22
2024-06-24 07:51:28,748 - scalability_51_36_results - INFO - FlyncFind_averageSyn: 17422637.21111111
2024-06-24 07:51:28,748 - scalability_51_36_results - INFO - FlyncFind_averageDis: 0.0
2024-06-24 07:51:28,748 - scalability_51_36_results - INFO - FlyncFind_averageCollisionNum: 5.0
2024-06-24 07:51:28,748 - scalability_51_36_results - INFO - FlyncFind_sumCollisionNum: 180
2024-06-24 07:51:28,748 - scalability_51_36_results - INFO - Pulsar_averageSyn: 617138.0105555556
2024-06-24 07:51:28,748 - scalability_51_36_results - INFO - Pulsar_averageDis: 3150939.888888889
2024-06-24 07:51:28,748 - scalability_51_36_results - INFO - Pulsar_averageCollisionNum: 0.0
2024-06-24 07:51:28,748 - scalability_51_36_results - INFO - Pulsar_sumCollisionNum: 0
2024-06-24 07:51:28,749 - scalability_51_36_results - INFO - Free_beacon_averageSyn: 481159.87333333335
2024-06-24 07:51:28,749 - scalability_51_36_results - INFO - Free_beacon_averageDis: 644313.4166666666
2024-06-24 07:51:28,749 - scalability_51_36_results - INFO - Free_beacon_averageCollisionNum: 0.0
2024-06-24 07:51:28,749 - scalability_51_36_results - INFO - Free_beacon_sumCollisionNum: 0
2024-06-24 07:51:28,749 - scalability_51_36_results - INFO - Find_averageEnhancedSyn: 344.9572327318345
2024-06-24 07:51:28,749 - scalability_51_36_results - INFO - Find_averageEnhancedDis: 0.0
2024-06-24 07:51:28,750 - scalability_51_36_results - INFO - Find_averageEnhancedCollisionNum: 0.9999999999999998
2024-06-24 07:51:28,750 - scalability_51_36_results - INFO - FlyncFind_averageEnhancedSyn: 36.209663724475256
2024-06-24 07:51:28,750 - scalability_51_36_results - INFO - FlyncFind_averageEnhancedDis: 0.0
2024-06-24 07:51:28,751 - scalability_51_36_results - INFO - FlyncFind_averageEnhancedCollisionNum: 1.0000000000000002
2024-06-24 07:51:28,751 - scalability_51_36_results - INFO - Pulsar_averageEnhancedSyn: 1.2826048986175964
2024-06-24 07:51:28,751 - scalability_51_36_results - INFO - Pulsar_averageEnhancedDis: 4.890383790531894
2024-06-24 07:51:28,751 - scalability_51_36_results - INFO - Pulsar_averageEnhancedCollisionNum: 0.0
2024-06-24 08:51:13,192 - scalability_51_36_results - INFO - *******************JOGGING_TRACE*******************
2024-06-24 08:51:13,192 - scalability_51_36_results - INFO - Find_averageSyn: 1761987.7777777778
2024-06-24 08:51:13,192 - scalability_51_36_results - INFO - Find_averageDis: 0.0
2024-06-24 08:51:13,192 - scalability_51_36_results - INFO - Find_averageCollisionNum: 4.666666666666667
2024-06-24 08:51:13,192 - scalability_51_36_results - INFO - Find_sumCollisionNum: 168
2024-06-24 08:51:13,193 - scalability_51_36_results - INFO - FlyncFind_averageSyn: 442615.0333333333
2024-06-24 08:51:13,193 - scalability_51_36_results - INFO - FlyncFind_averageDis: 0.0
2024-06-24 08:51:13,193 - scalability_51_36_results - INFO - FlyncFind_averageCollisionNum: 63.111111111111114
2024-06-24 08:51:13,193 - scalability_51_36_results - INFO - FlyncFind_sumCollisionNum: 2272
2024-06-24 08:51:13,193 - scalability_51_36_results - INFO - Pulsar_averageSyn: 7829.207777777778
2024-06-24 08:51:13,193 - scalability_51_36_results - INFO - Pulsar_averageDis: 412282.94444444444
2024-06-24 08:51:13,193 - scalability_51_36_results - INFO - Pulsar_averageCollisionNum: 0.3888888888888889
2024-06-24 08:51:13,193 - scalability_51_36_results - INFO - Pulsar_sumCollisionNum: 14
2024-06-24 08:51:13,194 - scalability_51_36_results - INFO - Free_beacon_averageSyn: 6502.351111111111
2024-06-24 08:51:13,194 - scalability_51_36_results - INFO - Free_beacon_averageDis: 48733.194444444445
2024-06-24 08:51:13,194 - scalability_51_36_results - INFO - Free_beacon_averageCollisionNum: 0.25
2024-06-24 08:51:13,194 - scalability_51_36_results - INFO - Free_beacon_sumCollisionNum: 9
2024-06-24 08:51:13,195 - scalability_51_36_results - INFO - Find_averageEnhancedSyn: 270.97702779644146
2024-06-24 08:51:13,195 - scalability_51_36_results - INFO - Find_averageEnhancedDis: 0.0
2024-06-24 08:51:13,195 - scalability_51_36_results - INFO - Find_averageEnhancedCollisionNum: 0.9999999999999998
2024-06-24 08:51:13,195 - scalability_51_36_results - INFO - FlyncFind_averageEnhancedSyn: 68.06999895422442
2024-06-24 08:51:13,196 - scalability_51_36_results - INFO - FlyncFind_averageEnhancedDis: 0.0
2024-06-24 08:51:13,196 - scalability_51_36_results - INFO - FlyncFind_averageEnhancedCollisionNum: 1.0
2024-06-24 08:51:13,196 - scalability_51_36_results - INFO - Pulsar_averageEnhancedSyn: 1.2040579851800612
2024-06-24 08:51:13,196 - scalability_51_36_results - INFO - Pulsar_averageEnhancedDis: 8.460002450987377
2024-06-24 08:51:13,197 - scalability_51_36_results - INFO - Pulsar_averageEnhancedCollisionNum: 1.0
2024-06-24 09:31:25,794 - scalability_51_36_results - INFO - *******************OFFICE_TRACE*******************
2024-06-24 09:31:25,794 - scalability_51_36_results - INFO - Find_averageSyn: 317367.17555555556
2024-06-24 09:31:25,794 - scalability_51_36_results - INFO - Find_averageDis: 0.0
2024-06-24 09:31:25,795 - scalability_51_36_results - INFO - Find_averageCollisionNum: 10.166666666666666
2024-06-24 09:31:25,795 - scalability_51_36_results - INFO - Find_sumCollisionNum: 366
2024-06-24 09:31:25,795 - scalability_51_36_results - INFO - FlyncFind_averageSyn: 210836.27777777778
2024-06-24 09:31:25,795 - scalability_51_36_results - INFO - FlyncFind_averageDis: 0.0
2024-06-24 09:31:25,795 - scalability_51_36_results - INFO - FlyncFind_averageCollisionNum: 338.72222222222223
2024-06-24 09:31:25,795 - scalability_51_36_results - INFO - FlyncFind_sumCollisionNum: 12194
2024-06-24 09:31:25,795 - scalability_51_36_results - INFO - Pulsar_averageSyn: 2149.8488888888887
2024-06-24 09:31:25,796 - scalability_51_36_results - INFO - Pulsar_averageDis: 215180.88888888888
2024-06-24 09:31:25,796 - scalability_51_36_results - INFO - Pulsar_averageCollisionNum: 1.1666666666666667
2024-06-24 09:31:25,796 - scalability_51_36_results - INFO - Pulsar_sumCollisionNum: 42
2024-06-24 09:31:25,796 - scalability_51_36_results - INFO - Free_beacon_averageSyn: 1634.631111111111
2024-06-24 09:31:25,796 - scalability_51_36_results - INFO - Free_beacon_averageDis: 22622.416666666668
2024-06-24 09:31:25,796 - scalability_51_36_results - INFO - Free_beacon_averageCollisionNum: 1.2777777777777777
2024-06-24 09:31:25,796 - scalability_51_36_results - INFO - Free_beacon_sumCollisionNum: 46
2024-06-24 09:31:25,797 - scalability_51_36_results - INFO - Find_averageEnhancedSyn: 194.15216888893724
2024-06-24 09:31:25,797 - scalability_51_36_results - INFO - Find_averageEnhancedDis: 0.0
2024-06-24 09:31:25,797 - scalability_51_36_results - INFO - Find_averageEnhancedCollisionNum: 1.0
2024-06-24 09:31:25,798 - scalability_51_36_results - INFO - FlyncFind_averageEnhancedSyn: 128.980952549267
2024-06-24 09:31:25,798 - scalability_51_36_results - INFO - FlyncFind_averageEnhancedDis: 0.0
2024-06-24 09:31:25,798 - scalability_51_36_results - INFO - FlyncFind_averageEnhancedCollisionNum: 1.0000000000000002
2024-06-24 09:31:25,799 - scalability_51_36_results - INFO - Pulsar_averageEnhancedSyn: 1.315189019880802
2024-06-24 09:31:25,799 - scalability_51_36_results - INFO - Pulsar_averageEnhancedDis: 9.511843586806105
2024-06-24 09:31:25,799 - scalability_51_36_results - INFO - Pulsar_averageEnhancedCollisionNum: 1.0
2024-06-24 10:36:34,925 - scalability_51_36_results - INFO - *******************WASHER_TRACE*******************
2024-06-24 10:36:34,926 - scalability_51_36_results - INFO - Find_averageSyn: 7394297.495555555
2024-06-24 10:36:34,926 - scalability_51_36_results - INFO - Find_averageDis: 0.0
2024-06-24 10:36:34,926 - scalability_51_36_results - INFO - Find_averageCollisionNum: 4.444444444444445
2024-06-24 10:36:34,926 - scalability_51_36_results - INFO - Find_sumCollisionNum: 160
2024-06-24 10:36:34,927 - scalability_51_36_results - INFO - FlyncFind_averageSyn: 4068505.2666666666
2024-06-24 10:36:34,927 - scalability_51_36_results - INFO - FlyncFind_averageDis: 0.0
2024-06-24 10:36:34,927 - scalability_51_36_results - INFO - FlyncFind_averageCollisionNum: 23.666666666666668
2024-06-24 10:36:34,927 - scalability_51_36_results - INFO - FlyncFind_sumCollisionNum: 852
2024-06-24 10:36:34,927 - scalability_51_36_results - INFO - Pulsar_averageSyn: 216205.69833333333
2024-06-24 10:36:34,927 - scalability_51_36_results - INFO - Pulsar_averageDis: 4250074.305555556
2024-06-24 10:36:34,927 - scalability_51_36_results - INFO - Pulsar_averageCollisionNum: 0.1388888888888889
2024-06-24 10:36:34,927 - scalability_51_36_results - INFO - Pulsar_sumCollisionNum: 5
2024-06-24 10:36:34,928 - scalability_51_36_results - INFO - Free_beacon_averageSyn: 201044.9611111111
2024-06-24 10:36:34,928 - scalability_51_36_results - INFO - Free_beacon_averageDis: 236174.08333333334
2024-06-24 10:36:34,928 - scalability_51_36_results - INFO - Free_beacon_averageCollisionNum: 0.0
2024-06-24 10:36:34,928 - scalability_51_36_results - INFO - Free_beacon_sumCollisionNum: 0
2024-06-24 10:36:34,928 - scalability_51_36_results - INFO - Find_averageEnhancedSyn: 36.779322668370504
2024-06-24 10:36:34,928 - scalability_51_36_results - INFO - Find_averageEnhancedDis: 0.0
2024-06-24 10:36:34,929 - scalability_51_36_results - INFO - Find_averageEnhancedCollisionNum: 0.9999999999999998
2024-06-24 10:36:34,929 - scalability_51_36_results - INFO - FlyncFind_averageEnhancedSyn: 20.236793024711194
2024-06-24 10:36:34,929 - scalability_51_36_results - INFO - FlyncFind_averageEnhancedDis: 0.0
2024-06-24 10:36:34,929 - scalability_51_36_results - INFO - FlyncFind_averageEnhancedCollisionNum: 1.0
2024-06-24 10:36:34,930 - scalability_51_36_results - INFO - Pulsar_averageEnhancedSyn: 1.075409685169097
2024-06-24 10:36:34,930 - scalability_51_36_results - INFO - Pulsar_averageEnhancedDis: 17.995515196123577
2024-06-24 10:36:34,930 - scalability_51_36_results - INFO - Pulsar_averageEnhancedCollisionNum: 1.0
