2024-06-26 16:59:27,780 - scalability_51_50_results - INFO - *******************STATIC_TRACE*******************
2024-06-26 16:59:27,781 - scalability_51_50_results - INFO - Find_averageSyn: 258490.1592
2024-06-26 16:59:27,781 - scalability_51_50_results - INFO - Find_averageDis: 0.0
2024-06-26 16:59:27,781 - scalability_51_50_results - INFO - Find_averageCollisionNum: 26.64
2024-06-26 16:59:27,781 - scalability_51_50_results - INFO - Find_sumCollisionNum: 1332
2024-06-26 16:59:27,782 - scalability_51_50_results - INFO - FlyncFind_averageSyn: 1623074.9248
2024-06-26 16:59:27,782 - scalability_51_50_results - INFO - FlyncFind_averageDis: 0.0
2024-06-26 16:59:27,782 - scalability_51_50_results - INFO - FlyncFind_averageCollisionNum: 4698.92
2024-06-26 16:59:27,782 - scalability_51_50_results - INFO - FlyncFind_sumCollisionNum: 234946
2024-06-26 16:59:27,782 - scalability_51_50_results - INFO - Pulsar_averageSyn: 545.5632
2024-06-26 16:59:27,782 - scalability_51_50_results - INFO - Pulsar_averageDis: 360320.9
2024-06-26 16:59:27,782 - scalability_51_50_results - INFO - Pulsar_averageCollisionNum: 2.84
2024-06-26 16:59:27,782 - scalability_51_50_results - INFO - Pulsar_sumCollisionNum: 142
2024-06-26 16:59:27,783 - scalability_51_50_results - INFO - Free_beacon_averageSyn: 3291.4472
2024-06-26 16:59:27,783 - scalability_51_50_results - INFO - Free_beacon_averageDis: 43967.08
2024-06-26 16:59:27,783 - scalability_51_50_results - INFO - Free_beacon_averageCollisionNum: 4.86
2024-06-26 16:59:27,783 - scalability_51_50_results - INFO - Free_beacon_sumCollisionNum: 243
2024-06-26 16:59:27,784 - scalability_51_50_results - INFO - Find_averageEnhancedSyn: 78.53389208248578
2024-06-26 16:59:27,784 - scalability_51_50_results - INFO - Find_averageEnhancedDis: 0.0
2024-06-26 16:59:27,784 - scalability_51_50_results - INFO - Find_averageEnhancedCollisionNum: 1.0
2024-06-26 16:59:27,785 - scalability_51_50_results - INFO - FlyncFind_averageEnhancedSyn: 493.11893102827224
2024-06-26 16:59:27,785 - scalability_51_50_results - INFO - FlyncFind_averageEnhancedDis: 0.0
2024-06-26 16:59:27,785 - scalability_51_50_results - INFO - FlyncFind_averageEnhancedCollisionNum: 1.0
2024-06-26 16:59:27,786 - scalability_51_50_results - INFO - Pulsar_averageEnhancedSyn: 0.16575177022435603
2024-06-26 16:59:27,786 - scalability_51_50_results - INFO - Pulsar_averageEnhancedDis: 8.19524289536626
2024-06-26 16:59:27,786 - scalability_51_50_results - INFO - Pulsar_averageEnhancedCollisionNum: 1.0
2024-06-26 18:59:11,973 - scalability_51_50_results - INFO - *******************COMPLEX_TRACE*******************
2024-06-26 18:59:11,974 - scalability_51_50_results - INFO - Find_averageSyn: 1473686.5256
2024-06-26 18:59:11,974 - scalability_51_50_results - INFO - Find_averageDis: 0.0
2024-06-26 18:59:11,974 - scalability_51_50_results - INFO - Find_averageCollisionNum: 7.76
2024-06-26 18:59:11,974 - scalability_51_50_results - INFO - Find_sumCollisionNum: 388
2024-06-26 18:59:11,975 - scalability_51_50_results - INFO - FlyncFind_averageSyn: 583261.272
2024-06-26 18:59:11,975 - scalability_51_50_results - INFO - FlyncFind_averageDis: 0.0
2024-06-26 18:59:11,975 - scalability_51_50_results - INFO - FlyncFind_averageCollisionNum: 170.28
2024-06-26 18:59:11,975 - scalability_51_50_results - INFO - FlyncFind_sumCollisionNum: 8514
2024-06-26 18:59:11,975 - scalability_51_50_results - INFO - Pulsar_averageSyn: 3534.5368
2024-06-26 18:59:11,975 - scalability_51_50_results - INFO - Pulsar_averageDis: 574304.1
2024-06-26 18:59:11,975 - scalability_51_50_results - INFO - Pulsar_averageCollisionNum: 0.52
2024-06-26 18:59:11,975 - scalability_51_50_results - INFO - Pulsar_sumCollisionNum: 26
2024-06-26 18:59:11,976 - scalability_51_50_results - INFO - Free_beacon_averageSyn: 3105.1072
2024-06-26 18:59:11,976 - scalability_51_50_results - INFO - Free_beacon_averageDis: 43036.22
2024-06-26 18:59:11,976 - scalability_51_50_results - INFO - Free_beacon_averageCollisionNum: 0.34
2024-06-26 18:59:11,976 - scalability_51_50_results - INFO - Free_beacon_sumCollisionNum: 17
2024-06-26 18:59:11,977 - scalability_51_50_results - INFO - Find_averageEnhancedSyn: 474.600852943177
2024-06-26 18:59:11,977 - scalability_51_50_results - INFO - Find_averageEnhancedDis: 0.0
2024-06-26 18:59:11,977 - scalability_51_50_results - INFO - Find_averageEnhancedCollisionNum: 1.0000000000000002
2024-06-26 18:59:11,978 - scalability_51_50_results - INFO - FlyncFind_averageEnhancedSyn: 187.83933514437118
2024-06-26 18:59:11,978 - scalability_51_50_results - INFO - FlyncFind_averageEnhancedDis: 0.0
2024-06-26 18:59:11,978 - scalability_51_50_results - INFO - FlyncFind_averageEnhancedCollisionNum: 1.0
2024-06-26 18:59:11,979 - scalability_51_50_results - INFO - Pulsar_averageEnhancedSyn: 1.138297833968502
2024-06-26 18:59:11,979 - scalability_51_50_results - INFO - Pulsar_averageEnhancedDis: 13.344668746465185
2024-06-26 18:59:11,979 - scalability_51_50_results - INFO - Pulsar_averageEnhancedCollisionNum: 1.0
2024-06-27 04:24:01,097 - scalability_51_50_results - INFO - *******************STAIRS_TRACE*******************
2024-06-27 04:24:01,098 - scalability_51_50_results - INFO - Find_averageSyn: 104787.8864
2024-06-27 04:24:01,098 - scalability_51_50_results - INFO - Find_averageDis: 0.0
2024-06-27 04:24:01,098 - scalability_51_50_results - INFO - Find_averageCollisionNum: 71.48
2024-06-27 04:24:01,098 - scalability_51_50_results - INFO - Find_sumCollisionNum: 3574
2024-06-27 04:24:01,098 - scalability_51_50_results - INFO - FlyncFind_averageSyn: 3295351.84
2024-06-27 04:24:01,098 - scalability_51_50_results - INFO - FlyncFind_averageDis: 0.0
2024-06-27 04:24:01,098 - scalability_51_50_results - INFO - FlyncFind_averageCollisionNum: 15769.36
2024-06-27 04:24:01,099 - scalability_51_50_results - INFO - FlyncFind_sumCollisionNum: 788468
2024-06-27 04:24:01,099 - scalability_51_50_results - INFO - Pulsar_averageSyn: 1362.352
2024-06-27 04:24:01,099 - scalability_51_50_results - INFO - Pulsar_averageDis: 374655.96
2024-06-27 04:24:01,099 - scalability_51_50_results - INFO - Pulsar_averageCollisionNum: 36.3
2024-06-27 04:24:01,099 - scalability_51_50_results - INFO - Pulsar_sumCollisionNum: 1815
2024-06-27 04:24:01,099 - scalability_51_50_results - INFO - Free_beacon_averageSyn: 155.152
2024-06-27 04:24:01,099 - scalability_51_50_results - INFO - Free_beacon_averageDis: 32480.9
2024-06-27 04:24:01,100 - scalability_51_50_results - INFO - Free_beacon_averageCollisionNum: 5.68
2024-06-27 04:24:01,100 - scalability_51_50_results - INFO - Free_beacon_sumCollisionNum: 284
2024-06-27 04:24:01,100 - scalability_51_50_results - INFO - Find_averageEnhancedSyn: 675.3885634732392
2024-06-27 04:24:01,101 - scalability_51_50_results - INFO - Find_averageEnhancedDis: 0.0
2024-06-27 04:24:01,101 - scalability_51_50_results - INFO - Find_averageEnhancedCollisionNum: 1.0
2024-06-27 04:24:01,101 - scalability_51_50_results - INFO - FlyncFind_averageEnhancedSyn: 21239.506032793648
2024-06-27 04:24:01,102 - scalability_51_50_results - INFO - FlyncFind_averageEnhancedDis: 0.0
2024-06-27 04:24:01,102 - scalability_51_50_results - INFO - FlyncFind_averageEnhancedCollisionNum: 0.9999999999999997
2024-06-27 04:24:01,103 - scalability_51_50_results - INFO - Pulsar_averageEnhancedSyn: 8.78075693513458
2024-06-27 04:24:01,103 - scalability_51_50_results - INFO - Pulsar_averageEnhancedDis: 11.534654520041009
2024-06-27 04:24:01,103 - scalability_51_50_results - INFO - Pulsar_averageEnhancedCollisionNum: 1.0
2024-06-27 15:08:02,712 - scalability_51_50_results - INFO - *******************CARS_TRACE*******************
2024-06-27 15:08:02,713 - scalability_51_50_results - INFO - Find_averageSyn: 217933367.2104
2024-06-27 15:08:02,713 - scalability_51_50_results - INFO - Find_averageDis: 0.0
2024-06-27 15:08:02,713 - scalability_51_50_results - INFO - Find_averageCollisionNum: 0.68
2024-06-27 15:08:02,713 - scalability_51_50_results - INFO - Find_sumCollisionNum: 34
2024-06-27 15:08:02,713 - scalability_51_50_results - INFO - FlyncFind_averageSyn: 22284044.928
2024-06-27 15:08:02,713 - scalability_51_50_results - INFO - FlyncFind_averageDis: 0.0
2024-06-27 15:08:02,714 - scalability_51_50_results - INFO - FlyncFind_averageCollisionNum: 6.8
2024-06-27 15:08:02,714 - scalability_51_50_results - INFO - FlyncFind_sumCollisionNum: 340
2024-06-27 15:08:02,714 - scalability_51_50_results - INFO - Pulsar_averageSyn: 513002.2484
2024-06-27 15:08:02,714 - scalability_51_50_results - INFO - Pulsar_averageDis: 5512896.84
2024-06-27 15:08:02,714 - scalability_51_50_results - INFO - Pulsar_averageCollisionNum: 0.04
2024-06-27 15:08:02,714 - scalability_51_50_results - INFO - Pulsar_sumCollisionNum: 2
2024-06-27 15:08:02,714 - scalability_51_50_results - INFO - Free_beacon_averageSyn: 468436.314
2024-06-27 15:08:02,715 - scalability_51_50_results - INFO - Free_beacon_averageDis: 749517.46
2024-06-27 15:08:02,715 - scalability_51_50_results - INFO - Free_beacon_averageCollisionNum: 0.08
2024-06-27 15:08:02,715 - scalability_51_50_results - INFO - Free_beacon_sumCollisionNum: 4
2024-06-27 15:08:02,715 - scalability_51_50_results - INFO - Find_averageEnhancedSyn: 465.23585105829346
2024-06-27 15:08:02,716 - scalability_51_50_results - INFO - Find_averageEnhancedDis: 0.0
2024-06-27 15:08:02,716 - scalability_51_50_results - INFO - Find_averageEnhancedCollisionNum: 0.9999999999999997
2024-06-27 15:08:02,716 - scalability_51_50_results - INFO - FlyncFind_averageEnhancedSyn: 47.571130294565506
2024-06-27 15:08:02,717 - scalability_51_50_results - INFO - FlyncFind_averageEnhancedDis: 0.0
2024-06-27 15:08:02,717 - scalability_51_50_results - INFO - FlyncFind_averageEnhancedCollisionNum: 1.0
2024-06-27 15:08:02,718 - scalability_51_50_results - INFO - Pulsar_averageEnhancedSyn: 1.0951376592037652
2024-06-27 15:08:02,718 - scalability_51_50_results - INFO - Pulsar_averageEnhancedDis: 7.35526139711275
2024-06-27 15:08:02,718 - scalability_51_50_results - INFO - Pulsar_averageEnhancedCollisionNum: 1.0
2024-06-27 17:12:13,474 - scalability_51_50_results - INFO - *******************JOGGING_TRACE*******************
2024-06-27 17:12:13,475 - scalability_51_50_results - INFO - Find_averageSyn: 2335087.1392
2024-06-27 17:12:13,475 - scalability_51_50_results - INFO - Find_averageDis: 0.0
2024-06-27 17:12:13,475 - scalability_51_50_results - INFO - Find_averageCollisionNum: 6.52
2024-06-27 17:12:13,475 - scalability_51_50_results - INFO - Find_sumCollisionNum: 326
2024-06-27 17:12:13,475 - scalability_51_50_results - INFO - FlyncFind_averageSyn: 816626.904
2024-06-27 17:12:13,476 - scalability_51_50_results - INFO - FlyncFind_averageDis: 0.0
2024-06-27 17:12:13,476 - scalability_51_50_results - INFO - FlyncFind_averageCollisionNum: 125.44
2024-06-27 17:12:13,476 - scalability_51_50_results - INFO - FlyncFind_sumCollisionNum: 6272
2024-06-27 17:12:13,476 - scalability_51_50_results - INFO - Pulsar_averageSyn: 6271.7648
2024-06-27 17:12:13,476 - scalability_51_50_results - INFO - Pulsar_averageDis: 778999.76
2024-06-27 17:12:13,476 - scalability_51_50_results - INFO - Pulsar_averageCollisionNum: 0.14
2024-06-27 17:12:13,476 - scalability_51_50_results - INFO - Pulsar_sumCollisionNum: 7
2024-06-27 17:12:13,477 - scalability_51_50_results - INFO - Free_beacon_averageSyn: 6756.8672
2024-06-27 17:12:13,477 - scalability_51_50_results - INFO - Free_beacon_averageDis: 52636.6
2024-06-27 17:12:13,477 - scalability_51_50_results - INFO - Free_beacon_averageCollisionNum: 0.4
2024-06-27 17:12:13,477 - scalability_51_50_results - INFO - Free_beacon_sumCollisionNum: 20
2024-06-27 17:12:13,478 - scalability_51_50_results - INFO - Find_averageEnhancedSyn: 345.5872477706829
2024-06-27 17:12:13,478 - scalability_51_50_results - INFO - Find_averageEnhancedDis: 0.0
2024-06-27 17:12:13,478 - scalability_51_50_results - INFO - Find_averageEnhancedCollisionNum: 1.0
2024-06-27 17:12:13,479 - scalability_51_50_results - INFO - FlyncFind_averageEnhancedSyn: 120.85880628229603
2024-06-27 17:12:13,479 - scalability_51_50_results - INFO - FlyncFind_averageEnhancedDis: 0.0
2024-06-27 17:12:13,479 - scalability_51_50_results - INFO - FlyncFind_averageEnhancedCollisionNum: 1.0
2024-06-27 17:12:13,480 - scalability_51_50_results - INFO - Pulsar_averageEnhancedSyn: 0.928206018315707
2024-06-27 17:12:13,480 - scalability_51_50_results - INFO - Pulsar_averageEnhancedDis: 14.799583559728402
2024-06-27 17:12:13,480 - scalability_51_50_results - INFO - Pulsar_averageEnhancedCollisionNum: 0.9999999999999999
2024-06-27 19:09:47,027 - scalability_51_50_results - INFO - *******************OFFICE_TRACE*******************
2024-06-27 19:09:47,028 - scalability_51_50_results - INFO - Find_averageSyn: 509353.1344
2024-06-27 19:09:47,028 - scalability_51_50_results - INFO - Find_averageDis: 0.0
2024-06-27 19:09:47,028 - scalability_51_50_results - INFO - Find_averageCollisionNum: 17.32
2024-06-27 19:09:47,028 - scalability_51_50_results - INFO - Find_sumCollisionNum: 866
2024-06-27 19:09:47,029 - scalability_51_50_results - INFO - FlyncFind_averageSyn: 670420.592
2024-06-27 19:09:47,029 - scalability_51_50_results - INFO - FlyncFind_averageDis: 0.0
2024-06-27 19:09:47,029 - scalability_51_50_results - INFO - FlyncFind_averageCollisionNum: 720.04
2024-06-27 19:09:47,029 - scalability_51_50_results - INFO - FlyncFind_sumCollisionNum: 36002
2024-06-27 19:09:47,029 - scalability_51_50_results - INFO - Pulsar_averageSyn: 1597.736
2024-06-27 19:09:47,029 - scalability_51_50_results - INFO - Pulsar_averageDis: 467515.4
2024-06-27 19:09:47,029 - scalability_51_50_results - INFO - Pulsar_averageCollisionNum: 1.78
2024-06-27 19:09:47,029 - scalability_51_50_results - INFO - Pulsar_sumCollisionNum: 89
2024-06-27 19:09:47,030 - scalability_51_50_results - INFO - Free_beacon_averageSyn: 1696.6944
2024-06-27 19:09:47,030 - scalability_51_50_results - INFO - Free_beacon_averageDis: 31496.78
2024-06-27 19:09:47,030 - scalability_51_50_results - INFO - Free_beacon_averageCollisionNum: 0.84
2024-06-27 19:09:47,030 - scalability_51_50_results - INFO - Free_beacon_sumCollisionNum: 42
2024-06-27 19:09:47,031 - scalability_51_50_results - INFO - Find_averageEnhancedSyn: 300.2032271692533
2024-06-27 19:09:47,031 - scalability_51_50_results - INFO - Find_averageEnhancedDis: 0.0
2024-06-27 19:09:47,031 - scalability_51_50_results - INFO - Find_averageEnhancedCollisionNum: 1.0
2024-06-27 19:09:47,032 - scalability_51_50_results - INFO - FlyncFind_averageEnhancedSyn: 395.13337935222745
2024-06-27 19:09:47,032 - scalability_51_50_results - INFO - FlyncFind_averageEnhancedDis: 0.0
2024-06-27 19:09:47,032 - scalability_51_50_results - INFO - FlyncFind_averageEnhancedCollisionNum: 0.9999999999999997
2024-06-27 19:09:47,033 - scalability_51_50_results - INFO - Pulsar_averageEnhancedSyn: 0.941675766714383
2024-06-27 19:09:47,033 - scalability_51_50_results - INFO - Pulsar_averageEnhancedDis: 14.843276042820886
2024-06-27 19:09:47,033 - scalability_51_50_results - INFO - Pulsar_averageEnhancedCollisionNum: 1.0
2024-06-27 20:53:56,255 - scalability_51_50_results - INFO - *******************WASHER_TRACE*******************
2024-06-27 20:53:56,256 - scalability_51_50_results - INFO - Find_averageSyn: 7982000.6248
2024-06-27 20:53:56,256 - scalability_51_50_results - INFO - Find_averageDis: 0.0
2024-06-27 20:53:56,256 - scalability_51_50_results - INFO - Find_averageCollisionNum: 8.68
2024-06-27 20:53:56,256 - scalability_51_50_results - INFO - Find_sumCollisionNum: 434
2024-06-27 20:53:56,257 - scalability_51_50_results - INFO - FlyncFind_averageSyn: 4369259.424
2024-06-27 20:53:56,257 - scalability_51_50_results - INFO - FlyncFind_averageDis: 0.0
2024-06-27 20:53:56,257 - scalability_51_50_results - INFO - FlyncFind_averageCollisionNum: 32.56
2024-06-27 20:53:56,257 - scalability_51_50_results - INFO - FlyncFind_sumCollisionNum: 1628
2024-06-27 20:53:56,257 - scalability_51_50_results - INFO - Pulsar_averageSyn: 208044.9992
2024-06-27 20:53:56,257 - scalability_51_50_results - INFO - Pulsar_averageDis: 4774704.4
2024-06-27 20:53:56,258 - scalability_51_50_results - INFO - Pulsar_averageCollisionNum: 0.1
2024-06-27 20:53:56,258 - scalability_51_50_results - INFO - Pulsar_sumCollisionNum: 5
2024-06-27 20:53:56,258 - scalability_51_50_results - INFO - Free_beacon_averageSyn: 201082.036
2024-06-27 20:53:56,258 - scalability_51_50_results - INFO - Free_beacon_averageDis: 1722402.5
2024-06-27 20:53:56,258 - scalability_51_50_results - INFO - Free_beacon_averageCollisionNum: 0.38
2024-06-27 20:53:56,258 - scalability_51_50_results - INFO - Free_beacon_sumCollisionNum: 19
2024-06-27 20:53:56,259 - scalability_51_50_results - INFO - Find_averageEnhancedSyn: 39.6952447050019
2024-06-27 20:53:56,259 - scalability_51_50_results - INFO - Find_averageEnhancedDis: 0.0
2024-06-27 20:53:56,259 - scalability_51_50_results - INFO - Find_averageEnhancedCollisionNum: 0.9999999999999999
2024-06-27 20:53:56,260 - scalability_51_50_results - INFO - FlyncFind_averageEnhancedSyn: 21.728740721523227
2024-06-27 20:53:56,260 - scalability_51_50_results - INFO - FlyncFind_averageEnhancedDis: 0.0
2024-06-27 20:53:56,261 - scalability_51_50_results - INFO - FlyncFind_averageEnhancedCollisionNum: 1.0
2024-06-27 20:53:56,261 - scalability_51_50_results - INFO - Pulsar_averageEnhancedSyn: 1.0346274751266196
2024-06-27 20:53:56,262 - scalability_51_50_results - INFO - Pulsar_averageEnhancedDis: 2.7721188282065317
2024-06-27 20:53:56,262 - scalability_51_50_results - INFO - Pulsar_averageEnhancedCollisionNum: 1.0
