2024-06-23 02:06:03,943 - scalability_51_16_results - INFO - *******************STATIC_TRACE*******************
2024-06-23 02:06:03,943 - scalability_51_16_results - INFO - Find_averageSyn: 71097.9675
2024-06-23 02:06:03,943 - scalability_51_16_results - INFO - Find_averageDis: 0.0
2024-06-23 02:06:03,943 - scalability_51_16_results - INFO - Find_averageCollisionNum: 5.375
2024-06-23 02:06:03,943 - scalability_51_16_results - INFO - Find_sumCollisionNum: 86
2024-06-23 02:06:03,944 - scalability_51_16_results - INFO - FlyncFind_averageSyn: 34914.3525
2024-06-23 02:06:03,944 - scalability_51_16_results - INFO - FlyncFind_averageDis: 0.0
2024-06-23 02:06:03,944 - scalability_51_16_results - INFO - FlyncFind_averageCollisionNum: 170.5
2024-06-23 02:06:03,944 - scalability_51_16_results - INFO - FlyncFind_sumCollisionNum: 2728
2024-06-23 02:06:03,944 - scalability_51_16_results - INFO - Pulsar_averageSyn: 1826.085
2024-06-23 02:06:03,944 - scalability_51_16_results - INFO - Pulsar_averageDis: 18825.625
2024-06-23 02:06:03,944 - scalability_51_16_results - INFO - Pulsar_averageCollisionNum: 0.1875
2024-06-23 02:06:03,944 - scalability_51_16_results - INFO - Pulsar_sumCollisionNum: 3
2024-06-23 02:06:03,944 - scalability_51_16_results - INFO - Free_beacon_averageSyn: 3091.205
2024-06-23 02:06:03,945 - scalability_51_16_results - INFO - Free_beacon_averageDis: 12837.1875
2024-06-23 02:06:03,945 - scalability_51_16_results - INFO - Free_beacon_averageCollisionNum: 2.3125
2024-06-23 02:06:03,945 - scalability_51_16_results - INFO - Free_beacon_sumCollisionNum: 37
2024-06-23 02:06:03,945 - scalability_51_16_results - INFO - Find_averageEnhancedSyn: 23.00008168335649
2024-06-23 02:06:03,945 - scalability_51_16_results - INFO - Find_averageEnhancedDis: 0.0
2024-06-23 02:06:03,945 - scalability_51_16_results - INFO - Find_averageEnhancedCollisionNum: 1.0
2024-06-23 02:06:03,946 - scalability_51_16_results - INFO - FlyncFind_averageEnhancedSyn: 11.294738621346692
2024-06-23 02:06:03,946 - scalability_51_16_results - INFO - FlyncFind_averageEnhancedDis: 0.0
2024-06-23 02:06:03,946 - scalability_51_16_results - INFO - FlyncFind_averageEnhancedCollisionNum: 1.0
2024-06-23 02:06:03,946 - scalability_51_16_results - INFO - Pulsar_averageEnhancedSyn: 0.5907356516309983
2024-06-23 02:06:03,946 - scalability_51_16_results - INFO - Pulsar_averageEnhancedDis: 1.4664913946298594
2024-06-23 02:06:03,947 - scalability_51_16_results - INFO - Pulsar_averageEnhancedCollisionNum: 1.0
2024-06-23 02:15:03,232 - scalability_51_16_results - INFO - *******************COMPLEX_TRACE*******************
2024-06-23 02:15:03,232 - scalability_51_16_results - INFO - Find_averageSyn: 483168.775
2024-06-23 02:15:03,232 - scalability_51_16_results - INFO - Find_averageDis: 0.0
2024-06-23 02:15:03,232 - scalability_51_16_results - INFO - Find_averageCollisionNum: 1.75
2024-06-23 02:15:03,232 - scalability_51_16_results - INFO - Find_sumCollisionNum: 28
2024-06-23 02:15:03,233 - scalability_51_16_results - INFO - FlyncFind_averageSyn: 71885.9
2024-06-23 02:15:03,233 - scalability_51_16_results - INFO - FlyncFind_averageDis: 0.0
2024-06-23 02:15:03,233 - scalability_51_16_results - INFO - FlyncFind_averageCollisionNum: 27.0
2024-06-23 02:15:03,233 - scalability_51_16_results - INFO - FlyncFind_sumCollisionNum: 432
2024-06-23 02:15:03,233 - scalability_51_16_results - INFO - Pulsar_averageSyn: 6944.8675
2024-06-23 02:15:03,233 - scalability_51_16_results - INFO - Pulsar_averageDis: 46662.25
2024-06-23 02:15:03,233 - scalability_51_16_results - INFO - Pulsar_averageCollisionNum: 0.1875
2024-06-23 02:15:03,233 - scalability_51_16_results - INFO - Pulsar_sumCollisionNum: 3
2024-06-23 02:15:03,233 - scalability_51_16_results - INFO - Free_beacon_averageSyn: 2619.8375
2024-06-23 02:15:03,234 - scalability_51_16_results - INFO - Free_beacon_averageDis: 15062.0625
2024-06-23 02:15:03,234 - scalability_51_16_results - INFO - Free_beacon_averageCollisionNum: 0.1875
2024-06-23 02:15:03,234 - scalability_51_16_results - INFO - Free_beacon_sumCollisionNum: 3
2024-06-23 02:15:03,234 - scalability_51_16_results - INFO - Find_averageEnhancedSyn: 184.4270016747222
2024-06-23 02:15:03,234 - scalability_51_16_results - INFO - Find_averageEnhancedDis: 0.0
2024-06-23 02:15:03,234 - scalability_51_16_results - INFO - Find_averageEnhancedCollisionNum: 0.9999999999999999
2024-06-23 02:15:03,235 - scalability_51_16_results - INFO - FlyncFind_averageEnhancedSyn: 27.439068262821642
2024-06-23 02:15:03,235 - scalability_51_16_results - INFO - FlyncFind_averageEnhancedDis: 0.0
2024-06-23 02:15:03,235 - scalability_51_16_results - INFO - FlyncFind_averageEnhancedCollisionNum: 1.0
2024-06-23 02:15:03,235 - scalability_51_16_results - INFO - Pulsar_averageEnhancedSyn: 2.650877201353137
2024-06-23 02:15:03,235 - scalability_51_16_results - INFO - Pulsar_averageEnhancedDis: 3.097998697057591
2024-06-23 02:15:03,236 - scalability_51_16_results - INFO - Pulsar_averageEnhancedCollisionNum: 1.0
2024-06-23 02:20:36,030 - scalability_51_16_results - INFO - *******************STAIRS_TRACE*******************
2024-06-23 02:20:36,031 - scalability_51_16_results - INFO - Find_averageSyn: 20182.4025
2024-06-23 02:20:36,031 - scalability_51_16_results - INFO - Find_averageDis: 0.0
2024-06-23 02:20:36,031 - scalability_51_16_results - INFO - Find_averageCollisionNum: 14.5
2024-06-23 02:20:36,031 - scalability_51_16_results - INFO - Find_sumCollisionNum: 232
2024-06-23 02:20:36,031 - scalability_51_16_results - INFO - FlyncFind_averageSyn: 40008.935
2024-06-23 02:20:36,031 - scalability_51_16_results - INFO - FlyncFind_averageDis: 0.0
2024-06-23 02:20:36,031 - scalability_51_16_results - INFO - FlyncFind_averageCollisionNum: 1001.625
2024-06-23 02:20:36,031 - scalability_51_16_results - INFO - FlyncFind_sumCollisionNum: 16026
2024-06-23 02:20:36,032 - scalability_51_16_results - INFO - Pulsar_averageSyn: 477.3475
2024-06-23 02:20:36,032 - scalability_51_16_results - INFO - Pulsar_averageDis: 12320.25
2024-06-23 02:20:36,032 - scalability_51_16_results - INFO - Pulsar_averageCollisionNum: 0.4375
2024-06-23 02:20:36,032 - scalability_51_16_results - INFO - Pulsar_sumCollisionNum: 7
2024-06-23 02:20:36,032 - scalability_51_16_results - INFO - Free_beacon_averageSyn: 123.8975
2024-06-23 02:20:36,032 - scalability_51_16_results - INFO - Free_beacon_averageDis: 5843.8125
2024-06-23 02:20:36,032 - scalability_51_16_results - INFO - Free_beacon_averageCollisionNum: 1.875
2024-06-23 02:20:36,032 - scalability_51_16_results - INFO - Free_beacon_sumCollisionNum: 30
2024-06-23 02:20:36,033 - scalability_51_16_results - INFO - Find_averageEnhancedSyn: 162.8959623882645
2024-06-23 02:20:36,033 - scalability_51_16_results - INFO - Find_averageEnhancedDis: 0.0
2024-06-23 02:20:36,033 - scalability_51_16_results - INFO - Find_averageEnhancedCollisionNum: 1.0
2024-06-23 02:20:36,033 - scalability_51_16_results - INFO - FlyncFind_averageEnhancedSyn: 322.91963114671404
2024-06-23 02:20:36,033 - scalability_51_16_results - INFO - FlyncFind_averageEnhancedDis: 0.0
2024-06-23 02:20:36,033 - scalability_51_16_results - INFO - FlyncFind_averageEnhancedCollisionNum: 1.0
2024-06-23 02:20:36,034 - scalability_51_16_results - INFO - Pulsar_averageEnhancedSyn: 3.852761355152445
2024-06-23 02:20:36,034 - scalability_51_16_results - INFO - Pulsar_averageEnhancedDis: 2.108255526678859
2024-06-23 02:20:36,034 - scalability_51_16_results - INFO - Pulsar_averageEnhancedCollisionNum: 1.0
2024-06-23 03:27:47,693 - scalability_51_16_results - INFO - *******************CARS_TRACE*******************
2024-06-23 03:27:47,693 - scalability_51_16_results - INFO - Find_averageSyn: 73395446.865
2024-06-23 03:27:47,693 - scalability_51_16_results - INFO - Find_averageDis: 0.0
2024-06-23 03:27:47,693 - scalability_51_16_results - INFO - Find_averageCollisionNum: 0.125
2024-06-23 03:27:47,693 - scalability_51_16_results - INFO - Find_sumCollisionNum: 2
2024-06-23 03:27:47,694 - scalability_51_16_results - INFO - FlyncFind_averageSyn: 8222448.75
2024-06-23 03:27:47,694 - scalability_51_16_results - INFO - FlyncFind_averageDis: 0.0
2024-06-23 03:27:47,694 - scalability_51_16_results - INFO - FlyncFind_averageCollisionNum: 1.625
2024-06-23 03:27:47,694 - scalability_51_16_results - INFO - FlyncFind_sumCollisionNum: 26
2024-06-23 03:27:47,694 - scalability_51_16_results - INFO - Pulsar_averageSyn: 980194.89125
2024-06-23 03:27:47,694 - scalability_51_16_results - INFO - Pulsar_averageDis: 890815.6875
2024-06-23 03:27:47,694 - scalability_51_16_results - INFO - Pulsar_averageCollisionNum: 0.125
2024-06-23 03:27:47,694 - scalability_51_16_results - INFO - Pulsar_sumCollisionNum: 2
2024-06-23 03:27:47,695 - scalability_51_16_results - INFO - Free_beacon_averageSyn: 461470.28
2024-06-23 03:27:47,695 - scalability_51_16_results - INFO - Free_beacon_averageDis: 235458.5625
2024-06-23 03:27:47,695 - scalability_51_16_results - INFO - Free_beacon_averageCollisionNum: 0.0
2024-06-23 03:27:47,695 - scalability_51_16_results - INFO - Free_beacon_sumCollisionNum: 0
2024-06-23 03:27:47,695 - scalability_51_16_results - INFO - Find_averageEnhancedSyn: 159.04696368528866
2024-06-23 03:27:47,695 - scalability_51_16_results - INFO - Find_averageEnhancedDis: 0.0
2024-06-23 03:27:47,695 - scalability_51_16_results - INFO - Find_averageEnhancedCollisionNum: 1.0
2024-06-23 03:27:47,696 - scalability_51_16_results - INFO - FlyncFind_averageEnhancedSyn: 17.817937809559478
2024-06-23 03:27:47,696 - scalability_51_16_results - INFO - FlyncFind_averageEnhancedDis: 0.0
2024-06-23 03:27:47,696 - scalability_51_16_results - INFO - FlyncFind_averageEnhancedCollisionNum: 1.0
2024-06-23 03:27:47,696 - scalability_51_16_results - INFO - Pulsar_averageEnhancedSyn: 2.1240693793975205
2024-06-23 03:27:47,696 - scalability_51_16_results - INFO - Pulsar_averageEnhancedDis: 3.7833225432181936
2024-06-23 03:27:47,697 - scalability_51_16_results - INFO - Pulsar_averageEnhancedCollisionNum: 1.0
2024-06-23 03:39:13,400 - scalability_51_16_results - INFO - *******************JOGGING_TRACE*******************
2024-06-23 03:39:13,401 - scalability_51_16_results - INFO - Find_averageSyn: 871303.4975
2024-06-23 03:39:13,401 - scalability_51_16_results - INFO - Find_averageDis: 0.0
2024-06-23 03:39:13,401 - scalability_51_16_results - INFO - Find_averageCollisionNum: 2.25
2024-06-23 03:39:13,401 - scalability_51_16_results - INFO - Find_sumCollisionNum: 36
2024-06-23 03:39:13,401 - scalability_51_16_results - INFO - FlyncFind_averageSyn: 123508.3
2024-06-23 03:39:13,401 - scalability_51_16_results - INFO - FlyncFind_averageDis: 0.0
2024-06-23 03:39:13,402 - scalability_51_16_results - INFO - FlyncFind_averageCollisionNum: 18.25
2024-06-23 03:39:13,402 - scalability_51_16_results - INFO - FlyncFind_sumCollisionNum: 292
2024-06-23 03:39:13,402 - scalability_51_16_results - INFO - Pulsar_averageSyn: 16931.0775
2024-06-23 03:39:13,402 - scalability_51_16_results - INFO - Pulsar_averageDis: 71190.0625
2024-06-23 03:39:13,402 - scalability_51_16_results - INFO - Pulsar_averageCollisionNum: 0.0
2024-06-23 03:39:13,402 - scalability_51_16_results - INFO - Pulsar_sumCollisionNum: 0
2024-06-23 03:39:13,402 - scalability_51_16_results - INFO - Free_beacon_averageSyn: 6062.5925
2024-06-23 03:39:13,402 - scalability_51_16_results - INFO - Free_beacon_averageDis: 15208.6875
2024-06-23 03:39:13,402 - scalability_51_16_results - INFO - Free_beacon_averageCollisionNum: 0.0
2024-06-23 03:39:13,402 - scalability_51_16_results - INFO - Free_beacon_sumCollisionNum: 0
2024-06-23 03:39:13,403 - scalability_51_16_results - INFO - Find_averageEnhancedSyn: 143.71797172579224
2024-06-23 03:39:13,403 - scalability_51_16_results - INFO - Find_averageEnhancedDis: 0.0
2024-06-23 03:39:13,403 - scalability_51_16_results - INFO - Find_averageEnhancedCollisionNum: 1.0
2024-06-23 03:39:13,403 - scalability_51_16_results - INFO - FlyncFind_averageEnhancedSyn: 20.3721922593346
2024-06-23 03:39:13,404 - scalability_51_16_results - INFO - FlyncFind_averageEnhancedDis: 0.0
2024-06-23 03:39:13,404 - scalability_51_16_results - INFO - FlyncFind_averageEnhancedCollisionNum: 0.9999999999999999
2024-06-23 03:39:13,404 - scalability_51_16_results - INFO - Pulsar_averageEnhancedSyn: 2.792712441088528
2024-06-23 03:39:13,404 - scalability_51_16_results - INFO - Pulsar_averageEnhancedDis: 4.680881404131685
2024-06-23 03:39:13,404 - scalability_51_16_results - INFO - Pulsar_averageEnhancedCollisionNum: 0.0
2024-06-23 03:44:06,895 - scalability_51_16_results - INFO - *******************OFFICE_TRACE*******************
2024-06-23 03:44:06,895 - scalability_51_16_results - INFO - Find_averageSyn: 121964.8375
2024-06-23 03:44:06,895 - scalability_51_16_results - INFO - Find_averageDis: 0.0
2024-06-23 03:44:06,896 - scalability_51_16_results - INFO - Find_averageCollisionNum: 4.375
2024-06-23 03:44:06,896 - scalability_51_16_results - INFO - Find_sumCollisionNum: 70
2024-06-23 03:44:06,896 - scalability_51_16_results - INFO - FlyncFind_averageSyn: 34989.655
2024-06-23 03:44:06,896 - scalability_51_16_results - INFO - FlyncFind_averageDis: 0.0
2024-06-23 03:44:06,896 - scalability_51_16_results - INFO - FlyncFind_averageCollisionNum: 73.625
2024-06-23 03:44:06,896 - scalability_51_16_results - INFO - FlyncFind_sumCollisionNum: 1178
2024-06-23 03:44:06,896 - scalability_51_16_results - INFO - Pulsar_averageSyn: 2819.42
2024-06-23 03:44:06,896 - scalability_51_16_results - INFO - Pulsar_averageDis: 30007.4375
2024-06-23 03:44:06,896 - scalability_51_16_results - INFO - Pulsar_averageCollisionNum: 0.625
2024-06-23 03:44:06,896 - scalability_51_16_results - INFO - Pulsar_sumCollisionNum: 10
2024-06-23 03:44:06,897 - scalability_51_16_results - INFO - Free_beacon_averageSyn: 1527.4175
2024-06-23 03:44:06,897 - scalability_51_16_results - INFO - Free_beacon_averageDis: 8036.8125
2024-06-23 03:44:06,897 - scalability_51_16_results - INFO - Free_beacon_averageCollisionNum: 0.9375
2024-06-23 03:44:06,897 - scalability_51_16_results - INFO - Free_beacon_sumCollisionNum: 15
2024-06-23 03:44:06,897 - scalability_51_16_results - INFO - Find_averageEnhancedSyn: 79.85036016675204
2024-06-23 03:44:06,897 - scalability_51_16_results - INFO - Find_averageEnhancedDis: 0.0
2024-06-23 03:44:06,897 - scalability_51_16_results - INFO - Find_averageEnhancedCollisionNum: 1.0
2024-06-23 03:44:06,898 - scalability_51_16_results - INFO - FlyncFind_averageEnhancedSyn: 22.907721693643026
2024-06-23 03:44:06,898 - scalability_51_16_results - INFO - FlyncFind_averageEnhancedDis: 0.0
2024-06-23 03:44:06,898 - scalability_51_16_results - INFO - FlyncFind_averageEnhancedCollisionNum: 1.0
2024-06-23 03:44:06,898 - scalability_51_16_results - INFO - Pulsar_averageEnhancedSyn: 1.8458738360664324
2024-06-23 03:44:06,899 - scalability_51_16_results - INFO - Pulsar_averageEnhancedDis: 3.733748609912201
2024-06-23 03:44:06,899 - scalability_51_16_results - INFO - Pulsar_averageEnhancedCollisionNum: 1.0
2024-06-23 04:03:52,361 - scalability_51_16_results - INFO - *******************WASHER_TRACE*******************
2024-06-23 04:03:52,362 - scalability_51_16_results - INFO - Find_averageSyn: 5758412.605
2024-06-23 04:03:52,362 - scalability_51_16_results - INFO - Find_averageDis: 0.0
2024-06-23 04:03:52,362 - scalability_51_16_results - INFO - Find_averageCollisionNum: 1.75
2024-06-23 04:03:52,362 - scalability_51_16_results - INFO - Find_sumCollisionNum: 28
2024-06-23 04:03:52,362 - scalability_51_16_results - INFO - FlyncFind_averageSyn: 3248033.51
2024-06-23 04:03:52,362 - scalability_51_16_results - INFO - FlyncFind_averageDis: 0.0
2024-06-23 04:03:52,362 - scalability_51_16_results - INFO - FlyncFind_averageCollisionNum: 10.75
2024-06-23 04:03:52,362 - scalability_51_16_results - INFO - FlyncFind_sumCollisionNum: 172
2024-06-23 04:03:52,363 - scalability_51_16_results - INFO - Pulsar_averageSyn: 389850.36125
2024-06-23 04:03:52,363 - scalability_51_16_results - INFO - Pulsar_averageDis: 1900651.4375
2024-06-23 04:03:52,363 - scalability_51_16_results - INFO - Pulsar_averageCollisionNum: 0.1875
2024-06-23 04:03:52,363 - scalability_51_16_results - INFO - Pulsar_sumCollisionNum: 3
2024-06-23 04:03:52,363 - scalability_51_16_results - INFO - Free_beacon_averageSyn: 190231.3625
2024-06-23 04:03:52,363 - scalability_51_16_results - INFO - Free_beacon_averageDis: 183222.125
2024-06-23 04:03:52,363 - scalability_51_16_results - INFO - Free_beacon_averageCollisionNum: 0.0
2024-06-23 04:03:52,363 - scalability_51_16_results - INFO - Free_beacon_sumCollisionNum: 0
2024-06-23 04:03:52,364 - scalability_51_16_results - INFO - Find_averageEnhancedSyn: 30.270574364413758
2024-06-23 04:03:52,364 - scalability_51_16_results - INFO - Find_averageEnhancedDis: 0.0
2024-06-23 04:03:52,364 - scalability_51_16_results - INFO - Find_averageEnhancedCollisionNum: 1.0
2024-06-23 04:03:52,364 - scalability_51_16_results - INFO - FlyncFind_averageEnhancedSyn: 17.074122096980723
2024-06-23 04:03:52,364 - scalability_51_16_results - INFO - FlyncFind_averageEnhancedDis: 0.0
2024-06-23 04:03:52,364 - scalability_51_16_results - INFO - FlyncFind_averageEnhancedCollisionNum: 1.0
2024-06-23 04:03:52,365 - scalability_51_16_results - INFO - Pulsar_averageEnhancedSyn: 2.0493485202788264
2024-06-23 04:03:52,365 - scalability_51_16_results - INFO - Pulsar_averageEnhancedDis: 10.373482119039936
2024-06-23 04:03:52,365 - scalability_51_16_results - INFO - Pulsar_averageEnhancedCollisionNum: 1.0
