2024-06-23 07:45:45,724 - scalability_51_24_results - INFO - *******************STATIC_TRACE*******************
2024-06-23 07:45:45,724 - scalability_51_24_results - INFO - Find_averageSyn: 105674.88166666667
2024-06-23 07:45:45,724 - scalability_51_24_results - INFO - Find_averageDis: 0.0
2024-06-23 07:45:45,724 - scalability_51_24_results - INFO - Find_averageCollisionNum: 12.0
2024-06-23 07:45:45,724 - scalability_51_24_results - INFO - Find_sumCollisionNum: 288
2024-06-23 07:45:45,724 - scalability_51_24_results - INFO - FlyncFind_averageSyn: 98782.58333333333
2024-06-23 07:45:45,724 - scalability_51_24_results - INFO - FlyncFind_averageDis: 0.0
2024-06-23 07:45:45,724 - scalability_51_24_results - INFO - FlyncFind_averageCollisionNum: 460.25
2024-06-23 07:45:45,724 - scalability_51_24_results - INFO - FlyncFind_sumCollisionNum: 11046
2024-06-23 07:45:45,725 - scalability_51_24_results - INFO - Pulsar_averageSyn: 1699.375
2024-06-23 07:45:45,725 - scalability_51_24_results - INFO - Pulsar_averageDis: 61086.25
2024-06-23 07:45:45,725 - scalability_51_24_results - INFO - Pulsar_averageCollisionNum: 0.75
2024-06-23 07:45:45,725 - scalability_51_24_results - INFO - Pulsar_sumCollisionNum: 18
2024-06-23 07:45:45,725 - scalability_51_24_results - INFO - Free_beacon_averageSyn: 3019.045
2024-06-23 07:45:45,725 - scalability_51_24_results - INFO - Free_beacon_averageDis: 18258.875
2024-06-23 07:45:45,725 - scalability_51_24_results - INFO - Free_beacon_averageCollisionNum: 4.875
2024-06-23 07:45:45,725 - scalability_51_24_results - INFO - Free_beacon_sumCollisionNum: 117
2024-06-23 07:45:45,725 - scalability_51_24_results - INFO - Find_averageEnhancedSyn: 35.00275142194524
2024-06-23 07:45:45,726 - scalability_51_24_results - INFO - Find_averageEnhancedDis: 0.0
2024-06-23 07:45:45,726 - scalability_51_24_results - INFO - Find_averageEnhancedCollisionNum: 1.0
2024-06-23 07:45:45,726 - scalability_51_24_results - INFO - FlyncFind_averageEnhancedSyn: 32.719811507722916
2024-06-23 07:45:45,726 - scalability_51_24_results - INFO - FlyncFind_averageEnhancedDis: 0.0
2024-06-23 07:45:45,726 - scalability_51_24_results - INFO - FlyncFind_averageEnhancedCollisionNum: 1.0
2024-06-23 07:45:45,727 - scalability_51_24_results - INFO - Pulsar_averageEnhancedSyn: 0.5628849520295325
2024-06-23 07:45:45,727 - scalability_51_24_results - INFO - Pulsar_averageEnhancedDis: 3.345564828063065
2024-06-23 07:45:45,727 - scalability_51_24_results - INFO - Pulsar_averageEnhancedCollisionNum: 1.0
2024-06-23 08:08:31,965 - scalability_51_24_results - INFO - *******************COMPLEX_TRACE*******************
2024-06-23 08:08:31,965 - scalability_51_24_results - INFO - Find_averageSyn: 735187.0966666667
2024-06-23 08:08:31,965 - scalability_51_24_results - INFO - Find_averageDis: 0.0
2024-06-23 08:08:31,966 - scalability_51_24_results - INFO - Find_averageCollisionNum: 3.75
2024-06-23 08:08:31,966 - scalability_51_24_results - INFO - Find_sumCollisionNum: 90
2024-06-23 08:08:31,966 - scalability_51_24_results - INFO - FlyncFind_averageSyn: 135188.31666666668
2024-06-23 08:08:31,966 - scalability_51_24_results - INFO - FlyncFind_averageDis: 0.0
2024-06-23 08:08:31,966 - scalability_51_24_results - INFO - FlyncFind_averageCollisionNum: 48.583333333333336
2024-06-23 08:08:31,966 - scalability_51_24_results - INFO - FlyncFind_sumCollisionNum: 1166
2024-06-23 08:08:31,966 - scalability_51_24_results - INFO - Pulsar_averageSyn: 5077.0
2024-06-23 08:08:31,966 - scalability_51_24_results - INFO - Pulsar_averageDis: 117667.29166666667
2024-06-23 08:08:31,966 - scalability_51_24_results - INFO - Pulsar_averageCollisionNum: 0.20833333333333334
2024-06-23 08:08:31,967 - scalability_51_24_results - INFO - Pulsar_sumCollisionNum: 5
2024-06-23 08:08:31,967 - scalability_51_24_results - INFO - Free_beacon_averageSyn: 2852.568333333333
2024-06-23 08:08:31,967 - scalability_51_24_results - INFO - Free_beacon_averageDis: 28187.041666666668
2024-06-23 08:08:31,967 - scalability_51_24_results - INFO - Free_beacon_averageCollisionNum: 0.375
2024-06-23 08:08:31,967 - scalability_51_24_results - INFO - Free_beacon_sumCollisionNum: 9
2024-06-23 08:08:31,967 - scalability_51_24_results - INFO - Find_averageEnhancedSyn: 257.72812804367527
2024-06-23 08:08:31,968 - scalability_51_24_results - INFO - Find_averageEnhancedDis: 0.0
2024-06-23 08:08:31,968 - scalability_51_24_results - INFO - Find_averageEnhancedCollisionNum: 1.0
2024-06-23 08:08:31,968 - scalability_51_24_results - INFO - FlyncFind_averageEnhancedSyn: 47.391789036897165
2024-06-23 08:08:31,968 - scalability_51_24_results - INFO - FlyncFind_averageEnhancedDis: 0.0
2024-06-23 08:08:31,968 - scalability_51_24_results - INFO - FlyncFind_averageEnhancedCollisionNum: 1.0
2024-06-23 08:08:31,969 - scalability_51_24_results - INFO - Pulsar_averageEnhancedSyn: 1.7797996074882227
2024-06-23 08:08:31,969 - scalability_51_24_results - INFO - Pulsar_averageEnhancedDis: 4.174517250095715
2024-06-23 08:08:31,969 - scalability_51_24_results - INFO - Pulsar_averageEnhancedCollisionNum: 1.0
2024-06-23 08:35:20,862 - scalability_51_24_results - INFO - *******************STAIRS_TRACE*******************
2024-06-23 08:35:20,862 - scalability_51_24_results - INFO - Find_averageSyn: 33195.115
2024-06-23 08:35:20,862 - scalability_51_24_results - INFO - Find_averageDis: 0.0
2024-06-23 08:35:20,863 - scalability_51_24_results - INFO - Find_averageCollisionNum: 23.75
2024-06-23 08:35:20,863 - scalability_51_24_results - INFO - Find_sumCollisionNum: 570
2024-06-23 08:35:20,863 - scalability_51_24_results - INFO - FlyncFind_averageSyn: 163773.55
2024-06-23 08:35:20,863 - scalability_51_24_results - INFO - FlyncFind_averageDis: 0.0
2024-06-23 08:35:20,863 - scalability_51_24_results - INFO - FlyncFind_averageCollisionNum: 3058.3333333333335
2024-06-23 08:35:20,863 - scalability_51_24_results - INFO - FlyncFind_sumCollisionNum: 73400
2024-06-23 08:35:20,863 - scalability_51_24_results - INFO - Pulsar_averageSyn: 408.0
2024-06-23 08:35:20,863 - scalability_51_24_results - INFO - Pulsar_averageDis: 39137.083333333336
2024-06-23 08:35:20,864 - scalability_51_24_results - INFO - Pulsar_averageCollisionNum: 1.5416666666666667
2024-06-23 08:35:20,864 - scalability_51_24_results - INFO - Pulsar_sumCollisionNum: 37
2024-06-23 08:35:20,864 - scalability_51_24_results - INFO - Free_beacon_averageSyn: 136.89166666666668
2024-06-23 08:35:20,864 - scalability_51_24_results - INFO - Free_beacon_averageDis: 12379.625
2024-06-23 08:35:20,864 - scalability_51_24_results - INFO - Free_beacon_averageCollisionNum: 3.0
2024-06-23 08:35:20,864 - scalability_51_24_results - INFO - Free_beacon_sumCollisionNum: 72
2024-06-23 08:35:20,864 - scalability_51_24_results - INFO - Find_averageEnhancedSyn: 242.4918609606136
2024-06-23 08:35:20,865 - scalability_51_24_results - INFO - Find_averageEnhancedDis: 0.0
2024-06-23 08:35:20,865 - scalability_51_24_results - INFO - Find_averageEnhancedCollisionNum: 1.0000000000000002
2024-06-23 08:35:20,865 - scalability_51_24_results - INFO - FlyncFind_averageEnhancedSyn: 1196.373409630486
2024-06-23 08:35:20,865 - scalability_51_24_results - INFO - FlyncFind_averageEnhancedDis: 0.0
2024-06-23 08:35:20,865 - scalability_51_24_results - INFO - FlyncFind_averageEnhancedCollisionNum: 1.0
2024-06-23 08:35:20,866 - scalability_51_24_results - INFO - Pulsar_averageEnhancedSyn: 2.9804590004261273
2024-06-23 08:35:20,866 - scalability_51_24_results - INFO - Pulsar_averageEnhancedDis: 3.161411055127545
2024-06-23 08:35:20,866 - scalability_51_24_results - INFO - Pulsar_averageEnhancedCollisionNum: 0.9999999999999999
2024-06-23 11:07:58,830 - scalability_51_24_results - INFO - *******************CARS_TRACE*******************
2024-06-23 11:07:58,830 - scalability_51_24_results - INFO - Find_averageSyn: 117473497.13166666
2024-06-23 11:07:58,830 - scalability_51_24_results - INFO - Find_averageDis: 0.0
2024-06-23 11:07:58,830 - scalability_51_24_results - INFO - Find_averageCollisionNum: 0.08333333333333333
2024-06-23 11:07:58,830 - scalability_51_24_results - INFO - Find_sumCollisionNum: 2
2024-06-23 11:07:58,831 - scalability_51_24_results - INFO - FlyncFind_averageSyn: 11878064.633333333
2024-06-23 11:07:58,831 - scalability_51_24_results - INFO - FlyncFind_averageDis: 0.0
2024-06-23 11:07:58,831 - scalability_51_24_results - INFO - FlyncFind_averageCollisionNum: 3.0833333333333335
2024-06-23 11:07:58,831 - scalability_51_24_results - INFO - FlyncFind_sumCollisionNum: 74
2024-06-23 11:07:58,831 - scalability_51_24_results - INFO - Pulsar_averageSyn: 769772.2291666666
2024-06-23 11:07:58,831 - scalability_51_24_results - INFO - Pulsar_averageDis: 1360399.5833333333
2024-06-23 11:07:58,831 - scalability_51_24_results - INFO - Pulsar_averageCollisionNum: 0.0
2024-06-23 11:07:58,831 - scalability_51_24_results - INFO - Pulsar_sumCollisionNum: 0
2024-06-23 11:07:58,832 - scalability_51_24_results - INFO - Free_beacon_averageSyn: 463910.6775
2024-06-23 11:07:58,832 - scalability_51_24_results - INFO - Free_beacon_averageDis: 546988.625
2024-06-23 11:07:58,832 - scalability_51_24_results - INFO - Free_beacon_averageCollisionNum: 0.125
2024-06-23 11:07:58,832 - scalability_51_24_results - INFO - Free_beacon_sumCollisionNum: 3
2024-06-23 11:07:58,832 - scalability_51_24_results - INFO - Find_averageEnhancedSyn: 253.22438742890685
2024-06-23 11:07:58,832 - scalability_51_24_results - INFO - Find_averageEnhancedDis: 0.0
2024-06-23 11:07:58,833 - scalability_51_24_results - INFO - Find_averageEnhancedCollisionNum: 1.0
2024-06-23 11:07:58,833 - scalability_51_24_results - INFO - FlyncFind_averageEnhancedSyn: 25.60420617465381
2024-06-23 11:07:58,833 - scalability_51_24_results - INFO - FlyncFind_averageEnhancedDis: 0.0
2024-06-23 11:07:58,833 - scalability_51_24_results - INFO - FlyncFind_averageEnhancedCollisionNum: 0.9999999999999999
2024-06-23 11:07:58,834 - scalability_51_24_results - INFO - Pulsar_averageEnhancedSyn: 1.659311299569445
2024-06-23 11:07:58,834 - scalability_51_24_results - INFO - Pulsar_averageEnhancedDis: 2.4870710672152154
2024-06-23 11:07:58,834 - scalability_51_24_results - INFO - Pulsar_averageEnhancedCollisionNum: 0.0
2024-06-23 11:33:35,424 - scalability_51_24_results - INFO - *******************JOGGING_TRACE*******************
2024-06-23 11:33:35,425 - scalability_51_24_results - INFO - Find_averageSyn: 1186878.2166666666
2024-06-23 11:33:35,425 - scalability_51_24_results - INFO - Find_averageDis: 0.0
2024-06-23 11:33:35,425 - scalability_51_24_results - INFO - Find_averageCollisionNum: 3.3333333333333335
2024-06-23 11:33:35,425 - scalability_51_24_results - INFO - Find_sumCollisionNum: 80
2024-06-23 11:33:35,425 - scalability_51_24_results - INFO - FlyncFind_averageSyn: 241290.11666666667
2024-06-23 11:33:35,425 - scalability_51_24_results - INFO - FlyncFind_averageDis: 0.0
2024-06-23 11:33:35,425 - scalability_51_24_results - INFO - FlyncFind_averageCollisionNum: 32.416666666666664
2024-06-23 11:33:35,426 - scalability_51_24_results - INFO - FlyncFind_sumCollisionNum: 778
2024-06-23 11:33:35,426 - scalability_51_24_results - INFO - Pulsar_averageSyn: 10883.291666666666
2024-06-23 11:33:35,426 - scalability_51_24_results - INFO - Pulsar_averageDis: 156793.45833333334
2024-06-23 11:33:35,426 - scalability_51_24_results - INFO - Pulsar_averageCollisionNum: 0.125
2024-06-23 11:33:35,426 - scalability_51_24_results - INFO - Pulsar_sumCollisionNum: 3
2024-06-23 11:33:35,426 - scalability_51_24_results - INFO - Free_beacon_averageSyn: 5427.18
2024-06-23 11:33:35,426 - scalability_51_24_results - INFO - Free_beacon_averageDis: 23926.25
2024-06-23 11:33:35,426 - scalability_51_24_results - INFO - Free_beacon_averageCollisionNum: 0.125
2024-06-23 11:33:35,426 - scalability_51_24_results - INFO - Free_beacon_sumCollisionNum: 3
2024-06-23 11:33:35,427 - scalability_51_24_results - INFO - Find_averageEnhancedSyn: 218.69151505324433
2024-06-23 11:33:35,427 - scalability_51_24_results - INFO - Find_averageEnhancedDis: 0.0
2024-06-23 11:33:35,427 - scalability_51_24_results - INFO - Find_averageEnhancedCollisionNum: 1.0
2024-06-23 11:33:35,428 - scalability_51_24_results - INFO - FlyncFind_averageEnhancedSyn: 44.45957507705045
2024-06-23 11:33:35,428 - scalability_51_24_results - INFO - FlyncFind_averageEnhancedDis: 0.0
2024-06-23 11:33:35,428 - scalability_51_24_results - INFO - FlyncFind_averageEnhancedCollisionNum: 1.0
2024-06-23 11:33:35,428 - scalability_51_24_results - INFO - Pulsar_averageEnhancedSyn: 2.0053308839335835
2024-06-23 11:33:35,428 - scalability_51_24_results - INFO - Pulsar_averageEnhancedDis: 6.553198195844871
2024-06-23 11:33:35,429 - scalability_51_24_results - INFO - Pulsar_averageEnhancedCollisionNum: 1.0
2024-06-23 11:47:33,568 - scalability_51_24_results - INFO - *******************OFFICE_TRACE*******************
2024-06-23 11:47:33,569 - scalability_51_24_results - INFO - Find_averageSyn: 203563.80333333334
2024-06-23 11:47:33,569 - scalability_51_24_results - INFO - Find_averageDis: 0.0
2024-06-23 11:47:33,569 - scalability_51_24_results - INFO - Find_averageCollisionNum: 7.25
2024-06-23 11:47:33,569 - scalability_51_24_results - INFO - Find_sumCollisionNum: 174
2024-06-23 11:47:33,569 - scalability_51_24_results - INFO - FlyncFind_averageSyn: 78740.28333333334
2024-06-23 11:47:33,570 - scalability_51_24_results - INFO - FlyncFind_averageDis: 0.0
2024-06-23 11:47:33,570 - scalability_51_24_results - INFO - FlyncFind_averageCollisionNum: 151.83333333333334
2024-06-23 11:47:33,570 - scalability_51_24_results - INFO - FlyncFind_sumCollisionNum: 3644
2024-06-23 11:47:33,570 - scalability_51_24_results - INFO - Pulsar_averageSyn: 2387.5833333333335
2024-06-23 11:47:33,570 - scalability_51_24_results - INFO - Pulsar_averageDis: 80653.16666666667
2024-06-23 11:47:33,570 - scalability_51_24_results - INFO - Pulsar_averageCollisionNum: 0.875
2024-06-23 11:47:33,570 - scalability_51_24_results - INFO - Pulsar_sumCollisionNum: 21
2024-06-23 11:47:33,570 - scalability_51_24_results - INFO - Free_beacon_averageSyn: 1486.8266666666666
2024-06-23 11:47:33,571 - scalability_51_24_results - INFO - Free_beacon_averageDis: 10128.833333333334
2024-06-23 11:47:33,571 - scalability_51_24_results - INFO - Free_beacon_averageCollisionNum: 0.20833333333333334
2024-06-23 11:47:33,571 - scalability_51_24_results - INFO - Free_beacon_sumCollisionNum: 5
2024-06-23 11:47:33,571 - scalability_51_24_results - INFO - Find_averageEnhancedSyn: 136.91159023244137
2024-06-23 11:47:33,571 - scalability_51_24_results - INFO - Find_averageEnhancedDis: 0.0
2024-06-23 11:47:33,571 - scalability_51_24_results - INFO - Find_averageEnhancedCollisionNum: 1.0
2024-06-23 11:47:33,572 - scalability_51_24_results - INFO - FlyncFind_averageEnhancedSyn: 52.958616561446306
2024-06-23 11:47:33,572 - scalability_51_24_results - INFO - FlyncFind_averageEnhancedDis: 0.0
2024-06-23 11:47:33,572 - scalability_51_24_results - INFO - FlyncFind_averageEnhancedCollisionNum: 1.0
2024-06-23 11:47:33,573 - scalability_51_24_results - INFO - Pulsar_averageEnhancedSyn: 1.605824933639429
2024-06-23 11:47:33,573 - scalability_51_24_results - INFO - Pulsar_averageEnhancedDis: 7.9627301597749
2024-06-23 11:47:33,573 - scalability_51_24_results - INFO - Pulsar_averageEnhancedCollisionNum: 1.0
2024-06-23 12:23:05,714 - scalability_51_24_results - INFO - *******************WASHER_TRACE*******************
2024-06-23 12:23:05,714 - scalability_51_24_results - INFO - Find_averageSyn: 6758291.57
2024-06-23 12:23:05,715 - scalability_51_24_results - INFO - Find_averageDis: 0.0
2024-06-23 12:23:05,715 - scalability_51_24_results - INFO - Find_averageCollisionNum: 3.0
2024-06-23 12:23:05,715 - scalability_51_24_results - INFO - Find_sumCollisionNum: 72
2024-06-23 12:23:05,715 - scalability_51_24_results - INFO - FlyncFind_averageSyn: 3593855.9833333334
2024-06-23 12:23:05,715 - scalability_51_24_results - INFO - FlyncFind_averageDis: 0.0
2024-06-23 12:23:05,715 - scalability_51_24_results - INFO - FlyncFind_averageCollisionNum: 14.75
2024-06-23 12:23:05,715 - scalability_51_24_results - INFO - FlyncFind_sumCollisionNum: 354
2024-06-23 12:23:05,715 - scalability_51_24_results - INFO - Pulsar_averageSyn: 299262.3333333333
2024-06-23 12:23:05,716 - scalability_51_24_results - INFO - Pulsar_averageDis: 2113621.9166666665
2024-06-23 12:23:05,716 - scalability_51_24_results - INFO - Pulsar_averageCollisionNum: 0.08333333333333333
2024-06-23 12:23:05,716 - scalability_51_24_results - INFO - Pulsar_sumCollisionNum: 2
2024-06-23 12:23:05,716 - scalability_51_24_results - INFO - Free_beacon_averageSyn: 195870.22416666665
2024-06-23 12:23:05,716 - scalability_51_24_results - INFO - Free_beacon_averageDis: 205337.91666666666
2024-06-23 12:23:05,716 - scalability_51_24_results - INFO - Free_beacon_averageCollisionNum: 0.0
2024-06-23 12:23:05,716 - scalability_51_24_results - INFO - Free_beacon_sumCollisionNum: 0
2024-06-23 12:23:05,717 - scalability_51_24_results - INFO - Find_averageEnhancedSyn: 34.50392523291006
2024-06-23 12:23:05,717 - scalability_51_24_results - INFO - Find_averageEnhancedDis: 0.0
2024-06-23 12:23:05,717 - scalability_51_24_results - INFO - Find_averageEnhancedCollisionNum: 1.0
2024-06-23 12:23:05,717 - scalability_51_24_results - INFO - FlyncFind_averageEnhancedSyn: 18.34814862046264
2024-06-23 12:23:05,717 - scalability_51_24_results - INFO - FlyncFind_averageEnhancedDis: 0.0
2024-06-23 12:23:05,718 - scalability_51_24_results - INFO - FlyncFind_averageEnhancedCollisionNum: 1.0
2024-06-23 12:23:05,718 - scalability_51_24_results - INFO - Pulsar_averageEnhancedSyn: 1.5278602687394178
2024-06-23 12:23:05,718 - scalability_51_24_results - INFO - Pulsar_averageEnhancedDis: 10.293383467495651
2024-06-23 12:23:05,718 - scalability_51_24_results - INFO - Pulsar_averageEnhancedCollisionNum: 1.0
