2024-06-25 09:38:27,205 - scalability_51_48_results - INFO - *******************STATIC_TRACE*******************
2024-06-25 09:38:27,206 - scalability_51_48_results - INFO - Find_averageSyn: 250969.95833333334
2024-06-25 09:38:27,206 - scalability_51_48_results - INFO - Find_averageDis: 0.0
2024-06-25 09:38:27,206 - scalability_51_48_results - INFO - Find_averageCollisionNum: 26.541666666666668
2024-06-25 09:38:27,206 - scalability_51_48_results - INFO - Find_sumCollisionNum: 1274
2024-06-25 09:38:27,206 - scalability_51_48_results - INFO - FlyncFind_averageSyn: 1315704.0
2024-06-25 09:38:27,206 - scalability_51_48_results - INFO - FlyncFind_averageDis: 0.0
2024-06-25 09:38:27,207 - scalability_51_48_results - INFO - FlyncFind_averageCollisionNum: 3937.375
2024-06-25 09:38:27,207 - scalability_51_48_results - INFO - FlyncFind_sumCollisionNum: 188994
2024-06-25 09:38:27,207 - scalability_51_48_results - INFO - Pulsar_averageSyn: 1066.08
2024-06-25 09:38:27,207 - scalability_51_48_results - INFO - Pulsar_averageDis: 496260.9166666667
2024-06-25 09:38:27,207 - scalability_51_48_results - INFO - Pulsar_averageCollisionNum: 3.3541666666666665
2024-06-25 09:38:27,207 - scalability_51_48_results - INFO - Pulsar_sumCollisionNum: 161
2024-06-25 09:38:27,208 - scalability_51_48_results - INFO - Free_beacon_averageSyn: 3107.8241666666668
2024-06-25 09:38:27,208 - scalability_51_48_results - INFO - Free_beacon_averageDis: 40375.9375
2024-06-25 09:38:27,208 - scalability_51_48_results - INFO - Free_beacon_averageCollisionNum: 4.5
2024-06-25 09:38:27,208 - scalability_51_48_results - INFO - Free_beacon_sumCollisionNum: 216
2024-06-25 09:38:27,209 - scalability_51_48_results - INFO - Find_averageEnhancedSyn: 80.75423346827054
2024-06-25 09:38:27,209 - scalability_51_48_results - INFO - Find_averageEnhancedDis: 0.0
2024-06-25 09:38:27,209 - scalability_51_48_results - INFO - Find_averageEnhancedCollisionNum: 1.0
2024-06-25 09:38:27,210 - scalability_51_48_results - INFO - FlyncFind_averageEnhancedSyn: 423.3521362346486
2024-06-25 09:38:27,210 - scalability_51_48_results - INFO - FlyncFind_averageEnhancedDis: 0.0
2024-06-25 09:38:27,210 - scalability_51_48_results - INFO - FlyncFind_averageEnhancedCollisionNum: 1.0
2024-06-25 09:38:27,211 - scalability_51_48_results - INFO - Pulsar_averageEnhancedSyn: 0.34303098979484303
2024-06-25 09:38:27,211 - scalability_51_48_results - INFO - Pulsar_averageEnhancedDis: 12.291006658772114
2024-06-25 09:38:27,211 - scalability_51_48_results - INFO - Pulsar_averageEnhancedCollisionNum: 1.0
2024-06-25 11:26:36,698 - scalability_51_48_results - INFO - *******************COMPLEX_TRACE*******************
2024-06-25 11:26:36,698 - scalability_51_48_results - INFO - Find_averageSyn: 1468336.4258333333
2024-06-25 11:26:36,698 - scalability_51_48_results - INFO - Find_averageDis: 0.0
2024-06-25 11:26:36,698 - scalability_51_48_results - INFO - Find_averageCollisionNum: 7.083333333333333
2024-06-25 11:26:36,698 - scalability_51_48_results - INFO - Find_sumCollisionNum: 340
2024-06-25 11:26:36,699 - scalability_51_48_results - INFO - FlyncFind_averageSyn: 560605.925
2024-06-25 11:26:36,699 - scalability_51_48_results - INFO - FlyncFind_averageDis: 0.0
2024-06-25 11:26:36,699 - scalability_51_48_results - INFO - FlyncFind_averageCollisionNum: 166.83333333333334
2024-06-25 11:26:36,699 - scalability_51_48_results - INFO - FlyncFind_sumCollisionNum: 8008
2024-06-25 11:26:36,699 - scalability_51_48_results - INFO - Pulsar_averageSyn: 3329.4183333333335
2024-06-25 11:26:36,699 - scalability_51_48_results - INFO - Pulsar_averageDis: 521644.3125
2024-06-25 11:26:36,699 - scalability_51_48_results - INFO - Pulsar_averageCollisionNum: 0.3125
2024-06-25 11:26:36,700 - scalability_51_48_results - INFO - Pulsar_sumCollisionNum: 15
2024-06-25 11:26:36,700 - scalability_51_48_results - INFO - Free_beacon_averageSyn: 2897.0741666666668
2024-06-25 11:26:36,700 - scalability_51_48_results - INFO - Free_beacon_averageDis: 43184.916666666664
2024-06-25 11:26:36,700 - scalability_51_48_results - INFO - Free_beacon_averageCollisionNum: 0.7083333333333334
2024-06-25 11:26:36,700 - scalability_51_48_results - INFO - Free_beacon_sumCollisionNum: 34
2024-06-25 11:26:36,701 - scalability_51_48_results - INFO - Find_averageEnhancedSyn: 506.83425461723016
2024-06-25 11:26:36,701 - scalability_51_48_results - INFO - Find_averageEnhancedDis: 0.0
2024-06-25 11:26:36,701 - scalability_51_48_results - INFO - Find_averageEnhancedCollisionNum: 1.0
2024-06-25 11:26:36,702 - scalability_51_48_results - INFO - FlyncFind_averageEnhancedSyn: 193.50761932512947
2024-06-25 11:26:36,702 - scalability_51_48_results - INFO - FlyncFind_averageEnhancedDis: 0.0
2024-06-25 11:26:36,702 - scalability_51_48_results - INFO - FlyncFind_averageEnhancedCollisionNum: 1.0
2024-06-25 11:26:36,703 - scalability_51_48_results - INFO - Pulsar_averageEnhancedSyn: 1.1492347595519503
2024-06-25 11:26:36,703 - scalability_51_48_results - INFO - Pulsar_averageEnhancedDis: 12.079317334949124
2024-06-25 11:26:36,703 - scalability_51_48_results - INFO - Pulsar_averageEnhancedCollisionNum: 1.0
2024-06-25 20:25:23,571 - scalability_51_48_results - INFO - *******************STAIRS_TRACE*******************
2024-06-25 20:25:23,572 - scalability_51_48_results - INFO - Find_averageSyn: 90127.55916666667
2024-06-25 20:25:23,572 - scalability_51_48_results - INFO - Find_averageDis: 0.0
2024-06-25 20:25:23,572 - scalability_51_48_results - INFO - Find_averageCollisionNum: 67.25
2024-06-25 20:25:23,572 - scalability_51_48_results - INFO - Find_sumCollisionNum: 3228
2024-06-25 20:25:23,572 - scalability_51_48_results - INFO - FlyncFind_averageSyn: 3217764.2266666666
2024-06-25 20:25:23,572 - scalability_51_48_results - INFO - FlyncFind_averageDis: 0.0
2024-06-25 20:25:23,572 - scalability_51_48_results - INFO - FlyncFind_averageCollisionNum: 16419.541666666668
2024-06-25 20:25:23,572 - scalability_51_48_results - INFO - FlyncFind_sumCollisionNum: 788138
2024-06-25 20:25:23,573 - scalability_51_48_results - INFO - Pulsar_averageSyn: 322.735
2024-06-25 20:25:23,573 - scalability_51_48_results - INFO - Pulsar_averageDis: 266136.3958333333
2024-06-25 20:25:23,573 - scalability_51_48_results - INFO - Pulsar_averageCollisionNum: 3.5833333333333335
2024-06-25 20:25:23,573 - scalability_51_48_results - INFO - Pulsar_sumCollisionNum: 172
2024-06-25 20:25:23,573 - scalability_51_48_results - INFO - Free_beacon_averageSyn: 155.75583333333333
2024-06-25 20:25:23,573 - scalability_51_48_results - INFO - Free_beacon_averageDis: 44218.833333333336
2024-06-25 20:25:23,573 - scalability_51_48_results - INFO - Free_beacon_averageCollisionNum: 9.416666666666666
2024-06-25 20:25:23,574 - scalability_51_48_results - INFO - Free_beacon_sumCollisionNum: 452
2024-06-25 20:25:23,574 - scalability_51_48_results - INFO - Find_averageEnhancedSyn: 578.6464444884355
2024-06-25 20:25:23,574 - scalability_51_48_results - INFO - Find_averageEnhancedDis: 0.0
2024-06-25 20:25:23,575 - scalability_51_48_results - INFO - Find_averageEnhancedCollisionNum: 1.0
2024-06-25 20:25:23,575 - scalability_51_48_results - INFO - FlyncFind_averageEnhancedSyn: 20659.028672013355
2024-06-25 20:25:23,575 - scalability_51_48_results - INFO - FlyncFind_averageEnhancedDis: 0.0
2024-06-25 20:25:23,576 - scalability_51_48_results - INFO - FlyncFind_averageEnhancedCollisionNum: 1.0
2024-06-25 20:25:23,576 - scalability_51_48_results - INFO - Pulsar_averageEnhancedSyn: 2.0720572263211117
2024-06-25 20:25:23,576 - scalability_51_48_results - INFO - Pulsar_averageEnhancedDis: 6.018620930749718
2024-06-25 20:25:23,577 - scalability_51_48_results - INFO - Pulsar_averageEnhancedCollisionNum: 1.0
2024-06-26 06:53:14,709 - scalability_51_48_results - INFO - *******************CARS_TRACE*******************
2024-06-26 06:53:14,710 - scalability_51_48_results - INFO - Find_averageSyn: 218928450.12666667
2024-06-26 06:53:14,710 - scalability_51_48_results - INFO - Find_averageDis: 0.0
2024-06-26 06:53:14,710 - scalability_51_48_results - INFO - Find_averageCollisionNum: 0.9583333333333334
2024-06-26 06:53:14,710 - scalability_51_48_results - INFO - Find_sumCollisionNum: 46
2024-06-26 06:53:14,711 - scalability_51_48_results - INFO - FlyncFind_averageSyn: 20488508.841666665
2024-06-26 06:53:14,711 - scalability_51_48_results - INFO - FlyncFind_averageDis: 0.0
2024-06-26 06:53:14,711 - scalability_51_48_results - INFO - FlyncFind_averageCollisionNum: 5.541666666666667
2024-06-26 06:53:14,711 - scalability_51_48_results - INFO - FlyncFind_sumCollisionNum: 266
2024-06-26 06:53:14,711 - scalability_51_48_results - INFO - Pulsar_averageSyn: 504179.08416666667
2024-06-26 06:53:14,711 - scalability_51_48_results - INFO - Pulsar_averageDis: 4927167.0
2024-06-26 06:53:14,711 - scalability_51_48_results - INFO - Pulsar_averageCollisionNum: 0.10416666666666667
2024-06-26 06:53:14,711 - scalability_51_48_results - INFO - Pulsar_sumCollisionNum: 5
2024-06-26 06:53:14,712 - scalability_51_48_results - INFO - Free_beacon_averageSyn: 495751.19458333333
2024-06-26 06:53:14,712 - scalability_51_48_results - INFO - Free_beacon_averageDis: 782198.1875
2024-06-26 06:53:14,712 - scalability_51_48_results - INFO - Free_beacon_averageCollisionNum: 0.0
2024-06-26 06:53:14,712 - scalability_51_48_results - INFO - Free_beacon_sumCollisionNum: 0
2024-06-26 06:53:14,713 - scalability_51_48_results - INFO - Find_averageEnhancedSyn: 441.6095261468218
2024-06-26 06:53:14,713 - scalability_51_48_results - INFO - Find_averageEnhancedDis: 0.0
2024-06-26 06:53:14,713 - scalability_51_48_results - INFO - Find_averageEnhancedCollisionNum: 1.0
2024-06-26 06:53:14,714 - scalability_51_48_results - INFO - FlyncFind_averageEnhancedSyn: 41.32820871745302
2024-06-26 06:53:14,714 - scalability_51_48_results - INFO - FlyncFind_averageEnhancedDis: 0.0
2024-06-26 06:53:14,714 - scalability_51_48_results - INFO - FlyncFind_averageEnhancedCollisionNum: 1.0
2024-06-26 06:53:14,715 - scalability_51_48_results - INFO - Pulsar_averageEnhancedSyn: 1.0170002405953187
2024-06-26 06:53:14,715 - scalability_51_48_results - INFO - Pulsar_averageEnhancedDis: 6.299128633560021
2024-06-26 06:53:14,715 - scalability_51_48_results - INFO - Pulsar_averageEnhancedCollisionNum: 1.0
2024-06-26 08:46:29,724 - scalability_51_48_results - INFO - *******************JOGGING_TRACE*******************
2024-06-26 08:46:29,725 - scalability_51_48_results - INFO - Find_averageSyn: 2253430.183333333
2024-06-26 08:46:29,725 - scalability_51_48_results - INFO - Find_averageDis: 0.0
2024-06-26 08:46:29,725 - scalability_51_48_results - INFO - Find_averageCollisionNum: 7.208333333333333
2024-06-26 08:46:29,725 - scalability_51_48_results - INFO - Find_sumCollisionNum: 346
2024-06-26 08:46:29,726 - scalability_51_48_results - INFO - FlyncFind_averageSyn: 811962.15
2024-06-26 08:46:29,726 - scalability_51_48_results - INFO - FlyncFind_averageDis: 0.0
2024-06-26 08:46:29,726 - scalability_51_48_results - INFO - FlyncFind_averageCollisionNum: 116.875
2024-06-26 08:46:29,726 - scalability_51_48_results - INFO - FlyncFind_sumCollisionNum: 5610
2024-06-26 08:46:29,726 - scalability_51_48_results - INFO - Pulsar_averageSyn: 6613.190833333333
2024-06-26 08:46:29,726 - scalability_51_48_results - INFO - Pulsar_averageDis: 773717.3541666666
2024-06-26 08:46:29,726 - scalability_51_48_results - INFO - Pulsar_averageCollisionNum: 0.625
2024-06-26 08:46:29,726 - scalability_51_48_results - INFO - Pulsar_sumCollisionNum: 30
2024-06-26 08:46:29,727 - scalability_51_48_results - INFO - Free_beacon_averageSyn: 6726.156666666667
2024-06-26 08:46:29,727 - scalability_51_48_results - INFO - Free_beacon_averageDis: 70849.10416666667
2024-06-26 08:46:29,727 - scalability_51_48_results - INFO - Free_beacon_averageCollisionNum: 0.20833333333333334
2024-06-26 08:46:29,727 - scalability_51_48_results - INFO - Free_beacon_sumCollisionNum: 10
2024-06-26 08:46:29,728 - scalability_51_48_results - INFO - Find_averageEnhancedSyn: 335.024932514705
2024-06-26 08:46:29,728 - scalability_51_48_results - INFO - Find_averageEnhancedDis: 0.0
2024-06-26 08:46:29,728 - scalability_51_48_results - INFO - Find_averageEnhancedCollisionNum: 1.0
2024-06-26 08:46:29,729 - scalability_51_48_results - INFO - FlyncFind_averageEnhancedSyn: 120.71710342756414
2024-06-26 08:46:29,729 - scalability_51_48_results - INFO - FlyncFind_averageEnhancedDis: 0.0
2024-06-26 08:46:29,729 - scalability_51_48_results - INFO - FlyncFind_averageEnhancedCollisionNum: 1.0
2024-06-26 08:46:29,730 - scalability_51_48_results - INFO - Pulsar_averageEnhancedSyn: 0.9832049952251087
2024-06-26 08:46:29,730 - scalability_51_48_results - INFO - Pulsar_averageEnhancedDis: 10.920637081685047
2024-06-26 08:46:29,730 - scalability_51_48_results - INFO - Pulsar_averageEnhancedCollisionNum: 0.9999999999999999
2024-06-26 10:30:20,971 - scalability_51_48_results - INFO - *******************OFFICE_TRACE*******************
2024-06-26 10:30:20,971 - scalability_51_48_results - INFO - Find_averageSyn: 495303.6125
2024-06-26 10:30:20,971 - scalability_51_48_results - INFO - Find_averageDis: 0.0
2024-06-26 10:30:20,971 - scalability_51_48_results - INFO - Find_averageCollisionNum: 14.458333333333334
2024-06-26 10:30:20,972 - scalability_51_48_results - INFO - Find_sumCollisionNum: 694
2024-06-26 10:30:20,972 - scalability_51_48_results - INFO - FlyncFind_averageSyn: 571828.7416666667
2024-06-26 10:30:20,972 - scalability_51_48_results - INFO - FlyncFind_averageDis: 0.0
2024-06-26 10:30:20,972 - scalability_51_48_results - INFO - FlyncFind_averageCollisionNum: 672.4166666666666
2024-06-26 10:30:20,972 - scalability_51_48_results - INFO - FlyncFind_sumCollisionNum: 32276
2024-06-26 10:30:20,972 - scalability_51_48_results - INFO - Pulsar_averageSyn: 1997.4383333333333
2024-06-26 10:30:20,972 - scalability_51_48_results - INFO - Pulsar_averageDis: 418030.8541666667
2024-06-26 10:30:20,972 - scalability_51_48_results - INFO - Pulsar_averageCollisionNum: 2.5208333333333335
2024-06-26 10:30:20,972 - scalability_51_48_results - INFO - Pulsar_sumCollisionNum: 121
2024-06-26 10:30:20,973 - scalability_51_48_results - INFO - Free_beacon_averageSyn: 1726.3175
2024-06-26 10:30:20,973 - scalability_51_48_results - INFO - Free_beacon_averageDis: 30302.541666666668
2024-06-26 10:30:20,973 - scalability_51_48_results - INFO - Free_beacon_averageCollisionNum: 1.0416666666666667
2024-06-26 10:30:20,973 - scalability_51_48_results - INFO - Free_beacon_sumCollisionNum: 50
2024-06-26 10:30:20,973 - scalability_51_48_results - INFO - Find_averageEnhancedSyn: 286.91339368337515
2024-06-26 10:30:20,973 - scalability_51_48_results - INFO - Find_averageEnhancedDis: 0.0
2024-06-26 10:30:20,974 - scalability_51_48_results - INFO - Find_averageEnhancedCollisionNum: 1.0
2024-06-26 10:30:20,974 - scalability_51_48_results - INFO - FlyncFind_averageEnhancedSyn: 331.24193067999755
2024-06-26 10:30:20,974 - scalability_51_48_results - INFO - FlyncFind_averageEnhancedDis: 0.0
2024-06-26 10:30:20,974 - scalability_51_48_results - INFO - FlyncFind_averageEnhancedCollisionNum: 1.0
2024-06-26 10:30:20,975 - scalability_51_48_results - INFO - Pulsar_averageEnhancedSyn: 1.1570515466206728
2024-06-26 10:30:20,975 - scalability_51_48_results - INFO - Pulsar_averageEnhancedDis: 13.79524063575525
2024-06-26 10:30:20,975 - scalability_51_48_results - INFO - Pulsar_averageEnhancedCollisionNum: 0.9999999999999999
2024-06-26 12:09:45,146 - scalability_51_48_results - INFO - *******************WASHER_TRACE*******************
2024-06-26 12:09:45,147 - scalability_51_48_results - INFO - Find_averageSyn: 7926611.59
2024-06-26 12:09:45,147 - scalability_51_48_results - INFO - Find_averageDis: 0.0
2024-06-26 12:09:45,147 - scalability_51_48_results - INFO - Find_averageCollisionNum: 8.333333333333334
2024-06-26 12:09:45,147 - scalability_51_48_results - INFO - Find_sumCollisionNum: 400
2024-06-26 12:09:45,148 - scalability_51_48_results - INFO - FlyncFind_averageSyn: 4344471.466666667
2024-06-26 12:09:45,148 - scalability_51_48_results - INFO - FlyncFind_averageDis: 0.0
2024-06-26 12:09:45,148 - scalability_51_48_results - INFO - FlyncFind_averageCollisionNum: 30.125
2024-06-26 12:09:45,148 - scalability_51_48_results - INFO - FlyncFind_sumCollisionNum: 1446
2024-06-26 12:09:45,148 - scalability_51_48_results - INFO - Pulsar_averageSyn: 217443.60833333334
2024-06-26 12:09:45,148 - scalability_51_48_results - INFO - Pulsar_averageDis: 4912457.25
2024-06-26 12:09:45,148 - scalability_51_48_results - INFO - Pulsar_averageCollisionNum: 0.4583333333333333
2024-06-26 12:09:45,148 - scalability_51_48_results - INFO - Pulsar_sumCollisionNum: 22
2024-06-26 12:09:45,149 - scalability_51_48_results - INFO - Free_beacon_averageSyn: 181669.785
2024-06-26 12:09:45,149 - scalability_51_48_results - INFO - Free_beacon_averageDis: 1964913.2291666667
2024-06-26 12:09:45,149 - scalability_51_48_results - INFO - Free_beacon_averageCollisionNum: 0.0625
2024-06-26 12:09:45,149 - scalability_51_48_results - INFO - Free_beacon_sumCollisionNum: 3
2024-06-26 12:09:45,150 - scalability_51_48_results - INFO - Find_averageEnhancedSyn: 43.631975399761714
2024-06-26 12:09:45,150 - scalability_51_48_results - INFO - Find_averageEnhancedDis: 0.0
2024-06-26 12:09:45,150 - scalability_51_48_results - INFO - Find_averageEnhancedCollisionNum: 0.9999999999999999
2024-06-26 12:09:45,151 - scalability_51_48_results - INFO - FlyncFind_averageEnhancedSyn: 23.914111345850202
2024-06-26 12:09:45,151 - scalability_51_48_results - INFO - FlyncFind_averageEnhancedDis: 0.0
2024-06-26 12:09:45,151 - scalability_51_48_results - INFO - FlyncFind_averageEnhancedCollisionNum: 1.0
2024-06-26 12:09:45,152 - scalability_51_48_results - INFO - Pulsar_averageEnhancedSyn: 1.1969167483372831
2024-06-26 12:09:45,152 - scalability_51_48_results - INFO - Pulsar_averageEnhancedDis: 2.500088643651408
2024-06-26 12:09:45,152 - scalability_51_48_results - INFO - Pulsar_averageEnhancedCollisionNum: 1.0
