2024-06-23 01:56:03,007 - no_poweroff_30_general_30_results - INFO - *******************STATIC_TRACE*******************
2024-06-23 01:56:03,007 - no_poweroff_30_general_30_results - INFO - Find_averageSyn: 144480.72933333332
2024-06-23 01:56:03,007 - no_poweroff_30_general_30_results - INFO - Find_averageDis: 0.0
2024-06-23 01:56:03,007 - no_poweroff_30_general_30_results - INFO - Find_averageCollisionNum: 16.0
2024-06-23 01:56:03,007 - no_poweroff_30_general_30_results - INFO - Find_sumCollisionNum: 480
2024-06-23 01:56:03,008 - no_poweroff_30_general_30_results - INFO - FlyncFind_averageSyn: 192935.94666666666
2024-06-23 01:56:03,008 - no_poweroff_30_general_30_results - INFO - FlyncFind_averageDis: 0.0
2024-06-23 01:56:03,008 - no_poweroff_30_general_30_results - INFO - FlyncFind_averageCollisionNum: 777.2
2024-06-23 01:56:03,008 - no_poweroff_30_general_30_results - INFO - FlyncFind_sumCollisionNum: 23316
2024-06-23 01:56:03,008 - no_poweroff_30_general_30_results - INFO - Pulsar_averageSyn: 1368.2986666666666
2024-06-23 01:56:03,008 - no_poweroff_30_general_30_results - INFO - Pulsar_averageDis: 116882.0
2024-06-23 01:56:03,008 - no_poweroff_30_general_30_results - INFO - Pulsar_averageCollisionNum: 1.0
2024-06-23 01:56:03,008 - no_poweroff_30_general_30_results - INFO - Pulsar_sumCollisionNum: 30
2024-06-23 01:56:03,008 - no_poweroff_30_general_30_results - INFO - Free_beacon_averageSyn: 3869.7066666666665
2024-06-23 01:56:03,008 - no_poweroff_30_general_30_results - INFO - Free_beacon_averageDis: 32278.1
2024-06-23 01:56:03,008 - no_poweroff_30_general_30_results - INFO - Free_beacon_averageCollisionNum: 1.1
2024-06-23 01:56:03,008 - no_poweroff_30_general_30_results - INFO - Free_beacon_sumCollisionNum: 33
2024-06-23 01:56:03,009 - no_poweroff_30_general_30_results - INFO - Find_averageEnhancedSyn: 37.33635176481938
2024-06-23 01:56:03,009 - no_poweroff_30_general_30_results - INFO - Find_averageEnhancedDis: 0.0
2024-06-23 01:56:03,009 - no_poweroff_30_general_30_results - INFO - Find_averageEnhancedCollisionNum: 1.0
2024-06-23 01:56:03,009 - no_poweroff_30_general_30_results - INFO - FlyncFind_averageEnhancedSyn: 49.858028860068636
2024-06-23 01:56:03,010 - no_poweroff_30_general_30_results - INFO - FlyncFind_averageEnhancedDis: 0.0
2024-06-23 01:56:03,010 - no_poweroff_30_general_30_results - INFO - FlyncFind_averageEnhancedCollisionNum: 1.0000000000000002
2024-06-23 01:56:03,010 - no_poweroff_30_general_30_results - INFO - Pulsar_averageEnhancedSyn: 0.3535923480849539
2024-06-23 01:56:03,010 - no_poweroff_30_general_30_results - INFO - Pulsar_averageEnhancedDis: 3.6210929391754783
2024-06-23 01:56:03,010 - no_poweroff_30_general_30_results - INFO - Pulsar_averageEnhancedCollisionNum: 1.0
2024-06-23 02:31:27,142 - no_poweroff_30_general_30_results - INFO - *******************COMPLEX_TRACE*******************
2024-06-23 02:31:27,142 - no_poweroff_30_general_30_results - INFO - Find_averageSyn: 866078.6946666667
2024-06-23 02:31:27,143 - no_poweroff_30_general_30_results - INFO - Find_averageDis: 0.0
2024-06-23 02:31:27,143 - no_poweroff_30_general_30_results - INFO - Find_averageCollisionNum: 5.133333333333334
2024-06-23 02:31:27,143 - no_poweroff_30_general_30_results - INFO - Find_sumCollisionNum: 154
2024-06-23 02:31:27,143 - no_poweroff_30_general_30_results - INFO - FlyncFind_averageSyn: 192057.01333333334
2024-06-23 02:31:27,143 - no_poweroff_30_general_30_results - INFO - FlyncFind_averageDis: 0.0
2024-06-23 02:31:27,143 - no_poweroff_30_general_30_results - INFO - FlyncFind_averageCollisionNum: 66.46666666666667
2024-06-23 02:31:27,143 - no_poweroff_30_general_30_results - INFO - FlyncFind_sumCollisionNum: 1994
2024-06-23 02:31:27,144 - no_poweroff_30_general_30_results - INFO - Pulsar_averageSyn: 4519.8133333333335
2024-06-23 02:31:27,144 - no_poweroff_30_general_30_results - INFO - Pulsar_averageDis: 200143.7
2024-06-23 02:31:27,144 - no_poweroff_30_general_30_results - INFO - Pulsar_averageCollisionNum: 0.43333333333333335
2024-06-23 02:31:27,144 - no_poweroff_30_general_30_results - INFO - Pulsar_sumCollisionNum: 13
2024-06-23 02:31:27,144 - no_poweroff_30_general_30_results - INFO - Free_beacon_averageSyn: 4520.2266666666665
2024-06-23 02:31:27,144 - no_poweroff_30_general_30_results - INFO - Free_beacon_averageDis: 70947.26666666666
2024-06-23 02:31:27,144 - no_poweroff_30_general_30_results - INFO - Free_beacon_averageCollisionNum: 0.4666666666666667
2024-06-23 02:31:27,144 - no_poweroff_30_general_30_results - INFO - Free_beacon_sumCollisionNum: 14
2024-06-23 02:31:27,145 - no_poweroff_30_general_30_results - INFO - Find_averageEnhancedSyn: 191.6007223826534
2024-06-23 02:31:27,145 - no_poweroff_30_general_30_results - INFO - Find_averageEnhancedDis: 0.0
2024-06-23 02:31:27,145 - no_poweroff_30_general_30_results - INFO - Find_averageEnhancedCollisionNum: 1.0
2024-06-23 02:31:27,146 - no_poweroff_30_general_30_results - INFO - FlyncFind_averageEnhancedSyn: 42.48835899084707
2024-06-23 02:31:27,146 - no_poweroff_30_general_30_results - INFO - FlyncFind_averageEnhancedDis: 0.0
2024-06-23 02:31:27,146 - no_poweroff_30_general_30_results - INFO - FlyncFind_averageEnhancedCollisionNum: 1.0
2024-06-23 02:31:27,147 - no_poweroff_30_general_30_results - INFO - Pulsar_averageEnhancedSyn: 0.9999085591578004
2024-06-23 02:31:27,147 - no_poweroff_30_general_30_results - INFO - Pulsar_averageEnhancedDis: 2.8210205890008453
2024-06-23 02:31:27,147 - no_poweroff_30_general_30_results - INFO - Pulsar_averageEnhancedCollisionNum: 0.9999999999999999
2024-06-23 03:57:23,386 - no_poweroff_30_general_30_results - INFO - *******************STAIRS_TRACE*******************
2024-06-23 03:57:23,386 - no_poweroff_30_general_30_results - INFO - Find_averageSyn: 47003.832
2024-06-23 03:57:23,386 - no_poweroff_30_general_30_results - INFO - Find_averageDis: 0.0
2024-06-23 03:57:23,387 - no_poweroff_30_general_30_results - INFO - Find_averageCollisionNum: 35.0
2024-06-23 03:57:23,387 - no_poweroff_30_general_30_results - INFO - Find_sumCollisionNum: 1050
2024-06-23 03:57:23,387 - no_poweroff_30_general_30_results - INFO - FlyncFind_averageSyn: 457613.36
2024-06-23 03:57:23,387 - no_poweroff_30_general_30_results - INFO - FlyncFind_averageDis: 0.0
2024-06-23 03:57:23,387 - no_poweroff_30_general_30_results - INFO - FlyncFind_averageCollisionNum: 6604.0
2024-06-23 03:57:23,387 - no_poweroff_30_general_30_results - INFO - FlyncFind_sumCollisionNum: 198120
2024-06-23 03:57:23,387 - no_poweroff_30_general_30_results - INFO - Pulsar_averageSyn: 345.55733333333336
2024-06-23 03:57:23,388 - no_poweroff_30_general_30_results - INFO - Pulsar_averageDis: 70874.3
2024-06-23 03:57:23,388 - no_poweroff_30_general_30_results - INFO - Pulsar_averageCollisionNum: 2.7
2024-06-23 03:57:23,388 - no_poweroff_30_general_30_results - INFO - Pulsar_sumCollisionNum: 81
2024-06-23 03:57:23,388 - no_poweroff_30_general_30_results - INFO - Free_beacon_averageSyn: 1165.52
2024-06-23 03:57:23,388 - no_poweroff_30_general_30_results - INFO - Free_beacon_averageDis: 19419.2
2024-06-23 03:57:23,388 - no_poweroff_30_general_30_results - INFO - Free_beacon_averageCollisionNum: 2.4
2024-06-23 03:57:23,388 - no_poweroff_30_general_30_results - INFO - Free_beacon_sumCollisionNum: 72
2024-06-23 03:57:23,389 - no_poweroff_30_general_30_results - INFO - Find_averageEnhancedSyn: 40.3286361452399
2024-06-23 03:57:23,389 - no_poweroff_30_general_30_results - INFO - Find_averageEnhancedDis: 0.0
2024-06-23 03:57:23,389 - no_poweroff_30_general_30_results - INFO - Find_averageEnhancedCollisionNum: 1.0000000000000002
2024-06-23 03:57:23,390 - no_poweroff_30_general_30_results - INFO - FlyncFind_averageEnhancedSyn: 392.6259180451644
2024-06-23 03:57:23,390 - no_poweroff_30_general_30_results - INFO - FlyncFind_averageEnhancedDis: 0.0
2024-06-23 03:57:23,390 - no_poweroff_30_general_30_results - INFO - FlyncFind_averageEnhancedCollisionNum: 1.0
2024-06-23 03:57:23,391 - no_poweroff_30_general_30_results - INFO - Pulsar_averageEnhancedSyn: 0.29648340082824265
2024-06-23 03:57:23,391 - no_poweroff_30_general_30_results - INFO - Pulsar_averageEnhancedDis: 3.649702356430749
2024-06-23 03:57:23,391 - no_poweroff_30_general_30_results - INFO - Pulsar_averageEnhancedCollisionNum: 0.9999999999999998
2024-06-23 07:59:17,865 - no_poweroff_30_general_30_results - INFO - *******************CARS_TRACE*******************
2024-06-23 07:59:17,865 - no_poweroff_30_general_30_results - INFO - Find_averageSyn: 139402407.62933335
2024-06-23 07:59:17,865 - no_poweroff_30_general_30_results - INFO - Find_averageDis: 0.0
2024-06-23 07:59:17,865 - no_poweroff_30_general_30_results - INFO - Find_averageCollisionNum: 0.3333333333333333
2024-06-23 07:59:17,865 - no_poweroff_30_general_30_results - INFO - Find_sumCollisionNum: 10
2024-06-23 07:59:17,866 - no_poweroff_30_general_30_results - INFO - FlyncFind_averageSyn: 14404148.346666666
2024-06-23 07:59:17,866 - no_poweroff_30_general_30_results - INFO - FlyncFind_averageDis: 0.0
2024-06-23 07:59:17,866 - no_poweroff_30_general_30_results - INFO - FlyncFind_averageCollisionNum: 4.2
2024-06-23 07:59:17,866 - no_poweroff_30_general_30_results - INFO - FlyncFind_sumCollisionNum: 126
2024-06-23 07:59:17,866 - no_poweroff_30_general_30_results - INFO - Pulsar_averageSyn: 683631.6566666666
2024-06-23 07:59:17,866 - no_poweroff_30_general_30_results - INFO - Pulsar_averageDis: 1702825.0333333334
2024-06-23 07:59:17,866 - no_poweroff_30_general_30_results - INFO - Pulsar_averageCollisionNum: 0.1
2024-06-23 07:59:17,867 - no_poweroff_30_general_30_results - INFO - Pulsar_sumCollisionNum: 3
2024-06-23 07:59:17,867 - no_poweroff_30_general_30_results - INFO - Free_beacon_averageSyn: 665694.2933333333
2024-06-23 07:59:17,867 - no_poweroff_30_general_30_results - INFO - Free_beacon_averageDis: 1126079.5333333334
2024-06-23 07:59:17,867 - no_poweroff_30_general_30_results - INFO - Free_beacon_averageCollisionNum: 0.0
2024-06-23 07:59:17,867 - no_poweroff_30_general_30_results - INFO - Free_beacon_sumCollisionNum: 0
2024-06-23 07:59:17,868 - no_poweroff_30_general_30_results - INFO - Find_averageEnhancedSyn: 209.40904710374366
2024-06-23 07:59:17,868 - no_poweroff_30_general_30_results - INFO - Find_averageEnhancedDis: 0.0
2024-06-23 07:59:17,868 - no_poweroff_30_general_30_results - INFO - Find_averageEnhancedCollisionNum: 1.0
2024-06-23 07:59:17,869 - no_poweroff_30_general_30_results - INFO - FlyncFind_averageEnhancedSyn: 21.637782524078318
2024-06-23 07:59:17,869 - no_poweroff_30_general_30_results - INFO - FlyncFind_averageEnhancedDis: 0.0
2024-06-23 07:59:17,869 - no_poweroff_30_general_30_results - INFO - FlyncFind_averageEnhancedCollisionNum: 1.0
2024-06-23 07:59:17,869 - no_poweroff_30_general_30_results - INFO - Pulsar_averageEnhancedSyn: 1.0269453464044516
2024-06-23 07:59:17,870 - no_poweroff_30_general_30_results - INFO - Pulsar_averageEnhancedDis: 1.5121711947758811
2024-06-23 07:59:17,870 - no_poweroff_30_general_30_results - INFO - Pulsar_averageEnhancedCollisionNum: 1.0
2024-06-23 08:40:51,540 - no_poweroff_30_general_30_results - INFO - *******************JOGGING_TRACE*******************
2024-06-23 08:40:51,541 - no_poweroff_30_general_30_results - INFO - Find_averageSyn: 1491129.264
2024-06-23 08:40:51,541 - no_poweroff_30_general_30_results - INFO - Find_averageDis: 0.0
2024-06-23 08:40:51,541 - no_poweroff_30_general_30_results - INFO - Find_averageCollisionNum: 3.6666666666666665
2024-06-23 08:40:51,541 - no_poweroff_30_general_30_results - INFO - Find_sumCollisionNum: 110
2024-06-23 08:40:51,541 - no_poweroff_30_general_30_results - INFO - FlyncFind_averageSyn: 320120.64
2024-06-23 08:40:51,541 - no_poweroff_30_general_30_results - INFO - FlyncFind_averageDis: 0.0
2024-06-23 08:40:51,541 - no_poweroff_30_general_30_results - INFO - FlyncFind_averageCollisionNum: 46.13333333333333
2024-06-23 08:40:51,541 - no_poweroff_30_general_30_results - INFO - FlyncFind_sumCollisionNum: 1384
2024-06-23 08:40:51,541 - no_poweroff_30_general_30_results - INFO - Pulsar_averageSyn: 10508.944
2024-06-23 08:40:51,541 - no_poweroff_30_general_30_results - INFO - Pulsar_averageDis: 209718.2
2024-06-23 08:40:51,542 - no_poweroff_30_general_30_results - INFO - Pulsar_averageCollisionNum: 0.16666666666666666
2024-06-23 08:40:51,542 - no_poweroff_30_general_30_results - INFO - Pulsar_sumCollisionNum: 5
2024-06-23 08:40:51,542 - no_poweroff_30_general_30_results - INFO - Free_beacon_averageSyn: 8593.08
2024-06-23 08:40:51,542 - no_poweroff_30_general_30_results - INFO - Free_beacon_averageDis: 109031.76666666666
2024-06-23 08:40:51,542 - no_poweroff_30_general_30_results - INFO - Free_beacon_averageCollisionNum: 0.26666666666666666
2024-06-23 08:40:51,542 - no_poweroff_30_general_30_results - INFO - Free_beacon_sumCollisionNum: 8
2024-06-23 08:40:51,542 - no_poweroff_30_general_30_results - INFO - Find_averageEnhancedSyn: 173.52675222388248
2024-06-23 08:40:51,542 - no_poweroff_30_general_30_results - INFO - Find_averageEnhancedDis: 0.0
2024-06-23 08:40:51,543 - no_poweroff_30_general_30_results - INFO - Find_averageEnhancedCollisionNum: 1.0
2024-06-23 08:40:51,543 - no_poweroff_30_general_30_results - INFO - FlyncFind_averageEnhancedSyn: 37.253306148668464
2024-06-23 08:40:51,543 - no_poweroff_30_general_30_results - INFO - FlyncFind_averageEnhancedDis: 0.0
2024-06-23 08:40:51,543 - no_poweroff_30_general_30_results - INFO - FlyncFind_averageEnhancedCollisionNum: 1.0
2024-06-23 08:40:51,544 - no_poweroff_30_general_30_results - INFO - Pulsar_averageEnhancedSyn: 1.2229542841449166
2024-06-23 08:40:51,544 - no_poweroff_30_general_30_results - INFO - Pulsar_averageEnhancedDis: 1.9234596155921533
2024-06-23 08:40:51,544 - no_poweroff_30_general_30_results - INFO - Pulsar_averageEnhancedCollisionNum: 1.0
2024-06-23 09:05:21,632 - no_poweroff_30_general_30_results - INFO - *******************OFFICE_TRACE*******************
2024-06-23 09:05:21,633 - no_poweroff_30_general_30_results - INFO - Find_averageSyn: 257645.20533333335
2024-06-23 09:05:21,633 - no_poweroff_30_general_30_results - INFO - Find_averageDis: 0.0
2024-06-23 09:05:21,633 - no_poweroff_30_general_30_results - INFO - Find_averageCollisionNum: 9.466666666666667
2024-06-23 09:05:21,633 - no_poweroff_30_general_30_results - INFO - Find_sumCollisionNum: 284
2024-06-23 09:05:21,634 - no_poweroff_30_general_30_results - INFO - FlyncFind_averageSyn: 130705.62666666666
2024-06-23 09:05:21,634 - no_poweroff_30_general_30_results - INFO - FlyncFind_averageDis: 0.0
2024-06-23 09:05:21,634 - no_poweroff_30_general_30_results - INFO - FlyncFind_averageCollisionNum: 242.46666666666667
2024-06-23 09:05:21,634 - no_poweroff_30_general_30_results - INFO - FlyncFind_sumCollisionNum: 7274
2024-06-23 09:05:21,634 - no_poweroff_30_general_30_results - INFO - Pulsar_averageSyn: 2038.344
2024-06-23 09:05:21,634 - no_poweroff_30_general_30_results - INFO - Pulsar_averageDis: 121884.73333333334
2024-06-23 09:05:21,634 - no_poweroff_30_general_30_results - INFO - Pulsar_averageCollisionNum: 0.7666666666666667
2024-06-23 09:05:21,634 - no_poweroff_30_general_30_results - INFO - Pulsar_sumCollisionNum: 23
2024-06-23 09:05:21,635 - no_poweroff_30_general_30_results - INFO - Free_beacon_averageSyn: 2239.6133333333332
2024-06-23 09:05:21,635 - no_poweroff_30_general_30_results - INFO - Free_beacon_averageDis: 38655.2
2024-06-23 09:05:21,635 - no_poweroff_30_general_30_results - INFO - Free_beacon_averageCollisionNum: 0.4666666666666667
2024-06-23 09:05:21,635 - no_poweroff_30_general_30_results - INFO - Free_beacon_sumCollisionNum: 14
2024-06-23 09:05:21,636 - no_poweroff_30_general_30_results - INFO - Find_averageEnhancedSyn: 115.04003905436059
2024-06-23 09:05:21,636 - no_poweroff_30_general_30_results - INFO - Find_averageEnhancedDis: 0.0
2024-06-23 09:05:21,636 - no_poweroff_30_general_30_results - INFO - Find_averageEnhancedCollisionNum: 1.0
2024-06-23 09:05:21,636 - no_poweroff_30_general_30_results - INFO - FlyncFind_averageEnhancedSyn: 58.360800376255426
2024-06-23 09:05:21,637 - no_poweroff_30_general_30_results - INFO - FlyncFind_averageEnhancedDis: 0.0
2024-06-23 09:05:21,637 - no_poweroff_30_general_30_results - INFO - FlyncFind_averageEnhancedCollisionNum: 1.0
2024-06-23 09:05:21,637 - no_poweroff_30_general_30_results - INFO - Pulsar_averageEnhancedSyn: 0.9101321061373691
2024-06-23 09:05:21,637 - no_poweroff_30_general_30_results - INFO - Pulsar_averageEnhancedDis: 3.153126444393855
2024-06-23 09:05:21,638 - no_poweroff_30_general_30_results - INFO - Pulsar_averageEnhancedCollisionNum: 1.0
2024-06-23 09:58:11,700 - no_poweroff_30_general_30_results - INFO - *******************WASHER_TRACE*******************
2024-06-23 09:58:11,700 - no_poweroff_30_general_30_results - INFO - Find_averageSyn: 7409026.648
2024-06-23 09:58:11,701 - no_poweroff_30_general_30_results - INFO - Find_averageDis: 0.0
2024-06-23 09:58:11,701 - no_poweroff_30_general_30_results - INFO - Find_averageCollisionNum: 4.466666666666667
2024-06-23 09:58:11,701 - no_poweroff_30_general_30_results - INFO - Find_sumCollisionNum: 134
2024-06-23 09:58:11,701 - no_poweroff_30_general_30_results - INFO - FlyncFind_averageSyn: 3881405.36
2024-06-23 09:58:11,701 - no_poweroff_30_general_30_results - INFO - FlyncFind_averageDis: 0.0
2024-06-23 09:58:11,701 - no_poweroff_30_general_30_results - INFO - FlyncFind_averageCollisionNum: 20.733333333333334
2024-06-23 09:58:11,701 - no_poweroff_30_general_30_results - INFO - FlyncFind_sumCollisionNum: 622
2024-06-23 09:58:11,702 - no_poweroff_30_general_30_results - INFO - Pulsar_averageSyn: 274221.76066666667
2024-06-23 09:58:11,702 - no_poweroff_30_general_30_results - INFO - Pulsar_averageDis: 3474740.1666666665
2024-06-23 09:58:11,702 - no_poweroff_30_general_30_results - INFO - Pulsar_averageCollisionNum: 0.06666666666666667
2024-06-23 09:58:11,702 - no_poweroff_30_general_30_results - INFO - Pulsar_sumCollisionNum: 2
2024-06-23 09:58:11,702 - no_poweroff_30_general_30_results - INFO - Free_beacon_averageSyn: 267657.14
2024-06-23 09:58:11,702 - no_poweroff_30_general_30_results - INFO - Free_beacon_averageDis: 2165871.5
2024-06-23 09:58:11,702 - no_poweroff_30_general_30_results - INFO - Free_beacon_averageCollisionNum: 0.13333333333333333
2024-06-23 09:58:11,702 - no_poweroff_30_general_30_results - INFO - Free_beacon_sumCollisionNum: 4
2024-06-23 09:58:11,703 - no_poweroff_30_general_30_results - INFO - Find_averageEnhancedSyn: 27.681034953896614
2024-06-23 09:58:11,703 - no_poweroff_30_general_30_results - INFO - Find_averageEnhancedDis: 0.0
2024-06-23 09:58:11,703 - no_poweroff_30_general_30_results - INFO - Find_averageEnhancedCollisionNum: 1.0
2024-06-23 09:58:11,704 - no_poweroff_30_general_30_results - INFO - FlyncFind_averageEnhancedSyn: 14.501407883234497
2024-06-23 09:58:11,704 - no_poweroff_30_general_30_results - INFO - FlyncFind_averageEnhancedDis: 0.0
2024-06-23 09:58:11,704 - no_poweroff_30_general_30_results - INFO - FlyncFind_averageEnhancedCollisionNum: 1.0
2024-06-23 09:58:11,705 - no_poweroff_30_general_30_results - INFO - Pulsar_averageEnhancedSyn: 1.0245262303358194
2024-06-23 09:58:11,705 - no_poweroff_30_general_30_results - INFO - Pulsar_averageEnhancedDis: 1.604315014379508
2024-06-23 09:58:11,705 - no_poweroff_30_general_30_results - INFO - Pulsar_averageEnhancedCollisionNum: 1.0
