2024-06-23 00:14:51,281 - no_poweroff_51_general2_results - INFO - *******************STATIC_TRACE*******************
2024-06-23 00:14:51,282 - no_poweroff_51_general2_results - INFO - Find_averageSyn: 14618.5
2024-06-23 00:14:51,282 - no_poweroff_51_general2_results - INFO - Find_averageDis: 0.0
2024-06-23 00:14:51,282 - no_poweroff_51_general2_results - INFO - Find_averageCollisionNum: 0.0
2024-06-23 00:14:51,282 - no_poweroff_51_general2_results - INFO - Find_sumCollisionNum: 0
2024-06-23 00:14:51,283 - no_poweroff_51_general2_results - INFO - FlyncFind_averageSyn: 3375.68
2024-06-23 00:14:51,283 - no_poweroff_51_general2_results - INFO - FlyncFind_averageDis: 0.0
2024-06-23 00:14:51,283 - no_poweroff_51_general2_results - INFO - FlyncFind_averageCollisionNum: 0.0
2024-06-23 00:14:51,283 - no_poweroff_51_general2_results - INFO - FlyncFind_sumCollisionNum: 0
2024-06-23 00:14:51,283 - no_poweroff_51_general2_results - INFO - Pulsar_averageSyn: 34304.84
2024-06-23 00:14:51,283 - no_poweroff_51_general2_results - INFO - Pulsar_averageDis: 648.5
2024-06-23 00:14:51,283 - no_poweroff_51_general2_results - INFO - Pulsar_averageCollisionNum: 0.0
2024-06-23 00:14:51,283 - no_poweroff_51_general2_results - INFO - Pulsar_sumCollisionNum: 0
2024-06-23 00:14:51,283 - no_poweroff_51_general2_results - INFO - Free_beacon_averageSyn: 3063.0
2024-06-23 00:14:51,283 - no_poweroff_51_general2_results - INFO - Free_beacon_averageDis: 3547.0
2024-06-23 00:14:51,284 - no_poweroff_51_general2_results - INFO - Free_beacon_averageCollisionNum: 0.0
2024-06-23 00:14:51,284 - no_poweroff_51_general2_results - INFO - Free_beacon_sumCollisionNum: 0
2024-06-23 00:14:51,284 - no_poweroff_51_general2_results - INFO - Find_averageEnhancedSyn: 4.772608553705518
2024-06-23 00:14:51,284 - no_poweroff_51_general2_results - INFO - Find_averageEnhancedDis: 0.0
2024-06-23 00:14:51,284 - no_poweroff_51_general2_results - INFO - Find_averageEnhancedCollisionNum: 0.0
2024-06-23 00:14:51,284 - no_poweroff_51_general2_results - INFO - FlyncFind_averageEnhancedSyn: 1.102082925236696
2024-06-23 00:14:51,284 - no_poweroff_51_general2_results - INFO - FlyncFind_averageEnhancedDis: 0.0
2024-06-23 00:14:51,284 - no_poweroff_51_general2_results - INFO - FlyncFind_averageEnhancedCollisionNum: 0.0
2024-06-23 00:14:51,285 - no_poweroff_51_general2_results - INFO - Pulsar_averageEnhancedSyn: 11.19975187724453
2024-06-23 00:14:51,285 - no_poweroff_51_general2_results - INFO - Pulsar_averageEnhancedDis: 0.18283056103749648
2024-06-23 00:14:51,285 - no_poweroff_51_general2_results - INFO - Pulsar_averageEnhancedCollisionNum: 0.0
2024-06-23 00:14:59,175 - no_poweroff_51_general2_results - INFO - *******************COMPLEX_TRACE*******************
2024-06-23 00:14:59,175 - no_poweroff_51_general2_results - INFO - Find_averageSyn: 107321.14
2024-06-23 00:14:59,175 - no_poweroff_51_general2_results - INFO - Find_averageDis: 0.0
2024-06-23 00:14:59,175 - no_poweroff_51_general2_results - INFO - Find_averageCollisionNum: 0.0
2024-06-23 00:14:59,175 - no_poweroff_51_general2_results - INFO - Find_sumCollisionNum: 0
2024-06-23 00:14:59,175 - no_poweroff_51_general2_results - INFO - FlyncFind_averageSyn: 9126.72
2024-06-23 00:14:59,175 - no_poweroff_51_general2_results - INFO - FlyncFind_averageDis: 0.0
2024-06-23 00:14:59,175 - no_poweroff_51_general2_results - INFO - FlyncFind_averageCollisionNum: 0.0
2024-06-23 00:14:59,176 - no_poweroff_51_general2_results - INFO - FlyncFind_sumCollisionNum: 0
2024-06-23 00:14:59,176 - no_poweroff_51_general2_results - INFO - Pulsar_averageSyn: 32330.54
2024-06-23 00:14:59,176 - no_poweroff_51_general2_results - INFO - Pulsar_averageDis: 2444.0
2024-06-23 00:14:59,176 - no_poweroff_51_general2_results - INFO - Pulsar_averageCollisionNum: 0.0
2024-06-23 00:14:59,176 - no_poweroff_51_general2_results - INFO - Pulsar_sumCollisionNum: 0
2024-06-23 00:14:59,176 - no_poweroff_51_general2_results - INFO - Free_beacon_averageSyn: 2323.54
2024-06-23 00:14:59,176 - no_poweroff_51_general2_results - INFO - Free_beacon_averageDis: 3545.0
2024-06-23 00:14:59,176 - no_poweroff_51_general2_results - INFO - Free_beacon_averageCollisionNum: 0.0
2024-06-23 00:14:59,176 - no_poweroff_51_general2_results - INFO - Free_beacon_sumCollisionNum: 0
2024-06-23 00:14:59,176 - no_poweroff_51_general2_results - INFO - Find_averageEnhancedSyn: 46.18863458343734
2024-06-23 00:14:59,177 - no_poweroff_51_general2_results - INFO - Find_averageEnhancedDis: 0.0
2024-06-23 00:14:59,177 - no_poweroff_51_general2_results - INFO - Find_averageEnhancedCollisionNum: 0.0
2024-06-23 00:14:59,177 - no_poweroff_51_general2_results - INFO - FlyncFind_averageEnhancedSyn: 3.9279375435757506
2024-06-23 00:14:59,177 - no_poweroff_51_general2_results - INFO - FlyncFind_averageEnhancedDis: 0.0
2024-06-23 00:14:59,177 - no_poweroff_51_general2_results - INFO - FlyncFind_averageEnhancedCollisionNum: 0.0
2024-06-23 00:14:59,177 - no_poweroff_51_general2_results - INFO - Pulsar_averageEnhancedSyn: 13.914346213105866
2024-06-23 00:14:59,177 - no_poweroff_51_general2_results - INFO - Pulsar_averageEnhancedDis: 0.6894217207334273
2024-06-23 00:14:59,178 - no_poweroff_51_general2_results - INFO - Pulsar_averageEnhancedCollisionNum: 0.0
2024-06-23 00:15:00,628 - no_poweroff_51_general2_results - INFO - *******************STAIRS_TRACE*******************
2024-06-23 00:15:00,628 - no_poweroff_51_general2_results - INFO - Find_averageSyn: 2384.02
2024-06-23 00:15:00,628 - no_poweroff_51_general2_results - INFO - Find_averageDis: 0.0
2024-06-23 00:15:00,628 - no_poweroff_51_general2_results - INFO - Find_averageCollisionNum: 0.0
2024-06-23 00:15:00,628 - no_poweroff_51_general2_results - INFO - Find_sumCollisionNum: 0
2024-06-23 00:15:00,628 - no_poweroff_51_general2_results - INFO - FlyncFind_averageSyn: 1039.0
2024-06-23 00:15:00,628 - no_poweroff_51_general2_results - INFO - FlyncFind_averageDis: 0.0
2024-06-23 00:15:00,628 - no_poweroff_51_general2_results - INFO - FlyncFind_averageCollisionNum: 0.0
2024-06-23 00:15:00,629 - no_poweroff_51_general2_results - INFO - FlyncFind_sumCollisionNum: 0
2024-06-23 00:15:00,629 - no_poweroff_51_general2_results - INFO - Pulsar_averageSyn: 3645.38
2024-06-23 00:15:00,629 - no_poweroff_51_general2_results - INFO - Pulsar_averageDis: 262.0
2024-06-23 00:15:00,629 - no_poweroff_51_general2_results - INFO - Pulsar_averageCollisionNum: 0.0
2024-06-23 00:15:00,629 - no_poweroff_51_general2_results - INFO - Pulsar_sumCollisionNum: 0
2024-06-23 00:15:00,629 - no_poweroff_51_general2_results - INFO - Free_beacon_averageSyn: 100.96
2024-06-23 00:15:00,629 - no_poweroff_51_general2_results - INFO - Free_beacon_averageDis: 204.5
2024-06-23 00:15:00,629 - no_poweroff_51_general2_results - INFO - Free_beacon_averageCollisionNum: 0.0
2024-06-23 00:15:00,629 - no_poweroff_51_general2_results - INFO - Free_beacon_sumCollisionNum: 0
2024-06-23 00:15:00,629 - no_poweroff_51_general2_results - INFO - Find_averageEnhancedSyn: 23.61351030110935
2024-06-23 00:15:00,630 - no_poweroff_51_general2_results - INFO - Find_averageEnhancedDis: 0.0
2024-06-23 00:15:00,630 - no_poweroff_51_general2_results - INFO - Find_averageEnhancedCollisionNum: 0.0
2024-06-23 00:15:00,630 - no_poweroff_51_general2_results - INFO - FlyncFind_averageEnhancedSyn: 10.291204437400951
2024-06-23 00:15:00,630 - no_poweroff_51_general2_results - INFO - FlyncFind_averageEnhancedDis: 0.0
2024-06-23 00:15:00,630 - no_poweroff_51_general2_results - INFO - FlyncFind_averageEnhancedCollisionNum: 0.0
2024-06-23 00:15:00,630 - no_poweroff_51_general2_results - INFO - Pulsar_averageEnhancedSyn: 36.10717115689382
2024-06-23 00:15:00,630 - no_poweroff_51_general2_results - INFO - Pulsar_averageEnhancedDis: 1.2811735941320292
2024-06-23 00:15:00,630 - no_poweroff_51_general2_results - INFO - Pulsar_averageEnhancedCollisionNum: 0.0
2024-06-23 00:16:01,519 - no_poweroff_51_general2_results - INFO - *******************CARS_TRACE*******************
2024-06-23 00:16:01,519 - no_poweroff_51_general2_results - INFO - Find_averageSyn: 16541593.44
2024-06-23 00:16:01,519 - no_poweroff_51_general2_results - INFO - Find_averageDis: 0.0
2024-06-23 00:16:01,519 - no_poweroff_51_general2_results - INFO - Find_averageCollisionNum: 0.0
2024-06-23 00:16:01,519 - no_poweroff_51_general2_results - INFO - Find_sumCollisionNum: 0
2024-06-23 00:16:01,520 - no_poweroff_51_general2_results - INFO - FlyncFind_averageSyn: 1276567.0
2024-06-23 00:16:01,520 - no_poweroff_51_general2_results - INFO - FlyncFind_averageDis: 0.0
2024-06-23 00:16:01,520 - no_poweroff_51_general2_results - INFO - FlyncFind_averageCollisionNum: 0.0
2024-06-23 00:16:01,520 - no_poweroff_51_general2_results - INFO - FlyncFind_sumCollisionNum: 0
2024-06-23 00:16:01,520 - no_poweroff_51_general2_results - INFO - Pulsar_averageSyn: 2333269.79
2024-06-23 00:16:01,520 - no_poweroff_51_general2_results - INFO - Pulsar_averageDis: 9128.5
2024-06-23 00:16:01,520 - no_poweroff_51_general2_results - INFO - Pulsar_averageCollisionNum: 0.0
2024-06-23 00:16:01,520 - no_poweroff_51_general2_results - INFO - Pulsar_sumCollisionNum: 0
2024-06-23 00:16:01,520 - no_poweroff_51_general2_results - INFO - Free_beacon_averageSyn: 447766.72
2024-06-23 00:16:01,520 - no_poweroff_51_general2_results - INFO - Free_beacon_averageDis: 15249.5
2024-06-23 00:16:01,520 - no_poweroff_51_general2_results - INFO - Free_beacon_averageCollisionNum: 0.0
2024-06-23 00:16:01,520 - no_poweroff_51_general2_results - INFO - Free_beacon_sumCollisionNum: 0
2024-06-23 00:16:01,520 - no_poweroff_51_general2_results - INFO - Find_averageEnhancedSyn: 36.94243609708198
2024-06-23 00:16:01,520 - no_poweroff_51_general2_results - INFO - Find_averageEnhancedDis: 0.0
2024-06-23 00:16:01,521 - no_poweroff_51_general2_results - INFO - Find_averageEnhancedCollisionNum: 0.0
2024-06-23 00:16:01,521 - no_poweroff_51_general2_results - INFO - FlyncFind_averageEnhancedSyn: 2.8509644486307515
2024-06-23 00:16:01,521 - no_poweroff_51_general2_results - INFO - FlyncFind_averageEnhancedDis: 0.0
2024-06-23 00:16:01,521 - no_poweroff_51_general2_results - INFO - FlyncFind_averageEnhancedCollisionNum: 0.0
2024-06-23 00:16:01,521 - no_poweroff_51_general2_results - INFO - Pulsar_averageEnhancedSyn: 5.210904888152474
2024-06-23 00:16:01,521 - no_poweroff_51_general2_results - INFO - Pulsar_averageEnhancedDis: 0.5986097904849339
2024-06-23 00:16:01,521 - no_poweroff_51_general2_results - INFO - Pulsar_averageEnhancedCollisionNum: 0.0
2024-06-23 00:16:11,819 - no_poweroff_51_general2_results - INFO - *******************JOGGING_TRACE*******************
2024-06-23 00:16:11,820 - no_poweroff_51_general2_results - INFO - Find_averageSyn: 196018.44
2024-06-23 00:16:11,820 - no_poweroff_51_general2_results - INFO - Find_averageDis: 0.0
2024-06-23 00:16:11,820 - no_poweroff_51_general2_results - INFO - Find_averageCollisionNum: 0.0
2024-06-23 00:16:11,820 - no_poweroff_51_general2_results - INFO - Find_sumCollisionNum: 0
2024-06-23 00:16:11,820 - no_poweroff_51_general2_results - INFO - FlyncFind_averageSyn: 19982.5
2024-06-23 00:16:11,820 - no_poweroff_51_general2_results - INFO - FlyncFind_averageDis: 0.0
2024-06-23 00:16:11,820 - no_poweroff_51_general2_results - INFO - FlyncFind_averageCollisionNum: 0.0
2024-06-23 00:16:11,820 - no_poweroff_51_general2_results - INFO - FlyncFind_sumCollisionNum: 0
2024-06-23 00:16:11,820 - no_poweroff_51_general2_results - INFO - Pulsar_averageSyn: 78767.6
2024-06-23 00:16:11,820 - no_poweroff_51_general2_results - INFO - Pulsar_averageDis: 2859.5
2024-06-23 00:16:11,820 - no_poweroff_51_general2_results - INFO - Pulsar_averageCollisionNum: 0.0
2024-06-23 00:16:11,820 - no_poweroff_51_general2_results - INFO - Pulsar_sumCollisionNum: 0
2024-06-23 00:16:11,821 - no_poweroff_51_general2_results - INFO - Free_beacon_averageSyn: 5597.74
2024-06-23 00:16:11,821 - no_poweroff_51_general2_results - INFO - Free_beacon_averageDis: 3239.0
2024-06-23 00:16:11,821 - no_poweroff_51_general2_results - INFO - Free_beacon_averageCollisionNum: 0.0
2024-06-23 00:16:11,821 - no_poweroff_51_general2_results - INFO - Free_beacon_sumCollisionNum: 0
2024-06-23 00:16:11,821 - no_poweroff_51_general2_results - INFO - Find_averageEnhancedSyn: 35.017424889330336
2024-06-23 00:16:11,821 - no_poweroff_51_general2_results - INFO - Find_averageEnhancedDis: 0.0
2024-06-23 00:16:11,821 - no_poweroff_51_general2_results - INFO - Find_averageEnhancedCollisionNum: 0.0
2024-06-23 00:16:11,821 - no_poweroff_51_general2_results - INFO - FlyncFind_averageEnhancedSyn: 3.569744218202346
2024-06-23 00:16:11,821 - no_poweroff_51_general2_results - INFO - FlyncFind_averageEnhancedDis: 0.0
2024-06-23 00:16:11,821 - no_poweroff_51_general2_results - INFO - FlyncFind_averageEnhancedCollisionNum: 0.0
2024-06-23 00:16:11,821 - no_poweroff_51_general2_results - INFO - Pulsar_averageEnhancedSyn: 14.07132164051921
2024-06-23 00:16:11,821 - no_poweroff_51_general2_results - INFO - Pulsar_averageEnhancedDis: 0.8828342080889163
2024-06-23 00:16:11,822 - no_poweroff_51_general2_results - INFO - Pulsar_averageEnhancedCollisionNum: 0.0
2024-06-23 00:16:15,377 - no_poweroff_51_general2_results - INFO - *******************OFFICE_TRACE*******************
2024-06-23 00:16:15,377 - no_poweroff_51_general2_results - INFO - Find_averageSyn: 20642.82
2024-06-23 00:16:15,377 - no_poweroff_51_general2_results - INFO - Find_averageDis: 0.0
2024-06-23 00:16:15,377 - no_poweroff_51_general2_results - INFO - Find_averageCollisionNum: 0.0
2024-06-23 00:16:15,378 - no_poweroff_51_general2_results - INFO - Find_sumCollisionNum: 0
2024-06-23 00:16:15,378 - no_poweroff_51_general2_results - INFO - FlyncFind_averageSyn: 4567.74
2024-06-23 00:16:15,378 - no_poweroff_51_general2_results - INFO - FlyncFind_averageDis: 0.0
2024-06-23 00:16:15,378 - no_poweroff_51_general2_results - INFO - FlyncFind_averageCollisionNum: 0.0
2024-06-23 00:16:15,378 - no_poweroff_51_general2_results - INFO - FlyncFind_sumCollisionNum: 0
2024-06-23 00:16:15,378 - no_poweroff_51_general2_results - INFO - Pulsar_averageSyn: 11871.68
2024-06-23 00:16:15,378 - no_poweroff_51_general2_results - INFO - Pulsar_averageDis: 613.0
2024-06-23 00:16:15,378 - no_poweroff_51_general2_results - INFO - Pulsar_averageCollisionNum: 0.0
2024-06-23 00:16:15,378 - no_poweroff_51_general2_results - INFO - Pulsar_sumCollisionNum: 0
2024-06-23 00:16:15,378 - no_poweroff_51_general2_results - INFO - Free_beacon_averageSyn: 1420.84
2024-06-23 00:16:15,378 - no_poweroff_51_general2_results - INFO - Free_beacon_averageDis: 816.5
2024-06-23 00:16:15,378 - no_poweroff_51_general2_results - INFO - Free_beacon_averageCollisionNum: 0.0
2024-06-23 00:16:15,378 - no_poweroff_51_general2_results - INFO - Free_beacon_sumCollisionNum: 0
2024-06-23 00:16:15,378 - no_poweroff_51_general2_results - INFO - Find_averageEnhancedSyn: 14.528602798344641
2024-06-23 00:16:15,379 - no_poweroff_51_general2_results - INFO - Find_averageEnhancedDis: 0.0
2024-06-23 00:16:15,379 - no_poweroff_51_general2_results - INFO - Find_averageEnhancedCollisionNum: 0.0
2024-06-23 00:16:15,379 - no_poweroff_51_general2_results - INFO - FlyncFind_averageEnhancedSyn: 3.214816587370851
2024-06-23 00:16:15,379 - no_poweroff_51_general2_results - INFO - FlyncFind_averageEnhancedDis: 0.0
2024-06-23 00:16:15,379 - no_poweroff_51_general2_results - INFO - FlyncFind_averageEnhancedCollisionNum: 0.0
2024-06-23 00:16:15,379 - no_poweroff_51_general2_results - INFO - Pulsar_averageEnhancedSyn: 8.355395399904282
2024-06-23 00:16:15,379 - no_poweroff_51_general2_results - INFO - Pulsar_averageEnhancedDis: 0.7507654623392529
2024-06-23 00:16:15,379 - no_poweroff_51_general2_results - INFO - Pulsar_averageEnhancedCollisionNum: 0.0
2024-06-23 00:16:49,232 - no_poweroff_51_general2_results - INFO - *******************WASHER_TRACE*******************
2024-06-23 00:16:49,232 - no_poweroff_51_general2_results - INFO - Find_averageSyn: 3528259.6
2024-06-23 00:16:49,232 - no_poweroff_51_general2_results - INFO - Find_averageDis: 0.0
2024-06-23 00:16:49,232 - no_poweroff_51_general2_results - INFO - Find_averageCollisionNum: 0.0
2024-06-23 00:16:49,232 - no_poweroff_51_general2_results - INFO - Find_sumCollisionNum: 0
2024-06-23 00:16:49,232 - no_poweroff_51_general2_results - INFO - FlyncFind_averageSyn: 935929.2
2024-06-23 00:16:49,232 - no_poweroff_51_general2_results - INFO - FlyncFind_averageDis: 0.0
2024-06-23 00:16:49,232 - no_poweroff_51_general2_results - INFO - FlyncFind_averageCollisionNum: 0.0
2024-06-23 00:16:49,232 - no_poweroff_51_general2_results - INFO - FlyncFind_sumCollisionNum: 0
2024-06-23 00:16:49,233 - no_poweroff_51_general2_results - INFO - Pulsar_averageSyn: 1471860.14
2024-06-23 00:16:49,233 - no_poweroff_51_general2_results - INFO - Pulsar_averageDis: 26354.0
2024-06-23 00:16:49,233 - no_poweroff_51_general2_results - INFO - Pulsar_averageCollisionNum: 0.0
2024-06-23 00:16:49,233 - no_poweroff_51_general2_results - INFO - Pulsar_sumCollisionNum: 0
2024-06-23 00:16:49,233 - no_poweroff_51_general2_results - INFO - Free_beacon_averageSyn: 125565.04
2024-06-23 00:16:49,233 - no_poweroff_51_general2_results - INFO - Free_beacon_averageDis: 27642.5
2024-06-23 00:16:49,233 - no_poweroff_51_general2_results - INFO - Free_beacon_averageCollisionNum: 0.0
2024-06-23 00:16:49,233 - no_poweroff_51_general2_results - INFO - Free_beacon_sumCollisionNum: 0
2024-06-23 00:16:49,233 - no_poweroff_51_general2_results - INFO - Find_averageEnhancedSyn: 28.09906005684385
2024-06-23 00:16:49,233 - no_poweroff_51_general2_results - INFO - Find_averageEnhancedDis: 0.0
2024-06-23 00:16:49,233 - no_poweroff_51_general2_results - INFO - Find_averageEnhancedCollisionNum: 0.0
2024-06-23 00:16:49,233 - no_poweroff_51_general2_results - INFO - FlyncFind_averageEnhancedSyn: 7.453740308608192
2024-06-23 00:16:49,233 - no_poweroff_51_general2_results - INFO - FlyncFind_averageEnhancedDis: 0.0
2024-06-23 00:16:49,234 - no_poweroff_51_general2_results - INFO - FlyncFind_averageEnhancedCollisionNum: 0.0
2024-06-23 00:16:49,234 - no_poweroff_51_general2_results - INFO - Pulsar_averageEnhancedSyn: 11.721894406277416
2024-06-23 00:16:49,234 - no_poweroff_51_general2_results - INFO - Pulsar_averageEnhancedDis: 0.9533869946640138
2024-06-23 00:16:49,234 - no_poweroff_51_general2_results - INFO - Pulsar_averageEnhancedCollisionNum: 0.0
