2024-06-23 00:19:21,024 - no_poweroff_51_general12_results - INFO - *******************STATIC_TRACE*******************
2024-06-23 00:19:21,024 - no_poweroff_51_general12_results - INFO - Find_averageSyn: 55139.526666666665
2024-06-23 00:19:21,024 - no_poweroff_51_general12_results - INFO - Find_averageDis: 0.0
2024-06-23 00:19:21,024 - no_poweroff_51_general12_results - INFO - Find_averageCollisionNum: 4.666666666666667
2024-06-23 00:19:21,025 - no_poweroff_51_general12_results - INFO - Find_sumCollisionNum: 56
2024-06-23 00:19:21,025 - no_poweroff_51_general12_results - INFO - FlyncFind_averageSyn: 22594.96
2024-06-23 00:19:21,025 - no_poweroff_51_general12_results - INFO - FlyncFind_averageDis: 0.0
2024-06-23 00:19:21,025 - no_poweroff_51_general12_results - INFO - FlyncFind_averageCollisionNum: 111.16666666666667
2024-06-23 00:19:21,025 - no_poweroff_51_general12_results - INFO - FlyncFind_sumCollisionNum: 1334
2024-06-23 00:19:21,025 - no_poweroff_51_general12_results - INFO - Pulsar_averageSyn: 2881.13
2024-06-23 00:19:21,025 - no_poweroff_51_general12_results - INFO - Pulsar_averageDis: 9339.666666666666
2024-06-23 00:19:21,025 - no_poweroff_51_general12_results - INFO - Pulsar_averageCollisionNum: 0.4166666666666667
2024-06-23 00:19:21,025 - no_poweroff_51_general12_results - INFO - Pulsar_sumCollisionNum: 5
2024-06-23 00:19:21,025 - no_poweroff_51_general12_results - INFO - Free_beacon_averageSyn: 3184.32
2024-06-23 00:19:21,025 - no_poweroff_51_general12_results - INFO - Free_beacon_averageDis: 13767.0
2024-06-23 00:19:21,025 - no_poweroff_51_general12_results - INFO - Free_beacon_averageCollisionNum: 9.833333333333334
2024-06-23 00:19:21,025 - no_poweroff_51_general12_results - INFO - Free_beacon_sumCollisionNum: 118
2024-06-23 00:19:21,026 - no_poweroff_51_general12_results - INFO - Find_averageEnhancedSyn: 17.315950239506915
2024-06-23 00:19:21,026 - no_poweroff_51_general12_results - INFO - Find_averageEnhancedDis: 0.0
2024-06-23 00:19:21,026 - no_poweroff_51_general12_results - INFO - Find_averageEnhancedCollisionNum: 1.0
2024-06-23 00:19:21,026 - no_poweroff_51_general12_results - INFO - FlyncFind_averageEnhancedSyn: 7.095693900110541
2024-06-23 00:19:21,026 - no_poweroff_51_general12_results - INFO - FlyncFind_averageEnhancedDis: 0.0
2024-06-23 00:19:21,026 - no_poweroff_51_general12_results - INFO - FlyncFind_averageEnhancedCollisionNum: 1.0
2024-06-23 00:19:21,026 - no_poweroff_51_general12_results - INFO - Pulsar_averageEnhancedSyn: 0.9047865792382676
2024-06-23 00:19:21,027 - no_poweroff_51_general12_results - INFO - Pulsar_averageEnhancedDis: 0.6784097237355027
2024-06-23 00:19:21,027 - no_poweroff_51_general12_results - INFO - Pulsar_averageEnhancedCollisionNum: 1.0
2024-06-23 00:24:14,806 - no_poweroff_51_general12_results - INFO - *******************COMPLEX_TRACE*******************
2024-06-23 00:24:14,807 - no_poweroff_51_general12_results - INFO - Find_averageSyn: 367280.44666666666
2024-06-23 00:24:14,807 - no_poweroff_51_general12_results - INFO - Find_averageDis: 0.0
2024-06-23 00:24:14,807 - no_poweroff_51_general12_results - INFO - Find_averageCollisionNum: 1.8333333333333333
2024-06-23 00:24:14,807 - no_poweroff_51_general12_results - INFO - Find_sumCollisionNum: 22
2024-06-23 00:24:14,807 - no_poweroff_51_general12_results - INFO - FlyncFind_averageSyn: 50363.166666666664
2024-06-23 00:24:14,807 - no_poweroff_51_general12_results - INFO - FlyncFind_averageDis: 0.0
2024-06-23 00:24:14,807 - no_poweroff_51_general12_results - INFO - FlyncFind_averageCollisionNum: 20.833333333333332
2024-06-23 00:24:14,807 - no_poweroff_51_general12_results - INFO - FlyncFind_sumCollisionNum: 250
2024-06-23 00:24:14,807 - no_poweroff_51_general12_results - INFO - Pulsar_averageSyn: 7874.116666666667
2024-06-23 00:24:14,807 - no_poweroff_51_general12_results - INFO - Pulsar_averageDis: 26810.25
2024-06-23 00:24:14,807 - no_poweroff_51_general12_results - INFO - Pulsar_averageCollisionNum: 0.0
2024-06-23 00:24:14,807 - no_poweroff_51_general12_results - INFO - Pulsar_sumCollisionNum: 0
2024-06-23 00:24:14,808 - no_poweroff_51_general12_results - INFO - Free_beacon_averageSyn: 2639.98
2024-06-23 00:24:14,808 - no_poweroff_51_general12_results - INFO - Free_beacon_averageDis: 9610.5
2024-06-23 00:24:14,808 - no_poweroff_51_general12_results - INFO - Free_beacon_averageCollisionNum: 0.25
2024-06-23 00:24:14,808 - no_poweroff_51_general12_results - INFO - Free_beacon_sumCollisionNum: 3
2024-06-23 00:24:14,808 - no_poweroff_51_general12_results - INFO - Find_averageEnhancedSyn: 139.12243527097428
2024-06-23 00:24:14,808 - no_poweroff_51_general12_results - INFO - Find_averageEnhancedDis: 0.0
2024-06-23 00:24:14,808 - no_poweroff_51_general12_results - INFO - Find_averageEnhancedCollisionNum: 1.0000000000000002
2024-06-23 00:24:14,808 - no_poweroff_51_general12_results - INFO - FlyncFind_averageEnhancedSyn: 19.077101594203995
2024-06-23 00:24:14,808 - no_poweroff_51_general12_results - INFO - FlyncFind_averageEnhancedDis: 0.0
2024-06-23 00:24:14,809 - no_poweroff_51_general12_results - INFO - FlyncFind_averageEnhancedCollisionNum: 1.0000000000000002
2024-06-23 00:24:14,809 - no_poweroff_51_general12_results - INFO - Pulsar_averageEnhancedSyn: 2.9826425452718075
2024-06-23 00:24:14,809 - no_poweroff_51_general12_results - INFO - Pulsar_averageEnhancedDis: 2.789683159044795
2024-06-23 00:24:14,809 - no_poweroff_51_general12_results - INFO - Pulsar_averageEnhancedCollisionNum: 0.0
2024-06-23 00:26:37,180 - no_poweroff_51_general12_results - INFO - *******************STAIRS_TRACE*******************
2024-06-23 00:26:37,180 - no_poweroff_51_general12_results - INFO - Find_averageSyn: 14225.283333333333
2024-06-23 00:26:37,180 - no_poweroff_51_general12_results - INFO - Find_averageDis: 0.0
2024-06-23 00:26:37,180 - no_poweroff_51_general12_results - INFO - Find_averageCollisionNum: 8.333333333333334
2024-06-23 00:26:37,180 - no_poweroff_51_general12_results - INFO - Find_sumCollisionNum: 100
2024-06-23 00:26:37,180 - no_poweroff_51_general12_results - INFO - FlyncFind_averageSyn: 19668.71
2024-06-23 00:26:37,181 - no_poweroff_51_general12_results - INFO - FlyncFind_averageDis: 0.0
2024-06-23 00:26:37,181 - no_poweroff_51_general12_results - INFO - FlyncFind_averageCollisionNum: 559.5
2024-06-23 00:26:37,181 - no_poweroff_51_general12_results - INFO - FlyncFind_sumCollisionNum: 6714
2024-06-23 00:26:37,181 - no_poweroff_51_general12_results - INFO - Pulsar_averageSyn: 527.7
2024-06-23 00:26:37,181 - no_poweroff_51_general12_results - INFO - Pulsar_averageDis: 6440.5
2024-06-23 00:26:37,181 - no_poweroff_51_general12_results - INFO - Pulsar_averageCollisionNum: 2.0
2024-06-23 00:26:37,181 - no_poweroff_51_general12_results - INFO - Pulsar_sumCollisionNum: 24
2024-06-23 00:26:37,181 - no_poweroff_51_general12_results - INFO - Free_beacon_averageSyn: 121.26
2024-06-23 00:26:37,181 - no_poweroff_51_general12_results - INFO - Free_beacon_averageDis: 5896.0
2024-06-23 00:26:37,182 - no_poweroff_51_general12_results - INFO - Free_beacon_averageCollisionNum: 3.1666666666666665
2024-06-23 00:26:37,182 - no_poweroff_51_general12_results - INFO - Free_beacon_sumCollisionNum: 38
2024-06-23 00:26:37,182 - no_poweroff_51_general12_results - INFO - Find_averageEnhancedSyn: 117.31224916158116
2024-06-23 00:26:37,182 - no_poweroff_51_general12_results - INFO - Find_averageEnhancedDis: 0.0
2024-06-23 00:26:37,182 - no_poweroff_51_general12_results - INFO - Find_averageEnhancedCollisionNum: 1.0
2024-06-23 00:26:37,183 - no_poweroff_51_general12_results - INFO - FlyncFind_averageEnhancedSyn: 162.2027873989774
2024-06-23 00:26:37,183 - no_poweroff_51_general12_results - INFO - FlyncFind_averageEnhancedDis: 0.0
2024-06-23 00:26:37,183 - no_poweroff_51_general12_results - INFO - FlyncFind_averageEnhancedCollisionNum: 1.0
2024-06-23 00:26:37,183 - no_poweroff_51_general12_results - INFO - Pulsar_averageEnhancedSyn: 4.351806036615537
2024-06-23 00:26:37,183 - no_poweroff_51_general12_results - INFO - Pulsar_averageEnhancedDis: 1.0923507462686568
2024-06-23 00:26:37,183 - no_poweroff_51_general12_results - INFO - Pulsar_averageEnhancedCollisionNum: 1.0
2024-06-23 00:59:15,354 - no_poweroff_51_general12_results - INFO - *******************CARS_TRACE*******************
2024-06-23 00:59:15,355 - no_poweroff_51_general12_results - INFO - Find_averageSyn: 52196305.18666667
2024-06-23 00:59:15,355 - no_poweroff_51_general12_results - INFO - Find_averageDis: 0.0
2024-06-23 00:59:15,355 - no_poweroff_51_general12_results - INFO - Find_averageCollisionNum: 0.5
2024-06-23 00:59:15,355 - no_poweroff_51_general12_results - INFO - Find_sumCollisionNum: 6
2024-06-23 00:59:15,355 - no_poweroff_51_general12_results - INFO - FlyncFind_averageSyn: 6060205.2
2024-06-23 00:59:15,355 - no_poweroff_51_general12_results - INFO - FlyncFind_averageDis: 0.0
2024-06-23 00:59:15,355 - no_poweroff_51_general12_results - INFO - FlyncFind_averageCollisionNum: 0.8333333333333334
2024-06-23 00:59:15,355 - no_poweroff_51_general12_results - INFO - FlyncFind_sumCollisionNum: 10
2024-06-23 00:59:15,355 - no_poweroff_51_general12_results - INFO - Pulsar_averageSyn: 1166287.8216666668
2024-06-23 00:59:15,356 - no_poweroff_51_general12_results - INFO - Pulsar_averageDis: 638039.25
2024-06-23 00:59:15,356 - no_poweroff_51_general12_results - INFO - Pulsar_averageCollisionNum: 0.0
2024-06-23 00:59:15,356 - no_poweroff_51_general12_results - INFO - Pulsar_sumCollisionNum: 0
2024-06-23 00:59:15,356 - no_poweroff_51_general12_results - INFO - Free_beacon_averageSyn: 475589.67
2024-06-23 00:59:15,356 - no_poweroff_51_general12_results - INFO - Free_beacon_averageDis: 229611.75
2024-06-23 00:59:15,356 - no_poweroff_51_general12_results - INFO - Free_beacon_averageCollisionNum: 0.0
2024-06-23 00:59:15,356 - no_poweroff_51_general12_results - INFO - Free_beacon_sumCollisionNum: 0
2024-06-23 00:59:15,356 - no_poweroff_51_general12_results - INFO - Find_averageEnhancedSyn: 109.7507125978297
2024-06-23 00:59:15,357 - no_poweroff_51_general12_results - INFO - Find_averageEnhancedDis: 0.0
2024-06-23 00:59:15,357 - no_poweroff_51_general12_results - INFO - Find_averageEnhancedCollisionNum: 1.0
2024-06-23 00:59:15,357 - no_poweroff_51_general12_results - INFO - FlyncFind_averageEnhancedSyn: 12.742508053213184
2024-06-23 00:59:15,357 - no_poweroff_51_general12_results - INFO - FlyncFind_averageEnhancedDis: 0.0
2024-06-23 00:59:15,357 - no_poweroff_51_general12_results - INFO - FlyncFind_averageEnhancedCollisionNum: 0.9999999999999999
2024-06-23 00:59:15,358 - no_poweroff_51_general12_results - INFO - Pulsar_averageEnhancedSyn: 2.452298473317696
2024-06-23 00:59:15,358 - no_poweroff_51_general12_results - INFO - Pulsar_averageEnhancedDis: 2.7787743876347792
2024-06-23 00:59:15,358 - no_poweroff_51_general12_results - INFO - Pulsar_averageEnhancedCollisionNum: 0.0
2024-06-23 01:05:37,807 - no_poweroff_51_general12_results - INFO - *******************JOGGING_TRACE*******************
2024-06-23 01:05:37,808 - no_poweroff_51_general12_results - INFO - Find_averageSyn: 687661.7133333334
2024-06-23 01:05:37,808 - no_poweroff_51_general12_results - INFO - Find_averageDis: 0.0
2024-06-23 01:05:37,808 - no_poweroff_51_general12_results - INFO - Find_averageCollisionNum: 1.0
2024-06-23 01:05:37,808 - no_poweroff_51_general12_results - INFO - Find_sumCollisionNum: 12
2024-06-23 01:05:37,808 - no_poweroff_51_general12_results - INFO - FlyncFind_averageSyn: 98730.0
2024-06-23 01:05:37,808 - no_poweroff_51_general12_results - INFO - FlyncFind_averageDis: 0.0
2024-06-23 01:05:37,808 - no_poweroff_51_general12_results - INFO - FlyncFind_averageCollisionNum: 14.333333333333334
2024-06-23 01:05:37,808 - no_poweroff_51_general12_results - INFO - FlyncFind_sumCollisionNum: 172
2024-06-23 01:05:37,808 - no_poweroff_51_general12_results - INFO - Pulsar_averageSyn: 16222.796666666667
2024-06-23 01:05:37,809 - no_poweroff_51_general12_results - INFO - Pulsar_averageDis: 39623.833333333336
2024-06-23 01:05:37,809 - no_poweroff_51_general12_results - INFO - Pulsar_averageCollisionNum: 0.0
2024-06-23 01:05:37,809 - no_poweroff_51_general12_results - INFO - Pulsar_sumCollisionNum: 0
2024-06-23 01:05:37,809 - no_poweroff_51_general12_results - INFO - Free_beacon_averageSyn: 6207.6
2024-06-23 01:05:37,809 - no_poweroff_51_general12_results - INFO - Free_beacon_averageDis: 18913.75
2024-06-23 01:05:37,809 - no_poweroff_51_general12_results - INFO - Free_beacon_averageCollisionNum: 0.25
2024-06-23 01:05:37,809 - no_poweroff_51_general12_results - INFO - Free_beacon_sumCollisionNum: 3
2024-06-23 01:05:37,809 - no_poweroff_51_general12_results - INFO - Find_averageEnhancedSyn: 110.7773879330713
2024-06-23 01:05:37,810 - no_poweroff_51_general12_results - INFO - Find_averageEnhancedDis: 0.0
2024-06-23 01:05:37,810 - no_poweroff_51_general12_results - INFO - Find_averageEnhancedCollisionNum: 1.0
2024-06-23 01:05:37,810 - no_poweroff_51_general12_results - INFO - FlyncFind_averageEnhancedSyn: 15.904697467620336
2024-06-23 01:05:37,810 - no_poweroff_51_general12_results - INFO - FlyncFind_averageEnhancedDis: 0.0
2024-06-23 01:05:37,810 - no_poweroff_51_general12_results - INFO - FlyncFind_averageEnhancedCollisionNum: 1.0
2024-06-23 01:05:37,811 - no_poweroff_51_general12_results - INFO - Pulsar_averageEnhancedSyn: 2.61337661361342
2024-06-23 01:05:37,811 - no_poweroff_51_general12_results - INFO - Pulsar_averageEnhancedDis: 2.09497499614478
2024-06-23 01:05:37,811 - no_poweroff_51_general12_results - INFO - Pulsar_averageEnhancedCollisionNum: 0.0
2024-06-23 01:08:11,566 - no_poweroff_51_general12_results - INFO - *******************OFFICE_TRACE*******************
2024-06-23 01:08:11,566 - no_poweroff_51_general12_results - INFO - Find_averageSyn: 95639.16666666667
2024-06-23 01:08:11,566 - no_poweroff_51_general12_results - INFO - Find_averageDis: 0.0
2024-06-23 01:08:11,567 - no_poweroff_51_general12_results - INFO - Find_averageCollisionNum: 1.6666666666666667
2024-06-23 01:08:11,567 - no_poweroff_51_general12_results - INFO - Find_sumCollisionNum: 20
2024-06-23 01:08:11,567 - no_poweroff_51_general12_results - INFO - FlyncFind_averageSyn: 20998.503333333334
2024-06-23 01:08:11,567 - no_poweroff_51_general12_results - INFO - FlyncFind_averageDis: 0.0
2024-06-23 01:08:11,567 - no_poweroff_51_general12_results - INFO - FlyncFind_averageCollisionNum: 43.0
2024-06-23 01:08:11,567 - no_poweroff_51_general12_results - INFO - FlyncFind_sumCollisionNum: 516
2024-06-23 01:08:11,567 - no_poweroff_51_general12_results - INFO - Pulsar_averageSyn: 3742.9933333333333
2024-06-23 01:08:11,567 - no_poweroff_51_general12_results - INFO - Pulsar_averageDis: 18593.583333333332
2024-06-23 01:08:11,567 - no_poweroff_51_general12_results - INFO - Pulsar_averageCollisionNum: 0.5833333333333334
2024-06-23 01:08:11,567 - no_poweroff_51_general12_results - INFO - Pulsar_sumCollisionNum: 7
2024-06-23 01:08:11,568 - no_poweroff_51_general12_results - INFO - Free_beacon_averageSyn: 1782.84
2024-06-23 01:08:11,568 - no_poweroff_51_general12_results - INFO - Free_beacon_averageDis: 5777.0
2024-06-23 01:08:11,568 - no_poweroff_51_general12_results - INFO - Free_beacon_averageCollisionNum: 0.0
2024-06-23 01:08:11,568 - no_poweroff_51_general12_results - INFO - Free_beacon_sumCollisionNum: 0
2024-06-23 01:08:11,568 - no_poweroff_51_general12_results - INFO - Find_averageEnhancedSyn: 53.64427916507745
2024-06-23 01:08:11,568 - no_poweroff_51_general12_results - INFO - Find_averageEnhancedDis: 0.0
2024-06-23 01:08:11,569 - no_poweroff_51_general12_results - INFO - Find_averageEnhancedCollisionNum: 1.0
2024-06-23 01:08:11,569 - no_poweroff_51_general12_results - INFO - FlyncFind_averageEnhancedSyn: 11.778119928503587
2024-06-23 01:08:11,569 - no_poweroff_51_general12_results - INFO - FlyncFind_averageEnhancedDis: 0.0
2024-06-23 01:08:11,569 - no_poweroff_51_general12_results - INFO - FlyncFind_averageEnhancedCollisionNum: 1.0
2024-06-23 01:08:11,569 - no_poweroff_51_general12_results - INFO - Pulsar_averageEnhancedSyn: 2.0994555503204624
2024-06-23 01:08:11,570 - no_poweroff_51_general12_results - INFO - Pulsar_averageEnhancedDis: 3.2185534591194966
2024-06-23 01:08:11,570 - no_poweroff_51_general12_results - INFO - Pulsar_averageEnhancedCollisionNum: 0.9999999999999999
2024-06-23 01:20:31,048 - no_poweroff_51_general12_results - INFO - *******************WASHER_TRACE*******************
2024-06-23 01:20:31,048 - no_poweroff_51_general12_results - INFO - Find_averageSyn: 5333104.183333334
2024-06-23 01:20:31,048 - no_poweroff_51_general12_results - INFO - Find_averageDis: 0.0
2024-06-23 01:20:31,048 - no_poweroff_51_general12_results - INFO - Find_averageCollisionNum: 0.5
2024-06-23 01:20:31,048 - no_poweroff_51_general12_results - INFO - Find_sumCollisionNum: 6
2024-06-23 01:20:31,049 - no_poweroff_51_general12_results - INFO - FlyncFind_averageSyn: 2922404.566666667
2024-06-23 01:20:31,049 - no_poweroff_51_general12_results - INFO - FlyncFind_averageDis: 0.0
2024-06-23 01:20:31,049 - no_poweroff_51_general12_results - INFO - FlyncFind_averageCollisionNum: 7.166666666666667
2024-06-23 01:20:31,049 - no_poweroff_51_general12_results - INFO - FlyncFind_sumCollisionNum: 86
2024-06-23 01:20:31,049 - no_poweroff_51_general12_results - INFO - Pulsar_averageSyn: 528666.0516666666
2024-06-23 01:20:31,049 - no_poweroff_51_general12_results - INFO - Pulsar_averageDis: 1130207.4166666667
2024-06-23 01:20:31,049 - no_poweroff_51_general12_results - INFO - Pulsar_averageCollisionNum: 0.0
2024-06-23 01:20:31,049 - no_poweroff_51_general12_results - INFO - Pulsar_sumCollisionNum: 0
2024-06-23 01:20:31,049 - no_poweroff_51_general12_results - INFO - Free_beacon_averageSyn: 174494.595
2024-06-23 01:20:31,049 - no_poweroff_51_general12_results - INFO - Free_beacon_averageDis: 133396.0
2024-06-23 01:20:31,050 - no_poweroff_51_general12_results - INFO - Free_beacon_averageCollisionNum: 0.0
2024-06-23 01:20:31,050 - no_poweroff_51_general12_results - INFO - Free_beacon_sumCollisionNum: 0
2024-06-23 01:20:31,050 - no_poweroff_51_general12_results - INFO - Find_averageEnhancedSyn: 30.563148293122396
2024-06-23 01:20:31,050 - no_poweroff_51_general12_results - INFO - Find_averageEnhancedDis: 0.0
2024-06-23 01:20:31,050 - no_poweroff_51_general12_results - INFO - Find_averageEnhancedCollisionNum: 1.0
2024-06-23 01:20:31,051 - no_poweroff_51_general12_results - INFO - FlyncFind_averageEnhancedSyn: 16.74782285758861
2024-06-23 01:20:31,051 - no_poweroff_51_general12_results - INFO - FlyncFind_averageEnhancedDis: 0.0
2024-06-23 01:20:31,051 - no_poweroff_51_general12_results - INFO - FlyncFind_averageEnhancedCollisionNum: 1.0000000000000002
2024-06-23 01:20:31,051 - no_poweroff_51_general12_results - INFO - Pulsar_averageEnhancedSyn: 3.029698723141921
2024-06-23 01:20:31,051 - no_poweroff_51_general12_results - INFO - Pulsar_averageEnhancedDis: 8.47257351544774
2024-06-23 01:20:31,051 - no_poweroff_51_general12_results - INFO - Pulsar_averageEnhancedCollisionNum: 0.0
