2024-06-23 01:51:27,650 - no_poweroff_51_general30_results - INFO - *******************STATIC_TRACE*******************
2024-06-23 01:51:27,650 - no_poweroff_51_general30_results - INFO - Find_averageSyn: 135390.32533333334
2024-06-23 01:51:27,650 - no_poweroff_51_general30_results - INFO - Find_averageDis: 0.0
2024-06-23 01:51:27,650 - no_poweroff_51_general30_results - INFO - Find_averageCollisionNum: 15.666666666666666
2024-06-23 01:51:27,650 - no_poweroff_51_general30_results - INFO - Find_sumCollisionNum: 470
2024-06-23 01:51:27,651 - no_poweroff_51_general30_results - INFO - FlyncFind_averageSyn: 197042.476
2024-06-23 01:51:27,651 - no_poweroff_51_general30_results - INFO - FlyncFind_averageDis: 0.0
2024-06-23 01:51:27,651 - no_poweroff_51_general30_results - INFO - FlyncFind_averageCollisionNum: 808.1333333333333
2024-06-23 01:51:27,651 - no_poweroff_51_general30_results - INFO - FlyncFind_sumCollisionNum: 24244
2024-06-23 01:51:27,651 - no_poweroff_51_general30_results - INFO - Pulsar_averageSyn: 1302.4546666666668
2024-06-23 01:51:27,651 - no_poweroff_51_general30_results - INFO - Pulsar_averageDis: 82071.26666666666
2024-06-23 01:51:27,651 - no_poweroff_51_general30_results - INFO - Pulsar_averageCollisionNum: 0.9
2024-06-23 01:51:27,652 - no_poweroff_51_general30_results - INFO - Pulsar_sumCollisionNum: 27
2024-06-23 01:51:27,652 - no_poweroff_51_general30_results - INFO - Free_beacon_averageSyn: 3000.2826666666665
2024-06-23 01:51:27,652 - no_poweroff_51_general30_results - INFO - Free_beacon_averageDis: 22783.466666666667
2024-06-23 01:51:27,652 - no_poweroff_51_general30_results - INFO - Free_beacon_averageCollisionNum: 2.1666666666666665
2024-06-23 01:51:27,652 - no_poweroff_51_general30_results - INFO - Free_beacon_sumCollisionNum: 65
2024-06-23 01:51:27,653 - no_poweroff_51_general30_results - INFO - Find_averageEnhancedSyn: 45.12585658595724
2024-06-23 01:51:27,653 - no_poweroff_51_general30_results - INFO - Find_averageEnhancedDis: 0.0
2024-06-23 01:51:27,653 - no_poweroff_51_general30_results - INFO - Find_averageEnhancedCollisionNum: 0.9999999999999998
2024-06-23 01:51:27,653 - no_poweroff_51_general30_results - INFO - FlyncFind_averageEnhancedSyn: 65.67463732306112
2024-06-23 01:51:27,654 - no_poweroff_51_general30_results - INFO - FlyncFind_averageEnhancedDis: 0.0
2024-06-23 01:51:27,654 - no_poweroff_51_general30_results - INFO - FlyncFind_averageEnhancedCollisionNum: 1.0
2024-06-23 01:51:27,654 - no_poweroff_51_general30_results - INFO - Pulsar_averageEnhancedSyn: 0.4341106526851693
2024-06-23 01:51:27,654 - no_poweroff_51_general30_results - INFO - Pulsar_averageEnhancedDis: 3.6022291018048174
2024-06-23 01:51:27,655 - no_poweroff_51_general30_results - INFO - Pulsar_averageEnhancedCollisionNum: 1.0
2024-06-23 02:27:14,069 - no_poweroff_51_general30_results - INFO - *******************COMPLEX_TRACE*******************
2024-06-23 02:27:14,069 - no_poweroff_51_general30_results - INFO - Find_averageSyn: 837904.82
2024-06-23 02:27:14,070 - no_poweroff_51_general30_results - INFO - Find_averageDis: 0.0
2024-06-23 02:27:14,070 - no_poweroff_51_general30_results - INFO - Find_averageCollisionNum: 4.733333333333333
2024-06-23 02:27:14,070 - no_poweroff_51_general30_results - INFO - Find_sumCollisionNum: 142
2024-06-23 02:27:14,070 - no_poweroff_51_general30_results - INFO - FlyncFind_averageSyn: 195283.924
2024-06-23 02:27:14,070 - no_poweroff_51_general30_results - INFO - FlyncFind_averageDis: 0.0
2024-06-23 02:27:14,070 - no_poweroff_51_general30_results - INFO - FlyncFind_averageCollisionNum: 73.13333333333334
2024-06-23 02:27:14,070 - no_poweroff_51_general30_results - INFO - FlyncFind_sumCollisionNum: 2194
2024-06-23 02:27:14,071 - no_poweroff_51_general30_results - INFO - Pulsar_averageSyn: 4985.233333333334
2024-06-23 02:27:14,071 - no_poweroff_51_general30_results - INFO - Pulsar_averageDis: 218902.13333333333
2024-06-23 02:27:14,071 - no_poweroff_51_general30_results - INFO - Pulsar_averageCollisionNum: 0.5333333333333333
2024-06-23 02:27:14,071 - no_poweroff_51_general30_results - INFO - Pulsar_sumCollisionNum: 16
2024-06-23 02:27:14,071 - no_poweroff_51_general30_results - INFO - Free_beacon_averageSyn: 2644.0026666666668
2024-06-23 02:27:14,071 - no_poweroff_51_general30_results - INFO - Free_beacon_averageDis: 28304.833333333332
2024-06-23 02:27:14,071 - no_poweroff_51_general30_results - INFO - Free_beacon_averageCollisionNum: 0.3
2024-06-23 02:27:14,071 - no_poweroff_51_general30_results - INFO - Free_beacon_sumCollisionNum: 9
2024-06-23 02:27:14,072 - no_poweroff_51_general30_results - INFO - Find_averageEnhancedSyn: 316.90770609409367
2024-06-23 02:27:14,072 - no_poweroff_51_general30_results - INFO - Find_averageEnhancedDis: 0.0
2024-06-23 02:27:14,072 - no_poweroff_51_general30_results - INFO - Find_averageEnhancedCollisionNum: 1.0000000000000002
2024-06-23 02:27:14,073 - no_poweroff_51_general30_results - INFO - FlyncFind_averageEnhancedSyn: 73.8592008480072
2024-06-23 02:27:14,073 - no_poweroff_51_general30_results - INFO - FlyncFind_averageEnhancedDis: 0.0
2024-06-23 02:27:14,073 - no_poweroff_51_general30_results - INFO - FlyncFind_averageEnhancedCollisionNum: 0.9999999999999999
2024-06-23 02:27:14,074 - no_poweroff_51_general30_results - INFO - Pulsar_averageEnhancedSyn: 1.885487256190362
2024-06-23 02:27:14,074 - no_poweroff_51_general30_results - INFO - Pulsar_averageEnhancedDis: 7.733736876505191
2024-06-23 02:27:14,074 - no_poweroff_51_general30_results - INFO - Pulsar_averageEnhancedCollisionNum: 1.0
2024-06-23 03:44:59,309 - no_poweroff_51_general30_results - INFO - *******************STAIRS_TRACE*******************
2024-06-23 03:44:59,310 - no_poweroff_51_general30_results - INFO - Find_averageSyn: 47378.630666666664
2024-06-23 03:44:59,310 - no_poweroff_51_general30_results - INFO - Find_averageDis: 0.0
2024-06-23 03:44:59,310 - no_poweroff_51_general30_results - INFO - Find_averageCollisionNum: 37.93333333333333
2024-06-23 03:44:59,310 - no_poweroff_51_general30_results - INFO - Find_sumCollisionNum: 1138
2024-06-23 03:44:59,310 - no_poweroff_51_general30_results - INFO - FlyncFind_averageSyn: 411947.564
2024-06-23 03:44:59,311 - no_poweroff_51_general30_results - INFO - FlyncFind_averageDis: 0.0
2024-06-23 03:44:59,311 - no_poweroff_51_general30_results - INFO - FlyncFind_averageCollisionNum: 5981.8
2024-06-23 03:44:59,311 - no_poweroff_51_general30_results - INFO - FlyncFind_sumCollisionNum: 179454
2024-06-23 03:44:59,311 - no_poweroff_51_general30_results - INFO - Pulsar_averageSyn: 289.99466666666666
2024-06-23 03:44:59,311 - no_poweroff_51_general30_results - INFO - Pulsar_averageDis: 70347.9
2024-06-23 03:44:59,311 - no_poweroff_51_general30_results - INFO - Pulsar_averageCollisionNum: 2.1333333333333333
2024-06-23 03:44:59,311 - no_poweroff_51_general30_results - INFO - Pulsar_sumCollisionNum: 64
2024-06-23 03:44:59,311 - no_poweroff_51_general30_results - INFO - Free_beacon_averageSyn: 140.97333333333333
2024-06-23 03:44:59,312 - no_poweroff_51_general30_results - INFO - Free_beacon_averageDis: 14358.9
2024-06-23 03:44:59,312 - no_poweroff_51_general30_results - INFO - Free_beacon_averageCollisionNum: 3.2666666666666666
2024-06-23 03:44:59,312 - no_poweroff_51_general30_results - INFO - Free_beacon_sumCollisionNum: 98
2024-06-23 03:44:59,312 - no_poweroff_51_general30_results - INFO - Find_averageEnhancedSyn: 336.08221885935876
2024-06-23 03:44:59,312 - no_poweroff_51_general30_results - INFO - Find_averageEnhancedDis: 0.0
2024-06-23 03:44:59,313 - no_poweroff_51_general30_results - INFO - Find_averageEnhancedCollisionNum: 1.0000000000000002
2024-06-23 03:44:59,313 - no_poweroff_51_general30_results - INFO - FlyncFind_averageEnhancedSyn: 2922.1665846968694
2024-06-23 03:44:59,313 - no_poweroff_51_general30_results - INFO - FlyncFind_averageEnhancedDis: 0.0
2024-06-23 03:44:59,314 - no_poweroff_51_general30_results - INFO - FlyncFind_averageEnhancedCollisionNum: 1.0
2024-06-23 03:44:59,314 - no_poweroff_51_general30_results - INFO - Pulsar_averageEnhancedSyn: 2.057088811122671
2024-06-23 03:44:59,314 - no_poweroff_51_general30_results - INFO - Pulsar_averageEnhancedDis: 4.899254121137413
2024-06-23 03:44:59,314 - no_poweroff_51_general30_results - INFO - Pulsar_averageEnhancedCollisionNum: 1.0
2024-06-23 07:43:46,239 - no_poweroff_51_general30_results - INFO - *******************CARS_TRACE*******************
2024-06-23 07:43:46,240 - no_poweroff_51_general30_results - INFO - Find_averageSyn: 145473154.07333332
2024-06-23 07:43:46,240 - no_poweroff_51_general30_results - INFO - Find_averageDis: 0.0
2024-06-23 07:43:46,240 - no_poweroff_51_general30_results - INFO - Find_averageCollisionNum: 0.2
2024-06-23 07:43:46,240 - no_poweroff_51_general30_results - INFO - Find_sumCollisionNum: 6
2024-06-23 07:43:46,241 - no_poweroff_51_general30_results - INFO - FlyncFind_averageSyn: 12872839.106666667
2024-06-23 07:43:46,241 - no_poweroff_51_general30_results - INFO - FlyncFind_averageDis: 0.0
2024-06-23 07:43:46,241 - no_poweroff_51_general30_results - INFO - FlyncFind_averageCollisionNum: 3.6666666666666665
2024-06-23 07:43:46,241 - no_poweroff_51_general30_results - INFO - FlyncFind_sumCollisionNum: 110
2024-06-23 07:43:46,241 - no_poweroff_51_general30_results - INFO - Pulsar_averageSyn: 651813.216
2024-06-23 07:43:46,241 - no_poweroff_51_general30_results - INFO - Pulsar_averageDis: 1496802.6666666667
2024-06-23 07:43:46,241 - no_poweroff_51_general30_results - INFO - Pulsar_averageCollisionNum: 0.0
2024-06-23 07:43:46,241 - no_poweroff_51_general30_results - INFO - Pulsar_sumCollisionNum: 0
2024-06-23 07:43:46,242 - no_poweroff_51_general30_results - INFO - Free_beacon_averageSyn: 498321.346
2024-06-23 07:43:46,242 - no_poweroff_51_general30_results - INFO - Free_beacon_averageDis: 452918.3
2024-06-23 07:43:46,242 - no_poweroff_51_general30_results - INFO - Free_beacon_averageCollisionNum: 0.0
2024-06-23 07:43:46,242 - no_poweroff_51_general30_results - INFO - Free_beacon_sumCollisionNum: 0
2024-06-23 07:43:46,242 - no_poweroff_51_general30_results - INFO - Find_averageEnhancedSyn: 291.92639496790355
2024-06-23 07:43:46,243 - no_poweroff_51_general30_results - INFO - Find_averageEnhancedDis: 0.0
2024-06-23 07:43:46,243 - no_poweroff_51_general30_results - INFO - Find_averageEnhancedCollisionNum: 1.0
2024-06-23 07:43:46,243 - no_poweroff_51_general30_results - INFO - FlyncFind_averageEnhancedSyn: 25.832405555162925
2024-06-23 07:43:46,243 - no_poweroff_51_general30_results - INFO - FlyncFind_averageEnhancedDis: 0.0
2024-06-23 07:43:46,244 - no_poweroff_51_general30_results - INFO - FlyncFind_averageEnhancedCollisionNum: 1.0000000000000002
2024-06-23 07:43:46,244 - no_poweroff_51_general30_results - INFO - Pulsar_averageEnhancedSyn: 1.3080178507946156
2024-06-23 07:43:46,244 - no_poweroff_51_general30_results - INFO - Pulsar_averageEnhancedDis: 3.3047961777359554
2024-06-23 07:43:46,244 - no_poweroff_51_general30_results - INFO - Pulsar_averageEnhancedCollisionNum: 0.0
2024-06-23 08:26:00,304 - no_poweroff_51_general30_results - INFO - *******************JOGGING_TRACE*******************
2024-06-23 08:26:00,304 - no_poweroff_51_general30_results - INFO - Find_averageSyn: 1546016.9026666668
2024-06-23 08:26:00,304 - no_poweroff_51_general30_results - INFO - Find_averageDis: 0.0
2024-06-23 08:26:00,305 - no_poweroff_51_general30_results - INFO - Find_averageCollisionNum: 4.2
2024-06-23 08:26:00,305 - no_poweroff_51_general30_results - INFO - Find_sumCollisionNum: 126
2024-06-23 08:26:00,305 - no_poweroff_51_general30_results - INFO - FlyncFind_averageSyn: 334916.37333333335
2024-06-23 08:26:00,305 - no_poweroff_51_general30_results - INFO - FlyncFind_averageDis: 0.0
2024-06-23 08:26:00,305 - no_poweroff_51_general30_results - INFO - FlyncFind_averageCollisionNum: 43.4
2024-06-23 08:26:00,305 - no_poweroff_51_general30_results - INFO - FlyncFind_sumCollisionNum: 1302
2024-06-23 08:26:00,305 - no_poweroff_51_general30_results - INFO - Pulsar_averageSyn: 10184.768
2024-06-23 08:26:00,306 - no_poweroff_51_general30_results - INFO - Pulsar_averageDis: 272895.5
2024-06-23 08:26:00,306 - no_poweroff_51_general30_results - INFO - Pulsar_averageCollisionNum: 0.4
2024-06-23 08:26:00,306 - no_poweroff_51_general30_results - INFO - Pulsar_sumCollisionNum: 12
2024-06-23 08:26:00,306 - no_poweroff_51_general30_results - INFO - Free_beacon_averageSyn: 6086.982666666667
2024-06-23 08:26:00,306 - no_poweroff_51_general30_results - INFO - Free_beacon_averageDis: 37171.833333333336
2024-06-23 08:26:00,306 - no_poweroff_51_general30_results - INFO - Free_beacon_averageCollisionNum: 0.26666666666666666
2024-06-23 08:26:00,306 - no_poweroff_51_general30_results - INFO - Free_beacon_sumCollisionNum: 8
2024-06-23 08:26:00,307 - no_poweroff_51_general30_results - INFO - Find_averageEnhancedSyn: 253.98740021602384
2024-06-23 08:26:00,307 - no_poweroff_51_general30_results - INFO - Find_averageEnhancedDis: 0.0
2024-06-23 08:26:00,307 - no_poweroff_51_general30_results - INFO - Find_averageEnhancedCollisionNum: 1.0
2024-06-23 08:26:00,308 - no_poweroff_51_general30_results - INFO - FlyncFind_averageEnhancedSyn: 55.02173928757696
2024-06-23 08:26:00,308 - no_poweroff_51_general30_results - INFO - FlyncFind_averageEnhancedDis: 0.0
2024-06-23 08:26:00,308 - no_poweroff_51_general30_results - INFO - FlyncFind_averageEnhancedCollisionNum: 1.0
2024-06-23 08:26:00,309 - no_poweroff_51_general30_results - INFO - Pulsar_averageEnhancedSyn: 1.6732046989017217
2024-06-23 08:26:00,309 - no_poweroff_51_general30_results - INFO - Pulsar_averageEnhancedDis: 7.341459259026772
2024-06-23 08:26:00,309 - no_poweroff_51_general30_results - INFO - Pulsar_averageEnhancedCollisionNum: 1.0
2024-06-23 08:50:26,497 - no_poweroff_51_general30_results - INFO - *******************OFFICE_TRACE*******************
2024-06-23 08:50:26,498 - no_poweroff_51_general30_results - INFO - Find_averageSyn: 275410.732
2024-06-23 08:50:26,498 - no_poweroff_51_general30_results - INFO - Find_averageDis: 0.0
2024-06-23 08:50:26,498 - no_poweroff_51_general30_results - INFO - Find_averageCollisionNum: 8.733333333333333
2024-06-23 08:50:26,498 - no_poweroff_51_general30_results - INFO - Find_sumCollisionNum: 262
2024-06-23 08:50:26,498 - no_poweroff_51_general30_results - INFO - FlyncFind_averageSyn: 138662.68
2024-06-23 08:50:26,498 - no_poweroff_51_general30_results - INFO - FlyncFind_averageDis: 0.0
2024-06-23 08:50:26,498 - no_poweroff_51_general30_results - INFO - FlyncFind_averageCollisionNum: 238.6
2024-06-23 08:50:26,498 - no_poweroff_51_general30_results - INFO - FlyncFind_sumCollisionNum: 7158
2024-06-23 08:50:26,498 - no_poweroff_51_general30_results - INFO - Pulsar_averageSyn: 2214.1426666666666
2024-06-23 08:50:26,498 - no_poweroff_51_general30_results - INFO - Pulsar_averageDis: 145149.03333333333
2024-06-23 08:50:26,499 - no_poweroff_51_general30_results - INFO - Pulsar_averageCollisionNum: 1.1
2024-06-23 08:50:26,499 - no_poweroff_51_general30_results - INFO - Pulsar_sumCollisionNum: 33
2024-06-23 08:50:26,499 - no_poweroff_51_general30_results - INFO - Free_beacon_averageSyn: 1659.828
2024-06-23 08:50:26,499 - no_poweroff_51_general30_results - INFO - Free_beacon_averageDis: 15863.1
2024-06-23 08:50:26,499 - no_poweroff_51_general30_results - INFO - Free_beacon_averageCollisionNum: 0.7333333333333333
2024-06-23 08:50:26,499 - no_poweroff_51_general30_results - INFO - Free_beacon_sumCollisionNum: 22
2024-06-23 08:50:26,499 - no_poweroff_51_general30_results - INFO - Find_averageEnhancedSyn: 165.9272719823982
2024-06-23 08:50:26,499 - no_poweroff_51_general30_results - INFO - Find_averageEnhancedDis: 0.0
2024-06-23 08:50:26,500 - no_poweroff_51_general30_results - INFO - Find_averageEnhancedCollisionNum: 1.0
2024-06-23 08:50:26,500 - no_poweroff_51_general30_results - INFO - FlyncFind_averageEnhancedSyn: 83.54039093207248
2024-06-23 08:50:26,500 - no_poweroff_51_general30_results - INFO - FlyncFind_averageEnhancedDis: 0.0
2024-06-23 08:50:26,500 - no_poweroff_51_general30_results - INFO - FlyncFind_averageEnhancedCollisionNum: 1.0
2024-06-23 08:50:26,501 - no_poweroff_51_general30_results - INFO - Pulsar_averageEnhancedSyn: 1.3339591009831542
2024-06-23 08:50:26,501 - no_poweroff_51_general30_results - INFO - Pulsar_averageEnhancedDis: 9.150105170700135
2024-06-23 08:50:26,501 - no_poweroff_51_general30_results - INFO - Pulsar_averageEnhancedCollisionNum: 1.0
2024-06-23 09:39:04,208 - no_poweroff_51_general30_results - INFO - *******************WASHER_TRACE*******************
2024-06-23 09:39:04,208 - no_poweroff_51_general30_results - INFO - Find_averageSyn: 7058087.576
2024-06-23 09:39:04,208 - no_poweroff_51_general30_results - INFO - Find_averageDis: 0.0
2024-06-23 09:39:04,208 - no_poweroff_51_general30_results - INFO - Find_averageCollisionNum: 3.066666666666667
2024-06-23 09:39:04,209 - no_poweroff_51_general30_results - INFO - Find_sumCollisionNum: 92
2024-06-23 09:39:04,209 - no_poweroff_51_general30_results - INFO - FlyncFind_averageSyn: 3825500.64
2024-06-23 09:39:04,209 - no_poweroff_51_general30_results - INFO - FlyncFind_averageDis: 0.0
2024-06-23 09:39:04,209 - no_poweroff_51_general30_results - INFO - FlyncFind_averageCollisionNum: 19.6
2024-06-23 09:39:04,209 - no_poweroff_51_general30_results - INFO - FlyncFind_sumCollisionNum: 588
2024-06-23 09:39:04,209 - no_poweroff_51_general30_results - INFO - Pulsar_averageSyn: 261938.43266666666
2024-06-23 09:39:04,209 - no_poweroff_51_general30_results - INFO - Pulsar_averageDis: 3197429.8666666667
2024-06-23 09:39:04,210 - no_poweroff_51_general30_results - INFO - Pulsar_averageCollisionNum: 0.16666666666666666
2024-06-23 09:39:04,210 - no_poweroff_51_general30_results - INFO - Pulsar_sumCollisionNum: 5
2024-06-23 09:39:04,210 - no_poweroff_51_general30_results - INFO - Free_beacon_averageSyn: 223849.92666666667
2024-06-23 09:39:04,210 - no_poweroff_51_general30_results - INFO - Free_beacon_averageDis: 258725.1
2024-06-23 09:39:04,210 - no_poweroff_51_general30_results - INFO - Free_beacon_averageCollisionNum: 0.16666666666666666
2024-06-23 09:39:04,210 - no_poweroff_51_general30_results - INFO - Free_beacon_sumCollisionNum: 5
2024-06-23 09:39:04,211 - no_poweroff_51_general30_results - INFO - Find_averageEnhancedSyn: 31.530443994784722
2024-06-23 09:39:04,211 - no_poweroff_51_general30_results - INFO - Find_averageEnhancedDis: 0.0
2024-06-23 09:39:04,211 - no_poweroff_51_general30_results - INFO - Find_averageEnhancedCollisionNum: 0.9999999999999998
2024-06-23 09:39:04,212 - no_poweroff_51_general30_results - INFO - FlyncFind_averageEnhancedSyn: 17.089577365359276
2024-06-23 09:39:04,212 - no_poweroff_51_general30_results - INFO - FlyncFind_averageEnhancedDis: 0.0
2024-06-23 09:39:04,212 - no_poweroff_51_general30_results - INFO - FlyncFind_averageEnhancedCollisionNum: 1.0
2024-06-23 09:39:04,212 - no_poweroff_51_general30_results - INFO - Pulsar_averageEnhancedSyn: 1.1701519699701188
2024-06-23 09:39:04,213 - no_poweroff_51_general30_results - INFO - Pulsar_averageEnhancedDis: 12.358406148714085
2024-06-23 09:39:04,213 - no_poweroff_51_general30_results - INFO - Pulsar_averageEnhancedCollisionNum: 1.0
