2024-06-23 13:58:24,036 - no_poweroff_100_general_30_results - INFO - *******************STATIC_TRACE*******************
2024-06-23 13:58:24,036 - no_poweroff_100_general_30_results - INFO - Find_averageSyn: 136560.26
2024-06-23 13:58:24,036 - no_poweroff_100_general_30_results - INFO - Find_averageDis: 0.0
2024-06-23 13:58:24,036 - no_poweroff_100_general_30_results - INFO - Find_averageCollisionNum: 14.8
2024-06-23 13:58:24,037 - no_poweroff_100_general_30_results - INFO - Find_sumCollisionNum: 444
2024-06-23 13:58:24,037 - no_poweroff_100_general_30_results - INFO - FlyncFind_averageSyn: 198607.62666666668
2024-06-23 13:58:24,037 - no_poweroff_100_general_30_results - INFO - FlyncFind_averageDis: 0.0
2024-06-23 13:58:24,037 - no_poweroff_100_general_30_results - INFO - FlyncFind_averageCollisionNum: 819.3333333333334
2024-06-23 13:58:24,037 - no_poweroff_100_general_30_results - INFO - FlyncFind_sumCollisionNum: 24580
2024-06-23 13:58:24,037 - no_poweroff_100_general_30_results - INFO - Pulsar_averageSyn: 1290.4893333333334
2024-06-23 13:58:24,037 - no_poweroff_100_general_30_results - INFO - Pulsar_averageDis: 83046.16666666667
2024-06-23 13:58:24,037 - no_poweroff_100_general_30_results - INFO - Pulsar_averageCollisionNum: 1.0333333333333334
2024-06-23 13:58:24,038 - no_poweroff_100_general_30_results - INFO - Pulsar_sumCollisionNum: 31
2024-06-23 13:58:24,038 - no_poweroff_100_general_30_results - INFO - Free_beacon_averageSyn: 3966.2
2024-06-23 13:58:24,038 - no_poweroff_100_general_30_results - INFO - Free_beacon_averageDis: 28571.933333333334
2024-06-23 13:58:24,038 - no_poweroff_100_general_30_results - INFO - Free_beacon_averageCollisionNum: 0.6
2024-06-23 13:58:24,038 - no_poweroff_100_general_30_results - INFO - Free_beacon_sumCollisionNum: 18
2024-06-23 13:58:24,038 - no_poweroff_100_general_30_results - INFO - Find_averageEnhancedSyn: 34.43100700922798
2024-06-23 13:58:24,039 - no_poweroff_100_general_30_results - INFO - Find_averageEnhancedDis: 0.0
2024-06-23 13:58:24,039 - no_poweroff_100_general_30_results - INFO - Find_averageEnhancedCollisionNum: 1.0
2024-06-23 13:58:24,039 - no_poweroff_100_general_30_results - INFO - FlyncFind_averageEnhancedSyn: 50.07504076109795
2024-06-23 13:58:24,039 - no_poweroff_100_general_30_results - INFO - FlyncFind_averageEnhancedDis: 0.0
2024-06-23 13:58:24,040 - no_poweroff_100_general_30_results - INFO - FlyncFind_averageEnhancedCollisionNum: 1.0
2024-06-23 13:58:24,040 - no_poweroff_100_general_30_results - INFO - Pulsar_averageEnhancedSyn: 0.3253717244045518
2024-06-23 13:58:24,040 - no_poweroff_100_general_30_results - INFO - Pulsar_averageEnhancedDis: 2.9065644840274487
2024-06-23 13:58:24,040 - no_poweroff_100_general_30_results - INFO - Pulsar_averageEnhancedCollisionNum: 1.0
2024-06-23 14:33:16,274 - no_poweroff_100_general_30_results - INFO - *******************COMPLEX_TRACE*******************
2024-06-23 14:33:16,275 - no_poweroff_100_general_30_results - INFO - Find_averageSyn: 852833.8493333333
2024-06-23 14:33:16,275 - no_poweroff_100_general_30_results - INFO - Find_averageDis: 0.0
2024-06-23 14:33:16,275 - no_poweroff_100_general_30_results - INFO - Find_averageCollisionNum: 5.0
2024-06-23 14:33:16,275 - no_poweroff_100_general_30_results - INFO - Find_sumCollisionNum: 150
2024-06-23 14:33:16,275 - no_poweroff_100_general_30_results - INFO - FlyncFind_averageSyn: 206429.8
2024-06-23 14:33:16,275 - no_poweroff_100_general_30_results - INFO - FlyncFind_averageDis: 0.0
2024-06-23 14:33:16,275 - no_poweroff_100_general_30_results - INFO - FlyncFind_averageCollisionNum: 78.06666666666666
2024-06-23 14:33:16,276 - no_poweroff_100_general_30_results - INFO - FlyncFind_sumCollisionNum: 2342
2024-06-23 14:33:16,276 - no_poweroff_100_general_30_results - INFO - Pulsar_averageSyn: 4507.597333333333
2024-06-23 14:33:16,276 - no_poweroff_100_general_30_results - INFO - Pulsar_averageDis: 190400.06666666668
2024-06-23 14:33:16,276 - no_poweroff_100_general_30_results - INFO - Pulsar_averageCollisionNum: 0.23333333333333334
2024-06-23 14:33:16,276 - no_poweroff_100_general_30_results - INFO - Pulsar_sumCollisionNum: 7
2024-06-23 14:33:16,276 - no_poweroff_100_general_30_results - INFO - Free_beacon_averageSyn: 4681.013333333333
2024-06-23 14:33:16,276 - no_poweroff_100_general_30_results - INFO - Free_beacon_averageDis: 77698.76666666666
2024-06-23 14:33:16,276 - no_poweroff_100_general_30_results - INFO - Free_beacon_averageCollisionNum: 0.4
2024-06-23 14:33:16,277 - no_poweroff_100_general_30_results - INFO - Free_beacon_sumCollisionNum: 12
2024-06-23 14:33:16,277 - no_poweroff_100_general_30_results - INFO - Find_averageEnhancedSyn: 182.1900064373526
2024-06-23 14:33:16,277 - no_poweroff_100_general_30_results - INFO - Find_averageEnhancedDis: 0.0
2024-06-23 14:33:16,277 - no_poweroff_100_general_30_results - INFO - Find_averageEnhancedCollisionNum: 1.0
2024-06-23 14:33:16,278 - no_poweroff_100_general_30_results - INFO - FlyncFind_averageEnhancedSyn: 44.09938303956978
2024-06-23 14:33:16,278 - no_poweroff_100_general_30_results - INFO - FlyncFind_averageEnhancedDis: 0.0
2024-06-23 14:33:16,278 - no_poweroff_100_general_30_results - INFO - FlyncFind_averageEnhancedCollisionNum: 1.0000000000000002
2024-06-23 14:33:16,279 - no_poweroff_100_general_30_results - INFO - Pulsar_averageEnhancedSyn: 0.9629533206485205
2024-06-23 14:33:16,279 - no_poweroff_100_general_30_results - INFO - Pulsar_averageEnhancedDis: 2.4504902051212314
2024-06-23 14:33:16,279 - no_poweroff_100_general_30_results - INFO - Pulsar_averageEnhancedCollisionNum: 1.0
2024-06-23 15:54:58,942 - no_poweroff_100_general_30_results - INFO - *******************STAIRS_TRACE*******************
2024-06-23 15:54:58,943 - no_poweroff_100_general_30_results - INFO - Find_averageSyn: 44638.397333333334
2024-06-23 15:54:58,943 - no_poweroff_100_general_30_results - INFO - Find_averageDis: 0.0
2024-06-23 15:54:58,943 - no_poweroff_100_general_30_results - INFO - Find_averageCollisionNum: 34.333333333333336
2024-06-23 15:54:58,943 - no_poweroff_100_general_30_results - INFO - Find_sumCollisionNum: 1030
2024-06-23 15:54:58,943 - no_poweroff_100_general_30_results - INFO - FlyncFind_averageSyn: 460912.352
2024-06-23 15:54:58,943 - no_poweroff_100_general_30_results - INFO - FlyncFind_averageDis: 0.0
2024-06-23 15:54:58,943 - no_poweroff_100_general_30_results - INFO - FlyncFind_averageCollisionNum: 6439.266666666666
2024-06-23 15:54:58,944 - no_poweroff_100_general_30_results - INFO - FlyncFind_sumCollisionNum: 193178
2024-06-23 15:54:58,944 - no_poweroff_100_general_30_results - INFO - Pulsar_averageSyn: 617.0293333333333
2024-06-23 15:54:58,944 - no_poweroff_100_general_30_results - INFO - Pulsar_averageDis: 81666.36666666667
2024-06-23 15:54:58,944 - no_poweroff_100_general_30_results - INFO - Pulsar_averageCollisionNum: 8.333333333333334
2024-06-23 15:54:58,944 - no_poweroff_100_general_30_results - INFO - Pulsar_sumCollisionNum: 250
2024-06-23 15:54:58,944 - no_poweroff_100_general_30_results - INFO - Free_beacon_averageSyn: 1204.04
2024-06-23 15:54:58,944 - no_poweroff_100_general_30_results - INFO - Free_beacon_averageDis: 32201.5
2024-06-23 15:54:58,944 - no_poweroff_100_general_30_results - INFO - Free_beacon_averageCollisionNum: 3.966666666666667
2024-06-23 15:54:58,945 - no_poweroff_100_general_30_results - INFO - Free_beacon_sumCollisionNum: 119
2024-06-23 15:54:58,945 - no_poweroff_100_general_30_results - INFO - Find_averageEnhancedSyn: 37.07384915229837
2024-06-23 15:54:58,945 - no_poweroff_100_general_30_results - INFO - Find_averageEnhancedDis: 0.0
2024-06-23 15:54:58,945 - no_poweroff_100_general_30_results - INFO - Find_averageEnhancedCollisionNum: 1.0
2024-06-23 15:54:58,946 - no_poweroff_100_general_30_results - INFO - FlyncFind_averageEnhancedSyn: 382.8048503371981
2024-06-23 15:54:58,946 - no_poweroff_100_general_30_results - INFO - FlyncFind_averageEnhancedDis: 0.0
2024-06-23 15:54:58,946 - no_poweroff_100_general_30_results - INFO - FlyncFind_averageEnhancedCollisionNum: 1.0
2024-06-23 15:54:58,947 - no_poweroff_100_general_30_results - INFO - Pulsar_averageEnhancedSyn: 0.512465809552285
2024-06-23 15:54:58,947 - no_poweroff_100_general_30_results - INFO - Pulsar_averageEnhancedDis: 2.536104425777267
2024-06-23 15:54:58,947 - no_poweroff_100_general_30_results - INFO - Pulsar_averageEnhancedCollisionNum: 1.0
2024-06-23 19:51:13,783 - no_poweroff_100_general_30_results - INFO - *******************CARS_TRACE*******************
2024-06-23 19:51:13,783 - no_poweroff_100_general_30_results - INFO - Find_averageSyn: 140942899.56266665
2024-06-23 19:51:13,784 - no_poweroff_100_general_30_results - INFO - Find_averageDis: 0.0
2024-06-23 19:51:13,784 - no_poweroff_100_general_30_results - INFO - Find_averageCollisionNum: 0.8666666666666667
2024-06-23 19:51:13,784 - no_poweroff_100_general_30_results - INFO - Find_sumCollisionNum: 26
2024-06-23 19:51:13,784 - no_poweroff_100_general_30_results - INFO - FlyncFind_averageSyn: 13673417.173333334
2024-06-23 19:51:13,784 - no_poweroff_100_general_30_results - INFO - FlyncFind_averageDis: 0.0
2024-06-23 19:51:13,784 - no_poweroff_100_general_30_results - INFO - FlyncFind_averageCollisionNum: 4.066666666666666
2024-06-23 19:51:13,784 - no_poweroff_100_general_30_results - INFO - FlyncFind_sumCollisionNum: 122
2024-06-23 19:51:13,784 - no_poweroff_100_general_30_results - INFO - Pulsar_averageSyn: 638870.608
2024-06-23 19:51:13,785 - no_poweroff_100_general_30_results - INFO - Pulsar_averageDis: 1540803.6666666667
2024-06-23 19:51:13,785 - no_poweroff_100_general_30_results - INFO - Pulsar_averageCollisionNum: 0.16666666666666666
2024-06-23 19:51:13,785 - no_poweroff_100_general_30_results - INFO - Pulsar_sumCollisionNum: 5
2024-06-23 19:51:13,785 - no_poweroff_100_general_30_results - INFO - Free_beacon_averageSyn: 691311.96
2024-06-23 19:51:13,785 - no_poweroff_100_general_30_results - INFO - Free_beacon_averageDis: 1160100.8333333333
2024-06-23 19:51:13,785 - no_poweroff_100_general_30_results - INFO - Free_beacon_averageCollisionNum: 0.0
2024-06-23 19:51:13,785 - no_poweroff_100_general_30_results - INFO - Free_beacon_sumCollisionNum: 0
2024-06-23 19:51:13,786 - no_poweroff_100_general_30_results - INFO - Find_averageEnhancedSyn: 203.87742107436802
2024-06-23 19:51:13,786 - no_poweroff_100_general_30_results - INFO - Find_averageEnhancedDis: 0.0
2024-06-23 19:51:13,786 - no_poweroff_100_general_30_results - INFO - Find_averageEnhancedCollisionNum: 0.9999999999999998
2024-06-23 19:51:13,787 - no_poweroff_100_general_30_results - INFO - FlyncFind_averageEnhancedSyn: 19.778939125157525
2024-06-23 19:51:13,787 - no_poweroff_100_general_30_results - INFO - FlyncFind_averageEnhancedDis: 0.0
2024-06-23 19:51:13,787 - no_poweroff_100_general_30_results - INFO - FlyncFind_averageEnhancedCollisionNum: 1.0000000000000002
2024-06-23 19:51:13,787 - no_poweroff_100_general_30_results - INFO - Pulsar_averageEnhancedSyn: 0.9241422757968777
2024-06-23 19:51:13,787 - no_poweroff_100_general_30_results - INFO - Pulsar_averageEnhancedDis: 1.3281635719883547
2024-06-23 19:51:13,788 - no_poweroff_100_general_30_results - INFO - Pulsar_averageEnhancedCollisionNum: 1.0
2024-06-23 20:33:06,976 - no_poweroff_100_general_30_results - INFO - *******************JOGGING_TRACE*******************
2024-06-23 20:33:06,976 - no_poweroff_100_general_30_results - INFO - Find_averageSyn: 1501033.244
2024-06-23 20:33:06,977 - no_poweroff_100_general_30_results - INFO - Find_averageDis: 0.0
2024-06-23 20:33:06,977 - no_poweroff_100_general_30_results - INFO - Find_averageCollisionNum: 4.466666666666667
2024-06-23 20:33:06,977 - no_poweroff_100_general_30_results - INFO - Find_sumCollisionNum: 134
2024-06-23 20:33:06,977 - no_poweroff_100_general_30_results - INFO - FlyncFind_averageSyn: 359216.79333333333
2024-06-23 20:33:06,977 - no_poweroff_100_general_30_results - INFO - FlyncFind_averageDis: 0.0
2024-06-23 20:33:06,977 - no_poweroff_100_general_30_results - INFO - FlyncFind_averageCollisionNum: 49.2
2024-06-23 20:33:06,977 - no_poweroff_100_general_30_results - INFO - FlyncFind_sumCollisionNum: 1476
2024-06-23 20:33:06,977 - no_poweroff_100_general_30_results - INFO - Pulsar_averageSyn: 9687.497333333333
2024-06-23 20:33:06,978 - no_poweroff_100_general_30_results - INFO - Pulsar_averageDis: 295984.3
2024-06-23 20:33:06,978 - no_poweroff_100_general_30_results - INFO - Pulsar_averageCollisionNum: 0.3333333333333333
2024-06-23 20:33:06,978 - no_poweroff_100_general_30_results - INFO - Pulsar_sumCollisionNum: 10
2024-06-23 20:33:06,978 - no_poweroff_100_general_30_results - INFO - Free_beacon_averageSyn: 9638.173333333334
2024-06-23 20:33:06,978 - no_poweroff_100_general_30_results - INFO - Free_beacon_averageDis: 95484.33333333333
2024-06-23 20:33:06,978 - no_poweroff_100_general_30_results - INFO - Free_beacon_averageCollisionNum: 0.4
2024-06-23 20:33:06,978 - no_poweroff_100_general_30_results - INFO - Free_beacon_sumCollisionNum: 12
2024-06-23 20:33:06,979 - no_poweroff_100_general_30_results - INFO - Find_averageEnhancedSyn: 155.73835332559557
2024-06-23 20:33:06,979 - no_poweroff_100_general_30_results - INFO - Find_averageEnhancedDis: 0.0
2024-06-23 20:33:06,979 - no_poweroff_100_general_30_results - INFO - Find_averageEnhancedCollisionNum: 1.0
2024-06-23 20:33:06,979 - no_poweroff_100_general_30_results - INFO - FlyncFind_averageEnhancedSyn: 37.27021510300015
2024-06-23 20:33:06,980 - no_poweroff_100_general_30_results - INFO - FlyncFind_averageEnhancedDis: 0.0
2024-06-23 20:33:06,980 - no_poweroff_100_general_30_results - INFO - FlyncFind_averageEnhancedCollisionNum: 1.0
2024-06-23 20:33:06,980 - no_poweroff_100_general_30_results - INFO - Pulsar_averageEnhancedSyn: 1.0051175672291983
2024-06-23 20:33:06,980 - no_poweroff_100_general_30_results - INFO - Pulsar_averageEnhancedDis: 3.099820563931954
2024-06-23 20:33:06,981 - no_poweroff_100_general_30_results - INFO - Pulsar_averageEnhancedCollisionNum: 1.0
2024-06-23 20:58:14,502 - no_poweroff_100_general_30_results - INFO - *******************OFFICE_TRACE*******************
2024-06-23 20:58:14,503 - no_poweroff_100_general_30_results - INFO - Find_averageSyn: 279217.26666666666
2024-06-23 20:58:14,503 - no_poweroff_100_general_30_results - INFO - Find_averageDis: 0.0
2024-06-23 20:58:14,503 - no_poweroff_100_general_30_results - INFO - Find_averageCollisionNum: 10.8
2024-06-23 20:58:14,503 - no_poweroff_100_general_30_results - INFO - Find_sumCollisionNum: 324
2024-06-23 20:58:14,503 - no_poweroff_100_general_30_results - INFO - FlyncFind_averageSyn: 125392.72
2024-06-23 20:58:14,503 - no_poweroff_100_general_30_results - INFO - FlyncFind_averageDis: 0.0
2024-06-23 20:58:14,503 - no_poweroff_100_general_30_results - INFO - FlyncFind_averageCollisionNum: 222.53333333333333
2024-06-23 20:58:14,504 - no_poweroff_100_general_30_results - INFO - FlyncFind_sumCollisionNum: 6676
2024-06-23 20:58:14,504 - no_poweroff_100_general_30_results - INFO - Pulsar_averageSyn: 2214.4333333333334
2024-06-23 20:58:14,504 - no_poweroff_100_general_30_results - INFO - Pulsar_averageDis: 105969.93333333333
2024-06-23 20:58:14,504 - no_poweroff_100_general_30_results - INFO - Pulsar_averageCollisionNum: 0.9666666666666667
2024-06-23 20:58:14,504 - no_poweroff_100_general_30_results - INFO - Pulsar_sumCollisionNum: 29
2024-06-23 20:58:14,504 - no_poweroff_100_general_30_results - INFO - Free_beacon_averageSyn: 2268.2
2024-06-23 20:58:14,504 - no_poweroff_100_general_30_results - INFO - Free_beacon_averageDis: 41476.6
2024-06-23 20:58:14,504 - no_poweroff_100_general_30_results - INFO - Free_beacon_averageCollisionNum: 0.5666666666666667
2024-06-23 20:58:14,505 - no_poweroff_100_general_30_results - INFO - Free_beacon_sumCollisionNum: 17
2024-06-23 20:58:14,505 - no_poweroff_100_general_30_results - INFO - Find_averageEnhancedSyn: 123.10081415513037
2024-06-23 20:58:14,505 - no_poweroff_100_general_30_results - INFO - Find_averageEnhancedDis: 0.0
2024-06-23 20:58:14,505 - no_poweroff_100_general_30_results - INFO - Find_averageEnhancedCollisionNum: 1.0
2024-06-23 20:58:14,506 - no_poweroff_100_general_30_results - INFO - FlyncFind_averageEnhancedSyn: 55.28292037739177
2024-06-23 20:58:14,506 - no_poweroff_100_general_30_results - INFO - FlyncFind_averageEnhancedDis: 0.0
2024-06-23 20:58:14,506 - no_poweroff_100_general_30_results - INFO - FlyncFind_averageEnhancedCollisionNum: 0.9999999999999999
2024-06-23 20:58:14,507 - no_poweroff_100_general_30_results - INFO - Pulsar_averageEnhancedSyn: 0.9762954471974842
2024-06-23 20:58:14,507 - no_poweroff_100_general_30_results - INFO - Pulsar_averageEnhancedDis: 2.5549329822920233
2024-06-23 20:58:14,507 - no_poweroff_100_general_30_results - INFO - Pulsar_averageEnhancedCollisionNum: 1.0000000000000002
2024-06-23 21:50:46,106 - no_poweroff_100_general_30_results - INFO - *******************WASHER_TRACE*******************
2024-06-23 21:50:46,106 - no_poweroff_100_general_30_results - INFO - Find_averageSyn: 7156253.864
2024-06-23 21:50:46,106 - no_poweroff_100_general_30_results - INFO - Find_averageDis: 0.0
2024-06-23 21:50:46,106 - no_poweroff_100_general_30_results - INFO - Find_averageCollisionNum: 4.533333333333333
2024-06-23 21:50:46,106 - no_poweroff_100_general_30_results - INFO - Find_sumCollisionNum: 136
2024-06-23 21:50:46,107 - no_poweroff_100_general_30_results - INFO - FlyncFind_averageSyn: 3924743.7333333334
2024-06-23 21:50:46,107 - no_poweroff_100_general_30_results - INFO - FlyncFind_averageDis: 0.0
2024-06-23 21:50:46,107 - no_poweroff_100_general_30_results - INFO - FlyncFind_averageCollisionNum: 20.333333333333332
2024-06-23 21:50:46,107 - no_poweroff_100_general_30_results - INFO - FlyncFind_sumCollisionNum: 610
2024-06-23 21:50:46,107 - no_poweroff_100_general_30_results - INFO - Pulsar_averageSyn: 225396.15466666667
2024-06-23 21:50:46,107 - no_poweroff_100_general_30_results - INFO - Pulsar_averageDis: 2495991.933333333
2024-06-23 21:50:46,107 - no_poweroff_100_general_30_results - INFO - Pulsar_averageCollisionNum: 0.26666666666666666
2024-06-23 21:50:46,107 - no_poweroff_100_general_30_results - INFO - Pulsar_sumCollisionNum: 8
2024-06-23 21:50:46,108 - no_poweroff_100_general_30_results - INFO - Free_beacon_averageSyn: 244127.32
2024-06-23 21:50:46,108 - no_poweroff_100_general_30_results - INFO - Free_beacon_averageDis: 2145865.0
2024-06-23 21:50:46,108 - no_poweroff_100_general_30_results - INFO - Free_beacon_averageCollisionNum: 0.06666666666666667
2024-06-23 21:50:46,108 - no_poweroff_100_general_30_results - INFO - Free_beacon_sumCollisionNum: 2
2024-06-23 21:50:46,108 - no_poweroff_100_general_30_results - INFO - Find_averageEnhancedSyn: 29.313613339137955
2024-06-23 21:50:46,108 - no_poweroff_100_general_30_results - INFO - Find_averageEnhancedDis: 0.0
2024-06-23 21:50:46,109 - no_poweroff_100_general_30_results - INFO - Find_averageEnhancedCollisionNum: 1.0
2024-06-23 21:50:46,109 - no_poweroff_100_general_30_results - INFO - FlyncFind_averageEnhancedSyn: 16.076626464147203
2024-06-23 21:50:46,109 - no_poweroff_100_general_30_results - INFO - FlyncFind_averageEnhancedDis: 0.0
2024-06-23 21:50:46,109 - no_poweroff_100_general_30_results - INFO - FlyncFind_averageEnhancedCollisionNum: 1.0
2024-06-23 21:50:46,110 - no_poweroff_100_general_30_results - INFO - Pulsar_averageEnhancedSyn: 0.9232729653799774
2024-06-23 21:50:46,110 - no_poweroff_100_general_30_results - INFO - Pulsar_averageEnhancedDis: 1.1631635416642394
2024-06-23 21:50:46,110 - no_poweroff_100_general_30_results - INFO - Pulsar_averageEnhancedCollisionNum: 1.0
