2024-06-23 01:45:07,953 - poweroff_1_results - INFO - *******************STATIC_TRACE*******************
2024-06-23 01:45:07,953 - poweroff_1_results - INFO - Find_averageSyn: 134262.34533333333
2024-06-23 01:45:07,953 - poweroff_1_results - INFO - Find_averageDis: 0.0
2024-06-23 01:45:07,953 - poweroff_1_results - INFO - Find_averageCollisionNum: 13.733333333333333
2024-06-23 01:45:07,954 - poweroff_1_results - INFO - Find_sumCollisionNum: 412
2024-06-23 01:45:07,954 - poweroff_1_results - INFO - FlyncFind_averageSyn: 188467.28
2024-06-23 01:45:07,954 - poweroff_1_results - INFO - FlyncFind_averageDis: 0.0
2024-06-23 01:45:07,954 - poweroff_1_results - INFO - FlyncFind_averageCollisionNum: 780.3333333333334
2024-06-23 01:45:07,954 - poweroff_1_results - INFO - FlyncFind_sumCollisionNum: 23410
2024-06-23 01:45:07,954 - poweroff_1_results - INFO - Pulsar_averageSyn: 64028.013333333336
2024-06-23 01:45:07,955 - poweroff_1_results - INFO - Pulsar_averageDis: 82289.6
2024-06-23 01:45:07,955 - poweroff_1_results - INFO - Pulsar_averageCollisionNum: 0.7
2024-06-23 01:45:07,955 - poweroff_1_results - INFO - Pulsar_sumCollisionNum: 21
2024-06-23 01:45:07,955 - poweroff_1_results - INFO - Free_beacon_averageSyn: 2691.42
2024-06-23 01:45:07,955 - poweroff_1_results - INFO - Free_beacon_averageDis: 22500.0
2024-06-23 01:45:07,955 - poweroff_1_results - INFO - Free_beacon_averageCollisionNum: 3.066666666666667
2024-06-23 01:45:07,955 - poweroff_1_results - INFO - Free_beacon_sumCollisionNum: 92
2024-06-23 01:45:07,956 - poweroff_1_results - INFO - Find_averageEnhancedSyn: 49.885319026139854
2024-06-23 01:45:07,956 - poweroff_1_results - INFO - Find_averageEnhancedDis: 0.0
2024-06-23 01:45:07,956 - poweroff_1_results - INFO - Find_averageEnhancedCollisionNum: 1.0
2024-06-23 01:45:07,956 - poweroff_1_results - INFO - FlyncFind_averageEnhancedSyn: 70.02522088711535
2024-06-23 01:45:07,957 - poweroff_1_results - INFO - FlyncFind_averageEnhancedDis: 0.0
2024-06-23 01:45:07,957 - poweroff_1_results - INFO - FlyncFind_averageEnhancedCollisionNum: 1.0000000000000002
2024-06-23 01:45:07,957 - poweroff_1_results - INFO - Pulsar_averageEnhancedSyn: 23.789677320274553
2024-06-23 01:45:07,957 - poweroff_1_results - INFO - Pulsar_averageEnhancedDis: 3.657315555555556
2024-06-23 01:45:07,958 - poweroff_1_results - INFO - Pulsar_averageEnhancedCollisionNum: 0.9999999999999999
2024-06-23 02:22:17,172 - poweroff_1_results - INFO - *******************COMPLEX_TRACE*******************
2024-06-23 02:22:17,172 - poweroff_1_results - INFO - Find_averageSyn: 902926.3186666666
2024-06-23 02:22:17,172 - poweroff_1_results - INFO - Find_averageDis: 0.0
2024-06-23 02:22:17,172 - poweroff_1_results - INFO - Find_averageCollisionNum: 4.0
2024-06-23 02:22:17,173 - poweroff_1_results - INFO - Find_sumCollisionNum: 120
2024-06-23 02:22:17,173 - poweroff_1_results - INFO - FlyncFind_averageSyn: 202522.38666666666
2024-06-23 02:22:17,173 - poweroff_1_results - INFO - FlyncFind_averageDis: 0.0
2024-06-23 02:22:17,173 - poweroff_1_results - INFO - FlyncFind_averageCollisionNum: 76.26666666666667
2024-06-23 02:22:17,173 - poweroff_1_results - INFO - FlyncFind_sumCollisionNum: 2288
2024-06-23 02:22:17,173 - poweroff_1_results - INFO - Pulsar_averageSyn: 140965.01
2024-06-23 02:22:17,173 - poweroff_1_results - INFO - Pulsar_averageDis: 184362.53333333333
2024-06-23 02:22:17,173 - poweroff_1_results - INFO - Pulsar_averageCollisionNum: 0.3333333333333333
2024-06-23 02:22:17,173 - poweroff_1_results - INFO - Pulsar_sumCollisionNum: 10
2024-06-23 02:22:17,174 - poweroff_1_results - INFO - Free_beacon_averageSyn: 2613.74
2024-06-23 02:22:17,174 - poweroff_1_results - INFO - Free_beacon_averageDis: 30259.966666666667
2024-06-23 02:22:17,174 - poweroff_1_results - INFO - Free_beacon_averageCollisionNum: 0.2
2024-06-23 02:22:17,174 - poweroff_1_results - INFO - Free_beacon_sumCollisionNum: 6
2024-06-23 02:22:17,174 - poweroff_1_results - INFO - Find_averageEnhancedSyn: 345.45376306238063
2024-06-23 02:22:17,175 - poweroff_1_results - INFO - Find_averageEnhancedDis: 0.0
2024-06-23 02:22:17,175 - poweroff_1_results - INFO - Find_averageEnhancedCollisionNum: 1.0
2024-06-23 02:22:17,175 - poweroff_1_results - INFO - FlyncFind_averageEnhancedSyn: 77.4837538036173
2024-06-23 02:22:17,175 - poweroff_1_results - INFO - FlyncFind_averageEnhancedDis: 0.0
2024-06-23 02:22:17,176 - poweroff_1_results - INFO - FlyncFind_averageEnhancedCollisionNum: 1.0000000000000002
2024-06-23 02:22:17,176 - poweroff_1_results - INFO - Pulsar_averageEnhancedSyn: 53.932300075753524
2024-06-23 02:22:17,176 - poweroff_1_results - INFO - Pulsar_averageEnhancedDis: 6.09262182487533
2024-06-23 02:22:17,176 - poweroff_1_results - INFO - Pulsar_averageEnhancedCollisionNum: 1.0
2024-06-23 03:50:12,050 - poweroff_1_results - INFO - *******************STAIRS_TRACE*******************
2024-06-23 03:50:12,051 - poweroff_1_results - INFO - Find_averageSyn: 48034.388
2024-06-23 03:50:12,051 - poweroff_1_results - INFO - Find_averageDis: 0.0
2024-06-23 03:50:12,051 - poweroff_1_results - INFO - Find_averageCollisionNum: 36.666666666666664
2024-06-23 03:50:12,051 - poweroff_1_results - INFO - Find_sumCollisionNum: 1100
2024-06-23 03:50:12,051 - poweroff_1_results - INFO - FlyncFind_averageSyn: 450447.4253333333
2024-06-23 03:50:12,052 - poweroff_1_results - INFO - FlyncFind_averageDis: 0.0
2024-06-23 03:50:12,052 - poweroff_1_results - INFO - FlyncFind_averageCollisionNum: 6385.8
2024-06-23 03:50:12,052 - poweroff_1_results - INFO - FlyncFind_sumCollisionNum: 191574
2024-06-23 03:50:12,052 - poweroff_1_results - INFO - Pulsar_averageSyn: 42132.848
2024-06-23 03:50:12,052 - poweroff_1_results - INFO - Pulsar_averageDis: 66010.16666666667
2024-06-23 03:50:12,052 - poweroff_1_results - INFO - Pulsar_averageCollisionNum: 1.7666666666666666
2024-06-23 03:50:12,052 - poweroff_1_results - INFO - Pulsar_sumCollisionNum: 53
2024-06-23 03:50:12,052 - poweroff_1_results - INFO - Free_beacon_averageSyn: 140.34933333333333
2024-06-23 03:50:12,052 - poweroff_1_results - INFO - Free_beacon_averageDis: 25229.3
2024-06-23 03:50:12,053 - poweroff_1_results - INFO - Free_beacon_averageCollisionNum: 8.4
2024-06-23 03:50:12,053 - poweroff_1_results - INFO - Free_beacon_sumCollisionNum: 252
2024-06-23 03:50:12,053 - poweroff_1_results - INFO - Find_averageEnhancedSyn: 342.2487792365716
2024-06-23 03:50:12,053 - poweroff_1_results - INFO - Find_averageEnhancedDis: 0.0
2024-06-23 03:50:12,053 - poweroff_1_results - INFO - Find_averageEnhancedCollisionNum: 1.0
2024-06-23 03:50:12,054 - poweroff_1_results - INFO - FlyncFind_averageEnhancedSyn: 3209.4732097053065
2024-06-23 03:50:12,054 - poweroff_1_results - INFO - FlyncFind_averageEnhancedDis: 0.0
2024-06-23 03:50:12,054 - poweroff_1_results - INFO - FlyncFind_averageEnhancedCollisionNum: 1.0
2024-06-23 03:50:12,055 - poweroff_1_results - INFO - Pulsar_averageEnhancedSyn: 300.19984419828614
2024-06-23 03:50:12,055 - poweroff_1_results - INFO - Pulsar_averageEnhancedDis: 2.6164089636520504
2024-06-23 03:50:12,055 - poweroff_1_results - INFO - Pulsar_averageEnhancedCollisionNum: 1.0000000000000002
2024-06-23 08:03:46,824 - poweroff_1_results - INFO - *******************CARS_TRACE*******************
2024-06-23 08:03:46,824 - poweroff_1_results - INFO - Find_averageSyn: 141284896.35333332
2024-06-23 08:03:46,824 - poweroff_1_results - INFO - Find_averageDis: 0.0
2024-06-23 08:03:46,824 - poweroff_1_results - INFO - Find_averageCollisionNum: 0.2
2024-06-23 08:03:46,824 - poweroff_1_results - INFO - Find_sumCollisionNum: 6
2024-06-23 08:03:46,825 - poweroff_1_results - INFO - FlyncFind_averageSyn: 14480315.506666666
2024-06-23 08:03:46,825 - poweroff_1_results - INFO - FlyncFind_averageDis: 0.0
2024-06-23 08:03:46,825 - poweroff_1_results - INFO - FlyncFind_averageCollisionNum: 3.4
2024-06-23 08:03:46,825 - poweroff_1_results - INFO - FlyncFind_sumCollisionNum: 102
2024-06-23 08:03:46,825 - poweroff_1_results - INFO - Pulsar_averageSyn: 2548916.6646666666
2024-06-23 08:03:46,825 - poweroff_1_results - INFO - Pulsar_averageDis: 1834057.5666666667
2024-06-23 08:03:46,825 - poweroff_1_results - INFO - Pulsar_averageCollisionNum: 0.0
2024-06-23 08:03:46,825 - poweroff_1_results - INFO - Pulsar_sumCollisionNum: 0
2024-06-23 08:03:46,825 - poweroff_1_results - INFO - Free_beacon_averageSyn: 470261.67933333333
2024-06-23 08:03:46,826 - poweroff_1_results - INFO - Free_beacon_averageDis: 484611.93333333335
2024-06-23 08:03:46,826 - poweroff_1_results - INFO - Free_beacon_averageCollisionNum: 0.0
2024-06-23 08:03:46,826 - poweroff_1_results - INFO - Free_beacon_sumCollisionNum: 0
2024-06-23 08:03:46,826 - poweroff_1_results - INFO - Find_averageEnhancedSyn: 300.4388887345146
2024-06-23 08:03:46,826 - poweroff_1_results - INFO - Find_averageEnhancedDis: 0.0
2024-06-23 08:03:46,827 - poweroff_1_results - INFO - Find_averageEnhancedCollisionNum: 1.0
2024-06-23 08:03:46,827 - poweroff_1_results - INFO - FlyncFind_averageEnhancedSyn: 30.79203801422793
2024-06-23 08:03:46,827 - poweroff_1_results - INFO - FlyncFind_averageEnhancedDis: 0.0
2024-06-23 08:03:46,827 - poweroff_1_results - INFO - FlyncFind_averageEnhancedCollisionNum: 1.0000000000000002
2024-06-23 08:03:46,828 - poweroff_1_results - INFO - Pulsar_averageEnhancedSyn: 5.420209165841749
2024-06-23 08:03:46,828 - poweroff_1_results - INFO - Pulsar_averageEnhancedDis: 3.784590185494125
2024-06-23 08:03:46,828 - poweroff_1_results - INFO - Pulsar_averageEnhancedCollisionNum: 0.0
2024-06-23 08:45:43,903 - poweroff_1_results - INFO - *******************JOGGING_TRACE*******************
2024-06-23 08:45:43,904 - poweroff_1_results - INFO - Find_averageSyn: 1363088.9213333332
2024-06-23 08:45:43,904 - poweroff_1_results - INFO - Find_averageDis: 0.0
2024-06-23 08:45:43,904 - poweroff_1_results - INFO - Find_averageCollisionNum: 3.4
2024-06-23 08:45:43,904 - poweroff_1_results - INFO - Find_sumCollisionNum: 102
2024-06-23 08:45:43,905 - poweroff_1_results - INFO - FlyncFind_averageSyn: 344792.52
2024-06-23 08:45:43,905 - poweroff_1_results - INFO - FlyncFind_averageDis: 0.0
2024-06-23 08:45:43,905 - poweroff_1_results - INFO - FlyncFind_averageCollisionNum: 46.0
2024-06-23 08:45:43,905 - poweroff_1_results - INFO - FlyncFind_sumCollisionNum: 1380
2024-06-23 08:45:43,905 - poweroff_1_results - INFO - Pulsar_averageSyn: 259249.61666666667
2024-06-23 08:45:43,905 - poweroff_1_results - INFO - Pulsar_averageDis: 243095.2
2024-06-23 08:45:43,905 - poweroff_1_results - INFO - Pulsar_averageCollisionNum: 0.3
2024-06-23 08:45:43,905 - poweroff_1_results - INFO - Pulsar_sumCollisionNum: 9
2024-06-23 08:45:43,905 - poweroff_1_results - INFO - Free_beacon_averageSyn: 6168.592
2024-06-23 08:45:43,906 - poweroff_1_results - INFO - Free_beacon_averageDis: 32555.9
2024-06-23 08:45:43,906 - poweroff_1_results - INFO - Free_beacon_averageCollisionNum: 0.1
2024-06-23 08:45:43,906 - poweroff_1_results - INFO - Free_beacon_sumCollisionNum: 3
2024-06-23 08:45:43,906 - poweroff_1_results - INFO - Find_averageEnhancedSyn: 220.97245551875264
2024-06-23 08:45:43,906 - poweroff_1_results - INFO - Find_averageEnhancedDis: 0.0
2024-06-23 08:45:43,907 - poweroff_1_results - INFO - Find_averageEnhancedCollisionNum: 1.0
2024-06-23 08:45:43,907 - poweroff_1_results - INFO - FlyncFind_averageEnhancedSyn: 55.89484926219793
2024-06-23 08:45:43,907 - poweroff_1_results - INFO - FlyncFind_averageEnhancedDis: 0.0
2024-06-23 08:45:43,907 - poweroff_1_results - INFO - FlyncFind_averageEnhancedCollisionNum: 1.0000000000000002
2024-06-23 08:45:43,908 - poweroff_1_results - INFO - Pulsar_averageEnhancedSyn: 42.02735675607443
2024-06-23 08:45:43,908 - poweroff_1_results - INFO - Pulsar_averageEnhancedDis: 7.467009052122656
2024-06-23 08:45:43,908 - poweroff_1_results - INFO - Pulsar_averageEnhancedCollisionNum: 1.0
2024-06-23 09:12:35,640 - poweroff_1_results - INFO - *******************OFFICE_TRACE*******************
2024-06-23 09:12:35,640 - poweroff_1_results - INFO - Find_averageSyn: 264874.748
2024-06-23 09:12:35,641 - poweroff_1_results - INFO - Find_averageDis: 0.0
2024-06-23 09:12:35,641 - poweroff_1_results - INFO - Find_averageCollisionNum: 9.066666666666666
2024-06-23 09:12:35,641 - poweroff_1_results - INFO - Find_sumCollisionNum: 272
2024-06-23 09:12:35,641 - poweroff_1_results - INFO - FlyncFind_averageSyn: 125134.292
2024-06-23 09:12:35,641 - poweroff_1_results - INFO - FlyncFind_averageDis: 0.0
2024-06-23 09:12:35,641 - poweroff_1_results - INFO - FlyncFind_averageCollisionNum: 219.33333333333334
2024-06-23 09:12:35,641 - poweroff_1_results - INFO - FlyncFind_sumCollisionNum: 6580
2024-06-23 09:12:35,641 - poweroff_1_results - INFO - Pulsar_averageSyn: 102955.342
2024-06-23 09:12:35,642 - poweroff_1_results - INFO - Pulsar_averageDis: 95282.1
2024-06-23 09:12:35,642 - poweroff_1_results - INFO - Pulsar_averageCollisionNum: 0.4
2024-06-23 09:12:35,642 - poweroff_1_results - INFO - Pulsar_sumCollisionNum: 12
2024-06-23 09:12:35,642 - poweroff_1_results - INFO - Free_beacon_averageSyn: 1486.044
2024-06-23 09:12:35,642 - poweroff_1_results - INFO - Free_beacon_averageDis: 18204.5
2024-06-23 09:12:35,642 - poweroff_1_results - INFO - Free_beacon_averageCollisionNum: 1.2333333333333334
2024-06-23 09:12:35,642 - poweroff_1_results - INFO - Free_beacon_sumCollisionNum: 37
2024-06-23 09:12:35,643 - poweroff_1_results - INFO - Find_averageEnhancedSyn: 178.24152447706797
2024-06-23 09:12:35,643 - poweroff_1_results - INFO - Find_averageEnhancedDis: 0.0
2024-06-23 09:12:35,643 - poweroff_1_results - INFO - Find_averageEnhancedCollisionNum: 0.9999999999999999
2024-06-23 09:12:35,643 - poweroff_1_results - INFO - FlyncFind_averageEnhancedSyn: 84.20631690582512
2024-06-23 09:12:35,644 - poweroff_1_results - INFO - FlyncFind_averageEnhancedDis: 0.0
2024-06-23 09:12:35,644 - poweroff_1_results - INFO - FlyncFind_averageEnhancedCollisionNum: 1.0
2024-06-23 09:12:35,644 - poweroff_1_results - INFO - Pulsar_averageEnhancedSyn: 69.28148964633618
2024-06-23 09:12:35,644 - poweroff_1_results - INFO - Pulsar_averageEnhancedDis: 5.233986102337335
2024-06-23 09:12:35,645 - poweroff_1_results - INFO - Pulsar_averageEnhancedCollisionNum: 1.0
2024-06-23 10:07:31,397 - poweroff_1_results - INFO - *******************WASHER_TRACE*******************
2024-06-23 10:07:31,397 - poweroff_1_results - INFO - Find_averageSyn: 7267973.396
2024-06-23 10:07:31,397 - poweroff_1_results - INFO - Find_averageDis: 0.0
2024-06-23 10:07:31,397 - poweroff_1_results - INFO - Find_averageCollisionNum: 3.933333333333333
2024-06-23 10:07:31,397 - poweroff_1_results - INFO - Find_sumCollisionNum: 118
2024-06-23 10:07:31,398 - poweroff_1_results - INFO - FlyncFind_averageSyn: 3885273.84
2024-06-23 10:07:31,398 - poweroff_1_results - INFO - FlyncFind_averageDis: 0.0
2024-06-23 10:07:31,398 - poweroff_1_results - INFO - FlyncFind_averageCollisionNum: 19.933333333333334
2024-06-23 10:07:31,398 - poweroff_1_results - INFO - FlyncFind_sumCollisionNum: 598
2024-06-23 10:07:31,398 - poweroff_1_results - INFO - Pulsar_averageSyn: 1973190.1773333333
2024-06-23 10:07:31,398 - poweroff_1_results - INFO - Pulsar_averageDis: 2222839.433333333
2024-06-23 10:07:31,398 - poweroff_1_results - INFO - Pulsar_averageCollisionNum: 0.0
2024-06-23 10:07:31,398 - poweroff_1_results - INFO - Pulsar_sumCollisionNum: 0
2024-06-23 10:07:31,399 - poweroff_1_results - INFO - Free_beacon_averageSyn: 208739.48133333333
2024-06-23 10:07:31,399 - poweroff_1_results - INFO - Free_beacon_averageDis: 245847.5
2024-06-23 10:07:31,399 - poweroff_1_results - INFO - Free_beacon_averageCollisionNum: 0.0
2024-06-23 10:07:31,399 - poweroff_1_results - INFO - Free_beacon_sumCollisionNum: 0
2024-06-23 10:07:31,399 - poweroff_1_results - INFO - Find_averageEnhancedSyn: 34.81839348059828
2024-06-23 10:07:31,399 - poweroff_1_results - INFO - Find_averageEnhancedDis: 0.0
2024-06-23 10:07:31,400 - poweroff_1_results - INFO - Find_averageEnhancedCollisionNum: 1.0000000000000002
2024-06-23 10:07:31,400 - poweroff_1_results - INFO - FlyncFind_averageEnhancedSyn: 18.61302814006545
2024-06-23 10:07:31,400 - poweroff_1_results - INFO - FlyncFind_averageEnhancedDis: 0.0
2024-06-23 10:07:31,400 - poweroff_1_results - INFO - FlyncFind_averageEnhancedCollisionNum: 1.0
2024-06-23 10:07:31,401 - poweroff_1_results - INFO - Pulsar_averageEnhancedSyn: 9.452884354840242
2024-06-23 10:07:31,401 - poweroff_1_results - INFO - Pulsar_averageEnhancedDis: 9.041537674100136
2024-06-23 10:07:31,401 - poweroff_1_results - INFO - Pulsar_averageEnhancedCollisionNum: 0.0
2024-06-29 13:33:33,025 - poweroff_1_results - INFO - *******************STATIC_TRACE*******************
2024-06-29 13:33:33,026 - poweroff_1_results - INFO - Find_averageSyn: 146134.61066666667
2024-06-29 13:33:33,026 - poweroff_1_results - INFO - Find_averageDis: 0.0
2024-06-29 13:33:33,026 - poweroff_1_results - INFO - Find_averageCollisionNum: 17.4
2024-06-29 13:33:33,026 - poweroff_1_results - INFO - Find_sumCollisionNum: 522
2024-06-29 13:33:33,027 - poweroff_1_results - INFO - FlyncFind_averageSyn: 194192.70933333333
2024-06-29 13:33:33,027 - poweroff_1_results - INFO - FlyncFind_averageDis: 0.0
2024-06-29 13:33:33,027 - poweroff_1_results - INFO - FlyncFind_averageCollisionNum: 832.2
2024-06-29 13:33:33,027 - poweroff_1_results - INFO - FlyncFind_sumCollisionNum: 24966
2024-06-29 13:33:33,027 - poweroff_1_results - INFO - Pulsar_averageSyn: 77357.40466666667
2024-06-29 13:33:33,027 - poweroff_1_results - INFO - Pulsar_averageDis: 122202.93333333333
2024-06-29 13:33:33,027 - poweroff_1_results - INFO - Pulsar_averageCollisionNum: 1.9
2024-06-29 13:33:33,027 - poweroff_1_results - INFO - Pulsar_sumCollisionNum: 57
2024-06-29 13:33:33,027 - poweroff_1_results - INFO - Free_beacon_averageSyn: 2565.5906666666665
2024-06-29 13:33:33,028 - poweroff_1_results - INFO - Free_beacon_averageDis: 24811.733333333334
2024-06-29 13:33:33,028 - poweroff_1_results - INFO - Free_beacon_averageCollisionNum: 4.0
2024-06-29 13:33:33,028 - poweroff_1_results - INFO - Free_beacon_sumCollisionNum: 120
2024-06-29 13:33:33,028 - poweroff_1_results - INFO - Find_averageEnhancedSyn: 56.959441178717526
2024-06-29 13:33:33,028 - poweroff_1_results - INFO - Find_averageEnhancedDis: 0.0
2024-06-29 13:33:33,028 - poweroff_1_results - INFO - Find_averageEnhancedCollisionNum: 1.0000000000000002
2024-06-29 13:33:33,029 - poweroff_1_results - INFO - FlyncFind_averageEnhancedSyn: 75.69122847864014
2024-06-29 13:33:33,029 - poweroff_1_results - INFO - FlyncFind_averageEnhancedDis: 0.0
2024-06-29 13:33:33,029 - poweroff_1_results - INFO - FlyncFind_averageEnhancedCollisionNum: 1.0
2024-06-29 13:33:33,030 - poweroff_1_results - INFO - Pulsar_averageEnhancedSyn: 30.15188886977554
2024-06-29 13:33:33,030 - poweroff_1_results - INFO - Pulsar_averageEnhancedDis: 4.9252074287433905
2024-06-29 13:33:33,030 - poweroff_1_results - INFO - Pulsar_averageEnhancedCollisionNum: 1.0
2024-06-29 14:10:03,246 - poweroff_1_results - INFO - *******************COMPLEX_TRACE*******************
2024-06-29 14:10:03,247 - poweroff_1_results - INFO - Find_averageSyn: 874802.7333333333
2024-06-29 14:10:03,247 - poweroff_1_results - INFO - Find_averageDis: 0.0
2024-06-29 14:10:03,247 - poweroff_1_results - INFO - Find_averageCollisionNum: 3.8
2024-06-29 14:10:03,247 - poweroff_1_results - INFO - Find_sumCollisionNum: 114
2024-06-29 14:10:03,247 - poweroff_1_results - INFO - FlyncFind_averageSyn: 207747.2
2024-06-29 14:10:03,247 - poweroff_1_results - INFO - FlyncFind_averageDis: 0.0
2024-06-29 14:10:03,248 - poweroff_1_results - INFO - FlyncFind_averageCollisionNum: 75.06666666666666
2024-06-29 14:10:03,248 - poweroff_1_results - INFO - FlyncFind_sumCollisionNum: 2252
2024-06-29 14:10:03,248 - poweroff_1_results - INFO - Pulsar_averageSyn: 135852.27733333333
2024-06-29 14:10:03,248 - poweroff_1_results - INFO - Pulsar_averageDis: 187034.0
2024-06-29 14:10:03,248 - poweroff_1_results - INFO - Pulsar_averageCollisionNum: 0.4
2024-06-29 14:10:03,248 - poweroff_1_results - INFO - Pulsar_sumCollisionNum: 12
2024-06-29 14:10:03,248 - poweroff_1_results - INFO - Free_beacon_averageSyn: 2895.3733333333334
2024-06-29 14:10:03,248 - poweroff_1_results - INFO - Free_beacon_averageDis: 27581.866666666665
2024-06-29 14:10:03,248 - poweroff_1_results - INFO - Free_beacon_averageCollisionNum: 0.4
2024-06-29 14:10:03,249 - poweroff_1_results - INFO - Free_beacon_sumCollisionNum: 12
2024-06-29 14:10:03,249 - poweroff_1_results - INFO - Find_averageEnhancedSyn: 302.1381468365622
2024-06-29 14:10:03,249 - poweroff_1_results - INFO - Find_averageEnhancedDis: 0.0
2024-06-29 14:10:03,249 - poweroff_1_results - INFO - Find_averageEnhancedCollisionNum: 1.0000000000000002
2024-06-29 14:10:03,250 - poweroff_1_results - INFO - FlyncFind_averageEnhancedSyn: 71.75143792625477
2024-06-29 14:10:03,250 - poweroff_1_results - INFO - FlyncFind_averageEnhancedDis: 0.0
2024-06-29 14:10:03,250 - poweroff_1_results - INFO - FlyncFind_averageEnhancedCollisionNum: 1.0000000000000002
2024-06-29 14:10:03,251 - poweroff_1_results - INFO - Pulsar_averageEnhancedSyn: 46.920469899103395
2024-06-29 14:10:03,251 - poweroff_1_results - INFO - Pulsar_averageEnhancedDis: 6.781049385103256
2024-06-29 14:10:03,251 - poweroff_1_results - INFO - Pulsar_averageEnhancedCollisionNum: 1.0
2024-06-29 15:34:45,225 - poweroff_1_results - INFO - *******************STAIRS_TRACE*******************
2024-06-29 15:34:45,225 - poweroff_1_results - INFO - Find_averageSyn: 43045.41066666667
2024-06-29 15:34:45,225 - poweroff_1_results - INFO - Find_averageDis: 0.0
2024-06-29 15:34:45,226 - poweroff_1_results - INFO - Find_averageCollisionNum: 34.93333333333333
2024-06-29 15:34:45,226 - poweroff_1_results - INFO - Find_sumCollisionNum: 1048
2024-06-29 15:34:45,226 - poweroff_1_results - INFO - FlyncFind_averageSyn: 451951.05333333334
2024-06-29 15:34:45,226 - poweroff_1_results - INFO - FlyncFind_averageDis: 0.0
2024-06-29 15:34:45,226 - poweroff_1_results - INFO - FlyncFind_averageCollisionNum: 6274.666666666667
2024-06-29 15:34:45,226 - poweroff_1_results - INFO - FlyncFind_sumCollisionNum: 188240
2024-06-29 15:34:45,226 - poweroff_1_results - INFO - Pulsar_averageSyn: 21481.330666666665
2024-06-29 15:34:45,226 - poweroff_1_results - INFO - Pulsar_averageDis: 92393.1
2024-06-29 15:34:45,226 - poweroff_1_results - INFO - Pulsar_averageCollisionNum: 4.366666666666666
2024-06-29 15:34:45,227 - poweroff_1_results - INFO - Pulsar_sumCollisionNum: 131
2024-06-29 15:34:45,227 - poweroff_1_results - INFO - Free_beacon_averageSyn: 137.49866666666668
2024-06-29 15:34:45,227 - poweroff_1_results - INFO - Free_beacon_averageDis: 16885.366666666665
2024-06-29 15:34:45,227 - poweroff_1_results - INFO - Free_beacon_averageCollisionNum: 3.6
2024-06-29 15:34:45,227 - poweroff_1_results - INFO - Free_beacon_sumCollisionNum: 108
2024-06-29 15:34:45,227 - poweroff_1_results - INFO - Find_averageEnhancedSyn: 313.06056786005195
2024-06-29 15:34:45,228 - poweroff_1_results - INFO - Find_averageEnhancedDis: 0.0
2024-06-29 15:34:45,228 - poweroff_1_results - INFO - Find_averageEnhancedCollisionNum: 1.0000000000000002
2024-06-29 15:34:45,228 - poweroff_1_results - INFO - FlyncFind_averageEnhancedSyn: 3286.948624956363
2024-06-29 15:34:45,228 - poweroff_1_results - INFO - FlyncFind_averageEnhancedDis: 0.0
2024-06-29 15:34:45,228 - poweroff_1_results - INFO - FlyncFind_averageEnhancedCollisionNum: 0.9999999999999998
2024-06-29 15:34:45,229 - poweroff_1_results - INFO - Pulsar_averageEnhancedSyn: 156.22937434544818
2024-06-29 15:34:45,229 - poweroff_1_results - INFO - Pulsar_averageEnhancedDis: 5.471785234157387
2024-06-29 15:34:45,229 - poweroff_1_results - INFO - Pulsar_averageEnhancedCollisionNum: 1.0000000000000002
2024-06-29 19:37:00,277 - poweroff_1_results - INFO - *******************CARS_TRACE*******************
2024-06-29 19:37:00,278 - poweroff_1_results - INFO - Find_averageSyn: 136107062.46933332
2024-06-29 19:37:00,278 - poweroff_1_results - INFO - Find_averageDis: 0.0
2024-06-29 19:37:00,278 - poweroff_1_results - INFO - Find_averageCollisionNum: 0.4666666666666667
2024-06-29 19:37:00,278 - poweroff_1_results - INFO - Find_sumCollisionNum: 14
2024-06-29 19:37:00,278 - poweroff_1_results - INFO - FlyncFind_averageSyn: 13527064.613333333
2024-06-29 19:37:00,278 - poweroff_1_results - INFO - FlyncFind_averageDis: 0.0
2024-06-29 19:37:00,279 - poweroff_1_results - INFO - FlyncFind_averageCollisionNum: 4.2
2024-06-29 19:37:00,279 - poweroff_1_results - INFO - FlyncFind_sumCollisionNum: 126
2024-06-29 19:37:00,279 - poweroff_1_results - INFO - Pulsar_averageSyn: 2485092.669333333
2024-06-29 19:37:00,279 - poweroff_1_results - INFO - Pulsar_averageDis: 1723731.9666666666
2024-06-29 19:37:00,279 - poweroff_1_results - INFO - Pulsar_averageCollisionNum: 0.06666666666666667
2024-06-29 19:37:00,279 - poweroff_1_results - INFO - Pulsar_sumCollisionNum: 2
2024-06-29 19:37:00,279 - poweroff_1_results - INFO - Free_beacon_averageSyn: 514824.86733333336
2024-06-29 19:37:00,279 - poweroff_1_results - INFO - Free_beacon_averageDis: 466035.9666666667
2024-06-29 19:37:00,279 - poweroff_1_results - INFO - Free_beacon_averageCollisionNum: 0.0
2024-06-29 19:37:00,280 - poweroff_1_results - INFO - Free_beacon_sumCollisionNum: 0
2024-06-29 19:37:00,280 - poweroff_1_results - INFO - Find_averageEnhancedSyn: 264.37546261961774
2024-06-29 19:37:00,280 - poweroff_1_results - INFO - Find_averageEnhancedDis: 0.0
2024-06-29 19:37:00,280 - poweroff_1_results - INFO - Find_averageEnhancedCollisionNum: 1.0
2024-06-29 19:37:00,281 - poweroff_1_results - INFO - FlyncFind_averageEnhancedSyn: 26.275080074123483
2024-06-29 19:37:00,281 - poweroff_1_results - INFO - FlyncFind_averageEnhancedDis: 0.0
2024-06-29 19:37:00,281 - poweroff_1_results - INFO - FlyncFind_averageEnhancedCollisionNum: 0.9999999999999998
2024-06-29 19:37:00,282 - poweroff_1_results - INFO - Pulsar_averageEnhancedSyn: 4.827064166899133
2024-06-29 19:37:00,282 - poweroff_1_results - INFO - Pulsar_averageEnhancedDis: 3.6987101639294075
2024-06-29 19:37:00,282 - poweroff_1_results - INFO - Pulsar_averageEnhancedCollisionNum: 1.0
2024-06-29 20:21:27,068 - poweroff_1_results - INFO - *******************JOGGING_TRACE*******************
2024-06-29 20:21:27,068 - poweroff_1_results - INFO - Find_averageSyn: 1446225.6626666666
2024-06-29 20:21:27,068 - poweroff_1_results - INFO - Find_averageDis: 0.0
2024-06-29 20:21:27,068 - poweroff_1_results - INFO - Find_averageCollisionNum: 3.8666666666666667
2024-06-29 20:21:27,069 - poweroff_1_results - INFO - Find_sumCollisionNum: 116
2024-06-29 20:21:27,069 - poweroff_1_results - INFO - FlyncFind_averageSyn: 335208.256
2024-06-29 20:21:27,069 - poweroff_1_results - INFO - FlyncFind_averageDis: 0.0
2024-06-29 20:21:27,069 - poweroff_1_results - INFO - FlyncFind_averageCollisionNum: 48.266666666666666
2024-06-29 20:21:27,069 - poweroff_1_results - INFO - FlyncFind_sumCollisionNum: 1448
2024-06-29 20:21:27,069 - poweroff_1_results - INFO - Pulsar_averageSyn: 268950.9313333333
2024-06-29 20:21:27,069 - poweroff_1_results - INFO - Pulsar_averageDis: 278353.5
2024-06-29 20:21:27,069 - poweroff_1_results - INFO - Pulsar_averageCollisionNum: 0.5333333333333333
2024-06-29 20:21:27,070 - poweroff_1_results - INFO - Pulsar_sumCollisionNum: 16
2024-06-29 20:21:27,070 - poweroff_1_results - INFO - Free_beacon_averageSyn: 6323.488
2024-06-29 20:21:27,070 - poweroff_1_results - INFO - Free_beacon_averageDis: 37697.1
2024-06-29 20:21:27,070 - poweroff_1_results - INFO - Free_beacon_averageCollisionNum: 0.2
2024-06-29 20:21:27,070 - poweroff_1_results - INFO - Free_beacon_sumCollisionNum: 6
2024-06-29 20:21:27,070 - poweroff_1_results - INFO - Find_averageEnhancedSyn: 228.70695139560104
2024-06-29 20:21:27,071 - poweroff_1_results - INFO - Find_averageEnhancedDis: 0.0
2024-06-29 20:21:27,071 - poweroff_1_results - INFO - Find_averageEnhancedCollisionNum: 1.0000000000000002
2024-06-29 20:21:27,071 - poweroff_1_results - INFO - FlyncFind_averageEnhancedSyn: 53.01002484704644
2024-06-29 20:21:27,071 - poweroff_1_results - INFO - FlyncFind_averageEnhancedDis: 0.0
2024-06-29 20:21:27,071 - poweroff_1_results - INFO - FlyncFind_averageEnhancedCollisionNum: 0.9999999999999998
2024-06-29 20:21:27,072 - poweroff_1_results - INFO - Pulsar_averageEnhancedSyn: 42.5320537230929
2024-06-29 20:21:27,072 - poweroff_1_results - INFO - Pulsar_averageEnhancedDis: 7.383949959015415
2024-06-29 20:21:27,072 - poweroff_1_results - INFO - Pulsar_averageEnhancedCollisionNum: 1.0
2024-06-29 20:47:02,481 - poweroff_1_results - INFO - *******************OFFICE_TRACE*******************
2024-06-29 20:47:02,481 - poweroff_1_results - INFO - Find_averageSyn: 247384.32666666666
2024-06-29 20:47:02,481 - poweroff_1_results - INFO - Find_averageDis: 0.0
2024-06-29 20:47:02,481 - poweroff_1_results - INFO - Find_averageCollisionNum: 8.933333333333334
2024-06-29 20:47:02,481 - poweroff_1_results - INFO - Find_sumCollisionNum: 268
2024-06-29 20:47:02,482 - poweroff_1_results - INFO - FlyncFind_averageSyn: 137848.556
2024-06-29 20:47:02,482 - poweroff_1_results - INFO - FlyncFind_averageDis: 0.0
2024-06-29 20:47:02,482 - poweroff_1_results - INFO - FlyncFind_averageCollisionNum: 236.46666666666667
2024-06-29 20:47:02,482 - poweroff_1_results - INFO - FlyncFind_sumCollisionNum: 7094
2024-06-29 20:47:02,482 - poweroff_1_results - INFO - Pulsar_averageSyn: 85684.218
2024-06-29 20:47:02,482 - poweroff_1_results - INFO - Pulsar_averageDis: 137216.83333333334
2024-06-29 20:47:02,482 - poweroff_1_results - INFO - Pulsar_averageCollisionNum: 1.0
2024-06-29 20:47:02,482 - poweroff_1_results - INFO - Pulsar_sumCollisionNum: 30
2024-06-29 20:47:02,483 - poweroff_1_results - INFO - Free_beacon_averageSyn: 1673.112
2024-06-29 20:47:02,483 - poweroff_1_results - INFO - Free_beacon_averageDis: 17917.2
2024-06-29 20:47:02,483 - poweroff_1_results - INFO - Free_beacon_averageCollisionNum: 1.1
2024-06-29 20:47:02,483 - poweroff_1_results - INFO - Free_beacon_sumCollisionNum: 33
2024-06-29 20:47:02,483 - poweroff_1_results - INFO - Find_averageEnhancedSyn: 147.8587964623209
2024-06-29 20:47:02,483 - poweroff_1_results - INFO - Find_averageEnhancedDis: 0.0
2024-06-29 20:47:02,484 - poweroff_1_results - INFO - Find_averageEnhancedCollisionNum: 1.0
2024-06-29 20:47:02,484 - poweroff_1_results - INFO - FlyncFind_averageEnhancedSyn: 82.3905130080951
2024-06-29 20:47:02,484 - poweroff_1_results - INFO - FlyncFind_averageEnhancedDis: 0.0
2024-06-29 20:47:02,484 - poweroff_1_results - INFO - FlyncFind_averageEnhancedCollisionNum: 1.0000000000000002
2024-06-29 20:47:02,485 - poweroff_1_results - INFO - Pulsar_averageEnhancedSyn: 51.21248189003485
2024-06-29 20:47:02,485 - poweroff_1_results - INFO - Pulsar_averageEnhancedDis: 7.6583859829288805
2024-06-29 20:47:02,485 - poweroff_1_results - INFO - Pulsar_averageEnhancedCollisionNum: 1.0
2024-06-29 21:42:32,746 - poweroff_1_results - INFO - *******************WASHER_TRACE*******************
2024-06-29 21:42:32,747 - poweroff_1_results - INFO - Find_averageSyn: 7162705.946666666
2024-06-29 21:42:32,747 - poweroff_1_results - INFO - Find_averageDis: 0.0
2024-06-29 21:42:32,747 - poweroff_1_results - INFO - Find_averageCollisionNum: 4.333333333333333
2024-06-29 21:42:32,747 - poweroff_1_results - INFO - Find_sumCollisionNum: 130
2024-06-29 21:42:32,747 - poweroff_1_results - INFO - FlyncFind_averageSyn: 3984198.938666667
2024-06-29 21:42:32,748 - poweroff_1_results - INFO - FlyncFind_averageDis: 0.0
2024-06-29 21:42:32,748 - poweroff_1_results - INFO - FlyncFind_averageCollisionNum: 21.2
2024-06-29 21:42:32,748 - poweroff_1_results - INFO - FlyncFind_sumCollisionNum: 636
2024-06-29 21:42:32,748 - poweroff_1_results - INFO - Pulsar_averageSyn: 1838815.328
2024-06-29 21:42:32,748 - poweroff_1_results - INFO - Pulsar_averageDis: 2594167.8333333335
2024-06-29 21:42:32,748 - poweroff_1_results - INFO - Pulsar_averageCollisionNum: 0.13333333333333333
2024-06-29 21:42:32,748 - poweroff_1_results - INFO - Pulsar_sumCollisionNum: 4
2024-06-29 21:42:32,748 - poweroff_1_results - INFO - Free_beacon_averageSyn: 207910.108
2024-06-29 21:42:32,748 - poweroff_1_results - INFO - Free_beacon_averageDis: 247133.1
2024-06-29 21:42:32,749 - poweroff_1_results - INFO - Free_beacon_averageCollisionNum: 0.0
2024-06-29 21:42:32,749 - poweroff_1_results - INFO - Free_beacon_sumCollisionNum: 0
2024-06-29 21:42:32,749 - poweroff_1_results - INFO - Find_averageEnhancedSyn: 34.45097506594853
2024-06-29 21:42:32,749 - poweroff_1_results - INFO - Find_averageEnhancedDis: 0.0
2024-06-29 21:42:32,749 - poweroff_1_results - INFO - Find_averageEnhancedCollisionNum: 0.9999999999999999
2024-06-29 21:42:32,750 - poweroff_1_results - INFO - FlyncFind_averageEnhancedSyn: 19.1630843588743
2024-06-29 21:42:32,750 - poweroff_1_results - INFO - FlyncFind_averageEnhancedDis: 0.0
2024-06-29 21:42:32,750 - poweroff_1_results - INFO - FlyncFind_averageEnhancedCollisionNum: 1.0
2024-06-29 21:42:32,751 - poweroff_1_results - INFO - Pulsar_averageEnhancedSyn: 8.844280567638394
2024-06-29 21:42:32,751 - poweroff_1_results - INFO - Pulsar_averageEnhancedDis: 10.497047272637026
2024-06-29 21:42:32,751 - poweroff_1_results - INFO - Pulsar_averageEnhancedCollisionNum: 1.0
