2024-06-24 14:21:22,093 - poweroff_30_results - INFO - *******************STATIC_TRACE*******************
2024-06-24 14:21:22,093 - poweroff_30_results - INFO - Find_averageSyn: 166852.868
2024-06-24 14:21:22,093 - poweroff_30_results - INFO - Find_averageDis: 0.0
2024-06-24 14:21:22,093 - poweroff_30_results - INFO - Find_averageCollisionNum: 13.6
2024-06-24 14:21:22,093 - poweroff_30_results - INFO - Find_sumCollisionNum: 408
2024-06-24 14:21:22,094 - poweroff_30_results - INFO - FlyncFind_averageSyn: 143059.14666666667
2024-06-24 14:21:22,094 - poweroff_30_results - INFO - FlyncFind_averageDis: 0.0
2024-06-24 14:21:22,094 - poweroff_30_results - INFO - FlyncFind_averageCollisionNum: 473.53333333333336
2024-06-24 14:21:22,094 - poweroff_30_results - INFO - FlyncFind_sumCollisionNum: 14206
2024-06-24 14:21:22,094 - poweroff_30_results - INFO - Pulsar_averageSyn: 24664.966666666667
2024-06-24 14:21:22,094 - poweroff_30_results - INFO - Pulsar_averageDis: 108196.5
2024-06-24 14:21:22,094 - poweroff_30_results - INFO - Pulsar_averageCollisionNum: 0.9333333333333333
2024-06-24 14:21:22,094 - poweroff_30_results - INFO - Pulsar_sumCollisionNum: 28
2024-06-24 14:21:22,095 - poweroff_30_results - INFO - Free_beacon_averageSyn: 1161.816
2024-06-24 14:21:22,095 - poweroff_30_results - INFO - Free_beacon_averageDis: 30002.366666666665
2024-06-24 14:21:22,095 - poweroff_30_results - INFO - Free_beacon_averageCollisionNum: 4.833333333333333
2024-06-24 14:21:22,095 - poweroff_30_results - INFO - Free_beacon_sumCollisionNum: 145
2024-06-24 14:21:22,095 - poweroff_30_results - INFO - Find_averageEnhancedSyn: 143.61384935308172
2024-06-24 14:21:22,096 - poweroff_30_results - INFO - Find_averageEnhancedDis: 0.0
2024-06-24 14:21:22,096 - poweroff_30_results - INFO - Find_averageEnhancedCollisionNum: 0.9999999999999999
2024-06-24 14:21:22,096 - poweroff_30_results - INFO - FlyncFind_averageEnhancedSyn: 123.13408204626779
2024-06-24 14:21:22,096 - poweroff_30_results - INFO - FlyncFind_averageEnhancedDis: 0.0
2024-06-24 14:21:22,096 - poweroff_30_results - INFO - FlyncFind_averageEnhancedCollisionNum: 1.0
2024-06-24 14:21:22,097 - poweroff_30_results - INFO - Pulsar_averageEnhancedSyn: 21.229666889306625
2024-06-24 14:21:22,097 - poweroff_30_results - INFO - Pulsar_averageEnhancedDis: 3.6062655057212156
2024-06-24 14:21:22,097 - poweroff_30_results - INFO - Pulsar_averageEnhancedCollisionNum: 1.0000000000000002
2024-06-24 15:02:28,072 - poweroff_30_results - INFO - *******************COMPLEX_TRACE*******************
2024-06-24 15:02:28,073 - poweroff_30_results - INFO - Find_averageSyn: 1099576.9586666666
2024-06-24 15:02:28,073 - poweroff_30_results - INFO - Find_averageDis: 0.0
2024-06-24 15:02:28,073 - poweroff_30_results - INFO - Find_averageCollisionNum: 3.533333333333333
2024-06-24 15:02:28,073 - poweroff_30_results - INFO - Find_sumCollisionNum: 106
2024-06-24 15:02:28,073 - poweroff_30_results - INFO - FlyncFind_averageSyn: 229579.4
2024-06-24 15:02:28,074 - poweroff_30_results - INFO - FlyncFind_averageDis: 0.0
2024-06-24 15:02:28,074 - poweroff_30_results - INFO - FlyncFind_averageCollisionNum: 54.8
2024-06-24 15:02:28,074 - poweroff_30_results - INFO - FlyncFind_sumCollisionNum: 1644
2024-06-24 15:02:28,074 - poweroff_30_results - INFO - Pulsar_averageSyn: 125176.252
2024-06-24 15:02:28,074 - poweroff_30_results - INFO - Pulsar_averageDis: 221726.36666666667
2024-06-24 15:02:28,074 - poweroff_30_results - INFO - Pulsar_averageCollisionNum: 0.7
2024-06-24 15:02:28,074 - poweroff_30_results - INFO - Pulsar_sumCollisionNum: 21
2024-06-24 15:02:28,074 - poweroff_30_results - INFO - Free_beacon_averageSyn: 4394.381333333334
2024-06-24 15:02:28,075 - poweroff_30_results - INFO - Free_beacon_averageDis: 28254.3
2024-06-24 15:02:28,075 - poweroff_30_results - INFO - Free_beacon_averageCollisionNum: 0.4666666666666667
2024-06-24 15:02:28,075 - poweroff_30_results - INFO - Free_beacon_sumCollisionNum: 14
2024-06-24 15:02:28,075 - poweroff_30_results - INFO - Find_averageEnhancedSyn: 250.22338191860754
2024-06-24 15:02:28,075 - poweroff_30_results - INFO - Find_averageEnhancedDis: 0.0
2024-06-24 15:02:28,075 - poweroff_30_results - INFO - Find_averageEnhancedCollisionNum: 1.0
2024-06-24 15:02:28,076 - poweroff_30_results - INFO - FlyncFind_averageEnhancedSyn: 52.243850177165626
2024-06-24 15:02:28,076 - poweroff_30_results - INFO - FlyncFind_averageEnhancedDis: 0.0
2024-06-24 15:02:28,076 - poweroff_30_results - INFO - FlyncFind_averageEnhancedCollisionNum: 1.0
2024-06-24 15:02:28,077 - poweroff_30_results - INFO - Pulsar_averageEnhancedSyn: 28.485523331915356
2024-06-24 15:02:28,077 - poweroff_30_results - INFO - Pulsar_averageEnhancedDis: 7.847526453200634
2024-06-24 15:02:28,077 - poweroff_30_results - INFO - Pulsar_averageEnhancedCollisionNum: 1.0
2024-06-24 16:04:50,523 - poweroff_30_results - INFO - *******************STAIRS_TRACE*******************
2024-06-24 16:04:50,523 - poweroff_30_results - INFO - Find_averageSyn: 49977.47066666667
2024-06-24 16:04:50,524 - poweroff_30_results - INFO - Find_averageDis: 0.0
2024-06-24 16:04:50,524 - poweroff_30_results - INFO - Find_averageCollisionNum: 29.733333333333334
2024-06-24 16:04:50,524 - poweroff_30_results - INFO - Find_sumCollisionNum: 892
2024-06-24 16:04:50,524 - poweroff_30_results - INFO - FlyncFind_averageSyn: 329147.92
2024-06-24 16:04:50,524 - poweroff_30_results - INFO - FlyncFind_averageDis: 0.0
2024-06-24 16:04:50,524 - poweroff_30_results - INFO - FlyncFind_averageCollisionNum: 3826.9333333333334
2024-06-24 16:04:50,524 - poweroff_30_results - INFO - FlyncFind_sumCollisionNum: 114808
2024-06-24 16:04:50,524 - poweroff_30_results - INFO - Pulsar_averageSyn: 7024.733333333334
2024-06-24 16:04:50,525 - poweroff_30_results - INFO - Pulsar_averageDis: 86991.53333333334
2024-06-24 16:04:50,525 - poweroff_30_results - INFO - Pulsar_averageCollisionNum: 1.8333333333333333
2024-06-24 16:04:50,525 - poweroff_30_results - INFO - Pulsar_sumCollisionNum: 55
2024-06-24 16:04:50,525 - poweroff_30_results - INFO - Free_beacon_averageSyn: 198.57333333333332
2024-06-24 16:04:50,525 - poweroff_30_results - INFO - Free_beacon_averageDis: 17527.5
2024-06-24 16:04:50,525 - poweroff_30_results - INFO - Free_beacon_averageCollisionNum: 4.866666666666666
2024-06-24 16:04:50,525 - poweroff_30_results - INFO - Free_beacon_sumCollisionNum: 146
2024-06-24 16:04:50,526 - poweroff_30_results - INFO - Find_averageEnhancedSyn: 251.68268985429398
2024-06-24 16:04:50,526 - poweroff_30_results - INFO - Find_averageEnhancedDis: 0.0
2024-06-24 16:04:50,526 - poweroff_30_results - INFO - Find_averageEnhancedCollisionNum: 1.0
2024-06-24 16:04:50,526 - poweroff_30_results - INFO - FlyncFind_averageEnhancedSyn: 1657.56355334721
2024-06-24 16:04:50,527 - poweroff_30_results - INFO - FlyncFind_averageEnhancedDis: 0.0
2024-06-24 16:04:50,527 - poweroff_30_results - INFO - FlyncFind_averageEnhancedCollisionNum: 1.0000000000000002
2024-06-24 16:04:50,527 - poweroff_30_results - INFO - Pulsar_averageEnhancedSyn: 35.37601557778822
2024-06-24 16:04:50,527 - poweroff_30_results - INFO - Pulsar_averageEnhancedDis: 4.963145533209718
2024-06-24 16:04:50,528 - poweroff_30_results - INFO - Pulsar_averageEnhancedCollisionNum: 1.0000000000000002
2024-06-24 21:10:58,184 - poweroff_30_results - INFO - *******************CARS_TRACE*******************
2024-06-24 21:10:58,185 - poweroff_30_results - INFO - Find_averageSyn: 192322112.316
2024-06-24 21:10:58,185 - poweroff_30_results - INFO - Find_averageDis: 0.0
2024-06-24 21:10:58,185 - poweroff_30_results - INFO - Find_averageCollisionNum: 0.4
2024-06-24 21:10:58,185 - poweroff_30_results - INFO - Find_sumCollisionNum: 12
2024-06-24 21:10:58,185 - poweroff_30_results - INFO - FlyncFind_averageSyn: 19741626.12
2024-06-24 21:10:58,185 - poweroff_30_results - INFO - FlyncFind_averageDis: 0.0
2024-06-24 21:10:58,185 - poweroff_30_results - INFO - FlyncFind_averageCollisionNum: 2.533333333333333
2024-06-24 21:10:58,185 - poweroff_30_results - INFO - FlyncFind_sumCollisionNum: 76
2024-06-24 21:10:58,186 - poweroff_30_results - INFO - Pulsar_averageSyn: 3187585.271333333
2024-06-24 21:10:58,186 - poweroff_30_results - INFO - Pulsar_averageDis: 1615812.1666666667
2024-06-24 21:10:58,186 - poweroff_30_results - INFO - Pulsar_averageCollisionNum: 0.0
2024-06-24 21:10:58,186 - poweroff_30_results - INFO - Pulsar_sumCollisionNum: 0
2024-06-24 21:10:58,186 - poweroff_30_results - INFO - Free_beacon_averageSyn: 605837.072
2024-06-24 21:10:58,186 - poweroff_30_results - INFO - Free_beacon_averageDis: 588902.8666666667
2024-06-24 21:10:58,186 - poweroff_30_results - INFO - Free_beacon_averageCollisionNum: 0.1
2024-06-24 21:10:58,186 - poweroff_30_results - INFO - Free_beacon_sumCollisionNum: 3
2024-06-24 21:10:58,187 - poweroff_30_results - INFO - Find_averageEnhancedSyn: 317.4485702585067
2024-06-24 21:10:58,187 - poweroff_30_results - INFO - Find_averageEnhancedDis: 0.0
2024-06-24 21:10:58,187 - poweroff_30_results - INFO - Find_averageEnhancedCollisionNum: 1.0
2024-06-24 21:10:58,188 - poweroff_30_results - INFO - FlyncFind_averageEnhancedSyn: 32.58570172146877
2024-06-24 21:10:58,188 - poweroff_30_results - INFO - FlyncFind_averageEnhancedDis: 0.0
2024-06-24 21:10:58,188 - poweroff_30_results - INFO - FlyncFind_averageEnhancedCollisionNum: 1.0000000000000002
2024-06-24 21:10:58,188 - poweroff_30_results - INFO - Pulsar_averageEnhancedSyn: 5.261456286936057
2024-06-24 21:10:58,188 - poweroff_30_results - INFO - Pulsar_averageEnhancedDis: 2.7437668554961467
2024-06-24 21:10:58,189 - poweroff_30_results - INFO - Pulsar_averageEnhancedCollisionNum: 0.0
2024-06-24 22:01:23,332 - poweroff_30_results - INFO - *******************JOGGING_TRACE*******************
2024-06-24 22:01:23,332 - poweroff_30_results - INFO - Find_averageSyn: 1885128.4386666666
2024-06-24 22:01:23,332 - poweroff_30_results - INFO - Find_averageDis: 0.0
2024-06-24 22:01:23,332 - poweroff_30_results - INFO - Find_averageCollisionNum: 3.2
2024-06-24 22:01:23,333 - poweroff_30_results - INFO - Find_sumCollisionNum: 96
2024-06-24 22:01:23,333 - poweroff_30_results - INFO - FlyncFind_averageSyn: 398298.58666666667
2024-06-24 22:01:23,333 - poweroff_30_results - INFO - FlyncFind_averageDis: 0.0
2024-06-24 22:01:23,333 - poweroff_30_results - INFO - FlyncFind_averageCollisionNum: 39.666666666666664
2024-06-24 22:01:23,333 - poweroff_30_results - INFO - FlyncFind_sumCollisionNum: 1190
2024-06-24 22:01:23,333 - poweroff_30_results - INFO - Pulsar_averageSyn: 258118.16
2024-06-24 22:01:23,333 - poweroff_30_results - INFO - Pulsar_averageDis: 269293.26666666666
2024-06-24 22:01:23,333 - poweroff_30_results - INFO - Pulsar_averageCollisionNum: 0.2
2024-06-24 22:01:23,334 - poweroff_30_results - INFO - Pulsar_sumCollisionNum: 6
2024-06-24 22:01:23,334 - poweroff_30_results - INFO - Free_beacon_averageSyn: 8510.644
2024-06-24 22:01:23,334 - poweroff_30_results - INFO - Free_beacon_averageDis: 40926.86666666667
2024-06-24 22:01:23,334 - poweroff_30_results - INFO - Free_beacon_averageCollisionNum: 0.4
2024-06-24 22:01:23,334 - poweroff_30_results - INFO - Free_beacon_sumCollisionNum: 12
2024-06-24 22:01:23,334 - poweroff_30_results - INFO - Find_averageEnhancedSyn: 221.50244313669643
2024-06-24 22:01:23,335 - poweroff_30_results - INFO - Find_averageEnhancedDis: 0.0
2024-06-24 22:01:23,335 - poweroff_30_results - INFO - Find_averageEnhancedCollisionNum: 1.0
2024-06-24 22:01:23,335 - poweroff_30_results - INFO - FlyncFind_averageEnhancedSyn: 46.8000525772981
2024-06-24 22:01:23,335 - poweroff_30_results - INFO - FlyncFind_averageEnhancedDis: 0.0
2024-06-24 22:01:23,336 - poweroff_30_results - INFO - FlyncFind_averageEnhancedCollisionNum: 1.0
2024-06-24 22:01:23,336 - poweroff_30_results - INFO - Pulsar_averageEnhancedSyn: 30.328863479661468
2024-06-24 22:01:23,336 - poweroff_30_results - INFO - Pulsar_averageEnhancedDis: 6.579865223007543
2024-06-24 22:01:23,336 - poweroff_30_results - INFO - Pulsar_averageEnhancedCollisionNum: 1.0
2024-06-24 22:29:29,959 - poweroff_30_results - INFO - *******************OFFICE_TRACE*******************
2024-06-24 22:29:29,959 - poweroff_30_results - INFO - Find_averageSyn: 333753.0426666667
2024-06-24 22:29:29,959 - poweroff_30_results - INFO - Find_averageDis: 0.0
2024-06-24 22:29:29,959 - poweroff_30_results - INFO - Find_averageCollisionNum: 7.266666666666667
2024-06-24 22:29:29,959 - poweroff_30_results - INFO - Find_sumCollisionNum: 218
2024-06-24 22:29:29,960 - poweroff_30_results - INFO - FlyncFind_averageSyn: 136252.17733333333
2024-06-24 22:29:29,960 - poweroff_30_results - INFO - FlyncFind_averageDis: 0.0
2024-06-24 22:29:29,960 - poweroff_30_results - INFO - FlyncFind_averageCollisionNum: 178.4
2024-06-24 22:29:29,960 - poweroff_30_results - INFO - FlyncFind_sumCollisionNum: 5352
2024-06-24 22:29:29,960 - poweroff_30_results - INFO - Pulsar_averageSyn: 43842.53466666667
2024-06-24 22:29:29,960 - poweroff_30_results - INFO - Pulsar_averageDis: 138668.2
2024-06-24 22:29:29,960 - poweroff_30_results - INFO - Pulsar_averageCollisionNum: 1.0666666666666667
2024-06-24 22:29:29,960 - poweroff_30_results - INFO - Pulsar_sumCollisionNum: 32
2024-06-24 22:29:29,961 - poweroff_30_results - INFO - Free_beacon_averageSyn: 2067.076
2024-06-24 22:29:29,961 - poweroff_30_results - INFO - Free_beacon_averageDis: 17451.5
2024-06-24 22:29:29,961 - poweroff_30_results - INFO - Free_beacon_averageCollisionNum: 0.5
2024-06-24 22:29:29,961 - poweroff_30_results - INFO - Free_beacon_sumCollisionNum: 15
2024-06-24 22:29:29,961 - poweroff_30_results - INFO - Find_averageEnhancedSyn: 161.46142796233264
2024-06-24 22:29:29,961 - poweroff_30_results - INFO - Find_averageEnhancedDis: 0.0
2024-06-24 22:29:29,962 - poweroff_30_results - INFO - Find_averageEnhancedCollisionNum: 1.0000000000000002
2024-06-24 22:29:29,962 - poweroff_30_results - INFO - FlyncFind_averageEnhancedSyn: 65.91541739797343
2024-06-24 22:29:29,962 - poweroff_30_results - INFO - FlyncFind_averageEnhancedDis: 0.0
2024-06-24 22:29:29,962 - poweroff_30_results - INFO - FlyncFind_averageEnhancedCollisionNum: 1.0
2024-06-24 22:29:29,963 - poweroff_30_results - INFO - Pulsar_averageEnhancedSyn: 21.209928743145714
2024-06-24 22:29:29,963 - poweroff_30_results - INFO - Pulsar_averageEnhancedDis: 7.9459186889379145
2024-06-24 22:29:29,963 - poweroff_30_results - INFO - Pulsar_averageEnhancedCollisionNum: 1.0
2024-06-24 23:35:16,495 - poweroff_30_results - INFO - *******************WASHER_TRACE*******************
2024-06-24 23:35:16,496 - poweroff_30_results - INFO - Find_averageSyn: 7248703.870666667
2024-06-24 23:35:16,496 - poweroff_30_results - INFO - Find_averageDis: 0.0
2024-06-24 23:35:16,496 - poweroff_30_results - INFO - Find_averageCollisionNum: 4.666666666666667
2024-06-24 23:35:16,496 - poweroff_30_results - INFO - Find_sumCollisionNum: 140
2024-06-24 23:35:16,496 - poweroff_30_results - INFO - FlyncFind_averageSyn: 4281337.76
2024-06-24 23:35:16,496 - poweroff_30_results - INFO - FlyncFind_averageDis: 0.0
2024-06-24 23:35:16,497 - poweroff_30_results - INFO - FlyncFind_averageCollisionNum: 14.4
2024-06-24 23:35:16,497 - poweroff_30_results - INFO - FlyncFind_sumCollisionNum: 432
2024-06-24 23:35:16,497 - poweroff_30_results - INFO - Pulsar_averageSyn: 2342763.2193333334
2024-06-24 23:35:16,497 - poweroff_30_results - INFO - Pulsar_averageDis: 2962314.3
2024-06-24 23:35:16,497 - poweroff_30_results - INFO - Pulsar_averageCollisionNum: 0.0
2024-06-24 23:35:16,497 - poweroff_30_results - INFO - Pulsar_sumCollisionNum: 0
2024-06-24 23:35:16,497 - poweroff_30_results - INFO - Free_beacon_averageSyn: 216406.49266666666
2024-06-24 23:35:16,497 - poweroff_30_results - INFO - Free_beacon_averageDis: 251314.1
2024-06-24 23:35:16,497 - poweroff_30_results - INFO - Free_beacon_averageCollisionNum: 0.0
2024-06-24 23:35:16,498 - poweroff_30_results - INFO - Free_beacon_sumCollisionNum: 0
2024-06-24 23:35:16,498 - poweroff_30_results - INFO - Find_averageEnhancedSyn: 33.49577815963187
2024-06-24 23:35:16,498 - poweroff_30_results - INFO - Find_averageEnhancedDis: 0.0
2024-06-24 23:35:16,498 - poweroff_30_results - INFO - Find_averageEnhancedCollisionNum: 1.0
2024-06-24 23:35:16,499 - poweroff_30_results - INFO - FlyncFind_averageEnhancedSyn: 19.783776850884934
2024-06-24 23:35:16,499 - poweroff_30_results - INFO - FlyncFind_averageEnhancedDis: 0.0
2024-06-24 23:35:16,499 - poweroff_30_results - INFO - FlyncFind_averageEnhancedCollisionNum: 0.9999999999999998
2024-06-24 23:35:16,500 - poweroff_30_results - INFO - Pulsar_averageEnhancedSyn: 10.82575291741324
2024-06-24 23:35:16,500 - poweroff_30_results - INFO - Pulsar_averageEnhancedDis: 11.787298444456557
2024-06-24 23:35:16,500 - poweroff_30_results - INFO - Pulsar_averageEnhancedCollisionNum: 0.0
2024-07-01 01:19:05,579 - poweroff_30_results - INFO - *******************STATIC_TRACE*******************
2024-07-01 01:19:05,580 - poweroff_30_results - INFO - Find_averageSyn: 160998.27866666668
2024-07-01 01:19:05,580 - poweroff_30_results - INFO - Find_averageDis: 0.0
2024-07-01 01:19:05,580 - poweroff_30_results - INFO - Find_averageCollisionNum: 11.2
2024-07-01 01:19:05,580 - poweroff_30_results - INFO - Find_sumCollisionNum: 336
2024-07-01 01:19:05,580 - poweroff_30_results - INFO - FlyncFind_averageSyn: 128426.2
2024-07-01 01:19:05,580 - poweroff_30_results - INFO - FlyncFind_averageDis: 0.0
2024-07-01 01:19:05,580 - poweroff_30_results - INFO - FlyncFind_averageCollisionNum: 428.3333333333333
2024-07-01 01:19:05,581 - poweroff_30_results - INFO - FlyncFind_sumCollisionNum: 12850
2024-07-01 01:19:05,581 - poweroff_30_results - INFO - Pulsar_averageSyn: 26405.802666666666
2024-07-01 01:19:05,581 - poweroff_30_results - INFO - Pulsar_averageDis: 92629.16666666667
2024-07-01 01:19:05,581 - poweroff_30_results - INFO - Pulsar_averageCollisionNum: 0.6333333333333333
2024-07-01 01:19:05,581 - poweroff_30_results - INFO - Pulsar_sumCollisionNum: 19
2024-07-01 01:19:05,581 - poweroff_30_results - INFO - Free_beacon_averageSyn: 1046.5546666666667
2024-07-01 01:19:05,581 - poweroff_30_results - INFO - Free_beacon_averageDis: 20734.5
2024-07-01 01:19:05,581 - poweroff_30_results - INFO - Free_beacon_averageCollisionNum: 2.2666666666666666
2024-07-01 01:19:05,581 - poweroff_30_results - INFO - Free_beacon_sumCollisionNum: 68
2024-07-01 01:19:05,582 - poweroff_30_results - INFO - Find_averageEnhancedSyn: 153.8364729474237
2024-07-01 01:19:05,582 - poweroff_30_results - INFO - Find_averageEnhancedDis: 0.0
2024-07-01 01:19:05,582 - poweroff_30_results - INFO - Find_averageEnhancedCollisionNum: 1.0000000000000002
2024-07-01 01:19:05,583 - poweroff_30_results - INFO - FlyncFind_averageEnhancedSyn: 122.71332218989038
2024-07-01 01:19:05,583 - poweroff_30_results - INFO - FlyncFind_averageEnhancedDis: 0.0
2024-07-01 01:19:05,583 - poweroff_30_results - INFO - FlyncFind_averageEnhancedCollisionNum: 1.0
2024-07-01 01:19:05,583 - poweroff_30_results - INFO - Pulsar_averageEnhancedSyn: 25.23117378165307
2024-07-01 01:19:05,584 - poweroff_30_results - INFO - Pulsar_averageEnhancedDis: 4.467393313881052
2024-07-01 01:19:05,584 - poweroff_30_results - INFO - Pulsar_averageEnhancedCollisionNum: 1.0
2024-07-01 02:00:07,744 - poweroff_30_results - INFO - *******************COMPLEX_TRACE*******************
2024-07-01 02:00:07,745 - poweroff_30_results - INFO - Find_averageSyn: 1100635.5506666666
2024-07-01 02:00:07,745 - poweroff_30_results - INFO - Find_averageDis: 0.0
2024-07-01 02:00:07,745 - poweroff_30_results - INFO - Find_averageCollisionNum: 4.466666666666667
2024-07-01 02:00:07,745 - poweroff_30_results - INFO - Find_sumCollisionNum: 134
2024-07-01 02:00:07,745 - poweroff_30_results - INFO - FlyncFind_averageSyn: 248987.09333333332
2024-07-01 02:00:07,745 - poweroff_30_results - INFO - FlyncFind_averageDis: 0.0
2024-07-01 02:00:07,745 - poweroff_30_results - INFO - FlyncFind_averageCollisionNum: 63.46666666666667
2024-07-01 02:00:07,746 - poweroff_30_results - INFO - FlyncFind_sumCollisionNum: 1904
2024-07-01 02:00:07,746 - poweroff_30_results - INFO - Pulsar_averageSyn: 135656.92533333335
2024-07-01 02:00:07,746 - poweroff_30_results - INFO - Pulsar_averageDis: 197808.73333333334
2024-07-01 02:00:07,746 - poweroff_30_results - INFO - Pulsar_averageCollisionNum: 0.2
2024-07-01 02:00:07,746 - poweroff_30_results - INFO - Pulsar_sumCollisionNum: 6
2024-07-01 02:00:07,746 - poweroff_30_results - INFO - Free_beacon_averageSyn: 4668.405333333333
2024-07-01 02:00:07,746 - poweroff_30_results - INFO - Free_beacon_averageDis: 33389.066666666666
2024-07-01 02:00:07,746 - poweroff_30_results - INFO - Free_beacon_averageCollisionNum: 0.5666666666666667
2024-07-01 02:00:07,746 - poweroff_30_results - INFO - Free_beacon_sumCollisionNum: 17
2024-07-01 02:00:07,747 - poweroff_30_results - INFO - Find_averageEnhancedSyn: 235.7626367204904
2024-07-01 02:00:07,747 - poweroff_30_results - INFO - Find_averageEnhancedDis: 0.0
2024-07-01 02:00:07,747 - poweroff_30_results - INFO - Find_averageEnhancedCollisionNum: 1.0000000000000002
2024-07-01 02:00:07,748 - poweroff_30_results - INFO - FlyncFind_averageEnhancedSyn: 53.334506229679
2024-07-01 02:00:07,748 - poweroff_30_results - INFO - FlyncFind_averageEnhancedDis: 0.0
2024-07-01 02:00:07,748 - poweroff_30_results - INFO - FlyncFind_averageEnhancedCollisionNum: 1.0000000000000002
2024-07-01 02:00:07,749 - poweroff_30_results - INFO - Pulsar_averageEnhancedSyn: 29.058514770496938
2024-07-01 02:00:07,749 - poweroff_30_results - INFO - Pulsar_averageEnhancedDis: 5.924356475972175
2024-07-01 02:00:07,749 - poweroff_30_results - INFO - Pulsar_averageEnhancedCollisionNum: 1.0
2024-07-01 02:58:28,792 - poweroff_30_results - INFO - *******************STAIRS_TRACE*******************
2024-07-01 02:58:28,792 - poweroff_30_results - INFO - Find_averageSyn: 51229.43466666667
2024-07-01 02:58:28,793 - poweroff_30_results - INFO - Find_averageDis: 0.0
2024-07-01 02:58:28,793 - poweroff_30_results - INFO - Find_averageCollisionNum: 26.8
2024-07-01 02:58:28,793 - poweroff_30_results - INFO - Find_sumCollisionNum: 804
2024-07-01 02:58:28,793 - poweroff_30_results - INFO - FlyncFind_averageSyn: 312055.69333333336
2024-07-01 02:58:28,793 - poweroff_30_results - INFO - FlyncFind_averageDis: 0.0
2024-07-01 02:58:28,793 - poweroff_30_results - INFO - FlyncFind_averageCollisionNum: 3671.4666666666667
2024-07-01 02:58:28,793 - poweroff_30_results - INFO - FlyncFind_sumCollisionNum: 110144
2024-07-01 02:58:28,793 - poweroff_30_results - INFO - Pulsar_averageSyn: 5979.381333333334
2024-07-01 02:58:28,793 - poweroff_30_results - INFO - Pulsar_averageDis: 67252.46666666666
2024-07-01 02:58:28,793 - poweroff_30_results - INFO - Pulsar_averageCollisionNum: 1.9
2024-07-01 02:58:28,793 - poweroff_30_results - INFO - Pulsar_sumCollisionNum: 57
2024-07-01 02:58:28,794 - poweroff_30_results - INFO - Free_beacon_averageSyn: 196.936
2024-07-01 02:58:28,794 - poweroff_30_results - INFO - Free_beacon_averageDis: 14309.633333333333
2024-07-01 02:58:28,794 - poweroff_30_results - INFO - Free_beacon_averageCollisionNum: 3.033333333333333
2024-07-01 02:58:28,794 - poweroff_30_results - INFO - Free_beacon_sumCollisionNum: 91
2024-07-01 02:58:28,794 - poweroff_30_results - INFO - Find_averageEnhancedSyn: 260.13240172780326
2024-07-01 02:58:28,794 - poweroff_30_results - INFO - Find_averageEnhancedDis: 0.0
2024-07-01 02:58:28,794 - poweroff_30_results - INFO - Find_averageEnhancedCollisionNum: 1.0
2024-07-01 02:58:28,795 - poweroff_30_results - INFO - FlyncFind_averageEnhancedSyn: 1584.5538313631503
2024-07-01 02:58:28,795 - poweroff_30_results - INFO - FlyncFind_averageEnhancedDis: 0.0
2024-07-01 02:58:28,795 - poweroff_30_results - INFO - FlyncFind_averageEnhancedCollisionNum: 1.0000000000000002
2024-07-01 02:58:28,795 - poweroff_30_results - INFO - Pulsar_averageEnhancedSyn: 30.362053323583975
2024-07-01 02:58:28,795 - poweroff_30_results - INFO - Pulsar_averageEnhancedDis: 4.69980362879086
2024-07-01 02:58:28,795 - poweroff_30_results - INFO - Pulsar_averageEnhancedCollisionNum: 1.0
2024-07-01 08:03:27,367 - poweroff_30_results - INFO - *******************CARS_TRACE*******************
2024-07-01 08:03:27,367 - poweroff_30_results - INFO - Find_averageSyn: 205073813.22933334
2024-07-01 08:03:27,367 - poweroff_30_results - INFO - Find_averageDis: 0.0
2024-07-01 08:03:27,368 - poweroff_30_results - INFO - Find_averageCollisionNum: 0.13333333333333333
2024-07-01 08:03:27,368 - poweroff_30_results - INFO - Find_sumCollisionNum: 4
2024-07-01 08:03:27,368 - poweroff_30_results - INFO - FlyncFind_averageSyn: 19165433.453333333
2024-07-01 08:03:27,368 - poweroff_30_results - INFO - FlyncFind_averageDis: 0.0
2024-07-01 08:03:27,368 - poweroff_30_results - INFO - FlyncFind_averageCollisionNum: 2.6666666666666665
2024-07-01 08:03:27,368 - poweroff_30_results - INFO - FlyncFind_sumCollisionNum: 80
2024-07-01 08:03:27,368 - poweroff_30_results - INFO - Pulsar_averageSyn: 3189731.8473333335
2024-07-01 08:03:27,368 - poweroff_30_results - INFO - Pulsar_averageDis: 2061269.5
2024-07-01 08:03:27,369 - poweroff_30_results - INFO - Pulsar_averageCollisionNum: 0.1
2024-07-01 08:03:27,369 - poweroff_30_results - INFO - Pulsar_sumCollisionNum: 3
2024-07-01 08:03:27,369 - poweroff_30_results - INFO - Free_beacon_averageSyn: 595039.962
2024-07-01 08:03:27,369 - poweroff_30_results - INFO - Free_beacon_averageDis: 457078.2
2024-07-01 08:03:27,369 - poweroff_30_results - INFO - Free_beacon_averageCollisionNum: 0.0
2024-07-01 08:03:27,369 - poweroff_30_results - INFO - Free_beacon_sumCollisionNum: 0
2024-07-01 08:03:27,370 - poweroff_30_results - INFO - Find_averageEnhancedSyn: 344.63872399436144
2024-07-01 08:03:27,370 - poweroff_30_results - INFO - Find_averageEnhancedDis: 0.0
2024-07-01 08:03:27,370 - poweroff_30_results - INFO - Find_averageEnhancedCollisionNum: 1.0
2024-07-01 08:03:27,370 - poweroff_30_results - INFO - FlyncFind_averageEnhancedSyn: 32.20864929628597
2024-07-01 08:03:27,370 - poweroff_30_results - INFO - FlyncFind_averageEnhancedDis: 0.0
2024-07-01 08:03:27,371 - poweroff_30_results - INFO - FlyncFind_averageEnhancedCollisionNum: 1.0
2024-07-01 08:03:27,371 - poweroff_30_results - INFO - Pulsar_averageEnhancedSyn: 5.360533831395568
2024-07-01 08:03:27,371 - poweroff_30_results - INFO - Pulsar_averageEnhancedDis: 4.509664866974623
2024-07-01 08:03:27,371 - poweroff_30_results - INFO - Pulsar_averageEnhancedCollisionNum: 1.0
2024-07-01 08:48:58,778 - poweroff_30_results - INFO - *******************JOGGING_TRACE*******************
2024-07-01 08:48:58,778 - poweroff_30_results - INFO - Find_averageSyn: 1851002.0133333334
2024-07-01 08:48:58,778 - poweroff_30_results - INFO - Find_averageDis: 0.0
2024-07-01 08:48:58,778 - poweroff_30_results - INFO - Find_averageCollisionNum: 3.4
2024-07-01 08:48:58,778 - poweroff_30_results - INFO - Find_sumCollisionNum: 102
2024-07-01 08:48:58,779 - poweroff_30_results - INFO - FlyncFind_averageSyn: 381667.84
2024-07-01 08:48:58,779 - poweroff_30_results - INFO - FlyncFind_averageDis: 0.0
2024-07-01 08:48:58,779 - poweroff_30_results - INFO - FlyncFind_averageCollisionNum: 40.266666666666666
2024-07-01 08:48:58,779 - poweroff_30_results - INFO - FlyncFind_sumCollisionNum: 1208
2024-07-01 08:48:58,779 - poweroff_30_results - INFO - Pulsar_averageSyn: 221328.63866666667
2024-07-01 08:48:58,779 - poweroff_30_results - INFO - Pulsar_averageDis: 226951.36666666667
2024-07-01 08:48:58,779 - poweroff_30_results - INFO - Pulsar_averageCollisionNum: 0.13333333333333333
2024-07-01 08:48:58,779 - poweroff_30_results - INFO - Pulsar_sumCollisionNum: 4
2024-07-01 08:48:58,780 - poweroff_30_results - INFO - Free_beacon_averageSyn: 8636.346666666666
2024-07-01 08:48:58,780 - poweroff_30_results - INFO - Free_beacon_averageDis: 31794.8
2024-07-01 08:48:58,780 - poweroff_30_results - INFO - Free_beacon_averageCollisionNum: 0.16666666666666666
2024-07-01 08:48:58,780 - poweroff_30_results - INFO - Free_beacon_sumCollisionNum: 5
2024-07-01 08:48:58,780 - poweroff_30_results - INFO - Find_averageEnhancedSyn: 214.32697004597625
2024-07-01 08:48:58,780 - poweroff_30_results - INFO - Find_averageEnhancedDis: 0.0
2024-07-01 08:48:58,781 - poweroff_30_results - INFO - Find_averageEnhancedCollisionNum: 0.9999999999999998
2024-07-01 08:48:58,781 - poweroff_30_results - INFO - FlyncFind_averageEnhancedSyn: 44.193205151561
2024-07-01 08:48:58,781 - poweroff_30_results - INFO - FlyncFind_averageEnhancedDis: 0.0
2024-07-01 08:48:58,781 - poweroff_30_results - INFO - FlyncFind_averageEnhancedCollisionNum: 1.0000000000000002
2024-07-01 08:48:58,782 - poweroff_30_results - INFO - Pulsar_averageEnhancedSyn: 25.627576938396793
2024-07-01 08:48:58,782 - poweroff_30_results - INFO - Pulsar_averageEnhancedDis: 7.138002650328565
2024-07-01 08:48:58,782 - poweroff_30_results - INFO - Pulsar_averageEnhancedCollisionNum: 1.0
2024-07-01 09:14:51,545 - poweroff_30_results - INFO - *******************OFFICE_TRACE*******************
2024-07-01 09:14:51,545 - poweroff_30_results - INFO - Find_averageSyn: 347713.7106666667
2024-07-01 09:14:51,545 - poweroff_30_results - INFO - Find_averageDis: 0.0
2024-07-01 09:14:51,545 - poweroff_30_results - INFO - Find_averageCollisionNum: 8.733333333333333
2024-07-01 09:14:51,545 - poweroff_30_results - INFO - Find_sumCollisionNum: 262
2024-07-01 09:14:51,546 - poweroff_30_results - INFO - FlyncFind_averageSyn: 125289.684
2024-07-01 09:14:51,546 - poweroff_30_results - INFO - FlyncFind_averageDis: 0.0
2024-07-01 09:14:51,546 - poweroff_30_results - INFO - FlyncFind_averageCollisionNum: 154.26666666666668
2024-07-01 09:14:51,546 - poweroff_30_results - INFO - FlyncFind_sumCollisionNum: 4628
2024-07-01 09:14:51,546 - poweroff_30_results - INFO - Pulsar_averageSyn: 41258.1
2024-07-01 09:14:51,546 - poweroff_30_results - INFO - Pulsar_averageDis: 134791.46666666667
2024-07-01 09:14:51,546 - poweroff_30_results - INFO - Pulsar_averageCollisionNum: 0.9
2024-07-01 09:14:51,546 - poweroff_30_results - INFO - Pulsar_sumCollisionNum: 27
2024-07-01 09:14:51,547 - poweroff_30_results - INFO - Free_beacon_averageSyn: 1887.2226666666666
2024-07-01 09:14:51,547 - poweroff_30_results - INFO - Free_beacon_averageDis: 23429.666666666668
2024-07-01 09:14:51,547 - poweroff_30_results - INFO - Free_beacon_averageCollisionNum: 2.466666666666667
2024-07-01 09:14:51,547 - poweroff_30_results - INFO - Free_beacon_sumCollisionNum: 74
2024-07-01 09:14:51,547 - poweroff_30_results - INFO - Find_averageEnhancedSyn: 184.24625605033714
2024-07-01 09:14:51,547 - poweroff_30_results - INFO - Find_averageEnhancedDis: 0.0
2024-07-01 09:14:51,548 - poweroff_30_results - INFO - Find_averageEnhancedCollisionNum: 1.0
2024-07-01 09:14:51,548 - poweroff_30_results - INFO - FlyncFind_averageEnhancedSyn: 66.388395080743
2024-07-01 09:14:51,548 - poweroff_30_results - INFO - FlyncFind_averageEnhancedDis: 0.0
2024-07-01 09:14:51,548 - poweroff_30_results - INFO - FlyncFind_averageEnhancedCollisionNum: 0.9999999999999998
2024-07-01 09:14:51,549 - poweroff_30_results - INFO - Pulsar_averageEnhancedSyn: 21.86180821623592
2024-07-01 09:14:51,549 - poweroff_30_results - INFO - Pulsar_averageEnhancedDis: 5.753025366700337
2024-07-01 09:14:51,549 - poweroff_30_results - INFO - Pulsar_averageEnhancedCollisionNum: 1.0
2024-07-01 10:14:04,489 - poweroff_30_results - INFO - *******************WASHER_TRACE*******************
2024-07-01 10:14:04,490 - poweroff_30_results - INFO - Find_averageSyn: 7313626.058666667
2024-07-01 10:14:04,490 - poweroff_30_results - INFO - Find_averageDis: 0.0
2024-07-01 10:14:04,490 - poweroff_30_results - INFO - Find_averageCollisionNum: 3.8666666666666667
2024-07-01 10:14:04,490 - poweroff_30_results - INFO - Find_sumCollisionNum: 116
2024-07-01 10:14:04,490 - poweroff_30_results - INFO - FlyncFind_averageSyn: 4039157.8933333335
2024-07-01 10:14:04,491 - poweroff_30_results - INFO - FlyncFind_averageDis: 0.0
2024-07-01 10:14:04,491 - poweroff_30_results - INFO - FlyncFind_averageCollisionNum: 14.4
2024-07-01 10:14:04,491 - poweroff_30_results - INFO - FlyncFind_sumCollisionNum: 432
2024-07-01 10:14:04,491 - poweroff_30_results - INFO - Pulsar_averageSyn: 2437363.336
2024-07-01 10:14:04,491 - poweroff_30_results - INFO - Pulsar_averageDis: 2464816.466666667
2024-07-01 10:14:04,491 - poweroff_30_results - INFO - Pulsar_averageCollisionNum: 0.06666666666666667
2024-07-01 10:14:04,491 - poweroff_30_results - INFO - Pulsar_sumCollisionNum: 2
2024-07-01 10:14:04,491 - poweroff_30_results - INFO - Free_beacon_averageSyn: 250339.37933333335
2024-07-01 10:14:04,491 - poweroff_30_results - INFO - Free_beacon_averageDis: 214951.3
2024-07-01 10:14:04,492 - poweroff_30_results - INFO - Free_beacon_averageCollisionNum: 0.0
2024-07-01 10:14:04,492 - poweroff_30_results - INFO - Free_beacon_sumCollisionNum: 0
2024-07-01 10:14:04,492 - poweroff_30_results - INFO - Find_averageEnhancedSyn: 29.21484457676307
2024-07-01 10:14:04,492 - poweroff_30_results - INFO - Find_averageEnhancedDis: 0.0
2024-07-01 10:14:04,492 - poweroff_30_results - INFO - Find_averageEnhancedCollisionNum: 0.9999999999999999
2024-07-01 10:14:04,493 - poweroff_30_results - INFO - FlyncFind_averageEnhancedSyn: 16.134728399861896
2024-07-01 10:14:04,493 - poweroff_30_results - INFO - FlyncFind_averageEnhancedDis: 0.0
2024-07-01 10:14:04,493 - poweroff_30_results - INFO - FlyncFind_averageEnhancedCollisionNum: 1.0
2024-07-01 10:14:04,494 - poweroff_30_results - INFO - Pulsar_averageEnhancedSyn: 9.73623623455017
2024-07-01 10:14:04,494 - poweroff_30_results - INFO - Pulsar_averageEnhancedDis: 11.466860012787393
2024-07-01 10:14:04,494 - poweroff_30_results - INFO - Pulsar_averageEnhancedCollisionNum: 1.0
