2024-06-24 04:44:16,181 - poweroff_20_results - INFO - *******************STATIC_TRACE*******************
2024-06-24 04:44:16,182 - poweroff_20_results - INFO - Find_averageSyn: 157194.38533333334
2024-06-24 04:44:16,182 - poweroff_20_results - INFO - Find_averageDis: 0.0
2024-06-24 04:44:16,182 - poweroff_20_results - INFO - Find_averageCollisionNum: 14.4
2024-06-24 04:44:16,182 - poweroff_20_results - INFO - Find_sumCollisionNum: 432
2024-06-24 04:44:16,182 - poweroff_20_results - INFO - FlyncFind_averageSyn: 157733.46666666667
2024-06-24 04:44:16,182 - poweroff_20_results - INFO - FlyncFind_averageDis: 0.0
2024-06-24 04:44:16,182 - poweroff_20_results - INFO - FlyncFind_averageCollisionNum: 561.6666666666666
2024-06-24 04:44:16,182 - poweroff_20_results - INFO - FlyncFind_sumCollisionNum: 16850
2024-06-24 04:44:16,183 - poweroff_20_results - INFO - Pulsar_averageSyn: 35168.492
2024-06-24 04:44:16,183 - poweroff_20_results - INFO - Pulsar_averageDis: 65703.5
2024-06-24 04:44:16,183 - poweroff_20_results - INFO - Pulsar_averageCollisionNum: 0.8666666666666667
2024-06-24 04:44:16,183 - poweroff_20_results - INFO - Pulsar_sumCollisionNum: 26
2024-06-24 04:44:16,183 - poweroff_20_results - INFO - Free_beacon_averageSyn: 1173.8933333333334
2024-06-24 04:44:16,183 - poweroff_20_results - INFO - Free_beacon_averageDis: 15042.233333333334
2024-06-24 04:44:16,183 - poweroff_20_results - INFO - Free_beacon_averageCollisionNum: 0.7666666666666667
2024-06-24 04:44:16,183 - poweroff_20_results - INFO - Free_beacon_sumCollisionNum: 23
2024-06-24 04:44:16,184 - poweroff_20_results - INFO - Find_averageEnhancedSyn: 133.9085765884464
2024-06-24 04:44:16,184 - poweroff_20_results - INFO - Find_averageEnhancedDis: 0.0
2024-06-24 04:44:16,184 - poweroff_20_results - INFO - Find_averageEnhancedCollisionNum: 1.0
2024-06-24 04:44:16,185 - poweroff_20_results - INFO - FlyncFind_averageEnhancedSyn: 134.36780173099203
2024-06-24 04:44:16,185 - poweroff_20_results - INFO - FlyncFind_averageEnhancedDis: 0.0
2024-06-24 04:44:16,185 - poweroff_20_results - INFO - FlyncFind_averageEnhancedCollisionNum: 1.0000000000000002
2024-06-24 04:44:16,185 - poweroff_20_results - INFO - Pulsar_averageEnhancedSyn: 29.958848049794412
2024-06-24 04:44:16,186 - poweroff_20_results - INFO - Pulsar_averageEnhancedDis: 4.367935169201382
2024-06-24 04:44:16,186 - poweroff_20_results - INFO - Pulsar_averageEnhancedCollisionNum: 0.9999999999999999
2024-06-24 05:24:35,938 - poweroff_20_results - INFO - *******************COMPLEX_TRACE*******************
2024-06-24 05:24:35,938 - poweroff_20_results - INFO - Find_averageSyn: 1046717.968
2024-06-24 05:24:35,938 - poweroff_20_results - INFO - Find_averageDis: 0.0
2024-06-24 05:24:35,938 - poweroff_20_results - INFO - Find_averageCollisionNum: 4.133333333333334
2024-06-24 05:24:35,938 - poweroff_20_results - INFO - Find_sumCollisionNum: 124
2024-06-24 05:24:35,939 - poweroff_20_results - INFO - FlyncFind_averageSyn: 208663.54666666666
2024-06-24 05:24:35,939 - poweroff_20_results - INFO - FlyncFind_averageDis: 0.0
2024-06-24 05:24:35,939 - poweroff_20_results - INFO - FlyncFind_averageCollisionNum: 58.46666666666667
2024-06-24 05:24:35,939 - poweroff_20_results - INFO - FlyncFind_sumCollisionNum: 1754
2024-06-24 05:24:35,939 - poweroff_20_results - INFO - Pulsar_averageSyn: 143040.42266666668
2024-06-24 05:24:35,939 - poweroff_20_results - INFO - Pulsar_averageDis: 171358.33333333334
2024-06-24 05:24:35,939 - poweroff_20_results - INFO - Pulsar_averageCollisionNum: 0.26666666666666666
2024-06-24 05:24:35,939 - poweroff_20_results - INFO - Pulsar_sumCollisionNum: 8
2024-06-24 05:24:35,940 - poweroff_20_results - INFO - Free_beacon_averageSyn: 4068.9386666666664
2024-06-24 05:24:35,940 - poweroff_20_results - INFO - Free_beacon_averageDis: 29770.266666666666
2024-06-24 05:24:35,940 - poweroff_20_results - INFO - Free_beacon_averageCollisionNum: 0.8333333333333334
2024-06-24 05:24:35,940 - poweroff_20_results - INFO - Free_beacon_sumCollisionNum: 25
2024-06-24 05:24:35,940 - poweroff_20_results - INFO - Find_averageEnhancedSyn: 257.24594390543774
2024-06-24 05:24:35,941 - poweroff_20_results - INFO - Find_averageEnhancedDis: 0.0
2024-06-24 05:24:35,941 - poweroff_20_results - INFO - Find_averageEnhancedCollisionNum: 1.0000000000000002
2024-06-24 05:24:35,941 - poweroff_20_results - INFO - FlyncFind_averageEnhancedSyn: 51.28205749967887
2024-06-24 05:24:35,941 - poweroff_20_results - INFO - FlyncFind_averageEnhancedDis: 0.0
2024-06-24 05:24:35,942 - poweroff_20_results - INFO - FlyncFind_averageEnhancedCollisionNum: 1.0000000000000002
2024-06-24 05:24:35,942 - poweroff_20_results - INFO - Pulsar_averageEnhancedSyn: 35.154234159014116
2024-06-24 05:24:35,942 - poweroff_20_results - INFO - Pulsar_averageEnhancedDis: 5.756022787837529
2024-06-24 05:24:35,942 - poweroff_20_results - INFO - Pulsar_averageEnhancedCollisionNum: 1.0
2024-06-24 06:28:34,733 - poweroff_20_results - INFO - *******************STAIRS_TRACE*******************
2024-06-24 06:28:34,734 - poweroff_20_results - INFO - Find_averageSyn: 49221.85333333333
2024-06-24 06:28:34,734 - poweroff_20_results - INFO - Find_averageDis: 0.0
2024-06-24 06:28:34,734 - poweroff_20_results - INFO - Find_averageCollisionNum: 33.2
2024-06-24 06:28:34,734 - poweroff_20_results - INFO - Find_sumCollisionNum: 996
2024-06-24 06:28:34,735 - poweroff_20_results - INFO - FlyncFind_averageSyn: 330110.68666666665
2024-06-24 06:28:34,735 - poweroff_20_results - INFO - FlyncFind_averageDis: 0.0
2024-06-24 06:28:34,735 - poweroff_20_results - INFO - FlyncFind_averageCollisionNum: 4040.4666666666667
2024-06-24 06:28:34,735 - poweroff_20_results - INFO - FlyncFind_sumCollisionNum: 121214
2024-06-24 06:28:34,735 - poweroff_20_results - INFO - Pulsar_averageSyn: 7934.141333333333
2024-06-24 06:28:34,735 - poweroff_20_results - INFO - Pulsar_averageDis: 65950.9
2024-06-24 06:28:34,735 - poweroff_20_results - INFO - Pulsar_averageCollisionNum: 2.033333333333333
2024-06-24 06:28:34,735 - poweroff_20_results - INFO - Pulsar_sumCollisionNum: 61
2024-06-24 06:28:34,735 - poweroff_20_results - INFO - Free_beacon_averageSyn: 161.79333333333332
2024-06-24 06:28:34,736 - poweroff_20_results - INFO - Free_beacon_averageDis: 13535.466666666667
2024-06-24 06:28:34,736 - poweroff_20_results - INFO - Free_beacon_averageCollisionNum: 2.3333333333333335
2024-06-24 06:28:34,736 - poweroff_20_results - INFO - Free_beacon_sumCollisionNum: 70
2024-06-24 06:28:34,736 - poweroff_20_results - INFO - Find_averageEnhancedSyn: 304.2267089702913
2024-06-24 06:28:34,736 - poweroff_20_results - INFO - Find_averageEnhancedDis: 0.0
2024-06-24 06:28:34,737 - poweroff_20_results - INFO - Find_averageEnhancedCollisionNum: 1.0
2024-06-24 06:28:34,737 - poweroff_20_results - INFO - FlyncFind_averageEnhancedSyn: 2040.3231694754625
2024-06-24 06:28:34,737 - poweroff_20_results - INFO - FlyncFind_averageEnhancedDis: 0.0
2024-06-24 06:28:34,737 - poweroff_20_results - INFO - FlyncFind_averageEnhancedCollisionNum: 1.0
2024-06-24 06:28:34,738 - poweroff_20_results - INFO - Pulsar_averageEnhancedSyn: 49.03874078041947
2024-06-24 06:28:34,738 - poweroff_20_results - INFO - Pulsar_averageEnhancedDis: 4.872451140706883
2024-06-24 06:28:34,738 - poweroff_20_results - INFO - Pulsar_averageEnhancedCollisionNum: 1.0000000000000002
2024-06-24 11:38:11,461 - poweroff_20_results - INFO - *******************CARS_TRACE*******************
2024-06-24 11:38:11,461 - poweroff_20_results - INFO - Find_averageSyn: 187311159.88133332
2024-06-24 11:38:11,462 - poweroff_20_results - INFO - Find_averageDis: 0.0
2024-06-24 11:38:11,462 - poweroff_20_results - INFO - Find_averageCollisionNum: 0.4
2024-06-24 11:38:11,462 - poweroff_20_results - INFO - Find_sumCollisionNum: 12
2024-06-24 11:38:11,462 - poweroff_20_results - INFO - FlyncFind_averageSyn: 17535546.746666666
2024-06-24 11:38:11,462 - poweroff_20_results - INFO - FlyncFind_averageDis: 0.0
2024-06-24 11:38:11,462 - poweroff_20_results - INFO - FlyncFind_averageCollisionNum: 3.2666666666666666
2024-06-24 11:38:11,462 - poweroff_20_results - INFO - FlyncFind_sumCollisionNum: 98
2024-06-24 11:38:11,462 - poweroff_20_results - INFO - Pulsar_averageSyn: 3106279.762666667
2024-06-24 11:38:11,463 - poweroff_20_results - INFO - Pulsar_averageDis: 1586541.8666666667
2024-06-24 11:38:11,463 - poweroff_20_results - INFO - Pulsar_averageCollisionNum: 0.0
2024-06-24 11:38:11,463 - poweroff_20_results - INFO - Pulsar_sumCollisionNum: 0
2024-06-24 11:38:11,463 - poweroff_20_results - INFO - Free_beacon_averageSyn: 574590.626
2024-06-24 11:38:11,463 - poweroff_20_results - INFO - Free_beacon_averageDis: 621792.4666666667
2024-06-24 11:38:11,463 - poweroff_20_results - INFO - Free_beacon_averageCollisionNum: 1.1333333333333333
2024-06-24 11:38:11,463 - poweroff_20_results - INFO - Free_beacon_sumCollisionNum: 34
2024-06-24 11:38:11,464 - poweroff_20_results - INFO - Find_averageEnhancedSyn: 325.99062951182447
2024-06-24 11:38:11,464 - poweroff_20_results - INFO - Find_averageEnhancedDis: 0.0
2024-06-24 11:38:11,464 - poweroff_20_results - INFO - Find_averageEnhancedCollisionNum: 1.0
2024-06-24 11:38:11,464 - poweroff_20_results - INFO - FlyncFind_averageEnhancedSyn: 30.518330709186795
2024-06-24 11:38:11,465 - poweroff_20_results - INFO - FlyncFind_averageEnhancedDis: 0.0
2024-06-24 11:38:11,465 - poweroff_20_results - INFO - FlyncFind_averageEnhancedCollisionNum: 1.0
2024-06-24 11:38:11,465 - poweroff_20_results - INFO - Pulsar_averageEnhancedSyn: 5.406074554837354
2024-06-24 11:38:11,465 - poweroff_20_results - INFO - Pulsar_averageEnhancedDis: 2.551561737587257
2024-06-24 11:38:11,465 - poweroff_20_results - INFO - Pulsar_averageEnhancedCollisionNum: 0.0
2024-06-24 12:24:48,750 - poweroff_20_results - INFO - *******************JOGGING_TRACE*******************
2024-06-24 12:24:48,751 - poweroff_20_results - INFO - Find_averageSyn: 1700129.7346666667
2024-06-24 12:24:48,751 - poweroff_20_results - INFO - Find_averageDis: 0.0
2024-06-24 12:24:48,751 - poweroff_20_results - INFO - Find_averageCollisionNum: 4.266666666666667
2024-06-24 12:24:48,751 - poweroff_20_results - INFO - Find_sumCollisionNum: 128
2024-06-24 12:24:48,751 - poweroff_20_results - INFO - FlyncFind_averageSyn: 377011.2133333333
2024-06-24 12:24:48,751 - poweroff_20_results - INFO - FlyncFind_averageDis: 0.0
2024-06-24 12:24:48,751 - poweroff_20_results - INFO - FlyncFind_averageCollisionNum: 45.666666666666664
2024-06-24 12:24:48,751 - poweroff_20_results - INFO - FlyncFind_sumCollisionNum: 1370
2024-06-24 12:24:48,752 - poweroff_20_results - INFO - Pulsar_averageSyn: 264698.08266666665
2024-06-24 12:24:48,752 - poweroff_20_results - INFO - Pulsar_averageDis: 286523.0333333333
2024-06-24 12:24:48,752 - poweroff_20_results - INFO - Pulsar_averageCollisionNum: 0.36666666666666664
2024-06-24 12:24:48,752 - poweroff_20_results - INFO - Pulsar_sumCollisionNum: 11
2024-06-24 12:24:48,752 - poweroff_20_results - INFO - Free_beacon_averageSyn: 7738.641333333333
2024-06-24 12:24:48,752 - poweroff_20_results - INFO - Free_beacon_averageDis: 35933.86666666667
2024-06-24 12:24:48,752 - poweroff_20_results - INFO - Free_beacon_averageCollisionNum: 0.1
2024-06-24 12:24:48,752 - poweroff_20_results - INFO - Free_beacon_sumCollisionNum: 3
2024-06-24 12:24:48,753 - poweroff_20_results - INFO - Find_averageEnhancedSyn: 219.6935691209189
2024-06-24 12:24:48,753 - poweroff_20_results - INFO - Find_averageEnhancedDis: 0.0
2024-06-24 12:24:48,753 - poweroff_20_results - INFO - Find_averageEnhancedCollisionNum: 1.0
2024-06-24 12:24:48,754 - poweroff_20_results - INFO - FlyncFind_averageEnhancedSyn: 48.71801096523231
2024-06-24 12:24:48,754 - poweroff_20_results - INFO - FlyncFind_averageEnhancedDis: 0.0
2024-06-24 12:24:48,754 - poweroff_20_results - INFO - FlyncFind_averageEnhancedCollisionNum: 0.9999999999999999
2024-06-24 12:24:48,754 - poweroff_20_results - INFO - Pulsar_averageEnhancedSyn: 34.20472293069188
2024-06-24 12:24:48,755 - poweroff_20_results - INFO - Pulsar_averageEnhancedDis: 7.973620985217288
2024-06-24 12:24:48,755 - poweroff_20_results - INFO - Pulsar_averageEnhancedCollisionNum: 1.0000000000000002
2024-06-24 12:52:14,145 - poweroff_20_results - INFO - *******************OFFICE_TRACE*******************
2024-06-24 12:52:14,146 - poweroff_20_results - INFO - Find_averageSyn: 314747.85466666665
2024-06-24 12:52:14,146 - poweroff_20_results - INFO - Find_averageDis: 0.0
2024-06-24 12:52:14,146 - poweroff_20_results - INFO - Find_averageCollisionNum: 9.666666666666666
2024-06-24 12:52:14,146 - poweroff_20_results - INFO - Find_sumCollisionNum: 290
2024-06-24 12:52:14,146 - poweroff_20_results - INFO - FlyncFind_averageSyn: 131341.84
2024-06-24 12:52:14,146 - poweroff_20_results - INFO - FlyncFind_averageDis: 0.0
2024-06-24 12:52:14,146 - poweroff_20_results - INFO - FlyncFind_averageCollisionNum: 185.66666666666666
2024-06-24 12:52:14,146 - poweroff_20_results - INFO - FlyncFind_sumCollisionNum: 5570
2024-06-24 12:52:14,147 - poweroff_20_results - INFO - Pulsar_averageSyn: 43868.31333333333
2024-06-24 12:52:14,147 - poweroff_20_results - INFO - Pulsar_averageDis: 144548.06666666668
2024-06-24 12:52:14,147 - poweroff_20_results - INFO - Pulsar_averageCollisionNum: 1.1666666666666667
2024-06-24 12:52:14,147 - poweroff_20_results - INFO - Pulsar_sumCollisionNum: 35
2024-06-24 12:52:14,147 - poweroff_20_results - INFO - Free_beacon_averageSyn: 1642.1466666666668
2024-06-24 12:52:14,147 - poweroff_20_results - INFO - Free_beacon_averageDis: 17183.933333333334
2024-06-24 12:52:14,147 - poweroff_20_results - INFO - Free_beacon_averageCollisionNum: 0.7
2024-06-24 12:52:14,147 - poweroff_20_results - INFO - Free_beacon_sumCollisionNum: 21
2024-06-24 12:52:14,148 - poweroff_20_results - INFO - Find_averageEnhancedSyn: 191.66854036586255
2024-06-24 12:52:14,148 - poweroff_20_results - INFO - Find_averageEnhancedDis: 0.0
2024-06-24 12:52:14,148 - poweroff_20_results - INFO - Find_averageEnhancedCollisionNum: 1.0000000000000002
2024-06-24 12:52:14,149 - poweroff_20_results - INFO - FlyncFind_averageEnhancedSyn: 79.98179618548079
2024-06-24 12:52:14,149 - poweroff_20_results - INFO - FlyncFind_averageEnhancedDis: 0.0
2024-06-24 12:52:14,149 - poweroff_20_results - INFO - FlyncFind_averageEnhancedCollisionNum: 1.0000000000000002
2024-06-24 12:52:14,149 - poweroff_20_results - INFO - Pulsar_averageEnhancedSyn: 26.714004433221554
2024-06-24 12:52:14,149 - poweroff_20_results - INFO - Pulsar_averageEnhancedDis: 8.411814912379393
2024-06-24 12:52:14,150 - poweroff_20_results - INFO - Pulsar_averageEnhancedCollisionNum: 1.0
2024-06-24 13:54:23,427 - poweroff_20_results - INFO - *******************WASHER_TRACE*******************
2024-06-24 13:54:23,428 - poweroff_20_results - INFO - Find_averageSyn: 7234605.38
2024-06-24 13:54:23,428 - poweroff_20_results - INFO - Find_averageDis: 0.0
2024-06-24 13:54:23,428 - poweroff_20_results - INFO - Find_averageCollisionNum: 3.933333333333333
2024-06-24 13:54:23,428 - poweroff_20_results - INFO - Find_sumCollisionNum: 118
2024-06-24 13:54:23,428 - poweroff_20_results - INFO - FlyncFind_averageSyn: 4111939.7733333334
2024-06-24 13:54:23,428 - poweroff_20_results - INFO - FlyncFind_averageDis: 0.0
2024-06-24 13:54:23,428 - poweroff_20_results - INFO - FlyncFind_averageCollisionNum: 15.666666666666666
2024-06-24 13:54:23,428 - poweroff_20_results - INFO - FlyncFind_sumCollisionNum: 470
2024-06-24 13:54:23,429 - poweroff_20_results - INFO - Pulsar_averageSyn: 2507306.952
2024-06-24 13:54:23,429 - poweroff_20_results - INFO - Pulsar_averageDis: 2725521.433333333
2024-06-24 13:54:23,429 - poweroff_20_results - INFO - Pulsar_averageCollisionNum: 0.1
2024-06-24 13:54:23,429 - poweroff_20_results - INFO - Pulsar_sumCollisionNum: 3
2024-06-24 13:54:23,429 - poweroff_20_results - INFO - Free_beacon_averageSyn: 242698.54333333333
2024-06-24 13:54:23,429 - poweroff_20_results - INFO - Free_beacon_averageDis: 216455.43333333332
2024-06-24 13:54:23,429 - poweroff_20_results - INFO - Free_beacon_averageCollisionNum: 0.0
2024-06-24 13:54:23,429 - poweroff_20_results - INFO - Free_beacon_sumCollisionNum: 0
2024-06-24 13:54:23,430 - poweroff_20_results - INFO - Find_averageEnhancedSyn: 29.8090185488409
2024-06-24 13:54:23,430 - poweroff_20_results - INFO - Find_averageEnhancedDis: 0.0
2024-06-24 13:54:23,430 - poweroff_20_results - INFO - Find_averageEnhancedCollisionNum: 1.0000000000000002
2024-06-24 13:54:23,431 - poweroff_20_results - INFO - FlyncFind_averageEnhancedSyn: 16.94258118263943
2024-06-24 13:54:23,431 - poweroff_20_results - INFO - FlyncFind_averageEnhancedDis: 0.0
2024-06-24 13:54:23,431 - poweroff_20_results - INFO - FlyncFind_averageEnhancedCollisionNum: 0.9999999999999998
2024-06-24 13:54:23,431 - poweroff_20_results - INFO - Pulsar_averageEnhancedSyn: 10.330951795439288
2024-06-24 13:54:23,432 - poweroff_20_results - INFO - Pulsar_averageEnhancedDis: 12.591605539123297
2024-06-24 13:54:23,432 - poweroff_20_results - INFO - Pulsar_averageEnhancedCollisionNum: 1.0
2024-06-30 16:14:59,799 - poweroff_20_results - INFO - *******************STATIC_TRACE*******************
2024-06-30 16:14:59,800 - poweroff_20_results - INFO - Find_averageSyn: 141976.77466666666
2024-06-30 16:14:59,800 - poweroff_20_results - INFO - Find_averageDis: 0.0
2024-06-30 16:14:59,800 - poweroff_20_results - INFO - Find_averageCollisionNum: 11.0
2024-06-30 16:14:59,800 - poweroff_20_results - INFO - Find_sumCollisionNum: 330
2024-06-30 16:14:59,800 - poweroff_20_results - INFO - FlyncFind_averageSyn: 158498.61333333334
2024-06-30 16:14:59,800 - poweroff_20_results - INFO - FlyncFind_averageDis: 0.0
2024-06-30 16:14:59,800 - poweroff_20_results - INFO - FlyncFind_averageCollisionNum: 542.3333333333334
2024-06-30 16:14:59,800 - poweroff_20_results - INFO - FlyncFind_sumCollisionNum: 16270
2024-06-30 16:14:59,801 - poweroff_20_results - INFO - Pulsar_averageSyn: 27682.910666666667
2024-06-30 16:14:59,801 - poweroff_20_results - INFO - Pulsar_averageDis: 76860.46666666666
2024-06-30 16:14:59,801 - poweroff_20_results - INFO - Pulsar_averageCollisionNum: 0.5666666666666667
2024-06-30 16:14:59,801 - poweroff_20_results - INFO - Pulsar_sumCollisionNum: 17
2024-06-30 16:14:59,801 - poweroff_20_results - INFO - Free_beacon_averageSyn: 1235.3826666666666
2024-06-30 16:14:59,801 - poweroff_20_results - INFO - Free_beacon_averageDis: 18875.5
2024-06-30 16:14:59,801 - poweroff_20_results - INFO - Free_beacon_averageCollisionNum: 3.2
2024-06-30 16:14:59,801 - poweroff_20_results - INFO - Free_beacon_sumCollisionNum: 96
2024-06-30 16:14:59,802 - poweroff_20_results - INFO - Find_averageEnhancedSyn: 114.92534135172151
2024-06-30 16:14:59,802 - poweroff_20_results - INFO - Find_averageEnhancedDis: 0.0
2024-06-30 16:14:59,802 - poweroff_20_results - INFO - Find_averageEnhancedCollisionNum: 1.0
2024-06-30 16:14:59,803 - poweroff_20_results - INFO - FlyncFind_averageEnhancedSyn: 128.29920445702655
2024-06-30 16:14:59,803 - poweroff_20_results - INFO - FlyncFind_averageEnhancedDis: 0.0
2024-06-30 16:14:59,803 - poweroff_20_results - INFO - FlyncFind_averageEnhancedCollisionNum: 0.9999999999999996
2024-06-30 16:14:59,803 - poweroff_20_results - INFO - Pulsar_averageEnhancedSyn: 22.408369012786324
2024-06-30 16:14:59,803 - poweroff_20_results - INFO - Pulsar_averageEnhancedDis: 4.071969837443599
2024-06-30 16:14:59,804 - poweroff_20_results - INFO - Pulsar_averageEnhancedCollisionNum: 1.0
2024-06-30 16:54:01,932 - poweroff_20_results - INFO - *******************COMPLEX_TRACE*******************
2024-06-30 16:54:01,932 - poweroff_20_results - INFO - Find_averageSyn: 1026772.8373333333
2024-06-30 16:54:01,932 - poweroff_20_results - INFO - Find_averageDis: 0.0
2024-06-30 16:54:01,932 - poweroff_20_results - INFO - Find_averageCollisionNum: 5.0
2024-06-30 16:54:01,933 - poweroff_20_results - INFO - Find_sumCollisionNum: 150
2024-06-30 16:54:01,933 - poweroff_20_results - INFO - FlyncFind_averageSyn: 219564.82666666666
2024-06-30 16:54:01,933 - poweroff_20_results - INFO - FlyncFind_averageDis: 0.0
2024-06-30 16:54:01,933 - poweroff_20_results - INFO - FlyncFind_averageCollisionNum: 60.666666666666664
2024-06-30 16:54:01,933 - poweroff_20_results - INFO - FlyncFind_sumCollisionNum: 1820
2024-06-30 16:54:01,933 - poweroff_20_results - INFO - Pulsar_averageSyn: 130430.724
2024-06-30 16:54:01,933 - poweroff_20_results - INFO - Pulsar_averageDis: 147623.23333333334
2024-06-30 16:54:01,933 - poweroff_20_results - INFO - Pulsar_averageCollisionNum: 0.3
2024-06-30 16:54:01,934 - poweroff_20_results - INFO - Pulsar_sumCollisionNum: 9
2024-06-30 16:54:01,934 - poweroff_20_results - INFO - Free_beacon_averageSyn: 3761.7746666666667
2024-06-30 16:54:01,934 - poweroff_20_results - INFO - Free_beacon_averageDis: 33677.4
2024-06-30 16:54:01,934 - poweroff_20_results - INFO - Free_beacon_averageCollisionNum: 0.5
2024-06-30 16:54:01,934 - poweroff_20_results - INFO - Free_beacon_sumCollisionNum: 15
2024-06-30 16:54:01,934 - poweroff_20_results - INFO - Find_averageEnhancedSyn: 272.9490541875448
2024-06-30 16:54:01,935 - poweroff_20_results - INFO - Find_averageEnhancedDis: 0.0
2024-06-30 16:54:01,935 - poweroff_20_results - INFO - Find_averageEnhancedCollisionNum: 0.9999999999999998
2024-06-30 16:54:01,935 - poweroff_20_results - INFO - FlyncFind_averageEnhancedSyn: 58.36735214691222
2024-06-30 16:54:01,935 - poweroff_20_results - INFO - FlyncFind_averageEnhancedDis: 0.0
2024-06-30 16:54:01,935 - poweroff_20_results - INFO - FlyncFind_averageEnhancedCollisionNum: 0.9999999999999999
2024-06-30 16:54:01,936 - poweroff_20_results - INFO - Pulsar_averageEnhancedSyn: 34.67265733797275
2024-06-30 16:54:01,936 - poweroff_20_results - INFO - Pulsar_averageEnhancedDis: 4.383451018586154
2024-06-30 16:54:01,936 - poweroff_20_results - INFO - Pulsar_averageEnhancedCollisionNum: 1.0
2024-06-30 17:58:22,309 - poweroff_20_results - INFO - *******************STAIRS_TRACE*******************
2024-06-30 17:58:22,310 - poweroff_20_results - INFO - Find_averageSyn: 48011.25066666667
2024-06-30 17:58:22,310 - poweroff_20_results - INFO - Find_averageDis: 0.0
2024-06-30 17:58:22,310 - poweroff_20_results - INFO - Find_averageCollisionNum: 31.333333333333332
2024-06-30 17:58:22,310 - poweroff_20_results - INFO - Find_sumCollisionNum: 940
2024-06-30 17:58:22,310 - poweroff_20_results - INFO - FlyncFind_averageSyn: 362959.45866666664
2024-06-30 17:58:22,310 - poweroff_20_results - INFO - FlyncFind_averageDis: 0.0
2024-06-30 17:58:22,310 - poweroff_20_results - INFO - FlyncFind_averageCollisionNum: 4317.0
2024-06-30 17:58:22,310 - poweroff_20_results - INFO - FlyncFind_sumCollisionNum: 129510
2024-06-30 17:58:22,311 - poweroff_20_results - INFO - Pulsar_averageSyn: 6639.684
2024-06-30 17:58:22,311 - poweroff_20_results - INFO - Pulsar_averageDis: 63681.96666666667
2024-06-30 17:58:22,311 - poweroff_20_results - INFO - Pulsar_averageCollisionNum: 1.4333333333333333
2024-06-30 17:58:22,311 - poweroff_20_results - INFO - Pulsar_sumCollisionNum: 43
2024-06-30 17:58:22,311 - poweroff_20_results - INFO - Free_beacon_averageSyn: 154.152
2024-06-30 17:58:22,311 - poweroff_20_results - INFO - Free_beacon_averageDis: 13371.066666666668
2024-06-30 17:58:22,311 - poweroff_20_results - INFO - Free_beacon_averageCollisionNum: 2.2333333333333334
2024-06-30 17:58:22,311 - poweroff_20_results - INFO - Free_beacon_sumCollisionNum: 67
2024-06-30 17:58:22,312 - poweroff_20_results - INFO - Find_averageEnhancedSyn: 311.4539588631135
2024-06-30 17:58:22,312 - poweroff_20_results - INFO - Find_averageEnhancedDis: 0.0
2024-06-30 17:58:22,312 - poweroff_20_results - INFO - Find_averageEnhancedCollisionNum: 1.0
2024-06-30 17:58:22,313 - poweroff_20_results - INFO - FlyncFind_averageEnhancedSyn: 2354.5556247513277
2024-06-30 17:58:22,313 - poweroff_20_results - INFO - FlyncFind_averageEnhancedDis: 0.0
2024-06-30 17:58:22,313 - poweroff_20_results - INFO - FlyncFind_averageEnhancedCollisionNum: 0.9999999999999999
2024-06-30 17:58:22,313 - poweroff_20_results - INFO - Pulsar_averageEnhancedSyn: 43.07231823135607
2024-06-30 17:58:22,314 - poweroff_20_results - INFO - Pulsar_averageEnhancedDis: 4.762669146315925
2024-06-30 17:58:22,314 - poweroff_20_results - INFO - Pulsar_averageEnhancedCollisionNum: 1.0000000000000002
2024-06-30 22:46:53,282 - poweroff_20_results - INFO - *******************CARS_TRACE*******************
2024-06-30 22:46:53,283 - poweroff_20_results - INFO - Find_averageSyn: 188561128.30933332
2024-06-30 22:46:53,283 - poweroff_20_results - INFO - Find_averageDis: 0.0
2024-06-30 22:46:53,283 - poweroff_20_results - INFO - Find_averageCollisionNum: 0.2
2024-06-30 22:46:53,283 - poweroff_20_results - INFO - Find_sumCollisionNum: 6
2024-06-30 22:46:53,283 - poweroff_20_results - INFO - FlyncFind_averageSyn: 17448407.24
2024-06-30 22:46:53,283 - poweroff_20_results - INFO - FlyncFind_averageDis: 0.0
2024-06-30 22:46:53,283 - poweroff_20_results - INFO - FlyncFind_averageCollisionNum: 2.2666666666666666
2024-06-30 22:46:53,283 - poweroff_20_results - INFO - FlyncFind_sumCollisionNum: 68
2024-06-30 22:46:53,284 - poweroff_20_results - INFO - Pulsar_averageSyn: 3167605.3906666664
2024-06-30 22:46:53,284 - poweroff_20_results - INFO - Pulsar_averageDis: 1559445.7
2024-06-30 22:46:53,284 - poweroff_20_results - INFO - Pulsar_averageCollisionNum: 0.0
2024-06-30 22:46:53,284 - poweroff_20_results - INFO - Pulsar_sumCollisionNum: 0
2024-06-30 22:46:53,284 - poweroff_20_results - INFO - Free_beacon_averageSyn: 558249.3766666667
2024-06-30 22:46:53,284 - poweroff_20_results - INFO - Free_beacon_averageDis: 561096.1
2024-06-30 22:46:53,284 - poweroff_20_results - INFO - Free_beacon_averageCollisionNum: 0.2
2024-06-30 22:46:53,284 - poweroff_20_results - INFO - Free_beacon_sumCollisionNum: 6
2024-06-30 22:46:53,285 - poweroff_20_results - INFO - Find_averageEnhancedSyn: 337.7722146959495
2024-06-30 22:46:53,285 - poweroff_20_results - INFO - Find_averageEnhancedDis: 0.0
2024-06-30 22:46:53,285 - poweroff_20_results - INFO - Find_averageEnhancedCollisionNum: 1.0
2024-06-30 22:46:53,286 - poweroff_20_results - INFO - FlyncFind_averageEnhancedSyn: 31.25557854481676
2024-06-30 22:46:53,286 - poweroff_20_results - INFO - FlyncFind_averageEnhancedDis: 0.0
2024-06-30 22:46:53,286 - poweroff_20_results - INFO - FlyncFind_averageEnhancedCollisionNum: 1.0000000000000002
2024-06-30 22:46:53,286 - poweroff_20_results - INFO - Pulsar_averageEnhancedSyn: 5.674176314500497
2024-06-30 22:46:53,287 - poweroff_20_results - INFO - Pulsar_averageEnhancedDis: 2.7792845111559323
2024-06-30 22:46:53,287 - poweroff_20_results - INFO - Pulsar_averageEnhancedCollisionNum: 0.0
2024-06-30 23:31:30,571 - poweroff_20_results - INFO - *******************JOGGING_TRACE*******************
2024-06-30 23:31:30,571 - poweroff_20_results - INFO - Find_averageSyn: 1708723.24
2024-06-30 23:31:30,571 - poweroff_20_results - INFO - Find_averageDis: 0.0
2024-06-30 23:31:30,571 - poweroff_20_results - INFO - Find_averageCollisionNum: 2.8666666666666667
2024-06-30 23:31:30,571 - poweroff_20_results - INFO - Find_sumCollisionNum: 86
2024-06-30 23:31:30,572 - poweroff_20_results - INFO - FlyncFind_averageSyn: 381913.90133333334
2024-06-30 23:31:30,572 - poweroff_20_results - INFO - FlyncFind_averageDis: 0.0
2024-06-30 23:31:30,572 - poweroff_20_results - INFO - FlyncFind_averageCollisionNum: 45.06666666666667
2024-06-30 23:31:30,572 - poweroff_20_results - INFO - FlyncFind_sumCollisionNum: 1352
2024-06-30 23:31:30,572 - poweroff_20_results - INFO - Pulsar_averageSyn: 254199.816
2024-06-30 23:31:30,572 - poweroff_20_results - INFO - Pulsar_averageDis: 287912.5
2024-06-30 23:31:30,572 - poweroff_20_results - INFO - Pulsar_averageCollisionNum: 0.36666666666666664
2024-06-30 23:31:30,572 - poweroff_20_results - INFO - Pulsar_sumCollisionNum: 11
2024-06-30 23:31:30,573 - poweroff_20_results - INFO - Free_beacon_averageSyn: 7456.782666666667
2024-06-30 23:31:30,573 - poweroff_20_results - INFO - Free_beacon_averageDis: 49122.433333333334
2024-06-30 23:31:30,573 - poweroff_20_results - INFO - Free_beacon_averageCollisionNum: 0.26666666666666666
2024-06-30 23:31:30,573 - poweroff_20_results - INFO - Free_beacon_sumCollisionNum: 8
2024-06-30 23:31:30,573 - poweroff_20_results - INFO - Find_averageEnhancedSyn: 229.1502000773524
2024-06-30 23:31:30,573 - poweroff_20_results - INFO - Find_averageEnhancedDis: 0.0
2024-06-30 23:31:30,574 - poweroff_20_results - INFO - Find_averageEnhancedCollisionNum: 1.0
2024-06-30 23:31:30,574 - poweroff_20_results - INFO - FlyncFind_averageEnhancedSyn: 51.216981693802886
2024-06-30 23:31:30,574 - poweroff_20_results - INFO - FlyncFind_averageEnhancedDis: 0.0
2024-06-30 23:31:30,574 - poweroff_20_results - INFO - FlyncFind_averageEnhancedCollisionNum: 0.9999999999999999
2024-06-30 23:31:30,575 - poweroff_20_results - INFO - Pulsar_averageEnhancedSyn: 34.08974451358557
2024-06-30 23:31:30,575 - poweroff_20_results - INFO - Pulsar_averageEnhancedDis: 5.861120479237932
2024-06-30 23:31:30,575 - poweroff_20_results - INFO - Pulsar_averageEnhancedCollisionNum: 1.0000000000000002
2024-06-30 23:56:30,872 - poweroff_20_results - INFO - *******************OFFICE_TRACE*******************
2024-06-30 23:56:30,873 - poweroff_20_results - INFO - Find_averageSyn: 311194.4986666667
2024-06-30 23:56:30,873 - poweroff_20_results - INFO - Find_averageDis: 0.0
2024-06-30 23:56:30,873 - poweroff_20_results - INFO - Find_averageCollisionNum: 8.6
2024-06-30 23:56:30,873 - poweroff_20_results - INFO - Find_sumCollisionNum: 258
2024-06-30 23:56:30,873 - poweroff_20_results - INFO - FlyncFind_averageSyn: 126932.6
2024-06-30 23:56:30,874 - poweroff_20_results - INFO - FlyncFind_averageDis: 0.0
2024-06-30 23:56:30,874 - poweroff_20_results - INFO - FlyncFind_averageCollisionNum: 181.93333333333334
2024-06-30 23:56:30,874 - poweroff_20_results - INFO - FlyncFind_sumCollisionNum: 5458
2024-06-30 23:56:30,874 - poweroff_20_results - INFO - Pulsar_averageSyn: 44477.628
2024-06-30 23:56:30,874 - poweroff_20_results - INFO - Pulsar_averageDis: 109188.6
2024-06-30 23:56:30,874 - poweroff_20_results - INFO - Pulsar_averageCollisionNum: 0.8
2024-06-30 23:56:30,874 - poweroff_20_results - INFO - Pulsar_sumCollisionNum: 24
2024-06-30 23:56:30,874 - poweroff_20_results - INFO - Free_beacon_averageSyn: 1759.056
2024-06-30 23:56:30,874 - poweroff_20_results - INFO - Free_beacon_averageDis: 18731.9
2024-06-30 23:56:30,875 - poweroff_20_results - INFO - Free_beacon_averageCollisionNum: 0.7666666666666667
2024-06-30 23:56:30,875 - poweroff_20_results - INFO - Free_beacon_sumCollisionNum: 23
2024-06-30 23:56:30,875 - poweroff_20_results - INFO - Find_averageEnhancedSyn: 176.909944121544
2024-06-30 23:56:30,875 - poweroff_20_results - INFO - Find_averageEnhancedDis: 0.0
2024-06-30 23:56:30,875 - poweroff_20_results - INFO - Find_averageEnhancedCollisionNum: 1.0
2024-06-30 23:56:30,876 - poweroff_20_results - INFO - FlyncFind_averageEnhancedSyn: 72.159499185927
2024-06-30 23:56:30,876 - poweroff_20_results - INFO - FlyncFind_averageEnhancedDis: 0.0
2024-06-30 23:56:30,876 - poweroff_20_results - INFO - FlyncFind_averageEnhancedCollisionNum: 1.0
2024-06-30 23:56:30,877 - poweroff_20_results - INFO - Pulsar_averageEnhancedSyn: 25.284941468605886
2024-06-30 23:56:30,877 - poweroff_20_results - INFO - Pulsar_averageEnhancedDis: 5.829018946289485
2024-06-30 23:56:30,877 - poweroff_20_results - INFO - Pulsar_averageEnhancedCollisionNum: 1.0
2024-07-01 00:54:33,870 - poweroff_20_results - INFO - *******************WASHER_TRACE*******************
2024-07-01 00:54:33,871 - poweroff_20_results - INFO - Find_averageSyn: 7416273.846666667
2024-07-01 00:54:33,871 - poweroff_20_results - INFO - Find_averageDis: 0.0
2024-07-01 00:54:33,871 - poweroff_20_results - INFO - Find_averageCollisionNum: 4.933333333333334
2024-07-01 00:54:33,871 - poweroff_20_results - INFO - Find_sumCollisionNum: 148
2024-07-01 00:54:33,871 - poweroff_20_results - INFO - FlyncFind_averageSyn: 4102544.453333333
2024-07-01 00:54:33,871 - poweroff_20_results - INFO - FlyncFind_averageDis: 0.0
2024-07-01 00:54:33,871 - poweroff_20_results - INFO - FlyncFind_averageCollisionNum: 15.6
2024-07-01 00:54:33,871 - poweroff_20_results - INFO - FlyncFind_sumCollisionNum: 468
2024-07-01 00:54:33,872 - poweroff_20_results - INFO - Pulsar_averageSyn: 2450766.818
2024-07-01 00:54:33,872 - poweroff_20_results - INFO - Pulsar_averageDis: 2340653.3666666667
2024-07-01 00:54:33,872 - poweroff_20_results - INFO - Pulsar_averageCollisionNum: 0.1
2024-07-01 00:54:33,872 - poweroff_20_results - INFO - Pulsar_sumCollisionNum: 3
2024-07-01 00:54:33,872 - poweroff_20_results - INFO - Free_beacon_averageSyn: 216878.77
2024-07-01 00:54:33,872 - poweroff_20_results - INFO - Free_beacon_averageDis: 219320.9
2024-07-01 00:54:33,872 - poweroff_20_results - INFO - Free_beacon_averageCollisionNum: 0.0
2024-07-01 00:54:33,872 - poweroff_20_results - INFO - Free_beacon_sumCollisionNum: 0
2024-07-01 00:54:33,872 - poweroff_20_results - INFO - Find_averageEnhancedSyn: 34.19548094387785
2024-07-01 00:54:33,873 - poweroff_20_results - INFO - Find_averageEnhancedDis: 0.0
2024-07-01 00:54:33,873 - poweroff_20_results - INFO - Find_averageEnhancedCollisionNum: 1.0
2024-07-01 00:54:33,873 - poweroff_20_results - INFO - FlyncFind_averageEnhancedSyn: 18.916302657624502
2024-07-01 00:54:33,873 - poweroff_20_results - INFO - FlyncFind_averageEnhancedDis: 0.0
2024-07-01 00:54:33,873 - poweroff_20_results - INFO - FlyncFind_averageEnhancedCollisionNum: 1.0
2024-07-01 00:54:33,874 - poweroff_20_results - INFO - Pulsar_averageEnhancedSyn: 11.30016929734524
2024-07-01 00:54:33,874 - poweroff_20_results - INFO - Pulsar_averageEnhancedDis: 10.672276863110934
2024-07-01 00:54:33,874 - poweroff_20_results - INFO - Pulsar_averageEnhancedCollisionNum: 1.0
