2024-06-23 00:19:03,433 - no_poweroff_30_general_12_results - INFO - *******************STATIC_TRACE*******************
2024-06-23 00:19:03,433 - no_poweroff_30_general_12_results - INFO - Find_averageSyn: 52030.13333333333
2024-06-23 00:19:03,434 - no_poweroff_30_general_12_results - INFO - Find_averageDis: 0.0
2024-06-23 00:19:03,434 - no_poweroff_30_general_12_results - INFO - Find_averageCollisionNum: 3.5
2024-06-23 00:19:03,434 - no_poweroff_30_general_12_results - INFO - Find_sumCollisionNum: 42
2024-06-23 00:19:03,434 - no_poweroff_30_general_12_results - INFO - FlyncFind_averageSyn: 19146.8
2024-06-23 00:19:03,434 - no_poweroff_30_general_12_results - INFO - FlyncFind_averageDis: 0.0
2024-06-23 00:19:03,434 - no_poweroff_30_general_12_results - INFO - FlyncFind_averageCollisionNum: 107.16666666666667
2024-06-23 00:19:03,434 - no_poweroff_30_general_12_results - INFO - FlyncFind_sumCollisionNum: 1286
2024-06-23 00:19:03,434 - no_poweroff_30_general_12_results - INFO - Pulsar_averageSyn: 3109.8333333333335
2024-06-23 00:19:03,434 - no_poweroff_30_general_12_results - INFO - Pulsar_averageDis: 13608.916666666666
2024-06-23 00:19:03,435 - no_poweroff_30_general_12_results - INFO - Pulsar_averageCollisionNum: 0.0
2024-06-23 00:19:03,435 - no_poweroff_30_general_12_results - INFO - Pulsar_sumCollisionNum: 0
2024-06-23 00:19:03,435 - no_poweroff_30_general_12_results - INFO - Free_beacon_averageSyn: 3727.233333333333
2024-06-23 00:19:03,435 - no_poweroff_30_general_12_results - INFO - Free_beacon_averageDis: 15270.333333333334
2024-06-23 00:19:03,435 - no_poweroff_30_general_12_results - INFO - Free_beacon_averageCollisionNum: 0.75
2024-06-23 00:19:03,435 - no_poweroff_30_general_12_results - INFO - Free_beacon_sumCollisionNum: 9
2024-06-23 00:19:03,435 - no_poweroff_30_general_12_results - INFO - Find_averageEnhancedSyn: 13.959451603960042
2024-06-23 00:19:03,436 - no_poweroff_30_general_12_results - INFO - Find_averageEnhancedDis: 0.0
2024-06-23 00:19:03,436 - no_poweroff_30_general_12_results - INFO - Find_averageEnhancedCollisionNum: 1.0
2024-06-23 00:19:03,436 - no_poweroff_30_general_12_results - INFO - FlyncFind_averageEnhancedSyn: 5.137000634966061
2024-06-23 00:19:03,436 - no_poweroff_30_general_12_results - INFO - FlyncFind_averageEnhancedDis: 0.0
2024-06-23 00:19:03,436 - no_poweroff_30_general_12_results - INFO - FlyncFind_averageEnhancedCollisionNum: 1.0
2024-06-23 00:19:03,437 - no_poweroff_30_general_12_results - INFO - Pulsar_averageEnhancedSyn: 0.8343543468345601
2024-06-23 00:19:03,437 - no_poweroff_30_general_12_results - INFO - Pulsar_averageEnhancedDis: 0.891199711859597
2024-06-23 00:19:03,437 - no_poweroff_30_general_12_results - INFO - Pulsar_averageEnhancedCollisionNum: 0.0
2024-06-23 00:24:22,626 - no_poweroff_30_general_12_results - INFO - *******************COMPLEX_TRACE*******************
2024-06-23 00:24:22,627 - no_poweroff_30_general_12_results - INFO - Find_averageSyn: 391704.6766666667
2024-06-23 00:24:22,627 - no_poweroff_30_general_12_results - INFO - Find_averageDis: 0.0
2024-06-23 00:24:22,627 - no_poweroff_30_general_12_results - INFO - Find_averageCollisionNum: 1.6666666666666667
2024-06-23 00:24:22,627 - no_poweroff_30_general_12_results - INFO - Find_sumCollisionNum: 20
2024-06-23 00:24:22,627 - no_poweroff_30_general_12_results - INFO - FlyncFind_averageSyn: 51298.03333333333
2024-06-23 00:24:22,627 - no_poweroff_30_general_12_results - INFO - FlyncFind_averageDis: 0.0
2024-06-23 00:24:22,628 - no_poweroff_30_general_12_results - INFO - FlyncFind_averageCollisionNum: 19.833333333333332
2024-06-23 00:24:22,628 - no_poweroff_30_general_12_results - INFO - FlyncFind_sumCollisionNum: 238
2024-06-23 00:24:22,628 - no_poweroff_30_general_12_results - INFO - Pulsar_averageSyn: 9259.493333333334
2024-06-23 00:24:22,628 - no_poweroff_30_general_12_results - INFO - Pulsar_averageDis: 25699.5
2024-06-23 00:24:22,628 - no_poweroff_30_general_12_results - INFO - Pulsar_averageCollisionNum: 0.0
2024-06-23 00:24:22,628 - no_poweroff_30_general_12_results - INFO - Pulsar_sumCollisionNum: 0
2024-06-23 00:24:22,628 - no_poweroff_30_general_12_results - INFO - Free_beacon_averageSyn: 3728.233333333333
2024-06-23 00:24:22,628 - no_poweroff_30_general_12_results - INFO - Free_beacon_averageDis: 19840.583333333332
2024-06-23 00:24:22,628 - no_poweroff_30_general_12_results - INFO - Free_beacon_averageCollisionNum: 0.0
2024-06-23 00:24:22,629 - no_poweroff_30_general_12_results - INFO - Free_beacon_sumCollisionNum: 0
2024-06-23 00:24:22,629 - no_poweroff_30_general_12_results - INFO - Find_averageEnhancedSyn: 105.0644210394557
2024-06-23 00:24:22,629 - no_poweroff_30_general_12_results - INFO - Find_averageEnhancedDis: 0.0
2024-06-23 00:24:22,629 - no_poweroff_30_general_12_results - INFO - Find_averageEnhancedCollisionNum: 1.0
2024-06-23 00:24:22,629 - no_poweroff_30_general_12_results - INFO - FlyncFind_averageEnhancedSyn: 13.759340885316549
2024-06-23 00:24:22,630 - no_poweroff_30_general_12_results - INFO - FlyncFind_averageEnhancedDis: 0.0
2024-06-23 00:24:22,630 - no_poweroff_30_general_12_results - INFO - FlyncFind_averageEnhancedCollisionNum: 0.9999999999999999
2024-06-23 00:24:22,630 - no_poweroff_30_general_12_results - INFO - Pulsar_averageEnhancedSyn: 2.483614223001064
2024-06-23 00:24:22,630 - no_poweroff_30_general_12_results - INFO - Pulsar_averageEnhancedDis: 1.295299617366761
2024-06-23 00:24:22,630 - no_poweroff_30_general_12_results - INFO - Pulsar_averageEnhancedCollisionNum: 0.0
2024-06-23 00:26:28,799 - no_poweroff_30_general_12_results - INFO - *******************STAIRS_TRACE*******************
2024-06-23 00:26:28,800 - no_poweroff_30_general_12_results - INFO - Find_averageSyn: 14655.633333333333
2024-06-23 00:26:28,800 - no_poweroff_30_general_12_results - INFO - Find_averageDis: 0.0
2024-06-23 00:26:28,800 - no_poweroff_30_general_12_results - INFO - Find_averageCollisionNum: 8.166666666666666
2024-06-23 00:26:28,800 - no_poweroff_30_general_12_results - INFO - Find_sumCollisionNum: 98
2024-06-23 00:26:28,800 - no_poweroff_30_general_12_results - INFO - FlyncFind_averageSyn: 17619.533333333333
2024-06-23 00:26:28,800 - no_poweroff_30_general_12_results - INFO - FlyncFind_averageDis: 0.0
2024-06-23 00:26:28,800 - no_poweroff_30_general_12_results - INFO - FlyncFind_averageCollisionNum: 543.8333333333334
2024-06-23 00:26:28,801 - no_poweroff_30_general_12_results - INFO - FlyncFind_sumCollisionNum: 6526
2024-06-23 00:26:28,801 - no_poweroff_30_general_12_results - INFO - Pulsar_averageSyn: 484.81
2024-06-23 00:26:28,801 - no_poweroff_30_general_12_results - INFO - Pulsar_averageDis: 9786.833333333334
2024-06-23 00:26:28,801 - no_poweroff_30_general_12_results - INFO - Pulsar_averageCollisionNum: 1.4166666666666667
2024-06-23 00:26:28,801 - no_poweroff_30_general_12_results - INFO - Pulsar_sumCollisionNum: 17
2024-06-23 00:26:28,801 - no_poweroff_30_general_12_results - INFO - Free_beacon_averageSyn: 1120.7666666666667
2024-06-23 00:26:28,801 - no_poweroff_30_general_12_results - INFO - Free_beacon_averageDis: 7373.666666666667
2024-06-23 00:26:28,801 - no_poweroff_30_general_12_results - INFO - Free_beacon_averageCollisionNum: 1.25
2024-06-23 00:26:28,801 - no_poweroff_30_general_12_results - INFO - Free_beacon_sumCollisionNum: 15
2024-06-23 00:26:28,802 - no_poweroff_30_general_12_results - INFO - Find_averageEnhancedSyn: 13.076435773131488
2024-06-23 00:26:28,802 - no_poweroff_30_general_12_results - INFO - Find_averageEnhancedDis: 0.0
2024-06-23 00:26:28,802 - no_poweroff_30_general_12_results - INFO - Find_averageEnhancedCollisionNum: 1.0000000000000002
2024-06-23 00:26:28,802 - no_poweroff_30_general_12_results - INFO - FlyncFind_averageEnhancedSyn: 15.720964815751122
2024-06-23 00:26:28,802 - no_poweroff_30_general_12_results - INFO - FlyncFind_averageEnhancedDis: 0.0
2024-06-23 00:26:28,803 - no_poweroff_30_general_12_results - INFO - FlyncFind_averageEnhancedCollisionNum: 1.0
2024-06-23 00:26:28,803 - no_poweroff_30_general_12_results - INFO - Pulsar_averageEnhancedSyn: 0.432569966986884
2024-06-23 00:26:28,803 - no_poweroff_30_general_12_results - INFO - Pulsar_averageEnhancedDis: 1.3272682066814339
2024-06-23 00:26:28,803 - no_poweroff_30_general_12_results - INFO - Pulsar_averageEnhancedCollisionNum: 0.9999999999999999
2024-06-23 01:05:12,624 - no_poweroff_30_general_12_results - INFO - *******************CARS_TRACE*******************
2024-06-23 01:05:12,624 - no_poweroff_30_general_12_results - INFO - Find_averageSyn: 61214198.60666667
2024-06-23 01:05:12,624 - no_poweroff_30_general_12_results - INFO - Find_averageDis: 0.0
2024-06-23 01:05:12,624 - no_poweroff_30_general_12_results - INFO - Find_averageCollisionNum: 0.3333333333333333
2024-06-23 01:05:12,625 - no_poweroff_30_general_12_results - INFO - Find_sumCollisionNum: 4
2024-06-23 01:05:12,625 - no_poweroff_30_general_12_results - INFO - FlyncFind_averageSyn: 6219932.266666667
2024-06-23 01:05:12,625 - no_poweroff_30_general_12_results - INFO - FlyncFind_averageDis: 0.0
2024-06-23 01:05:12,625 - no_poweroff_30_general_12_results - INFO - FlyncFind_averageCollisionNum: 2.0
2024-06-23 01:05:12,625 - no_poweroff_30_general_12_results - INFO - FlyncFind_sumCollisionNum: 24
2024-06-23 01:05:12,625 - no_poweroff_30_general_12_results - INFO - Pulsar_averageSyn: 1125809.2183333333
2024-06-23 01:05:12,625 - no_poweroff_30_general_12_results - INFO - Pulsar_averageDis: 576363.0833333334
2024-06-23 01:05:12,625 - no_poweroff_30_general_12_results - INFO - Pulsar_averageCollisionNum: 0.0
2024-06-23 01:05:12,625 - no_poweroff_30_general_12_results - INFO - Pulsar_sumCollisionNum: 0
2024-06-23 01:05:12,626 - no_poweroff_30_general_12_results - INFO - Free_beacon_averageSyn: 710771.0166666667
2024-06-23 01:05:12,626 - no_poweroff_30_general_12_results - INFO - Free_beacon_averageDis: 352918.6666666667
2024-06-23 01:05:12,626 - no_poweroff_30_general_12_results - INFO - Free_beacon_averageCollisionNum: 0.0
2024-06-23 01:05:12,626 - no_poweroff_30_general_12_results - INFO - Free_beacon_sumCollisionNum: 0
2024-06-23 01:05:12,626 - no_poweroff_30_general_12_results - INFO - Find_averageEnhancedSyn: 86.12365610199684
2024-06-23 01:05:12,626 - no_poweroff_30_general_12_results - INFO - Find_averageEnhancedDis: 0.0
2024-06-23 01:05:12,627 - no_poweroff_30_general_12_results - INFO - Find_averageEnhancedCollisionNum: 1.0
2024-06-23 01:05:12,627 - no_poweroff_30_general_12_results - INFO - FlyncFind_averageEnhancedSyn: 8.750964967362554
2024-06-23 01:05:12,627 - no_poweroff_30_general_12_results - INFO - FlyncFind_averageEnhancedDis: 0.0
2024-06-23 01:05:12,627 - no_poweroff_30_general_12_results - INFO - FlyncFind_averageEnhancedCollisionNum: 1.0
2024-06-23 01:05:12,627 - no_poweroff_30_general_12_results - INFO - Pulsar_averageEnhancedSyn: 1.5839267386184217
2024-06-23 01:05:12,628 - no_poweroff_30_general_12_results - INFO - Pulsar_averageEnhancedDis: 1.633132893697887
2024-06-23 01:05:12,628 - no_poweroff_30_general_12_results - INFO - Pulsar_averageEnhancedCollisionNum: 0.0
2024-06-23 01:11:33,161 - no_poweroff_30_general_12_results - INFO - *******************JOGGING_TRACE*******************
2024-06-23 01:11:33,161 - no_poweroff_30_general_12_results - INFO - Find_averageSyn: 664408.7666666667
2024-06-23 01:11:33,161 - no_poweroff_30_general_12_results - INFO - Find_averageDis: 0.0
2024-06-23 01:11:33,161 - no_poweroff_30_general_12_results - INFO - Find_averageCollisionNum: 1.3333333333333333
2024-06-23 01:11:33,162 - no_poweroff_30_general_12_results - INFO - Find_sumCollisionNum: 16
2024-06-23 01:11:33,162 - no_poweroff_30_general_12_results - INFO - FlyncFind_averageSyn: 99734.86666666667
2024-06-23 01:11:33,162 - no_poweroff_30_general_12_results - INFO - FlyncFind_averageDis: 0.0
2024-06-23 01:11:33,162 - no_poweroff_30_general_12_results - INFO - FlyncFind_averageCollisionNum: 13.666666666666666
2024-06-23 01:11:33,162 - no_poweroff_30_general_12_results - INFO - FlyncFind_sumCollisionNum: 164
2024-06-23 01:11:33,162 - no_poweroff_30_general_12_results - INFO - Pulsar_averageSyn: 19028.17
2024-06-23 01:11:33,162 - no_poweroff_30_general_12_results - INFO - Pulsar_averageDis: 47389.833333333336
2024-06-23 01:11:33,162 - no_poweroff_30_general_12_results - INFO - Pulsar_averageCollisionNum: 0.0
2024-06-23 01:11:33,162 - no_poweroff_30_general_12_results - INFO - Pulsar_sumCollisionNum: 0
2024-06-23 01:11:33,163 - no_poweroff_30_general_12_results - INFO - Free_beacon_averageSyn: 8966.8
2024-06-23 01:11:33,163 - no_poweroff_30_general_12_results - INFO - Free_beacon_averageDis: 32975.5
2024-06-23 01:11:33,163 - no_poweroff_30_general_12_results - INFO - Free_beacon_averageCollisionNum: 0.0
2024-06-23 01:11:33,163 - no_poweroff_30_general_12_results - INFO - Free_beacon_sumCollisionNum: 0
2024-06-23 01:11:33,163 - no_poweroff_30_general_12_results - INFO - Find_averageEnhancedSyn: 74.09653016312026
2024-06-23 01:11:33,163 - no_poweroff_30_general_12_results - INFO - Find_averageEnhancedDis: 0.0
2024-06-23 01:11:33,164 - no_poweroff_30_general_12_results - INFO - Find_averageEnhancedCollisionNum: 1.0
2024-06-23 01:11:33,164 - no_poweroff_30_general_12_results - INFO - FlyncFind_averageEnhancedSyn: 11.122682190599397
2024-06-23 01:11:33,164 - no_poweroff_30_general_12_results - INFO - FlyncFind_averageEnhancedDis: 0.0
2024-06-23 01:11:33,164 - no_poweroff_30_general_12_results - INFO - FlyncFind_averageEnhancedCollisionNum: 1.0
2024-06-23 01:11:33,164 - no_poweroff_30_general_12_results - INFO - Pulsar_averageEnhancedSyn: 2.122069188562252
2024-06-23 01:11:33,165 - no_poweroff_30_general_12_results - INFO - Pulsar_averageEnhancedDis: 1.437122510146422
2024-06-23 01:11:33,165 - no_poweroff_30_general_12_results - INFO - Pulsar_averageEnhancedCollisionNum: 0.0
2024-06-23 01:14:23,332 - no_poweroff_30_general_12_results - INFO - *******************OFFICE_TRACE*******************
2024-06-23 01:14:23,332 - no_poweroff_30_general_12_results - INFO - Find_averageSyn: 100749.99666666667
2024-06-23 01:14:23,332 - no_poweroff_30_general_12_results - INFO - Find_averageDis: 0.0
2024-06-23 01:14:23,332 - no_poweroff_30_general_12_results - INFO - Find_averageCollisionNum: 2.1666666666666665
2024-06-23 01:14:23,332 - no_poweroff_30_general_12_results - INFO - Find_sumCollisionNum: 26
2024-06-23 01:14:23,332 - no_poweroff_30_general_12_results - INFO - FlyncFind_averageSyn: 20372.633333333335
2024-06-23 01:14:23,332 - no_poweroff_30_general_12_results - INFO - FlyncFind_averageDis: 0.0
2024-06-23 01:14:23,332 - no_poweroff_30_general_12_results - INFO - FlyncFind_averageCollisionNum: 43.5
2024-06-23 01:14:23,332 - no_poweroff_30_general_12_results - INFO - FlyncFind_sumCollisionNum: 522
2024-06-23 01:14:23,333 - no_poweroff_30_general_12_results - INFO - Pulsar_averageSyn: 3625.2166666666667
2024-06-23 01:14:23,333 - no_poweroff_30_general_12_results - INFO - Pulsar_averageDis: 14971.583333333334
2024-06-23 01:14:23,333 - no_poweroff_30_general_12_results - INFO - Pulsar_averageCollisionNum: 0.5
2024-06-23 01:14:23,333 - no_poweroff_30_general_12_results - INFO - Pulsar_sumCollisionNum: 6
2024-06-23 01:14:23,333 - no_poweroff_30_general_12_results - INFO - Free_beacon_averageSyn: 1795.0333333333333
2024-06-23 01:14:23,333 - no_poweroff_30_general_12_results - INFO - Free_beacon_averageDis: 11455.666666666666
2024-06-23 01:14:23,333 - no_poweroff_30_general_12_results - INFO - Free_beacon_averageCollisionNum: 0.0
2024-06-23 01:14:23,333 - no_poweroff_30_general_12_results - INFO - Free_beacon_sumCollisionNum: 0
2024-06-23 01:14:23,333 - no_poweroff_30_general_12_results - INFO - Find_averageEnhancedSyn: 56.12708956193943
2024-06-23 01:14:23,333 - no_poweroff_30_general_12_results - INFO - Find_averageEnhancedDis: 0.0
2024-06-23 01:14:23,333 - no_poweroff_30_general_12_results - INFO - Find_averageEnhancedCollisionNum: 1.0000000000000002
2024-06-23 01:14:23,334 - no_poweroff_30_general_12_results - INFO - FlyncFind_averageEnhancedSyn: 11.349445692744798
2024-06-23 01:14:23,334 - no_poweroff_30_general_12_results - INFO - FlyncFind_averageEnhancedDis: 0.0
2024-06-23 01:14:23,334 - no_poweroff_30_general_12_results - INFO - FlyncFind_averageEnhancedCollisionNum: 1.0000000000000002
2024-06-23 01:14:23,334 - no_poweroff_30_general_12_results - INFO - Pulsar_averageEnhancedSyn: 2.0195818090657554
2024-06-23 01:14:23,334 - no_poweroff_30_general_12_results - INFO - Pulsar_averageEnhancedDis: 1.3069150638694098
2024-06-23 01:14:23,334 - no_poweroff_30_general_12_results - INFO - Pulsar_averageEnhancedCollisionNum: 1.0
2024-06-23 01:26:15,247 - no_poweroff_30_general_12_results - INFO - *******************WASHER_TRACE*******************
2024-06-23 01:26:15,248 - no_poweroff_30_general_12_results - INFO - Find_averageSyn: 5423684.776666666
2024-06-23 01:26:15,248 - no_poweroff_30_general_12_results - INFO - Find_averageDis: 0.0
2024-06-23 01:26:15,248 - no_poweroff_30_general_12_results - INFO - Find_averageCollisionNum: 1.0
2024-06-23 01:26:15,248 - no_poweroff_30_general_12_results - INFO - Find_sumCollisionNum: 12
2024-06-23 01:26:15,248 - no_poweroff_30_general_12_results - INFO - FlyncFind_averageSyn: 2622663.066666667
2024-06-23 01:26:15,248 - no_poweroff_30_general_12_results - INFO - FlyncFind_averageDis: 0.0
2024-06-23 01:26:15,248 - no_poweroff_30_general_12_results - INFO - FlyncFind_averageCollisionNum: 7.333333333333333
2024-06-23 01:26:15,249 - no_poweroff_30_general_12_results - INFO - FlyncFind_sumCollisionNum: 88
2024-06-23 01:26:15,249 - no_poweroff_30_general_12_results - INFO - Pulsar_averageSyn: 528889.275
2024-06-23 01:26:15,249 - no_poweroff_30_general_12_results - INFO - Pulsar_averageDis: 330349.9166666667
2024-06-23 01:26:15,249 - no_poweroff_30_general_12_results - INFO - Pulsar_averageCollisionNum: 0.0
2024-06-23 01:26:15,249 - no_poweroff_30_general_12_results - INFO - Pulsar_sumCollisionNum: 0
2024-06-23 01:26:15,249 - no_poweroff_30_general_12_results - INFO - Free_beacon_averageSyn: 297715.1
2024-06-23 01:26:15,249 - no_poweroff_30_general_12_results - INFO - Free_beacon_averageDis: 1117442.0
2024-06-23 01:26:15,249 - no_poweroff_30_general_12_results - INFO - Free_beacon_averageCollisionNum: 0.25
2024-06-23 01:26:15,249 - no_poweroff_30_general_12_results - INFO - Free_beacon_sumCollisionNum: 3
2024-06-23 01:26:15,250 - no_poweroff_30_general_12_results - INFO - Find_averageEnhancedSyn: 18.217701341539836
2024-06-23 01:26:15,250 - no_poweroff_30_general_12_results - INFO - Find_averageEnhancedDis: 0.0
2024-06-23 01:26:15,250 - no_poweroff_30_general_12_results - INFO - Find_averageEnhancedCollisionNum: 1.0
2024-06-23 01:26:15,250 - no_poweroff_30_general_12_results - INFO - FlyncFind_averageEnhancedSyn: 8.809304824198259
2024-06-23 01:26:15,250 - no_poweroff_30_general_12_results - INFO - FlyncFind_averageEnhancedDis: 0.0
2024-06-23 01:26:15,251 - no_poweroff_30_general_12_results - INFO - FlyncFind_averageEnhancedCollisionNum: 1.0000000000000002
2024-06-23 01:26:15,251 - no_poweroff_30_general_12_results - INFO - Pulsar_averageEnhancedSyn: 1.7764946252306317
2024-06-23 01:26:15,251 - no_poweroff_30_general_12_results - INFO - Pulsar_averageEnhancedDis: 0.2956304816417019
2024-06-23 01:26:15,251 - no_poweroff_30_general_12_results - INFO - Pulsar_averageEnhancedCollisionNum: 0.0
