2024-07-06 19:34:16,713 - poweroff_2_30_results - INFO - *******************STATIC_TRACE*******************
2024-07-06 19:34:16,714 - poweroff_2_30_results - INFO - Find_averageSyn: 17627.76
2024-07-06 19:34:16,714 - poweroff_2_30_results - INFO - Find_averageDis: 0.0
2024-07-06 19:34:16,714 - poweroff_2_30_results - INFO - Find_averageCollisionNum: 0.0
2024-07-06 19:34:16,714 - poweroff_2_30_results - INFO - Find_sumCollisionNum: 0
2024-07-06 19:34:16,714 - poweroff_2_30_results - INFO - FlyncFind_averageSyn: 2478.2
2024-07-06 19:34:16,714 - poweroff_2_30_results - INFO - FlyncFind_averageDis: 0.0
2024-07-06 19:34:16,714 - poweroff_2_30_results - INFO - FlyncFind_averageCollisionNum: 0.0
2024-07-06 19:34:16,714 - poweroff_2_30_results - INFO - FlyncFind_sumCollisionNum: 0
2024-07-06 19:34:16,714 - poweroff_2_30_results - INFO - Pulsar_averageSyn: 35387.3
2024-07-06 19:34:16,715 - poweroff_2_30_results - INFO - Pulsar_averageDis: 481.5
2024-07-06 19:34:16,715 - poweroff_2_30_results - INFO - Pulsar_averageCollisionNum: 0.0
2024-07-06 19:34:16,715 - poweroff_2_30_results - INFO - Pulsar_sumCollisionNum: 0
2024-07-06 19:34:16,715 - poweroff_2_30_results - INFO - Free_beacon_averageSyn: 1066.9
2024-07-06 19:34:16,715 - poweroff_2_30_results - INFO - Free_beacon_averageDis: 332.0
2024-07-06 19:34:16,715 - poweroff_2_30_results - INFO - Free_beacon_averageCollisionNum: 0.0
2024-07-06 19:34:16,715 - poweroff_2_30_results - INFO - Free_beacon_sumCollisionNum: 0
2024-07-06 19:34:16,715 - poweroff_2_30_results - INFO - Find_averageEnhancedSyn: 16.522410722654417
2024-07-06 19:34:16,715 - poweroff_2_30_results - INFO - Find_averageEnhancedDis: 0.0
2024-07-06 19:34:16,715 - poweroff_2_30_results - INFO - Find_averageEnhancedCollisionNum: 0.0
2024-07-06 19:34:16,716 - poweroff_2_30_results - INFO - FlyncFind_averageEnhancedSyn: 2.3228043865404437
2024-07-06 19:34:16,716 - poweroff_2_30_results - INFO - FlyncFind_averageEnhancedDis: 0.0
2024-07-06 19:34:16,716 - poweroff_2_30_results - INFO - FlyncFind_averageEnhancedCollisionNum: 0.0
2024-07-06 19:34:16,716 - poweroff_2_30_results - INFO - Pulsar_averageEnhancedSyn: 33.168338176023994
2024-07-06 19:34:16,716 - poweroff_2_30_results - INFO - Pulsar_averageEnhancedDis: 1.4503012048192772
2024-07-06 19:34:16,716 - poweroff_2_30_results - INFO - Pulsar_averageEnhancedCollisionNum: 0.0
2024-07-06 19:34:25,993 - poweroff_2_30_results - INFO - *******************COMPLEX_TRACE*******************
2024-07-06 19:34:25,993 - poweroff_2_30_results - INFO - Find_averageSyn: 120175.72
2024-07-06 19:34:25,993 - poweroff_2_30_results - INFO - Find_averageDis: 0.0
2024-07-06 19:34:25,993 - poweroff_2_30_results - INFO - Find_averageCollisionNum: 0.0
2024-07-06 19:34:25,993 - poweroff_2_30_results - INFO - Find_sumCollisionNum: 0
2024-07-06 19:34:25,993 - poweroff_2_30_results - INFO - FlyncFind_averageSyn: 16071.84
2024-07-06 19:34:25,993 - poweroff_2_30_results - INFO - FlyncFind_averageDis: 0.0
2024-07-06 19:34:25,993 - poweroff_2_30_results - INFO - FlyncFind_averageCollisionNum: 0.0
2024-07-06 19:34:25,993 - poweroff_2_30_results - INFO - FlyncFind_sumCollisionNum: 0
2024-07-06 19:34:25,994 - poweroff_2_30_results - INFO - Pulsar_averageSyn: 88180.08
2024-07-06 19:34:25,994 - poweroff_2_30_results - INFO - Pulsar_averageDis: 1537.0
2024-07-06 19:34:25,994 - poweroff_2_30_results - INFO - Pulsar_averageCollisionNum: 0.0
2024-07-06 19:34:25,994 - poweroff_2_30_results - INFO - Pulsar_sumCollisionNum: 0
2024-07-06 19:34:25,994 - poweroff_2_30_results - INFO - Free_beacon_averageSyn: 3103.84
2024-07-06 19:34:25,994 - poweroff_2_30_results - INFO - Free_beacon_averageDis: 1046.0
2024-07-06 19:34:25,994 - poweroff_2_30_results - INFO - Free_beacon_averageCollisionNum: 0.0
2024-07-06 19:34:25,994 - poweroff_2_30_results - INFO - Free_beacon_sumCollisionNum: 0
2024-07-06 19:34:25,994 - poweroff_2_30_results - INFO - Find_averageEnhancedSyn: 38.71840043301201
2024-07-06 19:34:25,994 - poweroff_2_30_results - INFO - Find_averageEnhancedDis: 0.0
2024-07-06 19:34:25,995 - poweroff_2_30_results - INFO - Find_averageEnhancedCollisionNum: 0.0
2024-07-06 19:34:25,995 - poweroff_2_30_results - INFO - FlyncFind_averageEnhancedSyn: 5.178050414969843
2024-07-06 19:34:25,995 - poweroff_2_30_results - INFO - FlyncFind_averageEnhancedDis: 0.0
2024-07-06 19:34:25,995 - poweroff_2_30_results - INFO - FlyncFind_averageEnhancedCollisionNum: 0.0
2024-07-06 19:34:25,995 - poweroff_2_30_results - INFO - Pulsar_averageEnhancedSyn: 28.409995360585597
2024-07-06 19:34:25,995 - poweroff_2_30_results - INFO - Pulsar_averageEnhancedDis: 1.4694072657743786
2024-07-06 19:34:25,995 - poweroff_2_30_results - INFO - Pulsar_averageEnhancedCollisionNum: 0.0
2024-07-06 19:34:28,107 - poweroff_2_30_results - INFO - *******************STAIRS_TRACE*******************
2024-07-06 19:34:28,107 - poweroff_2_30_results - INFO - Find_averageSyn: 4371.08
2024-07-06 19:34:28,107 - poweroff_2_30_results - INFO - Find_averageDis: 0.0
2024-07-06 19:34:28,107 - poweroff_2_30_results - INFO - Find_averageCollisionNum: 0.0
2024-07-06 19:34:28,107 - poweroff_2_30_results - INFO - Find_sumCollisionNum: 0
2024-07-06 19:34:28,108 - poweroff_2_30_results - INFO - FlyncFind_averageSyn: 562.12
2024-07-06 19:34:28,108 - poweroff_2_30_results - INFO - FlyncFind_averageDis: 0.0
2024-07-06 19:34:28,108 - poweroff_2_30_results - INFO - FlyncFind_averageCollisionNum: 0.0
2024-07-06 19:34:28,108 - poweroff_2_30_results - INFO - FlyncFind_sumCollisionNum: 0
2024-07-06 19:34:28,108 - poweroff_2_30_results - INFO - Pulsar_averageSyn: 4050.26
2024-07-06 19:34:28,108 - poweroff_2_30_results - INFO - Pulsar_averageDis: 410.0
2024-07-06 19:34:28,108 - poweroff_2_30_results - INFO - Pulsar_averageCollisionNum: 0.0
2024-07-06 19:34:28,108 - poweroff_2_30_results - INFO - Pulsar_sumCollisionNum: 0
2024-07-06 19:34:28,108 - poweroff_2_30_results - INFO - Free_beacon_averageSyn: 100.96
2024-07-06 19:34:28,108 - poweroff_2_30_results - INFO - Free_beacon_averageDis: 383.0
2024-07-06 19:34:28,108 - poweroff_2_30_results - INFO - Free_beacon_averageCollisionNum: 0.0
2024-07-06 19:34:28,108 - poweroff_2_30_results - INFO - Free_beacon_sumCollisionNum: 0
2024-07-06 19:34:28,109 - poweroff_2_30_results - INFO - Find_averageEnhancedSyn: 43.295166402535656
2024-07-06 19:34:28,109 - poweroff_2_30_results - INFO - Find_averageEnhancedDis: 0.0
2024-07-06 19:34:28,109 - poweroff_2_30_results - INFO - Find_averageEnhancedCollisionNum: 0.0
2024-07-06 19:34:28,109 - poweroff_2_30_results - INFO - FlyncFind_averageEnhancedSyn: 5.567749603803487
2024-07-06 19:34:28,109 - poweroff_2_30_results - INFO - FlyncFind_averageEnhancedDis: 0.0
2024-07-06 19:34:28,109 - poweroff_2_30_results - INFO - FlyncFind_averageEnhancedCollisionNum: 0.0
2024-07-06 19:34:28,109 - poweroff_2_30_results - INFO - Pulsar_averageEnhancedSyn: 40.117472266244064
2024-07-06 19:34:28,109 - poweroff_2_30_results - INFO - Pulsar_averageEnhancedDis: 1.0704960835509139
2024-07-06 19:34:28,110 - poweroff_2_30_results - INFO - Pulsar_averageEnhancedCollisionNum: 0.0
2024-07-06 19:35:35,282 - poweroff_2_30_results - INFO - *******************CARS_TRACE*******************
2024-07-06 19:35:35,282 - poweroff_2_30_results - INFO - Find_averageSyn: 18986950.6
2024-07-06 19:35:35,282 - poweroff_2_30_results - INFO - Find_averageDis: 0.0
2024-07-06 19:35:35,283 - poweroff_2_30_results - INFO - Find_averageCollisionNum: 0.0
2024-07-06 19:35:35,283 - poweroff_2_30_results - INFO - Find_sumCollisionNum: 0
2024-07-06 19:35:35,283 - poweroff_2_30_results - INFO - FlyncFind_averageSyn: 2601552.2
2024-07-06 19:35:35,283 - poweroff_2_30_results - INFO - FlyncFind_averageDis: 0.0
2024-07-06 19:35:35,283 - poweroff_2_30_results - INFO - FlyncFind_averageCollisionNum: 0.0
2024-07-06 19:35:35,283 - poweroff_2_30_results - INFO - FlyncFind_sumCollisionNum: 0
2024-07-06 19:35:35,283 - poweroff_2_30_results - INFO - Pulsar_averageSyn: 2844645.87
2024-07-06 19:35:35,283 - poweroff_2_30_results - INFO - Pulsar_averageDis: 49077.0
2024-07-06 19:35:35,283 - poweroff_2_30_results - INFO - Pulsar_averageCollisionNum: 0.0
2024-07-06 19:35:35,283 - poweroff_2_30_results - INFO - Pulsar_sumCollisionNum: 0
2024-07-06 19:35:35,283 - poweroff_2_30_results - INFO - Free_beacon_averageSyn: 485065.06
2024-07-06 19:35:35,283 - poweroff_2_30_results - INFO - Free_beacon_averageDis: 44396.0
2024-07-06 19:35:35,284 - poweroff_2_30_results - INFO - Free_beacon_averageCollisionNum: 0.0
2024-07-06 19:35:35,284 - poweroff_2_30_results - INFO - Free_beacon_sumCollisionNum: 0
2024-07-06 19:35:35,284 - poweroff_2_30_results - INFO - Find_averageEnhancedSyn: 39.14310092753331
2024-07-06 19:35:35,284 - poweroff_2_30_results - INFO - Find_averageEnhancedDis: 0.0
2024-07-06 19:35:35,284 - poweroff_2_30_results - INFO - Find_averageEnhancedCollisionNum: 0.0
2024-07-06 19:35:35,284 - poweroff_2_30_results - INFO - FlyncFind_averageEnhancedSyn: 5.36330569759034
2024-07-06 19:35:35,284 - poweroff_2_30_results - INFO - FlyncFind_averageEnhancedDis: 0.0
2024-07-06 19:35:35,284 - poweroff_2_30_results - INFO - FlyncFind_averageEnhancedCollisionNum: 0.0
2024-07-06 19:35:35,285 - poweroff_2_30_results - INFO - Pulsar_averageEnhancedSyn: 5.864462532098272
2024-07-06 19:35:35,285 - poweroff_2_30_results - INFO - Pulsar_averageEnhancedDis: 1.1054374267952067
2024-07-06 19:35:35,285 - poweroff_2_30_results - INFO - Pulsar_averageEnhancedCollisionNum: 0.0
2024-07-06 19:35:48,701 - poweroff_2_30_results - INFO - *******************JOGGING_TRACE*******************
2024-07-06 19:35:48,701 - poweroff_2_30_results - INFO - Find_averageSyn: 272786.44
2024-07-06 19:35:48,701 - poweroff_2_30_results - INFO - Find_averageDis: 0.0
2024-07-06 19:35:48,701 - poweroff_2_30_results - INFO - Find_averageCollisionNum: 0.0
2024-07-06 19:35:48,702 - poweroff_2_30_results - INFO - Find_sumCollisionNum: 0
2024-07-06 19:35:48,702 - poweroff_2_30_results - INFO - FlyncFind_averageSyn: 26580.8
2024-07-06 19:35:48,702 - poweroff_2_30_results - INFO - FlyncFind_averageDis: 0.0
2024-07-06 19:35:48,702 - poweroff_2_30_results - INFO - FlyncFind_averageCollisionNum: 0.0
2024-07-06 19:35:48,702 - poweroff_2_30_results - INFO - FlyncFind_sumCollisionNum: 0
2024-07-06 19:35:48,702 - poweroff_2_30_results - INFO - Pulsar_averageSyn: 181768.82
2024-07-06 19:35:48,702 - poweroff_2_30_results - INFO - Pulsar_averageDis: 2483.0
2024-07-06 19:35:48,702 - poweroff_2_30_results - INFO - Pulsar_averageCollisionNum: 0.0
2024-07-06 19:35:48,702 - poweroff_2_30_results - INFO - Pulsar_sumCollisionNum: 0
2024-07-06 19:35:48,702 - poweroff_2_30_results - INFO - Free_beacon_averageSyn: 7523.5
2024-07-06 19:35:48,702 - poweroff_2_30_results - INFO - Free_beacon_averageDis: 2882.0
2024-07-06 19:35:48,702 - poweroff_2_30_results - INFO - Free_beacon_averageCollisionNum: 0.0
2024-07-06 19:35:48,703 - poweroff_2_30_results - INFO - Free_beacon_sumCollisionNum: 0
2024-07-06 19:35:48,703 - poweroff_2_30_results - INFO - Find_averageEnhancedSyn: 36.25791719279591
2024-07-06 19:35:48,703 - poweroff_2_30_results - INFO - Find_averageEnhancedDis: 0.0
2024-07-06 19:35:48,703 - poweroff_2_30_results - INFO - Find_averageEnhancedCollisionNum: 0.0
2024-07-06 19:35:48,703 - poweroff_2_30_results - INFO - FlyncFind_averageEnhancedSyn: 3.5330364856782084
2024-07-06 19:35:48,703 - poweroff_2_30_results - INFO - FlyncFind_averageEnhancedDis: 0.0
2024-07-06 19:35:48,703 - poweroff_2_30_results - INFO - FlyncFind_averageEnhancedCollisionNum: 0.0
2024-07-06 19:35:48,703 - poweroff_2_30_results - INFO - Pulsar_averageEnhancedSyn: 24.160140891872135
2024-07-06 19:35:48,704 - poweroff_2_30_results - INFO - Pulsar_averageEnhancedDis: 0.8615544760582928
2024-07-06 19:35:48,704 - poweroff_2_30_results - INFO - Pulsar_averageEnhancedCollisionNum: 0.0
2024-07-06 19:35:53,558 - poweroff_2_30_results - INFO - *******************OFFICE_TRACE*******************
2024-07-06 19:35:53,559 - poweroff_2_30_results - INFO - Find_averageSyn: 33229.48
2024-07-06 19:35:53,559 - poweroff_2_30_results - INFO - Find_averageDis: 0.0
2024-07-06 19:35:53,559 - poweroff_2_30_results - INFO - Find_averageCollisionNum: 0.0
2024-07-06 19:35:53,559 - poweroff_2_30_results - INFO - Find_sumCollisionNum: 0
2024-07-06 19:35:53,559 - poweroff_2_30_results - INFO - FlyncFind_averageSyn: 4387.2
2024-07-06 19:35:53,559 - poweroff_2_30_results - INFO - FlyncFind_averageDis: 0.0
2024-07-06 19:35:53,559 - poweroff_2_30_results - INFO - FlyncFind_averageCollisionNum: 0.0
2024-07-06 19:35:53,559 - poweroff_2_30_results - INFO - FlyncFind_sumCollisionNum: 0
2024-07-06 19:35:53,559 - poweroff_2_30_results - INFO - Pulsar_averageSyn: 29362.4
2024-07-06 19:35:53,559 - poweroff_2_30_results - INFO - Pulsar_averageDis: 1257.5
2024-07-06 19:35:53,560 - poweroff_2_30_results - INFO - Pulsar_averageCollisionNum: 0.0
2024-07-06 19:35:53,560 - poweroff_2_30_results - INFO - Pulsar_sumCollisionNum: 0
2024-07-06 19:35:53,560 - poweroff_2_30_results - INFO - Free_beacon_averageSyn: 970.0
2024-07-06 19:35:53,560 - poweroff_2_30_results - INFO - Free_beacon_averageDis: 587.0
2024-07-06 19:35:53,560 - poweroff_2_30_results - INFO - Free_beacon_averageCollisionNum: 0.0
2024-07-06 19:35:53,560 - poweroff_2_30_results - INFO - Free_beacon_sumCollisionNum: 0
2024-07-06 19:35:53,560 - poweroff_2_30_results - INFO - Find_averageEnhancedSyn: 34.25719587628866
2024-07-06 19:35:53,560 - poweroff_2_30_results - INFO - Find_averageEnhancedDis: 0.0
2024-07-06 19:35:53,560 - poweroff_2_30_results - INFO - Find_averageEnhancedCollisionNum: 0.0
2024-07-06 19:35:53,560 - poweroff_2_30_results - INFO - FlyncFind_averageEnhancedSyn: 4.522886597938144
2024-07-06 19:35:53,561 - poweroff_2_30_results - INFO - FlyncFind_averageEnhancedDis: 0.0
2024-07-06 19:35:53,561 - poweroff_2_30_results - INFO - FlyncFind_averageEnhancedCollisionNum: 0.0
2024-07-06 19:35:53,561 - poweroff_2_30_results - INFO - Pulsar_averageEnhancedSyn: 30.270515463917526
2024-07-06 19:35:53,561 - poweroff_2_30_results - INFO - Pulsar_averageEnhancedDis: 2.1422487223168654
2024-07-06 19:35:53,561 - poweroff_2_30_results - INFO - Pulsar_averageEnhancedCollisionNum: 0.0
2024-07-06 19:36:39,093 - poweroff_2_30_results - INFO - *******************WASHER_TRACE*******************
2024-07-06 19:36:39,093 - poweroff_2_30_results - INFO - Find_averageSyn: 4081106.96
2024-07-06 19:36:39,094 - poweroff_2_30_results - INFO - Find_averageDis: 0.0
2024-07-06 19:36:39,094 - poweroff_2_30_results - INFO - Find_averageCollisionNum: 0.0
2024-07-06 19:36:39,094 - poweroff_2_30_results - INFO - Find_sumCollisionNum: 0
2024-07-06 19:36:39,094 - poweroff_2_30_results - INFO - FlyncFind_averageSyn: 512845.4
2024-07-06 19:36:39,094 - poweroff_2_30_results - INFO - FlyncFind_averageDis: 0.0
2024-07-06 19:36:39,094 - poweroff_2_30_results - INFO - FlyncFind_averageCollisionNum: 0.0
2024-07-06 19:36:39,094 - poweroff_2_30_results - INFO - FlyncFind_sumCollisionNum: 0
2024-07-06 19:36:39,094 - poweroff_2_30_results - INFO - Pulsar_averageSyn: 2517754.93
2024-07-06 19:36:39,094 - poweroff_2_30_results - INFO - Pulsar_averageDis: 29685.5
2024-07-06 19:36:39,094 - poweroff_2_30_results - INFO - Pulsar_averageCollisionNum: 0.0
2024-07-06 19:36:39,094 - poweroff_2_30_results - INFO - Pulsar_sumCollisionNum: 0
2024-07-06 19:36:39,095 - poweroff_2_30_results - INFO - Free_beacon_averageSyn: 120827.14
2024-07-06 19:36:39,095 - poweroff_2_30_results - INFO - Free_beacon_averageDis: 27872.0
2024-07-06 19:36:39,095 - poweroff_2_30_results - INFO - Free_beacon_averageCollisionNum: 0.0
2024-07-06 19:36:39,095 - poweroff_2_30_results - INFO - Free_beacon_sumCollisionNum: 0
2024-07-06 19:36:39,095 - poweroff_2_30_results - INFO - Find_averageEnhancedSyn: 33.776409505347885
2024-07-06 19:36:39,095 - poweroff_2_30_results - INFO - Find_averageEnhancedDis: 0.0
2024-07-06 19:36:39,095 - poweroff_2_30_results - INFO - Find_averageEnhancedCollisionNum: 0.0
2024-07-06 19:36:39,095 - poweroff_2_30_results - INFO - FlyncFind_averageEnhancedSyn: 4.244455343393877
2024-07-06 19:36:39,095 - poweroff_2_30_results - INFO - FlyncFind_averageEnhancedDis: 0.0
2024-07-06 19:36:39,096 - poweroff_2_30_results - INFO - FlyncFind_averageEnhancedCollisionNum: 0.0
2024-07-06 19:36:39,096 - poweroff_2_30_results - INFO - Pulsar_averageEnhancedSyn: 20.83766056202274
2024-07-06 19:36:39,096 - poweroff_2_30_results - INFO - Pulsar_averageEnhancedDis: 1.0650652985074627
2024-07-06 19:36:39,096 - poweroff_2_30_results - INFO - Pulsar_averageEnhancedCollisionNum: 0.0
