2024-07-06 19:31:49,996 - poweroff_2_20_results - INFO - *******************STATIC_TRACE*******************
2024-07-06 19:31:49,996 - poweroff_2_20_results - INFO - Find_averageSyn: 15284.18
2024-07-06 19:31:49,996 - poweroff_2_20_results - INFO - Find_averageDis: 0.0
2024-07-06 19:31:49,996 - poweroff_2_20_results - INFO - Find_averageCollisionNum: 0.0
2024-07-06 19:31:49,996 - poweroff_2_20_results - INFO - Find_sumCollisionNum: 0
2024-07-06 19:31:49,996 - poweroff_2_20_results - INFO - FlyncFind_averageSyn: 2251.6
2024-07-06 19:31:49,996 - poweroff_2_20_results - INFO - FlyncFind_averageDis: 0.0
2024-07-06 19:31:49,997 - poweroff_2_20_results - INFO - FlyncFind_averageCollisionNum: 0.0
2024-07-06 19:31:49,997 - poweroff_2_20_results - INFO - FlyncFind_sumCollisionNum: 0
2024-07-06 19:31:49,997 - poweroff_2_20_results - INFO - Pulsar_averageSyn: 53208.84
2024-07-06 19:31:49,997 - poweroff_2_20_results - INFO - Pulsar_averageDis: 385.5
2024-07-06 19:31:49,997 - poweroff_2_20_results - INFO - Pulsar_averageCollisionNum: 0.0
2024-07-06 19:31:49,997 - poweroff_2_20_results - INFO - Pulsar_sumCollisionNum: 0
2024-07-06 19:31:49,997 - poweroff_2_20_results - INFO - Free_beacon_averageSyn: 1112.8
2024-07-06 19:31:49,997 - poweroff_2_20_results - INFO - Free_beacon_averageDis: 3366.5
2024-07-06 19:31:49,997 - poweroff_2_20_results - INFO - Free_beacon_averageCollisionNum: 0.0
2024-07-06 19:31:49,997 - poweroff_2_20_results - INFO - Free_beacon_sumCollisionNum: 0
2024-07-06 19:31:49,997 - poweroff_2_20_results - INFO - Find_averageEnhancedSyn: 13.734884974838247
2024-07-06 19:31:49,998 - poweroff_2_20_results - INFO - Find_averageEnhancedDis: 0.0
2024-07-06 19:31:49,998 - poweroff_2_20_results - INFO - Find_averageEnhancedCollisionNum: 0.0
2024-07-06 19:31:49,998 - poweroff_2_20_results - INFO - FlyncFind_averageEnhancedSyn: 2.0233644859813085
2024-07-06 19:31:49,998 - poweroff_2_20_results - INFO - FlyncFind_averageEnhancedDis: 0.0
2024-07-06 19:31:49,998 - poweroff_2_20_results - INFO - FlyncFind_averageEnhancedCollisionNum: 0.0
2024-07-06 19:31:49,998 - poweroff_2_20_results - INFO - Pulsar_averageEnhancedSyn: 47.815276779295466
2024-07-06 19:31:49,998 - poweroff_2_20_results - INFO - Pulsar_averageEnhancedDis: 0.11451061933759096
2024-07-06 19:31:49,998 - poweroff_2_20_results - INFO - Pulsar_averageEnhancedCollisionNum: 0.0
2024-07-06 19:32:00,714 - poweroff_2_20_results - INFO - *******************COMPLEX_TRACE*******************
2024-07-06 19:32:00,714 - poweroff_2_20_results - INFO - Find_averageSyn: 128318.74
2024-07-06 19:32:00,714 - poweroff_2_20_results - INFO - Find_averageDis: 0.0
2024-07-06 19:32:00,714 - poweroff_2_20_results - INFO - Find_averageCollisionNum: 0.0
2024-07-06 19:32:00,714 - poweroff_2_20_results - INFO - Find_sumCollisionNum: 0
2024-07-06 19:32:00,715 - poweroff_2_20_results - INFO - FlyncFind_averageSyn: 11358.6
2024-07-06 19:32:00,715 - poweroff_2_20_results - INFO - FlyncFind_averageDis: 0.0
2024-07-06 19:32:00,715 - poweroff_2_20_results - INFO - FlyncFind_averageCollisionNum: 0.0
2024-07-06 19:32:00,715 - poweroff_2_20_results - INFO - FlyncFind_sumCollisionNum: 0
2024-07-06 19:32:00,715 - poweroff_2_20_results - INFO - Pulsar_averageSyn: 106718.84
2024-07-06 19:32:00,715 - poweroff_2_20_results - INFO - Pulsar_averageDis: 1628.0
2024-07-06 19:32:00,715 - poweroff_2_20_results - INFO - Pulsar_averageCollisionNum: 0.0
2024-07-06 19:32:00,715 - poweroff_2_20_results - INFO - Pulsar_sumCollisionNum: 0
2024-07-06 19:32:00,715 - poweroff_2_20_results - INFO - Free_beacon_averageSyn: 3550.6
2024-07-06 19:32:00,715 - poweroff_2_20_results - INFO - Free_beacon_averageDis: 1224.5
2024-07-06 19:32:00,715 - poweroff_2_20_results - INFO - Free_beacon_averageCollisionNum: 0.0
2024-07-06 19:32:00,715 - poweroff_2_20_results - INFO - Free_beacon_sumCollisionNum: 0
2024-07-06 19:32:00,716 - poweroff_2_20_results - INFO - Find_averageEnhancedSyn: 36.1400157719822
2024-07-06 19:32:00,716 - poweroff_2_20_results - INFO - Find_averageEnhancedDis: 0.0
2024-07-06 19:32:00,716 - poweroff_2_20_results - INFO - Find_averageEnhancedCollisionNum: 0.0
2024-07-06 19:32:00,716 - poweroff_2_20_results - INFO - FlyncFind_averageEnhancedSyn: 3.1990649467695604
2024-07-06 19:32:00,716 - poweroff_2_20_results - INFO - FlyncFind_averageEnhancedDis: 0.0
2024-07-06 19:32:00,716 - poweroff_2_20_results - INFO - FlyncFind_averageEnhancedCollisionNum: 0.0
2024-07-06 19:32:00,716 - poweroff_2_20_results - INFO - Pulsar_averageEnhancedSyn: 30.05656508759083
2024-07-06 19:32:00,716 - poweroff_2_20_results - INFO - Pulsar_averageEnhancedDis: 1.3295222539812168
2024-07-06 19:32:00,717 - poweroff_2_20_results - INFO - Pulsar_averageEnhancedCollisionNum: 0.0
2024-07-06 19:32:02,968 - poweroff_2_20_results - INFO - *******************STAIRS_TRACE*******************
2024-07-06 19:32:02,968 - poweroff_2_20_results - INFO - Find_averageSyn: 4073.64
2024-07-06 19:32:02,968 - poweroff_2_20_results - INFO - Find_averageDis: 0.0
2024-07-06 19:32:02,969 - poweroff_2_20_results - INFO - Find_averageCollisionNum: 0.0
2024-07-06 19:32:02,969 - poweroff_2_20_results - INFO - Find_sumCollisionNum: 0
2024-07-06 19:32:02,969 - poweroff_2_20_results - INFO - FlyncFind_averageSyn: 883.0
2024-07-06 19:32:02,969 - poweroff_2_20_results - INFO - FlyncFind_averageDis: 0.0
2024-07-06 19:32:02,969 - poweroff_2_20_results - INFO - FlyncFind_averageCollisionNum: 0.0
2024-07-06 19:32:02,969 - poweroff_2_20_results - INFO - FlyncFind_sumCollisionNum: 0
2024-07-06 19:32:02,969 - poweroff_2_20_results - INFO - Pulsar_averageSyn: 5753.9
2024-07-06 19:32:02,969 - poweroff_2_20_results - INFO - Pulsar_averageDis: 392.0
2024-07-06 19:32:02,969 - poweroff_2_20_results - INFO - Pulsar_averageCollisionNum: 0.0
2024-07-06 19:32:02,969 - poweroff_2_20_results - INFO - Pulsar_sumCollisionNum: 0
2024-07-06 19:32:02,969 - poweroff_2_20_results - INFO - Free_beacon_averageSyn: 125.44
2024-07-06 19:32:02,969 - poweroff_2_20_results - INFO - Free_beacon_averageDis: 944.0
2024-07-06 19:32:02,970 - poweroff_2_20_results - INFO - Free_beacon_averageCollisionNum: 0.0
2024-07-06 19:32:02,970 - poweroff_2_20_results - INFO - Free_beacon_sumCollisionNum: 0
2024-07-06 19:32:02,970 - poweroff_2_20_results - INFO - Find_averageEnhancedSyn: 32.47480867346939
2024-07-06 19:32:02,970 - poweroff_2_20_results - INFO - Find_averageEnhancedDis: 0.0
2024-07-06 19:32:02,970 - poweroff_2_20_results - INFO - Find_averageEnhancedCollisionNum: 0.0
2024-07-06 19:32:02,970 - poweroff_2_20_results - INFO - FlyncFind_averageEnhancedSyn: 7.03922193877551
2024-07-06 19:32:02,970 - poweroff_2_20_results - INFO - FlyncFind_averageEnhancedDis: 0.0
2024-07-06 19:32:02,970 - poweroff_2_20_results - INFO - FlyncFind_averageEnhancedCollisionNum: 0.0
2024-07-06 19:32:02,971 - poweroff_2_20_results - INFO - Pulsar_averageEnhancedSyn: 45.86973852040816
2024-07-06 19:32:02,971 - poweroff_2_20_results - INFO - Pulsar_averageEnhancedDis: 0.4152542372881356
2024-07-06 19:32:02,971 - poweroff_2_20_results - INFO - Pulsar_averageEnhancedCollisionNum: 0.0
2024-07-06 19:33:12,815 - poweroff_2_20_results - INFO - *******************CARS_TRACE*******************
2024-07-06 19:33:12,815 - poweroff_2_20_results - INFO - Find_averageSyn: 19165388.74
2024-07-06 19:33:12,815 - poweroff_2_20_results - INFO - Find_averageDis: 0.0
2024-07-06 19:33:12,815 - poweroff_2_20_results - INFO - Find_averageCollisionNum: 0.0
2024-07-06 19:33:12,816 - poweroff_2_20_results - INFO - Find_sumCollisionNum: 0
2024-07-06 19:33:12,816 - poweroff_2_20_results - INFO - FlyncFind_averageSyn: 1950253.8
2024-07-06 19:33:12,816 - poweroff_2_20_results - INFO - FlyncFind_averageDis: 0.0
2024-07-06 19:33:12,816 - poweroff_2_20_results - INFO - FlyncFind_averageCollisionNum: 0.0
2024-07-06 19:33:12,816 - poweroff_2_20_results - INFO - FlyncFind_sumCollisionNum: 0
2024-07-06 19:33:12,816 - poweroff_2_20_results - INFO - Pulsar_averageSyn: 3321448.61
2024-07-06 19:33:12,816 - poweroff_2_20_results - INFO - Pulsar_averageDis: 12847.5
2024-07-06 19:33:12,816 - poweroff_2_20_results - INFO - Pulsar_averageCollisionNum: 0.0
2024-07-06 19:33:12,816 - poweroff_2_20_results - INFO - Pulsar_sumCollisionNum: 0
2024-07-06 19:33:12,816 - poweroff_2_20_results - INFO - Free_beacon_averageSyn: 412004.5
2024-07-06 19:33:12,816 - poweroff_2_20_results - INFO - Free_beacon_averageDis: 63827.0
2024-07-06 19:33:12,817 - poweroff_2_20_results - INFO - Free_beacon_averageCollisionNum: 0.0
2024-07-06 19:33:12,817 - poweroff_2_20_results - INFO - Free_beacon_sumCollisionNum: 0
2024-07-06 19:33:12,817 - poweroff_2_20_results - INFO - Find_averageEnhancedSyn: 46.517425756272075
2024-07-06 19:33:12,817 - poweroff_2_20_results - INFO - Find_averageEnhancedDis: 0.0
2024-07-06 19:33:12,817 - poweroff_2_20_results - INFO - Find_averageEnhancedCollisionNum: 0.0
2024-07-06 19:33:12,817 - poweroff_2_20_results - INFO - FlyncFind_averageEnhancedSyn: 4.733574026497283
2024-07-06 19:33:12,817 - poweroff_2_20_results - INFO - FlyncFind_averageEnhancedDis: 0.0
2024-07-06 19:33:12,817 - poweroff_2_20_results - INFO - FlyncFind_averageEnhancedCollisionNum: 0.0
2024-07-06 19:33:12,817 - poweroff_2_20_results - INFO - Pulsar_averageEnhancedSyn: 8.061680418539117
2024-07-06 19:33:12,818 - poweroff_2_20_results - INFO - Pulsar_averageEnhancedDis: 0.20128628950130822
2024-07-06 19:33:12,818 - poweroff_2_20_results - INFO - Pulsar_averageEnhancedCollisionNum: 0.0
2024-07-06 19:33:25,438 - poweroff_2_20_results - INFO - *******************JOGGING_TRACE*******************
2024-07-06 19:33:25,438 - poweroff_2_20_results - INFO - Find_averageSyn: 227758.18
2024-07-06 19:33:25,438 - poweroff_2_20_results - INFO - Find_averageDis: 0.0
2024-07-06 19:33:25,438 - poweroff_2_20_results - INFO - Find_averageCollisionNum: 0.0
2024-07-06 19:33:25,438 - poweroff_2_20_results - INFO - Find_sumCollisionNum: 0
2024-07-06 19:33:25,438 - poweroff_2_20_results - INFO - FlyncFind_averageSyn: 23646.6
2024-07-06 19:33:25,438 - poweroff_2_20_results - INFO - FlyncFind_averageDis: 0.0
2024-07-06 19:33:25,439 - poweroff_2_20_results - INFO - FlyncFind_averageCollisionNum: 0.0
2024-07-06 19:33:25,439 - poweroff_2_20_results - INFO - FlyncFind_sumCollisionNum: 0
2024-07-06 19:33:25,439 - poweroff_2_20_results - INFO - Pulsar_averageSyn: 222874.08
2024-07-06 19:33:25,439 - poweroff_2_20_results - INFO - Pulsar_averageDis: 2148.5
2024-07-06 19:33:25,439 - poweroff_2_20_results - INFO - Pulsar_averageCollisionNum: 0.0
2024-07-06 19:33:25,439 - poweroff_2_20_results - INFO - Pulsar_sumCollisionNum: 0
2024-07-06 19:33:25,439 - poweroff_2_20_results - INFO - Free_beacon_averageSyn: 5989.42
2024-07-06 19:33:25,439 - poweroff_2_20_results - INFO - Free_beacon_averageDis: 3213.5
2024-07-06 19:33:25,439 - poweroff_2_20_results - INFO - Free_beacon_averageCollisionNum: 0.0
2024-07-06 19:33:25,439 - poweroff_2_20_results - INFO - Free_beacon_sumCollisionNum: 0
2024-07-06 19:33:25,439 - poweroff_2_20_results - INFO - Find_averageEnhancedSyn: 38.02675050338764
2024-07-06 19:33:25,440 - poweroff_2_20_results - INFO - Find_averageEnhancedDis: 0.0
2024-07-06 19:33:25,440 - poweroff_2_20_results - INFO - Find_averageEnhancedCollisionNum: 0.0
2024-07-06 19:33:25,440 - poweroff_2_20_results - INFO - FlyncFind_averageEnhancedSyn: 3.9480617488838647
2024-07-06 19:33:25,440 - poweroff_2_20_results - INFO - FlyncFind_averageEnhancedDis: 0.0
2024-07-06 19:33:25,440 - poweroff_2_20_results - INFO - FlyncFind_averageEnhancedCollisionNum: 0.0
2024-07-06 19:33:25,440 - poweroff_2_20_results - INFO - Pulsar_averageEnhancedSyn: 37.21129591846957
2024-07-06 19:33:25,440 - poweroff_2_20_results - INFO - Pulsar_averageEnhancedDis: 0.668585654271044
2024-07-06 19:33:25,440 - poweroff_2_20_results - INFO - Pulsar_averageEnhancedCollisionNum: 0.0
2024-07-06 19:33:31,129 - poweroff_2_20_results - INFO - *******************OFFICE_TRACE*******************
2024-07-06 19:33:31,129 - poweroff_2_20_results - INFO - Find_averageSyn: 36629.92
2024-07-06 19:33:31,129 - poweroff_2_20_results - INFO - Find_averageDis: 0.0
2024-07-06 19:33:31,129 - poweroff_2_20_results - INFO - Find_averageCollisionNum: 0.0
2024-07-06 19:33:31,129 - poweroff_2_20_results - INFO - Find_sumCollisionNum: 0
2024-07-06 19:33:31,129 - poweroff_2_20_results - INFO - FlyncFind_averageSyn: 4175.6
2024-07-06 19:33:31,129 - poweroff_2_20_results - INFO - FlyncFind_averageDis: 0.0
2024-07-06 19:33:31,130 - poweroff_2_20_results - INFO - FlyncFind_averageCollisionNum: 0.0
2024-07-06 19:33:31,130 - poweroff_2_20_results - INFO - FlyncFind_sumCollisionNum: 0
2024-07-06 19:33:31,130 - poweroff_2_20_results - INFO - Pulsar_averageSyn: 25089.74
2024-07-06 19:33:31,130 - poweroff_2_20_results - INFO - Pulsar_averageDis: 1210.0
2024-07-06 19:33:31,130 - poweroff_2_20_results - INFO - Pulsar_averageCollisionNum: 0.0
2024-07-06 19:33:31,130 - poweroff_2_20_results - INFO - Pulsar_sumCollisionNum: 0
2024-07-06 19:33:31,130 - poweroff_2_20_results - INFO - Free_beacon_averageSyn: 1466.74
2024-07-06 19:33:31,130 - poweroff_2_20_results - INFO - Free_beacon_averageDis: 740.0
2024-07-06 19:33:31,130 - poweroff_2_20_results - INFO - Free_beacon_averageCollisionNum: 0.0
2024-07-06 19:33:31,130 - poweroff_2_20_results - INFO - Free_beacon_sumCollisionNum: 0
2024-07-06 19:33:31,130 - poweroff_2_20_results - INFO - Find_averageEnhancedSyn: 24.97369676970697
2024-07-06 19:33:31,131 - poweroff_2_20_results - INFO - Find_averageEnhancedDis: 0.0
2024-07-06 19:33:31,131 - poweroff_2_20_results - INFO - Find_averageEnhancedCollisionNum: 0.0
2024-07-06 19:33:31,131 - poweroff_2_20_results - INFO - FlyncFind_averageEnhancedSyn: 2.8468576571171442
2024-07-06 19:33:31,131 - poweroff_2_20_results - INFO - FlyncFind_averageEnhancedDis: 0.0
2024-07-06 19:33:31,131 - poweroff_2_20_results - INFO - FlyncFind_averageEnhancedCollisionNum: 0.0
2024-07-06 19:33:31,131 - poweroff_2_20_results - INFO - Pulsar_averageEnhancedSyn: 17.105785619809918
2024-07-06 19:33:31,131 - poweroff_2_20_results - INFO - Pulsar_averageEnhancedDis: 1.635135135135135
2024-07-06 19:33:31,131 - poweroff_2_20_results - INFO - Pulsar_averageEnhancedCollisionNum: 0.0
2024-07-06 19:34:12,423 - poweroff_2_20_results - INFO - *******************WASHER_TRACE*******************
2024-07-06 19:34:12,424 - poweroff_2_20_results - INFO - Find_averageSyn: 3839426.12
2024-07-06 19:34:12,424 - poweroff_2_20_results - INFO - Find_averageDis: 0.0
2024-07-06 19:34:12,424 - poweroff_2_20_results - INFO - Find_averageCollisionNum: 0.0
2024-07-06 19:34:12,424 - poweroff_2_20_results - INFO - Find_sumCollisionNum: 0
2024-07-06 19:34:12,424 - poweroff_2_20_results - INFO - FlyncFind_averageSyn: 744884.6
2024-07-06 19:34:12,424 - poweroff_2_20_results - INFO - FlyncFind_averageDis: 0.0
2024-07-06 19:34:12,424 - poweroff_2_20_results - INFO - FlyncFind_averageCollisionNum: 0.0
2024-07-06 19:34:12,424 - poweroff_2_20_results - INFO - FlyncFind_sumCollisionNum: 0
2024-07-06 19:34:12,424 - poweroff_2_20_results - INFO - Pulsar_averageSyn: 2614939.58
2024-07-06 19:34:12,424 - poweroff_2_20_results - INFO - Pulsar_averageDis: 4403.5
2024-07-06 19:34:12,425 - poweroff_2_20_results - INFO - Pulsar_averageCollisionNum: 0.0
2024-07-06 19:34:12,425 - poweroff_2_20_results - INFO - Pulsar_sumCollisionNum: 0
2024-07-06 19:34:12,425 - poweroff_2_20_results - INFO - Free_beacon_averageSyn: 120516.04
2024-07-06 19:34:12,425 - poweroff_2_20_results - INFO - Free_beacon_averageDis: 24531.5
2024-07-06 19:34:12,425 - poweroff_2_20_results - INFO - Free_beacon_averageCollisionNum: 0.0
2024-07-06 19:34:12,425 - poweroff_2_20_results - INFO - Free_beacon_sumCollisionNum: 0
2024-07-06 19:34:12,425 - poweroff_2_20_results - INFO - Find_averageEnhancedSyn: 31.85821671538494
2024-07-06 19:34:12,425 - poweroff_2_20_results - INFO - Find_averageEnhancedDis: 0.0
2024-07-06 19:34:12,425 - poweroff_2_20_results - INFO - Find_averageEnhancedCollisionNum: 0.0
2024-07-06 19:34:12,426 - poweroff_2_20_results - INFO - FlyncFind_averageEnhancedSyn: 6.180792199942846
2024-07-06 19:34:12,426 - poweroff_2_20_results - INFO - FlyncFind_averageEnhancedDis: 0.0
2024-07-06 19:34:12,426 - poweroff_2_20_results - INFO - FlyncFind_averageEnhancedCollisionNum: 0.0
2024-07-06 19:34:12,426 - poweroff_2_20_results - INFO - Pulsar_averageEnhancedSyn: 21.697855156873725
2024-07-06 19:34:12,426 - poweroff_2_20_results - INFO - Pulsar_averageEnhancedDis: 0.1795039031449361
2024-07-06 19:34:12,426 - poweroff_2_20_results - INFO - Pulsar_averageEnhancedCollisionNum: 0.0
