2024-07-07 05:13:07,144 - poweroff_50_1_results - INFO - *******************STATIC_TRACE*******************
2024-07-07 05:13:07,145 - poweroff_50_1_results - INFO - Find_averageSyn: 265560.9912
2024-07-07 05:13:07,145 - poweroff_50_1_results - INFO - Find_averageDis: 0.0
2024-07-07 05:13:07,145 - poweroff_50_1_results - INFO - Find_averageCollisionNum: 28.96
2024-07-07 05:13:07,145 - poweroff_50_1_results - INFO - Find_sumCollisionNum: 1448
2024-07-07 05:13:07,145 - poweroff_50_1_results - INFO - FlyncFind_averageSyn: 1612727.256
2024-07-07 05:13:07,145 - poweroff_50_1_results - INFO - FlyncFind_averageDis: 0.0
2024-07-07 05:13:07,145 - poweroff_50_1_results - INFO - FlyncFind_averageCollisionNum: 4511.88
2024-07-07 05:13:07,146 - poweroff_50_1_results - INFO - FlyncFind_sumCollisionNum: 225594
2024-07-07 05:13:07,146 - poweroff_50_1_results - INFO - Pulsar_averageSyn: 68667.31
2024-07-07 05:13:07,146 - poweroff_50_1_results - INFO - Pulsar_averageDis: 286534.44
2024-07-07 05:13:07,146 - poweroff_50_1_results - INFO - Pulsar_averageCollisionNum: 1.64
2024-07-07 05:13:07,146 - poweroff_50_1_results - INFO - Pulsar_sumCollisionNum: 82
2024-07-07 05:13:07,146 - poweroff_50_1_results - INFO - Free_beacon_averageSyn: 2727.1976
2024-07-07 05:13:07,146 - poweroff_50_1_results - INFO - Free_beacon_averageDis: 35525.86
2024-07-07 05:13:07,147 - poweroff_50_1_results - INFO - Free_beacon_averageCollisionNum: 2.24
2024-07-07 05:13:07,147 - poweroff_50_1_results - INFO - Free_beacon_sumCollisionNum: 112
2024-07-07 05:13:07,147 - poweroff_50_1_results - INFO - Find_averageEnhancedSyn: 97.37504579792824
2024-07-07 05:13:07,147 - poweroff_50_1_results - INFO - Find_averageEnhancedDis: 0.0
2024-07-07 05:13:07,148 - poweroff_50_1_results - INFO - Find_averageEnhancedCollisionNum: 1.0
2024-07-07 05:13:07,148 - poweroff_50_1_results - INFO - FlyncFind_averageEnhancedSyn: 591.3496169107806
2024-07-07 05:13:07,148 - poweroff_50_1_results - INFO - FlyncFind_averageEnhancedDis: 0.0
2024-07-07 05:13:07,149 - poweroff_50_1_results - INFO - FlyncFind_averageEnhancedCollisionNum: 1.0
2024-07-07 05:13:07,149 - poweroff_50_1_results - INFO - Pulsar_averageEnhancedSyn: 25.178707256122546
2024-07-07 05:13:07,149 - poweroff_50_1_results - INFO - Pulsar_averageEnhancedDis: 8.065517344266965
2024-07-07 05:13:07,150 - poweroff_50_1_results - INFO - Pulsar_averageEnhancedCollisionNum: 0.9999999999999999
2024-07-07 07:09:15,083 - poweroff_50_1_results - INFO - *******************COMPLEX_TRACE*******************
2024-07-07 07:09:15,084 - poweroff_50_1_results - INFO - Find_averageSyn: 1433581.4096
2024-07-07 07:09:15,084 - poweroff_50_1_results - INFO - Find_averageDis: 0.0
2024-07-07 07:09:15,084 - poweroff_50_1_results - INFO - Find_averageCollisionNum: 7.36
2024-07-07 07:09:15,084 - poweroff_50_1_results - INFO - Find_sumCollisionNum: 368
2024-07-07 07:09:15,084 - poweroff_50_1_results - INFO - FlyncFind_averageSyn: 599069.976
2024-07-07 07:09:15,085 - poweroff_50_1_results - INFO - FlyncFind_averageDis: 0.0
2024-07-07 07:09:15,085 - poweroff_50_1_results - INFO - FlyncFind_averageCollisionNum: 172.96
2024-07-07 07:09:15,085 - poweroff_50_1_results - INFO - FlyncFind_sumCollisionNum: 8648
2024-07-07 07:09:15,085 - poweroff_50_1_results - INFO - Pulsar_averageSyn: 183916.4808
2024-07-07 07:09:15,085 - poweroff_50_1_results - INFO - Pulsar_averageDis: 619208.32
2024-07-07 07:09:15,085 - poweroff_50_1_results - INFO - Pulsar_averageCollisionNum: 0.5
2024-07-07 07:09:15,085 - poweroff_50_1_results - INFO - Pulsar_sumCollisionNum: 25
2024-07-07 07:09:15,086 - poweroff_50_1_results - INFO - Free_beacon_averageSyn: 3188.4144
2024-07-07 07:09:15,086 - poweroff_50_1_results - INFO - Free_beacon_averageDis: 48059.02
2024-07-07 07:09:15,086 - poweroff_50_1_results - INFO - Free_beacon_averageCollisionNum: 0.42
2024-07-07 07:09:15,086 - poweroff_50_1_results - INFO - Free_beacon_sumCollisionNum: 21
2024-07-07 07:09:15,086 - poweroff_50_1_results - INFO - Find_averageEnhancedSyn: 449.6220471216037
2024-07-07 07:09:15,087 - poweroff_50_1_results - INFO - Find_averageEnhancedDis: 0.0
2024-07-07 07:09:15,087 - poweroff_50_1_results - INFO - Find_averageEnhancedCollisionNum: 1.0
2024-07-07 07:09:15,088 - poweroff_50_1_results - INFO - FlyncFind_averageEnhancedSyn: 187.88962187600205
2024-07-07 07:09:15,088 - poweroff_50_1_results - INFO - FlyncFind_averageEnhancedDis: 0.0
2024-07-07 07:09:15,088 - poweroff_50_1_results - INFO - FlyncFind_averageEnhancedCollisionNum: 0.9999999999999999
2024-07-07 07:09:15,089 - poweroff_50_1_results - INFO - Pulsar_averageEnhancedSyn: 57.68274061238714
2024-07-07 07:09:15,089 - poweroff_50_1_results - INFO - Pulsar_averageEnhancedDis: 12.884330974705685
2024-07-07 07:09:15,089 - poweroff_50_1_results - INFO - Pulsar_averageEnhancedCollisionNum: 1.0
2024-07-07 16:49:54,138 - poweroff_50_1_results - INFO - *******************STAIRS_TRACE*******************
2024-07-07 16:49:54,139 - poweroff_50_1_results - INFO - Find_averageSyn: 102213.452
2024-07-07 16:49:54,139 - poweroff_50_1_results - INFO - Find_averageDis: 0.0
2024-07-07 16:49:54,139 - poweroff_50_1_results - INFO - Find_averageCollisionNum: 71.64
2024-07-07 16:49:54,139 - poweroff_50_1_results - INFO - Find_sumCollisionNum: 3582
2024-07-07 16:49:54,139 - poweroff_50_1_results - INFO - FlyncFind_averageSyn: 3284259.144
2024-07-07 16:49:54,139 - poweroff_50_1_results - INFO - FlyncFind_averageDis: 0.0
2024-07-07 16:49:54,139 - poweroff_50_1_results - INFO - FlyncFind_averageCollisionNum: 15675.92
2024-07-07 16:49:54,139 - poweroff_50_1_results - INFO - FlyncFind_sumCollisionNum: 783796
2024-07-07 16:49:54,140 - poweroff_50_1_results - INFO - Pulsar_averageSyn: 45813.238
2024-07-07 16:49:54,140 - poweroff_50_1_results - INFO - Pulsar_averageDis: 243212.06
2024-07-07 16:49:54,140 - poweroff_50_1_results - INFO - Pulsar_averageCollisionNum: 2.98
2024-07-07 16:49:54,140 - poweroff_50_1_results - INFO - Pulsar_sumCollisionNum: 149
2024-07-07 16:49:54,140 - poweroff_50_1_results - INFO - Free_beacon_averageSyn: 295.7008
2024-07-07 16:49:54,140 - poweroff_50_1_results - INFO - Free_beacon_averageDis: 25476.88
2024-07-07 16:49:54,140 - poweroff_50_1_results - INFO - Free_beacon_averageCollisionNum: 5.86
2024-07-07 16:49:54,140 - poweroff_50_1_results - INFO - Free_beacon_sumCollisionNum: 293
2024-07-07 16:49:54,141 - poweroff_50_1_results - INFO - Find_averageEnhancedSyn: 345.66511825466824
2024-07-07 16:49:54,141 - poweroff_50_1_results - INFO - Find_averageEnhancedDis: 0.0
2024-07-07 16:49:54,141 - poweroff_50_1_results - INFO - Find_averageEnhancedCollisionNum: 1.0
2024-07-07 16:49:54,142 - poweroff_50_1_results - INFO - FlyncFind_averageEnhancedSyn: 11106.696850329792
2024-07-07 16:49:54,142 - poweroff_50_1_results - INFO - FlyncFind_averageEnhancedDis: 0.0
2024-07-07 16:49:54,142 - poweroff_50_1_results - INFO - FlyncFind_averageEnhancedCollisionNum: 0.9999999999999999
2024-07-07 16:49:54,143 - poweroff_50_1_results - INFO - Pulsar_averageEnhancedSyn: 154.9310586917587
2024-07-07 16:49:54,143 - poweroff_50_1_results - INFO - Pulsar_averageEnhancedDis: 9.546383230599664
2024-07-07 16:49:54,143 - poweroff_50_1_results - INFO - Pulsar_averageEnhancedCollisionNum: 1.0000000000000002
2024-07-08 04:44:10,461 - poweroff_50_1_results - INFO - *******************CARS_TRACE*******************
2024-07-08 04:44:10,462 - poweroff_50_1_results - INFO - Find_averageSyn: 227919361.8392
2024-07-08 04:44:10,462 - poweroff_50_1_results - INFO - Find_averageDis: 0.0
2024-07-08 04:44:10,462 - poweroff_50_1_results - INFO - Find_averageCollisionNum: 0.56
2024-07-08 04:44:10,462 - poweroff_50_1_results - INFO - Find_sumCollisionNum: 28
2024-07-08 04:44:10,462 - poweroff_50_1_results - INFO - FlyncFind_averageSyn: 21507963.472
2024-07-08 04:44:10,462 - poweroff_50_1_results - INFO - FlyncFind_averageDis: 0.0
2024-07-08 04:44:10,463 - poweroff_50_1_results - INFO - FlyncFind_averageCollisionNum: 6.32
2024-07-08 04:44:10,463 - poweroff_50_1_results - INFO - FlyncFind_sumCollisionNum: 316
2024-07-08 04:44:10,463 - poweroff_50_1_results - INFO - Pulsar_averageSyn: 2206716.3128
2024-07-08 04:44:10,463 - poweroff_50_1_results - INFO - Pulsar_averageDis: 7080272.1
2024-07-08 04:44:10,463 - poweroff_50_1_results - INFO - Pulsar_averageCollisionNum: 0.04
2024-07-08 04:44:10,463 - poweroff_50_1_results - INFO - Pulsar_sumCollisionNum: 2
2024-07-08 04:44:10,463 - poweroff_50_1_results - INFO - Free_beacon_averageSyn: 490414.8236
2024-07-08 04:44:10,464 - poweroff_50_1_results - INFO - Free_beacon_averageDis: 875813.64
2024-07-08 04:44:10,464 - poweroff_50_1_results - INFO - Free_beacon_averageCollisionNum: 0.06
2024-07-08 04:44:10,464 - poweroff_50_1_results - INFO - Free_beacon_sumCollisionNum: 3
2024-07-08 04:44:10,464 - poweroff_50_1_results - INFO - Find_averageEnhancedSyn: 464.74810888893364
2024-07-08 04:44:10,465 - poweroff_50_1_results - INFO - Find_averageEnhancedDis: 0.0
2024-07-08 04:44:10,465 - poweroff_50_1_results - INFO - Find_averageEnhancedCollisionNum: 0.9999999999999997
2024-07-08 04:44:10,465 - poweroff_50_1_results - INFO - FlyncFind_averageEnhancedSyn: 43.85667487396888
2024-07-08 04:44:10,466 - poweroff_50_1_results - INFO - FlyncFind_averageEnhancedDis: 0.0
2024-07-08 04:44:10,466 - poweroff_50_1_results - INFO - FlyncFind_averageEnhancedCollisionNum: 1.0000000000000002
2024-07-08 04:44:10,466 - poweroff_50_1_results - INFO - Pulsar_averageEnhancedSyn: 4.499693334310542
2024-07-08 04:44:10,467 - poweroff_50_1_results - INFO - Pulsar_averageEnhancedDis: 8.084222232483157
2024-07-08 04:44:10,467 - poweroff_50_1_results - INFO - Pulsar_averageEnhancedCollisionNum: 1.0
2024-07-08 06:51:51,068 - poweroff_50_1_results - INFO - *******************JOGGING_TRACE*******************
2024-07-08 06:51:51,069 - poweroff_50_1_results - INFO - Find_averageSyn: 2329283.5816
2024-07-08 06:51:51,069 - poweroff_50_1_results - INFO - Find_averageDis: 0.0
2024-07-08 06:51:51,069 - poweroff_50_1_results - INFO - Find_averageCollisionNum: 7.32
2024-07-08 06:51:51,069 - poweroff_50_1_results - INFO - Find_sumCollisionNum: 366
2024-07-08 06:51:51,069 - poweroff_50_1_results - INFO - FlyncFind_averageSyn: 818195.424
2024-07-08 06:51:51,069 - poweroff_50_1_results - INFO - FlyncFind_averageDis: 0.0
2024-07-08 06:51:51,069 - poweroff_50_1_results - INFO - FlyncFind_averageCollisionNum: 125.08
2024-07-08 06:51:51,069 - poweroff_50_1_results - INFO - FlyncFind_sumCollisionNum: 6254
2024-07-08 06:51:51,070 - poweroff_50_1_results - INFO - Pulsar_averageSyn: 263302.2104
2024-07-08 06:51:51,070 - poweroff_50_1_results - INFO - Pulsar_averageDis: 798529.34
2024-07-08 06:51:51,070 - poweroff_50_1_results - INFO - Pulsar_averageCollisionNum: 0.26
2024-07-08 06:51:51,070 - poweroff_50_1_results - INFO - Pulsar_sumCollisionNum: 13
2024-07-08 06:51:51,070 - poweroff_50_1_results - INFO - Free_beacon_averageSyn: 6572.7248
2024-07-08 06:51:51,070 - poweroff_50_1_results - INFO - Free_beacon_averageDis: 64523.26
2024-07-08 06:51:51,070 - poweroff_50_1_results - INFO - Free_beacon_averageCollisionNum: 0.44
2024-07-08 06:51:51,070 - poweroff_50_1_results - INFO - Free_beacon_sumCollisionNum: 22
2024-07-08 06:51:51,071 - poweroff_50_1_results - INFO - Find_averageEnhancedSyn: 354.38629373315615
2024-07-08 06:51:51,071 - poweroff_50_1_results - INFO - Find_averageEnhancedDis: 0.0
2024-07-08 06:51:51,072 - poweroff_50_1_results - INFO - Find_averageEnhancedCollisionNum: 1.0
2024-07-08 06:51:51,072 - poweroff_50_1_results - INFO - FlyncFind_averageEnhancedSyn: 124.48344467426965
2024-07-08 06:51:51,072 - poweroff_50_1_results - INFO - FlyncFind_averageEnhancedDis: 0.0
2024-07-08 06:51:51,073 - poweroff_50_1_results - INFO - FlyncFind_averageEnhancedCollisionNum: 1.0000000000000002
2024-07-08 06:51:51,073 - poweroff_50_1_results - INFO - Pulsar_averageEnhancedSyn: 40.059825781843166
2024-07-08 06:51:51,073 - poweroff_50_1_results - INFO - Pulsar_averageEnhancedDis: 12.375836868750897
2024-07-08 06:51:51,074 - poweroff_50_1_results - INFO - Pulsar_averageEnhancedCollisionNum: 0.9999999999999999
2024-07-08 08:55:50,636 - poweroff_50_1_results - INFO - *******************OFFICE_TRACE*******************
2024-07-08 08:55:50,637 - poweroff_50_1_results - INFO - Find_averageSyn: 494215.6272
2024-07-08 08:55:50,637 - poweroff_50_1_results - INFO - Find_averageDis: 0.0
2024-07-08 08:55:50,637 - poweroff_50_1_results - INFO - Find_averageCollisionNum: 16.12
2024-07-08 08:55:50,637 - poweroff_50_1_results - INFO - Find_sumCollisionNum: 806
2024-07-08 08:55:50,637 - poweroff_50_1_results - INFO - FlyncFind_averageSyn: 707844.768
2024-07-08 08:55:50,638 - poweroff_50_1_results - INFO - FlyncFind_averageDis: 0.0
2024-07-08 08:55:50,638 - poweroff_50_1_results - INFO - FlyncFind_averageCollisionNum: 735.2
2024-07-08 08:55:50,638 - poweroff_50_1_results - INFO - FlyncFind_sumCollisionNum: 36760
2024-07-08 08:55:50,638 - poweroff_50_1_results - INFO - Pulsar_averageSyn: 107858.1808
2024-07-08 08:55:50,638 - poweroff_50_1_results - INFO - Pulsar_averageDis: 357055.88
2024-07-08 08:55:50,638 - poweroff_50_1_results - INFO - Pulsar_averageCollisionNum: 0.74
2024-07-08 08:55:50,638 - poweroff_50_1_results - INFO - Pulsar_sumCollisionNum: 37
2024-07-08 08:55:50,639 - poweroff_50_1_results - INFO - Free_beacon_averageSyn: 1672.1728
2024-07-08 08:55:50,639 - poweroff_50_1_results - INFO - Free_beacon_averageDis: 32809.58
2024-07-08 08:55:50,639 - poweroff_50_1_results - INFO - Free_beacon_averageCollisionNum: 1.08
2024-07-08 08:55:50,639 - poweroff_50_1_results - INFO - Free_beacon_sumCollisionNum: 54
2024-07-08 08:55:50,640 - poweroff_50_1_results - INFO - Find_averageEnhancedSyn: 295.5529639042089
2024-07-08 08:55:50,640 - poweroff_50_1_results - INFO - Find_averageEnhancedDis: 0.0
2024-07-08 08:55:50,640 - poweroff_50_1_results - INFO - Find_averageEnhancedCollisionNum: 0.9999999999999999
2024-07-08 08:55:50,641 - poweroff_50_1_results - INFO - FlyncFind_averageEnhancedSyn: 423.30838535347544
2024-07-08 08:55:50,641 - poweroff_50_1_results - INFO - FlyncFind_averageEnhancedDis: 0.0
2024-07-08 08:55:50,641 - poweroff_50_1_results - INFO - FlyncFind_averageEnhancedCollisionNum: 1.0
2024-07-08 08:55:50,642 - poweroff_50_1_results - INFO - Pulsar_averageEnhancedSyn: 64.50181512341308
2024-07-08 08:55:50,642 - poweroff_50_1_results - INFO - Pulsar_averageEnhancedDis: 10.882671463639582
2024-07-08 08:55:50,642 - poweroff_50_1_results - INFO - Pulsar_averageEnhancedCollisionNum: 1.0
2024-07-08 10:46:29,375 - poweroff_50_1_results - INFO - *******************WASHER_TRACE*******************
2024-07-08 10:46:29,376 - poweroff_50_1_results - INFO - Find_averageSyn: 8065801.4624
2024-07-08 10:46:29,376 - poweroff_50_1_results - INFO - Find_averageDis: 0.0
2024-07-08 10:46:29,376 - poweroff_50_1_results - INFO - Find_averageCollisionNum: 7.36
2024-07-08 10:46:29,376 - poweroff_50_1_results - INFO - Find_sumCollisionNum: 368
2024-07-08 10:46:29,376 - poweroff_50_1_results - INFO - FlyncFind_averageSyn: 4326431.056
2024-07-08 10:46:29,376 - poweroff_50_1_results - INFO - FlyncFind_averageDis: 0.0
2024-07-08 10:46:29,376 - poweroff_50_1_results - INFO - FlyncFind_averageCollisionNum: 30.12
2024-07-08 10:46:29,377 - poweroff_50_1_results - INFO - FlyncFind_sumCollisionNum: 1506
2024-07-08 10:46:29,377 - poweroff_50_1_results - INFO - Pulsar_averageSyn: 1690223.5168
2024-07-08 10:46:29,377 - poweroff_50_1_results - INFO - Pulsar_averageDis: 4704193.52
2024-07-08 10:46:29,377 - poweroff_50_1_results - INFO - Pulsar_averageCollisionNum: 0.04
2024-07-08 10:46:29,377 - poweroff_50_1_results - INFO - Pulsar_sumCollisionNum: 2
2024-07-08 10:46:29,377 - poweroff_50_1_results - INFO - Free_beacon_averageSyn: 209457.53
2024-07-08 10:46:29,377 - poweroff_50_1_results - INFO - Free_beacon_averageDis: 604158.78
2024-07-08 10:46:29,378 - poweroff_50_1_results - INFO - Free_beacon_averageCollisionNum: 0.16
2024-07-08 10:46:29,378 - poweroff_50_1_results - INFO - Free_beacon_sumCollisionNum: 8
2024-07-08 10:46:29,378 - poweroff_50_1_results - INFO - Find_averageEnhancedSyn: 38.50805202563021
2024-07-08 10:46:29,379 - poweroff_50_1_results - INFO - Find_averageEnhancedDis: 0.0
2024-07-08 10:46:29,379 - poweroff_50_1_results - INFO - Find_averageEnhancedCollisionNum: 1.0
2024-07-08 10:46:29,379 - poweroff_50_1_results - INFO - FlyncFind_averageEnhancedSyn: 20.655409504733488
2024-07-08 10:46:29,380 - poweroff_50_1_results - INFO - FlyncFind_averageEnhancedDis: 0.0
2024-07-08 10:46:29,380 - poweroff_50_1_results - INFO - FlyncFind_averageEnhancedCollisionNum: 1.0
2024-07-08 10:46:29,380 - poweroff_50_1_results - INFO - Pulsar_averageEnhancedSyn: 8.069528542611955
2024-07-08 10:46:29,381 - poweroff_50_1_results - INFO - Pulsar_averageEnhancedDis: 7.78635298488917
2024-07-08 10:46:29,381 - poweroff_50_1_results - INFO - Pulsar_averageEnhancedCollisionNum: 1.0
