2024-07-06 19:25:04,575 - poweroff_2_1_results - INFO - *******************STATIC_TRACE*******************
2024-07-06 19:25:04,575 - poweroff_2_1_results - INFO - Find_averageSyn: 14433.02
2024-07-06 19:25:04,576 - poweroff_2_1_results - INFO - Find_averageDis: 0.0
2024-07-06 19:25:04,576 - poweroff_2_1_results - INFO - Find_averageCollisionNum: 0.0
2024-07-06 19:25:04,576 - poweroff_2_1_results - INFO - Find_sumCollisionNum: 0
2024-07-06 19:25:04,576 - poweroff_2_1_results - INFO - FlyncFind_averageSyn: 3633.8
2024-07-06 19:25:04,576 - poweroff_2_1_results - INFO - FlyncFind_averageDis: 0.0
2024-07-06 19:25:04,576 - poweroff_2_1_results - INFO - FlyncFind_averageCollisionNum: 0.0
2024-07-06 19:25:04,576 - poweroff_2_1_results - INFO - FlyncFind_sumCollisionNum: 0
2024-07-06 19:25:04,576 - poweroff_2_1_results - INFO - Pulsar_averageSyn: 97531.72
2024-07-06 19:25:04,577 - poweroff_2_1_results - INFO - Pulsar_averageDis: 749.0
2024-07-06 19:25:04,577 - poweroff_2_1_results - INFO - Pulsar_averageCollisionNum: 0.0
2024-07-06 19:25:04,577 - poweroff_2_1_results - INFO - Pulsar_sumCollisionNum: 0
2024-07-06 19:25:04,577 - poweroff_2_1_results - INFO - Free_beacon_averageSyn: 2959.98
2024-07-06 19:25:04,577 - poweroff_2_1_results - INFO - Free_beacon_averageDis: 2986.0
2024-07-06 19:25:04,577 - poweroff_2_1_results - INFO - Free_beacon_averageCollisionNum: 0.0
2024-07-06 19:25:04,577 - poweroff_2_1_results - INFO - Free_beacon_sumCollisionNum: 0
2024-07-06 19:25:04,577 - poweroff_2_1_results - INFO - Find_averageEnhancedSyn: 4.876053216575788
2024-07-06 19:25:04,577 - poweroff_2_1_results - INFO - Find_averageEnhancedDis: 0.0
2024-07-06 19:25:04,577 - poweroff_2_1_results - INFO - Find_averageEnhancedCollisionNum: 0.0
2024-07-06 19:25:04,578 - poweroff_2_1_results - INFO - FlyncFind_averageEnhancedSyn: 1.227643430023176
2024-07-06 19:25:04,578 - poweroff_2_1_results - INFO - FlyncFind_averageEnhancedDis: 0.0
2024-07-06 19:25:04,578 - poweroff_2_1_results - INFO - FlyncFind_averageEnhancedCollisionNum: 0.0
2024-07-06 19:25:04,578 - poweroff_2_1_results - INFO - Pulsar_averageEnhancedSyn: 32.950128041405684
2024-07-06 19:25:04,578 - poweroff_2_1_results - INFO - Pulsar_averageEnhancedDis: 0.2508372404554588
2024-07-06 19:25:04,578 - poweroff_2_1_results - INFO - Pulsar_averageEnhancedCollisionNum: 0.0
2024-07-06 19:25:13,449 - poweroff_2_1_results - INFO - *******************COMPLEX_TRACE*******************
2024-07-06 19:25:13,449 - poweroff_2_1_results - INFO - Find_averageSyn: 97693.96
2024-07-06 19:25:13,449 - poweroff_2_1_results - INFO - Find_averageDis: 0.0
2024-07-06 19:25:13,449 - poweroff_2_1_results - INFO - Find_averageCollisionNum: 0.0
2024-07-06 19:25:13,449 - poweroff_2_1_results - INFO - Find_sumCollisionNum: 0
2024-07-06 19:25:13,449 - poweroff_2_1_results - INFO - FlyncFind_averageSyn: 12826.0
2024-07-06 19:25:13,449 - poweroff_2_1_results - INFO - FlyncFind_averageDis: 0.0
2024-07-06 19:25:13,450 - poweroff_2_1_results - INFO - FlyncFind_averageCollisionNum: 0.0
2024-07-06 19:25:13,450 - poweroff_2_1_results - INFO - FlyncFind_sumCollisionNum: 0
2024-07-06 19:25:13,450 - poweroff_2_1_results - INFO - Pulsar_averageSyn: 86568.16
2024-07-06 19:25:13,450 - poweroff_2_1_results - INFO - Pulsar_averageDis: 1683.0
2024-07-06 19:25:13,450 - poweroff_2_1_results - INFO - Pulsar_averageCollisionNum: 0.0
2024-07-06 19:25:13,450 - poweroff_2_1_results - INFO - Pulsar_sumCollisionNum: 0
2024-07-06 19:25:13,450 - poweroff_2_1_results - INFO - Free_beacon_averageSyn: 2272.54
2024-07-06 19:25:13,450 - poweroff_2_1_results - INFO - Free_beacon_averageDis: 867.5
2024-07-06 19:25:13,450 - poweroff_2_1_results - INFO - Free_beacon_averageCollisionNum: 0.0
2024-07-06 19:25:13,450 - poweroff_2_1_results - INFO - Free_beacon_sumCollisionNum: 0
2024-07-06 19:25:13,450 - poweroff_2_1_results - INFO - Find_averageEnhancedSyn: 42.988884684097975
2024-07-06 19:25:13,451 - poweroff_2_1_results - INFO - Find_averageEnhancedDis: 0.0
2024-07-06 19:25:13,451 - poweroff_2_1_results - INFO - Find_averageEnhancedCollisionNum: 0.0
2024-07-06 19:25:13,451 - poweroff_2_1_results - INFO - FlyncFind_averageEnhancedSyn: 5.643905057776761
2024-07-06 19:25:13,451 - poweroff_2_1_results - INFO - FlyncFind_averageEnhancedDis: 0.0
2024-07-06 19:25:13,451 - poweroff_2_1_results - INFO - FlyncFind_averageEnhancedCollisionNum: 0.0
2024-07-06 19:25:13,451 - poweroff_2_1_results - INFO - Pulsar_averageEnhancedSyn: 38.09312927385217
2024-07-06 19:25:13,451 - poweroff_2_1_results - INFO - Pulsar_averageEnhancedDis: 1.9400576368876081
2024-07-06 19:25:13,451 - poweroff_2_1_results - INFO - Pulsar_averageEnhancedCollisionNum: 0.0
2024-07-06 19:25:16,073 - poweroff_2_1_results - INFO - *******************STAIRS_TRACE*******************
2024-07-06 19:25:16,074 - poweroff_2_1_results - INFO - Find_averageSyn: 4138.8
2024-07-06 19:25:16,074 - poweroff_2_1_results - INFO - Find_averageDis: 0.0
2024-07-06 19:25:16,074 - poweroff_2_1_results - INFO - Find_averageCollisionNum: 0.0
2024-07-06 19:25:16,074 - poweroff_2_1_results - INFO - Find_sumCollisionNum: 0
2024-07-06 19:25:16,074 - poweroff_2_1_results - INFO - FlyncFind_averageSyn: 1098.94
2024-07-06 19:25:16,074 - poweroff_2_1_results - INFO - FlyncFind_averageDis: 0.0
2024-07-06 19:25:16,074 - poweroff_2_1_results - INFO - FlyncFind_averageCollisionNum: 0.0
2024-07-06 19:25:16,074 - poweroff_2_1_results - INFO - FlyncFind_sumCollisionNum: 0
2024-07-06 19:25:16,074 - poweroff_2_1_results - INFO - Pulsar_averageSyn: 10482.54
2024-07-06 19:25:16,074 - poweroff_2_1_results - INFO - Pulsar_averageDis: 338.0
2024-07-06 19:25:16,075 - poweroff_2_1_results - INFO - Pulsar_averageCollisionNum: 0.0
2024-07-06 19:25:16,075 - poweroff_2_1_results - INFO - Pulsar_sumCollisionNum: 0
2024-07-06 19:25:16,075 - poweroff_2_1_results - INFO - Free_beacon_averageSyn: 108.1
2024-07-06 19:25:16,075 - poweroff_2_1_results - INFO - Free_beacon_averageDis: 561.5
2024-07-06 19:25:16,075 - poweroff_2_1_results - INFO - Free_beacon_averageCollisionNum: 0.0
2024-07-06 19:25:16,075 - poweroff_2_1_results - INFO - Free_beacon_sumCollisionNum: 0
2024-07-06 19:25:16,075 - poweroff_2_1_results - INFO - Find_averageEnhancedSyn: 38.286771507863094
2024-07-06 19:25:16,075 - poweroff_2_1_results - INFO - Find_averageEnhancedDis: 0.0
2024-07-06 19:25:16,075 - poweroff_2_1_results - INFO - Find_averageEnhancedCollisionNum: 0.0
2024-07-06 19:25:16,075 - poweroff_2_1_results - INFO - FlyncFind_averageEnhancedSyn: 10.165957446808513
2024-07-06 19:25:16,076 - poweroff_2_1_results - INFO - FlyncFind_averageEnhancedDis: 0.0
2024-07-06 19:25:16,076 - poweroff_2_1_results - INFO - FlyncFind_averageEnhancedCollisionNum: 0.0
2024-07-06 19:25:16,076 - poweroff_2_1_results - INFO - Pulsar_averageEnhancedSyn: 96.97076780758559
2024-07-06 19:25:16,076 - poweroff_2_1_results - INFO - Pulsar_averageEnhancedDis: 0.6019590382902938
2024-07-06 19:25:16,076 - poweroff_2_1_results - INFO - Pulsar_averageEnhancedCollisionNum: 0.0
2024-07-06 19:26:18,064 - poweroff_2_1_results - INFO - *******************CARS_TRACE*******************
2024-07-06 19:26:18,064 - poweroff_2_1_results - INFO - Find_averageSyn: 14820635.26
2024-07-06 19:26:18,065 - poweroff_2_1_results - INFO - Find_averageDis: 0.0
2024-07-06 19:26:18,065 - poweroff_2_1_results - INFO - Find_averageCollisionNum: 0.0
2024-07-06 19:26:18,065 - poweroff_2_1_results - INFO - Find_sumCollisionNum: 0
2024-07-06 19:26:18,065 - poweroff_2_1_results - INFO - FlyncFind_averageSyn: 1536701.0
2024-07-06 19:26:18,065 - poweroff_2_1_results - INFO - FlyncFind_averageDis: 0.0
2024-07-06 19:26:18,065 - poweroff_2_1_results - INFO - FlyncFind_averageCollisionNum: 0.0
2024-07-06 19:26:18,065 - poweroff_2_1_results - INFO - FlyncFind_sumCollisionNum: 0
2024-07-06 19:26:18,065 - poweroff_2_1_results - INFO - Pulsar_averageSyn: 3287483.88
2024-07-06 19:26:18,065 - poweroff_2_1_results - INFO - Pulsar_averageDis: 37568.0
2024-07-06 19:26:18,065 - poweroff_2_1_results - INFO - Pulsar_averageCollisionNum: 0.0
2024-07-06 19:26:18,065 - poweroff_2_1_results - INFO - Pulsar_sumCollisionNum: 0
2024-07-06 19:26:18,066 - poweroff_2_1_results - INFO - Free_beacon_averageSyn: 410622.4
2024-07-06 19:26:18,066 - poweroff_2_1_results - INFO - Free_beacon_averageDis: 16601.0
2024-07-06 19:26:18,066 - poweroff_2_1_results - INFO - Free_beacon_averageCollisionNum: 0.0
2024-07-06 19:26:18,066 - poweroff_2_1_results - INFO - Free_beacon_sumCollisionNum: 0
2024-07-06 19:26:18,066 - poweroff_2_1_results - INFO - Find_averageEnhancedSyn: 36.09309979192562
2024-07-06 19:26:18,066 - poweroff_2_1_results - INFO - Find_averageEnhancedDis: 0.0
2024-07-06 19:26:18,066 - poweroff_2_1_results - INFO - Find_averageEnhancedCollisionNum: 0.0
2024-07-06 19:26:18,066 - poweroff_2_1_results - INFO - FlyncFind_averageEnhancedSyn: 3.742370119116736
2024-07-06 19:26:18,066 - poweroff_2_1_results - INFO - FlyncFind_averageEnhancedDis: 0.0
2024-07-06 19:26:18,067 - poweroff_2_1_results - INFO - FlyncFind_averageEnhancedCollisionNum: 0.0
2024-07-06 19:26:18,067 - poweroff_2_1_results - INFO - Pulsar_averageEnhancedSyn: 8.006099715943407
2024-07-06 19:26:18,067 - poweroff_2_1_results - INFO - Pulsar_averageEnhancedDis: 2.2629962050478887
2024-07-06 19:26:18,067 - poweroff_2_1_results - INFO - Pulsar_averageEnhancedCollisionNum: 0.0
2024-07-06 19:26:27,742 - poweroff_2_1_results - INFO - *******************JOGGING_TRACE*******************
2024-07-06 19:26:27,742 - poweroff_2_1_results - INFO - Find_averageSyn: 157879.28
2024-07-06 19:26:27,743 - poweroff_2_1_results - INFO - Find_averageDis: 0.0
2024-07-06 19:26:27,743 - poweroff_2_1_results - INFO - Find_averageCollisionNum: 0.0
2024-07-06 19:26:27,743 - poweroff_2_1_results - INFO - Find_sumCollisionNum: 0
2024-07-06 19:26:27,743 - poweroff_2_1_results - INFO - FlyncFind_averageSyn: 21667.86
2024-07-06 19:26:27,743 - poweroff_2_1_results - INFO - FlyncFind_averageDis: 0.0
2024-07-06 19:26:27,743 - poweroff_2_1_results - INFO - FlyncFind_averageCollisionNum: 0.0
2024-07-06 19:26:27,743 - poweroff_2_1_results - INFO - FlyncFind_sumCollisionNum: 0
2024-07-06 19:26:27,743 - poweroff_2_1_results - INFO - Pulsar_averageSyn: 223957.2
2024-07-06 19:26:27,743 - poweroff_2_1_results - INFO - Pulsar_averageDis: 2664.0
2024-07-06 19:26:27,743 - poweroff_2_1_results - INFO - Pulsar_averageCollisionNum: 0.0
2024-07-06 19:26:27,743 - poweroff_2_1_results - INFO - Pulsar_sumCollisionNum: 0
2024-07-06 19:26:27,743 - poweroff_2_1_results - INFO - Free_beacon_averageSyn: 4435.96
2024-07-06 19:26:27,744 - poweroff_2_1_results - INFO - Free_beacon_averageDis: 689.0
2024-07-06 19:26:27,744 - poweroff_2_1_results - INFO - Free_beacon_averageCollisionNum: 0.0
2024-07-06 19:26:27,744 - poweroff_2_1_results - INFO - Free_beacon_sumCollisionNum: 0
2024-07-06 19:26:27,744 - poweroff_2_1_results - INFO - Find_averageEnhancedSyn: 35.590780800548245
2024-07-06 19:26:27,744 - poweroff_2_1_results - INFO - Find_averageEnhancedDis: 0.0
2024-07-06 19:26:27,744 - poweroff_2_1_results - INFO - Find_averageEnhancedCollisionNum: 0.0
2024-07-06 19:26:27,744 - poweroff_2_1_results - INFO - FlyncFind_averageEnhancedSyn: 4.884593188396649
2024-07-06 19:26:27,744 - poweroff_2_1_results - INFO - FlyncFind_averageEnhancedDis: 0.0
2024-07-06 19:26:27,744 - poweroff_2_1_results - INFO - FlyncFind_averageEnhancedCollisionNum: 0.0
2024-07-06 19:26:27,745 - poweroff_2_1_results - INFO - Pulsar_averageEnhancedSyn: 50.486749204230875
2024-07-06 19:26:27,745 - poweroff_2_1_results - INFO - Pulsar_averageEnhancedDis: 3.8664731494920175
2024-07-06 19:26:27,745 - poweroff_2_1_results - INFO - Pulsar_averageEnhancedCollisionNum: 0.0
2024-07-06 19:26:32,501 - poweroff_2_1_results - INFO - *******************OFFICE_TRACE*******************
2024-07-06 19:26:32,501 - poweroff_2_1_results - INFO - Find_averageSyn: 25203.32
2024-07-06 19:26:32,501 - poweroff_2_1_results - INFO - Find_averageDis: 0.0
2024-07-06 19:26:32,501 - poweroff_2_1_results - INFO - Find_averageCollisionNum: 0.0
2024-07-06 19:26:32,502 - poweroff_2_1_results - INFO - Find_sumCollisionNum: 0
2024-07-06 19:26:32,502 - poweroff_2_1_results - INFO - FlyncFind_averageSyn: 3401.06
2024-07-06 19:26:32,502 - poweroff_2_1_results - INFO - FlyncFind_averageDis: 0.0
2024-07-06 19:26:32,502 - poweroff_2_1_results - INFO - FlyncFind_averageCollisionNum: 0.0
2024-07-06 19:26:32,502 - poweroff_2_1_results - INFO - FlyncFind_sumCollisionNum: 0
2024-07-06 19:26:32,502 - poweroff_2_1_results - INFO - Pulsar_averageSyn: 33206.68
2024-07-06 19:26:32,502 - poweroff_2_1_results - INFO - Pulsar_averageDis: 957.0
2024-07-06 19:26:32,502 - poweroff_2_1_results - INFO - Pulsar_averageCollisionNum: 0.0
2024-07-06 19:26:32,502 - poweroff_2_1_results - INFO - Pulsar_sumCollisionNum: 0
2024-07-06 19:26:32,502 - poweroff_2_1_results - INFO - Free_beacon_averageSyn: 1277.02
2024-07-06 19:26:32,502 - poweroff_2_1_results - INFO - Free_beacon_averageDis: 842.0
2024-07-06 19:26:32,502 - poweroff_2_1_results - INFO - Free_beacon_averageCollisionNum: 0.0
2024-07-06 19:26:32,503 - poweroff_2_1_results - INFO - Free_beacon_sumCollisionNum: 0
2024-07-06 19:26:32,503 - poweroff_2_1_results - INFO - Find_averageEnhancedSyn: 19.736041722134345
2024-07-06 19:26:32,503 - poweroff_2_1_results - INFO - Find_averageEnhancedDis: 0.0
2024-07-06 19:26:32,503 - poweroff_2_1_results - INFO - Find_averageEnhancedCollisionNum: 0.0
2024-07-06 19:26:32,503 - poweroff_2_1_results - INFO - FlyncFind_averageEnhancedSyn: 2.663278570421763
2024-07-06 19:26:32,503 - poweroff_2_1_results - INFO - FlyncFind_averageEnhancedDis: 0.0
2024-07-06 19:26:32,503 - poweroff_2_1_results - INFO - FlyncFind_averageEnhancedCollisionNum: 0.0
2024-07-06 19:26:32,503 - poweroff_2_1_results - INFO - Pulsar_averageEnhancedSyn: 26.003257584062897
2024-07-06 19:26:32,504 - poweroff_2_1_results - INFO - Pulsar_averageEnhancedDis: 1.1365795724465557
2024-07-06 19:26:32,504 - poweroff_2_1_results - INFO - Pulsar_averageEnhancedCollisionNum: 0.0
2024-07-06 19:27:04,917 - poweroff_2_1_results - INFO - *******************WASHER_TRACE*******************
2024-07-06 19:27:04,917 - poweroff_2_1_results - INFO - Find_averageSyn: 3420508.14
2024-07-06 19:27:04,917 - poweroff_2_1_results - INFO - Find_averageDis: 0.0
2024-07-06 19:27:04,917 - poweroff_2_1_results - INFO - Find_averageCollisionNum: 0.0
2024-07-06 19:27:04,918 - poweroff_2_1_results - INFO - Find_sumCollisionNum: 0
2024-07-06 19:27:04,918 - poweroff_2_1_results - INFO - FlyncFind_averageSyn: 572808.06
2024-07-06 19:27:04,918 - poweroff_2_1_results - INFO - FlyncFind_averageDis: 0.0
2024-07-06 19:27:04,918 - poweroff_2_1_results - INFO - FlyncFind_averageCollisionNum: 0.0
2024-07-06 19:27:04,918 - poweroff_2_1_results - INFO - FlyncFind_sumCollisionNum: 0
2024-07-06 19:27:04,918 - poweroff_2_1_results - INFO - Pulsar_averageSyn: 2148657.12
2024-07-06 19:27:04,918 - poweroff_2_1_results - INFO - Pulsar_averageDis: 27656.5
2024-07-06 19:27:04,918 - poweroff_2_1_results - INFO - Pulsar_averageCollisionNum: 0.0
2024-07-06 19:27:04,918 - poweroff_2_1_results - INFO - Pulsar_sumCollisionNum: 0
2024-07-06 19:27:04,918 - poweroff_2_1_results - INFO - Free_beacon_averageSyn: 166363.0
2024-07-06 19:27:04,918 - poweroff_2_1_results - INFO - Free_beacon_averageDis: 45620.0
2024-07-06 19:27:04,918 - poweroff_2_1_results - INFO - Free_beacon_averageCollisionNum: 0.0
2024-07-06 19:27:04,919 - poweroff_2_1_results - INFO - Free_beacon_sumCollisionNum: 0
2024-07-06 19:27:04,919 - poweroff_2_1_results - INFO - Find_averageEnhancedSyn: 20.560510089382856
2024-07-06 19:27:04,919 - poweroff_2_1_results - INFO - Find_averageEnhancedDis: 0.0
2024-07-06 19:27:04,919 - poweroff_2_1_results - INFO - Find_averageEnhancedCollisionNum: 0.0
2024-07-06 19:27:04,919 - poweroff_2_1_results - INFO - FlyncFind_averageEnhancedSyn: 3.44312172778803
2024-07-06 19:27:04,919 - poweroff_2_1_results - INFO - FlyncFind_averageEnhancedDis: 0.0
2024-07-06 19:27:04,919 - poweroff_2_1_results - INFO - FlyncFind_averageEnhancedCollisionNum: 0.0
2024-07-06 19:27:04,919 - poweroff_2_1_results - INFO - Pulsar_averageEnhancedSyn: 12.915474714930605
2024-07-06 19:27:04,920 - poweroff_2_1_results - INFO - Pulsar_averageEnhancedDis: 0.6062362998684787
2024-07-06 19:27:04,920 - poweroff_2_1_results - INFO - Pulsar_averageEnhancedCollisionNum: 0.0
