2024-07-11 11:36:44,808 - poweroff_50_20_results - INFO - *******************STATIC_TRACE*******************
2024-07-11 11:36:44,808 - poweroff_50_20_results - INFO - Find_averageSyn: 290837.8728
2024-07-11 11:36:44,809 - poweroff_50_20_results - INFO - Find_averageDis: 0.0
2024-07-11 11:36:44,809 - poweroff_50_20_results - INFO - Find_averageCollisionNum: 26.84
2024-07-11 11:36:44,809 - poweroff_50_20_results - INFO - Find_sumCollisionNum: 1342
2024-07-11 11:36:44,809 - poweroff_50_20_results - INFO - FlyncFind_averageSyn: 1211751.232
2024-07-11 11:36:44,809 - poweroff_50_20_results - INFO - FlyncFind_averageDis: 0.0
2024-07-11 11:36:44,809 - poweroff_50_20_results - INFO - FlyncFind_averageCollisionNum: 2941.96
2024-07-11 11:36:44,809 - poweroff_50_20_results - INFO - FlyncFind_sumCollisionNum: 147098
2024-07-11 11:36:44,809 - poweroff_50_20_results - INFO - Pulsar_averageSyn: 19665.3608
2024-07-11 11:36:44,809 - poweroff_50_20_results - INFO - Pulsar_averageDis: 378649.8
2024-07-11 11:36:44,809 - poweroff_50_20_results - INFO - Pulsar_averageCollisionNum: 2.56
2024-07-11 11:36:44,809 - poweroff_50_20_results - INFO - Pulsar_sumCollisionNum: 128
2024-07-11 11:36:44,810 - poweroff_50_20_results - INFO - Free_beacon_averageSyn: 1272.236
2024-07-11 11:36:44,810 - poweroff_50_20_results - INFO - Free_beacon_averageDis: 46592.04
2024-07-11 11:36:44,810 - poweroff_50_20_results - INFO - Free_beacon_averageCollisionNum: 4.52
2024-07-11 11:36:44,810 - poweroff_50_20_results - INFO - Free_beacon_sumCollisionNum: 226
2024-07-11 11:36:44,810 - poweroff_50_20_results - INFO - Find_averageEnhancedSyn: 228.6037125187465
2024-07-11 11:36:44,811 - poweroff_50_20_results - INFO - Find_averageEnhancedDis: 0.0
2024-07-11 11:36:44,811 - poweroff_50_20_results - INFO - Find_averageEnhancedCollisionNum: 1.0
2024-07-11 11:36:44,811 - poweroff_50_20_results - INFO - FlyncFind_averageEnhancedSyn: 952.4579024646371
2024-07-11 11:36:44,811 - poweroff_50_20_results - INFO - FlyncFind_averageEnhancedDis: 0.0
2024-07-11 11:36:44,811 - poweroff_50_20_results - INFO - FlyncFind_averageEnhancedCollisionNum: 1.0
2024-07-11 11:36:44,812 - poweroff_50_20_results - INFO - Pulsar_averageEnhancedSyn: 15.457321440361692
2024-07-11 11:36:44,812 - poweroff_50_20_results - INFO - Pulsar_averageEnhancedDis: 8.126920392410376
2024-07-11 11:36:44,812 - poweroff_50_20_results - INFO - Pulsar_averageEnhancedCollisionNum: 1.0
2024-07-11 13:45:52,870 - poweroff_50_20_results - INFO - *******************COMPLEX_TRACE*******************
2024-07-11 13:45:52,871 - poweroff_50_20_results - INFO - Find_averageSyn: 1825267.4264
2024-07-11 13:45:52,871 - poweroff_50_20_results - INFO - Find_averageDis: 0.0
2024-07-11 13:45:52,871 - poweroff_50_20_results - INFO - Find_averageCollisionNum: 6.96
2024-07-11 13:45:52,871 - poweroff_50_20_results - INFO - Find_sumCollisionNum: 348
2024-07-11 13:45:52,872 - poweroff_50_20_results - INFO - FlyncFind_averageSyn: 640683.232
2024-07-11 13:45:52,872 - poweroff_50_20_results - INFO - FlyncFind_averageDis: 0.0
2024-07-11 13:45:52,872 - poweroff_50_20_results - INFO - FlyncFind_averageCollisionNum: 152.84
2024-07-11 13:45:52,872 - poweroff_50_20_results - INFO - FlyncFind_sumCollisionNum: 7642
2024-07-11 13:45:52,872 - poweroff_50_20_results - INFO - Pulsar_averageSyn: 177066.8696
2024-07-11 13:45:52,872 - poweroff_50_20_results - INFO - Pulsar_averageDis: 639705.2
2024-07-11 13:45:52,872 - poweroff_50_20_results - INFO - Pulsar_averageCollisionNum: 0.58
2024-07-11 13:45:52,872 - poweroff_50_20_results - INFO - Pulsar_sumCollisionNum: 29
2024-07-11 13:45:52,873 - poweroff_50_20_results - INFO - Free_beacon_averageSyn: 4485.9504
2024-07-11 13:45:52,873 - poweroff_50_20_results - INFO - Free_beacon_averageDis: 54330.46
2024-07-11 13:45:52,873 - poweroff_50_20_results - INFO - Free_beacon_averageCollisionNum: 0.24
2024-07-11 13:45:52,873 - poweroff_50_20_results - INFO - Free_beacon_sumCollisionNum: 12
2024-07-11 13:45:52,874 - poweroff_50_20_results - INFO - Find_averageEnhancedSyn: 406.885333908284
2024-07-11 13:45:52,874 - poweroff_50_20_results - INFO - Find_averageEnhancedDis: 0.0
2024-07-11 13:45:52,874 - poweroff_50_20_results - INFO - Find_averageEnhancedCollisionNum: 1.0
2024-07-11 13:45:52,875 - poweroff_50_20_results - INFO - FlyncFind_averageEnhancedSyn: 142.81995449615314
2024-07-11 13:45:52,875 - poweroff_50_20_results - INFO - FlyncFind_averageEnhancedDis: 0.0
2024-07-11 13:45:52,875 - poweroff_50_20_results - INFO - FlyncFind_averageEnhancedCollisionNum: 1.0
2024-07-11 13:45:52,876 - poweroff_50_20_results - INFO - Pulsar_averageEnhancedSyn: 39.471428306474365
2024-07-11 13:45:52,876 - poweroff_50_20_results - INFO - Pulsar_averageEnhancedDis: 11.774338004868723
2024-07-11 13:45:52,876 - poweroff_50_20_results - INFO - Pulsar_averageEnhancedCollisionNum: 1.0000000000000002
2024-07-11 23:00:19,923 - poweroff_50_20_results - INFO - *******************STAIRS_TRACE*******************
2024-07-11 23:00:19,923 - poweroff_50_20_results - INFO - Find_averageSyn: 104710.8296
2024-07-11 23:00:19,923 - poweroff_50_20_results - INFO - Find_averageDis: 0.0
2024-07-11 23:00:19,923 - poweroff_50_20_results - INFO - Find_averageCollisionNum: 62.8
2024-07-11 23:00:19,924 - poweroff_50_20_results - INFO - Find_sumCollisionNum: 3140
2024-07-11 23:00:19,924 - poweroff_50_20_results - INFO - FlyncFind_averageSyn: 3115958.032
2024-07-11 23:00:19,924 - poweroff_50_20_results - INFO - FlyncFind_averageDis: 0.0
2024-07-11 23:00:19,924 - poweroff_50_20_results - INFO - FlyncFind_averageCollisionNum: 13809.88
2024-07-11 23:00:19,924 - poweroff_50_20_results - INFO - FlyncFind_sumCollisionNum: 690494
2024-07-11 23:00:19,924 - poweroff_50_20_results - INFO - Pulsar_averageSyn: 9484.0712
2024-07-11 23:00:19,924 - poweroff_50_20_results - INFO - Pulsar_averageDis: 327128.22
2024-07-11 23:00:19,925 - poweroff_50_20_results - INFO - Pulsar_averageCollisionNum: 3.6
2024-07-11 23:00:19,925 - poweroff_50_20_results - INFO - Pulsar_sumCollisionNum: 180
2024-07-11 23:00:19,925 - poweroff_50_20_results - INFO - Free_beacon_averageSyn: 267.3584
2024-07-11 23:00:19,925 - poweroff_50_20_results - INFO - Free_beacon_averageDis: 25985.18
2024-07-11 23:00:19,925 - poweroff_50_20_results - INFO - Free_beacon_averageCollisionNum: 4.18
2024-07-11 23:00:19,925 - poweroff_50_20_results - INFO - Free_beacon_sumCollisionNum: 209
2024-07-11 23:00:19,926 - poweroff_50_20_results - INFO - Find_averageEnhancedSyn: 391.64967175147666
2024-07-11 23:00:19,926 - poweroff_50_20_results - INFO - Find_averageEnhancedDis: 0.0
2024-07-11 23:00:19,926 - poweroff_50_20_results - INFO - Find_averageEnhancedCollisionNum: 1.0
2024-07-11 23:00:19,927 - poweroff_50_20_results - INFO - FlyncFind_averageEnhancedSyn: 11654.610560206824
2024-07-11 23:00:19,927 - poweroff_50_20_results - INFO - FlyncFind_averageEnhancedDis: 0.0
2024-07-11 23:00:19,927 - poweroff_50_20_results - INFO - FlyncFind_averageEnhancedCollisionNum: 1.0
2024-07-11 23:00:19,928 - poweroff_50_20_results - INFO - Pulsar_averageEnhancedSyn: 35.47324939107954
2024-07-11 23:00:19,928 - poweroff_50_20_results - INFO - Pulsar_averageEnhancedDis: 12.589030362691348
2024-07-11 23:00:19,928 - poweroff_50_20_results - INFO - Pulsar_averageEnhancedCollisionNum: 1.0
2024-07-12 12:28:06,708 - poweroff_50_20_results - INFO - *******************CARS_TRACE*******************
2024-07-12 12:28:06,708 - poweroff_50_20_results - INFO - Find_averageSyn: 285513032.1968
2024-07-12 12:28:06,709 - poweroff_50_20_results - INFO - Find_averageDis: 0.0
2024-07-12 12:28:06,709 - poweroff_50_20_results - INFO - Find_averageCollisionNum: 0.56
2024-07-12 12:28:06,709 - poweroff_50_20_results - INFO - Find_sumCollisionNum: 28
2024-07-12 12:28:06,709 - poweroff_50_20_results - INFO - FlyncFind_averageSyn: 27391141.04
2024-07-12 12:28:06,709 - poweroff_50_20_results - INFO - FlyncFind_averageDis: 0.0
2024-07-12 12:28:06,709 - poweroff_50_20_results - INFO - FlyncFind_averageCollisionNum: 5.44
2024-07-12 12:28:06,709 - poweroff_50_20_results - INFO - FlyncFind_sumCollisionNum: 272
2024-07-12 12:28:06,710 - poweroff_50_20_results - INFO - Pulsar_averageSyn: 3087010.5568
2024-07-12 12:28:06,710 - poweroff_50_20_results - INFO - Pulsar_averageDis: 6722432.28
2024-07-12 12:28:06,710 - poweroff_50_20_results - INFO - Pulsar_averageCollisionNum: 0.06
2024-07-12 12:28:06,710 - poweroff_50_20_results - INFO - Pulsar_sumCollisionNum: 3
2024-07-12 12:28:06,710 - poweroff_50_20_results - INFO - Free_beacon_averageSyn: 578398.1896
2024-07-12 12:28:06,710 - poweroff_50_20_results - INFO - Free_beacon_averageDis: 795491.08
2024-07-12 12:28:06,711 - poweroff_50_20_results - INFO - Free_beacon_averageCollisionNum: 0.0
2024-07-12 12:28:06,711 - poweroff_50_20_results - INFO - Free_beacon_sumCollisionNum: 0
2024-07-12 12:28:06,712 - poweroff_50_20_results - INFO - Find_averageEnhancedSyn: 493.62711939719384
2024-07-12 12:28:06,712 - poweroff_50_20_results - INFO - Find_averageEnhancedDis: 0.0
2024-07-12 12:28:06,712 - poweroff_50_20_results - INFO - Find_averageEnhancedCollisionNum: 0.9999999999999999
2024-07-12 12:28:06,713 - poweroff_50_20_results - INFO - FlyncFind_averageEnhancedSyn: 47.35689276438219
2024-07-12 12:28:06,713 - poweroff_50_20_results - INFO - FlyncFind_averageEnhancedDis: 0.0
2024-07-12 12:28:06,713 - poweroff_50_20_results - INFO - FlyncFind_averageEnhancedCollisionNum: 1.0
2024-07-12 12:28:06,714 - poweroff_50_20_results - INFO - Pulsar_averageEnhancedSyn: 5.337171886611313
2024-07-12 12:28:06,714 - poweroff_50_20_results - INFO - Pulsar_averageEnhancedDis: 8.45066959141767
2024-07-12 12:28:06,714 - poweroff_50_20_results - INFO - Pulsar_averageEnhancedCollisionNum: 1.0
2024-07-12 14:45:55,175 - poweroff_50_20_results - INFO - *******************JOGGING_TRACE*******************
2024-07-12 14:45:55,176 - poweroff_50_20_results - INFO - Find_averageSyn: 2624685.0592
2024-07-12 14:45:55,176 - poweroff_50_20_results - INFO - Find_averageDis: 0.0
2024-07-12 14:45:55,176 - poweroff_50_20_results - INFO - Find_averageCollisionNum: 5.44
2024-07-12 14:45:55,176 - poweroff_50_20_results - INFO - Find_sumCollisionNum: 272
2024-07-12 14:45:55,176 - poweroff_50_20_results - INFO - FlyncFind_averageSyn: 918612.192
2024-07-12 14:45:55,176 - poweroff_50_20_results - INFO - FlyncFind_averageDis: 0.0
2024-07-12 14:45:55,176 - poweroff_50_20_results - INFO - FlyncFind_averageCollisionNum: 110.08
2024-07-12 14:45:55,176 - poweroff_50_20_results - INFO - FlyncFind_sumCollisionNum: 5504
2024-07-12 14:45:55,176 - poweroff_50_20_results - INFO - Pulsar_averageSyn: 275284.2196
2024-07-12 14:45:55,177 - poweroff_50_20_results - INFO - Pulsar_averageDis: 758696.74
2024-07-12 14:45:55,177 - poweroff_50_20_results - INFO - Pulsar_averageCollisionNum: 0.56
2024-07-12 14:45:55,177 - poweroff_50_20_results - INFO - Pulsar_sumCollisionNum: 28
2024-07-12 14:45:55,177 - poweroff_50_20_results - INFO - Free_beacon_averageSyn: 7721.0864
2024-07-12 14:45:55,177 - poweroff_50_20_results - INFO - Free_beacon_averageDis: 79545.16
2024-07-12 14:45:55,177 - poweroff_50_20_results - INFO - Free_beacon_averageCollisionNum: 1.46
2024-07-12 14:45:55,177 - poweroff_50_20_results - INFO - Free_beacon_sumCollisionNum: 73
2024-07-12 14:45:55,178 - poweroff_50_20_results - INFO - Find_averageEnhancedSyn: 339.93727349042484
2024-07-12 14:45:55,178 - poweroff_50_20_results - INFO - Find_averageEnhancedDis: 0.0
2024-07-12 14:45:55,178 - poweroff_50_20_results - INFO - Find_averageEnhancedCollisionNum: 1.0
2024-07-12 14:45:55,178 - poweroff_50_20_results - INFO - FlyncFind_averageEnhancedSyn: 118.97447385124457
2024-07-12 14:45:55,178 - poweroff_50_20_results - INFO - FlyncFind_averageEnhancedDis: 0.0
2024-07-12 14:45:55,179 - poweroff_50_20_results - INFO - FlyncFind_averageEnhancedCollisionNum: 1.0
2024-07-12 14:45:55,179 - poweroff_50_20_results - INFO - Pulsar_averageEnhancedSyn: 35.653560307264534
2024-07-12 14:45:55,179 - poweroff_50_20_results - INFO - Pulsar_averageEnhancedDis: 9.537937191904573
2024-07-12 14:45:55,179 - poweroff_50_20_results - INFO - Pulsar_averageEnhancedCollisionNum: 0.9999999999999999
2024-07-12 16:45:07,716 - poweroff_50_20_results - INFO - *******************OFFICE_TRACE*******************
2024-07-12 16:45:07,716 - poweroff_50_20_results - INFO - Find_averageSyn: 595047.7576
2024-07-12 16:45:07,716 - poweroff_50_20_results - INFO - Find_averageDis: 0.0
2024-07-12 16:45:07,717 - poweroff_50_20_results - INFO - Find_averageCollisionNum: 13.48
2024-07-12 16:45:07,717 - poweroff_50_20_results - INFO - Find_sumCollisionNum: 674
2024-07-12 16:45:07,717 - poweroff_50_20_results - INFO - FlyncFind_averageSyn: 622488.016
2024-07-12 16:45:07,717 - poweroff_50_20_results - INFO - FlyncFind_averageDis: 0.0
2024-07-12 16:45:07,717 - poweroff_50_20_results - INFO - FlyncFind_averageCollisionNum: 587.64
2024-07-12 16:45:07,717 - poweroff_50_20_results - INFO - FlyncFind_sumCollisionNum: 29382
2024-07-12 16:45:07,717 - poweroff_50_20_results - INFO - Pulsar_averageSyn: 70053.2312
2024-07-12 16:45:07,718 - poweroff_50_20_results - INFO - Pulsar_averageDis: 346430.52
2024-07-12 16:45:07,718 - poweroff_50_20_results - INFO - Pulsar_averageCollisionNum: 1.24
2024-07-12 16:45:07,718 - poweroff_50_20_results - INFO - Pulsar_sumCollisionNum: 62
2024-07-12 16:45:07,718 - poweroff_50_20_results - INFO - Free_beacon_averageSyn: 1688.7016
2024-07-12 16:45:07,718 - poweroff_50_20_results - INFO - Free_beacon_averageDis: 25824.16
2024-07-12 16:45:07,718 - poweroff_50_20_results - INFO - Free_beacon_averageCollisionNum: 1.16
2024-07-12 16:45:07,718 - poweroff_50_20_results - INFO - Free_beacon_sumCollisionNum: 58
2024-07-12 16:45:07,719 - poweroff_50_20_results - INFO - Find_averageEnhancedSyn: 352.36998508202987
2024-07-12 16:45:07,719 - poweroff_50_20_results - INFO - Find_averageEnhancedDis: 0.0
2024-07-12 16:45:07,719 - poweroff_50_20_results - INFO - Find_averageEnhancedCollisionNum: 0.9999999999999999
2024-07-12 16:45:07,720 - poweroff_50_20_results - INFO - FlyncFind_averageEnhancedSyn: 368.6193084675232
2024-07-12 16:45:07,720 - poweroff_50_20_results - INFO - FlyncFind_averageEnhancedDis: 0.0
2024-07-12 16:45:07,720 - poweroff_50_20_results - INFO - FlyncFind_averageEnhancedCollisionNum: 1.0
2024-07-12 16:45:07,721 - poweroff_50_20_results - INFO - Pulsar_averageEnhancedSyn: 41.48348719513263
2024-07-12 16:45:07,721 - poweroff_50_20_results - INFO - Pulsar_averageEnhancedDis: 13.414977292581831
2024-07-12 16:45:07,721 - poweroff_50_20_results - INFO - Pulsar_averageEnhancedCollisionNum: 1.0
2024-07-12 18:55:41,436 - poweroff_50_20_results - INFO - *******************WASHER_TRACE*******************
2024-07-12 18:55:41,437 - poweroff_50_20_results - INFO - Find_averageSyn: 7913404.3744
2024-07-12 18:55:41,437 - poweroff_50_20_results - INFO - Find_averageDis: 0.0
2024-07-12 18:55:41,437 - poweroff_50_20_results - INFO - Find_averageCollisionNum: 9.04
2024-07-12 18:55:41,437 - poweroff_50_20_results - INFO - Find_sumCollisionNum: 452
2024-07-12 18:55:41,437 - poweroff_50_20_results - INFO - FlyncFind_averageSyn: 5012873.248
2024-07-12 18:55:41,437 - poweroff_50_20_results - INFO - FlyncFind_averageDis: 0.0
2024-07-12 18:55:41,437 - poweroff_50_20_results - INFO - FlyncFind_averageCollisionNum: 23.28
2024-07-12 18:55:41,437 - poweroff_50_20_results - INFO - FlyncFind_sumCollisionNum: 1164
2024-07-12 18:55:41,438 - poweroff_50_20_results - INFO - Pulsar_averageSyn: 2306995.1184
2024-07-12 18:55:41,438 - poweroff_50_20_results - INFO - Pulsar_averageDis: 4717906.26
2024-07-12 18:55:41,438 - poweroff_50_20_results - INFO - Pulsar_averageCollisionNum: 0.06
2024-07-12 18:55:41,438 - poweroff_50_20_results - INFO - Pulsar_sumCollisionNum: 3
2024-07-12 18:55:41,438 - poweroff_50_20_results - INFO - Free_beacon_averageSyn: 245302.2768
2024-07-12 18:55:41,438 - poweroff_50_20_results - INFO - Free_beacon_averageDis: 392610.52
2024-07-12 18:55:41,438 - poweroff_50_20_results - INFO - Free_beacon_averageCollisionNum: 0.04
2024-07-12 18:55:41,439 - poweroff_50_20_results - INFO - Free_beacon_sumCollisionNum: 2
2024-07-12 18:55:41,439 - poweroff_50_20_results - INFO - Find_averageEnhancedSyn: 32.25980809322843
2024-07-12 18:55:41,439 - poweroff_50_20_results - INFO - Find_averageEnhancedDis: 0.0
2024-07-12 18:55:41,440 - poweroff_50_20_results - INFO - Find_averageEnhancedCollisionNum: 1.0000000000000002
2024-07-12 18:55:41,440 - poweroff_50_20_results - INFO - FlyncFind_averageEnhancedSyn: 20.435494172306843
2024-07-12 18:55:41,440 - poweroff_50_20_results - INFO - FlyncFind_averageEnhancedDis: 0.0
2024-07-12 18:55:41,441 - poweroff_50_20_results - INFO - FlyncFind_averageEnhancedCollisionNum: 0.9999999999999999
2024-07-12 18:55:41,441 - poweroff_50_20_results - INFO - Pulsar_averageEnhancedSyn: 9.40470324407523
2024-07-12 18:55:41,441 - poweroff_50_20_results - INFO - Pulsar_averageEnhancedDis: 12.016759662986106
2024-07-12 18:55:41,442 - poweroff_50_20_results - INFO - Pulsar_averageEnhancedCollisionNum: 1.0
