2024-07-06 19:27:09,563 - poweroff_2_5_results - INFO - *******************STATIC_TRACE*******************
2024-07-06 19:27:09,563 - poweroff_2_5_results - INFO - Find_averageSyn: 14827.9
2024-07-06 19:27:09,563 - poweroff_2_5_results - INFO - Find_averageDis: 0.0
2024-07-06 19:27:09,563 - poweroff_2_5_results - INFO - Find_averageCollisionNum: 0.0
2024-07-06 19:27:09,564 - poweroff_2_5_results - INFO - Find_sumCollisionNum: 0
2024-07-06 19:27:09,564 - poweroff_2_5_results - INFO - FlyncFind_averageSyn: 2848.6
2024-07-06 19:27:09,564 - poweroff_2_5_results - INFO - FlyncFind_averageDis: 0.0
2024-07-06 19:27:09,564 - poweroff_2_5_results - INFO - FlyncFind_averageCollisionNum: 0.0
2024-07-06 19:27:09,564 - poweroff_2_5_results - INFO - FlyncFind_sumCollisionNum: 0
2024-07-06 19:27:09,564 - poweroff_2_5_results - INFO - Pulsar_averageSyn: 61368.24
2024-07-06 19:27:09,564 - poweroff_2_5_results - INFO - Pulsar_averageDis: 493.0
2024-07-06 19:27:09,564 - poweroff_2_5_results - INFO - Pulsar_averageCollisionNum: 0.0
2024-07-06 19:27:09,564 - poweroff_2_5_results - INFO - Pulsar_sumCollisionNum: 0
2024-07-06 19:27:09,564 - poweroff_2_5_results - INFO - Free_beacon_averageSyn: 2039.98
2024-07-06 19:27:09,564 - poweroff_2_5_results - INFO - Free_beacon_averageDis: 4539.5
2024-07-06 19:27:09,564 - poweroff_2_5_results - INFO - Free_beacon_averageCollisionNum: 0.0
2024-07-06 19:27:09,565 - poweroff_2_5_results - INFO - Free_beacon_sumCollisionNum: 0
2024-07-06 19:27:09,565 - poweroff_2_5_results - INFO - Find_averageEnhancedSyn: 7.268649692644045
2024-07-06 19:27:09,565 - poweroff_2_5_results - INFO - Find_averageEnhancedDis: 0.0
2024-07-06 19:27:09,565 - poweroff_2_5_results - INFO - Find_averageEnhancedCollisionNum: 0.0
2024-07-06 19:27:09,565 - poweroff_2_5_results - INFO - FlyncFind_averageEnhancedSyn: 1.3963862390807753
2024-07-06 19:27:09,565 - poweroff_2_5_results - INFO - FlyncFind_averageEnhancedDis: 0.0
2024-07-06 19:27:09,565 - poweroff_2_5_results - INFO - FlyncFind_averageEnhancedCollisionNum: 0.0
2024-07-06 19:27:09,565 - poweroff_2_5_results - INFO - Pulsar_averageEnhancedSyn: 30.082765517308992
2024-07-06 19:27:09,566 - poweroff_2_5_results - INFO - Pulsar_averageEnhancedDis: 0.10860226897235378
2024-07-06 19:27:09,566 - poweroff_2_5_results - INFO - Pulsar_averageEnhancedCollisionNum: 0.0
2024-07-06 19:27:20,945 - poweroff_2_5_results - INFO - *******************COMPLEX_TRACE*******************
2024-07-06 19:27:20,945 - poweroff_2_5_results - INFO - Find_averageSyn: 143015.84
2024-07-06 19:27:20,945 - poweroff_2_5_results - INFO - Find_averageDis: 0.0
2024-07-06 19:27:20,945 - poweroff_2_5_results - INFO - Find_averageCollisionNum: 0.0
2024-07-06 19:27:20,945 - poweroff_2_5_results - INFO - Find_sumCollisionNum: 0
2024-07-06 19:27:20,945 - poweroff_2_5_results - INFO - FlyncFind_averageSyn: 11281.2
2024-07-06 19:27:20,945 - poweroff_2_5_results - INFO - FlyncFind_averageDis: 0.0
2024-07-06 19:27:20,945 - poweroff_2_5_results - INFO - FlyncFind_averageCollisionNum: 0.0
2024-07-06 19:27:20,945 - poweroff_2_5_results - INFO - FlyncFind_sumCollisionNum: 0
2024-07-06 19:27:20,946 - poweroff_2_5_results - INFO - Pulsar_averageSyn: 94575.1
2024-07-06 19:27:20,946 - poweroff_2_5_results - INFO - Pulsar_averageDis: 1535.5
2024-07-06 19:27:20,946 - poweroff_2_5_results - INFO - Pulsar_averageCollisionNum: 0.0
2024-07-06 19:27:20,946 - poweroff_2_5_results - INFO - Pulsar_sumCollisionNum: 0
2024-07-06 19:27:20,946 - poweroff_2_5_results - INFO - Free_beacon_averageSyn: 2329.66
2024-07-06 19:27:20,946 - poweroff_2_5_results - INFO - Free_beacon_averageDis: 2754.5
2024-07-06 19:27:20,946 - poweroff_2_5_results - INFO - Free_beacon_averageCollisionNum: 0.0
2024-07-06 19:27:20,946 - poweroff_2_5_results - INFO - Free_beacon_sumCollisionNum: 0
2024-07-06 19:27:20,946 - poweroff_2_5_results - INFO - Find_averageEnhancedSyn: 61.38914691414198
2024-07-06 19:27:20,946 - poweroff_2_5_results - INFO - Find_averageEnhancedDis: 0.0
2024-07-06 19:27:20,946 - poweroff_2_5_results - INFO - Find_averageEnhancedCollisionNum: 0.0
2024-07-06 19:27:20,947 - poweroff_2_5_results - INFO - FlyncFind_averageEnhancedSyn: 4.84242335791489
2024-07-06 19:27:20,947 - poweroff_2_5_results - INFO - FlyncFind_averageEnhancedDis: 0.0
2024-07-06 19:27:20,947 - poweroff_2_5_results - INFO - FlyncFind_averageEnhancedCollisionNum: 0.0
2024-07-06 19:27:20,947 - poweroff_2_5_results - INFO - Pulsar_averageEnhancedSyn: 40.59609556759356
2024-07-06 19:27:20,947 - poweroff_2_5_results - INFO - Pulsar_averageEnhancedDis: 0.5574514430931203
2024-07-06 19:27:20,947 - poweroff_2_5_results - INFO - Pulsar_averageEnhancedCollisionNum: 0.0
2024-07-06 19:27:23,290 - poweroff_2_5_results - INFO - *******************STAIRS_TRACE*******************
2024-07-06 19:27:23,290 - poweroff_2_5_results - INFO - Find_averageSyn: 3497.36
2024-07-06 19:27:23,290 - poweroff_2_5_results - INFO - Find_averageDis: 0.0
2024-07-06 19:27:23,290 - poweroff_2_5_results - INFO - Find_averageCollisionNum: 0.0
2024-07-06 19:27:23,290 - poweroff_2_5_results - INFO - Find_sumCollisionNum: 0
2024-07-06 19:27:23,290 - poweroff_2_5_results - INFO - FlyncFind_averageSyn: 1071.6
2024-07-06 19:27:23,290 - poweroff_2_5_results - INFO - FlyncFind_averageDis: 0.0
2024-07-06 19:27:23,291 - poweroff_2_5_results - INFO - FlyncFind_averageCollisionNum: 0.0
2024-07-06 19:27:23,291 - poweroff_2_5_results - INFO - FlyncFind_sumCollisionNum: 0
2024-07-06 19:27:23,291 - poweroff_2_5_results - INFO - Pulsar_averageSyn: 8873.86
2024-07-06 19:27:23,291 - poweroff_2_5_results - INFO - Pulsar_averageDis: 374.0
2024-07-06 19:27:23,291 - poweroff_2_5_results - INFO - Pulsar_averageCollisionNum: 0.0
2024-07-06 19:27:23,291 - poweroff_2_5_results - INFO - Pulsar_sumCollisionNum: 0
2024-07-06 19:27:23,291 - poweroff_2_5_results - INFO - Free_beacon_averageSyn: 100.96
2024-07-06 19:27:23,291 - poweroff_2_5_results - INFO - Free_beacon_averageDis: 816.5
2024-07-06 19:27:23,291 - poweroff_2_5_results - INFO - Free_beacon_averageCollisionNum: 0.0
2024-07-06 19:27:23,291 - poweroff_2_5_results - INFO - Free_beacon_sumCollisionNum: 0
2024-07-06 19:27:23,291 - poweroff_2_5_results - INFO - Find_averageEnhancedSyn: 34.641045958795566
2024-07-06 19:27:23,292 - poweroff_2_5_results - INFO - Find_averageEnhancedDis: 0.0
2024-07-06 19:27:23,292 - poweroff_2_5_results - INFO - Find_averageEnhancedCollisionNum: 0.0
2024-07-06 19:27:23,292 - poweroff_2_5_results - INFO - FlyncFind_averageEnhancedSyn: 10.614104595879557
2024-07-06 19:27:23,292 - poweroff_2_5_results - INFO - FlyncFind_averageEnhancedDis: 0.0
2024-07-06 19:27:23,292 - poweroff_2_5_results - INFO - FlyncFind_averageEnhancedCollisionNum: 0.0
2024-07-06 19:27:23,292 - poweroff_2_5_results - INFO - Pulsar_averageEnhancedSyn: 87.89480982567355
2024-07-06 19:27:23,292 - poweroff_2_5_results - INFO - Pulsar_averageEnhancedDis: 0.4580526638089406
2024-07-06 19:27:23,292 - poweroff_2_5_results - INFO - Pulsar_averageEnhancedCollisionNum: 0.0
2024-07-06 19:28:35,153 - poweroff_2_5_results - INFO - *******************CARS_TRACE*******************
2024-07-06 19:28:35,154 - poweroff_2_5_results - INFO - Find_averageSyn: 18524390.52
2024-07-06 19:28:35,154 - poweroff_2_5_results - INFO - Find_averageDis: 0.0
2024-07-06 19:28:35,154 - poweroff_2_5_results - INFO - Find_averageCollisionNum: 0.0
2024-07-06 19:28:35,154 - poweroff_2_5_results - INFO - Find_sumCollisionNum: 0
2024-07-06 19:28:35,154 - poweroff_2_5_results - INFO - FlyncFind_averageSyn: 1398290.2
2024-07-06 19:28:35,154 - poweroff_2_5_results - INFO - FlyncFind_averageDis: 0.0
2024-07-06 19:28:35,154 - poweroff_2_5_results - INFO - FlyncFind_averageCollisionNum: 0.0
2024-07-06 19:28:35,154 - poweroff_2_5_results - INFO - FlyncFind_sumCollisionNum: 0
2024-07-06 19:28:35,155 - poweroff_2_5_results - INFO - Pulsar_averageSyn: 3028928.33
2024-07-06 19:28:35,155 - poweroff_2_5_results - INFO - Pulsar_averageDis: 23870.0
2024-07-06 19:28:35,155 - poweroff_2_5_results - INFO - Pulsar_averageCollisionNum: 0.0
2024-07-06 19:28:35,155 - poweroff_2_5_results - INFO - Pulsar_sumCollisionNum: 0
2024-07-06 19:28:35,155 - poweroff_2_5_results - INFO - Free_beacon_averageSyn: 441195.88
2024-07-06 19:28:35,155 - poweroff_2_5_results - INFO - Free_beacon_averageDis: 21497.0
2024-07-06 19:28:35,155 - poweroff_2_5_results - INFO - Free_beacon_averageCollisionNum: 0.0
2024-07-06 19:28:35,155 - poweroff_2_5_results - INFO - Free_beacon_sumCollisionNum: 0
2024-07-06 19:28:35,155 - poweroff_2_5_results - INFO - Find_averageEnhancedSyn: 41.986771317991455
2024-07-06 19:28:35,155 - poweroff_2_5_results - INFO - Find_averageEnhancedDis: 0.0
2024-07-06 19:28:35,156 - poweroff_2_5_results - INFO - Find_averageEnhancedCollisionNum: 0.0
2024-07-06 19:28:35,156 - poweroff_2_5_results - INFO - FlyncFind_averageEnhancedSyn: 3.169318353562141
2024-07-06 19:28:35,156 - poweroff_2_5_results - INFO - FlyncFind_averageEnhancedDis: 0.0
2024-07-06 19:28:35,156 - poweroff_2_5_results - INFO - FlyncFind_averageEnhancedCollisionNum: 0.0
2024-07-06 19:28:35,156 - poweroff_2_5_results - INFO - Pulsar_averageEnhancedSyn: 6.865268846118871
2024-07-06 19:28:35,156 - poweroff_2_5_results - INFO - Pulsar_averageEnhancedDis: 1.1103874959296647
2024-07-06 19:28:35,156 - poweroff_2_5_results - INFO - Pulsar_averageEnhancedCollisionNum: 0.0
2024-07-06 19:28:46,647 - poweroff_2_5_results - INFO - *******************JOGGING_TRACE*******************
2024-07-06 19:28:46,647 - poweroff_2_5_results - INFO - Find_averageSyn: 196185.78
2024-07-06 19:28:46,647 - poweroff_2_5_results - INFO - Find_averageDis: 0.0
2024-07-06 19:28:46,647 - poweroff_2_5_results - INFO - Find_averageCollisionNum: 0.0
2024-07-06 19:28:46,647 - poweroff_2_5_results - INFO - Find_sumCollisionNum: 0
2024-07-06 19:28:46,647 - poweroff_2_5_results - INFO - FlyncFind_averageSyn: 17476.0
2024-07-06 19:28:46,647 - poweroff_2_5_results - INFO - FlyncFind_averageDis: 0.0
2024-07-06 19:28:46,647 - poweroff_2_5_results - INFO - FlyncFind_averageCollisionNum: 0.0
2024-07-06 19:28:46,648 - poweroff_2_5_results - INFO - FlyncFind_sumCollisionNum: 0
2024-07-06 19:28:46,648 - poweroff_2_5_results - INFO - Pulsar_averageSyn: 284052.16
2024-07-06 19:28:46,648 - poweroff_2_5_results - INFO - Pulsar_averageDis: 2109.5
2024-07-06 19:28:46,648 - poweroff_2_5_results - INFO - Pulsar_averageCollisionNum: 0.0
2024-07-06 19:28:46,648 - poweroff_2_5_results - INFO - Pulsar_sumCollisionNum: 0
2024-07-06 19:28:46,648 - poweroff_2_5_results - INFO - Free_beacon_averageSyn: 5758.9
2024-07-06 19:28:46,648 - poweroff_2_5_results - INFO - Free_beacon_averageDis: 4182.5
2024-07-06 19:28:46,648 - poweroff_2_5_results - INFO - Free_beacon_averageCollisionNum: 0.0
2024-07-06 19:28:46,648 - poweroff_2_5_results - INFO - Free_beacon_sumCollisionNum: 0
2024-07-06 19:28:46,648 - poweroff_2_5_results - INFO - Find_averageEnhancedSyn: 34.066537012276655
2024-07-06 19:28:46,648 - poweroff_2_5_results - INFO - Find_averageEnhancedDis: 0.0
2024-07-06 19:28:46,649 - poweroff_2_5_results - INFO - Find_averageEnhancedCollisionNum: 0.0
2024-07-06 19:28:46,649 - poweroff_2_5_results - INFO - FlyncFind_averageEnhancedSyn: 3.034607303478095
2024-07-06 19:28:46,649 - poweroff_2_5_results - INFO - FlyncFind_averageEnhancedDis: 0.0
2024-07-06 19:28:46,649 - poweroff_2_5_results - INFO - FlyncFind_averageEnhancedCollisionNum: 0.0
2024-07-06 19:28:46,649 - poweroff_2_5_results - INFO - Pulsar_averageEnhancedSyn: 49.32403063084964
2024-07-06 19:28:46,649 - poweroff_2_5_results - INFO - Pulsar_averageEnhancedDis: 0.5043634190077705
2024-07-06 19:28:46,649 - poweroff_2_5_results - INFO - Pulsar_averageEnhancedCollisionNum: 0.0
2024-07-06 19:28:50,359 - poweroff_2_5_results - INFO - *******************OFFICE_TRACE*******************
2024-07-06 19:28:50,359 - poweroff_2_5_results - INFO - Find_averageSyn: 22094.98
2024-07-06 19:28:50,359 - poweroff_2_5_results - INFO - Find_averageDis: 0.0
2024-07-06 19:28:50,359 - poweroff_2_5_results - INFO - Find_averageCollisionNum: 0.0
2024-07-06 19:28:50,359 - poweroff_2_5_results - INFO - Find_sumCollisionNum: 0
2024-07-06 19:28:50,359 - poweroff_2_5_results - INFO - FlyncFind_averageSyn: 4646.48
2024-07-06 19:28:50,359 - poweroff_2_5_results - INFO - FlyncFind_averageDis: 0.0
2024-07-06 19:28:50,359 - poweroff_2_5_results - INFO - FlyncFind_averageCollisionNum: 0.0
2024-07-06 19:28:50,359 - poweroff_2_5_results - INFO - FlyncFind_sumCollisionNum: 0
2024-07-06 19:28:50,360 - poweroff_2_5_results - INFO - Pulsar_averageSyn: 30309.18
2024-07-06 19:28:50,360 - poweroff_2_5_results - INFO - Pulsar_averageDis: 967.5
2024-07-06 19:28:50,360 - poweroff_2_5_results - INFO - Pulsar_averageCollisionNum: 0.0
2024-07-06 19:28:50,360 - poweroff_2_5_results - INFO - Pulsar_sumCollisionNum: 0
2024-07-06 19:28:50,360 - poweroff_2_5_results - INFO - Free_beacon_averageSyn: 1161.76
2024-07-06 19:28:50,360 - poweroff_2_5_results - INFO - Free_beacon_averageDis: 2244.5
2024-07-06 19:28:50,360 - poweroff_2_5_results - INFO - Free_beacon_averageCollisionNum: 0.0
2024-07-06 19:28:50,360 - poweroff_2_5_results - INFO - Free_beacon_sumCollisionNum: 0
2024-07-06 19:28:50,360 - poweroff_2_5_results - INFO - Find_averageEnhancedSyn: 19.018540834595786
2024-07-06 19:28:50,360 - poweroff_2_5_results - INFO - Find_averageEnhancedDis: 0.0
2024-07-06 19:28:50,361 - poweroff_2_5_results - INFO - Find_averageEnhancedCollisionNum: 0.0
2024-07-06 19:28:50,361 - poweroff_2_5_results - INFO - FlyncFind_averageEnhancedSyn: 3.9995179727310286
2024-07-06 19:28:50,361 - poweroff_2_5_results - INFO - FlyncFind_averageEnhancedDis: 0.0
2024-07-06 19:28:50,361 - poweroff_2_5_results - INFO - FlyncFind_averageEnhancedCollisionNum: 0.0
2024-07-06 19:28:50,361 - poweroff_2_5_results - INFO - Pulsar_averageEnhancedSyn: 26.08902010742322
2024-07-06 19:28:50,361 - poweroff_2_5_results - INFO - Pulsar_averageEnhancedDis: 0.43105368678993095
2024-07-06 19:28:50,361 - poweroff_2_5_results - INFO - Pulsar_averageEnhancedCollisionNum: 0.0
2024-07-06 19:29:18,622 - poweroff_2_5_results - INFO - *******************WASHER_TRACE*******************
2024-07-06 19:29:18,623 - poweroff_2_5_results - INFO - Find_averageSyn: 2872133.64
2024-07-06 19:29:18,623 - poweroff_2_5_results - INFO - Find_averageDis: 0.0
2024-07-06 19:29:18,623 - poweroff_2_5_results - INFO - Find_averageCollisionNum: 0.0
2024-07-06 19:29:18,623 - poweroff_2_5_results - INFO - Find_sumCollisionNum: 0
2024-07-06 19:29:18,623 - poweroff_2_5_results - INFO - FlyncFind_averageSyn: 894557.2
2024-07-06 19:29:18,623 - poweroff_2_5_results - INFO - FlyncFind_averageDis: 0.0
2024-07-06 19:29:18,623 - poweroff_2_5_results - INFO - FlyncFind_averageCollisionNum: 0.0
2024-07-06 19:29:18,623 - poweroff_2_5_results - INFO - FlyncFind_sumCollisionNum: 0
2024-07-06 19:29:18,623 - poweroff_2_5_results - INFO - Pulsar_averageSyn: 2683956.12
2024-07-06 19:29:18,623 - poweroff_2_5_results - INFO - Pulsar_averageDis: 48676.0
2024-07-06 19:29:18,623 - poweroff_2_5_results - INFO - Pulsar_averageCollisionNum: 0.0
2024-07-06 19:29:18,623 - poweroff_2_5_results - INFO - Pulsar_sumCollisionNum: 0
2024-07-06 19:29:18,624 - poweroff_2_5_results - INFO - Free_beacon_averageSyn: 193100.26
2024-07-06 19:29:18,624 - poweroff_2_5_results - INFO - Free_beacon_averageDis: 12368.0
2024-07-06 19:29:18,624 - poweroff_2_5_results - INFO - Free_beacon_averageCollisionNum: 0.0
2024-07-06 19:29:18,624 - poweroff_2_5_results - INFO - Free_beacon_sumCollisionNum: 0
2024-07-06 19:29:18,624 - poweroff_2_5_results - INFO - Find_averageEnhancedSyn: 14.873794784118882
2024-07-06 19:29:18,624 - poweroff_2_5_results - INFO - Find_averageEnhancedDis: 0.0
2024-07-06 19:29:18,624 - poweroff_2_5_results - INFO - Find_averageEnhancedCollisionNum: 0.0
2024-07-06 19:29:18,624 - poweroff_2_5_results - INFO - FlyncFind_averageEnhancedSyn: 4.632604844757847
2024-07-06 19:29:18,624 - poweroff_2_5_results - INFO - FlyncFind_averageEnhancedDis: 0.0
2024-07-06 19:29:18,625 - poweroff_2_5_results - INFO - FlyncFind_averageEnhancedCollisionNum: 0.0
2024-07-06 19:29:18,625 - poweroff_2_5_results - INFO - Pulsar_averageEnhancedSyn: 13.899287965743806
2024-07-06 19:29:18,625 - poweroff_2_5_results - INFO - Pulsar_averageEnhancedDis: 3.935640362225097
2024-07-06 19:29:18,625 - poweroff_2_5_results - INFO - Pulsar_averageEnhancedCollisionNum: 0.0
