2024-07-06 20:24:29,528 - poweroff_10_5_results - INFO - *******************STATIC_TRACE*******************
2024-07-06 20:24:29,529 - poweroff_10_5_results - INFO - Find_averageSyn: 45361.176
2024-07-06 20:24:29,529 - poweroff_10_5_results - INFO - Find_averageDis: 0.0
2024-07-06 20:24:29,529 - poweroff_10_5_results - INFO - Find_averageCollisionNum: 4.4
2024-07-06 20:24:29,529 - poweroff_10_5_results - INFO - Find_sumCollisionNum: 44
2024-07-06 20:24:29,529 - poweroff_10_5_results - INFO - FlyncFind_averageSyn: 14155.52
2024-07-06 20:24:29,529 - poweroff_10_5_results - INFO - FlyncFind_averageDis: 0.0
2024-07-06 20:24:29,529 - poweroff_10_5_results - INFO - FlyncFind_averageCollisionNum: 68.4
2024-07-06 20:24:29,529 - poweroff_10_5_results - INFO - FlyncFind_sumCollisionNum: 684
2024-07-06 20:24:29,530 - poweroff_10_5_results - INFO - Pulsar_averageSyn: 35213.312
2024-07-06 20:24:29,530 - poweroff_10_5_results - INFO - Pulsar_averageDis: 8897.4
2024-07-06 20:24:29,530 - poweroff_10_5_results - INFO - Pulsar_averageCollisionNum: 0.5
2024-07-06 20:24:29,530 - poweroff_10_5_results - INFO - Pulsar_sumCollisionNum: 5
2024-07-06 20:24:29,530 - poweroff_10_5_results - INFO - Free_beacon_averageSyn: 1918.504
2024-07-06 20:24:29,530 - poweroff_10_5_results - INFO - Free_beacon_averageDis: 10831.8
2024-07-06 20:24:29,530 - poweroff_10_5_results - INFO - Free_beacon_averageCollisionNum: 3.1
2024-07-06 20:24:29,530 - poweroff_10_5_results - INFO - Free_beacon_sumCollisionNum: 31
2024-07-06 20:24:29,530 - poweroff_10_5_results - INFO - Find_averageEnhancedSyn: 23.644035144049738
2024-07-06 20:24:29,531 - poweroff_10_5_results - INFO - Find_averageEnhancedDis: 0.0
2024-07-06 20:24:29,531 - poweroff_10_5_results - INFO - Find_averageEnhancedCollisionNum: 1.0
2024-07-06 20:24:29,531 - poweroff_10_5_results - INFO - FlyncFind_averageEnhancedSyn: 7.378415682219063
2024-07-06 20:24:29,531 - poweroff_10_5_results - INFO - FlyncFind_averageEnhancedDis: 0.0
2024-07-06 20:24:29,531 - poweroff_10_5_results - INFO - FlyncFind_averageEnhancedCollisionNum: 0.9999999999999997
2024-07-06 20:24:29,531 - poweroff_10_5_results - INFO - Pulsar_averageEnhancedSyn: 18.35456793418205
2024-07-06 20:24:29,532 - poweroff_10_5_results - INFO - Pulsar_averageEnhancedDis: 0.8214147233146846
2024-07-06 20:24:29,532 - poweroff_10_5_results - INFO - Pulsar_averageEnhancedCollisionNum: 1.0
2024-07-06 20:28:01,668 - poweroff_10_5_results - INFO - *******************COMPLEX_TRACE*******************
2024-07-06 20:28:01,668 - poweroff_10_5_results - INFO - Find_averageSyn: 315515.672
2024-07-06 20:28:01,668 - poweroff_10_5_results - INFO - Find_averageDis: 0.0
2024-07-06 20:28:01,668 - poweroff_10_5_results - INFO - Find_averageCollisionNum: 1.8
2024-07-06 20:28:01,668 - poweroff_10_5_results - INFO - Find_sumCollisionNum: 18
2024-07-06 20:28:01,668 - poweroff_10_5_results - INFO - FlyncFind_averageSyn: 41840.56
2024-07-06 20:28:01,668 - poweroff_10_5_results - INFO - FlyncFind_averageDis: 0.0
2024-07-06 20:28:01,669 - poweroff_10_5_results - INFO - FlyncFind_averageCollisionNum: 14.4
2024-07-06 20:28:01,669 - poweroff_10_5_results - INFO - FlyncFind_sumCollisionNum: 144
2024-07-06 20:28:01,669 - poweroff_10_5_results - INFO - Pulsar_averageSyn: 107757.744
2024-07-06 20:28:01,669 - poweroff_10_5_results - INFO - Pulsar_averageDis: 20927.7
2024-07-06 20:28:01,669 - poweroff_10_5_results - INFO - Pulsar_averageCollisionNum: 0.0
2024-07-06 20:28:01,669 - poweroff_10_5_results - INFO - Pulsar_sumCollisionNum: 0
2024-07-06 20:28:01,669 - poweroff_10_5_results - INFO - Free_beacon_averageSyn: 2590.7
2024-07-06 20:28:01,669 - poweroff_10_5_results - INFO - Free_beacon_averageDis: 6440.7
2024-07-06 20:28:01,669 - poweroff_10_5_results - INFO - Free_beacon_averageCollisionNum: 0.0
2024-07-06 20:28:01,669 - poweroff_10_5_results - INFO - Free_beacon_sumCollisionNum: 0
2024-07-06 20:28:01,670 - poweroff_10_5_results - INFO - Find_averageEnhancedSyn: 121.78780715636702
2024-07-06 20:28:01,670 - poweroff_10_5_results - INFO - Find_averageEnhancedDis: 0.0
2024-07-06 20:28:01,670 - poweroff_10_5_results - INFO - Find_averageEnhancedCollisionNum: 1.0
2024-07-06 20:28:01,670 - poweroff_10_5_results - INFO - FlyncFind_averageEnhancedSyn: 16.150291427027444
2024-07-06 20:28:01,670 - poweroff_10_5_results - INFO - FlyncFind_averageEnhancedDis: 0.0
2024-07-06 20:28:01,670 - poweroff_10_5_results - INFO - FlyncFind_averageEnhancedCollisionNum: 1.0
2024-07-06 20:28:01,671 - poweroff_10_5_results - INFO - Pulsar_averageEnhancedSyn: 41.594064924537776
2024-07-06 20:28:01,671 - poweroff_10_5_results - INFO - Pulsar_averageEnhancedDis: 3.2492896734826964
2024-07-06 20:28:01,671 - poweroff_10_5_results - INFO - Pulsar_averageEnhancedCollisionNum: 0.0
2024-07-06 20:29:19,484 - poweroff_10_5_results - INFO - *******************STAIRS_TRACE*******************
2024-07-06 20:29:19,484 - poweroff_10_5_results - INFO - Find_averageSyn: 12575.096
2024-07-06 20:29:19,484 - poweroff_10_5_results - INFO - Find_averageDis: 0.0
2024-07-06 20:29:19,484 - poweroff_10_5_results - INFO - Find_averageCollisionNum: 9.0
2024-07-06 20:29:19,484 - poweroff_10_5_results - INFO - Find_sumCollisionNum: 90
2024-07-06 20:29:19,484 - poweroff_10_5_results - INFO - FlyncFind_averageSyn: 9284.84
2024-07-06 20:29:19,484 - poweroff_10_5_results - INFO - FlyncFind_averageDis: 0.0
2024-07-06 20:29:19,485 - poweroff_10_5_results - INFO - FlyncFind_averageCollisionNum: 278.0
2024-07-06 20:29:19,485 - poweroff_10_5_results - INFO - FlyncFind_sumCollisionNum: 2780
2024-07-06 20:29:19,485 - poweroff_10_5_results - INFO - Pulsar_averageSyn: 6594.084
2024-07-06 20:29:19,485 - poweroff_10_5_results - INFO - Pulsar_averageDis: 6074.1
2024-07-06 20:29:19,485 - poweroff_10_5_results - INFO - Pulsar_averageCollisionNum: 1.1
2024-07-06 20:29:19,485 - poweroff_10_5_results - INFO - Pulsar_sumCollisionNum: 11
2024-07-06 20:29:19,485 - poweroff_10_5_results - INFO - Free_beacon_averageSyn: 130.46
2024-07-06 20:29:19,485 - poweroff_10_5_results - INFO - Free_beacon_averageDis: 2534.1
2024-07-06 20:29:19,485 - poweroff_10_5_results - INFO - Free_beacon_averageCollisionNum: 0.0
2024-07-06 20:29:19,485 - poweroff_10_5_results - INFO - Free_beacon_sumCollisionNum: 0
2024-07-06 20:29:19,486 - poweroff_10_5_results - INFO - Find_averageEnhancedSyn: 96.39043384945576
2024-07-06 20:29:19,486 - poweroff_10_5_results - INFO - Find_averageEnhancedDis: 0.0
2024-07-06 20:29:19,486 - poweroff_10_5_results - INFO - Find_averageEnhancedCollisionNum: 1.0
2024-07-06 20:29:19,486 - poweroff_10_5_results - INFO - FlyncFind_averageEnhancedSyn: 71.17001379733252
2024-07-06 20:29:19,486 - poweroff_10_5_results - INFO - FlyncFind_averageEnhancedDis: 0.0
2024-07-06 20:29:19,486 - poweroff_10_5_results - INFO - FlyncFind_averageEnhancedCollisionNum: 1.0
2024-07-06 20:29:19,487 - poweroff_10_5_results - INFO - Pulsar_averageEnhancedSyn: 50.544871991414986
2024-07-06 20:29:19,487 - poweroff_10_5_results - INFO - Pulsar_averageEnhancedDis: 2.3969456611814848
2024-07-06 20:29:19,487 - poweroff_10_5_results - INFO - Pulsar_averageEnhancedCollisionNum: 1.0
2024-07-06 20:59:13,125 - poweroff_10_5_results - INFO - *******************CARS_TRACE*******************
2024-07-06 20:59:13,125 - poweroff_10_5_results - INFO - Find_averageSyn: 55583203.412
2024-07-06 20:59:13,125 - poweroff_10_5_results - INFO - Find_averageDis: 0.0
2024-07-06 20:59:13,125 - poweroff_10_5_results - INFO - Find_averageCollisionNum: 0.0
2024-07-06 20:59:13,125 - poweroff_10_5_results - INFO - Find_sumCollisionNum: 0
2024-07-06 20:59:13,125 - poweroff_10_5_results - INFO - FlyncFind_averageSyn: 5637525.24
2024-07-06 20:59:13,126 - poweroff_10_5_results - INFO - FlyncFind_averageDis: 0.0
2024-07-06 20:59:13,126 - poweroff_10_5_results - INFO - FlyncFind_averageCollisionNum: 1.0
2024-07-06 20:59:13,126 - poweroff_10_5_results - INFO - FlyncFind_sumCollisionNum: 10
2024-07-06 20:59:13,126 - poweroff_10_5_results - INFO - Pulsar_averageSyn: 3065154.254
2024-07-06 20:59:13,126 - poweroff_10_5_results - INFO - Pulsar_averageDis: 483853.9
2024-07-06 20:59:13,126 - poweroff_10_5_results - INFO - Pulsar_averageCollisionNum: 0.0
2024-07-06 20:59:13,126 - poweroff_10_5_results - INFO - Pulsar_sumCollisionNum: 0
2024-07-06 20:59:13,126 - poweroff_10_5_results - INFO - Free_beacon_averageSyn: 469496.72
2024-07-06 20:59:13,126 - poweroff_10_5_results - INFO - Free_beacon_averageDis: 165632.1
2024-07-06 20:59:13,126 - poweroff_10_5_results - INFO - Free_beacon_averageCollisionNum: 0.0
2024-07-06 20:59:13,126 - poweroff_10_5_results - INFO - Free_beacon_sumCollisionNum: 0
2024-07-06 20:59:13,127 - poweroff_10_5_results - INFO - Find_averageEnhancedSyn: 118.38890676808137
2024-07-06 20:59:13,127 - poweroff_10_5_results - INFO - Find_averageEnhancedDis: 0.0
2024-07-06 20:59:13,127 - poweroff_10_5_results - INFO - Find_averageEnhancedCollisionNum: 0.0
2024-07-06 20:59:13,127 - poweroff_10_5_results - INFO - FlyncFind_averageEnhancedSyn: 12.007592385309955
2024-07-06 20:59:13,127 - poweroff_10_5_results - INFO - FlyncFind_averageEnhancedDis: 0.0
2024-07-06 20:59:13,127 - poweroff_10_5_results - INFO - FlyncFind_averageEnhancedCollisionNum: 1.0
2024-07-06 20:59:13,128 - poweroff_10_5_results - INFO - Pulsar_averageEnhancedSyn: 6.528595671552297
2024-07-06 20:59:13,128 - poweroff_10_5_results - INFO - Pulsar_averageEnhancedDis: 2.9212568095194107
2024-07-06 20:59:13,128 - poweroff_10_5_results - INFO - Pulsar_averageEnhancedCollisionNum: 0.0
2024-07-06 21:03:53,721 - poweroff_10_5_results - INFO - *******************JOGGING_TRACE*******************
2024-07-06 21:03:53,722 - poweroff_10_5_results - INFO - Find_averageSyn: 603639.152
2024-07-06 21:03:53,722 - poweroff_10_5_results - INFO - Find_averageDis: 0.0
2024-07-06 21:03:53,722 - poweroff_10_5_results - INFO - Find_averageCollisionNum: 2.2
2024-07-06 21:03:53,722 - poweroff_10_5_results - INFO - Find_sumCollisionNum: 22
2024-07-06 21:03:53,722 - poweroff_10_5_results - INFO - FlyncFind_averageSyn: 85154.0
2024-07-06 21:03:53,722 - poweroff_10_5_results - INFO - FlyncFind_averageDis: 0.0
2024-07-06 21:03:53,722 - poweroff_10_5_results - INFO - FlyncFind_averageCollisionNum: 8.4
2024-07-06 21:03:53,722 - poweroff_10_5_results - INFO - FlyncFind_sumCollisionNum: 84
2024-07-06 21:03:53,722 - poweroff_10_5_results - INFO - Pulsar_averageSyn: 205962.896
2024-07-06 21:03:53,723 - poweroff_10_5_results - INFO - Pulsar_averageDis: 27691.6
2024-07-06 21:03:53,723 - poweroff_10_5_results - INFO - Pulsar_averageCollisionNum: 0.0
2024-07-06 21:03:53,723 - poweroff_10_5_results - INFO - Pulsar_sumCollisionNum: 0
2024-07-06 21:03:53,723 - poweroff_10_5_results - INFO - Free_beacon_averageSyn: 5303.696
2024-07-06 21:03:53,723 - poweroff_10_5_results - INFO - Free_beacon_averageDis: 14034.6
2024-07-06 21:03:53,723 - poweroff_10_5_results - INFO - Free_beacon_averageCollisionNum: 0.3
2024-07-06 21:03:53,723 - poweroff_10_5_results - INFO - Free_beacon_sumCollisionNum: 3
2024-07-06 21:03:53,723 - poweroff_10_5_results - INFO - Find_averageEnhancedSyn: 113.81480989860655
2024-07-06 21:03:53,723 - poweroff_10_5_results - INFO - Find_averageEnhancedDis: 0.0
2024-07-06 21:03:53,724 - poweroff_10_5_results - INFO - Find_averageEnhancedCollisionNum: 1.0
2024-07-06 21:03:53,724 - poweroff_10_5_results - INFO - FlyncFind_averageEnhancedSyn: 16.055595946675677
2024-07-06 21:03:53,724 - poweroff_10_5_results - INFO - FlyncFind_averageEnhancedDis: 0.0
2024-07-06 21:03:53,724 - poweroff_10_5_results - INFO - FlyncFind_averageEnhancedCollisionNum: 0.9999999999999998
2024-07-06 21:03:53,724 - poweroff_10_5_results - INFO - Pulsar_averageEnhancedSyn: 38.833842663682084
2024-07-06 21:03:53,724 - poweroff_10_5_results - INFO - Pulsar_averageEnhancedDis: 1.9730950650535104
2024-07-06 21:03:53,725 - poweroff_10_5_results - INFO - Pulsar_averageEnhancedCollisionNum: 0.0
2024-07-06 21:05:56,507 - poweroff_10_5_results - INFO - *******************OFFICE_TRACE*******************
2024-07-06 21:05:56,508 - poweroff_10_5_results - INFO - Find_averageSyn: 88207.42
2024-07-06 21:05:56,508 - poweroff_10_5_results - INFO - Find_averageDis: 0.0
2024-07-06 21:05:56,508 - poweroff_10_5_results - INFO - Find_averageCollisionNum: 2.8
2024-07-06 21:05:56,508 - poweroff_10_5_results - INFO - Find_sumCollisionNum: 28
2024-07-06 21:05:56,508 - poweroff_10_5_results - INFO - FlyncFind_averageSyn: 15886.0
2024-07-06 21:05:56,508 - poweroff_10_5_results - INFO - FlyncFind_averageDis: 0.0
2024-07-06 21:05:56,508 - poweroff_10_5_results - INFO - FlyncFind_averageCollisionNum: 29.0
2024-07-06 21:05:56,508 - poweroff_10_5_results - INFO - FlyncFind_sumCollisionNum: 290
2024-07-06 21:05:56,508 - poweroff_10_5_results - INFO - Pulsar_averageSyn: 38459.428
2024-07-06 21:05:56,508 - poweroff_10_5_results - INFO - Pulsar_averageDis: 12199.5
2024-07-06 21:05:56,508 - poweroff_10_5_results - INFO - Pulsar_averageCollisionNum: 0.0
2024-07-06 21:05:56,509 - poweroff_10_5_results - INFO - Pulsar_sumCollisionNum: 0
2024-07-06 21:05:56,509 - poweroff_10_5_results - INFO - Free_beacon_averageSyn: 1573.148
2024-07-06 21:05:56,509 - poweroff_10_5_results - INFO - Free_beacon_averageDis: 5328.9
2024-07-06 21:05:56,509 - poweroff_10_5_results - INFO - Free_beacon_averageCollisionNum: 0.3
2024-07-06 21:05:56,509 - poweroff_10_5_results - INFO - Free_beacon_sumCollisionNum: 3
2024-07-06 21:05:56,509 - poweroff_10_5_results - INFO - Find_averageEnhancedSyn: 56.07064306727657
2024-07-06 21:05:56,509 - poweroff_10_5_results - INFO - Find_averageEnhancedDis: 0.0
2024-07-06 21:05:56,509 - poweroff_10_5_results - INFO - Find_averageEnhancedCollisionNum: 1.0
2024-07-06 21:05:56,510 - poweroff_10_5_results - INFO - FlyncFind_averageEnhancedSyn: 10.098223434794438
2024-07-06 21:05:56,510 - poweroff_10_5_results - INFO - FlyncFind_averageEnhancedDis: 0.0
2024-07-06 21:05:56,510 - poweroff_10_5_results - INFO - FlyncFind_averageEnhancedCollisionNum: 1.0
2024-07-06 21:05:56,510 - poweroff_10_5_results - INFO - Pulsar_averageEnhancedSyn: 24.4474315194756
2024-07-06 21:05:56,510 - poweroff_10_5_results - INFO - Pulsar_averageEnhancedDis: 2.2893092383043405
2024-07-06 21:05:56,510 - poweroff_10_5_results - INFO - Pulsar_averageEnhancedCollisionNum: 0.0
2024-07-06 21:16:04,239 - poweroff_10_5_results - INFO - *******************WASHER_TRACE*******************
2024-07-06 21:16:04,239 - poweroff_10_5_results - INFO - Find_averageSyn: 5422386.632
2024-07-06 21:16:04,239 - poweroff_10_5_results - INFO - Find_averageDis: 0.0
2024-07-06 21:16:04,239 - poweroff_10_5_results - INFO - Find_averageCollisionNum: 0.4
2024-07-06 21:16:04,239 - poweroff_10_5_results - INFO - Find_sumCollisionNum: 4
2024-07-06 21:16:04,240 - poweroff_10_5_results - INFO - FlyncFind_averageSyn: 2730471.92
2024-07-06 21:16:04,240 - poweroff_10_5_results - INFO - FlyncFind_averageDis: 0.0
2024-07-06 21:16:04,240 - poweroff_10_5_results - INFO - FlyncFind_averageCollisionNum: 4.0
2024-07-06 21:16:04,240 - poweroff_10_5_results - INFO - FlyncFind_sumCollisionNum: 40
2024-07-06 21:16:04,240 - poweroff_10_5_results - INFO - Pulsar_averageSyn: 2528236.78
2024-07-06 21:16:04,240 - poweroff_10_5_results - INFO - Pulsar_averageDis: 175020.6
2024-07-06 21:16:04,240 - poweroff_10_5_results - INFO - Pulsar_averageCollisionNum: 0.2
2024-07-06 21:16:04,240 - poweroff_10_5_results - INFO - Pulsar_sumCollisionNum: 2
2024-07-06 21:16:04,240 - poweroff_10_5_results - INFO - Free_beacon_averageSyn: 158863.064
2024-07-06 21:16:04,240 - poweroff_10_5_results - INFO - Free_beacon_averageDis: 129570.0
2024-07-06 21:16:04,240 - poweroff_10_5_results - INFO - Free_beacon_averageCollisionNum: 0.0
2024-07-06 21:16:04,241 - poweroff_10_5_results - INFO - Free_beacon_sumCollisionNum: 0
2024-07-06 21:16:04,241 - poweroff_10_5_results - INFO - Find_averageEnhancedSyn: 34.13245656649301
2024-07-06 21:16:04,241 - poweroff_10_5_results - INFO - Find_averageEnhancedDis: 0.0
2024-07-06 21:16:04,241 - poweroff_10_5_results - INFO - Find_averageEnhancedCollisionNum: 1.0
2024-07-06 21:16:04,241 - poweroff_10_5_results - INFO - FlyncFind_averageEnhancedSyn: 17.187581878692708
2024-07-06 21:16:04,241 - poweroff_10_5_results - INFO - FlyncFind_averageEnhancedDis: 0.0
2024-07-06 21:16:04,242 - poweroff_10_5_results - INFO - FlyncFind_averageEnhancedCollisionNum: 1.0
2024-07-06 21:16:04,242 - poweroff_10_5_results - INFO - Pulsar_averageEnhancedSyn: 15.914566396629487
2024-07-06 21:16:04,242 - poweroff_10_5_results - INFO - Pulsar_averageEnhancedDis: 1.3507802732113916
2024-07-06 21:16:04,242 - poweroff_10_5_results - INFO - Pulsar_averageEnhancedCollisionNum: 1.0
