2024-07-06 22:20:44,121 - poweroff_10_20_results - INFO - *******************STATIC_TRACE*******************
2024-07-06 22:20:44,122 - poweroff_10_20_results - INFO - Find_averageSyn: 48997.692
2024-07-06 22:20:44,122 - poweroff_10_20_results - INFO - Find_averageDis: 0.0
2024-07-06 22:20:44,122 - poweroff_10_20_results - INFO - Find_averageCollisionNum: 3.4
2024-07-06 22:20:44,122 - poweroff_10_20_results - INFO - Find_sumCollisionNum: 34
2024-07-06 22:20:44,122 - poweroff_10_20_results - INFO - FlyncFind_averageSyn: 10310.96
2024-07-06 22:20:44,122 - poweroff_10_20_results - INFO - FlyncFind_averageDis: 0.0
2024-07-06 22:20:44,122 - poweroff_10_20_results - INFO - FlyncFind_averageCollisionNum: 50.0
2024-07-06 22:20:44,122 - poweroff_10_20_results - INFO - FlyncFind_sumCollisionNum: 500
2024-07-06 22:20:44,122 - poweroff_10_20_results - INFO - Pulsar_averageSyn: 23918.492
2024-07-06 22:20:44,122 - poweroff_10_20_results - INFO - Pulsar_averageDis: 9206.5
2024-07-06 22:20:44,123 - poweroff_10_20_results - INFO - Pulsar_averageCollisionNum: 0.2
2024-07-06 22:20:44,123 - poweroff_10_20_results - INFO - Pulsar_sumCollisionNum: 2
2024-07-06 22:20:44,123 - poweroff_10_20_results - INFO - Free_beacon_averageSyn: 1100.828
2024-07-06 22:20:44,123 - poweroff_10_20_results - INFO - Free_beacon_averageDis: 5787.9
2024-07-06 22:20:44,123 - poweroff_10_20_results - INFO - Free_beacon_averageCollisionNum: 0.0
2024-07-06 22:20:44,123 - poweroff_10_20_results - INFO - Free_beacon_sumCollisionNum: 0
2024-07-06 22:20:44,123 - poweroff_10_20_results - INFO - Find_averageEnhancedSyn: 44.509852583691554
2024-07-06 22:20:44,123 - poweroff_10_20_results - INFO - Find_averageEnhancedDis: 0.0
2024-07-06 22:20:44,124 - poweroff_10_20_results - INFO - Find_averageEnhancedCollisionNum: 1.0
2024-07-06 22:20:44,124 - poweroff_10_20_results - INFO - FlyncFind_averageEnhancedSyn: 9.366549542707853
2024-07-06 22:20:44,124 - poweroff_10_20_results - INFO - FlyncFind_averageEnhancedDis: 0.0
2024-07-06 22:20:44,124 - poweroff_10_20_results - INFO - FlyncFind_averageEnhancedCollisionNum: 1.0
2024-07-06 22:20:44,124 - poweroff_10_20_results - INFO - Pulsar_averageEnhancedSyn: 21.727728582485184
2024-07-06 22:20:44,124 - poweroff_10_20_results - INFO - Pulsar_averageEnhancedDis: 1.5906460028680525
2024-07-06 22:20:44,125 - poweroff_10_20_results - INFO - Pulsar_averageEnhancedCollisionNum: 1.0
2024-07-06 22:24:32,978 - poweroff_10_20_results - INFO - *******************COMPLEX_TRACE*******************
2024-07-06 22:24:32,979 - poweroff_10_20_results - INFO - Find_averageSyn: 365900.084
2024-07-06 22:24:32,979 - poweroff_10_20_results - INFO - Find_averageDis: 0.0
2024-07-06 22:24:32,979 - poweroff_10_20_results - INFO - Find_averageCollisionNum: 2.2
2024-07-06 22:24:32,979 - poweroff_10_20_results - INFO - Find_sumCollisionNum: 22
2024-07-06 22:24:32,979 - poweroff_10_20_results - INFO - FlyncFind_averageSyn: 48761.48
2024-07-06 22:24:32,979 - poweroff_10_20_results - INFO - FlyncFind_averageDis: 0.0
2024-07-06 22:24:32,979 - poweroff_10_20_results - INFO - FlyncFind_averageCollisionNum: 17.4
2024-07-06 22:24:32,979 - poweroff_10_20_results - INFO - FlyncFind_sumCollisionNum: 174
2024-07-06 22:24:32,979 - poweroff_10_20_results - INFO - Pulsar_averageSyn: 108980.592
2024-07-06 22:24:32,979 - poweroff_10_20_results - INFO - Pulsar_averageDis: 23013.6
2024-07-06 22:24:32,980 - poweroff_10_20_results - INFO - Pulsar_averageCollisionNum: 0.6
2024-07-06 22:24:32,980 - poweroff_10_20_results - INFO - Pulsar_sumCollisionNum: 6
2024-07-06 22:24:32,980 - poweroff_10_20_results - INFO - Free_beacon_averageSyn: 3646.44
2024-07-06 22:24:32,980 - poweroff_10_20_results - INFO - Free_beacon_averageDis: 8139.5
2024-07-06 22:24:32,980 - poweroff_10_20_results - INFO - Free_beacon_averageCollisionNum: 0.0
2024-07-06 22:24:32,980 - poweroff_10_20_results - INFO - Free_beacon_sumCollisionNum: 0
2024-07-06 22:24:32,980 - poweroff_10_20_results - INFO - Find_averageEnhancedSyn: 100.34446857757155
2024-07-06 22:24:32,980 - poweroff_10_20_results - INFO - Find_averageEnhancedDis: 0.0
2024-07-06 22:24:32,980 - poweroff_10_20_results - INFO - Find_averageEnhancedCollisionNum: 1.0
2024-07-06 22:24:32,981 - poweroff_10_20_results - INFO - FlyncFind_averageEnhancedSyn: 13.372352212020491
2024-07-06 22:24:32,981 - poweroff_10_20_results - INFO - FlyncFind_averageEnhancedDis: 0.0
2024-07-06 22:24:32,981 - poweroff_10_20_results - INFO - FlyncFind_averageEnhancedCollisionNum: 1.0000000000000002
2024-07-06 22:24:32,981 - poweroff_10_20_results - INFO - Pulsar_averageEnhancedSyn: 29.886846348767566
2024-07-06 22:24:32,981 - poweroff_10_20_results - INFO - Pulsar_averageEnhancedDis: 2.8273972602739725
2024-07-06 22:24:32,981 - poweroff_10_20_results - INFO - Pulsar_averageEnhancedCollisionNum: 1.0
2024-07-06 22:25:41,519 - poweroff_10_20_results - INFO - *******************STAIRS_TRACE*******************
2024-07-06 22:25:41,519 - poweroff_10_20_results - INFO - Find_averageSyn: 13759.056
2024-07-06 22:25:41,519 - poweroff_10_20_results - INFO - Find_averageDis: 0.0
2024-07-06 22:25:41,520 - poweroff_10_20_results - INFO - Find_averageCollisionNum: 5.6
2024-07-06 22:25:41,520 - poweroff_10_20_results - INFO - Find_sumCollisionNum: 56
2024-07-06 22:25:41,520 - poweroff_10_20_results - INFO - FlyncFind_averageSyn: 6115.416
2024-07-06 22:25:41,520 - poweroff_10_20_results - INFO - FlyncFind_averageDis: 0.0
2024-07-06 22:25:41,520 - poweroff_10_20_results - INFO - FlyncFind_averageCollisionNum: 163.0
2024-07-06 22:25:41,520 - poweroff_10_20_results - INFO - FlyncFind_sumCollisionNum: 1630
2024-07-06 22:25:41,520 - poweroff_10_20_results - INFO - Pulsar_averageSyn: 5032.76
2024-07-06 22:25:41,520 - poweroff_10_20_results - INFO - Pulsar_averageDis: 6965.0
2024-07-06 22:25:41,520 - poweroff_10_20_results - INFO - Pulsar_averageCollisionNum: 0.9
2024-07-06 22:25:41,520 - poweroff_10_20_results - INFO - Pulsar_sumCollisionNum: 9
2024-07-06 22:25:41,521 - poweroff_10_20_results - INFO - Free_beacon_averageSyn: 134.948
2024-07-06 22:25:41,521 - poweroff_10_20_results - INFO - Free_beacon_averageDis: 2911.5
2024-07-06 22:25:41,521 - poweroff_10_20_results - INFO - Free_beacon_averageCollisionNum: 0.7
2024-07-06 22:25:41,521 - poweroff_10_20_results - INFO - Free_beacon_sumCollisionNum: 7
2024-07-06 22:25:41,521 - poweroff_10_20_results - INFO - Find_averageEnhancedSyn: 101.9582061238403
2024-07-06 22:25:41,521 - poweroff_10_20_results - INFO - Find_averageEnhancedDis: 0.0
2024-07-06 22:25:41,521 - poweroff_10_20_results - INFO - Find_averageEnhancedCollisionNum: 1.0
2024-07-06 22:25:41,522 - poweroff_10_20_results - INFO - FlyncFind_averageEnhancedSyn: 45.31683315054688
2024-07-06 22:25:41,522 - poweroff_10_20_results - INFO - FlyncFind_averageEnhancedDis: 0.0
2024-07-06 22:25:41,522 - poweroff_10_20_results - INFO - FlyncFind_averageEnhancedCollisionNum: 1.0
2024-07-06 22:25:41,522 - poweroff_10_20_results - INFO - Pulsar_averageEnhancedSyn: 37.29406882651095
2024-07-06 22:25:41,522 - poweroff_10_20_results - INFO - Pulsar_averageEnhancedDis: 2.392237678172763
2024-07-06 22:25:41,522 - poweroff_10_20_results - INFO - Pulsar_averageEnhancedCollisionNum: 1.0
2024-07-06 22:57:04,416 - poweroff_10_20_results - INFO - *******************CARS_TRACE*******************
2024-07-06 22:57:04,416 - poweroff_10_20_results - INFO - Find_averageSyn: 63540842.04
2024-07-06 22:57:04,416 - poweroff_10_20_results - INFO - Find_averageDis: 0.0
2024-07-06 22:57:04,416 - poweroff_10_20_results - INFO - Find_averageCollisionNum: 0.0
2024-07-06 22:57:04,416 - poweroff_10_20_results - INFO - Find_sumCollisionNum: 0
2024-07-06 22:57:04,416 - poweroff_10_20_results - INFO - FlyncFind_averageSyn: 6636571.28
2024-07-06 22:57:04,417 - poweroff_10_20_results - INFO - FlyncFind_averageDis: 0.0
2024-07-06 22:57:04,417 - poweroff_10_20_results - INFO - FlyncFind_averageCollisionNum: 1.0
2024-07-06 22:57:04,417 - poweroff_10_20_results - INFO - FlyncFind_sumCollisionNum: 10
2024-07-06 22:57:04,417 - poweroff_10_20_results - INFO - Pulsar_averageSyn: 3193010.406
2024-07-06 22:57:04,417 - poweroff_10_20_results - INFO - Pulsar_averageDis: 313334.5
2024-07-06 22:57:04,417 - poweroff_10_20_results - INFO - Pulsar_averageCollisionNum: 0.0
2024-07-06 22:57:04,417 - poweroff_10_20_results - INFO - Pulsar_sumCollisionNum: 0
2024-07-06 22:57:04,417 - poweroff_10_20_results - INFO - Free_beacon_averageSyn: 569413.778
2024-07-06 22:57:04,417 - poweroff_10_20_results - INFO - Free_beacon_averageDis: 165616.8
2024-07-06 22:57:04,417 - poweroff_10_20_results - INFO - Free_beacon_averageCollisionNum: 0.0
2024-07-06 22:57:04,417 - poweroff_10_20_results - INFO - Free_beacon_sumCollisionNum: 0
2024-07-06 22:57:04,418 - poweroff_10_20_results - INFO - Find_averageEnhancedSyn: 111.58992721106934
2024-07-06 22:57:04,418 - poweroff_10_20_results - INFO - Find_averageEnhancedDis: 0.0
2024-07-06 22:57:04,418 - poweroff_10_20_results - INFO - Find_averageEnhancedCollisionNum: 0.0
2024-07-06 22:57:04,418 - poweroff_10_20_results - INFO - FlyncFind_averageEnhancedSyn: 11.655094302969255
2024-07-06 22:57:04,418 - poweroff_10_20_results - INFO - FlyncFind_averageEnhancedDis: 0.0
2024-07-06 22:57:04,418 - poweroff_10_20_results - INFO - FlyncFind_averageEnhancedCollisionNum: 1.0
2024-07-06 22:57:04,419 - poweroff_10_20_results - INFO - Pulsar_averageEnhancedSyn: 5.607539770490063
2024-07-06 22:57:04,419 - poweroff_10_20_results - INFO - Pulsar_averageEnhancedDis: 1.8919246115128419
2024-07-06 22:57:04,419 - poweroff_10_20_results - INFO - Pulsar_averageEnhancedCollisionNum: 0.0
2024-07-06 23:02:12,053 - poweroff_10_20_results - INFO - *******************JOGGING_TRACE*******************
2024-07-06 23:02:12,054 - poweroff_10_20_results - INFO - Find_averageSyn: 712980.304
2024-07-06 23:02:12,054 - poweroff_10_20_results - INFO - Find_averageDis: 0.0
2024-07-06 23:02:12,054 - poweroff_10_20_results - INFO - Find_averageCollisionNum: 0.6
2024-07-06 23:02:12,054 - poweroff_10_20_results - INFO - Find_sumCollisionNum: 6
2024-07-06 23:02:12,054 - poweroff_10_20_results - INFO - FlyncFind_averageSyn: 89894.12
2024-07-06 23:02:12,054 - poweroff_10_20_results - INFO - FlyncFind_averageDis: 0.0
2024-07-06 23:02:12,054 - poweroff_10_20_results - INFO - FlyncFind_averageCollisionNum: 8.4
2024-07-06 23:02:12,054 - poweroff_10_20_results - INFO - FlyncFind_sumCollisionNum: 84
2024-07-06 23:02:12,054 - poweroff_10_20_results - INFO - Pulsar_averageSyn: 252736.56
2024-07-06 23:02:12,055 - poweroff_10_20_results - INFO - Pulsar_averageDis: 30878.4
2024-07-06 23:02:12,055 - poweroff_10_20_results - INFO - Pulsar_averageCollisionNum: 0.2
2024-07-06 23:02:12,055 - poweroff_10_20_results - INFO - Pulsar_sumCollisionNum: 2
2024-07-06 23:02:12,055 - poweroff_10_20_results - INFO - Free_beacon_averageSyn: 6955.484
2024-07-06 23:02:12,055 - poweroff_10_20_results - INFO - Free_beacon_averageDis: 13152.3
2024-07-06 23:02:12,055 - poweroff_10_20_results - INFO - Free_beacon_averageCollisionNum: 0.0
2024-07-06 23:02:12,055 - poweroff_10_20_results - INFO - Free_beacon_sumCollisionNum: 0
2024-07-06 23:02:12,055 - poweroff_10_20_results - INFO - Find_averageEnhancedSyn: 102.50621006388627
2024-07-06 23:02:12,055 - poweroff_10_20_results - INFO - Find_averageEnhancedDis: 0.0
2024-07-06 23:02:12,056 - poweroff_10_20_results - INFO - Find_averageEnhancedCollisionNum: 1.0
2024-07-06 23:02:12,056 - poweroff_10_20_results - INFO - FlyncFind_averageEnhancedSyn: 12.924207718686434
2024-07-06 23:02:12,056 - poweroff_10_20_results - INFO - FlyncFind_averageEnhancedDis: 0.0
2024-07-06 23:02:12,056 - poweroff_10_20_results - INFO - FlyncFind_averageEnhancedCollisionNum: 0.9999999999999998
2024-07-06 23:02:12,056 - poweroff_10_20_results - INFO - Pulsar_averageEnhancedSyn: 36.33630096769686
2024-07-06 23:02:12,056 - poweroff_10_20_results - INFO - Pulsar_averageEnhancedDis: 2.3477566661344405
2024-07-06 23:02:12,057 - poweroff_10_20_results - INFO - Pulsar_averageEnhancedCollisionNum: 1.0
2024-07-06 23:04:18,299 - poweroff_10_20_results - INFO - *******************OFFICE_TRACE*******************
2024-07-06 23:04:18,300 - poweroff_10_20_results - INFO - Find_averageSyn: 97132.092
2024-07-06 23:04:18,300 - poweroff_10_20_results - INFO - Find_averageDis: 0.0
2024-07-06 23:04:18,300 - poweroff_10_20_results - INFO - Find_averageCollisionNum: 2.4
2024-07-06 23:04:18,300 - poweroff_10_20_results - INFO - Find_sumCollisionNum: 24
2024-07-06 23:04:18,300 - poweroff_10_20_results - INFO - FlyncFind_averageSyn: 17812.28
2024-07-06 23:04:18,300 - poweroff_10_20_results - INFO - FlyncFind_averageDis: 0.0
2024-07-06 23:04:18,300 - poweroff_10_20_results - INFO - FlyncFind_averageCollisionNum: 29.8
2024-07-06 23:04:18,300 - poweroff_10_20_results - INFO - FlyncFind_sumCollisionNum: 298
2024-07-06 23:04:18,301 - poweroff_10_20_results - INFO - Pulsar_averageSyn: 36053.292
2024-07-06 23:04:18,301 - poweroff_10_20_results - INFO - Pulsar_averageDis: 10439.7
2024-07-06 23:04:18,301 - poweroff_10_20_results - INFO - Pulsar_averageCollisionNum: 0.2
2024-07-06 23:04:18,301 - poweroff_10_20_results - INFO - Pulsar_sumCollisionNum: 2
2024-07-06 23:04:18,301 - poweroff_10_20_results - INFO - Free_beacon_averageSyn: 1733.288
2024-07-06 23:04:18,301 - poweroff_10_20_results - INFO - Free_beacon_averageDis: 4813.8
2024-07-06 23:04:18,301 - poweroff_10_20_results - INFO - Free_beacon_averageCollisionNum: 0.0
2024-07-06 23:04:18,301 - poweroff_10_20_results - INFO - Free_beacon_sumCollisionNum: 0
2024-07-06 23:04:18,301 - poweroff_10_20_results - INFO - Find_averageEnhancedSyn: 56.03921102551913
2024-07-06 23:04:18,302 - poweroff_10_20_results - INFO - Find_averageEnhancedDis: 0.0
2024-07-06 23:04:18,302 - poweroff_10_20_results - INFO - Find_averageEnhancedCollisionNum: 1.0000000000000002
2024-07-06 23:04:18,302 - poweroff_10_20_results - INFO - FlyncFind_averageEnhancedSyn: 10.276584156816408
2024-07-06 23:04:18,302 - poweroff_10_20_results - INFO - FlyncFind_averageEnhancedDis: 0.0
2024-07-06 23:04:18,302 - poweroff_10_20_results - INFO - FlyncFind_averageEnhancedCollisionNum: 1.0
2024-07-06 23:04:18,302 - poweroff_10_20_results - INFO - Pulsar_averageEnhancedSyn: 20.800520167450532
2024-07-06 23:04:18,303 - poweroff_10_20_results - INFO - Pulsar_averageEnhancedDis: 2.1687024803689394
2024-07-06 23:04:18,303 - poweroff_10_20_results - INFO - Pulsar_averageEnhancedCollisionNum: 1.0
2024-07-06 23:14:58,774 - poweroff_10_20_results - INFO - *******************WASHER_TRACE*******************
2024-07-06 23:14:58,774 - poweroff_10_20_results - INFO - Find_averageSyn: 5345712.328
2024-07-06 23:14:58,774 - poweroff_10_20_results - INFO - Find_averageDis: 0.0
2024-07-06 23:14:58,774 - poweroff_10_20_results - INFO - Find_averageCollisionNum: 1.4
2024-07-06 23:14:58,775 - poweroff_10_20_results - INFO - Find_sumCollisionNum: 14
2024-07-06 23:14:58,775 - poweroff_10_20_results - INFO - FlyncFind_averageSyn: 2644196.2
2024-07-06 23:14:58,775 - poweroff_10_20_results - INFO - FlyncFind_averageDis: 0.0
2024-07-06 23:14:58,775 - poweroff_10_20_results - INFO - FlyncFind_averageCollisionNum: 3.4
2024-07-06 23:14:58,775 - poweroff_10_20_results - INFO - FlyncFind_sumCollisionNum: 34
2024-07-06 23:14:58,775 - poweroff_10_20_results - INFO - Pulsar_averageSyn: 2545787.534
2024-07-06 23:14:58,775 - poweroff_10_20_results - INFO - Pulsar_averageDis: 189529.8
2024-07-06 23:14:58,775 - poweroff_10_20_results - INFO - Pulsar_averageCollisionNum: 0.0
2024-07-06 23:14:58,775 - poweroff_10_20_results - INFO - Pulsar_sumCollisionNum: 0
2024-07-06 23:14:58,775 - poweroff_10_20_results - INFO - Free_beacon_averageSyn: 209040.128
2024-07-06 23:14:58,776 - poweroff_10_20_results - INFO - Free_beacon_averageDis: 93717.0
2024-07-06 23:14:58,776 - poweroff_10_20_results - INFO - Free_beacon_averageCollisionNum: 0.0
2024-07-06 23:14:58,776 - poweroff_10_20_results - INFO - Free_beacon_sumCollisionNum: 0
2024-07-06 23:14:58,776 - poweroff_10_20_results - INFO - Find_averageEnhancedSyn: 25.5726609964571
2024-07-06 23:14:58,776 - poweroff_10_20_results - INFO - Find_averageEnhancedDis: 0.0
2024-07-06 23:14:58,776 - poweroff_10_20_results - INFO - Find_averageEnhancedCollisionNum: 0.9999999999999998
2024-07-06 23:14:58,776 - poweroff_10_20_results - INFO - FlyncFind_averageEnhancedSyn: 12.649227807591087
2024-07-06 23:14:58,777 - poweroff_10_20_results - INFO - FlyncFind_averageEnhancedDis: 0.0
2024-07-06 23:14:58,777 - poweroff_10_20_results - INFO - FlyncFind_averageEnhancedCollisionNum: 1.0
2024-07-06 23:14:58,777 - poweroff_10_20_results - INFO - Pulsar_averageEnhancedSyn: 12.178463333126164
2024-07-06 23:14:58,777 - poweroff_10_20_results - INFO - Pulsar_averageEnhancedDis: 2.0223630718012737
2024-07-06 23:14:58,777 - poweroff_10_20_results - INFO - Pulsar_averageEnhancedCollisionNum: 0.0
