2024-07-08 15:11:22,392 - poweroff_50_5_results - INFO - *******************STATIC_TRACE*******************
2024-07-08 15:11:22,393 - poweroff_50_5_results - INFO - Find_averageSyn: 271946.7944
2024-07-08 15:11:22,393 - poweroff_50_5_results - INFO - Find_averageDis: 0.0
2024-07-08 15:11:22,393 - poweroff_50_5_results - INFO - Find_averageCollisionNum: 27.56
2024-07-08 15:11:22,393 - poweroff_50_5_results - INFO - Find_sumCollisionNum: 1378
2024-07-08 15:11:22,393 - poweroff_50_5_results - INFO - FlyncFind_averageSyn: 1470217.232
2024-07-08 15:11:22,393 - poweroff_50_5_results - INFO - FlyncFind_averageDis: 0.0
2024-07-08 15:11:22,393 - poweroff_50_5_results - INFO - FlyncFind_averageCollisionNum: 3970.76
2024-07-08 15:11:22,394 - poweroff_50_5_results - INFO - FlyncFind_sumCollisionNum: 198538
2024-07-08 15:11:22,394 - poweroff_50_5_results - INFO - Pulsar_averageSyn: 38040.2616
2024-07-08 15:11:22,394 - poweroff_50_5_results - INFO - Pulsar_averageDis: 394707.26
2024-07-08 15:11:22,394 - poweroff_50_5_results - INFO - Pulsar_averageCollisionNum: 4.12
2024-07-08 15:11:22,394 - poweroff_50_5_results - INFO - Pulsar_sumCollisionNum: 206
2024-07-08 15:11:22,394 - poweroff_50_5_results - INFO - Free_beacon_averageSyn: 1844.428
2024-07-08 15:11:22,394 - poweroff_50_5_results - INFO - Free_beacon_averageDis: 40730.68
2024-07-08 15:11:22,395 - poweroff_50_5_results - INFO - Free_beacon_averageCollisionNum: 5.22
2024-07-08 15:11:22,395 - poweroff_50_5_results - INFO - Free_beacon_sumCollisionNum: 261
2024-07-08 15:11:22,395 - poweroff_50_5_results - INFO - Find_averageEnhancedSyn: 147.44234765466584
2024-07-08 15:11:22,395 - poweroff_50_5_results - INFO - Find_averageEnhancedDis: 0.0
2024-07-08 15:11:22,396 - poweroff_50_5_results - INFO - Find_averageEnhancedCollisionNum: 1.0000000000000002
2024-07-08 15:11:22,396 - poweroff_50_5_results - INFO - FlyncFind_averageEnhancedSyn: 797.1128349819022
2024-07-08 15:11:22,396 - poweroff_50_5_results - INFO - FlyncFind_averageEnhancedDis: 0.0
2024-07-08 15:11:22,397 - poweroff_50_5_results - INFO - FlyncFind_averageEnhancedCollisionNum: 1.0
2024-07-08 15:11:22,397 - poweroff_50_5_results - INFO - Pulsar_averageEnhancedSyn: 20.624422097257252
2024-07-08 15:11:22,397 - poweroff_50_5_results - INFO - Pulsar_averageEnhancedDis: 9.69066217406633
2024-07-08 15:11:22,398 - poweroff_50_5_results - INFO - Pulsar_averageEnhancedCollisionNum: 1.0
2024-07-08 17:15:05,827 - poweroff_50_5_results - INFO - *******************COMPLEX_TRACE*******************
2024-07-08 17:15:05,828 - poweroff_50_5_results - INFO - Find_averageSyn: 1557375.3408
2024-07-08 17:15:05,828 - poweroff_50_5_results - INFO - Find_averageDis: 0.0
2024-07-08 17:15:05,828 - poweroff_50_5_results - INFO - Find_averageCollisionNum: 8.0
2024-07-08 17:15:05,828 - poweroff_50_5_results - INFO - Find_sumCollisionNum: 400
2024-07-08 17:15:05,828 - poweroff_50_5_results - INFO - FlyncFind_averageSyn: 650802.072
2024-07-08 17:15:05,828 - poweroff_50_5_results - INFO - FlyncFind_averageDis: 0.0
2024-07-08 17:15:05,828 - poweroff_50_5_results - INFO - FlyncFind_averageCollisionNum: 172.44
2024-07-08 17:15:05,829 - poweroff_50_5_results - INFO - FlyncFind_sumCollisionNum: 8622
2024-07-08 17:15:05,829 - poweroff_50_5_results - INFO - Pulsar_averageSyn: 163348.9464
2024-07-08 17:15:05,829 - poweroff_50_5_results - INFO - Pulsar_averageDis: 728671.78
2024-07-08 17:15:05,829 - poweroff_50_5_results - INFO - Pulsar_averageCollisionNum: 0.92
2024-07-08 17:15:05,829 - poweroff_50_5_results - INFO - Pulsar_sumCollisionNum: 46
2024-07-08 17:15:05,829 - poweroff_50_5_results - INFO - Free_beacon_averageSyn: 3189.0496
2024-07-08 17:15:05,829 - poweroff_50_5_results - INFO - Free_beacon_averageDis: 49405.24
2024-07-08 17:15:05,830 - poweroff_50_5_results - INFO - Free_beacon_averageCollisionNum: 0.38
2024-07-08 17:15:05,830 - poweroff_50_5_results - INFO - Free_beacon_sumCollisionNum: 19
2024-07-08 17:15:05,830 - poweroff_50_5_results - INFO - Find_averageEnhancedSyn: 488.35093088549013
2024-07-08 17:15:05,830 - poweroff_50_5_results - INFO - Find_averageEnhancedDis: 0.0
2024-07-08 17:15:05,831 - poweroff_50_5_results - INFO - Find_averageEnhancedCollisionNum: 1.0
2024-07-08 17:15:05,831 - poweroff_50_5_results - INFO - FlyncFind_averageEnhancedSyn: 204.0739886892948
2024-07-08 17:15:05,832 - poweroff_50_5_results - INFO - FlyncFind_averageEnhancedDis: 0.0
2024-07-08 17:15:05,832 - poweroff_50_5_results - INFO - FlyncFind_averageEnhancedCollisionNum: 1.0000000000000002
2024-07-08 17:15:05,832 - poweroff_50_5_results - INFO - Pulsar_averageEnhancedSyn: 51.221826841451445
2024-07-08 17:15:05,833 - poweroff_50_5_results - INFO - Pulsar_averageEnhancedDis: 14.748876434969247
2024-07-08 17:15:05,833 - poweroff_50_5_results - INFO - Pulsar_averageEnhancedCollisionNum: 0.9999999999999999
2024-07-09 02:31:44,523 - poweroff_50_5_results - INFO - *******************STAIRS_TRACE*******************
2024-07-09 02:31:44,524 - poweroff_50_5_results - INFO - Find_averageSyn: 104793.9752
2024-07-09 02:31:44,524 - poweroff_50_5_results - INFO - Find_averageDis: 0.0
2024-07-09 02:31:44,524 - poweroff_50_5_results - INFO - Find_averageCollisionNum: 68.76
2024-07-09 02:31:44,524 - poweroff_50_5_results - INFO - Find_sumCollisionNum: 3438
2024-07-09 02:31:44,524 - poweroff_50_5_results - INFO - FlyncFind_averageSyn: 3219451.3488
2024-07-09 02:31:44,524 - poweroff_50_5_results - INFO - FlyncFind_averageDis: 0.0
2024-07-09 02:31:44,524 - poweroff_50_5_results - INFO - FlyncFind_averageCollisionNum: 15232.56
2024-07-09 02:31:44,524 - poweroff_50_5_results - INFO - FlyncFind_sumCollisionNum: 761628
2024-07-09 02:31:44,525 - poweroff_50_5_results - INFO - Pulsar_averageSyn: 19939.6704
2024-07-09 02:31:44,525 - poweroff_50_5_results - INFO - Pulsar_averageDis: 311414.5
2024-07-09 02:31:44,525 - poweroff_50_5_results - INFO - Pulsar_averageCollisionNum: 3.04
2024-07-09 02:31:44,525 - poweroff_50_5_results - INFO - Pulsar_sumCollisionNum: 152
2024-07-09 02:31:44,525 - poweroff_50_5_results - INFO - Free_beacon_averageSyn: 241.528
2024-07-09 02:31:44,525 - poweroff_50_5_results - INFO - Free_beacon_averageDis: 41756.58
2024-07-09 02:31:44,525 - poweroff_50_5_results - INFO - Free_beacon_averageCollisionNum: 8.28
2024-07-09 02:31:44,525 - poweroff_50_5_results - INFO - Free_beacon_sumCollisionNum: 414
2024-07-09 02:31:44,526 - poweroff_50_5_results - INFO - Find_averageEnhancedSyn: 433.8791990990693
2024-07-09 02:31:44,526 - poweroff_50_5_results - INFO - Find_averageEnhancedDis: 0.0
2024-07-09 02:31:44,526 - poweroff_50_5_results - INFO - Find_averageEnhancedCollisionNum: 0.9999999999999999
2024-07-09 02:31:44,526 - poweroff_50_5_results - INFO - FlyncFind_averageEnhancedSyn: 13329.516034579841
2024-07-09 02:31:44,527 - poweroff_50_5_results - INFO - FlyncFind_averageEnhancedDis: 0.0
2024-07-09 02:31:44,527 - poweroff_50_5_results - INFO - FlyncFind_averageEnhancedCollisionNum: 1.0000000000000002
2024-07-09 02:31:44,527 - poweroff_50_5_results - INFO - Pulsar_averageEnhancedSyn: 82.55635123049916
2024-07-09 02:31:44,527 - poweroff_50_5_results - INFO - Pulsar_averageEnhancedDis: 7.457854546516979
2024-07-09 02:31:44,527 - poweroff_50_5_results - INFO - Pulsar_averageEnhancedCollisionNum: 1.0
2024-07-09 15:15:53,520 - poweroff_50_5_results - INFO - *******************CARS_TRACE*******************
2024-07-09 15:15:53,520 - poweroff_50_5_results - INFO - Find_averageSyn: 252450222.2464
2024-07-09 15:15:53,521 - poweroff_50_5_results - INFO - Find_averageDis: 0.0
2024-07-09 15:15:53,521 - poweroff_50_5_results - INFO - Find_averageCollisionNum: 0.44
2024-07-09 15:15:53,521 - poweroff_50_5_results - INFO - Find_sumCollisionNum: 22
2024-07-09 15:15:53,521 - poweroff_50_5_results - INFO - FlyncFind_averageSyn: 23447594.032
2024-07-09 15:15:53,521 - poweroff_50_5_results - INFO - FlyncFind_averageDis: 0.0
2024-07-09 15:15:53,521 - poweroff_50_5_results - INFO - FlyncFind_averageCollisionNum: 6.28
2024-07-09 15:15:53,521 - poweroff_50_5_results - INFO - FlyncFind_sumCollisionNum: 314
2024-07-09 15:15:53,522 - poweroff_50_5_results - INFO - Pulsar_averageSyn: 2846720.1564
2024-07-09 15:15:53,522 - poweroff_50_5_results - INFO - Pulsar_averageDis: 5253917.24
2024-07-09 15:15:53,522 - poweroff_50_5_results - INFO - Pulsar_averageCollisionNum: 0.06
2024-07-09 15:15:53,522 - poweroff_50_5_results - INFO - Pulsar_sumCollisionNum: 3
2024-07-09 15:15:53,522 - poweroff_50_5_results - INFO - Free_beacon_averageSyn: 503143.1172
2024-07-09 15:15:53,522 - poweroff_50_5_results - INFO - Free_beacon_averageDis: 776045.9
2024-07-09 15:15:53,522 - poweroff_50_5_results - INFO - Free_beacon_averageCollisionNum: 0.0
2024-07-09 15:15:53,522 - poweroff_50_5_results - INFO - Free_beacon_sumCollisionNum: 0
2024-07-09 15:15:53,523 - poweroff_50_5_results - INFO - Find_averageEnhancedSyn: 501.74634933155755
2024-07-09 15:15:53,523 - poweroff_50_5_results - INFO - Find_averageEnhancedDis: 0.0
2024-07-09 15:15:53,523 - poweroff_50_5_results - INFO - Find_averageEnhancedCollisionNum: 1.0
2024-07-09 15:15:53,524 - poweroff_50_5_results - INFO - FlyncFind_averageEnhancedSyn: 46.60223548815745
2024-07-09 15:15:53,524 - poweroff_50_5_results - INFO - FlyncFind_averageEnhancedDis: 0.0
2024-07-09 15:15:53,524 - poweroff_50_5_results - INFO - FlyncFind_averageEnhancedCollisionNum: 0.9999999999999999
2024-07-09 15:15:53,525 - poweroff_50_5_results - INFO - Pulsar_averageEnhancedSyn: 5.657873593187653
2024-07-09 15:15:53,525 - poweroff_50_5_results - INFO - Pulsar_averageEnhancedDis: 6.770111458613466
2024-07-09 15:15:53,525 - poweroff_50_5_results - INFO - Pulsar_averageEnhancedCollisionNum: 1.0
2024-07-09 17:30:34,218 - poweroff_50_5_results - INFO - *******************JOGGING_TRACE*******************
2024-07-09 17:30:34,219 - poweroff_50_5_results - INFO - Find_averageSyn: 2509668.9592
2024-07-09 17:30:34,219 - poweroff_50_5_results - INFO - Find_averageDis: 0.0
2024-07-09 17:30:34,219 - poweroff_50_5_results - INFO - Find_averageCollisionNum: 7.48
2024-07-09 17:30:34,219 - poweroff_50_5_results - INFO - Find_sumCollisionNum: 374
2024-07-09 17:30:34,219 - poweroff_50_5_results - INFO - FlyncFind_averageSyn: 826481.704
2024-07-09 17:30:34,219 - poweroff_50_5_results - INFO - FlyncFind_averageDis: 0.0
2024-07-09 17:30:34,219 - poweroff_50_5_results - INFO - FlyncFind_averageCollisionNum: 116.2
2024-07-09 17:30:34,220 - poweroff_50_5_results - INFO - FlyncFind_sumCollisionNum: 5810
2024-07-09 17:30:34,220 - poweroff_50_5_results - INFO - Pulsar_averageSyn: 298616.3724
2024-07-09 17:30:34,220 - poweroff_50_5_results - INFO - Pulsar_averageDis: 849763.04
2024-07-09 17:30:34,220 - poweroff_50_5_results - INFO - Pulsar_averageCollisionNum: 0.44
2024-07-09 17:30:34,220 - poweroff_50_5_results - INFO - Pulsar_sumCollisionNum: 22
2024-07-09 17:30:34,220 - poweroff_50_5_results - INFO - Free_beacon_averageSyn: 7129.4104
2024-07-09 17:30:34,220 - poweroff_50_5_results - INFO - Free_beacon_averageDis: 68007.02
2024-07-09 17:30:34,221 - poweroff_50_5_results - INFO - Free_beacon_averageCollisionNum: 0.24
2024-07-09 17:30:34,221 - poweroff_50_5_results - INFO - Free_beacon_sumCollisionNum: 12
2024-07-09 17:30:34,221 - poweroff_50_5_results - INFO - Find_averageEnhancedSyn: 352.01634053778133
2024-07-09 17:30:34,222 - poweroff_50_5_results - INFO - Find_averageEnhancedDis: 0.0
2024-07-09 17:30:34,222 - poweroff_50_5_results - INFO - Find_averageEnhancedCollisionNum: 1.0
2024-07-09 17:30:34,222 - poweroff_50_5_results - INFO - FlyncFind_averageEnhancedSyn: 115.92567374154811
2024-07-09 17:30:34,223 - poweroff_50_5_results - INFO - FlyncFind_averageEnhancedDis: 0.0
2024-07-09 17:30:34,223 - poweroff_50_5_results - INFO - FlyncFind_averageEnhancedCollisionNum: 1.0
2024-07-09 17:30:34,223 - poweroff_50_5_results - INFO - Pulsar_averageEnhancedSyn: 41.885142760192345
2024-07-09 17:30:34,224 - poweroff_50_5_results - INFO - Pulsar_averageEnhancedDis: 12.495225345854001
2024-07-09 17:30:34,224 - poweroff_50_5_results - INFO - Pulsar_averageEnhancedCollisionNum: 1.0000000000000002
2024-07-09 19:33:54,809 - poweroff_50_5_results - INFO - *******************OFFICE_TRACE*******************
2024-07-09 19:33:54,809 - poweroff_50_5_results - INFO - Find_averageSyn: 497436.696
2024-07-09 19:33:54,809 - poweroff_50_5_results - INFO - Find_averageDis: 0.0
2024-07-09 19:33:54,809 - poweroff_50_5_results - INFO - Find_averageCollisionNum: 14.36
2024-07-09 19:33:54,809 - poweroff_50_5_results - INFO - Find_sumCollisionNum: 718
2024-07-09 19:33:54,810 - poweroff_50_5_results - INFO - FlyncFind_averageSyn: 692917.152
2024-07-09 19:33:54,810 - poweroff_50_5_results - INFO - FlyncFind_averageDis: 0.0
2024-07-09 19:33:54,810 - poweroff_50_5_results - INFO - FlyncFind_averageCollisionNum: 726.36
2024-07-09 19:33:54,810 - poweroff_50_5_results - INFO - FlyncFind_sumCollisionNum: 36318
2024-07-09 19:33:54,810 - poweroff_50_5_results - INFO - Pulsar_averageSyn: 84548.4296
2024-07-09 19:33:54,810 - poweroff_50_5_results - INFO - Pulsar_averageDis: 416118.86
2024-07-09 19:33:54,810 - poweroff_50_5_results - INFO - Pulsar_averageCollisionNum: 1.02
2024-07-09 19:33:54,811 - poweroff_50_5_results - INFO - Pulsar_sumCollisionNum: 51
2024-07-09 19:33:54,811 - poweroff_50_5_results - INFO - Free_beacon_averageSyn: 1752.5704
2024-07-09 19:33:54,811 - poweroff_50_5_results - INFO - Free_beacon_averageDis: 28436.76
2024-07-09 19:33:54,811 - poweroff_50_5_results - INFO - Free_beacon_averageCollisionNum: 1.34
2024-07-09 19:33:54,811 - poweroff_50_5_results - INFO - Free_beacon_sumCollisionNum: 67
2024-07-09 19:33:54,812 - poweroff_50_5_results - INFO - Find_averageEnhancedSyn: 283.8326471792517
2024-07-09 19:33:54,812 - poweroff_50_5_results - INFO - Find_averageEnhancedDis: 0.0
2024-07-09 19:33:54,812 - poweroff_50_5_results - INFO - Find_averageEnhancedCollisionNum: 1.0
2024-07-09 19:33:54,813 - poweroff_50_5_results - INFO - FlyncFind_averageEnhancedSyn: 395.3719359861378
2024-07-09 19:33:54,813 - poweroff_50_5_results - INFO - FlyncFind_averageEnhancedDis: 0.0
2024-07-09 19:33:54,813 - poweroff_50_5_results - INFO - FlyncFind_averageEnhancedCollisionNum: 1.0
2024-07-09 19:33:54,814 - poweroff_50_5_results - INFO - Pulsar_averageEnhancedSyn: 48.24252971521144
2024-07-09 19:33:54,814 - poweroff_50_5_results - INFO - Pulsar_averageEnhancedDis: 14.633131903915917
2024-07-09 19:33:54,814 - poweroff_50_5_results - INFO - Pulsar_averageEnhancedCollisionNum: 0.9999999999999999
2024-07-09 21:26:04,105 - poweroff_50_5_results - INFO - *******************WASHER_TRACE*******************
2024-07-09 21:26:04,105 - poweroff_50_5_results - INFO - Find_averageSyn: 8105017.9864
2024-07-09 21:26:04,105 - poweroff_50_5_results - INFO - Find_averageDis: 0.0
2024-07-09 21:26:04,105 - poweroff_50_5_results - INFO - Find_averageCollisionNum: 8.04
2024-07-09 21:26:04,105 - poweroff_50_5_results - INFO - Find_sumCollisionNum: 402
2024-07-09 21:26:04,106 - poweroff_50_5_results - INFO - FlyncFind_averageSyn: 4340501.144
2024-07-09 21:26:04,106 - poweroff_50_5_results - INFO - FlyncFind_averageDis: 0.0
2024-07-09 21:26:04,106 - poweroff_50_5_results - INFO - FlyncFind_averageCollisionNum: 29.36
2024-07-09 21:26:04,106 - poweroff_50_5_results - INFO - FlyncFind_sumCollisionNum: 1468
2024-07-09 21:26:04,106 - poweroff_50_5_results - INFO - Pulsar_averageSyn: 2151509.2304
2024-07-09 21:26:04,106 - poweroff_50_5_results - INFO - Pulsar_averageDis: 4973074.58
2024-07-09 21:26:04,107 - poweroff_50_5_results - INFO - Pulsar_averageCollisionNum: 0.38
2024-07-09 21:26:04,107 - poweroff_50_5_results - INFO - Pulsar_sumCollisionNum: 19
2024-07-09 21:26:04,107 - poweroff_50_5_results - INFO - Free_beacon_averageSyn: 224224.2088
2024-07-09 21:26:04,107 - poweroff_50_5_results - INFO - Free_beacon_averageDis: 293332.64
2024-07-09 21:26:04,107 - poweroff_50_5_results - INFO - Free_beacon_averageCollisionNum: 0.06
2024-07-09 21:26:04,107 - poweroff_50_5_results - INFO - Free_beacon_sumCollisionNum: 3
2024-07-09 21:26:04,108 - poweroff_50_5_results - INFO - Find_averageEnhancedSyn: 36.14693538122544
2024-07-09 21:26:04,108 - poweroff_50_5_results - INFO - Find_averageEnhancedDis: 0.0
2024-07-09 21:26:04,108 - poweroff_50_5_results - INFO - Find_averageEnhancedCollisionNum: 1.0
2024-07-09 21:26:04,109 - poweroff_50_5_results - INFO - FlyncFind_averageEnhancedSyn: 19.357861344363457
2024-07-09 21:26:04,109 - poweroff_50_5_results - INFO - FlyncFind_averageEnhancedDis: 0.0
2024-07-09 21:26:04,109 - poweroff_50_5_results - INFO - FlyncFind_averageEnhancedCollisionNum: 1.0
2024-07-09 21:26:04,110 - poweroff_50_5_results - INFO - Pulsar_averageEnhancedSyn: 9.595347629564252
2024-07-09 21:26:04,110 - poweroff_50_5_results - INFO - Pulsar_averageEnhancedDis: 16.953703413298975
2024-07-09 21:26:04,110 - poweroff_50_5_results - INFO - Pulsar_averageEnhancedCollisionNum: 1.0
