2024-07-06 19:29:22,354 - poweroff_2_10_results - INFO - *******************STATIC_TRACE*******************
2024-07-06 19:29:22,355 - poweroff_2_10_results - INFO - Find_averageSyn: 12282.2
2024-07-06 19:29:22,355 - poweroff_2_10_results - INFO - Find_averageDis: 0.0
2024-07-06 19:29:22,355 - poweroff_2_10_results - INFO - Find_averageCollisionNum: 0.0
2024-07-06 19:29:22,355 - poweroff_2_10_results - INFO - Find_sumCollisionNum: 0
2024-07-06 19:29:22,355 - poweroff_2_10_results - INFO - FlyncFind_averageSyn: 2809.2
2024-07-06 19:29:22,355 - poweroff_2_10_results - INFO - FlyncFind_averageDis: 0.0
2024-07-06 19:29:22,355 - poweroff_2_10_results - INFO - FlyncFind_averageCollisionNum: 0.0
2024-07-06 19:29:22,355 - poweroff_2_10_results - INFO - FlyncFind_sumCollisionNum: 0
2024-07-06 19:29:22,355 - poweroff_2_10_results - INFO - Pulsar_averageSyn: 46283.54
2024-07-06 19:29:22,356 - poweroff_2_10_results - INFO - Pulsar_averageDis: 771.5
2024-07-06 19:29:22,356 - poweroff_2_10_results - INFO - Pulsar_averageCollisionNum: 0.0
2024-07-06 19:29:22,356 - poweroff_2_10_results - INFO - Pulsar_sumCollisionNum: 0
2024-07-06 19:29:22,356 - poweroff_2_10_results - INFO - Free_beacon_averageSyn: 697.66
2024-07-06 19:29:22,356 - poweroff_2_10_results - INFO - Free_beacon_averageDis: 3060.5
2024-07-06 19:29:22,356 - poweroff_2_10_results - INFO - Free_beacon_averageCollisionNum: 0.0
2024-07-06 19:29:22,356 - poweroff_2_10_results - INFO - Free_beacon_sumCollisionNum: 0
2024-07-06 19:29:22,356 - poweroff_2_10_results - INFO - Find_averageEnhancedSyn: 17.604850500243675
2024-07-06 19:29:22,356 - poweroff_2_10_results - INFO - Find_averageEnhancedDis: 0.0
2024-07-06 19:29:22,356 - poweroff_2_10_results - INFO - Find_averageEnhancedCollisionNum: 0.0
2024-07-06 19:29:22,357 - poweroff_2_10_results - INFO - FlyncFind_averageEnhancedSyn: 4.026603216466474
2024-07-06 19:29:22,357 - poweroff_2_10_results - INFO - FlyncFind_averageEnhancedDis: 0.0
2024-07-06 19:29:22,357 - poweroff_2_10_results - INFO - FlyncFind_averageEnhancedCollisionNum: 0.0
2024-07-06 19:29:22,357 - poweroff_2_10_results - INFO - Pulsar_averageEnhancedSyn: 66.3411117163088
2024-07-06 19:29:22,357 - poweroff_2_10_results - INFO - Pulsar_averageEnhancedDis: 0.2520829929750041
2024-07-06 19:29:22,357 - poweroff_2_10_results - INFO - Pulsar_averageEnhancedCollisionNum: 0.0
2024-07-06 19:29:30,683 - poweroff_2_10_results - INFO - *******************COMPLEX_TRACE*******************
2024-07-06 19:29:30,683 - poweroff_2_10_results - INFO - Find_averageSyn: 108215.18
2024-07-06 19:29:30,684 - poweroff_2_10_results - INFO - Find_averageDis: 0.0
2024-07-06 19:29:30,684 - poweroff_2_10_results - INFO - Find_averageCollisionNum: 0.0
2024-07-06 19:29:30,684 - poweroff_2_10_results - INFO - Find_sumCollisionNum: 0
2024-07-06 19:29:30,684 - poweroff_2_10_results - INFO - FlyncFind_averageSyn: 9608.2
2024-07-06 19:29:30,684 - poweroff_2_10_results - INFO - FlyncFind_averageDis: 0.0
2024-07-06 19:29:30,684 - poweroff_2_10_results - INFO - FlyncFind_averageCollisionNum: 0.0
2024-07-06 19:29:30,684 - poweroff_2_10_results - INFO - FlyncFind_sumCollisionNum: 0
2024-07-06 19:29:30,684 - poweroff_2_10_results - INFO - Pulsar_averageSyn: 58292.78
2024-07-06 19:29:30,684 - poweroff_2_10_results - INFO - Pulsar_averageDis: 1855.5
2024-07-06 19:29:30,684 - poweroff_2_10_results - INFO - Pulsar_averageCollisionNum: 0.0
2024-07-06 19:29:30,684 - poweroff_2_10_results - INFO - Pulsar_sumCollisionNum: 0
2024-07-06 19:29:30,684 - poweroff_2_10_results - INFO - Free_beacon_averageSyn: 2741.74
2024-07-06 19:29:30,685 - poweroff_2_10_results - INFO - Free_beacon_averageDis: 1964.0
2024-07-06 19:29:30,685 - poweroff_2_10_results - INFO - Free_beacon_averageCollisionNum: 0.0
2024-07-06 19:29:30,685 - poweroff_2_10_results - INFO - Free_beacon_sumCollisionNum: 0
2024-07-06 19:29:30,685 - poweroff_2_10_results - INFO - Find_averageEnhancedSyn: 39.46952665095888
2024-07-06 19:29:30,685 - poweroff_2_10_results - INFO - Find_averageEnhancedDis: 0.0
2024-07-06 19:29:30,685 - poweroff_2_10_results - INFO - Find_averageEnhancedCollisionNum: 0.0
2024-07-06 19:29:30,685 - poweroff_2_10_results - INFO - FlyncFind_averageEnhancedSyn: 3.5044169031345063
2024-07-06 19:29:30,685 - poweroff_2_10_results - INFO - FlyncFind_averageEnhancedDis: 0.0
2024-07-06 19:29:30,685 - poweroff_2_10_results - INFO - FlyncFind_averageEnhancedCollisionNum: 0.0
2024-07-06 19:29:30,686 - poweroff_2_10_results - INFO - Pulsar_averageEnhancedSyn: 21.26123556573563
2024-07-06 19:29:30,686 - poweroff_2_10_results - INFO - Pulsar_averageEnhancedDis: 0.9447556008146639
2024-07-06 19:29:30,686 - poweroff_2_10_results - INFO - Pulsar_averageEnhancedCollisionNum: 0.0
2024-07-06 19:29:32,879 - poweroff_2_10_results - INFO - *******************STAIRS_TRACE*******************
2024-07-06 19:29:32,880 - poweroff_2_10_results - INFO - Find_averageSyn: 3340.3
2024-07-06 19:29:32,880 - poweroff_2_10_results - INFO - Find_averageDis: 0.0
2024-07-06 19:29:32,880 - poweroff_2_10_results - INFO - Find_averageCollisionNum: 0.0
2024-07-06 19:29:32,880 - poweroff_2_10_results - INFO - Find_sumCollisionNum: 0
2024-07-06 19:29:32,880 - poweroff_2_10_results - INFO - FlyncFind_averageSyn: 1145.54
2024-07-06 19:29:32,880 - poweroff_2_10_results - INFO - FlyncFind_averageDis: 0.0
2024-07-06 19:29:32,880 - poweroff_2_10_results - INFO - FlyncFind_averageCollisionNum: 0.0
2024-07-06 19:29:32,880 - poweroff_2_10_results - INFO - FlyncFind_sumCollisionNum: 0
2024-07-06 19:29:32,880 - poweroff_2_10_results - INFO - Pulsar_averageSyn: 7503.4
2024-07-06 19:29:32,880 - poweroff_2_10_results - INFO - Pulsar_averageDis: 241.0
2024-07-06 19:29:32,880 - poweroff_2_10_results - INFO - Pulsar_averageCollisionNum: 0.0
2024-07-06 19:29:32,880 - poweroff_2_10_results - INFO - Pulsar_sumCollisionNum: 0
2024-07-06 19:29:32,881 - poweroff_2_10_results - INFO - Free_beacon_averageSyn: 108.1
2024-07-06 19:29:32,881 - poweroff_2_10_results - INFO - Free_beacon_averageDis: 408.5
2024-07-06 19:29:32,881 - poweroff_2_10_results - INFO - Free_beacon_averageCollisionNum: 0.0
2024-07-06 19:29:32,881 - poweroff_2_10_results - INFO - Free_beacon_sumCollisionNum: 0
2024-07-06 19:29:32,881 - poweroff_2_10_results - INFO - Find_averageEnhancedSyn: 30.900092506938023
2024-07-06 19:29:32,881 - poweroff_2_10_results - INFO - Find_averageEnhancedDis: 0.0
2024-07-06 19:29:32,881 - poweroff_2_10_results - INFO - Find_averageEnhancedCollisionNum: 0.0
2024-07-06 19:29:32,881 - poweroff_2_10_results - INFO - FlyncFind_averageEnhancedSyn: 10.59703977798335
2024-07-06 19:29:32,881 - poweroff_2_10_results - INFO - FlyncFind_averageEnhancedDis: 0.0
2024-07-06 19:29:32,882 - poweroff_2_10_results - INFO - FlyncFind_averageEnhancedCollisionNum: 0.0
2024-07-06 19:29:32,882 - poweroff_2_10_results - INFO - Pulsar_averageEnhancedSyn: 69.41165587419056
2024-07-06 19:29:32,882 - poweroff_2_10_results - INFO - Pulsar_averageEnhancedDis: 0.5899632802937577
2024-07-06 19:29:32,882 - poweroff_2_10_results - INFO - Pulsar_averageEnhancedCollisionNum: 0.0
2024-07-06 19:30:52,676 - poweroff_2_10_results - INFO - *******************CARS_TRACE*******************
2024-07-06 19:30:52,676 - poweroff_2_10_results - INFO - Find_averageSyn: 21456704.82
2024-07-06 19:30:52,676 - poweroff_2_10_results - INFO - Find_averageDis: 0.0
2024-07-06 19:30:52,676 - poweroff_2_10_results - INFO - Find_averageCollisionNum: 0.0
2024-07-06 19:30:52,676 - poweroff_2_10_results - INFO - Find_sumCollisionNum: 0
2024-07-06 19:30:52,676 - poweroff_2_10_results - INFO - FlyncFind_averageSyn: 1955589.6
2024-07-06 19:30:52,676 - poweroff_2_10_results - INFO - FlyncFind_averageDis: 0.0
2024-07-06 19:30:52,677 - poweroff_2_10_results - INFO - FlyncFind_averageCollisionNum: 0.0
2024-07-06 19:30:52,677 - poweroff_2_10_results - INFO - FlyncFind_sumCollisionNum: 0
2024-07-06 19:30:52,677 - poweroff_2_10_results - INFO - Pulsar_averageSyn: 2823547.42
2024-07-06 19:30:52,677 - poweroff_2_10_results - INFO - Pulsar_averageDis: 9512.5
2024-07-06 19:30:52,677 - poweroff_2_10_results - INFO - Pulsar_averageCollisionNum: 0.0
2024-07-06 19:30:52,677 - poweroff_2_10_results - INFO - Pulsar_sumCollisionNum: 0
2024-07-06 19:30:52,677 - poweroff_2_10_results - INFO - Free_beacon_averageSyn: 501804.28
2024-07-06 19:30:52,677 - poweroff_2_10_results - INFO - Free_beacon_averageDis: 25143.5
2024-07-06 19:30:52,677 - poweroff_2_10_results - INFO - Free_beacon_averageCollisionNum: 0.0
2024-07-06 19:30:52,677 - poweroff_2_10_results - INFO - Free_beacon_sumCollisionNum: 0
2024-07-06 19:30:52,677 - poweroff_2_10_results - INFO - Find_averageEnhancedSyn: 42.75911082304838
2024-07-06 19:30:52,678 - poweroff_2_10_results - INFO - Find_averageEnhancedDis: 0.0
2024-07-06 19:30:52,678 - poweroff_2_10_results - INFO - Find_averageEnhancedCollisionNum: 0.0
2024-07-06 19:30:52,678 - poweroff_2_10_results - INFO - FlyncFind_averageEnhancedSyn: 3.8971162222849114
2024-07-06 19:30:52,678 - poweroff_2_10_results - INFO - FlyncFind_averageEnhancedDis: 0.0
2024-07-06 19:30:52,678 - poweroff_2_10_results - INFO - FlyncFind_averageEnhancedCollisionNum: 0.0
2024-07-06 19:30:52,678 - poweroff_2_10_results - INFO - Pulsar_averageEnhancedSyn: 5.6267902298481784
2024-07-06 19:30:52,678 - poweroff_2_10_results - INFO - Pulsar_averageEnhancedDis: 0.3783283950126275
2024-07-06 19:30:52,678 - poweroff_2_10_results - INFO - Pulsar_averageEnhancedCollisionNum: 0.0
2024-07-06 19:31:03,114 - poweroff_2_10_results - INFO - *******************JOGGING_TRACE*******************
2024-07-06 19:31:03,115 - poweroff_2_10_results - INFO - Find_averageSyn: 180009.06
2024-07-06 19:31:03,115 - poweroff_2_10_results - INFO - Find_averageDis: 0.0
2024-07-06 19:31:03,115 - poweroff_2_10_results - INFO - Find_averageCollisionNum: 0.0
2024-07-06 19:31:03,115 - poweroff_2_10_results - INFO - Find_sumCollisionNum: 0
2024-07-06 19:31:03,115 - poweroff_2_10_results - INFO - FlyncFind_averageSyn: 26258.6
2024-07-06 19:31:03,115 - poweroff_2_10_results - INFO - FlyncFind_averageDis: 0.0
2024-07-06 19:31:03,115 - poweroff_2_10_results - INFO - FlyncFind_averageCollisionNum: 0.0
2024-07-06 19:31:03,115 - poweroff_2_10_results - INFO - FlyncFind_sumCollisionNum: 0
2024-07-06 19:31:03,115 - poweroff_2_10_results - INFO - Pulsar_averageSyn: 224343.3
2024-07-06 19:31:03,115 - poweroff_2_10_results - INFO - Pulsar_averageDis: 1727.0
2024-07-06 19:31:03,115 - poweroff_2_10_results - INFO - Pulsar_averageCollisionNum: 0.0
2024-07-06 19:31:03,115 - poweroff_2_10_results - INFO - Pulsar_sumCollisionNum: 0
2024-07-06 19:31:03,116 - poweroff_2_10_results - INFO - Free_beacon_averageSyn: 5576.32
2024-07-06 19:31:03,116 - poweroff_2_10_results - INFO - Free_beacon_averageDis: 1428.5
2024-07-06 19:31:03,116 - poweroff_2_10_results - INFO - Free_beacon_averageCollisionNum: 0.0
2024-07-06 19:31:03,116 - poweroff_2_10_results - INFO - Free_beacon_sumCollisionNum: 0
2024-07-06 19:31:03,116 - poweroff_2_10_results - INFO - Find_averageEnhancedSyn: 32.280977418799495
2024-07-06 19:31:03,116 - poweroff_2_10_results - INFO - Find_averageEnhancedDis: 0.0
2024-07-06 19:31:03,116 - poweroff_2_10_results - INFO - Find_averageEnhancedCollisionNum: 0.0
2024-07-06 19:31:03,116 - poweroff_2_10_results - INFO - FlyncFind_averageEnhancedSyn: 4.70894783656605
2024-07-06 19:31:03,116 - poweroff_2_10_results - INFO - FlyncFind_averageEnhancedDis: 0.0
2024-07-06 19:31:03,117 - poweroff_2_10_results - INFO - FlyncFind_averageEnhancedCollisionNum: 0.0
2024-07-06 19:31:03,117 - poweroff_2_10_results - INFO - Pulsar_averageEnhancedSyn: 40.231425025823484
2024-07-06 19:31:03,117 - poweroff_2_10_results - INFO - Pulsar_averageEnhancedDis: 1.2089604480224012
2024-07-06 19:31:03,117 - poweroff_2_10_results - INFO - Pulsar_averageEnhancedCollisionNum: 0.0
2024-07-06 19:31:08,287 - poweroff_2_10_results - INFO - *******************OFFICE_TRACE*******************
2024-07-06 19:31:08,287 - poweroff_2_10_results - INFO - Find_averageSyn: 29787.46
2024-07-06 19:31:08,287 - poweroff_2_10_results - INFO - Find_averageDis: 0.0
2024-07-06 19:31:08,287 - poweroff_2_10_results - INFO - Find_averageCollisionNum: 0.0
2024-07-06 19:31:08,287 - poweroff_2_10_results - INFO - Find_sumCollisionNum: 0
2024-07-06 19:31:08,287 - poweroff_2_10_results - INFO - FlyncFind_averageSyn: 5271.8
2024-07-06 19:31:08,287 - poweroff_2_10_results - INFO - FlyncFind_averageDis: 0.0
2024-07-06 19:31:08,287 - poweroff_2_10_results - INFO - FlyncFind_averageCollisionNum: 0.0
2024-07-06 19:31:08,287 - poweroff_2_10_results - INFO - FlyncFind_sumCollisionNum: 0
2024-07-06 19:31:08,288 - poweroff_2_10_results - INFO - Pulsar_averageSyn: 30889.38
2024-07-06 19:31:08,288 - poweroff_2_10_results - INFO - Pulsar_averageDis: 832.0
2024-07-06 19:31:08,288 - poweroff_2_10_results - INFO - Pulsar_averageCollisionNum: 0.0
2024-07-06 19:31:08,288 - poweroff_2_10_results - INFO - Pulsar_sumCollisionNum: 0
2024-07-06 19:31:08,288 - poweroff_2_10_results - INFO - Free_beacon_averageSyn: 1190.32
2024-07-06 19:31:08,288 - poweroff_2_10_results - INFO - Free_beacon_averageDis: 663.5
2024-07-06 19:31:08,288 - poweroff_2_10_results - INFO - Free_beacon_averageCollisionNum: 0.0
2024-07-06 19:31:08,288 - poweroff_2_10_results - INFO - Free_beacon_sumCollisionNum: 0
2024-07-06 19:31:08,288 - poweroff_2_10_results - INFO - Find_averageEnhancedSyn: 25.02474964715371
2024-07-06 19:31:08,288 - poweroff_2_10_results - INFO - Find_averageEnhancedDis: 0.0
2024-07-06 19:31:08,289 - poweroff_2_10_results - INFO - Find_averageEnhancedCollisionNum: 0.0
2024-07-06 19:31:08,289 - poweroff_2_10_results - INFO - FlyncFind_averageEnhancedSyn: 4.428893070770886
2024-07-06 19:31:08,289 - poweroff_2_10_results - INFO - FlyncFind_averageEnhancedDis: 0.0
2024-07-06 19:31:08,289 - poweroff_2_10_results - INFO - FlyncFind_averageEnhancedCollisionNum: 0.0
2024-07-06 19:31:08,289 - poweroff_2_10_results - INFO - Pulsar_averageEnhancedSyn: 25.95048390348814
2024-07-06 19:31:08,289 - poweroff_2_10_results - INFO - Pulsar_averageEnhancedDis: 1.253956292388847
2024-07-06 19:31:08,289 - poweroff_2_10_results - INFO - Pulsar_averageEnhancedCollisionNum: 0.0
2024-07-06 19:31:45,548 - poweroff_2_10_results - INFO - *******************WASHER_TRACE*******************
2024-07-06 19:31:45,548 - poweroff_2_10_results - INFO - Find_averageSyn: 3663488.76
2024-07-06 19:31:45,548 - poweroff_2_10_results - INFO - Find_averageDis: 0.0
2024-07-06 19:31:45,549 - poweroff_2_10_results - INFO - Find_averageCollisionNum: 0.0
2024-07-06 19:31:45,549 - poweroff_2_10_results - INFO - Find_sumCollisionNum: 0
2024-07-06 19:31:45,549 - poweroff_2_10_results - INFO - FlyncFind_averageSyn: 530489.18
2024-07-06 19:31:45,549 - poweroff_2_10_results - INFO - FlyncFind_averageDis: 0.0
2024-07-06 19:31:45,549 - poweroff_2_10_results - INFO - FlyncFind_averageCollisionNum: 0.0
2024-07-06 19:31:45,549 - poweroff_2_10_results - INFO - FlyncFind_sumCollisionNum: 0
2024-07-06 19:31:45,549 - poweroff_2_10_results - INFO - Pulsar_averageSyn: 2482484.22
2024-07-06 19:31:45,549 - poweroff_2_10_results - INFO - Pulsar_averageDis: 32817.5
2024-07-06 19:31:45,549 - poweroff_2_10_results - INFO - Pulsar_averageCollisionNum: 0.0
2024-07-06 19:31:45,549 - poweroff_2_10_results - INFO - Pulsar_sumCollisionNum: 0
2024-07-06 19:31:45,549 - poweroff_2_10_results - INFO - Free_beacon_averageSyn: 129783.76
2024-07-06 19:31:45,549 - poweroff_2_10_results - INFO - Free_beacon_averageDis: 43478.0
2024-07-06 19:31:45,550 - poweroff_2_10_results - INFO - Free_beacon_averageCollisionNum: 0.0
2024-07-06 19:31:45,550 - poweroff_2_10_results - INFO - Free_beacon_sumCollisionNum: 0
2024-07-06 19:31:45,550 - poweroff_2_10_results - INFO - Find_averageEnhancedSyn: 28.227636184989553
2024-07-06 19:31:45,550 - poweroff_2_10_results - INFO - Find_averageEnhancedDis: 0.0
2024-07-06 19:31:45,550 - poweroff_2_10_results - INFO - Find_averageEnhancedCollisionNum: 0.0
2024-07-06 19:31:45,550 - poweroff_2_10_results - INFO - FlyncFind_averageEnhancedSyn: 4.087485059764027
2024-07-06 19:31:45,550 - poweroff_2_10_results - INFO - FlyncFind_averageEnhancedDis: 0.0
2024-07-06 19:31:45,550 - poweroff_2_10_results - INFO - FlyncFind_averageEnhancedCollisionNum: 0.0
2024-07-06 19:31:45,551 - poweroff_2_10_results - INFO - Pulsar_averageEnhancedSyn: 19.12784943200906
2024-07-06 19:31:45,551 - poweroff_2_10_results - INFO - Pulsar_averageEnhancedDis: 0.7548070288421731
2024-07-06 19:31:45,551 - poweroff_2_10_results - INFO - Pulsar_averageEnhancedCollisionNum: 0.0
