2024-07-06 21:17:37,016 - poweroff_10_10_results - INFO - *******************STATIC_TRACE*******************
2024-07-06 21:17:37,016 - poweroff_10_10_results - INFO - Find_averageSyn: 42885.432
2024-07-06 21:17:37,016 - poweroff_10_10_results - INFO - Find_averageDis: 0.0
2024-07-06 21:17:37,016 - poweroff_10_10_results - INFO - Find_averageCollisionNum: 2.6
2024-07-06 21:17:37,016 - poweroff_10_10_results - INFO - Find_sumCollisionNum: 26
2024-07-06 21:17:37,017 - poweroff_10_10_results - INFO - FlyncFind_averageSyn: 12591.248
2024-07-06 21:17:37,017 - poweroff_10_10_results - INFO - FlyncFind_averageDis: 0.0
2024-07-06 21:17:37,017 - poweroff_10_10_results - INFO - FlyncFind_averageCollisionNum: 57.8
2024-07-06 21:17:37,017 - poweroff_10_10_results - INFO - FlyncFind_sumCollisionNum: 578
2024-07-06 21:17:37,017 - poweroff_10_10_results - INFO - Pulsar_averageSyn: 31055.576
2024-07-06 21:17:37,017 - poweroff_10_10_results - INFO - Pulsar_averageDis: 7242.6
2024-07-06 21:17:37,017 - poweroff_10_10_results - INFO - Pulsar_averageCollisionNum: 0.0
2024-07-06 21:17:37,017 - poweroff_10_10_results - INFO - Pulsar_sumCollisionNum: 0
2024-07-06 21:17:37,017 - poweroff_10_10_results - INFO - Free_beacon_averageSyn: 1687.352
2024-07-06 21:17:37,017 - poweroff_10_10_results - INFO - Free_beacon_averageDis: 5951.1
2024-07-06 21:17:37,017 - poweroff_10_10_results - INFO - Free_beacon_averageCollisionNum: 0.4
2024-07-06 21:17:37,018 - poweroff_10_10_results - INFO - Free_beacon_sumCollisionNum: 4
2024-07-06 21:17:37,018 - poweroff_10_10_results - INFO - Find_averageEnhancedSyn: 25.415818394739212
2024-07-06 21:17:37,018 - poweroff_10_10_results - INFO - Find_averageEnhancedDis: 0.0
2024-07-06 21:17:37,018 - poweroff_10_10_results - INFO - Find_averageEnhancedCollisionNum: 1.0
2024-07-06 21:17:37,018 - poweroff_10_10_results - INFO - FlyncFind_averageEnhancedSyn: 7.462134753151683
2024-07-06 21:17:37,018 - poweroff_10_10_results - INFO - FlyncFind_averageEnhancedDis: 0.0
2024-07-06 21:17:37,019 - poweroff_10_10_results - INFO - FlyncFind_averageEnhancedCollisionNum: 1.0
2024-07-06 21:17:37,019 - poweroff_10_10_results - INFO - Pulsar_averageEnhancedSyn: 18.40491847581299
2024-07-06 21:17:37,019 - poweroff_10_10_results - INFO - Pulsar_averageEnhancedDis: 1.2170187024247618
2024-07-06 21:17:37,019 - poweroff_10_10_results - INFO - Pulsar_averageEnhancedCollisionNum: 0.0
2024-07-06 21:29:26,351 - poweroff_10_10_results - INFO - *******************COMPLEX_TRACE*******************
2024-07-06 21:29:26,352 - poweroff_10_10_results - INFO - Find_averageSyn: 328143.556
2024-07-06 21:29:26,352 - poweroff_10_10_results - INFO - Find_averageDis: 0.0
2024-07-06 21:29:26,352 - poweroff_10_10_results - INFO - Find_averageCollisionNum: 1.2
2024-07-06 21:29:26,352 - poweroff_10_10_results - INFO - Find_sumCollisionNum: 12
2024-07-06 21:29:26,352 - poweroff_10_10_results - INFO - FlyncFind_averageSyn: 42290.56
2024-07-06 21:29:26,352 - poweroff_10_10_results - INFO - FlyncFind_averageDis: 0.0
2024-07-06 21:29:26,352 - poweroff_10_10_results - INFO - FlyncFind_averageCollisionNum: 13.0
2024-07-06 21:29:26,352 - poweroff_10_10_results - INFO - FlyncFind_sumCollisionNum: 130
2024-07-06 21:29:26,352 - poweroff_10_10_results - INFO - Pulsar_averageSyn: 107357.948
2024-07-06 21:29:26,352 - poweroff_10_10_results - INFO - Pulsar_averageDis: 22167.7
2024-07-06 21:29:26,353 - poweroff_10_10_results - INFO - Pulsar_averageCollisionNum: 0.0
2024-07-06 21:29:26,353 - poweroff_10_10_results - INFO - Pulsar_sumCollisionNum: 0
2024-07-06 21:29:26,353 - poweroff_10_10_results - INFO - Free_beacon_averageSyn: 2791.028
2024-07-06 21:29:26,353 - poweroff_10_10_results - INFO - Free_beacon_averageDis: 9077.4
2024-07-06 21:29:26,353 - poweroff_10_10_results - INFO - Free_beacon_averageCollisionNum: 0.5
2024-07-06 21:29:26,353 - poweroff_10_10_results - INFO - Free_beacon_sumCollisionNum: 5
2024-07-06 21:29:26,353 - poweroff_10_10_results - INFO - Find_averageEnhancedSyn: 117.57085776280282
2024-07-06 21:29:26,353 - poweroff_10_10_results - INFO - Find_averageEnhancedDis: 0.0
2024-07-06 21:29:26,354 - poweroff_10_10_results - INFO - Find_averageEnhancedCollisionNum: 1.0
2024-07-06 21:29:26,354 - poweroff_10_10_results - INFO - FlyncFind_averageEnhancedSyn: 15.152323803272486
2024-07-06 21:29:26,354 - poweroff_10_10_results - INFO - FlyncFind_averageEnhancedDis: 0.0
2024-07-06 21:29:26,354 - poweroff_10_10_results - INFO - FlyncFind_averageEnhancedCollisionNum: 1.0000000000000002
2024-07-06 21:29:26,354 - poweroff_10_10_results - INFO - Pulsar_averageEnhancedSyn: 38.46537834804954
2024-07-06 21:29:26,354 - poweroff_10_10_results - INFO - Pulsar_averageEnhancedDis: 2.442075924824289
2024-07-06 21:29:26,355 - poweroff_10_10_results - INFO - Pulsar_averageEnhancedCollisionNum: 0.0
2024-07-06 21:30:39,726 - poweroff_10_10_results - INFO - *******************STAIRS_TRACE*******************
2024-07-06 21:30:39,726 - poweroff_10_10_results - INFO - Find_averageSyn: 13071.332
2024-07-06 21:30:39,726 - poweroff_10_10_results - INFO - Find_averageDis: 0.0
2024-07-06 21:30:39,726 - poweroff_10_10_results - INFO - Find_averageCollisionNum: 7.8
2024-07-06 21:30:39,726 - poweroff_10_10_results - INFO - Find_sumCollisionNum: 78
2024-07-06 21:30:39,727 - poweroff_10_10_results - INFO - FlyncFind_averageSyn: 8235.476
2024-07-06 21:30:39,727 - poweroff_10_10_results - INFO - FlyncFind_averageDis: 0.0
2024-07-06 21:30:39,727 - poweroff_10_10_results - INFO - FlyncFind_averageCollisionNum: 238.0
2024-07-06 21:30:39,727 - poweroff_10_10_results - INFO - FlyncFind_sumCollisionNum: 2380
2024-07-06 21:30:39,727 - poweroff_10_10_results - INFO - Pulsar_averageSyn: 6267.012
2024-07-06 21:30:39,727 - poweroff_10_10_results - INFO - Pulsar_averageDis: 6228.9
2024-07-06 21:30:39,727 - poweroff_10_10_results - INFO - Pulsar_averageCollisionNum: 1.6
2024-07-06 21:30:39,727 - poweroff_10_10_results - INFO - Pulsar_sumCollisionNum: 16
2024-07-06 21:30:39,727 - poweroff_10_10_results - INFO - Free_beacon_averageSyn: 133.928
2024-07-06 21:30:39,727 - poweroff_10_10_results - INFO - Free_beacon_averageDis: 2192.4
2024-07-06 21:30:39,728 - poweroff_10_10_results - INFO - Free_beacon_averageCollisionNum: 0.7
2024-07-06 21:30:39,728 - poweroff_10_10_results - INFO - Free_beacon_sumCollisionNum: 7
2024-07-06 21:30:39,728 - poweroff_10_10_results - INFO - Find_averageEnhancedSyn: 97.5996953587002
2024-07-06 21:30:39,728 - poweroff_10_10_results - INFO - Find_averageEnhancedDis: 0.0
2024-07-06 21:30:39,728 - poweroff_10_10_results - INFO - Find_averageEnhancedCollisionNum: 1.0
2024-07-06 21:30:39,728 - poweroff_10_10_results - INFO - FlyncFind_averageEnhancedSyn: 61.491816498417066
2024-07-06 21:30:39,729 - poweroff_10_10_results - INFO - FlyncFind_averageEnhancedDis: 0.0
2024-07-06 21:30:39,729 - poweroff_10_10_results - INFO - FlyncFind_averageEnhancedCollisionNum: 1.0
2024-07-06 21:30:39,729 - poweroff_10_10_results - INFO - Pulsar_averageEnhancedSyn: 46.79388925392748
2024-07-06 21:30:39,729 - poweroff_10_10_results - INFO - Pulsar_averageEnhancedDis: 2.841133004926108
2024-07-06 21:30:39,729 - poweroff_10_10_results - INFO - Pulsar_averageEnhancedCollisionNum: 1.0
2024-07-06 22:01:51,578 - poweroff_10_10_results - INFO - *******************CARS_TRACE*******************
2024-07-06 22:01:51,579 - poweroff_10_10_results - INFO - Find_averageSyn: 63122758.648
2024-07-06 22:01:51,579 - poweroff_10_10_results - INFO - Find_averageDis: 0.0
2024-07-06 22:01:51,579 - poweroff_10_10_results - INFO - Find_averageCollisionNum: 0.0
2024-07-06 22:01:51,579 - poweroff_10_10_results - INFO - Find_sumCollisionNum: 0
2024-07-06 22:01:51,579 - poweroff_10_10_results - INFO - FlyncFind_averageSyn: 7093719.04
2024-07-06 22:01:51,579 - poweroff_10_10_results - INFO - FlyncFind_averageDis: 0.0
2024-07-06 22:01:51,579 - poweroff_10_10_results - INFO - FlyncFind_averageCollisionNum: 0.8
2024-07-06 22:01:51,579 - poweroff_10_10_results - INFO - FlyncFind_sumCollisionNum: 8
2024-07-06 22:01:51,579 - poweroff_10_10_results - INFO - Pulsar_averageSyn: 3054125.222
2024-07-06 22:01:51,579 - poweroff_10_10_results - INFO - Pulsar_averageDis: 434111.9
2024-07-06 22:01:51,580 - poweroff_10_10_results - INFO - Pulsar_averageCollisionNum: 0.0
2024-07-06 22:01:51,580 - poweroff_10_10_results - INFO - Pulsar_sumCollisionNum: 0
2024-07-06 22:01:51,580 - poweroff_10_10_results - INFO - Free_beacon_averageSyn: 504229.76
2024-07-06 22:01:51,580 - poweroff_10_10_results - INFO - Free_beacon_averageDis: 182115.3
2024-07-06 22:01:51,580 - poweroff_10_10_results - INFO - Free_beacon_averageCollisionNum: 0.0
2024-07-06 22:01:51,580 - poweroff_10_10_results - INFO - Free_beacon_sumCollisionNum: 0
2024-07-06 22:01:51,580 - poweroff_10_10_results - INFO - Find_averageEnhancedSyn: 125.186499598913
2024-07-06 22:01:51,580 - poweroff_10_10_results - INFO - Find_averageEnhancedDis: 0.0
2024-07-06 22:01:51,580 - poweroff_10_10_results - INFO - Find_averageEnhancedCollisionNum: 0.0
2024-07-06 22:01:51,581 - poweroff_10_10_results - INFO - FlyncFind_averageEnhancedSyn: 14.068425949313266
2024-07-06 22:01:51,581 - poweroff_10_10_results - INFO - FlyncFind_averageEnhancedDis: 0.0
2024-07-06 22:01:51,581 - poweroff_10_10_results - INFO - FlyncFind_averageEnhancedCollisionNum: 1.0
2024-07-06 22:01:51,581 - poweroff_10_10_results - INFO - Pulsar_averageEnhancedSyn: 6.057011037983954
2024-07-06 22:01:51,581 - poweroff_10_10_results - INFO - Pulsar_averageEnhancedDis: 2.383720093808703
2024-07-06 22:01:51,581 - poweroff_10_10_results - INFO - Pulsar_averageEnhancedCollisionNum: 0.0
2024-07-06 22:06:48,816 - poweroff_10_10_results - INFO - *******************JOGGING_TRACE*******************
2024-07-06 22:06:48,817 - poweroff_10_10_results - INFO - Find_averageSyn: 648690.536
2024-07-06 22:06:48,817 - poweroff_10_10_results - INFO - Find_averageDis: 0.0
2024-07-06 22:06:48,817 - poweroff_10_10_results - INFO - Find_averageCollisionNum: 0.8
2024-07-06 22:06:48,817 - poweroff_10_10_results - INFO - Find_sumCollisionNum: 8
2024-07-06 22:06:48,817 - poweroff_10_10_results - INFO - FlyncFind_averageSyn: 83795.84
2024-07-06 22:06:48,817 - poweroff_10_10_results - INFO - FlyncFind_averageDis: 0.0
2024-07-06 22:06:48,817 - poweroff_10_10_results - INFO - FlyncFind_averageCollisionNum: 9.2
2024-07-06 22:06:48,817 - poweroff_10_10_results - INFO - FlyncFind_sumCollisionNum: 92
2024-07-06 22:06:48,817 - poweroff_10_10_results - INFO - Pulsar_averageSyn: 222925.06
2024-07-06 22:06:48,817 - poweroff_10_10_results - INFO - Pulsar_averageDis: 26372.1
2024-07-06 22:06:48,818 - poweroff_10_10_results - INFO - Pulsar_averageCollisionNum: 0.4
2024-07-06 22:06:48,818 - poweroff_10_10_results - INFO - Pulsar_sumCollisionNum: 4
2024-07-06 22:06:48,818 - poweroff_10_10_results - INFO - Free_beacon_averageSyn: 6198.032
2024-07-06 22:06:48,818 - poweroff_10_10_results - INFO - Free_beacon_averageDis: 13856.1
2024-07-06 22:06:48,818 - poweroff_10_10_results - INFO - Free_beacon_averageCollisionNum: 0.0
2024-07-06 22:06:48,818 - poweroff_10_10_results - INFO - Free_beacon_sumCollisionNum: 0
2024-07-06 22:06:48,818 - poweroff_10_10_results - INFO - Find_averageEnhancedSyn: 104.66072714693954
2024-07-06 22:06:48,818 - poweroff_10_10_results - INFO - Find_averageEnhancedDis: 0.0
2024-07-06 22:06:48,818 - poweroff_10_10_results - INFO - Find_averageEnhancedCollisionNum: 1.0
2024-07-06 22:06:48,819 - poweroff_10_10_results - INFO - FlyncFind_averageEnhancedSyn: 13.51974949467831
2024-07-06 22:06:48,819 - poweroff_10_10_results - INFO - FlyncFind_averageEnhancedDis: 0.0
2024-07-06 22:06:48,819 - poweroff_10_10_results - INFO - FlyncFind_averageEnhancedCollisionNum: 1.0
2024-07-06 22:06:48,819 - poweroff_10_10_results - INFO - Pulsar_averageEnhancedSyn: 35.96707148333535
2024-07-06 22:06:48,819 - poweroff_10_10_results - INFO - Pulsar_averageEnhancedDis: 1.9032844739861865
2024-07-06 22:06:48,819 - poweroff_10_10_results - INFO - Pulsar_averageEnhancedCollisionNum: 1.0
2024-07-06 22:08:39,410 - poweroff_10_10_results - INFO - *******************OFFICE_TRACE*******************
2024-07-06 22:08:39,411 - poweroff_10_10_results - INFO - Find_averageSyn: 89595.252
2024-07-06 22:08:39,411 - poweroff_10_10_results - INFO - Find_averageDis: 0.0
2024-07-06 22:08:39,411 - poweroff_10_10_results - INFO - Find_averageCollisionNum: 2.8
2024-07-06 22:08:39,411 - poweroff_10_10_results - INFO - Find_sumCollisionNum: 28
2024-07-06 22:08:39,411 - poweroff_10_10_results - INFO - FlyncFind_averageSyn: 15753.36
2024-07-06 22:08:39,411 - poweroff_10_10_results - INFO - FlyncFind_averageDis: 0.0
2024-07-06 22:08:39,411 - poweroff_10_10_results - INFO - FlyncFind_averageCollisionNum: 30.6
2024-07-06 22:08:39,411 - poweroff_10_10_results - INFO - FlyncFind_sumCollisionNum: 306
2024-07-06 22:08:39,411 - poweroff_10_10_results - INFO - Pulsar_averageSyn: 36370.296
2024-07-06 22:08:39,412 - poweroff_10_10_results - INFO - Pulsar_averageDis: 13199.5
2024-07-06 22:08:39,412 - poweroff_10_10_results - INFO - Pulsar_averageCollisionNum: 0.3
2024-07-06 22:08:39,412 - poweroff_10_10_results - INFO - Pulsar_sumCollisionNum: 3
2024-07-06 22:08:39,412 - poweroff_10_10_results - INFO - Free_beacon_averageSyn: 1404.032
2024-07-06 22:08:39,412 - poweroff_10_10_results - INFO - Free_beacon_averageDis: 4242.6
2024-07-06 22:08:39,412 - poweroff_10_10_results - INFO - Free_beacon_averageCollisionNum: 0.0
2024-07-06 22:08:39,412 - poweroff_10_10_results - INFO - Free_beacon_sumCollisionNum: 0
2024-07-06 22:08:39,412 - poweroff_10_10_results - INFO - Find_averageEnhancedSyn: 63.81282762786033
2024-07-06 22:08:39,412 - poweroff_10_10_results - INFO - Find_averageEnhancedDis: 0.0
2024-07-06 22:08:39,413 - poweroff_10_10_results - INFO - Find_averageEnhancedCollisionNum: 1.0
2024-07-06 22:08:39,413 - poweroff_10_10_results - INFO - FlyncFind_averageEnhancedSyn: 11.22008615188258
2024-07-06 22:08:39,413 - poweroff_10_10_results - INFO - FlyncFind_averageEnhancedDis: 0.0
2024-07-06 22:08:39,413 - poweroff_10_10_results - INFO - FlyncFind_averageEnhancedCollisionNum: 1.0000000000000002
2024-07-06 22:08:39,413 - poweroff_10_10_results - INFO - Pulsar_averageEnhancedSyn: 25.904178822135112
2024-07-06 22:08:39,413 - poweroff_10_10_results - INFO - Pulsar_averageEnhancedDis: 3.111181822467355
2024-07-06 22:08:39,414 - poweroff_10_10_results - INFO - Pulsar_averageEnhancedCollisionNum: 1.0
2024-07-06 22:19:06,116 - poweroff_10_10_results - INFO - *******************WASHER_TRACE*******************
2024-07-06 22:19:06,116 - poweroff_10_10_results - INFO - Find_averageSyn: 5636234.0
2024-07-06 22:19:06,116 - poweroff_10_10_results - INFO - Find_averageDis: 0.0
2024-07-06 22:19:06,116 - poweroff_10_10_results - INFO - Find_averageCollisionNum: 1.4
2024-07-06 22:19:06,116 - poweroff_10_10_results - INFO - Find_sumCollisionNum: 14
2024-07-06 22:19:06,117 - poweroff_10_10_results - INFO - FlyncFind_averageSyn: 2254062.04
2024-07-06 22:19:06,117 - poweroff_10_10_results - INFO - FlyncFind_averageDis: 0.0
2024-07-06 22:19:06,117 - poweroff_10_10_results - INFO - FlyncFind_averageCollisionNum: 4.0
2024-07-06 22:19:06,117 - poweroff_10_10_results - INFO - FlyncFind_sumCollisionNum: 40
2024-07-06 22:19:06,117 - poweroff_10_10_results - INFO - Pulsar_averageSyn: 2519038.57
2024-07-06 22:19:06,117 - poweroff_10_10_results - INFO - Pulsar_averageDis: 153980.1
2024-07-06 22:19:06,117 - poweroff_10_10_results - INFO - Pulsar_averageCollisionNum: 0.0
2024-07-06 22:19:06,117 - poweroff_10_10_results - INFO - Pulsar_sumCollisionNum: 0
2024-07-06 22:19:06,117 - poweroff_10_10_results - INFO - Free_beacon_averageSyn: 206877.932
2024-07-06 22:19:06,118 - poweroff_10_10_results - INFO - Free_beacon_averageDis: 85888.5
2024-07-06 22:19:06,118 - poweroff_10_10_results - INFO - Free_beacon_averageCollisionNum: 0.0
2024-07-06 22:19:06,118 - poweroff_10_10_results - INFO - Free_beacon_sumCollisionNum: 0
2024-07-06 22:19:06,118 - poweroff_10_10_results - INFO - Find_averageEnhancedSyn: 27.244249521983814
2024-07-06 22:19:06,118 - poweroff_10_10_results - INFO - Find_averageEnhancedDis: 0.0
2024-07-06 22:19:06,118 - poweroff_10_10_results - INFO - Find_averageEnhancedCollisionNum: 1.0
2024-07-06 22:19:06,119 - poweroff_10_10_results - INFO - FlyncFind_averageEnhancedSyn: 10.89561374772443
2024-07-06 22:19:06,119 - poweroff_10_10_results - INFO - FlyncFind_averageEnhancedDis: 0.0
2024-07-06 22:19:06,119 - poweroff_10_10_results - INFO - FlyncFind_averageEnhancedCollisionNum: 1.0
2024-07-06 22:19:06,119 - poweroff_10_10_results - INFO - Pulsar_averageEnhancedSyn: 12.176448911911976
2024-07-06 22:19:06,119 - poweroff_10_10_results - INFO - Pulsar_averageEnhancedDis: 1.7927906529977822
2024-07-06 22:19:06,119 - poweroff_10_10_results - INFO - Pulsar_averageEnhancedCollisionNum: 0.0
