2024-07-06 19:38:19,414 - poweroff_10_1_results - INFO - *******************STATIC_TRACE*******************
2024-07-06 19:38:19,414 - poweroff_10_1_results - INFO - Find_averageSyn: 42060.068
2024-07-06 19:38:19,414 - poweroff_10_1_results - INFO - Find_averageDis: 0.0
2024-07-06 19:38:19,414 - poweroff_10_1_results - INFO - Find_averageCollisionNum: 4.0
2024-07-06 19:38:19,414 - poweroff_10_1_results - INFO - Find_sumCollisionNum: 40
2024-07-06 19:38:19,414 - poweroff_10_1_results - INFO - FlyncFind_averageSyn: 14050.832
2024-07-06 19:38:19,415 - poweroff_10_1_results - INFO - FlyncFind_averageDis: 0.0
2024-07-06 19:38:19,415 - poweroff_10_1_results - INFO - FlyncFind_averageCollisionNum: 78.0
2024-07-06 19:38:19,415 - poweroff_10_1_results - INFO - FlyncFind_sumCollisionNum: 780
2024-07-06 19:38:19,415 - poweroff_10_1_results - INFO - Pulsar_averageSyn: 45394.596
2024-07-06 19:38:19,415 - poweroff_10_1_results - INFO - Pulsar_averageDis: 4756.6
2024-07-06 19:38:19,415 - poweroff_10_1_results - INFO - Pulsar_averageCollisionNum: 0.8
2024-07-06 19:38:19,415 - poweroff_10_1_results - INFO - Pulsar_sumCollisionNum: 8
2024-07-06 19:38:19,415 - poweroff_10_1_results - INFO - Free_beacon_averageSyn: 2437.292
2024-07-06 19:38:19,415 - poweroff_10_1_results - INFO - Free_beacon_averageDis: 11933.4
2024-07-06 19:38:19,415 - poweroff_10_1_results - INFO - Free_beacon_averageCollisionNum: 2.3
2024-07-06 19:38:19,416 - poweroff_10_1_results - INFO - Free_beacon_sumCollisionNum: 23
2024-07-06 19:38:19,416 - poweroff_10_1_results - INFO - Find_averageEnhancedSyn: 17.256885100349077
2024-07-06 19:38:19,416 - poweroff_10_1_results - INFO - Find_averageEnhancedDis: 0.0
2024-07-06 19:38:19,416 - poweroff_10_1_results - INFO - Find_averageEnhancedCollisionNum: 1.0
2024-07-06 19:38:19,416 - poweroff_10_1_results - INFO - FlyncFind_averageEnhancedSyn: 5.76493583862746
2024-07-06 19:38:19,416 - poweroff_10_1_results - INFO - FlyncFind_averageEnhancedDis: 0.0
2024-07-06 19:38:19,417 - poweroff_10_1_results - INFO - FlyncFind_averageEnhancedCollisionNum: 0.9999999999999998
2024-07-06 19:38:19,417 - poweroff_10_1_results - INFO - Pulsar_averageEnhancedSyn: 18.62501333447121
2024-07-06 19:38:19,417 - poweroff_10_1_results - INFO - Pulsar_averageEnhancedDis: 0.39859553857241026
2024-07-06 19:38:19,417 - poweroff_10_1_results - INFO - Pulsar_averageEnhancedCollisionNum: 1.0
2024-07-06 19:42:07,319 - poweroff_10_1_results - INFO - *******************COMPLEX_TRACE*******************
2024-07-06 19:42:07,319 - poweroff_10_1_results - INFO - Find_averageSyn: 356305.328
2024-07-06 19:42:07,319 - poweroff_10_1_results - INFO - Find_averageDis: 0.0
2024-07-06 19:42:07,319 - poweroff_10_1_results - INFO - Find_averageCollisionNum: 1.6
2024-07-06 19:42:07,319 - poweroff_10_1_results - INFO - Find_sumCollisionNum: 16
2024-07-06 19:42:07,319 - poweroff_10_1_results - INFO - FlyncFind_averageSyn: 41716.76
2024-07-06 19:42:07,319 - poweroff_10_1_results - INFO - FlyncFind_averageDis: 0.0
2024-07-06 19:42:07,320 - poweroff_10_1_results - INFO - FlyncFind_averageCollisionNum: 16.0
2024-07-06 19:42:07,320 - poweroff_10_1_results - INFO - FlyncFind_sumCollisionNum: 160
2024-07-06 19:42:07,320 - poweroff_10_1_results - INFO - Pulsar_averageSyn: 110233.048
2024-07-06 19:42:07,320 - poweroff_10_1_results - INFO - Pulsar_averageDis: 14687.9
2024-07-06 19:42:07,320 - poweroff_10_1_results - INFO - Pulsar_averageCollisionNum: 0.0
2024-07-06 19:42:07,320 - poweroff_10_1_results - INFO - Pulsar_sumCollisionNum: 0
2024-07-06 19:42:07,320 - poweroff_10_1_results - INFO - Free_beacon_averageSyn: 2579.888
2024-07-06 19:42:07,320 - poweroff_10_1_results - INFO - Free_beacon_averageDis: 6088.8
2024-07-06 19:42:07,320 - poweroff_10_1_results - INFO - Free_beacon_averageCollisionNum: 0.0
2024-07-06 19:42:07,320 - poweroff_10_1_results - INFO - Free_beacon_sumCollisionNum: 0
2024-07-06 19:42:07,321 - poweroff_10_1_results - INFO - Find_averageEnhancedSyn: 138.1088357324039
2024-07-06 19:42:07,321 - poweroff_10_1_results - INFO - Find_averageEnhancedDis: 0.0
2024-07-06 19:42:07,321 - poweroff_10_1_results - INFO - Find_averageEnhancedCollisionNum: 1.0
2024-07-06 19:42:07,321 - poweroff_10_1_results - INFO - FlyncFind_averageEnhancedSyn: 16.1699887747065
2024-07-06 19:42:07,321 - poweroff_10_1_results - INFO - FlyncFind_averageEnhancedDis: 0.0
2024-07-06 19:42:07,321 - poweroff_10_1_results - INFO - FlyncFind_averageEnhancedCollisionNum: 1.0
2024-07-06 19:42:07,322 - poweroff_10_1_results - INFO - Pulsar_averageEnhancedSyn: 42.72784244897453
2024-07-06 19:42:07,322 - poweroff_10_1_results - INFO - Pulsar_averageEnhancedDis: 2.4122815661542503
2024-07-06 19:42:07,322 - poweroff_10_1_results - INFO - Pulsar_averageEnhancedCollisionNum: 0.0
2024-07-06 19:43:42,051 - poweroff_10_1_results - INFO - *******************STAIRS_TRACE*******************
2024-07-06 19:43:42,052 - poweroff_10_1_results - INFO - Find_averageSyn: 13110.188
2024-07-06 19:43:42,052 - poweroff_10_1_results - INFO - Find_averageDis: 0.0
2024-07-06 19:43:42,052 - poweroff_10_1_results - INFO - Find_averageCollisionNum: 9.8
2024-07-06 19:43:42,052 - poweroff_10_1_results - INFO - Find_sumCollisionNum: 98
2024-07-06 19:43:42,052 - poweroff_10_1_results - INFO - FlyncFind_averageSyn: 11541.94
2024-07-06 19:43:42,052 - poweroff_10_1_results - INFO - FlyncFind_averageDis: 0.0
2024-07-06 19:43:42,052 - poweroff_10_1_results - INFO - FlyncFind_averageCollisionNum: 328.4
2024-07-06 19:43:42,052 - poweroff_10_1_results - INFO - FlyncFind_sumCollisionNum: 3284
2024-07-06 19:43:42,053 - poweroff_10_1_results - INFO - Pulsar_averageSyn: 11704.108
2024-07-06 19:43:42,053 - poweroff_10_1_results - INFO - Pulsar_averageDis: 4702.7
2024-07-06 19:43:42,053 - poweroff_10_1_results - INFO - Pulsar_averageCollisionNum: 0.7
2024-07-06 19:43:42,053 - poweroff_10_1_results - INFO - Pulsar_sumCollisionNum: 7
2024-07-06 19:43:42,053 - poweroff_10_1_results - INFO - Free_beacon_averageSyn: 119.036
2024-07-06 19:43:42,053 - poweroff_10_1_results - INFO - Free_beacon_averageDis: 4818.9
2024-07-06 19:43:42,053 - poweroff_10_1_results - INFO - Free_beacon_averageCollisionNum: 2.5
2024-07-06 19:43:42,053 - poweroff_10_1_results - INFO - Free_beacon_sumCollisionNum: 25
2024-07-06 19:43:42,053 - poweroff_10_1_results - INFO - Find_averageEnhancedSyn: 110.13632850566215
2024-07-06 19:43:42,054 - poweroff_10_1_results - INFO - Find_averageEnhancedDis: 0.0
2024-07-06 19:43:42,054 - poweroff_10_1_results - INFO - Find_averageEnhancedCollisionNum: 0.9999999999999997
2024-07-06 19:43:42,054 - poweroff_10_1_results - INFO - FlyncFind_averageEnhancedSyn: 96.96175946772405
2024-07-06 19:43:42,054 - poweroff_10_1_results - INFO - FlyncFind_averageEnhancedDis: 0.0
2024-07-06 19:43:42,054 - poweroff_10_1_results - INFO - FlyncFind_averageEnhancedCollisionNum: 1.0
2024-07-06 19:43:42,054 - poweroff_10_1_results - INFO - Pulsar_averageEnhancedSyn: 98.32410363251454
2024-07-06 19:43:42,055 - poweroff_10_1_results - INFO - Pulsar_averageEnhancedDis: 0.9758866131274773
2024-07-06 19:43:42,055 - poweroff_10_1_results - INFO - Pulsar_averageEnhancedCollisionNum: 1.0
2024-07-06 20:07:32,001 - poweroff_10_1_results - INFO - *******************CARS_TRACE*******************
2024-07-06 20:07:32,001 - poweroff_10_1_results - INFO - Find_averageSyn: 46571810.428
2024-07-06 20:07:32,001 - poweroff_10_1_results - INFO - Find_averageDis: 0.0
2024-07-06 20:07:32,001 - poweroff_10_1_results - INFO - Find_averageCollisionNum: 0.0
2024-07-06 20:07:32,001 - poweroff_10_1_results - INFO - Find_sumCollisionNum: 0
2024-07-06 20:07:32,001 - poweroff_10_1_results - INFO - FlyncFind_averageSyn: 4673996.92
2024-07-06 20:07:32,001 - poweroff_10_1_results - INFO - FlyncFind_averageDis: 0.0
2024-07-06 20:07:32,002 - poweroff_10_1_results - INFO - FlyncFind_averageCollisionNum: 2.0
2024-07-06 20:07:32,002 - poweroff_10_1_results - INFO - FlyncFind_sumCollisionNum: 20
2024-07-06 20:07:32,002 - poweroff_10_1_results - INFO - Pulsar_averageSyn: 2805830.658
2024-07-06 20:07:32,002 - poweroff_10_1_results - INFO - Pulsar_averageDis: 470746.7
2024-07-06 20:07:32,002 - poweroff_10_1_results - INFO - Pulsar_averageCollisionNum: 0.0
2024-07-06 20:07:32,002 - poweroff_10_1_results - INFO - Pulsar_sumCollisionNum: 0
2024-07-06 20:07:32,002 - poweroff_10_1_results - INFO - Free_beacon_averageSyn: 460979.312
2024-07-06 20:07:32,002 - poweroff_10_1_results - INFO - Free_beacon_averageDis: 68905.5
2024-07-06 20:07:32,002 - poweroff_10_1_results - INFO - Free_beacon_averageCollisionNum: 0.0
2024-07-06 20:07:32,002 - poweroff_10_1_results - INFO - Free_beacon_sumCollisionNum: 0
2024-07-06 20:07:32,003 - poweroff_10_1_results - INFO - Find_averageEnhancedSyn: 101.02798372001563
2024-07-06 20:07:32,003 - poweroff_10_1_results - INFO - Find_averageEnhancedDis: 0.0
2024-07-06 20:07:32,003 - poweroff_10_1_results - INFO - Find_averageEnhancedCollisionNum: 0.0
2024-07-06 20:07:32,003 - poweroff_10_1_results - INFO - FlyncFind_averageEnhancedSyn: 10.13927696607782
2024-07-06 20:07:32,003 - poweroff_10_1_results - INFO - FlyncFind_averageEnhancedDis: 0.0
2024-07-06 20:07:32,003 - poweroff_10_1_results - INFO - FlyncFind_averageEnhancedCollisionNum: 1.0
2024-07-06 20:07:32,004 - poweroff_10_1_results - INFO - Pulsar_averageEnhancedSyn: 6.086673707387545
2024-07-06 20:07:32,004 - poweroff_10_1_results - INFO - Pulsar_averageEnhancedDis: 6.831772500018141
2024-07-06 20:07:32,004 - poweroff_10_1_results - INFO - Pulsar_averageEnhancedCollisionNum: 0.0
2024-07-06 20:11:56,919 - poweroff_10_1_results - INFO - *******************JOGGING_TRACE*******************
2024-07-06 20:11:56,919 - poweroff_10_1_results - INFO - Find_averageSyn: 598939.98
2024-07-06 20:11:56,919 - poweroff_10_1_results - INFO - Find_averageDis: 0.0
2024-07-06 20:11:56,919 - poweroff_10_1_results - INFO - Find_averageCollisionNum: 1.4
2024-07-06 20:11:56,919 - poweroff_10_1_results - INFO - Find_sumCollisionNum: 14
2024-07-06 20:11:56,920 - poweroff_10_1_results - INFO - FlyncFind_averageSyn: 69939.312
2024-07-06 20:11:56,920 - poweroff_10_1_results - INFO - FlyncFind_averageDis: 0.0
2024-07-06 20:11:56,920 - poweroff_10_1_results - INFO - FlyncFind_averageCollisionNum: 7.4
2024-07-06 20:11:56,920 - poweroff_10_1_results - INFO - FlyncFind_sumCollisionNum: 74
2024-07-06 20:11:56,920 - poweroff_10_1_results - INFO - Pulsar_averageSyn: 265053.842
2024-07-06 20:11:56,920 - poweroff_10_1_results - INFO - Pulsar_averageDis: 26272.7
2024-07-06 20:11:56,920 - poweroff_10_1_results - INFO - Pulsar_averageCollisionNum: 0.0
2024-07-06 20:11:56,920 - poweroff_10_1_results - INFO - Pulsar_sumCollisionNum: 0
2024-07-06 20:11:56,920 - poweroff_10_1_results - INFO - Free_beacon_averageSyn: 5663.144
2024-07-06 20:11:56,920 - poweroff_10_1_results - INFO - Free_beacon_averageDis: 13565.4
2024-07-06 20:11:56,920 - poweroff_10_1_results - INFO - Free_beacon_averageCollisionNum: 0.0
2024-07-06 20:11:56,921 - poweroff_10_1_results - INFO - Free_beacon_sumCollisionNum: 0
2024-07-06 20:11:56,921 - poweroff_10_1_results - INFO - Find_averageEnhancedSyn: 105.76103662559171
2024-07-06 20:11:56,921 - poweroff_10_1_results - INFO - Find_averageEnhancedDis: 0.0
2024-07-06 20:11:56,921 - poweroff_10_1_results - INFO - Find_averageEnhancedCollisionNum: 0.9999999999999998
2024-07-06 20:11:56,921 - poweroff_10_1_results - INFO - FlyncFind_averageEnhancedSyn: 12.349908813902667
2024-07-06 20:11:56,921 - poweroff_10_1_results - INFO - FlyncFind_averageEnhancedDis: 0.0
2024-07-06 20:11:56,922 - poweroff_10_1_results - INFO - FlyncFind_averageEnhancedCollisionNum: 0.9999999999999998
2024-07-06 20:11:56,922 - poweroff_10_1_results - INFO - Pulsar_averageEnhancedSyn: 46.80330254713636
2024-07-06 20:11:56,922 - poweroff_10_1_results - INFO - Pulsar_averageEnhancedDis: 1.9367434797352088
2024-07-06 20:11:56,922 - poweroff_10_1_results - INFO - Pulsar_averageEnhancedCollisionNum: 0.0
2024-07-06 20:13:55,172 - poweroff_10_1_results - INFO - *******************OFFICE_TRACE*******************
2024-07-06 20:13:55,173 - poweroff_10_1_results - INFO - Find_averageSyn: 85298.888
2024-07-06 20:13:55,173 - poweroff_10_1_results - INFO - Find_averageDis: 0.0
2024-07-06 20:13:55,173 - poweroff_10_1_results - INFO - Find_averageCollisionNum: 1.8
2024-07-06 20:13:55,173 - poweroff_10_1_results - INFO - Find_sumCollisionNum: 18
2024-07-06 20:13:55,173 - poweroff_10_1_results - INFO - FlyncFind_averageSyn: 14760.92
2024-07-06 20:13:55,173 - poweroff_10_1_results - INFO - FlyncFind_averageDis: 0.0
2024-07-06 20:13:55,173 - poweroff_10_1_results - INFO - FlyncFind_averageCollisionNum: 30.0
2024-07-06 20:13:55,173 - poweroff_10_1_results - INFO - FlyncFind_sumCollisionNum: 300
2024-07-06 20:13:55,173 - poweroff_10_1_results - INFO - Pulsar_averageSyn: 50387.636
2024-07-06 20:13:55,173 - poweroff_10_1_results - INFO - Pulsar_averageDis: 12516.6
2024-07-06 20:13:55,174 - poweroff_10_1_results - INFO - Pulsar_averageCollisionNum: 0.2
2024-07-06 20:13:55,174 - poweroff_10_1_results - INFO - Pulsar_sumCollisionNum: 2
2024-07-06 20:13:55,174 - poweroff_10_1_results - INFO - Free_beacon_averageSyn: 1418.924
2024-07-06 20:13:55,174 - poweroff_10_1_results - INFO - Free_beacon_averageDis: 5441.1
2024-07-06 20:13:55,174 - poweroff_10_1_results - INFO - Free_beacon_averageCollisionNum: 1.2
2024-07-06 20:13:55,174 - poweroff_10_1_results - INFO - Free_beacon_sumCollisionNum: 12
2024-07-06 20:13:55,174 - poweroff_10_1_results - INFO - Find_averageEnhancedSyn: 60.115191511314215
2024-07-06 20:13:55,174 - poweroff_10_1_results - INFO - Find_averageEnhancedDis: 0.0
2024-07-06 20:13:55,174 - poweroff_10_1_results - INFO - Find_averageEnhancedCollisionNum: 1.0
2024-07-06 20:13:55,175 - poweroff_10_1_results - INFO - FlyncFind_averageEnhancedSyn: 10.402896842959876
2024-07-06 20:13:55,175 - poweroff_10_1_results - INFO - FlyncFind_averageEnhancedDis: 0.0
2024-07-06 20:13:55,175 - poweroff_10_1_results - INFO - FlyncFind_averageEnhancedCollisionNum: 0.9999999999999998
2024-07-06 20:13:55,175 - poweroff_10_1_results - INFO - Pulsar_averageEnhancedSyn: 35.511159160039576
2024-07-06 20:13:55,175 - poweroff_10_1_results - INFO - Pulsar_averageEnhancedDis: 2.3003804377791255
2024-07-06 20:13:55,175 - poweroff_10_1_results - INFO - Pulsar_averageEnhancedCollisionNum: 1.0
2024-07-06 20:22:52,278 - poweroff_10_1_results - INFO - *******************WASHER_TRACE*******************
2024-07-06 20:22:52,278 - poweroff_10_1_results - INFO - Find_averageSyn: 5236038.08
2024-07-06 20:22:52,278 - poweroff_10_1_results - INFO - Find_averageDis: 0.0
2024-07-06 20:22:52,278 - poweroff_10_1_results - INFO - Find_averageCollisionNum: 0.0
2024-07-06 20:22:52,278 - poweroff_10_1_results - INFO - Find_sumCollisionNum: 0
2024-07-06 20:22:52,279 - poweroff_10_1_results - INFO - FlyncFind_averageSyn: 2406180.208
2024-07-06 20:22:52,279 - poweroff_10_1_results - INFO - FlyncFind_averageDis: 0.0
2024-07-06 20:22:52,279 - poweroff_10_1_results - INFO - FlyncFind_averageCollisionNum: 3.8
2024-07-06 20:22:52,279 - poweroff_10_1_results - INFO - FlyncFind_sumCollisionNum: 38
2024-07-06 20:22:52,279 - poweroff_10_1_results - INFO - Pulsar_averageSyn: 2438879.196
2024-07-06 20:22:52,279 - poweroff_10_1_results - INFO - Pulsar_averageDis: 253764.7
2024-07-06 20:22:52,279 - poweroff_10_1_results - INFO - Pulsar_averageCollisionNum: 0.2
2024-07-06 20:22:52,279 - poweroff_10_1_results - INFO - Pulsar_sumCollisionNum: 2
2024-07-06 20:22:52,279 - poweroff_10_1_results - INFO - Free_beacon_averageSyn: 188060.564
2024-07-06 20:22:52,279 - poweroff_10_1_results - INFO - Free_beacon_averageDis: 116396.7
2024-07-06 20:22:52,280 - poweroff_10_1_results - INFO - Free_beacon_averageCollisionNum: 0.0
2024-07-06 20:22:52,280 - poweroff_10_1_results - INFO - Free_beacon_sumCollisionNum: 0
2024-07-06 20:22:52,280 - poweroff_10_1_results - INFO - Find_averageEnhancedSyn: 27.842297016614285
2024-07-06 20:22:52,280 - poweroff_10_1_results - INFO - Find_averageEnhancedDis: 0.0
2024-07-06 20:22:52,280 - poweroff_10_1_results - INFO - Find_averageEnhancedCollisionNum: 0.0
2024-07-06 20:22:52,280 - poweroff_10_1_results - INFO - FlyncFind_averageEnhancedSyn: 12.794709091694525
2024-07-06 20:22:52,280 - poweroff_10_1_results - INFO - FlyncFind_averageEnhancedDis: 0.0
2024-07-06 20:22:52,281 - poweroff_10_1_results - INFO - FlyncFind_averageEnhancedCollisionNum: 0.9999999999999998
2024-07-06 20:22:52,281 - poweroff_10_1_results - INFO - Pulsar_averageEnhancedSyn: 12.968583865355205
2024-07-06 20:22:52,281 - poweroff_10_1_results - INFO - Pulsar_averageEnhancedDis: 2.1801709154984636
2024-07-06 20:22:52,281 - poweroff_10_1_results - INFO - Pulsar_averageEnhancedCollisionNum: 1.0
