2024-07-10 01:30:28,806 - poweroff_50_10_results - INFO - *******************STATIC_TRACE*******************
2024-07-10 01:30:28,807 - poweroff_50_10_results - INFO - Find_averageSyn: 274099.3872
2024-07-10 01:30:28,807 - poweroff_50_10_results - INFO - Find_averageDis: 0.0
2024-07-10 01:30:28,807 - poweroff_50_10_results - INFO - Find_averageCollisionNum: 24.6
2024-07-10 01:30:28,807 - poweroff_50_10_results - INFO - Find_sumCollisionNum: 1230
2024-07-10 01:30:28,807 - poweroff_50_10_results - INFO - FlyncFind_averageSyn: 1386892.8
2024-07-10 01:30:28,807 - poweroff_50_10_results - INFO - FlyncFind_averageDis: 0.0
2024-07-10 01:30:28,807 - poweroff_50_10_results - INFO - FlyncFind_averageCollisionNum: 3627.24
2024-07-10 01:30:28,807 - poweroff_50_10_results - INFO - FlyncFind_sumCollisionNum: 181362
2024-07-10 01:30:28,808 - poweroff_50_10_results - INFO - Pulsar_averageSyn: 27923.124
2024-07-10 01:30:28,808 - poweroff_50_10_results - INFO - Pulsar_averageDis: 404604.08
2024-07-10 01:30:28,808 - poweroff_50_10_results - INFO - Pulsar_averageCollisionNum: 3.66
2024-07-10 01:30:28,808 - poweroff_50_10_results - INFO - Pulsar_sumCollisionNum: 183
2024-07-10 01:30:28,808 - poweroff_50_10_results - INFO - Free_beacon_averageSyn: 1628.1512
2024-07-10 01:30:28,808 - poweroff_50_10_results - INFO - Free_beacon_averageDis: 44511.08
2024-07-10 01:30:28,808 - poweroff_50_10_results - INFO - Free_beacon_averageCollisionNum: 3.72
2024-07-10 01:30:28,808 - poweroff_50_10_results - INFO - Free_beacon_sumCollisionNum: 186
2024-07-10 01:30:28,809 - poweroff_50_10_results - INFO - Find_averageEnhancedSyn: 168.350081491203
2024-07-10 01:30:28,809 - poweroff_50_10_results - INFO - Find_averageEnhancedDis: 0.0
2024-07-10 01:30:28,809 - poweroff_50_10_results - INFO - Find_averageEnhancedCollisionNum: 0.9999999999999999
2024-07-10 01:30:28,810 - poweroff_50_10_results - INFO - FlyncFind_averageEnhancedSyn: 851.8206417192703
2024-07-10 01:30:28,810 - poweroff_50_10_results - INFO - FlyncFind_averageEnhancedDis: 0.0
2024-07-10 01:30:28,810 - poweroff_50_10_results - INFO - FlyncFind_averageEnhancedCollisionNum: 1.0000000000000002
2024-07-10 01:30:28,811 - poweroff_50_10_results - INFO - Pulsar_averageEnhancedSyn: 17.150203248936585
2024-07-10 01:30:28,811 - poweroff_50_10_results - INFO - Pulsar_averageEnhancedDis: 9.089963218147032
2024-07-10 01:30:28,811 - poweroff_50_10_results - INFO - Pulsar_averageEnhancedCollisionNum: 1.0
2024-07-10 03:33:22,334 - poweroff_50_10_results - INFO - *******************COMPLEX_TRACE*******************
2024-07-10 03:33:22,334 - poweroff_50_10_results - INFO - Find_averageSyn: 1603516.848
2024-07-10 03:33:22,334 - poweroff_50_10_results - INFO - Find_averageDis: 0.0
2024-07-10 03:33:22,334 - poweroff_50_10_results - INFO - Find_averageCollisionNum: 7.92
2024-07-10 03:33:22,334 - poweroff_50_10_results - INFO - Find_sumCollisionNum: 396
2024-07-10 03:33:22,335 - poweroff_50_10_results - INFO - FlyncFind_averageSyn: 636829.248
2024-07-10 03:33:22,335 - poweroff_50_10_results - INFO - FlyncFind_averageDis: 0.0
2024-07-10 03:33:22,335 - poweroff_50_10_results - INFO - FlyncFind_averageCollisionNum: 165.6
2024-07-10 03:33:22,335 - poweroff_50_10_results - INFO - FlyncFind_sumCollisionNum: 8280
2024-07-10 03:33:22,335 - poweroff_50_10_results - INFO - Pulsar_averageSyn: 167057.864
2024-07-10 03:33:22,335 - poweroff_50_10_results - INFO - Pulsar_averageDis: 654489.98
2024-07-10 03:33:22,335 - poweroff_50_10_results - INFO - Pulsar_averageCollisionNum: 0.56
2024-07-10 03:33:22,336 - poweroff_50_10_results - INFO - Pulsar_sumCollisionNum: 28
2024-07-10 03:33:22,336 - poweroff_50_10_results - INFO - Free_beacon_averageSyn: 3844.9216
2024-07-10 03:33:22,336 - poweroff_50_10_results - INFO - Free_beacon_averageDis: 40645.9
2024-07-10 03:33:22,336 - poweroff_50_10_results - INFO - Free_beacon_averageCollisionNum: 0.58
2024-07-10 03:33:22,336 - poweroff_50_10_results - INFO - Free_beacon_sumCollisionNum: 29
2024-07-10 03:33:22,337 - poweroff_50_10_results - INFO - Find_averageEnhancedSyn: 417.0479959851457
2024-07-10 03:33:22,337 - poweroff_50_10_results - INFO - Find_averageEnhancedDis: 0.0
2024-07-10 03:33:22,337 - poweroff_50_10_results - INFO - Find_averageEnhancedCollisionNum: 0.9999999999999999
2024-07-10 03:33:22,338 - poweroff_50_10_results - INFO - FlyncFind_averageEnhancedSyn: 165.62866925557077
2024-07-10 03:33:22,338 - poweroff_50_10_results - INFO - FlyncFind_averageEnhancedDis: 0.0
2024-07-10 03:33:22,338 - poweroff_50_10_results - INFO - FlyncFind_averageEnhancedCollisionNum: 1.0
2024-07-10 03:33:22,339 - poweroff_50_10_results - INFO - Pulsar_averageEnhancedSyn: 43.44896499320038
2024-07-10 03:33:22,339 - poweroff_50_10_results - INFO - Pulsar_averageEnhancedDis: 16.102238602171436
2024-07-10 03:33:22,339 - poweroff_50_10_results - INFO - Pulsar_averageEnhancedCollisionNum: 1.0
2024-07-10 12:45:48,754 - poweroff_50_10_results - INFO - *******************STAIRS_TRACE*******************
2024-07-10 12:45:48,755 - poweroff_50_10_results - INFO - Find_averageSyn: 106456.136
2024-07-10 12:45:48,755 - poweroff_50_10_results - INFO - Find_averageDis: 0.0
2024-07-10 12:45:48,755 - poweroff_50_10_results - INFO - Find_averageCollisionNum: 69.44
2024-07-10 12:45:48,755 - poweroff_50_10_results - INFO - Find_sumCollisionNum: 3472
2024-07-10 12:45:48,755 - poweroff_50_10_results - INFO - FlyncFind_averageSyn: 3199836.112
2024-07-10 12:45:48,756 - poweroff_50_10_results - INFO - FlyncFind_averageDis: 0.0
2024-07-10 12:45:48,756 - poweroff_50_10_results - INFO - FlyncFind_averageCollisionNum: 14770.92
2024-07-10 12:45:48,756 - poweroff_50_10_results - INFO - FlyncFind_sumCollisionNum: 738546
2024-07-10 12:45:48,756 - poweroff_50_10_results - INFO - Pulsar_averageSyn: 9991.0704
2024-07-10 12:45:48,756 - poweroff_50_10_results - INFO - Pulsar_averageDis: 251384.46
2024-07-10 12:45:48,756 - poweroff_50_10_results - INFO - Pulsar_averageCollisionNum: 2.52
2024-07-10 12:45:48,756 - poweroff_50_10_results - INFO - Pulsar_sumCollisionNum: 126
2024-07-10 12:45:48,757 - poweroff_50_10_results - INFO - Free_beacon_averageSyn: 159.8864
2024-07-10 12:45:48,757 - poweroff_50_10_results - INFO - Free_beacon_averageDis: 36589.38
2024-07-10 12:45:48,757 - poweroff_50_10_results - INFO - Free_beacon_averageCollisionNum: 6.52
2024-07-10 12:45:48,757 - poweroff_50_10_results - INFO - Free_beacon_sumCollisionNum: 326
2024-07-10 12:45:48,757 - poweroff_50_10_results - INFO - Find_averageEnhancedSyn: 665.823584745169
2024-07-10 12:45:48,758 - poweroff_50_10_results - INFO - Find_averageEnhancedDis: 0.0
2024-07-10 12:45:48,758 - poweroff_50_10_results - INFO - Find_averageEnhancedCollisionNum: 1.0000000000000002
2024-07-10 12:45:48,758 - poweroff_50_10_results - INFO - FlyncFind_averageEnhancedSyn: 20013.18506139359
2024-07-10 12:45:48,759 - poweroff_50_10_results - INFO - FlyncFind_averageEnhancedDis: 0.0
2024-07-10 12:45:48,759 - poweroff_50_10_results - INFO - FlyncFind_averageEnhancedCollisionNum: 1.0
2024-07-10 12:45:48,759 - poweroff_50_10_results - INFO - Pulsar_averageEnhancedSyn: 62.48855687538152
2024-07-10 12:45:48,760 - poweroff_50_10_results - INFO - Pulsar_averageEnhancedDis: 6.8704214173620874
2024-07-10 12:45:48,760 - poweroff_50_10_results - INFO - Pulsar_averageEnhancedCollisionNum: 1.0
2024-07-11 01:35:10,795 - poweroff_50_10_results - INFO - *******************CARS_TRACE*******************
2024-07-11 01:35:10,796 - poweroff_50_10_results - INFO - Find_averageSyn: 258333831.0472
2024-07-11 01:35:10,796 - poweroff_50_10_results - INFO - Find_averageDis: 0.0
2024-07-11 01:35:10,796 - poweroff_50_10_results - INFO - Find_averageCollisionNum: 0.56
2024-07-11 01:35:10,796 - poweroff_50_10_results - INFO - Find_sumCollisionNum: 28
2024-07-11 01:35:10,796 - poweroff_50_10_results - INFO - FlyncFind_averageSyn: 24957551.272
2024-07-11 01:35:10,796 - poweroff_50_10_results - INFO - FlyncFind_averageDis: 0.0
2024-07-11 01:35:10,796 - poweroff_50_10_results - INFO - FlyncFind_averageCollisionNum: 5.28
2024-07-11 01:35:10,796 - poweroff_50_10_results - INFO - FlyncFind_sumCollisionNum: 264
2024-07-11 01:35:10,796 - poweroff_50_10_results - INFO - Pulsar_averageSyn: 2985014.476
2024-07-11 01:35:10,796 - poweroff_50_10_results - INFO - Pulsar_averageDis: 4928838.62
2024-07-11 01:35:10,797 - poweroff_50_10_results - INFO - Pulsar_averageCollisionNum: 0.04
2024-07-11 01:35:10,797 - poweroff_50_10_results - INFO - Pulsar_sumCollisionNum: 2
2024-07-11 01:35:10,797 - poweroff_50_10_results - INFO - Free_beacon_averageSyn: 534221.22
2024-07-11 01:35:10,797 - poweroff_50_10_results - INFO - Free_beacon_averageDis: 841613.04
2024-07-11 01:35:10,797 - poweroff_50_10_results - INFO - Free_beacon_averageCollisionNum: 0.0
2024-07-11 01:35:10,797 - poweroff_50_10_results - INFO - Free_beacon_sumCollisionNum: 0
2024-07-11 01:35:10,798 - poweroff_50_10_results - INFO - Find_averageEnhancedSyn: 483.57089043973207
2024-07-11 01:35:10,798 - poweroff_50_10_results - INFO - Find_averageEnhancedDis: 0.0
2024-07-11 01:35:10,798 - poweroff_50_10_results - INFO - Find_averageEnhancedCollisionNum: 1.0
2024-07-11 01:35:10,798 - poweroff_50_10_results - INFO - FlyncFind_averageEnhancedSyn: 46.7176337023827
2024-07-11 01:35:10,798 - poweroff_50_10_results - INFO - FlyncFind_averageEnhancedDis: 0.0
2024-07-11 01:35:10,798 - poweroff_50_10_results - INFO - FlyncFind_averageEnhancedCollisionNum: 1.0
2024-07-11 01:35:10,799 - poweroff_50_10_results - INFO - Pulsar_averageEnhancedSyn: 5.587599975905113
2024-07-11 01:35:10,799 - poweroff_50_10_results - INFO - Pulsar_averageEnhancedDis: 5.856419026016992
2024-07-11 01:35:10,799 - poweroff_50_10_results - INFO - Pulsar_averageEnhancedCollisionNum: 1.0
2024-07-11 03:50:17,464 - poweroff_50_10_results - INFO - *******************JOGGING_TRACE*******************
2024-07-11 03:50:17,465 - poweroff_50_10_results - INFO - Find_averageSyn: 2524412.4696
2024-07-11 03:50:17,465 - poweroff_50_10_results - INFO - Find_averageDis: 0.0
2024-07-11 03:50:17,465 - poweroff_50_10_results - INFO - Find_averageCollisionNum: 6.76
2024-07-11 03:50:17,465 - poweroff_50_10_results - INFO - Find_sumCollisionNum: 338
2024-07-11 03:50:17,465 - poweroff_50_10_results - INFO - FlyncFind_averageSyn: 841110.288
2024-07-11 03:50:17,466 - poweroff_50_10_results - INFO - FlyncFind_averageDis: 0.0
2024-07-11 03:50:17,466 - poweroff_50_10_results - INFO - FlyncFind_averageCollisionNum: 112.68
2024-07-11 03:50:17,466 - poweroff_50_10_results - INFO - FlyncFind_sumCollisionNum: 5634
2024-07-11 03:50:17,466 - poweroff_50_10_results - INFO - Pulsar_averageSyn: 293398.708
2024-07-11 03:50:17,466 - poweroff_50_10_results - INFO - Pulsar_averageDis: 743993.4
2024-07-11 03:50:17,466 - poweroff_50_10_results - INFO - Pulsar_averageCollisionNum: 0.12
2024-07-11 03:50:17,466 - poweroff_50_10_results - INFO - Pulsar_sumCollisionNum: 6
2024-07-11 03:50:17,467 - poweroff_50_10_results - INFO - Free_beacon_averageSyn: 7192.1488
2024-07-11 03:50:17,467 - poweroff_50_10_results - INFO - Free_beacon_averageDis: 75557.72
2024-07-11 03:50:17,467 - poweroff_50_10_results - INFO - Free_beacon_averageCollisionNum: 0.32
2024-07-11 03:50:17,467 - poweroff_50_10_results - INFO - Free_beacon_sumCollisionNum: 16
2024-07-11 03:50:17,468 - poweroff_50_10_results - INFO - Find_averageEnhancedSyn: 350.9955841847988
2024-07-11 03:50:17,468 - poweroff_50_10_results - INFO - Find_averageEnhancedDis: 0.0
2024-07-11 03:50:17,468 - poweroff_50_10_results - INFO - Find_averageEnhancedCollisionNum: 1.0
2024-07-11 03:50:17,469 - poweroff_50_10_results - INFO - FlyncFind_averageEnhancedSyn: 116.94839906538084
2024-07-11 03:50:17,469 - poweroff_50_10_results - INFO - FlyncFind_averageEnhancedDis: 0.0
2024-07-11 03:50:17,469 - poweroff_50_10_results - INFO - FlyncFind_averageEnhancedCollisionNum: 1.0
2024-07-11 03:50:17,470 - poweroff_50_10_results - INFO - Pulsar_averageEnhancedSyn: 40.79430447823882
2024-07-11 03:50:17,470 - poweroff_50_10_results - INFO - Pulsar_averageEnhancedDis: 9.846689391898009
2024-07-11 03:50:17,470 - poweroff_50_10_results - INFO - Pulsar_averageEnhancedCollisionNum: 1.0
2024-07-11 05:50:21,477 - poweroff_50_10_results - INFO - *******************OFFICE_TRACE*******************
2024-07-11 05:50:21,477 - poweroff_50_10_results - INFO - Find_averageSyn: 540402.7096
2024-07-11 05:50:21,478 - poweroff_50_10_results - INFO - Find_averageDis: 0.0
2024-07-11 05:50:21,478 - poweroff_50_10_results - INFO - Find_averageCollisionNum: 15.6
2024-07-11 05:50:21,478 - poweroff_50_10_results - INFO - Find_sumCollisionNum: 780
2024-07-11 05:50:21,478 - poweroff_50_10_results - INFO - FlyncFind_averageSyn: 641722.0688
2024-07-11 05:50:21,478 - poweroff_50_10_results - INFO - FlyncFind_averageDis: 0.0
2024-07-11 05:50:21,478 - poweroff_50_10_results - INFO - FlyncFind_averageCollisionNum: 637.0
2024-07-11 05:50:21,478 - poweroff_50_10_results - INFO - FlyncFind_sumCollisionNum: 31850
2024-07-11 05:50:21,479 - poweroff_50_10_results - INFO - Pulsar_averageSyn: 71438.62
2024-07-11 05:50:21,479 - poweroff_50_10_results - INFO - Pulsar_averageDis: 412115.56
2024-07-11 05:50:21,479 - poweroff_50_10_results - INFO - Pulsar_averageCollisionNum: 1.12
2024-07-11 05:50:21,479 - poweroff_50_10_results - INFO - Pulsar_sumCollisionNum: 56
2024-07-11 05:50:21,479 - poweroff_50_10_results - INFO - Free_beacon_averageSyn: 1661.356
2024-07-11 05:50:21,479 - poweroff_50_10_results - INFO - Free_beacon_averageDis: 26579.64
2024-07-11 05:50:21,479 - poweroff_50_10_results - INFO - Free_beacon_averageCollisionNum: 1.6
2024-07-11 05:50:21,479 - poweroff_50_10_results - INFO - Free_beacon_sumCollisionNum: 80
2024-07-11 05:50:21,480 - poweroff_50_10_results - INFO - Find_averageEnhancedSyn: 325.2780918719407
2024-07-11 05:50:21,480 - poweroff_50_10_results - INFO - Find_averageEnhancedDis: 0.0
2024-07-11 05:50:21,480 - poweroff_50_10_results - INFO - Find_averageEnhancedCollisionNum: 1.0000000000000002
2024-07-11 05:50:21,481 - poweroff_50_10_results - INFO - FlyncFind_averageEnhancedSyn: 386.2640329947344
2024-07-11 05:50:21,481 - poweroff_50_10_results - INFO - FlyncFind_averageEnhancedDis: 0.0
2024-07-11 05:50:21,481 - poweroff_50_10_results - INFO - FlyncFind_averageEnhancedCollisionNum: 1.0
2024-07-11 05:50:21,482 - poweroff_50_10_results - INFO - Pulsar_averageEnhancedSyn: 43.00018779840082
2024-07-11 05:50:21,482 - poweroff_50_10_results - INFO - Pulsar_averageEnhancedDis: 15.504933851624777
2024-07-11 05:50:21,482 - poweroff_50_10_results - INFO - Pulsar_averageEnhancedCollisionNum: 1.0
2024-07-11 07:53:43,278 - poweroff_50_10_results - INFO - *******************WASHER_TRACE*******************
2024-07-11 07:53:43,279 - poweroff_50_10_results - INFO - Find_averageSyn: 8190578.2904
2024-07-11 07:53:43,279 - poweroff_50_10_results - INFO - Find_averageDis: 0.0
2024-07-11 07:53:43,279 - poweroff_50_10_results - INFO - Find_averageCollisionNum: 8.08
2024-07-11 07:53:43,279 - poweroff_50_10_results - INFO - Find_sumCollisionNum: 404
2024-07-11 07:53:43,279 - poweroff_50_10_results - INFO - FlyncFind_averageSyn: 4598085.224
2024-07-11 07:53:43,279 - poweroff_50_10_results - INFO - FlyncFind_averageDis: 0.0
2024-07-11 07:53:43,280 - poweroff_50_10_results - INFO - FlyncFind_averageCollisionNum: 27.2
2024-07-11 07:53:43,280 - poweroff_50_10_results - INFO - FlyncFind_sumCollisionNum: 1360
2024-07-11 07:53:43,280 - poweroff_50_10_results - INFO - Pulsar_averageSyn: 2249938.388
2024-07-11 07:53:43,280 - poweroff_50_10_results - INFO - Pulsar_averageDis: 4744696.46
2024-07-11 07:53:43,280 - poweroff_50_10_results - INFO - Pulsar_averageCollisionNum: 0.28
2024-07-11 07:53:43,280 - poweroff_50_10_results - INFO - Pulsar_sumCollisionNum: 14
2024-07-11 07:53:43,280 - poweroff_50_10_results - INFO - Free_beacon_averageSyn: 215874.9824
2024-07-11 07:53:43,281 - poweroff_50_10_results - INFO - Free_beacon_averageDis: 1883573.32
2024-07-11 07:53:43,281 - poweroff_50_10_results - INFO - Free_beacon_averageCollisionNum: 0.04
2024-07-11 07:53:43,281 - poweroff_50_10_results - INFO - Free_beacon_sumCollisionNum: 2
2024-07-11 07:53:43,281 - poweroff_50_10_results - INFO - Find_averageEnhancedSyn: 37.941303801584006
2024-07-11 07:53:43,282 - poweroff_50_10_results - INFO - Find_averageEnhancedDis: 0.0
2024-07-11 07:53:43,282 - poweroff_50_10_results - INFO - Find_averageEnhancedCollisionNum: 1.0
2024-07-11 07:53:43,282 - poweroff_50_10_results - INFO - FlyncFind_averageEnhancedSyn: 21.29975957788428
2024-07-11 07:53:43,283 - poweroff_50_10_results - INFO - FlyncFind_averageEnhancedDis: 0.0
2024-07-11 07:53:43,283 - poweroff_50_10_results - INFO - FlyncFind_averageEnhancedCollisionNum: 1.0
2024-07-11 07:53:43,283 - poweroff_50_10_results - INFO - Pulsar_averageEnhancedSyn: 10.422413764606748
2024-07-11 07:53:43,284 - poweroff_50_10_results - INFO - Pulsar_averageEnhancedDis: 2.51898686906438
2024-07-11 07:53:43,284 - poweroff_50_10_results - INFO - Pulsar_averageEnhancedCollisionNum: 0.9999999999999999
