2024-07-12 22:11:56,382 - poweroff_50_30_results - INFO - *******************STATIC_TRACE*******************
2024-07-12 22:11:56,383 - poweroff_50_30_results - INFO - Find_averageSyn: 292428.1072
2024-07-12 22:11:56,383 - poweroff_50_30_results - INFO - Find_averageDis: 0.0
2024-07-12 22:11:56,383 - poweroff_50_30_results - INFO - Find_averageCollisionNum: 21.52
2024-07-12 22:11:56,383 - poweroff_50_30_results - INFO - Find_sumCollisionNum: 1076
2024-07-12 22:11:56,383 - poweroff_50_30_results - INFO - FlyncFind_averageSyn: 1055408.8776
2024-07-12 22:11:56,383 - poweroff_50_30_results - INFO - FlyncFind_averageDis: 0.0
2024-07-12 22:11:56,384 - poweroff_50_30_results - INFO - FlyncFind_averageCollisionNum: 2386.28
2024-07-12 22:11:56,384 - poweroff_50_30_results - INFO - FlyncFind_sumCollisionNum: 119314
2024-07-12 22:11:56,384 - poweroff_50_30_results - INFO - Pulsar_averageSyn: 26048.0776
2024-07-12 22:11:56,384 - poweroff_50_30_results - INFO - Pulsar_averageDis: 308314.62
2024-07-12 22:11:56,384 - poweroff_50_30_results - INFO - Pulsar_averageCollisionNum: 1.96
2024-07-12 22:11:56,384 - poweroff_50_30_results - INFO - Pulsar_sumCollisionNum: 98
2024-07-12 22:11:56,384 - poweroff_50_30_results - INFO - Free_beacon_averageSyn: 1343.4344
2024-07-12 22:11:56,384 - poweroff_50_30_results - INFO - Free_beacon_averageDis: 43792.76
2024-07-12 22:11:56,385 - poweroff_50_30_results - INFO - Free_beacon_averageCollisionNum: 5.26
2024-07-12 22:11:56,385 - poweroff_50_30_results - INFO - Free_beacon_sumCollisionNum: 263
2024-07-12 22:11:56,385 - poweroff_50_30_results - INFO - Find_averageEnhancedSyn: 217.6720405551622
2024-07-12 22:11:56,386 - poweroff_50_30_results - INFO - Find_averageEnhancedDis: 0.0
2024-07-12 22:11:56,386 - poweroff_50_30_results - INFO - Find_averageEnhancedCollisionNum: 0.9999999999999999
2024-07-12 22:11:56,386 - poweroff_50_30_results - INFO - FlyncFind_averageEnhancedSyn: 785.6050713008391
2024-07-12 22:11:56,387 - poweroff_50_30_results - INFO - FlyncFind_averageEnhancedDis: 0.0
2024-07-12 22:11:56,387 - poweroff_50_30_results - INFO - FlyncFind_averageEnhancedCollisionNum: 1.0
2024-07-12 22:11:56,387 - poweroff_50_30_results - INFO - Pulsar_averageEnhancedSyn: 19.389169727974807
2024-07-12 22:11:56,388 - poweroff_50_30_results - INFO - Pulsar_averageEnhancedDis: 7.040310316134447
2024-07-12 22:11:56,388 - poweroff_50_30_results - INFO - Pulsar_averageEnhancedCollisionNum: 1.0
2024-07-13 00:20:35,663 - poweroff_50_30_results - INFO - *******************COMPLEX_TRACE*******************
2024-07-13 00:20:35,663 - poweroff_50_30_results - INFO - Find_averageSyn: 1899384.268
2024-07-13 00:20:35,663 - poweroff_50_30_results - INFO - Find_averageDis: 0.0
2024-07-13 00:20:35,663 - poweroff_50_30_results - INFO - Find_averageCollisionNum: 6.72
2024-07-13 00:20:35,664 - poweroff_50_30_results - INFO - Find_sumCollisionNum: 336
2024-07-13 00:20:35,664 - poweroff_50_30_results - INFO - FlyncFind_averageSyn: 653520.6928
2024-07-13 00:20:35,664 - poweroff_50_30_results - INFO - FlyncFind_averageDis: 0.0
2024-07-13 00:20:35,664 - poweroff_50_30_results - INFO - FlyncFind_averageCollisionNum: 138.8
2024-07-13 00:20:35,664 - poweroff_50_30_results - INFO - FlyncFind_sumCollisionNum: 6940
2024-07-13 00:20:35,664 - poweroff_50_30_results - INFO - Pulsar_averageSyn: 174553.6896
2024-07-13 00:20:35,664 - poweroff_50_30_results - INFO - Pulsar_averageDis: 625326.16
2024-07-13 00:20:35,665 - poweroff_50_30_results - INFO - Pulsar_averageCollisionNum: 0.82
2024-07-13 00:20:35,665 - poweroff_50_30_results - INFO - Pulsar_sumCollisionNum: 41
2024-07-13 00:20:35,665 - poweroff_50_30_results - INFO - Free_beacon_averageSyn: 5109.612
2024-07-13 00:20:35,665 - poweroff_50_30_results - INFO - Free_beacon_averageDis: 50731.06
2024-07-13 00:20:35,665 - poweroff_50_30_results - INFO - Free_beacon_averageCollisionNum: 0.72
2024-07-13 00:20:35,665 - poweroff_50_30_results - INFO - Free_beacon_sumCollisionNum: 36
2024-07-13 00:20:35,666 - poweroff_50_30_results - INFO - Find_averageEnhancedSyn: 371.7276904782594
2024-07-13 00:20:35,666 - poweroff_50_30_results - INFO - Find_averageEnhancedDis: 0.0
2024-07-13 00:20:35,666 - poweroff_50_30_results - INFO - Find_averageEnhancedCollisionNum: 1.0
2024-07-13 00:20:35,667 - poweroff_50_30_results - INFO - FlyncFind_averageEnhancedSyn: 127.90025794522167
2024-07-13 00:20:35,667 - poweroff_50_30_results - INFO - FlyncFind_averageEnhancedDis: 0.0
2024-07-13 00:20:35,667 - poweroff_50_30_results - INFO - FlyncFind_averageEnhancedCollisionNum: 1.0
2024-07-13 00:20:35,668 - poweroff_50_30_results - INFO - Pulsar_averageEnhancedSyn: 34.16182864765466
2024-07-13 00:20:35,668 - poweroff_50_30_results - INFO - Pulsar_averageEnhancedDis: 12.326297932666892
2024-07-13 00:20:35,668 - poweroff_50_30_results - INFO - Pulsar_averageEnhancedCollisionNum: 1.0
2024-07-13 09:15:10,209 - poweroff_50_30_results - INFO - *******************STAIRS_TRACE*******************
2024-07-13 09:15:10,209 - poweroff_50_30_results - INFO - Find_averageSyn: 106885.2144
2024-07-13 09:15:10,210 - poweroff_50_30_results - INFO - Find_averageDis: 0.0
2024-07-13 09:15:10,210 - poweroff_50_30_results - INFO - Find_averageCollisionNum: 53.36
2024-07-13 09:15:10,210 - poweroff_50_30_results - INFO - Find_sumCollisionNum: 2668
2024-07-13 09:15:10,210 - poweroff_50_30_results - INFO - FlyncFind_averageSyn: 3047799.704
2024-07-13 09:15:10,210 - poweroff_50_30_results - INFO - FlyncFind_averageDis: 0.0
2024-07-13 09:15:10,210 - poweroff_50_30_results - INFO - FlyncFind_averageCollisionNum: 12893.24
2024-07-13 09:15:10,210 - poweroff_50_30_results - INFO - FlyncFind_sumCollisionNum: 644662
2024-07-13 09:15:10,211 - poweroff_50_30_results - INFO - Pulsar_averageSyn: 8343.7408
2024-07-13 09:15:10,211 - poweroff_50_30_results - INFO - Pulsar_averageDis: 266640.4
2024-07-13 09:15:10,211 - poweroff_50_30_results - INFO - Pulsar_averageCollisionNum: 3.1
2024-07-13 09:15:10,211 - poweroff_50_30_results - INFO - Pulsar_sumCollisionNum: 155
2024-07-13 09:15:10,211 - poweroff_50_30_results - INFO - Free_beacon_averageSyn: 232.5288
2024-07-13 09:15:10,211 - poweroff_50_30_results - INFO - Free_beacon_averageDis: 33111.2
2024-07-13 09:15:10,211 - poweroff_50_30_results - INFO - Free_beacon_averageCollisionNum: 6.18
2024-07-13 09:15:10,211 - poweroff_50_30_results - INFO - Free_beacon_sumCollisionNum: 309
2024-07-13 09:15:10,212 - poweroff_50_30_results - INFO - Find_averageEnhancedSyn: 459.66441318236707
2024-07-13 09:15:10,212 - poweroff_50_30_results - INFO - Find_averageEnhancedDis: 0.0
2024-07-13 09:15:10,212 - poweroff_50_30_results - INFO - Find_averageEnhancedCollisionNum: 0.9999999999999997
2024-07-13 09:15:10,213 - poweroff_50_30_results - INFO - FlyncFind_averageEnhancedSyn: 13107.192330584427
2024-07-13 09:15:10,213 - poweroff_50_30_results - INFO - FlyncFind_averageEnhancedDis: 0.0
2024-07-13 09:15:10,213 - poweroff_50_30_results - INFO - FlyncFind_averageEnhancedCollisionNum: 1.0
2024-07-13 09:15:10,214 - poweroff_50_30_results - INFO - Pulsar_averageEnhancedSyn: 35.88261239037917
2024-07-13 09:15:10,214 - poweroff_50_30_results - INFO - Pulsar_averageEnhancedDis: 8.052876368117134
2024-07-13 09:15:10,214 - poweroff_50_30_results - INFO - Pulsar_averageEnhancedCollisionNum: 0.9999999999999999
2024-07-13 23:51:34,440 - poweroff_50_30_results - INFO - *******************CARS_TRACE*******************
2024-07-13 23:51:34,440 - poweroff_50_30_results - INFO - Find_averageSyn: 313769889.7624
2024-07-13 23:51:34,440 - poweroff_50_30_results - INFO - Find_averageDis: 0.0
2024-07-13 23:51:34,440 - poweroff_50_30_results - INFO - Find_averageCollisionNum: 0.44
2024-07-13 23:51:34,440 - poweroff_50_30_results - INFO - Find_sumCollisionNum: 22
2024-07-13 23:51:34,441 - poweroff_50_30_results - INFO - FlyncFind_averageSyn: 29183805.696
2024-07-13 23:51:34,441 - poweroff_50_30_results - INFO - FlyncFind_averageDis: 0.0
2024-07-13 23:51:34,441 - poweroff_50_30_results - INFO - FlyncFind_averageCollisionNum: 5.72
2024-07-13 23:51:34,441 - poweroff_50_30_results - INFO - FlyncFind_sumCollisionNum: 286
2024-07-13 23:51:34,441 - poweroff_50_30_results - INFO - Pulsar_averageSyn: 3141440.8148
2024-07-13 23:51:34,441 - poweroff_50_30_results - INFO - Pulsar_averageDis: 5373844.34
2024-07-13 23:51:34,442 - poweroff_50_30_results - INFO - Pulsar_averageCollisionNum: 0.0
2024-07-13 23:51:34,442 - poweroff_50_30_results - INFO - Pulsar_sumCollisionNum: 0
2024-07-13 23:51:34,442 - poweroff_50_30_results - INFO - Free_beacon_averageSyn: 618849.1132
2024-07-13 23:51:34,442 - poweroff_50_30_results - INFO - Free_beacon_averageDis: 797636.54
2024-07-13 23:51:34,442 - poweroff_50_30_results - INFO - Free_beacon_averageCollisionNum: 0.04
2024-07-13 23:51:34,442 - poweroff_50_30_results - INFO - Free_beacon_sumCollisionNum: 2
2024-07-13 23:51:34,443 - poweroff_50_30_results - INFO - Find_averageEnhancedSyn: 507.021635920153
2024-07-13 23:51:34,443 - poweroff_50_30_results - INFO - Find_averageEnhancedDis: 0.0
2024-07-13 23:51:34,443 - poweroff_50_30_results - INFO - Find_averageEnhancedCollisionNum: 1.0
2024-07-13 23:51:34,444 - poweroff_50_30_results - INFO - FlyncFind_averageEnhancedSyn: 47.15819264100385
2024-07-13 23:51:34,444 - poweroff_50_30_results - INFO - FlyncFind_averageEnhancedDis: 0.0
2024-07-13 23:51:34,445 - poweroff_50_30_results - INFO - FlyncFind_averageEnhancedCollisionNum: 1.0000000000000002
2024-07-13 23:51:34,445 - poweroff_50_30_results - INFO - Pulsar_averageEnhancedSyn: 5.076262933554124
2024-07-13 23:51:34,445 - poweroff_50_30_results - INFO - Pulsar_averageEnhancedDis: 6.737209330956678
2024-07-13 23:51:34,446 - poweroff_50_30_results - INFO - Pulsar_averageEnhancedCollisionNum: 0.0
2024-07-14 02:12:10,841 - poweroff_50_30_results - INFO - *******************JOGGING_TRACE*******************
2024-07-14 02:12:10,842 - poweroff_50_30_results - INFO - Find_averageSyn: 2803415.8712
2024-07-14 02:12:10,842 - poweroff_50_30_results - INFO - Find_averageDis: 0.0
2024-07-14 02:12:10,842 - poweroff_50_30_results - INFO - Find_averageCollisionNum: 5.96
2024-07-14 02:12:10,842 - poweroff_50_30_results - INFO - Find_sumCollisionNum: 298
2024-07-14 02:12:10,843 - poweroff_50_30_results - INFO - FlyncFind_averageSyn: 899412.408
2024-07-14 02:12:10,843 - poweroff_50_30_results - INFO - FlyncFind_averageDis: 0.0
2024-07-14 02:12:10,843 - poweroff_50_30_results - INFO - FlyncFind_averageCollisionNum: 98.76
2024-07-14 02:12:10,843 - poweroff_50_30_results - INFO - FlyncFind_sumCollisionNum: 4938
2024-07-14 02:12:10,843 - poweroff_50_30_results - INFO - Pulsar_averageSyn: 278497.7356
2024-07-14 02:12:10,843 - poweroff_50_30_results - INFO - Pulsar_averageDis: 863424.82
2024-07-14 02:12:10,843 - poweroff_50_30_results - INFO - Pulsar_averageCollisionNum: 0.36
2024-07-14 02:12:10,843 - poweroff_50_30_results - INFO - Pulsar_sumCollisionNum: 18
2024-07-14 02:12:10,844 - poweroff_50_30_results - INFO - Free_beacon_averageSyn: 9436.576
2024-07-14 02:12:10,844 - poweroff_50_30_results - INFO - Free_beacon_averageDis: 78332.32
2024-07-14 02:12:10,844 - poweroff_50_30_results - INFO - Free_beacon_averageCollisionNum: 0.52
2024-07-14 02:12:10,844 - poweroff_50_30_results - INFO - Free_beacon_sumCollisionNum: 26
2024-07-14 02:12:10,845 - poweroff_50_30_results - INFO - Find_averageEnhancedSyn: 297.0797746131648
2024-07-14 02:12:10,845 - poweroff_50_30_results - INFO - Find_averageEnhancedDis: 0.0
2024-07-14 02:12:10,845 - poweroff_50_30_results - INFO - Find_averageEnhancedCollisionNum: 1.0
2024-07-14 02:12:10,846 - poweroff_50_30_results - INFO - FlyncFind_averageEnhancedSyn: 95.3113086780629
2024-07-14 02:12:10,846 - poweroff_50_30_results - INFO - FlyncFind_averageEnhancedDis: 0.0
2024-07-14 02:12:10,846 - poweroff_50_30_results - INFO - FlyncFind_averageEnhancedCollisionNum: 1.0
2024-07-14 02:12:10,847 - poweroff_50_30_results - INFO - Pulsar_averageEnhancedSyn: 29.512583335311458
2024-07-14 02:12:10,847 - poweroff_50_30_results - INFO - Pulsar_averageEnhancedDis: 11.022587100701216
2024-07-14 02:12:10,847 - poweroff_50_30_results - INFO - Pulsar_averageEnhancedCollisionNum: 1.0
2024-07-14 04:06:45,577 - poweroff_50_30_results - INFO - *******************OFFICE_TRACE*******************
2024-07-14 04:06:45,577 - poweroff_50_30_results - INFO - Find_averageSyn: 604953.9424
2024-07-14 04:06:45,578 - poweroff_50_30_results - INFO - Find_averageDis: 0.0
2024-07-14 04:06:45,578 - poweroff_50_30_results - INFO - Find_averageCollisionNum: 11.48
2024-07-14 04:06:45,578 - poweroff_50_30_results - INFO - Find_sumCollisionNum: 574
2024-07-14 04:06:45,578 - poweroff_50_30_results - INFO - FlyncFind_averageSyn: 613680.184
2024-07-14 04:06:45,578 - poweroff_50_30_results - INFO - FlyncFind_averageDis: 0.0
2024-07-14 04:06:45,578 - poweroff_50_30_results - INFO - FlyncFind_averageCollisionNum: 506.32
2024-07-14 04:06:45,578 - poweroff_50_30_results - INFO - FlyncFind_sumCollisionNum: 25316
2024-07-14 04:06:45,579 - poweroff_50_30_results - INFO - Pulsar_averageSyn: 55814.92
2024-07-14 04:06:45,579 - poweroff_50_30_results - INFO - Pulsar_averageDis: 357710.0
2024-07-14 04:06:45,579 - poweroff_50_30_results - INFO - Pulsar_averageCollisionNum: 1.1
2024-07-14 04:06:45,579 - poweroff_50_30_results - INFO - Pulsar_sumCollisionNum: 55
2024-07-14 04:06:45,579 - poweroff_50_30_results - INFO - Free_beacon_averageSyn: 1974.4224
2024-07-14 04:06:45,579 - poweroff_50_30_results - INFO - Free_beacon_averageDis: 37877.8
2024-07-14 04:06:45,579 - poweroff_50_30_results - INFO - Free_beacon_averageCollisionNum: 1.76
2024-07-14 04:06:45,579 - poweroff_50_30_results - INFO - Free_beacon_sumCollisionNum: 88
2024-07-14 04:06:45,580 - poweroff_50_30_results - INFO - Find_averageEnhancedSyn: 306.3954007004783
2024-07-14 04:06:45,580 - poweroff_50_30_results - INFO - Find_averageEnhancedDis: 0.0
2024-07-14 04:06:45,580 - poweroff_50_30_results - INFO - Find_averageEnhancedCollisionNum: 1.0
2024-07-14 04:06:45,581 - poweroff_50_30_results - INFO - FlyncFind_averageEnhancedSyn: 310.8150434273841
2024-07-14 04:06:45,581 - poweroff_50_30_results - INFO - FlyncFind_averageEnhancedDis: 0.0
2024-07-14 04:06:45,581 - poweroff_50_30_results - INFO - FlyncFind_averageEnhancedCollisionNum: 1.0
2024-07-14 04:06:45,582 - poweroff_50_30_results - INFO - Pulsar_averageEnhancedSyn: 28.268986413444257
2024-07-14 04:06:45,582 - poweroff_50_30_results - INFO - Pulsar_averageEnhancedDis: 9.443790294050869
2024-07-14 04:06:45,582 - poweroff_50_30_results - INFO - Pulsar_averageEnhancedCollisionNum: 1.0
2024-07-14 06:21:03,380 - poweroff_50_30_results - INFO - *******************WASHER_TRACE*******************
2024-07-14 06:21:03,381 - poweroff_50_30_results - INFO - Find_averageSyn: 7925555.9688
2024-07-14 06:21:03,381 - poweroff_50_30_results - INFO - Find_averageDis: 0.0
2024-07-14 06:21:03,381 - poweroff_50_30_results - INFO - Find_averageCollisionNum: 7.88
2024-07-14 06:21:03,381 - poweroff_50_30_results - INFO - Find_sumCollisionNum: 394
2024-07-14 06:21:03,382 - poweroff_50_30_results - INFO - FlyncFind_averageSyn: 5175516.7504
2024-07-14 06:21:03,382 - poweroff_50_30_results - INFO - FlyncFind_averageDis: 0.0
2024-07-14 06:21:03,382 - poweroff_50_30_results - INFO - FlyncFind_averageCollisionNum: 22.96
2024-07-14 06:21:03,382 - poweroff_50_30_results - INFO - FlyncFind_sumCollisionNum: 1148
2024-07-14 06:21:03,382 - poweroff_50_30_results - INFO - Pulsar_averageSyn: 2270621.4356
2024-07-14 06:21:03,382 - poweroff_50_30_results - INFO - Pulsar_averageDis: 4602884.8
2024-07-14 06:21:03,383 - poweroff_50_30_results - INFO - Pulsar_averageCollisionNum: 0.04
2024-07-14 06:21:03,383 - poweroff_50_30_results - INFO - Pulsar_sumCollisionNum: 2
2024-07-14 06:21:03,383 - poweroff_50_30_results - INFO - Free_beacon_averageSyn: 251120.488
2024-07-14 06:21:03,383 - poweroff_50_30_results - INFO - Free_beacon_averageDis: 338086.08
2024-07-14 06:21:03,383 - poweroff_50_30_results - INFO - Free_beacon_averageCollisionNum: 0.18
2024-07-14 06:21:03,383 - poweroff_50_30_results - INFO - Free_beacon_sumCollisionNum: 9
2024-07-14 06:21:03,384 - poweroff_50_30_results - INFO - Find_averageEnhancedSyn: 31.560770018892285
2024-07-14 06:21:03,384 - poweroff_50_30_results - INFO - Find_averageEnhancedDis: 0.0
2024-07-14 06:21:03,384 - poweroff_50_30_results - INFO - Find_averageEnhancedCollisionNum: 1.0
2024-07-14 06:21:03,385 - poweroff_50_30_results - INFO - FlyncFind_averageEnhancedSyn: 20.609695336367775
2024-07-14 06:21:03,385 - poweroff_50_30_results - INFO - FlyncFind_averageEnhancedDis: 0.0
2024-07-14 06:21:03,386 - poweroff_50_30_results - INFO - FlyncFind_averageEnhancedCollisionNum: 1.0
2024-07-14 06:21:03,386 - poweroff_50_30_results - INFO - Pulsar_averageEnhancedSyn: 9.041960111195706
2024-07-14 06:21:03,386 - poweroff_50_30_results - INFO - Pulsar_averageEnhancedDis: 13.61453509118151
2024-07-14 06:21:03,387 - poweroff_50_30_results - INFO - Pulsar_averageEnhancedCollisionNum: 1.0
