2024-07-06 23:16:30,592 - poweroff_10_30_results - INFO - *******************STATIC_TRACE*******************
2024-07-06 23:16:30,593 - poweroff_10_30_results - INFO - Find_averageSyn: 48300.256
2024-07-06 23:16:30,593 - poweroff_10_30_results - INFO - Find_averageDis: 0.0
2024-07-06 23:16:30,593 - poweroff_10_30_results - INFO - Find_averageCollisionNum: 4.2
2024-07-06 23:16:30,593 - poweroff_10_30_results - INFO - Find_sumCollisionNum: 42
2024-07-06 23:16:30,593 - poweroff_10_30_results - INFO - FlyncFind_averageSyn: 10115.96
2024-07-06 23:16:30,593 - poweroff_10_30_results - INFO - FlyncFind_averageDis: 0.0
2024-07-06 23:16:30,593 - poweroff_10_30_results - INFO - FlyncFind_averageCollisionNum: 48.0
2024-07-06 23:16:30,593 - poweroff_10_30_results - INFO - FlyncFind_sumCollisionNum: 480
2024-07-06 23:16:30,593 - poweroff_10_30_results - INFO - Pulsar_averageSyn: 19365.076
2024-07-06 23:16:30,594 - poweroff_10_30_results - INFO - Pulsar_averageDis: 7492.8
2024-07-06 23:16:30,594 - poweroff_10_30_results - INFO - Pulsar_averageCollisionNum: 0.0
2024-07-06 23:16:30,594 - poweroff_10_30_results - INFO - Pulsar_sumCollisionNum: 0
2024-07-06 23:16:30,594 - poweroff_10_30_results - INFO - Free_beacon_averageSyn: 914.224
2024-07-06 23:16:30,594 - poweroff_10_30_results - INFO - Free_beacon_averageDis: 7215.9
2024-07-06 23:16:30,594 - poweroff_10_30_results - INFO - Free_beacon_averageCollisionNum: 1.1
2024-07-06 23:16:30,594 - poweroff_10_30_results - INFO - Free_beacon_sumCollisionNum: 11
2024-07-06 23:16:30,594 - poweroff_10_30_results - INFO - Find_averageEnhancedSyn: 52.831971158053165
2024-07-06 23:16:30,594 - poweroff_10_30_results - INFO - Find_averageEnhancedDis: 0.0
2024-07-06 23:16:30,595 - poweroff_10_30_results - INFO - Find_averageEnhancedCollisionNum: 0.9999999999999997
2024-07-06 23:16:30,595 - poweroff_10_30_results - INFO - FlyncFind_averageEnhancedSyn: 11.065078142774636
2024-07-06 23:16:30,595 - poweroff_10_30_results - INFO - FlyncFind_averageEnhancedDis: 0.0
2024-07-06 23:16:30,595 - poweroff_10_30_results - INFO - FlyncFind_averageEnhancedCollisionNum: 1.0
2024-07-06 23:16:30,595 - poweroff_10_30_results - INFO - Pulsar_averageEnhancedSyn: 21.181981658761966
2024-07-06 23:16:30,595 - poweroff_10_30_results - INFO - Pulsar_averageEnhancedDis: 1.0383735916517691
2024-07-06 23:16:30,596 - poweroff_10_30_results - INFO - Pulsar_averageEnhancedCollisionNum: 0.0
2024-07-06 23:20:46,274 - poweroff_10_30_results - INFO - *******************COMPLEX_TRACE*******************
2024-07-06 23:20:46,274 - poweroff_10_30_results - INFO - Find_averageSyn: 446298.044
2024-07-06 23:20:46,274 - poweroff_10_30_results - INFO - Find_averageDis: 0.0
2024-07-06 23:20:46,274 - poweroff_10_30_results - INFO - Find_averageCollisionNum: 1.0
2024-07-06 23:20:46,274 - poweroff_10_30_results - INFO - Find_sumCollisionNum: 10
2024-07-06 23:20:46,274 - poweroff_10_30_results - INFO - FlyncFind_averageSyn: 49682.16
2024-07-06 23:20:46,274 - poweroff_10_30_results - INFO - FlyncFind_averageDis: 0.0
2024-07-06 23:20:46,275 - poweroff_10_30_results - INFO - FlyncFind_averageCollisionNum: 12.0
2024-07-06 23:20:46,275 - poweroff_10_30_results - INFO - FlyncFind_sumCollisionNum: 120
2024-07-06 23:20:46,275 - poweroff_10_30_results - INFO - Pulsar_averageSyn: 114236.472
2024-07-06 23:20:46,275 - poweroff_10_30_results - INFO - Pulsar_averageDis: 22216.4
2024-07-06 23:20:46,275 - poweroff_10_30_results - INFO - Pulsar_averageCollisionNum: 0.2
2024-07-06 23:20:46,275 - poweroff_10_30_results - INFO - Pulsar_sumCollisionNum: 2
2024-07-06 23:20:46,275 - poweroff_10_30_results - INFO - Free_beacon_averageSyn: 4086.836
2024-07-06 23:20:46,275 - poweroff_10_30_results - INFO - Free_beacon_averageDis: 9327.3
2024-07-06 23:20:46,275 - poweroff_10_30_results - INFO - Free_beacon_averageCollisionNum: 0.3
2024-07-06 23:20:46,275 - poweroff_10_30_results - INFO - Free_beacon_sumCollisionNum: 3
2024-07-06 23:20:46,276 - poweroff_10_30_results - INFO - Find_averageEnhancedSyn: 109.20380558456469
2024-07-06 23:20:46,276 - poweroff_10_30_results - INFO - Find_averageEnhancedDis: 0.0
2024-07-06 23:20:46,276 - poweroff_10_30_results - INFO - Find_averageEnhancedCollisionNum: 1.0
2024-07-06 23:20:46,276 - poweroff_10_30_results - INFO - FlyncFind_averageEnhancedSyn: 12.156631682798137
2024-07-06 23:20:46,276 - poweroff_10_30_results - INFO - FlyncFind_averageEnhancedDis: 0.0
2024-07-06 23:20:46,276 - poweroff_10_30_results - INFO - FlyncFind_averageEnhancedCollisionNum: 0.9999999999999998
2024-07-06 23:20:46,277 - poweroff_10_30_results - INFO - Pulsar_averageEnhancedSyn: 27.95230148701832
2024-07-06 23:20:46,277 - poweroff_10_30_results - INFO - Pulsar_averageEnhancedDis: 2.381868279137586
2024-07-06 23:20:46,277 - poweroff_10_30_results - INFO - Pulsar_averageEnhancedCollisionNum: 1.0
2024-07-06 23:21:49,622 - poweroff_10_30_results - INFO - *******************STAIRS_TRACE*******************
2024-07-06 23:21:49,622 - poweroff_10_30_results - INFO - Find_averageSyn: 13891.98
2024-07-06 23:21:49,622 - poweroff_10_30_results - INFO - Find_averageDis: 0.0
2024-07-06 23:21:49,622 - poweroff_10_30_results - INFO - Find_averageCollisionNum: 7.0
2024-07-06 23:21:49,622 - poweroff_10_30_results - INFO - Find_sumCollisionNum: 70
2024-07-06 23:21:49,622 - poweroff_10_30_results - INFO - FlyncFind_averageSyn: 6837.904
2024-07-06 23:21:49,623 - poweroff_10_30_results - INFO - FlyncFind_averageDis: 0.0
2024-07-06 23:21:49,623 - poweroff_10_30_results - INFO - FlyncFind_averageCollisionNum: 149.0
2024-07-06 23:21:49,623 - poweroff_10_30_results - INFO - FlyncFind_sumCollisionNum: 1490
2024-07-06 23:21:49,623 - poweroff_10_30_results - INFO - Pulsar_averageSyn: 5234.132
2024-07-06 23:21:49,623 - poweroff_10_30_results - INFO - Pulsar_averageDis: 4701.9
2024-07-06 23:21:49,623 - poweroff_10_30_results - INFO - Pulsar_averageCollisionNum: 1.3
2024-07-06 23:21:49,623 - poweroff_10_30_results - INFO - Pulsar_sumCollisionNum: 13
2024-07-06 23:21:49,623 - poweroff_10_30_results - INFO - Free_beacon_averageSyn: 143.312
2024-07-06 23:21:49,623 - poweroff_10_30_results - INFO - Free_beacon_averageDis: 3176.7
2024-07-06 23:21:49,623 - poweroff_10_30_results - INFO - Free_beacon_averageCollisionNum: 1.1
2024-07-06 23:21:49,623 - poweroff_10_30_results - INFO - Free_beacon_sumCollisionNum: 11
2024-07-06 23:21:49,624 - poweroff_10_30_results - INFO - Find_averageEnhancedSyn: 96.93521826504409
2024-07-06 23:21:49,624 - poweroff_10_30_results - INFO - Find_averageEnhancedDis: 0.0
2024-07-06 23:21:49,624 - poweroff_10_30_results - INFO - Find_averageEnhancedCollisionNum: 1.0
2024-07-06 23:21:49,624 - poweroff_10_30_results - INFO - FlyncFind_averageEnhancedSyn: 47.713408507312714
2024-07-06 23:21:49,624 - poweroff_10_30_results - INFO - FlyncFind_averageEnhancedDis: 0.0
2024-07-06 23:21:49,624 - poweroff_10_30_results - INFO - FlyncFind_averageEnhancedCollisionNum: 1.0
2024-07-06 23:21:49,625 - poweroff_10_30_results - INFO - Pulsar_averageEnhancedSyn: 36.522635927207766
2024-07-06 23:21:49,625 - poweroff_10_30_results - INFO - Pulsar_averageEnhancedDis: 1.4801208801586552
2024-07-06 23:21:49,625 - poweroff_10_30_results - INFO - Pulsar_averageEnhancedCollisionNum: 1.0
2024-07-07 00:01:14,589 - poweroff_10_30_results - INFO - *******************CARS_TRACE*******************
2024-07-07 00:01:14,589 - poweroff_10_30_results - INFO - Find_averageSyn: 80159407.584
2024-07-07 00:01:14,590 - poweroff_10_30_results - INFO - Find_averageDis: 0.0
2024-07-07 00:01:14,590 - poweroff_10_30_results - INFO - Find_averageCollisionNum: 0.0
2024-07-07 00:01:14,590 - poweroff_10_30_results - INFO - Find_sumCollisionNum: 0
2024-07-07 00:01:14,590 - poweroff_10_30_results - INFO - FlyncFind_averageSyn: 6560915.64
2024-07-07 00:01:14,590 - poweroff_10_30_results - INFO - FlyncFind_averageDis: 0.0
2024-07-07 00:01:14,590 - poweroff_10_30_results - INFO - FlyncFind_averageCollisionNum: 0.2
2024-07-07 00:01:14,590 - poweroff_10_30_results - INFO - FlyncFind_sumCollisionNum: 2
2024-07-07 00:01:14,590 - poweroff_10_30_results - INFO - Pulsar_averageSyn: 3193419.258
2024-07-07 00:01:14,590 - poweroff_10_30_results - INFO - Pulsar_averageDis: 420149.3
2024-07-07 00:01:14,590 - poweroff_10_30_results - INFO - Pulsar_averageCollisionNum: 0.0
2024-07-07 00:01:14,591 - poweroff_10_30_results - INFO - Pulsar_sumCollisionNum: 0
2024-07-07 00:01:14,591 - poweroff_10_30_results - INFO - Free_beacon_averageSyn: 548164.768
2024-07-07 00:01:14,591 - poweroff_10_30_results - INFO - Free_beacon_averageDis: 73072.2
2024-07-07 00:01:14,591 - poweroff_10_30_results - INFO - Free_beacon_averageCollisionNum: 0.0
2024-07-07 00:01:14,591 - poweroff_10_30_results - INFO - Free_beacon_sumCollisionNum: 0
2024-07-07 00:01:14,591 - poweroff_10_30_results - INFO - Find_averageEnhancedSyn: 146.23232331487603
2024-07-07 00:01:14,591 - poweroff_10_30_results - INFO - Find_averageEnhancedDis: 0.0
2024-07-07 00:01:14,591 - poweroff_10_30_results - INFO - Find_averageEnhancedCollisionNum: 0.0
2024-07-07 00:01:14,592 - poweroff_10_30_results - INFO - FlyncFind_averageEnhancedSyn: 11.968875095598992
2024-07-07 00:01:14,592 - poweroff_10_30_results - INFO - FlyncFind_averageEnhancedDis: 0.0
2024-07-07 00:01:14,592 - poweroff_10_30_results - INFO - FlyncFind_averageEnhancedCollisionNum: 1.0
2024-07-07 00:01:14,592 - poweroff_10_30_results - INFO - Pulsar_averageEnhancedSyn: 5.825655796251392
2024-07-07 00:01:14,592 - poweroff_10_30_results - INFO - Pulsar_averageEnhancedDis: 5.749783091244002
2024-07-07 00:01:14,592 - poweroff_10_30_results - INFO - Pulsar_averageEnhancedCollisionNum: 0.0
2024-07-07 00:05:53,297 - poweroff_10_30_results - INFO - *******************JOGGING_TRACE*******************
2024-07-07 00:05:53,298 - poweroff_10_30_results - INFO - Find_averageSyn: 685413.496
2024-07-07 00:05:53,298 - poweroff_10_30_results - INFO - Find_averageDis: 0.0
2024-07-07 00:05:53,298 - poweroff_10_30_results - INFO - Find_averageCollisionNum: 0.6
2024-07-07 00:05:53,298 - poweroff_10_30_results - INFO - Find_sumCollisionNum: 6
2024-07-07 00:05:53,298 - poweroff_10_30_results - INFO - FlyncFind_averageSyn: 88359.56
2024-07-07 00:05:53,298 - poweroff_10_30_results - INFO - FlyncFind_averageDis: 0.0
2024-07-07 00:05:53,298 - poweroff_10_30_results - INFO - FlyncFind_averageCollisionNum: 6.6
2024-07-07 00:05:53,298 - poweroff_10_30_results - INFO - FlyncFind_sumCollisionNum: 66
2024-07-07 00:05:53,298 - poweroff_10_30_results - INFO - Pulsar_averageSyn: 244702.488
2024-07-07 00:05:53,298 - poweroff_10_30_results - INFO - Pulsar_averageDis: 23547.3
2024-07-07 00:05:53,298 - poweroff_10_30_results - INFO - Pulsar_averageCollisionNum: 0.4
2024-07-07 00:05:53,299 - poweroff_10_30_results - INFO - Pulsar_sumCollisionNum: 4
2024-07-07 00:05:53,299 - poweroff_10_30_results - INFO - Free_beacon_averageSyn: 7650.308
2024-07-07 00:05:53,299 - poweroff_10_30_results - INFO - Free_beacon_averageDis: 8536.8
2024-07-07 00:05:53,299 - poweroff_10_30_results - INFO - Free_beacon_averageCollisionNum: 0.0
2024-07-07 00:05:53,299 - poweroff_10_30_results - INFO - Free_beacon_sumCollisionNum: 0
2024-07-07 00:05:53,299 - poweroff_10_30_results - INFO - Find_averageEnhancedSyn: 89.59292828471743
2024-07-07 00:05:53,299 - poweroff_10_30_results - INFO - Find_averageEnhancedDis: 0.0
2024-07-07 00:05:53,299 - poweroff_10_30_results - INFO - Find_averageEnhancedCollisionNum: 1.0
2024-07-07 00:05:53,300 - poweroff_10_30_results - INFO - FlyncFind_averageEnhancedSyn: 11.549804269318306
2024-07-07 00:05:53,300 - poweroff_10_30_results - INFO - FlyncFind_averageEnhancedDis: 0.0
2024-07-07 00:05:53,300 - poweroff_10_30_results - INFO - FlyncFind_averageEnhancedCollisionNum: 1.0
2024-07-07 00:05:53,300 - poweroff_10_30_results - INFO - Pulsar_averageEnhancedSyn: 31.98596553236811
2024-07-07 00:05:53,300 - poweroff_10_30_results - INFO - Pulsar_averageEnhancedDis: 2.758328647736857
2024-07-07 00:05:53,300 - poweroff_10_30_results - INFO - Pulsar_averageEnhancedCollisionNum: 1.0
2024-07-07 00:08:00,449 - poweroff_10_30_results - INFO - *******************OFFICE_TRACE*******************
2024-07-07 00:08:00,450 - poweroff_10_30_results - INFO - Find_averageSyn: 109221.852
2024-07-07 00:08:00,450 - poweroff_10_30_results - INFO - Find_averageDis: 0.0
2024-07-07 00:08:00,450 - poweroff_10_30_results - INFO - Find_averageCollisionNum: 2.2
2024-07-07 00:08:00,450 - poweroff_10_30_results - INFO - Find_sumCollisionNum: 22
2024-07-07 00:08:00,450 - poweroff_10_30_results - INFO - FlyncFind_averageSyn: 17139.04
2024-07-07 00:08:00,450 - poweroff_10_30_results - INFO - FlyncFind_averageDis: 0.0
2024-07-07 00:08:00,450 - poweroff_10_30_results - INFO - FlyncFind_averageCollisionNum: 27.4
2024-07-07 00:08:00,451 - poweroff_10_30_results - INFO - FlyncFind_sumCollisionNum: 274
2024-07-07 00:08:00,451 - poweroff_10_30_results - INFO - Pulsar_averageSyn: 30292.944
2024-07-07 00:08:00,451 - poweroff_10_30_results - INFO - Pulsar_averageDis: 11017.7
2024-07-07 00:08:00,451 - poweroff_10_30_results - INFO - Pulsar_averageCollisionNum: 0.0
2024-07-07 00:08:00,451 - poweroff_10_30_results - INFO - Pulsar_sumCollisionNum: 0
2024-07-07 00:08:00,451 - poweroff_10_30_results - INFO - Free_beacon_averageSyn: 1676.372
2024-07-07 00:08:00,451 - poweroff_10_30_results - INFO - Free_beacon_averageDis: 5364.6
2024-07-07 00:08:00,451 - poweroff_10_30_results - INFO - Free_beacon_averageCollisionNum: 1.4
2024-07-07 00:08:00,451 - poweroff_10_30_results - INFO - Free_beacon_sumCollisionNum: 14
2024-07-07 00:08:00,452 - poweroff_10_30_results - INFO - Find_averageEnhancedSyn: 65.15370812683581
2024-07-07 00:08:00,452 - poweroff_10_30_results - INFO - Find_averageEnhancedDis: 0.0
2024-07-07 00:08:00,452 - poweroff_10_30_results - INFO - Find_averageEnhancedCollisionNum: 1.0
2024-07-07 00:08:00,452 - poweroff_10_30_results - INFO - FlyncFind_averageEnhancedSyn: 10.223888253919775
2024-07-07 00:08:00,452 - poweroff_10_30_results - INFO - FlyncFind_averageEnhancedDis: 0.0
2024-07-07 00:08:00,452 - poweroff_10_30_results - INFO - FlyncFind_averageEnhancedCollisionNum: 1.0000000000000002
2024-07-07 00:08:00,453 - poweroff_10_30_results - INFO - Pulsar_averageEnhancedSyn: 18.070538042868765
2024-07-07 00:08:00,453 - poweroff_10_30_results - INFO - Pulsar_averageEnhancedDis: 2.0537784736979456
2024-07-07 00:08:00,453 - poweroff_10_30_results - INFO - Pulsar_averageEnhancedCollisionNum: 0.0
2024-07-07 00:19:06,685 - poweroff_10_30_results - INFO - *******************WASHER_TRACE*******************
2024-07-07 00:19:06,685 - poweroff_10_30_results - INFO - Find_averageSyn: 5600384.076
2024-07-07 00:19:06,685 - poweroff_10_30_results - INFO - Find_averageDis: 0.0
2024-07-07 00:19:06,685 - poweroff_10_30_results - INFO - Find_averageCollisionNum: 1.2
2024-07-07 00:19:06,685 - poweroff_10_30_results - INFO - Find_sumCollisionNum: 12
2024-07-07 00:19:06,685 - poweroff_10_30_results - INFO - FlyncFind_averageSyn: 2777328.28
2024-07-07 00:19:06,686 - poweroff_10_30_results - INFO - FlyncFind_averageDis: 0.0
2024-07-07 00:19:06,686 - poweroff_10_30_results - INFO - FlyncFind_averageCollisionNum: 4.0
2024-07-07 00:19:06,686 - poweroff_10_30_results - INFO - FlyncFind_sumCollisionNum: 40
2024-07-07 00:19:06,686 - poweroff_10_30_results - INFO - Pulsar_averageSyn: 2463394.638
2024-07-07 00:19:06,686 - poweroff_10_30_results - INFO - Pulsar_averageDis: 174321.6
2024-07-07 00:19:06,686 - poweroff_10_30_results - INFO - Pulsar_averageCollisionNum: 0.0
2024-07-07 00:19:06,686 - poweroff_10_30_results - INFO - Pulsar_sumCollisionNum: 0
2024-07-07 00:19:06,686 - poweroff_10_30_results - INFO - Free_beacon_averageSyn: 223133.468
2024-07-07 00:19:06,686 - poweroff_10_30_results - INFO - Free_beacon_averageDis: 116988.3
2024-07-07 00:19:06,686 - poweroff_10_30_results - INFO - Free_beacon_averageCollisionNum: 0.0
2024-07-07 00:19:06,686 - poweroff_10_30_results - INFO - Free_beacon_sumCollisionNum: 0
2024-07-07 00:19:06,687 - poweroff_10_30_results - INFO - Find_averageEnhancedSyn: 25.098808019243446
2024-07-07 00:19:06,687 - poweroff_10_30_results - INFO - Find_averageEnhancedDis: 0.0
2024-07-07 00:19:06,687 - poweroff_10_30_results - INFO - Find_averageEnhancedCollisionNum: 1.0000000000000002
2024-07-07 00:19:06,687 - poweroff_10_30_results - INFO - FlyncFind_averageEnhancedSyn: 12.446937274331253
2024-07-07 00:19:06,687 - poweroff_10_30_results - INFO - FlyncFind_averageEnhancedDis: 0.0
2024-07-07 00:19:06,687 - poweroff_10_30_results - INFO - FlyncFind_averageEnhancedCollisionNum: 1.0
2024-07-07 00:19:06,688 - poweroff_10_30_results - INFO - Pulsar_averageEnhancedSyn: 11.040005159602503
2024-07-07 00:19:06,688 - poweroff_10_30_results - INFO - Pulsar_averageEnhancedDis: 1.4900772128494901
2024-07-07 00:19:06,688 - poweroff_10_30_results - INFO - Pulsar_averageEnhancedCollisionNum: 0.0
