2024-06-23 19:38:39,330 - poweroff_10_results - INFO - *******************STATIC_TRACE*******************
2024-06-23 19:38:39,331 - poweroff_10_results - INFO - Find_averageSyn: 142191.32
2024-06-23 19:38:39,331 - poweroff_10_results - INFO - Find_averageDis: 0.0
2024-06-23 19:38:39,331 - poweroff_10_results - INFO - Find_averageCollisionNum: 14.2
2024-06-23 19:38:39,331 - poweroff_10_results - INFO - Find_sumCollisionNum: 426
2024-06-23 19:38:39,331 - poweroff_10_results - INFO - FlyncFind_averageSyn: 178851.70666666667
2024-06-23 19:38:39,331 - poweroff_10_results - INFO - FlyncFind_averageDis: 0.0
2024-06-23 19:38:39,332 - poweroff_10_results - INFO - FlyncFind_averageCollisionNum: 662.3333333333334
2024-06-23 19:38:39,332 - poweroff_10_results - INFO - FlyncFind_sumCollisionNum: 19870
2024-06-23 19:38:39,332 - poweroff_10_results - INFO - Pulsar_averageSyn: 35302.07066666667
2024-06-23 19:38:39,332 - poweroff_10_results - INFO - Pulsar_averageDis: 96604.16666666667
2024-06-23 19:38:39,332 - poweroff_10_results - INFO - Pulsar_averageCollisionNum: 1.1
2024-06-23 19:38:39,332 - poweroff_10_results - INFO - Pulsar_sumCollisionNum: 33
2024-06-23 19:38:39,332 - poweroff_10_results - INFO - Free_beacon_averageSyn: 1465.928
2024-06-23 19:38:39,332 - poweroff_10_results - INFO - Free_beacon_averageDis: 17690.633333333335
2024-06-23 19:38:39,333 - poweroff_10_results - INFO - Free_beacon_averageCollisionNum: 1.2666666666666666
2024-06-23 19:38:39,333 - poweroff_10_results - INFO - Free_beacon_sumCollisionNum: 38
2024-06-23 19:38:39,333 - poweroff_10_results - INFO - Find_averageEnhancedSyn: 96.99747873019685
2024-06-23 19:38:39,333 - poweroff_10_results - INFO - Find_averageEnhancedDis: 0.0
2024-06-23 19:38:39,333 - poweroff_10_results - INFO - Find_averageEnhancedCollisionNum: 1.0
2024-06-23 19:38:39,334 - poweroff_10_results - INFO - FlyncFind_averageEnhancedSyn: 122.00579200797492
2024-06-23 19:38:39,334 - poweroff_10_results - INFO - FlyncFind_averageEnhancedDis: 0.0
2024-06-23 19:38:39,334 - poweroff_10_results - INFO - FlyncFind_averageEnhancedCollisionNum: 0.9999999999999998
2024-06-23 19:38:39,335 - poweroff_10_results - INFO - Pulsar_averageEnhancedSyn: 24.081722067295708
2024-06-23 19:38:39,335 - poweroff_10_results - INFO - Pulsar_averageEnhancedDis: 5.4607523001814515
2024-06-23 19:38:39,335 - poweroff_10_results - INFO - Pulsar_averageEnhancedCollisionNum: 0.9999999999999999
2024-06-23 20:15:39,030 - poweroff_10_results - INFO - *******************COMPLEX_TRACE*******************
2024-06-23 20:15:39,031 - poweroff_10_results - INFO - Find_averageSyn: 891264.9786666667
2024-06-23 20:15:39,031 - poweroff_10_results - INFO - Find_averageDis: 0.0
2024-06-23 20:15:39,031 - poweroff_10_results - INFO - Find_averageCollisionNum: 4.333333333333333
2024-06-23 20:15:39,031 - poweroff_10_results - INFO - Find_sumCollisionNum: 130
2024-06-23 20:15:39,031 - poweroff_10_results - INFO - FlyncFind_averageSyn: 198364.53333333333
2024-06-23 20:15:39,031 - poweroff_10_results - INFO - FlyncFind_averageDis: 0.0
2024-06-23 20:15:39,032 - poweroff_10_results - INFO - FlyncFind_averageCollisionNum: 64.0
2024-06-23 20:15:39,032 - poweroff_10_results - INFO - FlyncFind_sumCollisionNum: 1920
2024-06-23 20:15:39,032 - poweroff_10_results - INFO - Pulsar_averageSyn: 147453.98133333333
2024-06-23 20:15:39,032 - poweroff_10_results - INFO - Pulsar_averageDis: 211347.9
2024-06-23 20:15:39,032 - poweroff_10_results - INFO - Pulsar_averageCollisionNum: 0.6666666666666666
2024-06-23 20:15:39,032 - poweroff_10_results - INFO - Pulsar_sumCollisionNum: 20
2024-06-23 20:15:39,032 - poweroff_10_results - INFO - Free_beacon_averageSyn: 3134.092
2024-06-23 20:15:39,032 - poweroff_10_results - INFO - Free_beacon_averageDis: 21490.6
2024-06-23 20:15:39,033 - poweroff_10_results - INFO - Free_beacon_averageCollisionNum: 0.2
2024-06-23 20:15:39,033 - poweroff_10_results - INFO - Free_beacon_sumCollisionNum: 6
2024-06-23 20:15:39,033 - poweroff_10_results - INFO - Find_averageEnhancedSyn: 284.3774141495102
2024-06-23 20:15:39,033 - poweroff_10_results - INFO - Find_averageEnhancedDis: 0.0
2024-06-23 20:15:39,033 - poweroff_10_results - INFO - Find_averageEnhancedCollisionNum: 0.9999999999999999
2024-06-23 20:15:39,034 - poweroff_10_results - INFO - FlyncFind_averageEnhancedSyn: 63.292504921148875
2024-06-23 20:15:39,034 - poweroff_10_results - INFO - FlyncFind_averageEnhancedDis: 0.0
2024-06-23 20:15:39,034 - poweroff_10_results - INFO - FlyncFind_averageEnhancedCollisionNum: 1.0
2024-06-23 20:15:39,035 - poweroff_10_results - INFO - Pulsar_averageEnhancedSyn: 47.0483895601448
2024-06-23 20:15:39,035 - poweroff_10_results - INFO - Pulsar_averageEnhancedDis: 9.834434590006794
2024-06-23 20:15:39,035 - poweroff_10_results - INFO - Pulsar_averageEnhancedCollisionNum: 1.0
2024-06-23 21:31:49,402 - poweroff_10_results - INFO - *******************STAIRS_TRACE*******************
2024-06-23 21:31:49,403 - poweroff_10_results - INFO - Find_averageSyn: 47049.268
2024-06-23 21:31:49,403 - poweroff_10_results - INFO - Find_averageDis: 0.0
2024-06-23 21:31:49,403 - poweroff_10_results - INFO - Find_averageCollisionNum: 31.933333333333334
2024-06-23 21:31:49,403 - poweroff_10_results - INFO - Find_sumCollisionNum: 958
2024-06-23 21:31:49,403 - poweroff_10_results - INFO - FlyncFind_averageSyn: 396834.92
2024-06-23 21:31:49,403 - poweroff_10_results - INFO - FlyncFind_averageDis: 0.0
2024-06-23 21:31:49,404 - poweroff_10_results - INFO - FlyncFind_averageCollisionNum: 5227.533333333334
2024-06-23 21:31:49,404 - poweroff_10_results - INFO - FlyncFind_sumCollisionNum: 156826
2024-06-23 21:31:49,404 - poweroff_10_results - INFO - Pulsar_averageSyn: 7812.008
2024-06-23 21:31:49,404 - poweroff_10_results - INFO - Pulsar_averageDis: 81414.86666666667
2024-06-23 21:31:49,404 - poweroff_10_results - INFO - Pulsar_averageCollisionNum: 2.6333333333333333
2024-06-23 21:31:49,404 - poweroff_10_results - INFO - Pulsar_sumCollisionNum: 79
2024-06-23 21:31:49,404 - poweroff_10_results - INFO - Free_beacon_averageSyn: 161.06266666666667
2024-06-23 21:31:49,404 - poweroff_10_results - INFO - Free_beacon_averageDis: 14966.066666666668
2024-06-23 21:31:49,405 - poweroff_10_results - INFO - Free_beacon_averageCollisionNum: 2.566666666666667
2024-06-23 21:31:49,405 - poweroff_10_results - INFO - Free_beacon_sumCollisionNum: 77
2024-06-23 21:31:49,405 - poweroff_10_results - INFO - Find_averageEnhancedSyn: 292.11777610371115
2024-06-23 21:31:49,405 - poweroff_10_results - INFO - Find_averageEnhancedDis: 0.0
2024-06-23 21:31:49,405 - poweroff_10_results - INFO - Find_averageEnhancedCollisionNum: 1.0
2024-06-23 21:31:49,406 - poweroff_10_results - INFO - FlyncFind_averageEnhancedSyn: 2463.854152007086
2024-06-23 21:31:49,406 - poweroff_10_results - INFO - FlyncFind_averageEnhancedDis: 0.0
2024-06-23 21:31:49,406 - poweroff_10_results - INFO - FlyncFind_averageEnhancedCollisionNum: 1.0
2024-06-23 21:31:49,407 - poweroff_10_results - INFO - Pulsar_averageEnhancedSyn: 48.50290984047617
2024-06-23 21:31:49,407 - poweroff_10_results - INFO - Pulsar_averageEnhancedDis: 5.43996418564664
2024-06-23 21:31:49,407 - poweroff_10_results - INFO - Pulsar_averageEnhancedCollisionNum: 1.0
2024-06-24 01:59:20,946 - poweroff_10_results - INFO - *******************CARS_TRACE*******************
2024-06-24 01:59:20,947 - poweroff_10_results - INFO - Find_averageSyn: 150896920.04133335
2024-06-24 01:59:20,947 - poweroff_10_results - INFO - Find_averageDis: 0.0
2024-06-24 01:59:20,947 - poweroff_10_results - INFO - Find_averageCollisionNum: 0.6
2024-06-24 01:59:20,947 - poweroff_10_results - INFO - Find_sumCollisionNum: 18
2024-06-24 01:59:20,947 - poweroff_10_results - INFO - FlyncFind_averageSyn: 15174513.386666667
2024-06-24 01:59:20,947 - poweroff_10_results - INFO - FlyncFind_averageDis: 0.0
2024-06-24 01:59:20,947 - poweroff_10_results - INFO - FlyncFind_averageCollisionNum: 3.1333333333333333
2024-06-24 01:59:20,947 - poweroff_10_results - INFO - FlyncFind_sumCollisionNum: 94
2024-06-24 01:59:20,948 - poweroff_10_results - INFO - Pulsar_averageSyn: 3059671.783333333
2024-06-24 01:59:20,948 - poweroff_10_results - INFO - Pulsar_averageDis: 1801680.4333333333
2024-06-24 01:59:20,948 - poweroff_10_results - INFO - Pulsar_averageCollisionNum: 0.0
2024-06-24 01:59:20,948 - poweroff_10_results - INFO - Pulsar_sumCollisionNum: 0
2024-06-24 01:59:20,948 - poweroff_10_results - INFO - Free_beacon_averageSyn: 528156.26
2024-06-24 01:59:20,948 - poweroff_10_results - INFO - Free_beacon_averageDis: 538459.6333333333
2024-06-24 01:59:20,948 - poweroff_10_results - INFO - Free_beacon_averageCollisionNum: 0.0
2024-06-24 01:59:20,948 - poweroff_10_results - INFO - Free_beacon_sumCollisionNum: 0
2024-06-24 01:59:20,949 - poweroff_10_results - INFO - Find_averageEnhancedSyn: 285.7050677413789
2024-06-24 01:59:20,949 - poweroff_10_results - INFO - Find_averageEnhancedDis: 0.0
2024-06-24 01:59:20,949 - poweroff_10_results - INFO - Find_averageEnhancedCollisionNum: 1.0000000000000002
2024-06-24 01:59:20,950 - poweroff_10_results - INFO - FlyncFind_averageEnhancedSyn: 28.731105803170195
2024-06-24 01:59:20,950 - poweroff_10_results - INFO - FlyncFind_averageEnhancedDis: 0.0
2024-06-24 01:59:20,950 - poweroff_10_results - INFO - FlyncFind_averageEnhancedCollisionNum: 1.0000000000000002
2024-06-24 01:59:20,950 - poweroff_10_results - INFO - Pulsar_averageEnhancedSyn: 5.793118467124357
2024-06-24 01:59:20,951 - poweroff_10_results - INFO - Pulsar_averageEnhancedDis: 3.3459897860495764
2024-06-24 01:59:20,951 - poweroff_10_results - INFO - Pulsar_averageEnhancedCollisionNum: 0.0
2024-06-24 02:47:36,459 - poweroff_10_results - INFO - *******************JOGGING_TRACE*******************
2024-06-24 02:47:36,459 - poweroff_10_results - INFO - Find_averageSyn: 1635518.8306666666
2024-06-24 02:47:36,460 - poweroff_10_results - INFO - Find_averageDis: 0.0
2024-06-24 02:47:36,460 - poweroff_10_results - INFO - Find_averageCollisionNum: 4.866666666666666
2024-06-24 02:47:36,460 - poweroff_10_results - INFO - Find_sumCollisionNum: 146
2024-06-24 02:47:36,460 - poweroff_10_results - INFO - FlyncFind_averageSyn: 347262.84533333336
2024-06-24 02:47:36,460 - poweroff_10_results - INFO - FlyncFind_averageDis: 0.0
2024-06-24 02:47:36,460 - poweroff_10_results - INFO - FlyncFind_averageCollisionNum: 43.13333333333333
2024-06-24 02:47:36,460 - poweroff_10_results - INFO - FlyncFind_sumCollisionNum: 1294
2024-06-24 02:47:36,460 - poweroff_10_results - INFO - Pulsar_averageSyn: 257275.30866666668
2024-06-24 02:47:36,461 - poweroff_10_results - INFO - Pulsar_averageDis: 277559.1666666667
2024-06-24 02:47:36,461 - poweroff_10_results - INFO - Pulsar_averageCollisionNum: 0.43333333333333335
2024-06-24 02:47:36,461 - poweroff_10_results - INFO - Pulsar_sumCollisionNum: 13
2024-06-24 02:47:36,461 - poweroff_10_results - INFO - Free_beacon_averageSyn: 6326.482666666667
2024-06-24 02:47:36,461 - poweroff_10_results - INFO - Free_beacon_averageDis: 41701.03333333333
2024-06-24 02:47:36,461 - poweroff_10_results - INFO - Free_beacon_averageCollisionNum: 0.5
2024-06-24 02:47:36,461 - poweroff_10_results - INFO - Free_beacon_sumCollisionNum: 15
2024-06-24 02:47:36,462 - poweroff_10_results - INFO - Find_averageEnhancedSyn: 258.5194517775227
2024-06-24 02:47:36,462 - poweroff_10_results - INFO - Find_averageEnhancedDis: 0.0
2024-06-24 02:47:36,462 - poweroff_10_results - INFO - Find_averageEnhancedCollisionNum: 1.0
2024-06-24 02:47:36,462 - poweroff_10_results - INFO - FlyncFind_averageEnhancedSyn: 54.890349603423665
2024-06-24 02:47:36,463 - poweroff_10_results - INFO - FlyncFind_averageEnhancedDis: 0.0
2024-06-24 02:47:36,463 - poweroff_10_results - INFO - FlyncFind_averageEnhancedCollisionNum: 1.0000000000000002
2024-06-24 02:47:36,463 - poweroff_10_results - INFO - Pulsar_averageEnhancedSyn: 40.66640536647852
2024-06-24 02:47:36,463 - poweroff_10_results - INFO - Pulsar_averageEnhancedDis: 6.655930188780294
2024-06-24 02:47:36,463 - poweroff_10_results - INFO - Pulsar_averageEnhancedCollisionNum: 0.9999999999999999
2024-06-24 03:14:14,944 - poweroff_10_results - INFO - *******************OFFICE_TRACE*******************
2024-06-24 03:14:14,945 - poweroff_10_results - INFO - Find_averageSyn: 283829.188
2024-06-24 03:14:14,945 - poweroff_10_results - INFO - Find_averageDis: 0.0
2024-06-24 03:14:14,945 - poweroff_10_results - INFO - Find_averageCollisionNum: 9.866666666666667
2024-06-24 03:14:14,945 - poweroff_10_results - INFO - Find_sumCollisionNum: 296
2024-06-24 03:14:14,945 - poweroff_10_results - INFO - FlyncFind_averageSyn: 129936.26666666666
2024-06-24 03:14:14,945 - poweroff_10_results - INFO - FlyncFind_averageDis: 0.0
2024-06-24 03:14:14,946 - poweroff_10_results - INFO - FlyncFind_averageCollisionNum: 211.46666666666667
2024-06-24 03:14:14,946 - poweroff_10_results - INFO - FlyncFind_sumCollisionNum: 6344
2024-06-24 03:14:14,946 - poweroff_10_results - INFO - Pulsar_averageSyn: 51076.524
2024-06-24 03:14:14,946 - poweroff_10_results - INFO - Pulsar_averageDis: 130821.33333333333
2024-06-24 03:14:14,946 - poweroff_10_results - INFO - Pulsar_averageCollisionNum: 1.1
2024-06-24 03:14:14,946 - poweroff_10_results - INFO - Pulsar_sumCollisionNum: 33
2024-06-24 03:14:14,946 - poweroff_10_results - INFO - Free_beacon_averageSyn: 1502.764
2024-06-24 03:14:14,946 - poweroff_10_results - INFO - Free_beacon_averageDis: 18267.766666666666
2024-06-24 03:14:14,946 - poweroff_10_results - INFO - Free_beacon_averageCollisionNum: 2.1333333333333333
2024-06-24 03:14:14,947 - poweroff_10_results - INFO - Free_beacon_sumCollisionNum: 64
2024-06-24 03:14:14,947 - poweroff_10_results - INFO - Find_averageEnhancedSyn: 188.87143157541706
2024-06-24 03:14:14,947 - poweroff_10_results - INFO - Find_averageEnhancedDis: 0.0
2024-06-24 03:14:14,947 - poweroff_10_results - INFO - Find_averageEnhancedCollisionNum: 1.0
2024-06-24 03:14:14,948 - poweroff_10_results - INFO - FlyncFind_averageEnhancedSyn: 86.46485187738506
2024-06-24 03:14:14,948 - poweroff_10_results - INFO - FlyncFind_averageEnhancedDis: 0.0
2024-06-24 03:14:14,948 - poweroff_10_results - INFO - FlyncFind_averageEnhancedCollisionNum: 0.9999999999999999
2024-06-24 03:14:14,949 - poweroff_10_results - INFO - Pulsar_averageEnhancedSyn: 33.988386732713856
2024-06-24 03:14:14,949 - poweroff_10_results - INFO - Pulsar_averageEnhancedDis: 7.161320577410485
2024-06-24 03:14:14,949 - poweroff_10_results - INFO - Pulsar_averageEnhancedCollisionNum: 0.9999999999999999
2024-06-24 04:15:17,933 - poweroff_10_results - INFO - *******************WASHER_TRACE*******************
2024-06-24 04:15:17,934 - poweroff_10_results - INFO - Find_averageSyn: 7326534.028
2024-06-24 04:15:17,934 - poweroff_10_results - INFO - Find_averageDis: 0.0
2024-06-24 04:15:17,934 - poweroff_10_results - INFO - Find_averageCollisionNum: 3.933333333333333
2024-06-24 04:15:17,934 - poweroff_10_results - INFO - Find_sumCollisionNum: 118
2024-06-24 04:15:17,934 - poweroff_10_results - INFO - FlyncFind_averageSyn: 3887209.96
2024-06-24 04:15:17,934 - poweroff_10_results - INFO - FlyncFind_averageDis: 0.0
2024-06-24 04:15:17,934 - poweroff_10_results - INFO - FlyncFind_averageCollisionNum: 18.066666666666666
2024-06-24 04:15:17,934 - poweroff_10_results - INFO - FlyncFind_sumCollisionNum: 542
2024-06-24 04:15:17,935 - poweroff_10_results - INFO - Pulsar_averageSyn: 2371789.674
2024-06-24 04:15:17,935 - poweroff_10_results - INFO - Pulsar_averageDis: 2625976.066666667
2024-06-24 04:15:17,935 - poweroff_10_results - INFO - Pulsar_averageCollisionNum: 0.16666666666666666
2024-06-24 04:15:17,935 - poweroff_10_results - INFO - Pulsar_sumCollisionNum: 5
2024-06-24 04:15:17,935 - poweroff_10_results - INFO - Free_beacon_averageSyn: 220933.62466666667
2024-06-24 04:15:17,935 - poweroff_10_results - INFO - Free_beacon_averageDis: 220280.76666666666
2024-06-24 04:15:17,935 - poweroff_10_results - INFO - Free_beacon_averageCollisionNum: 0.1
2024-06-24 04:15:17,935 - poweroff_10_results - INFO - Free_beacon_sumCollisionNum: 3
2024-06-24 04:15:17,936 - poweroff_10_results - INFO - Find_averageEnhancedSyn: 33.16169749649425
2024-06-24 04:15:17,936 - poweroff_10_results - INFO - Find_averageEnhancedDis: 0.0
2024-06-24 04:15:17,936 - poweroff_10_results - INFO - Find_averageEnhancedCollisionNum: 1.0000000000000002
2024-06-24 04:15:17,937 - poweroff_10_results - INFO - FlyncFind_averageEnhancedSyn: 17.594469677781383
2024-06-24 04:15:17,937 - poweroff_10_results - INFO - FlyncFind_averageEnhancedDis: 0.0
2024-06-24 04:15:17,937 - poweroff_10_results - INFO - FlyncFind_averageEnhancedCollisionNum: 1.0000000000000002
2024-06-24 04:15:17,937 - poweroff_10_results - INFO - Pulsar_averageEnhancedSyn: 10.735304223512536
2024-06-24 04:15:17,938 - poweroff_10_results - INFO - Pulsar_averageEnhancedDis: 11.921041071372096
2024-06-24 04:15:17,938 - poweroff_10_results - INFO - Pulsar_averageEnhancedCollisionNum: 1.0
