2024-06-23 10:37:31,804 - poweroff_5_results - INFO - *******************STATIC_TRACE*******************
2024-06-23 10:37:31,805 - poweroff_5_results - INFO - Find_averageSyn: 136848.90666666668
2024-06-23 10:37:31,805 - poweroff_5_results - INFO - Find_averageDis: 0.0
2024-06-23 10:37:31,805 - poweroff_5_results - INFO - Find_averageCollisionNum: 14.6
2024-06-23 10:37:31,805 - poweroff_5_results - INFO - Find_sumCollisionNum: 438
2024-06-23 10:37:31,805 - poweroff_5_results - INFO - FlyncFind_averageSyn: 179237.41066666666
2024-06-23 10:37:31,805 - poweroff_5_results - INFO - FlyncFind_averageDis: 0.0
2024-06-23 10:37:31,805 - poweroff_5_results - INFO - FlyncFind_averageCollisionNum: 709.2
2024-06-23 10:37:31,806 - poweroff_5_results - INFO - FlyncFind_sumCollisionNum: 21276
2024-06-23 10:37:31,806 - poweroff_5_results - INFO - Pulsar_averageSyn: 44248.196
2024-06-23 10:37:31,806 - poweroff_5_results - INFO - Pulsar_averageDis: 131500.36666666667
2024-06-23 10:37:31,806 - poweroff_5_results - INFO - Pulsar_averageCollisionNum: 1.9666666666666666
2024-06-23 10:37:31,806 - poweroff_5_results - INFO - Pulsar_sumCollisionNum: 59
2024-06-23 10:37:31,806 - poweroff_5_results - INFO - Free_beacon_averageSyn: 1864.6333333333334
2024-06-23 10:37:31,806 - poweroff_5_results - INFO - Free_beacon_averageDis: 30347.766666666666
2024-06-23 10:37:31,806 - poweroff_5_results - INFO - Free_beacon_averageCollisionNum: 4.6
2024-06-23 10:37:31,807 - poweroff_5_results - INFO - Free_beacon_sumCollisionNum: 138
2024-06-23 10:37:31,807 - poweroff_5_results - INFO - Find_averageEnhancedSyn: 73.39185898925615
2024-06-23 10:37:31,807 - poweroff_5_results - INFO - Find_averageEnhancedDis: 0.0
2024-06-23 10:37:31,807 - poweroff_5_results - INFO - Find_averageEnhancedCollisionNum: 1.0
2024-06-23 10:37:31,808 - poweroff_5_results - INFO - FlyncFind_averageEnhancedSyn: 96.12474874416775
2024-06-23 10:37:31,808 - poweroff_5_results - INFO - FlyncFind_averageEnhancedDis: 0.0
2024-06-23 10:37:31,808 - poweroff_5_results - INFO - FlyncFind_averageEnhancedCollisionNum: 0.9999999999999998
2024-06-23 10:37:31,809 - poweroff_5_results - INFO - Pulsar_averageEnhancedSyn: 23.730239725415185
2024-06-23 10:37:31,809 - poweroff_5_results - INFO - Pulsar_averageEnhancedDis: 4.333115122145177
2024-06-23 10:37:31,809 - poweroff_5_results - INFO - Pulsar_averageEnhancedCollisionNum: 1.0000000000000002
2024-06-23 11:16:10,012 - poweroff_5_results - INFO - *******************COMPLEX_TRACE*******************
2024-06-23 11:16:10,012 - poweroff_5_results - INFO - Find_averageSyn: 934355.3586666667
2024-06-23 11:16:10,013 - poweroff_5_results - INFO - Find_averageDis: 0.0
2024-06-23 11:16:10,013 - poweroff_5_results - INFO - Find_averageCollisionNum: 4.266666666666667
2024-06-23 11:16:10,013 - poweroff_5_results - INFO - Find_sumCollisionNum: 128
2024-06-23 11:16:10,013 - poweroff_5_results - INFO - FlyncFind_averageSyn: 193881.46666666667
2024-06-23 11:16:10,013 - poweroff_5_results - INFO - FlyncFind_averageDis: 0.0
2024-06-23 11:16:10,013 - poweroff_5_results - INFO - FlyncFind_averageCollisionNum: 66.46666666666667
2024-06-23 11:16:10,013 - poweroff_5_results - INFO - FlyncFind_sumCollisionNum: 1994
2024-06-23 11:16:10,013 - poweroff_5_results - INFO - Pulsar_averageSyn: 143239.59333333332
2024-06-23 11:16:10,014 - poweroff_5_results - INFO - Pulsar_averageDis: 188859.0
2024-06-23 11:16:10,014 - poweroff_5_results - INFO - Pulsar_averageCollisionNum: 0.3
2024-06-23 11:16:10,014 - poweroff_5_results - INFO - Pulsar_sumCollisionNum: 9
2024-06-23 11:16:10,014 - poweroff_5_results - INFO - Free_beacon_averageSyn: 2964.892
2024-06-23 11:16:10,014 - poweroff_5_results - INFO - Free_beacon_averageDis: 22749.366666666665
2024-06-23 11:16:10,014 - poweroff_5_results - INFO - Free_beacon_averageCollisionNum: 0.0
2024-06-23 11:16:10,014 - poweroff_5_results - INFO - Free_beacon_sumCollisionNum: 0
2024-06-23 11:16:10,015 - poweroff_5_results - INFO - Find_averageEnhancedSyn: 315.13976180807487
2024-06-23 11:16:10,015 - poweroff_5_results - INFO - Find_averageEnhancedDis: 0.0
2024-06-23 11:16:10,015 - poweroff_5_results - INFO - Find_averageEnhancedCollisionNum: 1.0
2024-06-23 11:16:10,016 - poweroff_5_results - INFO - FlyncFind_averageEnhancedSyn: 65.39242126413599
2024-06-23 11:16:10,016 - poweroff_5_results - INFO - FlyncFind_averageEnhancedDis: 0.0
2024-06-23 11:16:10,016 - poweroff_5_results - INFO - FlyncFind_averageEnhancedCollisionNum: 0.9999999999999998
2024-06-23 11:16:10,016 - poweroff_5_results - INFO - Pulsar_averageEnhancedSyn: 48.311909281462306
2024-06-23 11:16:10,016 - poweroff_5_results - INFO - Pulsar_averageEnhancedDis: 8.30172561580469
2024-06-23 11:16:10,017 - poweroff_5_results - INFO - Pulsar_averageEnhancedCollisionNum: 1.0000000000000002
2024-06-23 12:35:31,399 - poweroff_5_results - INFO - *******************STAIRS_TRACE*******************
2024-06-23 12:35:31,400 - poweroff_5_results - INFO - Find_averageSyn: 44704.62266666667
2024-06-23 12:35:31,400 - poweroff_5_results - INFO - Find_averageDis: 0.0
2024-06-23 12:35:31,400 - poweroff_5_results - INFO - Find_averageCollisionNum: 29.666666666666668
2024-06-23 12:35:31,400 - poweroff_5_results - INFO - Find_sumCollisionNum: 890
2024-06-23 12:35:31,400 - poweroff_5_results - INFO - FlyncFind_averageSyn: 424392.2
2024-06-23 12:35:31,400 - poweroff_5_results - INFO - FlyncFind_averageDis: 0.0
2024-06-23 12:35:31,400 - poweroff_5_results - INFO - FlyncFind_averageCollisionNum: 5737.866666666667
2024-06-23 12:35:31,400 - poweroff_5_results - INFO - FlyncFind_sumCollisionNum: 172136
2024-06-23 12:35:31,401 - poweroff_5_results - INFO - Pulsar_averageSyn: 15211.814666666667
2024-06-23 12:35:31,401 - poweroff_5_results - INFO - Pulsar_averageDis: 77410.46666666666
2024-06-23 12:35:31,401 - poweroff_5_results - INFO - Pulsar_averageCollisionNum: 3.6
2024-06-23 12:35:31,401 - poweroff_5_results - INFO - Pulsar_sumCollisionNum: 108
2024-06-23 12:35:31,401 - poweroff_5_results - INFO - Free_beacon_averageSyn: 162.06933333333333
2024-06-23 12:35:31,401 - poweroff_5_results - INFO - Free_beacon_averageDis: 13202.133333333333
2024-06-23 12:35:31,401 - poweroff_5_results - INFO - Free_beacon_averageCollisionNum: 2.6
2024-06-23 12:35:31,401 - poweroff_5_results - INFO - Free_beacon_sumCollisionNum: 78
2024-06-23 12:35:31,402 - poweroff_5_results - INFO - Find_averageEnhancedSyn: 275.8364074634724
2024-06-23 12:35:31,402 - poweroff_5_results - INFO - Find_averageEnhancedDis: 0.0
2024-06-23 12:35:31,402 - poweroff_5_results - INFO - Find_averageEnhancedCollisionNum: 0.9999999999999998
2024-06-23 12:35:31,403 - poweroff_5_results - INFO - FlyncFind_averageEnhancedSyn: 2618.584227326576
2024-06-23 12:35:31,403 - poweroff_5_results - INFO - FlyncFind_averageEnhancedDis: 0.0
2024-06-23 12:35:31,403 - poweroff_5_results - INFO - FlyncFind_averageEnhancedCollisionNum: 0.9999999999999998
2024-06-23 12:35:31,403 - poweroff_5_results - INFO - Pulsar_averageEnhancedSyn: 93.85992003422403
2024-06-23 12:35:31,403 - poweroff_5_results - INFO - Pulsar_averageEnhancedDis: 5.863481659529772
2024-06-23 12:35:31,404 - poweroff_5_results - INFO - Pulsar_averageEnhancedCollisionNum: 1.0000000000000002
2024-06-23 17:00:01,483 - poweroff_5_results - INFO - *******************CARS_TRACE*******************
2024-06-23 17:00:01,483 - poweroff_5_results - INFO - Find_averageSyn: 146166082.264
2024-06-23 17:00:01,483 - poweroff_5_results - INFO - Find_averageDis: 0.0
2024-06-23 17:00:01,483 - poweroff_5_results - INFO - Find_averageCollisionNum: 0.8
2024-06-23 17:00:01,484 - poweroff_5_results - INFO - Find_sumCollisionNum: 24
2024-06-23 17:00:01,484 - poweroff_5_results - INFO - FlyncFind_averageSyn: 14338866.72
2024-06-23 17:00:01,484 - poweroff_5_results - INFO - FlyncFind_averageDis: 0.0
2024-06-23 17:00:01,484 - poweroff_5_results - INFO - FlyncFind_averageCollisionNum: 4.0
2024-06-23 17:00:01,484 - poweroff_5_results - INFO - FlyncFind_sumCollisionNum: 120
2024-06-23 17:00:01,484 - poweroff_5_results - INFO - Pulsar_averageSyn: 3031293.22
2024-06-23 17:00:01,484 - poweroff_5_results - INFO - Pulsar_averageDis: 1862537.7
2024-06-23 17:00:01,485 - poweroff_5_results - INFO - Pulsar_averageCollisionNum: 0.06666666666666667
2024-06-23 17:00:01,485 - poweroff_5_results - INFO - Pulsar_sumCollisionNum: 2
2024-06-23 17:00:01,485 - poweroff_5_results - INFO - Free_beacon_averageSyn: 492182.578
2024-06-23 17:00:01,485 - poweroff_5_results - INFO - Free_beacon_averageDis: 507896.3
2024-06-23 17:00:01,485 - poweroff_5_results - INFO - Free_beacon_averageCollisionNum: 0.0
2024-06-23 17:00:01,485 - poweroff_5_results - INFO - Free_beacon_sumCollisionNum: 0
2024-06-23 17:00:01,486 - poweroff_5_results - INFO - Find_averageEnhancedSyn: 296.97532744444277
2024-06-23 17:00:01,486 - poweroff_5_results - INFO - Find_averageEnhancedDis: 0.0
2024-06-23 17:00:01,486 - poweroff_5_results - INFO - Find_averageEnhancedCollisionNum: 1.0
2024-06-23 17:00:01,487 - poweroff_5_results - INFO - FlyncFind_averageEnhancedSyn: 29.133226897763134
2024-06-23 17:00:01,487 - poweroff_5_results - INFO - FlyncFind_averageEnhancedDis: 0.0
2024-06-23 17:00:01,487 - poweroff_5_results - INFO - FlyncFind_averageEnhancedCollisionNum: 1.0
2024-06-23 17:00:01,487 - poweroff_5_results - INFO - Pulsar_averageEnhancedSyn: 6.158879561153423
2024-06-23 17:00:01,488 - poweroff_5_results - INFO - Pulsar_averageEnhancedDis: 3.6671613870784254
2024-06-23 17:00:01,488 - poweroff_5_results - INFO - Pulsar_averageEnhancedCollisionNum: 1.0
2024-06-23 17:45:04,227 - poweroff_5_results - INFO - *******************JOGGING_TRACE*******************
2024-06-23 17:45:04,228 - poweroff_5_results - INFO - Find_averageSyn: 1604235.8866666667
2024-06-23 17:45:04,228 - poweroff_5_results - INFO - Find_averageDis: 0.0
2024-06-23 17:45:04,228 - poweroff_5_results - INFO - Find_averageCollisionNum: 4.466666666666667
2024-06-23 17:45:04,228 - poweroff_5_results - INFO - Find_sumCollisionNum: 134
2024-06-23 17:45:04,228 - poweroff_5_results - INFO - FlyncFind_averageSyn: 337955.56
2024-06-23 17:45:04,228 - poweroff_5_results - INFO - FlyncFind_averageDis: 0.0
2024-06-23 17:45:04,229 - poweroff_5_results - INFO - FlyncFind_averageCollisionNum: 44.86666666666667
2024-06-23 17:45:04,229 - poweroff_5_results - INFO - FlyncFind_sumCollisionNum: 1346
2024-06-23 17:45:04,229 - poweroff_5_results - INFO - Pulsar_averageSyn: 267624.934
2024-06-23 17:45:04,229 - poweroff_5_results - INFO - Pulsar_averageDis: 272209.9666666667
2024-06-23 17:45:04,229 - poweroff_5_results - INFO - Pulsar_averageCollisionNum: 0.26666666666666666
2024-06-23 17:45:04,229 - poweroff_5_results - INFO - Pulsar_sumCollisionNum: 8
2024-06-23 17:45:04,229 - poweroff_5_results - INFO - Free_beacon_averageSyn: 6362.252
2024-06-23 17:45:04,229 - poweroff_5_results - INFO - Free_beacon_averageDis: 43448.0
2024-06-23 17:45:04,230 - poweroff_5_results - INFO - Free_beacon_averageCollisionNum: 0.4
2024-06-23 17:45:04,230 - poweroff_5_results - INFO - Free_beacon_sumCollisionNum: 12
2024-06-23 17:45:04,230 - poweroff_5_results - INFO - Find_averageEnhancedSyn: 252.14906398971098
2024-06-23 17:45:04,230 - poweroff_5_results - INFO - Find_averageEnhancedDis: 0.0
2024-06-23 17:45:04,230 - poweroff_5_results - INFO - Find_averageEnhancedCollisionNum: 1.0
2024-06-23 17:45:04,231 - poweroff_5_results - INFO - FlyncFind_averageEnhancedSyn: 53.118857913833025
2024-06-23 17:45:04,231 - poweroff_5_results - INFO - FlyncFind_averageEnhancedDis: 0.0
2024-06-23 17:45:04,231 - poweroff_5_results - INFO - FlyncFind_averageEnhancedCollisionNum: 0.9999999999999999
2024-06-23 17:45:04,232 - poweroff_5_results - INFO - Pulsar_averageEnhancedSyn: 42.06449760242128
2024-06-23 17:45:04,232 - poweroff_5_results - INFO - Pulsar_averageEnhancedDis: 6.2651898054379185
2024-06-23 17:45:04,232 - poweroff_5_results - INFO - Pulsar_averageEnhancedCollisionNum: 1.0
2024-06-23 18:11:20,106 - poweroff_5_results - INFO - *******************OFFICE_TRACE*******************
2024-06-23 18:11:20,106 - poweroff_5_results - INFO - Find_averageSyn: 279771.29066666664
2024-06-23 18:11:20,106 - poweroff_5_results - INFO - Find_averageDis: 0.0
2024-06-23 18:11:20,106 - poweroff_5_results - INFO - Find_averageCollisionNum: 9.8
2024-06-23 18:11:20,106 - poweroff_5_results - INFO - Find_sumCollisionNum: 294
2024-06-23 18:11:20,107 - poweroff_5_results - INFO - FlyncFind_averageSyn: 132686.96
2024-06-23 18:11:20,107 - poweroff_5_results - INFO - FlyncFind_averageDis: 0.0
2024-06-23 18:11:20,107 - poweroff_5_results - INFO - FlyncFind_averageCollisionNum: 223.73333333333332
2024-06-23 18:11:20,107 - poweroff_5_results - INFO - FlyncFind_sumCollisionNum: 6712
2024-06-23 18:11:20,107 - poweroff_5_results - INFO - Pulsar_averageSyn: 54154.26666666667
2024-06-23 18:11:20,107 - poweroff_5_results - INFO - Pulsar_averageDis: 103681.8
2024-06-23 18:11:20,107 - poweroff_5_results - INFO - Pulsar_averageCollisionNum: 0.6333333333333333
2024-06-23 18:11:20,107 - poweroff_5_results - INFO - Pulsar_sumCollisionNum: 19
2024-06-23 18:11:20,108 - poweroff_5_results - INFO - Free_beacon_averageSyn: 1525.8866666666668
2024-06-23 18:11:20,108 - poweroff_5_results - INFO - Free_beacon_averageDis: 16705.366666666665
2024-06-23 18:11:20,108 - poweroff_5_results - INFO - Free_beacon_averageCollisionNum: 0.6666666666666666
2024-06-23 18:11:20,108 - poweroff_5_results - INFO - Free_beacon_sumCollisionNum: 20
2024-06-23 18:11:20,108 - poweroff_5_results - INFO - Find_averageEnhancedSyn: 183.3499805577522
2024-06-23 18:11:20,109 - poweroff_5_results - INFO - Find_averageEnhancedDis: 0.0
2024-06-23 18:11:20,109 - poweroff_5_results - INFO - Find_averageEnhancedCollisionNum: 1.0
2024-06-23 18:11:20,109 - poweroff_5_results - INFO - FlyncFind_averageEnhancedSyn: 86.95728385244863
2024-06-23 18:11:20,109 - poweroff_5_results - INFO - FlyncFind_averageEnhancedDis: 0.0
2024-06-23 18:11:20,109 - poweroff_5_results - INFO - FlyncFind_averageEnhancedCollisionNum: 0.9999999999999999
2024-06-23 18:11:20,110 - poweroff_5_results - INFO - Pulsar_averageEnhancedSyn: 35.49035970342926
2024-06-23 18:11:20,110 - poweroff_5_results - INFO - Pulsar_averageEnhancedDis: 6.206496515091957
2024-06-23 18:11:20,110 - poweroff_5_results - INFO - Pulsar_averageEnhancedCollisionNum: 1.0000000000000002
2024-06-23 19:08:47,450 - poweroff_5_results - INFO - *******************WASHER_TRACE*******************
2024-06-23 19:08:47,451 - poweroff_5_results - INFO - Find_averageSyn: 7324839.492
2024-06-23 19:08:47,451 - poweroff_5_results - INFO - Find_averageDis: 0.0
2024-06-23 19:08:47,451 - poweroff_5_results - INFO - Find_averageCollisionNum: 3.8
2024-06-23 19:08:47,451 - poweroff_5_results - INFO - Find_sumCollisionNum: 114
2024-06-23 19:08:47,451 - poweroff_5_results - INFO - FlyncFind_averageSyn: 3939760.4266666668
2024-06-23 19:08:47,452 - poweroff_5_results - INFO - FlyncFind_averageDis: 0.0
2024-06-23 19:08:47,452 - poweroff_5_results - INFO - FlyncFind_averageCollisionNum: 19.866666666666667
2024-06-23 19:08:47,452 - poweroff_5_results - INFO - FlyncFind_sumCollisionNum: 596
2024-06-23 19:08:47,452 - poweroff_5_results - INFO - Pulsar_averageSyn: 2295997.8333333335
2024-06-23 19:08:47,452 - poweroff_5_results - INFO - Pulsar_averageDis: 3102167.933333333
2024-06-23 19:08:47,452 - poweroff_5_results - INFO - Pulsar_averageCollisionNum: 0.36666666666666664
2024-06-23 19:08:47,452 - poweroff_5_results - INFO - Pulsar_sumCollisionNum: 11
2024-06-23 19:08:47,452 - poweroff_5_results - INFO - Free_beacon_averageSyn: 210390.58933333334
2024-06-23 19:08:47,453 - poweroff_5_results - INFO - Free_beacon_averageDis: 252227.56666666668
2024-06-23 19:08:47,453 - poweroff_5_results - INFO - Free_beacon_averageCollisionNum: 0.2
2024-06-23 19:08:47,453 - poweroff_5_results - INFO - Free_beacon_sumCollisionNum: 6
2024-06-23 19:08:47,453 - poweroff_5_results - INFO - Find_averageEnhancedSyn: 34.81543311994271
2024-06-23 19:08:47,453 - poweroff_5_results - INFO - Find_averageEnhancedDis: 0.0
2024-06-23 19:08:47,454 - poweroff_5_results - INFO - Find_averageEnhancedCollisionNum: 1.0
2024-06-23 19:08:47,454 - poweroff_5_results - INFO - FlyncFind_averageEnhancedSyn: 18.725934649218974
2024-06-23 19:08:47,454 - poweroff_5_results - INFO - FlyncFind_averageEnhancedDis: 0.0
2024-06-23 19:08:47,454 - poweroff_5_results - INFO - FlyncFind_averageEnhancedCollisionNum: 1.0
2024-06-23 19:08:47,455 - poweroff_5_results - INFO - Pulsar_averageEnhancedSyn: 10.913025343047346
2024-06-23 19:08:47,455 - poweroff_5_results - INFO - Pulsar_averageEnhancedDis: 12.299083618536539
2024-06-23 19:08:47,455 - poweroff_5_results - INFO - Pulsar_averageEnhancedCollisionNum: 1.0
