2024-06-23 01:45:07,953 - poweroff_1_results - INFO - *******************STATIC_TRACE*******************
2024-06-23 01:45:07,953 - poweroff_1_results - INFO - Find_averageSyn: 134262.34533333333
2024-06-23 01:45:07,953 - poweroff_1_results - INFO - Find_averageDis: 0.0
2024-06-23 01:45:07,953 - poweroff_1_results - INFO - Find_averageCollisionNum: 13.733333333333333
2024-06-23 01:45:07,954 - poweroff_1_results - INFO - Find_sumCollisionNum: 412
2024-06-23 01:45:07,954 - poweroff_1_results - INFO - FlyncFind_averageSyn: 188467.28
2024-06-23 01:45:07,954 - poweroff_1_results - INFO - FlyncFind_averageDis: 0.0
2024-06-23 01:45:07,954 - poweroff_1_results - INFO - FlyncFind_averageCollisionNum: 780.3333333333334
2024-06-23 01:45:07,954 - poweroff_1_results - INFO - FlyncFind_sumCollisionNum: 23410
2024-06-23 01:45:07,954 - poweroff_1_results - INFO - Pulsar_averageSyn: 64028.013333333336
2024-06-23 01:45:07,955 - poweroff_1_results - INFO - Pulsar_averageDis: 82289.6
2024-06-23 01:45:07,955 - poweroff_1_results - INFO - Pulsar_averageCollisionNum: 0.7
2024-06-23 01:45:07,955 - poweroff_1_results - INFO - Pulsar_sumCollisionNum: 21
2024-06-23 01:45:07,955 - poweroff_1_results - INFO - Free_beacon_averageSyn: 2691.42
2024-06-23 01:45:07,955 - poweroff_1_results - INFO - Free_beacon_averageDis: 22500.0
2024-06-23 01:45:07,955 - poweroff_1_results - INFO - Free_beacon_averageCollisionNum: 3.066666666666667
2024-06-23 01:45:07,955 - poweroff_1_results - INFO - Free_beacon_sumCollisionNum: 92
2024-06-23 01:45:07,956 - poweroff_1_results - INFO - Find_averageEnhancedSyn: 49.885319026139854
2024-06-23 01:45:07,956 - poweroff_1_results - INFO - Find_averageEnhancedDis: 0.0
2024-06-23 01:45:07,956 - poweroff_1_results - INFO - Find_averageEnhancedCollisionNum: 1.0
2024-06-23 01:45:07,956 - poweroff_1_results - INFO - FlyncFind_averageEnhancedSyn: 70.02522088711535
2024-06-23 01:45:07,957 - poweroff_1_results - INFO - FlyncFind_averageEnhancedDis: 0.0
2024-06-23 01:45:07,957 - poweroff_1_results - INFO - FlyncFind_averageEnhancedCollisionNum: 1.0000000000000002
2024-06-23 01:45:07,957 - poweroff_1_results - INFO - Pulsar_averageEnhancedSyn: 23.789677320274553
2024-06-23 01:45:07,957 - poweroff_1_results - INFO - Pulsar_averageEnhancedDis: 3.657315555555556
2024-06-23 01:45:07,958 - poweroff_1_results - INFO - Pulsar_averageEnhancedCollisionNum: 0.9999999999999999
2024-06-23 02:22:17,172 - poweroff_1_results - INFO - *******************COMPLEX_TRACE*******************
2024-06-23 02:22:17,172 - poweroff_1_results - INFO - Find_averageSyn: 902926.3186666666
2024-06-23 02:22:17,172 - poweroff_1_results - INFO - Find_averageDis: 0.0
2024-06-23 02:22:17,172 - poweroff_1_results - INFO - Find_averageCollisionNum: 4.0
2024-06-23 02:22:17,173 - poweroff_1_results - INFO - Find_sumCollisionNum: 120
2024-06-23 02:22:17,173 - poweroff_1_results - INFO - FlyncFind_averageSyn: 202522.38666666666
2024-06-23 02:22:17,173 - poweroff_1_results - INFO - FlyncFind_averageDis: 0.0
2024-06-23 02:22:17,173 - poweroff_1_results - INFO - FlyncFind_averageCollisionNum: 76.26666666666667
2024-06-23 02:22:17,173 - poweroff_1_results - INFO - FlyncFind_sumCollisionNum: 2288
2024-06-23 02:22:17,173 - poweroff_1_results - INFO - Pulsar_averageSyn: 140965.01
2024-06-23 02:22:17,173 - poweroff_1_results - INFO - Pulsar_averageDis: 184362.53333333333
2024-06-23 02:22:17,173 - poweroff_1_results - INFO - Pulsar_averageCollisionNum: 0.3333333333333333
2024-06-23 02:22:17,173 - poweroff_1_results - INFO - Pulsar_sumCollisionNum: 10
2024-06-23 02:22:17,174 - poweroff_1_results - INFO - Free_beacon_averageSyn: 2613.74
2024-06-23 02:22:17,174 - poweroff_1_results - INFO - Free_beacon_averageDis: 30259.966666666667
2024-06-23 02:22:17,174 - poweroff_1_results - INFO - Free_beacon_averageCollisionNum: 0.2
2024-06-23 02:22:17,174 - poweroff_1_results - INFO - Free_beacon_sumCollisionNum: 6
2024-06-23 02:22:17,174 - poweroff_1_results - INFO - Find_averageEnhancedSyn: 345.45376306238063
2024-06-23 02:22:17,175 - poweroff_1_results - INFO - Find_averageEnhancedDis: 0.0
2024-06-23 02:22:17,175 - poweroff_1_results - INFO - Find_averageEnhancedCollisionNum: 1.0
2024-06-23 02:22:17,175 - poweroff_1_results - INFO - FlyncFind_averageEnhancedSyn: 77.4837538036173
2024-06-23 02:22:17,175 - poweroff_1_results - INFO - FlyncFind_averageEnhancedDis: 0.0
2024-06-23 02:22:17,176 - poweroff_1_results - INFO - FlyncFind_averageEnhancedCollisionNum: 1.0000000000000002
2024-06-23 02:22:17,176 - poweroff_1_results - INFO - Pulsar_averageEnhancedSyn: 53.932300075753524
2024-06-23 02:22:17,176 - poweroff_1_results - INFO - Pulsar_averageEnhancedDis: 6.09262182487533
2024-06-23 02:22:17,176 - poweroff_1_results - INFO - Pulsar_averageEnhancedCollisionNum: 1.0
2024-06-23 03:50:12,050 - poweroff_1_results - INFO - *******************STAIRS_TRACE*******************
2024-06-23 03:50:12,051 - poweroff_1_results - INFO - Find_averageSyn: 48034.388
2024-06-23 03:50:12,051 - poweroff_1_results - INFO - Find_averageDis: 0.0
2024-06-23 03:50:12,051 - poweroff_1_results - INFO - Find_averageCollisionNum: 36.666666666666664
2024-06-23 03:50:12,051 - poweroff_1_results - INFO - Find_sumCollisionNum: 1100
2024-06-23 03:50:12,051 - poweroff_1_results - INFO - FlyncFind_averageSyn: 450447.4253333333
2024-06-23 03:50:12,052 - poweroff_1_results - INFO - FlyncFind_averageDis: 0.0
2024-06-23 03:50:12,052 - poweroff_1_results - INFO - FlyncFind_averageCollisionNum: 6385.8
2024-06-23 03:50:12,052 - poweroff_1_results - INFO - FlyncFind_sumCollisionNum: 191574
2024-06-23 03:50:12,052 - poweroff_1_results - INFO - Pulsar_averageSyn: 42132.848
2024-06-23 03:50:12,052 - poweroff_1_results - INFO - Pulsar_averageDis: 66010.16666666667
2024-06-23 03:50:12,052 - poweroff_1_results - INFO - Pulsar_averageCollisionNum: 1.7666666666666666
2024-06-23 03:50:12,052 - poweroff_1_results - INFO - Pulsar_sumCollisionNum: 53
2024-06-23 03:50:12,052 - poweroff_1_results - INFO - Free_beacon_averageSyn: 140.34933333333333
2024-06-23 03:50:12,052 - poweroff_1_results - INFO - Free_beacon_averageDis: 25229.3
2024-06-23 03:50:12,053 - poweroff_1_results - INFO - Free_beacon_averageCollisionNum: 8.4
2024-06-23 03:50:12,053 - poweroff_1_results - INFO - Free_beacon_sumCollisionNum: 252
2024-06-23 03:50:12,053 - poweroff_1_results - INFO - Find_averageEnhancedSyn: 342.2487792365716
2024-06-23 03:50:12,053 - poweroff_1_results - INFO - Find_averageEnhancedDis: 0.0
2024-06-23 03:50:12,053 - poweroff_1_results - INFO - Find_averageEnhancedCollisionNum: 1.0
2024-06-23 03:50:12,054 - poweroff_1_results - INFO - FlyncFind_averageEnhancedSyn: 3209.4732097053065
2024-06-23 03:50:12,054 - poweroff_1_results - INFO - FlyncFind_averageEnhancedDis: 0.0
2024-06-23 03:50:12,054 - poweroff_1_results - INFO - FlyncFind_averageEnhancedCollisionNum: 1.0
2024-06-23 03:50:12,055 - poweroff_1_results - INFO - Pulsar_averageEnhancedSyn: 300.19984419828614
2024-06-23 03:50:12,055 - poweroff_1_results - INFO - Pulsar_averageEnhancedDis: 2.6164089636520504
2024-06-23 03:50:12,055 - poweroff_1_results - INFO - Pulsar_averageEnhancedCollisionNum: 1.0000000000000002
2024-06-23 08:03:46,824 - poweroff_1_results - INFO - *******************CARS_TRACE*******************
2024-06-23 08:03:46,824 - poweroff_1_results - INFO - Find_averageSyn: 141284896.35333332
2024-06-23 08:03:46,824 - poweroff_1_results - INFO - Find_averageDis: 0.0
2024-06-23 08:03:46,824 - poweroff_1_results - INFO - Find_averageCollisionNum: 0.2
2024-06-23 08:03:46,824 - poweroff_1_results - INFO - Find_sumCollisionNum: 6
2024-06-23 08:03:46,825 - poweroff_1_results - INFO - FlyncFind_averageSyn: 14480315.506666666
2024-06-23 08:03:46,825 - poweroff_1_results - INFO - FlyncFind_averageDis: 0.0
2024-06-23 08:03:46,825 - poweroff_1_results - INFO - FlyncFind_averageCollisionNum: 3.4
2024-06-23 08:03:46,825 - poweroff_1_results - INFO - FlyncFind_sumCollisionNum: 102
2024-06-23 08:03:46,825 - poweroff_1_results - INFO - Pulsar_averageSyn: 2548916.6646666666
2024-06-23 08:03:46,825 - poweroff_1_results - INFO - Pulsar_averageDis: 1834057.5666666667
2024-06-23 08:03:46,825 - poweroff_1_results - INFO - Pulsar_averageCollisionNum: 0.0
2024-06-23 08:03:46,825 - poweroff_1_results - INFO - Pulsar_sumCollisionNum: 0
2024-06-23 08:03:46,825 - poweroff_1_results - INFO - Free_beacon_averageSyn: 470261.67933333333
2024-06-23 08:03:46,826 - poweroff_1_results - INFO - Free_beacon_averageDis: 484611.93333333335
2024-06-23 08:03:46,826 - poweroff_1_results - INFO - Free_beacon_averageCollisionNum: 0.0
2024-06-23 08:03:46,826 - poweroff_1_results - INFO - Free_beacon_sumCollisionNum: 0
2024-06-23 08:03:46,826 - poweroff_1_results - INFO - Find_averageEnhancedSyn: 300.4388887345146
2024-06-23 08:03:46,826 - poweroff_1_results - INFO - Find_averageEnhancedDis: 0.0
2024-06-23 08:03:46,827 - poweroff_1_results - INFO - Find_averageEnhancedCollisionNum: 1.0
2024-06-23 08:03:46,827 - poweroff_1_results - INFO - FlyncFind_averageEnhancedSyn: 30.79203801422793
2024-06-23 08:03:46,827 - poweroff_1_results - INFO - FlyncFind_averageEnhancedDis: 0.0
2024-06-23 08:03:46,827 - poweroff_1_results - INFO - FlyncFind_averageEnhancedCollisionNum: 1.0000000000000002
2024-06-23 08:03:46,828 - poweroff_1_results - INFO - Pulsar_averageEnhancedSyn: 5.420209165841749
2024-06-23 08:03:46,828 - poweroff_1_results - INFO - Pulsar_averageEnhancedDis: 3.784590185494125
2024-06-23 08:03:46,828 - poweroff_1_results - INFO - Pulsar_averageEnhancedCollisionNum: 0.0
2024-06-23 08:45:43,903 - poweroff_1_results - INFO - *******************JOGGING_TRACE*******************
2024-06-23 08:45:43,904 - poweroff_1_results - INFO - Find_averageSyn: 1363088.9213333332
2024-06-23 08:45:43,904 - poweroff_1_results - INFO - Find_averageDis: 0.0
2024-06-23 08:45:43,904 - poweroff_1_results - INFO - Find_averageCollisionNum: 3.4
2024-06-23 08:45:43,904 - poweroff_1_results - INFO - Find_sumCollisionNum: 102
2024-06-23 08:45:43,905 - poweroff_1_results - INFO - FlyncFind_averageSyn: 344792.52
2024-06-23 08:45:43,905 - poweroff_1_results - INFO - FlyncFind_averageDis: 0.0
2024-06-23 08:45:43,905 - poweroff_1_results - INFO - FlyncFind_averageCollisionNum: 46.0
2024-06-23 08:45:43,905 - poweroff_1_results - INFO - FlyncFind_sumCollisionNum: 1380
2024-06-23 08:45:43,905 - poweroff_1_results - INFO - Pulsar_averageSyn: 259249.61666666667
2024-06-23 08:45:43,905 - poweroff_1_results - INFO - Pulsar_averageDis: 243095.2
2024-06-23 08:45:43,905 - poweroff_1_results - INFO - Pulsar_averageCollisionNum: 0.3
2024-06-23 08:45:43,905 - poweroff_1_results - INFO - Pulsar_sumCollisionNum: 9
2024-06-23 08:45:43,905 - poweroff_1_results - INFO - Free_beacon_averageSyn: 6168.592
2024-06-23 08:45:43,906 - poweroff_1_results - INFO - Free_beacon_averageDis: 32555.9
2024-06-23 08:45:43,906 - poweroff_1_results - INFO - Free_beacon_averageCollisionNum: 0.1
2024-06-23 08:45:43,906 - poweroff_1_results - INFO - Free_beacon_sumCollisionNum: 3
2024-06-23 08:45:43,906 - poweroff_1_results - INFO - Find_averageEnhancedSyn: 220.97245551875264
2024-06-23 08:45:43,906 - poweroff_1_results - INFO - Find_averageEnhancedDis: 0.0
2024-06-23 08:45:43,907 - poweroff_1_results - INFO - Find_averageEnhancedCollisionNum: 1.0
2024-06-23 08:45:43,907 - poweroff_1_results - INFO - FlyncFind_averageEnhancedSyn: 55.89484926219793
2024-06-23 08:45:43,907 - poweroff_1_results - INFO - FlyncFind_averageEnhancedDis: 0.0
2024-06-23 08:45:43,907 - poweroff_1_results - INFO - FlyncFind_averageEnhancedCollisionNum: 1.0000000000000002
2024-06-23 08:45:43,908 - poweroff_1_results - INFO - Pulsar_averageEnhancedSyn: 42.02735675607443
2024-06-23 08:45:43,908 - poweroff_1_results - INFO - Pulsar_averageEnhancedDis: 7.467009052122656
2024-06-23 08:45:43,908 - poweroff_1_results - INFO - Pulsar_averageEnhancedCollisionNum: 1.0
2024-06-23 09:12:35,640 - poweroff_1_results - INFO - *******************OFFICE_TRACE*******************
2024-06-23 09:12:35,640 - poweroff_1_results - INFO - Find_averageSyn: 264874.748
2024-06-23 09:12:35,641 - poweroff_1_results - INFO - Find_averageDis: 0.0
2024-06-23 09:12:35,641 - poweroff_1_results - INFO - Find_averageCollisionNum: 9.066666666666666
2024-06-23 09:12:35,641 - poweroff_1_results - INFO - Find_sumCollisionNum: 272
2024-06-23 09:12:35,641 - poweroff_1_results - INFO - FlyncFind_averageSyn: 125134.292
2024-06-23 09:12:35,641 - poweroff_1_results - INFO - FlyncFind_averageDis: 0.0
2024-06-23 09:12:35,641 - poweroff_1_results - INFO - FlyncFind_averageCollisionNum: 219.33333333333334
2024-06-23 09:12:35,641 - poweroff_1_results - INFO - FlyncFind_sumCollisionNum: 6580
2024-06-23 09:12:35,641 - poweroff_1_results - INFO - Pulsar_averageSyn: 102955.342
2024-06-23 09:12:35,642 - poweroff_1_results - INFO - Pulsar_averageDis: 95282.1
2024-06-23 09:12:35,642 - poweroff_1_results - INFO - Pulsar_averageCollisionNum: 0.4
2024-06-23 09:12:35,642 - poweroff_1_results - INFO - Pulsar_sumCollisionNum: 12
2024-06-23 09:12:35,642 - poweroff_1_results - INFO - Free_beacon_averageSyn: 1486.044
2024-06-23 09:12:35,642 - poweroff_1_results - INFO - Free_beacon_averageDis: 18204.5
2024-06-23 09:12:35,642 - poweroff_1_results - INFO - Free_beacon_averageCollisionNum: 1.2333333333333334
2024-06-23 09:12:35,642 - poweroff_1_results - INFO - Free_beacon_sumCollisionNum: 37
2024-06-23 09:12:35,643 - poweroff_1_results - INFO - Find_averageEnhancedSyn: 178.24152447706797
2024-06-23 09:12:35,643 - poweroff_1_results - INFO - Find_averageEnhancedDis: 0.0
2024-06-23 09:12:35,643 - poweroff_1_results - INFO - Find_averageEnhancedCollisionNum: 0.9999999999999999
2024-06-23 09:12:35,643 - poweroff_1_results - INFO - FlyncFind_averageEnhancedSyn: 84.20631690582512
2024-06-23 09:12:35,644 - poweroff_1_results - INFO - FlyncFind_averageEnhancedDis: 0.0
2024-06-23 09:12:35,644 - poweroff_1_results - INFO - FlyncFind_averageEnhancedCollisionNum: 1.0
2024-06-23 09:12:35,644 - poweroff_1_results - INFO - Pulsar_averageEnhancedSyn: 69.28148964633618
2024-06-23 09:12:35,644 - poweroff_1_results - INFO - Pulsar_averageEnhancedDis: 5.233986102337335
2024-06-23 09:12:35,645 - poweroff_1_results - INFO - Pulsar_averageEnhancedCollisionNum: 1.0
2024-06-23 10:07:31,397 - poweroff_1_results - INFO - *******************WASHER_TRACE*******************
2024-06-23 10:07:31,397 - poweroff_1_results - INFO - Find_averageSyn: 7267973.396
2024-06-23 10:07:31,397 - poweroff_1_results - INFO - Find_averageDis: 0.0
2024-06-23 10:07:31,397 - poweroff_1_results - INFO - Find_averageCollisionNum: 3.933333333333333
2024-06-23 10:07:31,397 - poweroff_1_results - INFO - Find_sumCollisionNum: 118
2024-06-23 10:07:31,398 - poweroff_1_results - INFO - FlyncFind_averageSyn: 3885273.84
2024-06-23 10:07:31,398 - poweroff_1_results - INFO - FlyncFind_averageDis: 0.0
2024-06-23 10:07:31,398 - poweroff_1_results - INFO - FlyncFind_averageCollisionNum: 19.933333333333334
2024-06-23 10:07:31,398 - poweroff_1_results - INFO - FlyncFind_sumCollisionNum: 598
2024-06-23 10:07:31,398 - poweroff_1_results - INFO - Pulsar_averageSyn: 1973190.1773333333
2024-06-23 10:07:31,398 - poweroff_1_results - INFO - Pulsar_averageDis: 2222839.433333333
2024-06-23 10:07:31,398 - poweroff_1_results - INFO - Pulsar_averageCollisionNum: 0.0
2024-06-23 10:07:31,398 - poweroff_1_results - INFO - Pulsar_sumCollisionNum: 0
2024-06-23 10:07:31,399 - poweroff_1_results - INFO - Free_beacon_averageSyn: 208739.48133333333
2024-06-23 10:07:31,399 - poweroff_1_results - INFO - Free_beacon_averageDis: 245847.5
2024-06-23 10:07:31,399 - poweroff_1_results - INFO - Free_beacon_averageCollisionNum: 0.0
2024-06-23 10:07:31,399 - poweroff_1_results - INFO - Free_beacon_sumCollisionNum: 0
2024-06-23 10:07:31,399 - poweroff_1_results - INFO - Find_averageEnhancedSyn: 34.81839348059828
2024-06-23 10:07:31,399 - poweroff_1_results - INFO - Find_averageEnhancedDis: 0.0
2024-06-23 10:07:31,400 - poweroff_1_results - INFO - Find_averageEnhancedCollisionNum: 1.0000000000000002
2024-06-23 10:07:31,400 - poweroff_1_results - INFO - FlyncFind_averageEnhancedSyn: 18.61302814006545
2024-06-23 10:07:31,400 - poweroff_1_results - INFO - FlyncFind_averageEnhancedDis: 0.0
2024-06-23 10:07:31,400 - poweroff_1_results - INFO - FlyncFind_averageEnhancedCollisionNum: 1.0
2024-06-23 10:07:31,401 - poweroff_1_results - INFO - Pulsar_averageEnhancedSyn: 9.452884354840242
2024-06-23 10:07:31,401 - poweroff_1_results - INFO - Pulsar_averageEnhancedDis: 9.041537674100136
2024-06-23 10:07:31,401 - poweroff_1_results - INFO - Pulsar_averageEnhancedCollisionNum: 0.0
